servers : 10.0.0.11:9000
threads count: 51
concurrency: 51
run time: 60s
windows size: 10k
set proportion: set_prop=0.01
get proportion: get_prop=0.99
[1;1H[2J
Get Statistics
Type     Time(s)  Ops          TPS(ops/s)   Net(M/s)   Get_miss   Min(us)  Max(us)    Avg(us)    Std_dev    Geo_dist  
Period   1        20109        20109        2.8        0          286      18060      2485       2864.56    1474.11
Global   1        20109        20109        2.8        0          286      18060      2485       2864.56    1473.61

Set Statistics
Type     Time(s)  Ops          TPS(ops/s)   Net(M/s)   Get_miss   Min(us)  Max(us)    Avg(us)    Std_dev    Geo_dist  
Period   1        227          227          0.0        0          352      13138      3608       3124.97    2190.24
Global   1        227          227          0.0        0          352      13138      3608       3124.97    2190.24

Total Statistics
Type     Time(s)  Ops          TPS(ops/s)   Net(M/s)   Get_miss   Min(us)  Max(us)    Avg(us)    Std_dev    Geo_dist  
Period   1        20338        20338        2.8        0          286      18060      2497       2870.18    1480.11
Global   1        20338        20338        2.8        0          286      18060      2497       2870.18    1480.11

[1;1H[2J
Get Statistics
Type     Time(s)  Ops          TPS(ops/s)   Net(M/s)   Get_miss   Min(us)  Max(us)    Avg(us)    Std_dev    Geo_dist  
Period   1        20599        20599        2.8        0          264      11533      2451       2753.44    1474.35
Global   2        40708        20354        2.8        0          264      18060      2468       2808.73    1474.50

Set Statistics
Type     Time(s)  Ops          TPS(ops/s)   Net(M/s)   Get_miss   Min(us)  Max(us)    Avg(us)    Std_dev    Geo_dist  
Period   1        209          209          0.0        0          303      9090       2186       2475.69    1397.18
Global   2        436          218          0.0        0          303      13138      2926       2917.55    1765.64

Total Statistics
Type     Time(s)  Ops          TPS(ops/s)   Net(M/s)   Get_miss   Min(us)  Max(us)    Avg(us)    Std_dev    Geo_dist  
Period   1        20808        20808        2.8        0          264      11533      2449       2751.31    1474.34
Global   2        41146        20573        2.9        0          264      18060      2473       2810.53    1477.43

[1;1H[2J
Get Statistics
Type     Time(s)  Ops          TPS(ops/s)   Net(M/s)   Get_miss   Min(us)  Max(us)    Avg(us)    Std_dev    Geo_dist  
Period   1        20028        20028        2.8        0          228      13001      2540       2849.71    1494.80
Global   3        60736        20245        2.8        0          228      18060      2492       2822.43    1481.38

Set Statistics
Type     Time(s)  Ops          TPS(ops/s)   Net(M/s)   Get_miss   Min(us)  Max(us)    Avg(us)    Std_dev    Geo_dist  
Period   1        203          203          0.0        0          272      10456      2389       2704.84    1448.26
Global   3        639          213          0.0        0          272      13138      2756       2859.97    1657.92

Total Statistics
Type     Time(s)  Ops          TPS(ops/s)   Net(M/s)   Get_miss   Min(us)  Max(us)    Avg(us)    Std_dev    Geo_dist  
Period   1        20229        20229        2.8        0          228      13001      2538       2848.43    1494.74
Global   3        61375        20458        2.8        0          228      18060      2494       2823.59    1483.12

[1;1H[2J
Get Statistics
Type     Time(s)  Ops          TPS(ops/s)   Net(M/s)   Get_miss   Min(us)  Max(us)    Avg(us)    Std_dev    Geo_dist  
Period   1        20901        20901        2.8        0          222      20164      2399       2815.86    1388.46
Global   4        81637        20409        2.9        0          222      20164      2468       2821.19    1457.01

Set Statistics
Type     Time(s)  Ops          TPS(ops/s)   Net(M/s)   Get_miss   Min(us)  Max(us)    Avg(us)    Std_dev    Geo_dist  
Period   1        210          210          0.0        0          326      8179       2415       2737.10    1413.01
Global   4        849          212          0.0        0          272      13138      2671       2832.93    1593.65

Total Statistics
Type     Time(s)  Ops          TPS(ops/s)   Net(M/s)   Get_miss   Min(us)  Max(us)    Avg(us)    Std_dev    Geo_dist  
Period   1        21112        21112        2.8        0          222      20164      2399       2815.52    1388.81
Global   4        82487        20621        2.9        0          222      20164      2470       2821.54    1458.39

[1;1H[2J
Get Statistics
Type     Time(s)  Ops          TPS(ops/s)   Net(M/s)   Get_miss   Min(us)  Max(us)    Avg(us)    Std_dev    Geo_dist  
Period   1        20933        20933        2.8        0          201      13034      2414       2853.25    1390.73
Global   5        102570       20514        2.9        0          201      20164      2457       2827.92    1443.36

Set Statistics
Type     Time(s)  Ops          TPS(ops/s)   Net(M/s)   Get_miss   Min(us)  Max(us)    Avg(us)    Std_dev    Geo_dist  
Period   1        212          212          0.0        0          227      10771      2666       3036.92    1525.69
Global   5        1061         212          0.0        0          227      13138      2670       2873.37    1579.83

Total Statistics
Type     Time(s)  Ops          TPS(ops/s)   Net(M/s)   Get_miss   Min(us)  Max(us)    Avg(us)    Std_dev    Geo_dist  
Period   1        21145        21145        2.8        0          201      13034      2416       2854.62    1390.84
Global   5        103632       20726        2.9        0          201      20164      2459       2828.67    1444.72

[1;1H[2J
Get Statistics
Type     Time(s)  Ops          TPS(ops/s)   Net(M/s)   Get_miss   Min(us)  Max(us)    Avg(us)    Std_dev    Geo_dist  
Period   1        19089        19089        2.8        0          227      54869      2560       2951.77    1516.79
Global   6        121659       20276        2.6        0          201      54869      2473       2848.15    1454.75

Set Statistics
Type     Time(s)  Ops          TPS(ops/s)   Net(M/s)   Get_miss   Min(us)  Max(us)    Avg(us)    Std_dev    Geo_dist  
Period   1        196          196          0.0        0          328      54581      2504       4496.78    1432.48
Global   6        1257         209          0.0        0          227      54581      2644       3179.86    1555.90

Total Statistics
Type     Time(s)  Ops          TPS(ops/s)   Net(M/s)   Get_miss   Min(us)  Max(us)    Avg(us)    Std_dev    Geo_dist  
Period   1        19285        19285        2.8        0          227      54869      2561       2994.84    1515.36
Global   6        122917       20486        2.6        0          201      54869      2475       2855.78    1455.79

[1;1H[2J
Get Statistics
Type     Time(s)  Ops          TPS(ops/s)   Net(M/s)   Get_miss   Min(us)  Max(us)    Avg(us)    Std_dev    Geo_dist  
Period   1        17928        17928        2.7        0          184      62345      2929       4055.97    1641.74
Global   7        139587       19941        2.5        0          184      62345      2532       3033.80    1477.52

Set Statistics
Type     Time(s)  Ops          TPS(ops/s)   Net(M/s)   Get_miss   Min(us)  Max(us)    Avg(us)    Std_dev    Geo_dist  
Period   1        175          175          0.0        0          360      17316      2921       3146.25    1739.59
Global   7        1432         204          0.0        0          227      54581      2678       3175.85    1577.26

Total Statistics
Type     Time(s)  Ops          TPS(ops/s)   Net(M/s)   Get_miss   Min(us)  Max(us)    Avg(us)    Std_dev    Geo_dist  
Period   1        18103        18103        2.8        0          184      62345      2927       4029.50    1642.48
Global   7        141020       20145        2.5        0          184      62345      2533       3035.75    1478.51

[1;1H[2J
Get Statistics
Type     Time(s)  Ops          TPS(ops/s)   Net(M/s)   Get_miss   Min(us)  Max(us)    Avg(us)    Std_dev    Geo_dist  
Period   1        20441        20441        2.7        0          202      19353      2453       2930.85    1383.80
Global   8        160028       20003        2.8        0          184      62345      2522       3020.82    1465.12

Set Statistics
Type     Time(s)  Ops          TPS(ops/s)   Net(M/s)   Get_miss   Min(us)  Max(us)    Avg(us)    Std_dev    Geo_dist  
Period   1        209          209          0.0        0          308      11213      2587       3043.15    1430.04
Global   8        1641         205          0.0        0          227      54581      2667       3158.00    1557.70

Total Statistics
Type     Time(s)  Ops          TPS(ops/s)   Net(M/s)   Get_miss   Min(us)  Max(us)    Avg(us)    Std_dev    Geo_dist  
Period   1        20653        20653        2.8        0          202      19353      2454       2932.86    1384.00
Global   8        161673       20209        2.8        0          184      62345      2523       3022.83    1466.09

[1;1H[2J
Get Statistics
Type     Time(s)  Ops          TPS(ops/s)   Net(M/s)   Get_miss   Min(us)  Max(us)    Avg(us)    Std_dev    Geo_dist  
Period   1        21106        21106        2.8        0          145      12454      2392       2711.10    1411.51
Global   9        181134       20126        2.9        0          145      62345      2506       2987.44    1458.84

Set Statistics
Type     Time(s)  Ops          TPS(ops/s)   Net(M/s)   Get_miss   Min(us)  Max(us)    Avg(us)    Std_dev    Geo_dist  
Period   1        214          214          0.0        0          206      10471      2251       2563.87    1353.10
Global   9        1855         206          0.0        0          206      54581      2619       3097.54    1532.60

Total Statistics
Type     Time(s)  Ops          TPS(ops/s)   Net(M/s)   Get_miss   Min(us)  Max(us)    Avg(us)    Std_dev    Geo_dist  
Period   1        21316        21316        2.8        0          145      12454      2390       2708.67    1410.47
Global   9        182989       20332        2.9        0          145      62345      2508       2987.87    1459.57

[1;1H[2J
Get Statistics
Type     Time(s)  Ops          TPS(ops/s)   Net(M/s)   Get_miss   Min(us)  Max(us)    Avg(us)    Std_dev    Geo_dist  
Period   1        20336        20336        2.8        0          219      10767      2484       2826.20    1444.60
Global   10       201470       20147        2.8        0          145      62345      2504       2971.37    1457.40

Set Statistics
Type     Time(s)  Ops          TPS(ops/s)   Net(M/s)   Get_miss   Min(us)  Max(us)    Avg(us)    Std_dev    Geo_dist  
Period   1        205          205          0.0        0          360      9482       2531       2865.63    1484.54
Global   10       2060         206          0.0        0          206      54581      2610       3074.91    1527.75

Total Statistics
Type     Time(s)  Ops          TPS(ops/s)   Net(M/s)   Get_miss   Min(us)  Max(us)    Avg(us)    Std_dev    Geo_dist  
Period   1        20541        20541        2.8        0          219      10767      2484       2826.94    1445.00
Global   10       203530       20353        2.8        0          145      62345      2505       2972.51    1458.09

[1;1H[2J
Get Statistics
Type     Time(s)  Ops          TPS(ops/s)   Net(M/s)   Get_miss   Min(us)  Max(us)    Avg(us)    Std_dev    Geo_dist  
Period   1        20939        20939        2.8        0          258      12730      2420       2722.42    1455.80
Global   11       222409       20219        2.9        0          145      62345      2496       2949.01    1457.25

Set Statistics
Type     Time(s)  Ops          TPS(ops/s)   Net(M/s)   Get_miss   Min(us)  Max(us)    Avg(us)    Std_dev    Geo_dist  
Period   1        211          211          0.0        0          310      9312       2197       2539.97    1369.36
Global   11       2271         206          0.0        0          206      54581      2572       3030.76    1512.29

Total Statistics
Type     Time(s)  Ops          TPS(ops/s)   Net(M/s)   Get_miss   Min(us)  Max(us)    Avg(us)    Std_dev    Geo_dist  
Period   1        21150        21150        2.8        0          258      12730      2417       2721.00    1454.31
Global   11       224680       20425        2.9        0          145      62345      2497       2949.65    1457.79

[1;1H[2J
Get Statistics
Type     Time(s)  Ops          TPS(ops/s)   Net(M/s)   Get_miss   Min(us)  Max(us)    Avg(us)    Std_dev    Geo_dist  
Period   1        20779        20779        2.8        0          214      11755      2422       2733.16    1459.76
Global   12       243188       20265        2.9        0          145      62345      2490       2930.98    1457.46

Set Statistics
Type     Time(s)  Ops          TPS(ops/s)   Net(M/s)   Get_miss   Min(us)  Max(us)    Avg(us)    Std_dev    Geo_dist  
Period   1        212          212          0.0        0          309      10020      2615       2872.69    1549.62
Global   12       2483         206          0.0        0          206      54581      2575       3017.62    1515.44

Total Statistics
Type     Time(s)  Ops          TPS(ops/s)   Net(M/s)   Get_miss   Min(us)  Max(us)    Avg(us)    Std_dev    Geo_dist  
Period   1        20995        20995        2.8        0          214      11755      2425       2734.93    1461.08
Global   12       245675       20472        2.9        0          145      62345      2491       2931.85    1458.07

[1;1H[2J
Get Statistics
Type     Time(s)  Ops          TPS(ops/s)   Net(M/s)   Get_miss   Min(us)  Max(us)    Avg(us)    Std_dev    Geo_dist  
Period   1        21158        21158        2.8        0          236      11508      2389       2853.01    1363.63
Global   13       264346       20334        2.9        0          145      62345      2482       2924.96    1449.87

Set Statistics
Type     Time(s)  Ops          TPS(ops/s)   Net(M/s)   Get_miss   Min(us)  Max(us)    Avg(us)    Std_dev    Geo_dist  
Period   1        211          211          0.0        0          303      9835       2347       2797.99    1340.51
Global   13       2694         207          0.0        0          206      54581      2557       3001.26    1500.95

Total Statistics
Type     Time(s)  Ops          TPS(ops/s)   Net(M/s)   Get_miss   Min(us)  Max(us)    Avg(us)    Std_dev    Geo_dist  
Period   1        21367        21367        2.8        0          236      11508      2389       2852.79    1364.90
Global   13       267042       20541        2.9        0          145      62345      2483       2925.59    1450.39

[1;1H[2J
Get Statistics
Type     Time(s)  Ops          TPS(ops/s)   Net(M/s)   Get_miss   Min(us)  Max(us)    Avg(us)    Std_dev    Geo_dist  
Period   1        20806        20806        2.8        0          260      12914      2448       2862.29    1413.92
Global   14       285152       20368        2.9        0          145      62345      2479       2920.92    1447.26

Set Statistics
Type     Time(s)  Ops          TPS(ops/s)   Net(M/s)   Get_miss   Min(us)  Max(us)    Avg(us)    Std_dev    Geo_dist  
Period   1        210          210          0.0        0          338      9606       2510       2853.29    1475.45
Global   14       2904         207          0.0        0          206      54581      2554       2990.02    1499.10

Total Statistics
Type     Time(s)  Ops          TPS(ops/s)   Net(M/s)   Get_miss   Min(us)  Max(us)    Avg(us)    Std_dev    Geo_dist  
Period   1        21014        21014        2.8        0          260      12914      2448       2862.45    1414.90
Global   14       288056       20575        2.9        0          145      62345      2480       2921.42    1447.77

[1;1H[2J
Get Statistics
Type     Time(s)  Ops          TPS(ops/s)   Net(M/s)   Get_miss   Min(us)  Max(us)    Avg(us)    Std_dev    Geo_dist  
Period   1        19767        19767        2.8        0          195      12875      2556       2841.81    1494.40
Global   15       304919       20327        2.7        0          145      62345      2484       2915.90    1450.27

Set Statistics
Type     Time(s)  Ops          TPS(ops/s)   Net(M/s)   Get_miss   Min(us)  Max(us)    Avg(us)    Std_dev    Geo_dist  
Period   1        201          201          0.0        0          364      8875       2537       2846.89    1484.40
Global   15       3105         207          0.0        0          206      54581      2553       2980.43    1498.14

Total Statistics
Type     Time(s)  Ops          TPS(ops/s)   Net(M/s)   Get_miss   Min(us)  Max(us)    Avg(us)    Std_dev    Geo_dist  
Period   1        19970        19970        2.8        0          195      12875      2556       2842.17    1494.52
Global   15       308026       20535        2.7        0          145      62345      2485       2916.34    1450.76

[1;1H[2J
Get Statistics
Type     Time(s)  Ops          TPS(ops/s)   Net(M/s)   Get_miss   Min(us)  Max(us)    Avg(us)    Std_dev    Geo_dist  
Period   1        20749        20749        2.8        0          187      19905      2442       2803.48    1420.38
Global   16       325668       20354        2.8        0          145      62345      2482       2908.33    1448.38

Set Statistics
Type     Time(s)  Ops          TPS(ops/s)   Net(M/s)   Get_miss   Min(us)  Max(us)    Avg(us)    Std_dev    Geo_dist  
Period   1        212          212          0.0        0          339      8900       2371       2763.80    1387.99
Global   16       3317         207          0.0        0          206      54581      2541       2967.32    1490.85

Total Statistics
Type     Time(s)  Ops          TPS(ops/s)   Net(M/s)   Get_miss   Min(us)  Max(us)    Avg(us)    Std_dev    Geo_dist  
Period   1        20961        20961        2.8        0          187      19905      2441       2802.98    1419.46
Global   16       328987       20561        2.9        0          145      62345      2482       2909.48    1448.82

[1;1H[2J
Get Statistics
Type     Time(s)  Ops          TPS(ops/s)   Net(M/s)   Get_miss   Min(us)  Max(us)    Avg(us)    Std_dev    Geo_dist  
Period   1        20272        20272        2.8        0          243      12771      2497       2868.69    1465.23
Global   17       345940       20349        2.8        0          145      62345      2483       2905.95    1449.40

Set Statistics
Type     Time(s)  Ops          TPS(ops/s)   Net(M/s)   Get_miss   Min(us)  Max(us)    Avg(us)    Std_dev    Geo_dist  
Period   1        200          200          0.0        0          273      8950       2625       2912.57    1550.28
Global   17       3517         206          0.0        0          206      54581      2546       2963.70    1494.16

Total Statistics
Type     Time(s)  Ops          TPS(ops/s)   Net(M/s)   Get_miss   Min(us)  Max(us)    Avg(us)    Std_dev    Geo_dist  
Period   1        20470        20470        2.8        0          243      12771      2498       2869.09    1466.45
Global   17       349457       20556        2.8        0          145      62345      2483       2907.08    1449.85

[1;1H[2J
Get Statistics
Type     Time(s)  Ops          TPS(ops/s)   Net(M/s)   Get_miss   Min(us)  Max(us)    Avg(us)    Std_dev    Geo_dist  
Period   1        19552        19552        2.8        0          251      20523      2576       2921.33    1525.82
Global   18       365492       20305        2.7        0          145      62345      2488       2906.82    1453.39

Set Statistics
Type     Time(s)  Ops          TPS(ops/s)   Net(M/s)   Get_miss   Min(us)  Max(us)    Avg(us)    Std_dev    Geo_dist  
Period   1        200          200          0.0        0          331      11522      2809       2957.15    1652.56
Global   18       3717         206          0.0        0          206      54581      2560       2963.67    1502.29

Total Statistics
Type     Time(s)  Ops          TPS(ops/s)   Net(M/s)   Get_miss   Min(us)  Max(us)    Avg(us)    Std_dev    Geo_dist  
Period   1        19754        19754        2.8        0          251      20523      2578       2921.91    1527.15
Global   18       369211       20511        2.7        0          145      62345      2488       2908.02    1453.88

[1;1H[2J
Get Statistics
Type     Time(s)  Ops          TPS(ops/s)   Net(M/s)   Get_miss   Min(us)  Max(us)    Avg(us)    Std_dev    Geo_dist  
Period   1        19920        19920        2.8        0          225      27827      2559       3012.65    1504.25
Global   19       385412       20284        2.7        0          145      62345      2491       2913.00    1456.01

Set Statistics
Type     Time(s)  Ops          TPS(ops/s)   Net(M/s)   Get_miss   Min(us)  Max(us)    Avg(us)    Std_dev    Geo_dist  
Period   1        203          203          0.0        0          444      27550      2706       3833.41    1543.46
Global   19       3920         206          0.0        0          206      54581      2568       3014.07    1504.39

Total Statistics
Type     Time(s)  Ops          TPS(ops/s)   Net(M/s)   Get_miss   Min(us)  Max(us)    Avg(us)    Std_dev    Geo_dist  
Period   1        20121        20121        2.8        0          225      27827      2560       3022.55    1505.14
Global   19       389332       20491        2.8        0          145      62345      2492       2913.85    1456.49

[1;1H[2J
Get Statistics
Type     Time(s)  Ops          TPS(ops/s)   Net(M/s)   Get_miss   Min(us)  Max(us)    Avg(us)    Std_dev    Geo_dist  
Period   1        20075        20075        2.8        0          188      17694      2506       2901.27    1478.89
Global   20       405487       20274        2.8        0          145      62345      2492       2912.20    1457.13

Set Statistics
Type     Time(s)  Ops          TPS(ops/s)   Net(M/s)   Get_miss   Min(us)  Max(us)    Avg(us)    Std_dev    Geo_dist  
Period   1        201          201          0.0        0          405      9089       2209       2612.81    1362.53
Global   20       4121         206          0.0        0          206      54581      2550       2996.88    1497.14

Total Statistics
Type     Time(s)  Ops          TPS(ops/s)   Net(M/s)   Get_miss   Min(us)  Max(us)    Avg(us)    Std_dev    Geo_dist  
Period   1        20277        20277        2.8        0          188      17694      2503       2899.02    1477.81
Global   20       409609       20480        2.8        0          145      62345      2493       2912.72    1457.54

[1;1H[2J
Get Statistics
Type     Time(s)  Ops          TPS(ops/s)   Net(M/s)   Get_miss   Min(us)  Max(us)    Avg(us)    Std_dev    Geo_dist  
Period   1        19464        19464        2.8        0          224      28272      2599       3024.16    1509.41
Global   21       424951       20235        2.7        0          145      62345      2497       2917.44    1459.52

Set Statistics
Type     Time(s)  Ops          TPS(ops/s)   Net(M/s)   Get_miss   Min(us)  Max(us)    Avg(us)    Std_dev    Geo_dist  
Period   1        196          196          0.0        0          299      20057      3037       3469.90    1760.17
Global   21       4317         205          0.0        0          206      54581      2572       3021.30    1508.18

Total Statistics
Type     Time(s)  Ops          TPS(ops/s)   Net(M/s)   Get_miss   Min(us)  Max(us)    Avg(us)    Std_dev    Geo_dist  
Period   1        19661        19661        2.8        0          224      28272      2603       3029.83    1511.85
Global   21       429270       20441        2.7        0          145      62345      2498       2918.33    1460.01

[1;1H[2J
Get Statistics
Type     Time(s)  Ops          TPS(ops/s)   Net(M/s)   Get_miss   Min(us)  Max(us)    Avg(us)    Std_dev    Geo_dist  
Period   1        20251        20251        2.8        0          232      12485      2511       2868.73    1477.91
Global   22       445202       20236        2.8        0          145      62345      2498       2914.95    1460.36

Set Statistics
Type     Time(s)  Ops          TPS(ops/s)   Net(M/s)   Get_miss   Min(us)  Max(us)    Avg(us)    Std_dev    Geo_dist  
Period   1        207          207          0.0        0          302      12381      2446       2822.71    1463.10
Global   22       4524         205          0.0        0          206      54581      2566       3012.52    1506.09

Total Statistics
Type     Time(s)  Ops          TPS(ops/s)   Net(M/s)   Get_miss   Min(us)  Max(us)    Avg(us)    Std_dev    Geo_dist  
Period   1        20458        20458        2.8        0          232      12485      2510       2868.06    1477.60
Global   22       449728       20442        2.8        0          145      62345      2498       2916.53    1460.81

[1;1H[2J
Get Statistics
Type     Time(s)  Ops          TPS(ops/s)   Net(M/s)   Get_miss   Min(us)  Max(us)    Avg(us)    Std_dev    Geo_dist  
Period   1        19759        19759        2.8        0          223      30388      2562       3069.42    1541.74
Global   23       464961       20215        2.7        0          145      62345      2500       2922.32    1463.75

Set Statistics
Type     Time(s)  Ops          TPS(ops/s)   Net(M/s)   Get_miss   Min(us)  Max(us)    Avg(us)    Std_dev    Geo_dist  
Period   1        200          200          0.0        0          362      10086      2440       2598.05    1548.34
Global   23       4724         205          0.0        0          206      54581      2561       2995.72    1507.86

Total Statistics
Type     Time(s)  Ops          TPS(ops/s)   Net(M/s)   Get_miss   Min(us)  Max(us)    Avg(us)    Std_dev    Geo_dist  
Period   1        19957        19957        2.8        0          223      30388      2561       3065.09    1541.90
Global   23       469685       20421        2.7        0          145      62345      2501       2922.74    1464.18

[1;1H[2J
Get Statistics
Type     Time(s)  Ops          TPS(ops/s)   Net(M/s)   Get_miss   Min(us)  Max(us)    Avg(us)    Std_dev    Geo_dist  
Period   1        19557        19557        2.8        0          194      15527      2565       2756.97    1573.47
Global   24       484518       20188        2.7        0          145      62345      2503       2915.53    1468.02

Set Statistics
Type     Time(s)  Ops          TPS(ops/s)   Net(M/s)   Get_miss   Min(us)  Max(us)    Avg(us)    Std_dev    Geo_dist  
Period   1        196          196          0.0        0          351      10224      2700       2841.37    1654.95
Global   24       4920         205          0.0        0          206      54581      2567       2989.17    1513.46

Total Statistics
Type     Time(s)  Ops          TPS(ops/s)   Net(M/s)   Get_miss   Min(us)  Max(us)    Avg(us)    Std_dev    Geo_dist  
Period   1        19755        19755        2.8        0          194      15527      2567       2757.91    1574.51
Global   24       489440       20393        2.7        0          145      62345      2504       2916.01    1468.48

[1;1H[2J
Get Statistics
Type     Time(s)  Ops          TPS(ops/s)   Net(M/s)   Get_miss   Min(us)  Max(us)    Avg(us)    Std_dev    Geo_dist  
Period   1        18679        18679        2.8        0          232      17899      2702       2941.17    1590.99
Global   25       503197       20127        2.6        0          145      62345      2510       2917.10    1472.47

Set Statistics
Type     Time(s)  Ops          TPS(ops/s)   Net(M/s)   Get_miss   Min(us)  Max(us)    Avg(us)    Std_dev    Geo_dist  
Period   1        192          192          0.0        0          345      12946      2970       3038.42    1758.15
Global   25       5112         204          0.0        0          206      54581      2582       2991.83    1522.00

Total Statistics
Type     Time(s)  Ops          TPS(ops/s)   Net(M/s)   Get_miss   Min(us)  Max(us)    Avg(us)    Std_dev    Geo_dist  
Period   1        18871        18871        2.8        0          232      17899      2705       2942.47    1593.36
Global   25       508311       20332        2.6        0          145      62345      2511       2917.66    1472.97

[1;1H[2J
Get Statistics
Type     Time(s)  Ops          TPS(ops/s)   Net(M/s)   Get_miss   Min(us)  Max(us)    Avg(us)    Std_dev    Geo_dist  
Period   1        19432        19432        2.8        0          200      14652      2603       2793.10    1563.83
Global   26       522629       20101        2.7        0          145      62345      2514       2912.20    1475.82

Set Statistics
Type     Time(s)  Ops          TPS(ops/s)   Net(M/s)   Get_miss   Min(us)  Max(us)    Avg(us)    Std_dev    Geo_dist  
Period   1        195          195          0.0        0          392      11649      2434       2594.61    1569.98
Global   26       5307         204          0.0        0          206      54581      2576       2978.57    1523.74

Total Statistics
Type     Time(s)  Ops          TPS(ops/s)   Net(M/s)   Get_miss   Min(us)  Max(us)    Avg(us)    Std_dev    Geo_dist  
Period   1        19626        19626        2.8        0          200      14652      2602       2790.72    1564.48
Global   26       527937       20305        2.7        0          145      62345      2514       2913.43    1476.30

[1;1H[2J
Get Statistics
Type     Time(s)  Ops          TPS(ops/s)   Net(M/s)   Get_miss   Min(us)  Max(us)    Avg(us)    Std_dev    Geo_dist  
Period   1        17654        17654        2.7        0          247      15573      2868       2927.13    1754.07
Global   27       540283       20010        2.4        0          145      62345      2525       2913.88    1484.19

Set Statistics
Type     Time(s)  Ops          TPS(ops/s)   Net(M/s)   Get_miss   Min(us)  Max(us)    Avg(us)    Std_dev    Geo_dist  
Period   1        175          175          0.0        0          382      10854      2608       2763.98    1662.07
Global   27       5482         203          0.0        0          206      54581      2577       2971.75    1527.97

Total Statistics
Type     Time(s)  Ops          TPS(ops/s)   Net(M/s)   Get_miss   Min(us)  Max(us)    Avg(us)    Std_dev    Geo_dist  
Period   1        17829        17829        2.8        0          247      15573      2865       2924.85    1751.38
Global   27       545766       20213        2.4        0          145      62345      2526       2914.06    1484.63

[1;1H[2J
Get Statistics
Type     Time(s)  Ops          TPS(ops/s)   Net(M/s)   Get_miss   Min(us)  Max(us)    Avg(us)    Std_dev    Geo_dist  
Period   1        18092        18092        2.7        0          255      13149      2795       2942.42    1698.51
Global   28       558375       19941        2.5        0          145      62345      2534       2914.99    1490.72

Set Statistics
Type     Time(s)  Ops          TPS(ops/s)   Net(M/s)   Get_miss   Min(us)  Max(us)    Avg(us)    Std_dev    Geo_dist  
Period   1        185          185          0.0        0          323      13166      2818       3108.84    1632.39
Global   28       5667         202          0.0        0          206      54581      2585       2976.23    1531.27

Total Statistics
Type     Time(s)  Ops          TPS(ops/s)   Net(M/s)   Get_miss   Min(us)  Max(us)    Avg(us)    Std_dev    Geo_dist  
Period   1        18276        18276        2.8        0          255      13166      2795       2944.01    1697.70
Global   28       564042       20144        2.5        0          145      62345      2535       2915.19    1491.12

[1;1H[2J
Get Statistics
Type     Time(s)  Ops          TPS(ops/s)   Net(M/s)   Get_miss   Min(us)  Max(us)    Avg(us)    Std_dev    Geo_dist  
Period   1        18310        18310        2.7        0          211      12094      2770       2868.34    1698.92
Global   29       576685       19885        2.5        0          145      62345      2542       2913.37    1496.92

Set Statistics
Type     Time(s)  Ops          TPS(ops/s)   Net(M/s)   Get_miss   Min(us)  Max(us)    Avg(us)    Std_dev    Geo_dist  
Period   1        186          186          0.0        0          359      12021      2833       2944.36    1739.60
Global   29       5853         201          0.0        0          206      54581      2593       2975.19    1537.49

Total Statistics
Type     Time(s)  Ops          TPS(ops/s)   Net(M/s)   Get_miss   Min(us)  Max(us)    Avg(us)    Std_dev    Geo_dist  
Period   1        18498        18498        2.8        0          211      12094      2771       2869.48    1699.60
Global   29       582540       20087        2.5        0          145      62345      2542       2914.47    1497.33

[1;1H[2J
Get Statistics
Type     Time(s)  Ops          TPS(ops/s)   Net(M/s)   Get_miss   Min(us)  Max(us)    Avg(us)    Std_dev    Geo_dist  
Period   1        17881        17881        2.7        0          202      11638      2821       2845.13    1744.17
Global   30       594566       19818        2.5        0          145      62345      2550       2912.09    1503.84

Set Statistics
Type     Time(s)  Ops          TPS(ops/s)   Net(M/s)   Get_miss   Min(us)  Max(us)    Avg(us)    Std_dev    Geo_dist  
Period   1        173          173          0.0        0          321      11553      2895       2893.26    1806.95
Global   30       6026         200          0.0        0          206      54581      2602       2972.78    1544.64

Total Statistics
Type     Time(s)  Ops          TPS(ops/s)   Net(M/s)   Get_miss   Min(us)  Max(us)    Avg(us)    Std_dev    Geo_dist  
Period   1        18056        18056        2.7        0          202      11638      2822       2846.42    1745.89
Global   30       600596       20019        2.5        0          145      62345      2551       2912.33    1504.26

[1;1H[2J
Get Statistics
Type     Time(s)  Ops          TPS(ops/s)   Net(M/s)   Get_miss   Min(us)  Max(us)    Avg(us)    Std_dev    Geo_dist  
Period   1        19741        19741        2.7        0          211      12332      2582       2825.09    1558.40
Global   31       614307       19816        2.7        0          145      62345      2551       2909.38    1505.58

Set Statistics
Type     Time(s)  Ops          TPS(ops/s)   Net(M/s)   Get_miss   Min(us)  Max(us)    Avg(us)    Std_dev    Geo_dist  
Period   1        206          206          0.0        0          329      10498      2640       2823.47    1603.40
Global   31       6232         201          0.0        0          206      54581      2603       2967.98    1546.54

Total Statistics
Type     Time(s)  Ops          TPS(ops/s)   Net(M/s)   Get_miss   Min(us)  Max(us)    Avg(us)    Std_dev    Geo_dist  
Period   1        19943        19943        2.7        0          211      12332      2582       2824.24    1558.38
Global   31       620539       20017        2.7        0          145      62345      2552       2909.56    1505.99

[1;1H[2J
Get Statistics
Type     Time(s)  Ops          TPS(ops/s)   Net(M/s)   Get_miss   Min(us)  Max(us)    Avg(us)    Std_dev    Geo_dist  
Period   1        19778        19778        2.7        0          220      12868      2551       2892.05    1497.89
Global   32       634085       19815        2.7        0          145      62345      2551       2908.84    1505.34

Set Statistics
Type     Time(s)  Ops          TPS(ops/s)   Net(M/s)   Get_miss   Min(us)  Max(us)    Avg(us)    Std_dev    Geo_dist  
Period   1        200          200          0.0        0          413      11041      2725       2973.29    1602.48
Global   32       6432         201          0.0        0          206      54581      2607       2967.81    1548.25

Total Statistics
Type     Time(s)  Ops          TPS(ops/s)   Net(M/s)   Get_miss   Min(us)  Max(us)    Avg(us)    Std_dev    Geo_dist  
Period   1        19980        19980        2.7        0          220      12868      2553       2893.22    1499.13
Global   32       640519       20016        2.7        0          145      62345      2552       2909.07    1505.78

[1;1H[2J
Get Statistics
Type     Time(s)  Ops          TPS(ops/s)   Net(M/s)   Get_miss   Min(us)  Max(us)    Avg(us)    Std_dev    Geo_dist  
Period   1        20134        20134        2.7        0          226      11852      2524       2852.72    1486.79
Global   33       654219       19824        2.8        0          145      62345      2550       2907.29    1504.79

Set Statistics
Type     Time(s)  Ops          TPS(ops/s)   Net(M/s)   Get_miss   Min(us)  Max(us)    Avg(us)    Std_dev    Geo_dist  
Period   1        201          201          0.0        0          356      10797      2537       2853.01    1530.46
Global   33       6633         201          0.0        0          206      54581      2605       2964.10    1547.71

Total Statistics
Type     Time(s)  Ops          TPS(ops/s)   Net(M/s)   Get_miss   Min(us)  Max(us)    Avg(us)    Std_dev    Geo_dist  
Period   1        20335        20335        2.8        0          226      11852      2524       2852.37    1487.58
Global   33       660854       20025        2.8        0          145      62345      2551       2907.47    1505.21

[1;1H[2J
Get Statistics
Type     Time(s)  Ops          TPS(ops/s)   Net(M/s)   Get_miss   Min(us)  Max(us)    Avg(us)    Std_dev    Geo_dist  
Period   1        19383        19383        2.7        0          201      19691      2610       2945.89    1505.15
Global   34       673602       19811        2.7        0          145      62345      2552       2908.18    1504.82

Set Statistics
Type     Time(s)  Ops          TPS(ops/s)   Net(M/s)   Get_miss   Min(us)  Max(us)    Avg(us)    Std_dev    Geo_dist  
Period   1        198          198          0.0        0          420      10981      2449       2798.84    1454.01
Global   34       6831         200          0.0        0          206      54581      2600       2959.78    1544.91

Total Statistics
Type     Time(s)  Ops          TPS(ops/s)   Net(M/s)   Get_miss   Min(us)  Max(us)    Avg(us)    Std_dev    Geo_dist  
Period   1        19582        19582        2.7        0          201      19691      2609       2945.19    1505.59
Global   34       680436       20012        2.7        0          145      62345      2552       2909.16    1505.22

[1;1H[2J
Get Statistics
Type     Time(s)  Ops          TPS(ops/s)   Net(M/s)   Get_miss   Min(us)  Max(us)    Avg(us)    Std_dev    Geo_dist  
Period   1        20129        20129        2.7        0          205      13299      2528       2907.07    1468.20
Global   35       693731       19820        2.8        0          145      62345      2551       2908.46    1503.80

Set Statistics
Type     Time(s)  Ops          TPS(ops/s)   Net(M/s)   Get_miss   Min(us)  Max(us)    Avg(us)    Std_dev    Geo_dist  
Period   1        203          203          0.0        0          313      10977      2780       3053.85    1577.11
Global   35       7034         200          0.0        0          206      54581      2605       2962.64    1545.83

Total Statistics
Type     Time(s)  Ops          TPS(ops/s)   Net(M/s)   Get_miss   Min(us)  Max(us)    Avg(us)    Std_dev    Geo_dist  
Period   1        20329        20329        2.7        0          205      13299      2531       2908.08    1470.19
Global   35       700765       20021        2.8        0          145      62345      2552       2908.61    1504.21

[1;1H[2J
Get Statistics
Type     Time(s)  Ops          TPS(ops/s)   Net(M/s)   Get_miss   Min(us)  Max(us)    Avg(us)    Std_dev    Geo_dist  
Period   1        21128        21128        2.7        0          224      11514      2387       2733.43    1409.93
Global   36       714859       19857        2.9        0          145      62345      2546       2903.70    1500.94

Set Statistics
Type     Time(s)  Ops          TPS(ops/s)   Net(M/s)   Get_miss   Min(us)  Max(us)    Avg(us)    Std_dev    Geo_dist  
Period   1        213          213          0.0        0          317      8772       2309       2609.54    1428.32
Global   36       7247         201          0.0        0          206      54581      2597       2952.51    1542.24

Total Statistics
Type     Time(s)  Ops          TPS(ops/s)   Net(M/s)   Get_miss   Min(us)  Max(us)    Avg(us)    Std_dev    Geo_dist  
Period   1        21343        21343        2.8        0          224      11514      2387       2732.19    1410.33
Global   36       722108       20058        2.9        0          145      62345      2547       2903.79    1501.35

[1;1H[2J
Get Statistics
Type     Time(s)  Ops          TPS(ops/s)   Net(M/s)   Get_miss   Min(us)  Max(us)    Avg(us)    Std_dev    Geo_dist  
Period   1        19744        19744        2.7        0          223      11848      2583       2858.94    1551.38
Global   37       734603       19854        2.7        0          145      62345      2547       2902.52    1502.29

Set Statistics
Type     Time(s)  Ops          TPS(ops/s)   Net(M/s)   Get_miss   Min(us)  Max(us)    Avg(us)    Std_dev    Geo_dist  
Period   1        199          199          0.0        0          338      10988      2897       3024.97    1734.67
Global   37       7446         201          0.0        0          206      54581      2605       2954.68    1547.10

Total Statistics
Type     Time(s)  Ops          TPS(ops/s)   Net(M/s)   Get_miss   Min(us)  Max(us)    Avg(us)    Std_dev    Geo_dist  
Period   1        19943        19943        2.8        0          223      11848      2586       2861.12    1553.78
Global   37       742051       20055        2.7        0          145      62345      2548       2902.70    1502.74

[1;1H[2J
Get Statistics
Type     Time(s)  Ops          TPS(ops/s)   Net(M/s)   Get_miss   Min(us)  Max(us)    Avg(us)    Std_dev    Geo_dist  
Period   1        20080        20080        2.7        0          176      21283      2523       2840.79    1491.77
Global   38       754683       19860        2.8        0          145      62345      2547       2900.33    1502.01

Set Statistics
Type     Time(s)  Ops          TPS(ops/s)   Net(M/s)   Get_miss   Min(us)  Max(us)    Avg(us)    Std_dev    Geo_dist  
Period   1        204          204          0.0        0          352      9928       2668       2887.72    1589.67
Global   38       7650         201          0.0        0          206      54581      2606       2953.34    1548.22

Total Statistics
Type     Time(s)  Ops          TPS(ops/s)   Net(M/s)   Get_miss   Min(us)  Max(us)    Avg(us)    Std_dev    Geo_dist  
Period   1        20284        20284        2.8        0          176      21283      2523       2840.88    1490.75
Global   38       762335       20061        2.8        0          145      62345      2547       2901.41    1502.47

[1;1H[2J
Get Statistics
Type     Time(s)  Ops          TPS(ops/s)   Net(M/s)   Get_miss   Min(us)  Max(us)    Avg(us)    Std_dev    Geo_dist  
Period   1        20410        20410        2.7        0          176      14317      2493       2803.17    1492.38
Global   39       775093       19874        2.8        0          145      62345      2545       2898.35    1501.79

Set Statistics
Type     Time(s)  Ops          TPS(ops/s)   Net(M/s)   Get_miss   Min(us)  Max(us)    Avg(us)    Std_dev    Geo_dist  
Period   1        204          204          0.0        0          357      9742       2480       2747.74    1523.44
Global   39       7854         201          0.0        0          206      54581      2603       2947.85    1547.57

Total Statistics
Type     Time(s)  Ops          TPS(ops/s)   Net(M/s)   Get_miss   Min(us)  Max(us)    Avg(us)    Std_dev    Geo_dist  
Period   1        20612        20612        2.8        0          176      14317      2493       2802.25    1493.10
Global   39       782947       20075        2.8        0          145      62345      2546       2898.49    1502.24

[1;1H[2J
Get Statistics
Type     Time(s)  Ops          TPS(ops/s)   Net(M/s)   Get_miss   Min(us)  Max(us)    Avg(us)    Std_dev    Geo_dist  
Period   1        20436        20436        2.7        0          195      14327      2453       2859.86    1425.27
Global   40       795529       19888        2.8        0          145      62345      2543       2897.09    1499.77

Set Statistics
Type     Time(s)  Ops          TPS(ops/s)   Net(M/s)   Get_miss   Min(us)  Max(us)    Avg(us)    Std_dev    Geo_dist  
Period   1        209          209          0.0        0          425      10706      2817       3076.15    1620.71
Global   40       8063         201          0.0        0          206      54581      2609       2950.84    1549.42

Total Statistics
Type     Time(s)  Ops          TPS(ops/s)   Net(M/s)   Get_miss   Min(us)  Max(us)    Avg(us)    Std_dev    Geo_dist  
Period   1        20646        20646        2.8        0          195      14327      2457       2862.34    1426.75
Global   40       803593       20089        2.8        0          145      62345      2544       2897.35    1500.26

[1;1H[2J
Get Statistics
Type     Time(s)  Ops          TPS(ops/s)   Net(M/s)   Get_miss   Min(us)  Max(us)    Avg(us)    Std_dev    Geo_dist  
Period   1        20949        20949        2.7        0          203      15698      2419       2682.49    1477.04
Global   41       816478       19914        2.9        0          145      62345      2540       2891.70    1499.20

Set Statistics
Type     Time(s)  Ops          TPS(ops/s)   Net(M/s)   Get_miss   Min(us)  Max(us)    Avg(us)    Std_dev    Geo_dist  
Period   1        213          213          0.0        0          347      9468       2642       2780.22    1611.19
Global   41       8276         201          0.0        0          206      54581      2609       2947.17    1550.98

Total Statistics
Type     Time(s)  Ops          TPS(ops/s)   Net(M/s)   Get_miss   Min(us)  Max(us)    Avg(us)    Std_dev    Geo_dist  
Period   1        21165        21165        2.8        0          203      15698      2422       2683.94    1478.67
Global   41       824758       20116        2.9        0          145      62345      2541       2892.03    1499.72

[1;1H[2J
Get Statistics
Type     Time(s)  Ops          TPS(ops/s)   Net(M/s)   Get_miss   Min(us)  Max(us)    Avg(us)    Std_dev    Geo_dist  
Period   1        20358        20358        2.7        0          182      12434      2499       2854.13    1467.07
Global   42       836836       19924        2.8        0          145      62345      2539       2890.81    1498.43

Set Statistics
Type     Time(s)  Ops          TPS(ops/s)   Net(M/s)   Get_miss   Min(us)  Max(us)    Avg(us)    Std_dev    Geo_dist  
Period   1        203          203          0.0        0          330      8849       2802       3000.10    1617.09
Global   42       8479         201          0.0        0          206      54581      2614       2948.08    1552.53

Total Statistics
Type     Time(s)  Ops          TPS(ops/s)   Net(M/s)   Get_miss   Min(us)  Max(us)    Avg(us)    Std_dev    Geo_dist  
Period   1        20558        20558        2.8        0          182      12434      2501       2855.40    1468.13
Global   42       845316       20126        2.8        0          145      62345      2540       2891.19    1498.96

[1;1H[2J
Get Statistics
Type     Time(s)  Ops          TPS(ops/s)   Net(M/s)   Get_miss   Min(us)  Max(us)    Avg(us)    Std_dev    Geo_dist  
Period   1        19846        19846        2.7        0          188      19458      2542       2929.16    1478.01
Global   43       856682       19922        2.7        0          145      62345      2539       2891.77    1497.97

Set Statistics
Type     Time(s)  Ops          TPS(ops/s)   Net(M/s)   Get_miss   Min(us)  Max(us)    Avg(us)    Std_dev    Geo_dist  
Period   1        198          198          0.0        0          369      9259       2253       2650.99    1363.81
Global   43       8677         201          0.0        0          206      54581      2606       2941.78    1547.95

Total Statistics
Type     Time(s)  Ops          TPS(ops/s)   Net(M/s)   Get_miss   Min(us)  Max(us)    Avg(us)    Std_dev    Geo_dist  
Period   1        20043        20043        2.8        0          188      19458      2539       2926.42    1476.72
Global   43       865359       20124        2.8        0          145      62345      2540       2891.99    1498.46

[1;1H[2J
Get Statistics
Type     Time(s)  Ops          TPS(ops/s)   Net(M/s)   Get_miss   Min(us)  Max(us)    Avg(us)    Std_dev    Geo_dist  
Period   1        20272        20272        2.7        0          179      10909      2507       2844.89    1452.64
Global   44       876954       19930        2.8        0          145      62345      2538       2890.93    1496.90

Set Statistics
Type     Time(s)  Ops          TPS(ops/s)   Net(M/s)   Get_miss   Min(us)  Max(us)    Avg(us)    Std_dev    Geo_dist  
Period   1        206          206          0.0        0          372      10909      2483       2837.30    1460.17
Global   44       8883         201          0.0        0          206      54581      2603       2939.43    1545.85

Total Statistics
Type     Time(s)  Ops          TPS(ops/s)   Net(M/s)   Get_miss   Min(us)  Max(us)    Avg(us)    Std_dev    Geo_dist  
Period   1        20479        20479        2.8        0          179      10909      2507       2844.84    1452.83
Global   44       885838       20132        2.8        0          145      62345      2539       2891.12    1497.39

[1;1H[2J
Get Statistics
Type     Time(s)  Ops          TPS(ops/s)   Net(M/s)   Get_miss   Min(us)  Max(us)    Avg(us)    Std_dev    Geo_dist  
Period   1        19654        19654        2.7        0          230      23082      2583       2896.27    1532.67
Global   45       896608       19924        2.7        0          145      62345      2539       2891.05    1497.69

Set Statistics
Type     Time(s)  Ops          TPS(ops/s)   Net(M/s)   Get_miss   Min(us)  Max(us)    Avg(us)    Std_dev    Geo_dist  
Period   1        201          201          0.0        0          353      10855      2440       2763.78    1469.85
Global   45       9084         201          0.0        0          206      54581      2599       2935.96    1544.13

Total Statistics
Type     Time(s)  Ops          TPS(ops/s)   Net(M/s)   Get_miss   Min(us)  Max(us)    Avg(us)    Std_dev    Geo_dist  
Period   1        19858        19858        2.8        0          230      23082      2582       2895.39    1532.37
Global   45       905696       20126        2.7        0          145      62345      2540       2891.18    1498.16

[1;1H[2J
Get Statistics
Type     Time(s)  Ops          TPS(ops/s)   Net(M/s)   Get_miss   Min(us)  Max(us)    Avg(us)    Std_dev    Geo_dist  
Period   1        18898        18898        2.7        0          206      30679      2670       3183.31    1533.13
Global   46       915506       19902        2.6        0          145      62345      2542       2897.21    1498.46

Set Statistics
Type     Time(s)  Ops          TPS(ops/s)   Net(M/s)   Get_miss   Min(us)  Max(us)    Avg(us)    Std_dev    Geo_dist  
Period   1        189          189          0.0        0          261      10970      2728       2944.94    1595.20
Global   46       9273         201          0.0        0          206      54581      2602       2935.72    1545.15

Total Statistics
Type     Time(s)  Ops          TPS(ops/s)   Net(M/s)   Get_miss   Min(us)  Max(us)    Avg(us)    Std_dev    Geo_dist  
Period   1        19084        19084        2.8        0          206      30679      2671       3181.17    1535.52
Global   46       924780       20103        2.6        0          145      62345      2543       2897.26    1498.92

[1;1H[2J
Get Statistics
Type     Time(s)  Ops          TPS(ops/s)   Net(M/s)   Get_miss   Min(us)  Max(us)    Avg(us)    Std_dev    Geo_dist  
Period   1        19801        19801        2.7        0          197      29195      2568       3201.69    1420.04
Global   47       935307       19900        2.7        0          145      62345      2542       2904.48    1496.77

Set Statistics
Type     Time(s)  Ops          TPS(ops/s)   Net(M/s)   Get_miss   Min(us)  Max(us)    Avg(us)    Std_dev    Geo_dist  
Period   1        197          197          0.0        0          337      14520      2791       3259.30    1573.44
Global   47       9470         201          0.0        0          206      54581      2606       2942.68    1545.74

Total Statistics
Type     Time(s)  Ops          TPS(ops/s)   Net(M/s)   Get_miss   Min(us)  Max(us)    Avg(us)    Std_dev    Geo_dist  
Period   1        19998        19998        2.8        0          197      29195      2570       3202.35    1421.47
Global   47       944778       20101        2.7        0          145      62345      2543       2904.56    1497.25

[1;1H[2J
Get Statistics
Type     Time(s)  Ops          TPS(ops/s)   Net(M/s)   Get_miss   Min(us)  Max(us)    Avg(us)    Std_dev    Geo_dist  
Period   1        19126        19126        2.7        0          195      25751      2659       2930.97    1631.29
Global   48       954433       19884        2.6        0          145      62345      2545       2904.49    1499.37

Set Statistics
Type     Time(s)  Ops          TPS(ops/s)   Net(M/s)   Get_miss   Min(us)  Max(us)    Avg(us)    Std_dev    Geo_dist  
Period   1        195          195          0.0        0          380      19363      2584       2808.04    1650.58
Global   48       9665         201          0.0        0          206      54581      2605       2940.38    1547.79

Total Statistics
Type     Time(s)  Ops          TPS(ops/s)   Net(M/s)   Get_miss   Min(us)  Max(us)    Avg(us)    Std_dev    Geo_dist  
Period   1        19322        19322        2.8        0          195      25751      2658       2930.18    1631.61
Global   48       964100       20085        2.7        0          145      62345      2545       2905.40    1499.85

[1;1H[2J
Get Statistics
Type     Time(s)  Ops          TPS(ops/s)   Net(M/s)   Get_miss   Min(us)  Max(us)    Avg(us)    Std_dev    Geo_dist  
Period   1        19152        19152        2.7        0          196      12723      2641       2913.29    1570.24
Global   49       973585       19869        2.6        0          145      62345      2547       2904.60    1500.74

Set Statistics
Type     Time(s)  Ops          TPS(ops/s)   Net(M/s)   Get_miss   Min(us)  Max(us)    Avg(us)    Std_dev    Geo_dist  
Period   1        194          194          0.0        0          263      10290      2796       3073.91    1616.08
Global   49       9859         201          0.0        0          206      54581      2609       2942.81    1549.10

Total Statistics
Type     Time(s)  Ops          TPS(ops/s)   Net(M/s)   Get_miss   Min(us)  Max(us)    Avg(us)    Std_dev    Geo_dist  
Period   1        19346        19346        2.8        0          196      12723      2642       2914.50    1569.25
Global   49       983446       20070        2.7        0          145      62345      2547       2905.55    1501.23

[1;1H[2J
Get Statistics
Type     Time(s)  Ops          TPS(ops/s)   Net(M/s)   Get_miss   Min(us)  Max(us)    Avg(us)    Std_dev    Geo_dist  
Period   1        18423        18423        2.7        0          240      11791      2734       2840.39    1710.04
Global   50       992008       19840        2.5        0          145      62345      2550       2903.97    1504.41

Set Statistics
Type     Time(s)  Ops          TPS(ops/s)   Net(M/s)   Get_miss   Min(us)  Max(us)    Avg(us)    Std_dev    Geo_dist  
Period   1        186          186          0.0        0          342      9139       3067       2912.48    1967.25
Global   50       10045        200          0.0        0          206      54581      2618       2942.30    1555.97

Total Statistics
Type     Time(s)  Ops          TPS(ops/s)   Net(M/s)   Get_miss   Min(us)  Max(us)    Avg(us)    Std_dev    Geo_dist  
Period   1        18608        18608        2.8        0          240      11791      2737       2841.58    1713.11
Global   50       1002054      20041        2.6        0          145      62345      2551       2904.08    1504.92

[1;1H[2J
Get Statistics
Type     Time(s)  Ops          TPS(ops/s)   Net(M/s)   Get_miss   Min(us)  Max(us)    Avg(us)    Std_dev    Geo_dist  
Period   1        19382        19382        2.7        0          240      18198      2607       2910.38    1558.89
Global   51       1011390      19831        2.7        0          145      62345      2551       2904.19    1505.45

Set Statistics
Type     Time(s)  Ops          TPS(ops/s)   Net(M/s)   Get_miss   Min(us)  Max(us)    Avg(us)    Std_dev    Geo_dist  
Period   1        199          199          0.0        0          290      9783       2701       2874.81    1629.20
Global   51       10244        200          0.0        0          206      54581      2619       2941.43    1557.36

Total Statistics
Type     Time(s)  Ops          TPS(ops/s)   Net(M/s)   Get_miss   Min(us)  Max(us)    Avg(us)    Std_dev    Geo_dist  
Period   1        19581        19581        2.8        0          240      18198      2608       2910.02    1559.60
Global   51       1021635      20032        2.7        0          145      62345      2552       2904.30    1505.97

[1;1H[2J
Get Statistics
Type     Time(s)  Ops          TPS(ops/s)   Net(M/s)   Get_miss   Min(us)  Max(us)    Avg(us)    Std_dev    Geo_dist  
Period   1        20689        20689        2.7        0          239      12999      2457       2854.19    1429.05
Global   52       1032079      19847        2.8        0          145      62345      2549       2903.33    1503.89

Set Statistics
Type     Time(s)  Ops          TPS(ops/s)   Net(M/s)   Get_miss   Min(us)  Max(us)    Avg(us)    Std_dev    Geo_dist  
Period   1        205          205          0.0        0          339      9980       2393       2800.33    1421.71
Global   52       10449        200          0.0        0          206      54581      2615       2938.38    1554.58

Total Statistics
Type     Time(s)  Ops          TPS(ops/s)   Net(M/s)   Get_miss   Min(us)  Max(us)    Avg(us)    Std_dev    Geo_dist  
Period   1        20893        20893        2.8        0          239      12999      2456       2853.61    1428.87
Global   52       1042528      20048        2.9        0          145      62345      2550       2903.39    1504.39

[1;1H[2J
Get Statistics
Type     Time(s)  Ops          TPS(ops/s)   Net(M/s)   Get_miss   Min(us)  Max(us)    Avg(us)    Std_dev    Geo_dist  
Period   1        19610        19610        2.7        0          220      19599      2571       2894.27    1510.86
Global   53       1051689      19843        2.7        0          145      62345      2550       2902.64    1504.02

Set Statistics
Type     Time(s)  Ops          TPS(ops/s)   Net(M/s)   Get_miss   Min(us)  Max(us)    Avg(us)    Std_dev    Geo_dist  
Period   1        201          201          0.0        0          264      10256      2581       2958.80    1485.39
Global   53       10650        200          0.0        0          206      54581      2614       2938.95    1553.24

Total Statistics
Type     Time(s)  Ops          TPS(ops/s)   Net(M/s)   Get_miss   Min(us)  Max(us)    Avg(us)    Std_dev    Geo_dist  
Period   1        19813        19813        2.8        0          220      19599      2571       2894.69    1510.46
Global   53       1062341      20044        2.7        0          145      62345      2550       2903.58    1504.51

[1;1H[2J
Get Statistics
Type     Time(s)  Ops          TPS(ops/s)   Net(M/s)   Get_miss   Min(us)  Max(us)    Avg(us)    Std_dev    Geo_dist  
Period   1        20250        20250        2.7        0          240      11695      2491       2829.86    1461.18
Global   54       1071939      19850        2.8        0          145      62345      2549       2901.20    1503.21

Set Statistics
Type     Time(s)  Ops          TPS(ops/s)   Net(M/s)   Get_miss   Min(us)  Max(us)    Avg(us)    Std_dev    Geo_dist  
Period   1        203          203          0.0        0          373      9585       2516       2893.36    1469.06
Global   54       10853        200          0.0        0          206      54581      2612       2938.15    1551.63

Total Statistics
Type     Time(s)  Ops          TPS(ops/s)   Net(M/s)   Get_miss   Min(us)  Max(us)    Avg(us)    Std_dev    Geo_dist  
Period   1        20453        20453        2.8        0          240      11695      2492       2830.73    1462.07
Global   54       1082794      20051        2.8        0          145      62345      2549       2902.14    1503.69

[1;1H[2J
Get Statistics
Type     Time(s)  Ops          TPS(ops/s)   Net(M/s)   Get_miss   Min(us)  Max(us)    Avg(us)    Std_dev    Geo_dist  
Period   1        18900        18900        2.7        0          226      18599      2672       3019.67    1527.37
Global   55       1090839      19833        2.6        0          145      62345      2551       2903.46    1503.64

Set Statistics
Type     Time(s)  Ops          TPS(ops/s)   Net(M/s)   Get_miss   Min(us)  Max(us)    Avg(us)    Std_dev    Geo_dist  
Period   1        191          191          0.0        0          345      8852       2700       2940.16    1555.65
Global   55       11044        200          0.0        0          206      54581      2614       2937.65    1551.70

Total Statistics
Type     Time(s)  Ops          TPS(ops/s)   Net(M/s)   Get_miss   Min(us)  Max(us)    Avg(us)    Std_dev    Geo_dist  
Period   1        19091        19091        2.8        0          226      18599      2673       3018.43    1528.34
Global   55       1101885      20034        2.6        0          145      62345      2551       2904.37    1504.12

[1;1H[2J
Get Statistics
Type     Time(s)  Ops          TPS(ops/s)   Net(M/s)   Get_miss   Min(us)  Max(us)    Avg(us)    Std_dev    Geo_dist  
Period   1        19168        19168        2.7        0          202      19775      2636       2988.12    1545.71
Global   56       1110007      19821        2.6        0          145      62345      2552       2905.38    1504.37

Set Statistics
Type     Time(s)  Ops          TPS(ops/s)   Net(M/s)   Get_miss   Min(us)  Max(us)    Avg(us)    Std_dev    Geo_dist  
Period   1        196          196          0.0        0          345      18747      2575       3103.01    1504.52
Global   56       11240        200          0.0        0          206      54581      2613       2940.75    1550.86

Total Statistics
Type     Time(s)  Ops          TPS(ops/s)   Net(M/s)   Get_miss   Min(us)  Max(us)    Avg(us)    Std_dev    Geo_dist  
Period   1        19368        19368        2.7        0          202      19775      2634       2989.60    1545.63
Global   56       1121253      20022        2.7        0          145      62345      2553       2905.39    1504.83

[1;1H[2J
Get Statistics
Type     Time(s)  Ops          TPS(ops/s)   Net(M/s)   Get_miss   Min(us)  Max(us)    Avg(us)    Std_dev    Geo_dist  
Period   1        19675        19675        2.7        0          168      19047      2546       2852.56    1519.99
Global   57       1129682      19818        2.7        0          145      62345      2552       2904.37    1504.70

Set Statistics
Type     Time(s)  Ops          TPS(ops/s)   Net(M/s)   Get_miss   Min(us)  Max(us)    Avg(us)    Std_dev    Geo_dist  
Period   1        196          196          0.0        0          434      10689      3072       3116.54    1824.85
Global   57       11436        200          0.0        0          206      54581      2621       2944.20    1555.19

Total Statistics
Type     Time(s)  Ops          TPS(ops/s)   Net(M/s)   Get_miss   Min(us)  Max(us)    Avg(us)    Std_dev    Geo_dist  
Period   1        19867        19867        2.7        0          168      19047      2552       2856.36    1525.81
Global   57       1141120      20019        2.7        0          145      62345      2553       2904.52    1505.20

[1;1H[2J
Get Statistics
Type     Time(s)  Ops          TPS(ops/s)   Net(M/s)   Get_miss   Min(us)  Max(us)    Avg(us)    Std_dev    Geo_dist  
Period   1        20022        20022        2.7        0          216      11743      2544       2841.22    1504.98
Global   58       1149704      19822        2.7        0          145      62345      2552       2903.17    1504.71

Set Statistics
Type     Time(s)  Ops          TPS(ops/s)   Net(M/s)   Get_miss   Min(us)  Max(us)    Avg(us)    Std_dev    Geo_dist  
Period   1        205          205          0.0        0          288      8567       2605       2864.10    1515.69
Global   58       11641        200          0.0        0          206      54581      2621       2942.43    1554.49

Total Statistics
Type     Time(s)  Ops          TPS(ops/s)   Net(M/s)   Get_miss   Min(us)  Max(us)    Avg(us)    Std_dev    Geo_dist  
Period   1        20226        20226        2.7        0          216      11743      2545       2840.73    1505.47
Global   58       1161346      20023        2.8        0          145      62345      2553       2903.30    1505.20

[1;1H[2J
Get Statistics
Type     Time(s)  Ops          TPS(ops/s)   Net(M/s)   Get_miss   Min(us)  Max(us)    Avg(us)    Std_dev    Geo_dist  
Period   1        20249        20249        2.7        0          187      12623      2497       2844.79    1472.22
Global   59       1169953      19829        2.8        0          145      62345      2551       2902.22    1504.15

Set Statistics
Type     Time(s)  Ops          TPS(ops/s)   Net(M/s)   Get_miss   Min(us)  Max(us)    Avg(us)    Std_dev    Geo_dist  
Period   1        201          201          0.0        0          291      12186      2728       3016.96    1581.46
Global   59       11842        200          0.0        0          206      54581      2623       2943.45    1554.94

Total Statistics
Type     Time(s)  Ops          TPS(ops/s)   Net(M/s)   Get_miss   Min(us)  Max(us)    Avg(us)    Std_dev    Geo_dist  
Period   1        20450        20450        2.8        0          187      12623      2500       2846.79    1474.53
Global   59       1181796      20030        2.8        0          145      62345      2552       2902.40    1504.65

[1;1H[2J
Get Statistics
Type     Time(s)  Ops          TPS(ops/s)   Net(M/s)   Get_miss   Min(us)  Max(us)    Avg(us)    Std_dev    Geo_dist  
Period   1        20314        20314        2.7        0          218      11898      2487       2796.55    1491.12
Global   60       1190267      19837        2.8        0          145      62345      2550       2900.39    1503.94

Set Statistics
Type     Time(s)  Ops          TPS(ops/s)   Net(M/s)   Get_miss   Min(us)  Max(us)    Avg(us)    Std_dev    Geo_dist  
Period   1        205          205          0.0        0          390      9365       2372       2625.85    1497.09
Global   60       12047        200          0.0        0          206      54581      2618       2939.07    1553.94

Total Statistics
Type     Time(s)  Ops          TPS(ops/s)   Net(M/s)   Get_miss   Min(us)  Max(us)    Avg(us)    Std_dev    Geo_dist  
Period   1        20520        20520        2.8        0          218      11898      2486       2794.06    1490.00
Global   60       1202316      20038        2.8        0          145      62345      2551       2900.51    1504.44

Get Statistics (1190320 events)
   Min:       145
   Max:     62345
   Avg:      2550
   Geo:   1504.04
   Std:   2900.72
   Log2 Dist:
       8:      334    60826   519377   286138
      12:    50693   224742    47483      677
      16:       50

Set Statistics (12047 events)
   Min:       206
   Max:     54581
   Avg:      2618
   Geo:   1553.94
   Std:   2939.07
   Log2 Dist:
       8:        2      509     5165     2982
      12:      525     2392      463        8
      16:        1

Total Statistics (1202367 events)
   Min:       145
   Max:     62345
   Avg:      2551
   Geo:   1504.54
   Std:   2900.84
   Log2 Dist:
       8:      336    61335   524542   289120
      12:    51218   227134    47946      685
      16:       51

cmd_get: 1190370
cmd_set: 12048
get_misses: 0
written_bytes: 28114560
read_bytes: 196499176
object_bytes: 1734912

Run time: 60.4s Ops: 1202418 TPS: 19898 Net_rate: 3.5M/s
