servers : 10.0.0.11:9000
threads count: 124
concurrency: 124
run time: 60s
windows size: 10k
set proportion: set_prop=0.01
get proportion: get_prop=0.99
[1;1H[2J
Get Statistics
Type     Time(s)  Ops          TPS(ops/s)   Net(M/s)   Get_miss   Min(us)  Max(us)    Avg(us)    Std_dev    Geo_dist  
Period   1        23239        23239        3.2        0          405      48165      5199       3953.50    3523.32
Global   1        23239        23239        3.2        0          405      48165      5199       3953.18    3521.96

Set Statistics
Type     Time(s)  Ops          TPS(ops/s)   Net(M/s)   Get_miss   Min(us)  Max(us)    Avg(us)    Std_dev    Geo_dist  
Period   1        286          286          0.0        0          460      31854      6691       4149.12    4896.41
Global   1        286          286          0.0        0          460      31854      6691       4149.12    4896.41

Total Statistics
Type     Time(s)  Ops          TPS(ops/s)   Net(M/s)   Get_miss   Min(us)  Max(us)    Avg(us)    Std_dev    Geo_dist  
Period   1        23528        23528        3.2        0          405      48165      5217       3959.34    3536.44
Global   1        23528        23528        3.2        0          405      48165      5217       3959.34    3536.44

[1;1H[2J
Get Statistics
Type     Time(s)  Ops          TPS(ops/s)   Net(M/s)   Get_miss   Min(us)  Max(us)    Avg(us)    Std_dev    Geo_dist  
Period   1        24153        24153        3.3        0          327      88352      5128       5165.90    3121.46
Global   2        47392        23696        3.3        0          327      88352      5163       4611.41    3313.06

Set Statistics
Type     Time(s)  Ops          TPS(ops/s)   Net(M/s)   Get_miss   Min(us)  Max(us)    Avg(us)    Std_dev    Geo_dist  
Period   1        258          258          0.0        0          360      39296      5245       5261.09    3236.13
Global   2        544          272          0.0        0          360      39296      6005       4760.34    4023.28

Total Statistics
Type     Time(s)  Ops          TPS(ops/s)   Net(M/s)   Get_miss   Min(us)  Max(us)    Avg(us)    Std_dev    Geo_dist  
Period   1        24409        24409        3.3        0          327      88352      5130       5166.27    3124.54
Global   2        47937        23968        3.4        0          327      88352      5173       4613.34    3320.34

[1;1H[2J
Get Statistics
Type     Time(s)  Ops          TPS(ops/s)   Net(M/s)   Get_miss   Min(us)  Max(us)    Avg(us)    Std_dev    Geo_dist  
Period   1        24785        24785        3.3        0          263      57649      4937       4178.59    3164.53
Global   3        72177        24059        3.4        0          263      88352      5086       4468.09    3261.63

Set Statistics
Type     Time(s)  Ops          TPS(ops/s)   Net(M/s)   Get_miss   Min(us)  Max(us)    Avg(us)    Std_dev    Geo_dist  
Period   1        248          248          0.0        0          272      20827      4859       4052.19    3093.30
Global   3        792          264          0.0        0          272      39296      5646       4579.09    3705.39

Total Statistics
Type     Time(s)  Ops          TPS(ops/s)   Net(M/s)   Get_miss   Min(us)  Max(us)    Avg(us)    Std_dev    Geo_dist  
Period   1        25034        25034        3.3        0          263      57649      4936       4177.68    3163.97
Global   3        72971        24323        3.4        0          263      88352      5092       4469.73    3266.21

[1;1H[2J
Get Statistics
Type     Time(s)  Ops          TPS(ops/s)   Net(M/s)   Get_miss   Min(us)  Max(us)    Avg(us)    Std_dev    Geo_dist  
Period   1        23553        23553        3.3        0          282      61023      5197       4608.51    3304.34
Global   4        95730        23932        3.2        0          263      88352      5113       4503.60    3272.08

Set Statistics
Type     Time(s)  Ops          TPS(ops/s)   Net(M/s)   Get_miss   Min(us)  Max(us)    Avg(us)    Std_dev    Geo_dist  
Period   1        237          237          0.0        0          650      18560      4758       3965.31    3142.78
Global   4        1029         257          0.0        0          272      39296      5441       4459.69    3567.48

Total Statistics
Type     Time(s)  Ops          TPS(ops/s)   Net(M/s)   Get_miss   Min(us)  Max(us)    Avg(us)    Std_dev    Geo_dist  
Period   1        23791        23791        3.3        0          282      61023      5193       4602.44    3302.85
Global   4        96762        24190        3.3        0          263      88352      5117       4502.72    3275.18

[1;1H[2J
Get Statistics
Type     Time(s)  Ops          TPS(ops/s)   Net(M/s)   Get_miss   Min(us)  Max(us)    Avg(us)    Std_dev    Geo_dist  
Period   1        25655        25655        3.3        0          320      62234      4821       4198.37    3042.58
Global   5        121385       24277        3.5        0          263      88352      5051       4442.86    3222.65

Set Statistics
Type     Time(s)  Ops          TPS(ops/s)   Net(M/s)   Get_miss   Min(us)  Max(us)    Avg(us)    Std_dev    Geo_dist  
Period   1        255          255          0.0        0          571      18914      4751       3997.21    3059.50
Global   5        1284         256          0.0        0          272      39296      5304       4378.87    3460.29

Total Statistics
Type     Time(s)  Ops          TPS(ops/s)   Net(M/s)   Get_miss   Min(us)  Max(us)    Avg(us)    Std_dev    Geo_dist  
Period   1        25907        25907        3.4        0          320      62234      4819       4197.28    3041.35
Global   5        122669       24533        3.6        0          263      88352      5054       4441.86    3225.05

[1;1H[2J
Get Statistics
Type     Time(s)  Ops          TPS(ops/s)   Net(M/s)   Get_miss   Min(us)  Max(us)    Avg(us)    Std_dev    Geo_dist  
Period   1        24910        24910        3.3        0          287      56864      4851       4217.36    3105.17
Global   6        146295       24382        3.4        0          263      88352      5017       4405.85    3202.34

Set Statistics
Type     Time(s)  Ops          TPS(ops/s)   Net(M/s)   Get_miss   Min(us)  Max(us)    Avg(us)    Std_dev    Geo_dist  
Period   1        254          254          0.0        0          534      21265      5308       3847.60    3637.94
Global   6        1538         256          0.0        0          272      39296      5305       4294.07    3489.02

Total Statistics
Type     Time(s)  Ops          TPS(ops/s)   Net(M/s)   Get_miss   Min(us)  Max(us)    Avg(us)    Std_dev    Geo_dist  
Period   1        25164        25164        3.4        0          287      56864      4856       4213.52    3110.13
Global   6        147833       24638        3.5        0          263      88352      5020       4404.78    3205.20

[1;1H[2J
Get Statistics
Type     Time(s)  Ops          TPS(ops/s)   Net(M/s)   Get_miss   Min(us)  Max(us)    Avg(us)    Std_dev    Geo_dist  
Period   1        24223        24223        3.3        0          284      39394      5032       4145.77    3263.98
Global   7        170518       24359        3.3        0          263      88352      5019       4369.99    3211.02

Set Statistics
Type     Time(s)  Ops          TPS(ops/s)   Net(M/s)   Get_miss   Min(us)  Max(us)    Avg(us)    Std_dev    Geo_dist  
Period   1        246          246          0.0        0          523      14635      4837       3776.50    3193.71
Global   7        1784         254          0.0        0          272      39296      5240       4229.14    3446.73

Total Statistics
Type     Time(s)  Ops          TPS(ops/s)   Net(M/s)   Get_miss   Min(us)  Max(us)    Avg(us)    Std_dev    Geo_dist  
Period   1        24469        24469        3.4        0          284      39394      5030       4142.25    3263.26
Global   7        172302       24614        3.4        0          263      88352      5022       4367.78    3213.38

[1;1H[2J
Get Statistics
Type     Time(s)  Ops          TPS(ops/s)   Net(M/s)   Get_miss   Min(us)  Max(us)    Avg(us)    Std_dev    Geo_dist  
Period   1        24651        24651        3.4        0          290      51183      4989       3876.85    3329.96
Global   8        195169       24396        3.4        0          263      88352      5016       4309.90    3225.81

Set Statistics
Type     Time(s)  Ops          TPS(ops/s)   Net(M/s)   Get_miss   Min(us)  Max(us)    Avg(us)    Std_dev    Geo_dist  
Period   1        254          254          0.0        0          537      18917      4768       3707.95    3199.18
Global   8        2038         254          0.0        0          272      39296      5181       4170.03    3414.86

Total Statistics
Type     Time(s)  Ops          TPS(ops/s)   Net(M/s)   Get_miss   Min(us)  Max(us)    Avg(us)    Std_dev    Geo_dist  
Period   1        24905        24905        3.4        0          290      51183      4987       3874.83    3328.60
Global   8        197207       24650        3.4        0          263      88352      5017       4309.32    3227.71

[1;1H[2J
Get Statistics
Type     Time(s)  Ops          TPS(ops/s)   Net(M/s)   Get_miss   Min(us)  Max(us)    Avg(us)    Std_dev    Geo_dist  
Period   1        23370        23370        3.3        0          273      60735      5201       4443.73    3337.71
Global   9        218539       24282        3.2        0          263      88352      5035       4325.69    3237.59

Set Statistics
Type     Time(s)  Ops          TPS(ops/s)   Net(M/s)   Get_miss   Min(us)  Max(us)    Avg(us)    Std_dev    Geo_dist  
Period   1        231          231          0.0        0          442      30398      5591       4224.86    3704.82
Global   9        2269         252          0.0        0          272      39296      5223       4176.23    3443.31

Total Statistics
Type     Time(s)  Ops          TPS(ops/s)   Net(M/s)   Get_miss   Min(us)  Max(us)    Avg(us)    Std_dev    Geo_dist  
Period   1        23603        23603        3.4        0          273      60735      5205       4441.73    3341.38
Global   9        220810       24534        3.2        0          263      88352      5037       4324.16    3239.67

[1;1H[2J
Get Statistics
Type     Time(s)  Ops          TPS(ops/s)   Net(M/s)   Get_miss   Min(us)  Max(us)    Avg(us)    Std_dev    Geo_dist  
Period   1        23254        23254        3.3        0          262      83347      5282       4679.22    3356.04
Global   10       241793       24179        3.2        0          262      88352      5059       4361.31    3249.04

Set Statistics
Type     Time(s)  Ops          TPS(ops/s)   Net(M/s)   Get_miss   Min(us)  Max(us)    Avg(us)    Std_dev    Geo_dist  
Period   1        234          234          0.0        0          494      22410      5474       4122.93    3680.71
Global   10       2503         250          0.0        0          272      39296      5247       4170.42    3464.84

Total Statistics
Type     Time(s)  Ops          TPS(ops/s)   Net(M/s)   Get_miss   Min(us)  Max(us)    Avg(us)    Std_dev    Geo_dist  
Period   1        23486        23486        3.4        0          262      83347      5284       4673.98    3360.16
Global   10       244296       24429        3.2        0          262      88352      5061       4359.35    3251.19

[1;1H[2J
Get Statistics
Type     Time(s)  Ops          TPS(ops/s)   Net(M/s)   Get_miss   Min(us)  Max(us)    Avg(us)    Std_dev    Geo_dist  
Period   1        24095        24095        3.3        0          294      49082      5104       4429.19    3359.08
Global   11       265888       24171        3.3        0          262      88352      5063       4367.61    3258.87

Set Statistics
Type     Time(s)  Ops          TPS(ops/s)   Net(M/s)   Get_miss   Min(us)  Max(us)    Avg(us)    Std_dev    Geo_dist  
Period   1        237          237          0.0        0          586      29541      5408       4228.65    3651.75
Global   11       2740         249          0.0        0          272      39296      5261       4174.86    3480.62

Total Statistics
Type     Time(s)  Ops          TPS(ops/s)   Net(M/s)   Get_miss   Min(us)  Max(us)    Avg(us)    Std_dev    Geo_dist  
Period   1        24332        24332        3.4        0          294      49082      5107       4427.26    3361.82
Global   11       268628       24420        3.3        0          262      88352      5065       4365.75    3261.05

[1;1H[2J
Get Statistics
Type     Time(s)  Ops          TPS(ops/s)   Net(M/s)   Get_miss   Min(us)  Max(us)    Avg(us)    Std_dev    Geo_dist  
Period   1        23857        23857        3.3        0          255      48898      5158       4194.71    3327.24
Global   12       289745       24145        3.3        0          255      88352      5071       4353.50    3264.44

Set Statistics
Type     Time(s)  Ops          TPS(ops/s)   Net(M/s)   Get_miss   Min(us)  Max(us)    Avg(us)    Std_dev    Geo_dist  
Period   1        251          251          0.0        0          439      21308      5667       4235.58    3743.56
Global   12       2991         249          0.0        0          272      39296      5295       4180.88    3501.96

Total Statistics
Type     Time(s)  Ops          TPS(ops/s)   Net(M/s)   Get_miss   Min(us)  Max(us)    Avg(us)    Std_dev    Geo_dist  
Period   1        24108        24108        3.4        0          255      48898      5164       4194.50    3331.32
Global   12       292736       24394        3.3        0          255      88352      5073       4352.16    3266.78

[1;1H[2J
Get Statistics
Type     Time(s)  Ops          TPS(ops/s)   Net(M/s)   Get_miss   Min(us)  Max(us)    Avg(us)    Std_dev    Geo_dist  
Period   1        23207        23207        3.3        0          276      66997      5263       4789.56    3317.42
Global   13       312952       24073        3.2        0          255      88352      5085       4387.88    3268.34

Set Statistics
Type     Time(s)  Ops          TPS(ops/s)   Net(M/s)   Get_miss   Min(us)  Max(us)    Avg(us)    Std_dev    Geo_dist  
Period   1        236          236          0.0        0          680      27876      5464       4204.09    3709.93
Global   13       3227         248          0.0        0          272      39296      5307       4182.62    3516.77

Total Statistics
Type     Time(s)  Ops          TPS(ops/s)   Net(M/s)   Get_miss   Min(us)  Max(us)    Avg(us)    Std_dev    Geo_dist  
Period   1        23443        23443        3.3        0          276      66997      5265       4784.02    3321.16
Global   13       316179       24321        3.2        0          255      88352      5088       4385.03    3270.79

[1;1H[2J
Get Statistics
Type     Time(s)  Ops          TPS(ops/s)   Net(M/s)   Get_miss   Min(us)  Max(us)    Avg(us)    Std_dev    Geo_dist  
Period   1        23719        23719        3.3        0          252      59997      5095       4485.50    3288.72
Global   14       336671       24047        3.3        0          252      88352      5086       4394.48    3269.77

Set Statistics
Type     Time(s)  Ops          TPS(ops/s)   Net(M/s)   Get_miss   Min(us)  Max(us)    Avg(us)    Std_dev    Geo_dist  
Period   1        231          231          0.0        0          311      24877      4785       3914.84    3126.92
Global   14       3458         247          0.0        0          272      39296      5272       4166.93    3489.27

Total Statistics
Type     Time(s)  Ops          TPS(ops/s)   Net(M/s)   Get_miss   Min(us)  Max(us)    Avg(us)    Std_dev    Geo_dist  
Period   1        23950        23950        3.3        0          252      59997      5092       4480.38    3287.12
Global   14       340129       24294        3.3        0          252      88352      5088       4392.13    3271.93

[1;1H[2J
Get Statistics
Type     Time(s)  Ops          TPS(ops/s)   Net(M/s)   Get_miss   Min(us)  Max(us)    Avg(us)    Std_dev    Geo_dist  
Period   1        24786        24786        3.3        0          349      40675      4933       4255.54    3121.72
Global   15       361457       24097        3.4        0          252      88352      5075       4385.84    3259.40

Set Statistics
Type     Time(s)  Ops          TPS(ops/s)   Net(M/s)   Get_miss   Min(us)  Max(us)    Avg(us)    Std_dev    Geo_dist  
Period   1        252          252          0.0        0          528      26144      5169       4046.36    3379.59
Global   15       3710         247          0.0        0          272      39296      5265       4158.41    3481.71

Total Statistics
Type     Time(s)  Ops          TPS(ops/s)   Net(M/s)   Get_miss   Min(us)  Max(us)    Avg(us)    Std_dev    Geo_dist  
Period   1        25038        25038        3.3        0          349      40675      4935       4253.91    3124.21
Global   15       365167       24344        3.4        0          252      88352      5077       4383.55    3261.59

[1;1H[2J
Get Statistics
Type     Time(s)  Ops          TPS(ops/s)   Net(M/s)   Get_miss   Min(us)  Max(us)    Avg(us)    Std_dev    Geo_dist  
Period   1        25351        25351        3.3        0          324      78573      4780       4545.32    2896.80
Global   16       386808       24175        3.5        0          252      88352      5056       4396.69    3234.30

Set Statistics
Type     Time(s)  Ops          TPS(ops/s)   Net(M/s)   Get_miss   Min(us)  Max(us)    Avg(us)    Std_dev    Geo_dist  
Period   1        261          261          0.0        0          464      67874      5720       6406.07    3412.19
Global   16       3971         248          0.0        0          272      67874      5295       4342.21    3477.10

Total Statistics
Type     Time(s)  Ops          TPS(ops/s)   Net(M/s)   Get_miss   Min(us)  Max(us)    Avg(us)    Std_dev    Geo_dist  
Period   1        25614        25614        3.4        0          324      78573      4790       4568.67    2901.87
Global   16       390781       24423        3.5        0          252      88352      5058       4396.70    3236.70

[1;1H[2J
Get Statistics
Type     Time(s)  Ops          TPS(ops/s)   Net(M/s)   Get_miss   Min(us)  Max(us)    Avg(us)    Std_dev    Geo_dist  
Period   1        25898        25898        3.3        0          333      66748      4738       4168.18    2987.72
Global   17       412706       24276        3.6        0          252      88352      5036       4383.44    3218.32

Set Statistics
Type     Time(s)  Ops          TPS(ops/s)   Net(M/s)   Get_miss   Min(us)  Max(us)    Avg(us)    Std_dev    Geo_dist  
Period   1        256          256          0.0        0          374      28409      5165       4240.38    3292.80
Global   17       4227         248          0.0        0          272      67874      5287       4335.89    3465.65

Total Statistics
Type     Time(s)  Ops          TPS(ops/s)   Net(M/s)   Get_miss   Min(us)  Max(us)    Avg(us)    Std_dev    Geo_dist  
Period   1        26152        26152        3.4        0          333      66748      4743       4168.13    2991.36
Global   17       416933       24525        3.6        0          252      88352      5039       4382.51    3220.74

[1;1H[2J
Get Statistics
Type     Time(s)  Ops          TPS(ops/s)   Net(M/s)   Get_miss   Min(us)  Max(us)    Avg(us)    Std_dev    Geo_dist  
Period   1        24955        24955        3.3        0          289      45013      4909       4224.57    3098.75
Global   18       437661       24314        3.4        0          252      88352      5029       4374.36    3211.38

Set Statistics
Type     Time(s)  Ops          TPS(ops/s)   Net(M/s)   Get_miss   Min(us)  Max(us)    Avg(us)    Std_dev    Geo_dist  
Period   1        256          256          0.0        0          435      20415      5071       4050.91    3272.92
Global   18       4483         249          0.0        0          272      67874      5275       4319.57    3454.34

Total Statistics
Type     Time(s)  Ops          TPS(ops/s)   Net(M/s)   Get_miss   Min(us)  Max(us)    Avg(us)    Std_dev    Geo_dist  
Period   1        25211        25211        3.4        0          289      45013      4911       4222.38    3100.47
Global   18       442144       24563        3.5        0          252      88352      5031       4374.44    3213.75

[1;1H[2J
Get Statistics
Type     Time(s)  Ops          TPS(ops/s)   Net(M/s)   Get_miss   Min(us)  Max(us)    Avg(us)    Std_dev    Geo_dist  
Period   1        23918        23918        3.3        0          281      68123      5142       4856.28    3145.90
Global   19       461579       24293        3.3        0          252      88352      5035       4400.53    3207.95

Set Statistics
Type     Time(s)  Ops          TPS(ops/s)   Net(M/s)   Get_miss   Min(us)  Max(us)    Avg(us)    Std_dev    Geo_dist  
Period   1        245          245          0.0        0          419      21525      5359       4309.59    3450.83
Global   19       4728         248          0.0        0          272      67874      5279       4319.07    3454.16

Total Statistics
Type     Time(s)  Ops          TPS(ops/s)   Net(M/s)   Get_miss   Min(us)  Max(us)    Avg(us)    Std_dev    Geo_dist  
Period   1        24163        24163        3.4        0          281      68123      5144       4851.23    3148.86
Global   19       466307       24542        3.3        0          252      88352      5037       4400.31    3210.36

[1;1H[2J
Get Statistics
Type     Time(s)  Ops          TPS(ops/s)   Net(M/s)   Get_miss   Min(us)  Max(us)    Avg(us)    Std_dev    Geo_dist  
Period   1        24985        24985        3.3        0          326      78256      4893       4491.24    3047.94
Global   20       486564       24328        3.4        0          252      88352      5027       4406.14    3199.53

Set Statistics
Type     Time(s)  Ops          TPS(ops/s)   Net(M/s)   Get_miss   Min(us)  Max(us)    Avg(us)    Std_dev    Geo_dist  
Period   1        250          250          0.0        0          542      29266      5286       4435.42    3408.68
Global   20       4978         248          0.0        0          272      67874      5280       4323.74    3451.86

Total Statistics
Type     Time(s)  Ops          TPS(ops/s)   Net(M/s)   Get_miss   Min(us)  Max(us)    Avg(us)    Std_dev    Geo_dist  
Period   1        25235        25235        3.4        0          326      78256      4897       4490.65    3051.32
Global   20       491542       24577        3.5        0          252      88352      5030       4404.89    3202.00

[1;1H[2J
Get Statistics
Type     Time(s)  Ops          TPS(ops/s)   Net(M/s)   Get_miss   Min(us)  Max(us)    Avg(us)    Std_dev    Geo_dist  
Period   1        24201        24201        3.3        0          190      56068      5088       4160.91    3337.53
Global   21       510765       24322        3.3        0          190      88352      5030       4394.72    3205.94

Set Statistics
Type     Time(s)  Ops          TPS(ops/s)   Net(M/s)   Get_miss   Min(us)  Max(us)    Avg(us)    Std_dev    Geo_dist  
Period   1        249          249          0.0        0          463      20392      5038       4108.13    3255.89
Global   21       5227         248          0.0        0          272      67874      5268       4314.23    3442.27

Total Statistics
Type     Time(s)  Ops          TPS(ops/s)   Net(M/s)   Get_miss   Min(us)  Max(us)    Avg(us)    Std_dev    Geo_dist  
Period   1        24451        24451        3.4        0          190      56068      5087       4160.69    3336.58
Global   21       515993       24571        3.4        0          190      88352      5033       4393.29    3208.25

[1;1H[2J
Get Statistics
Type     Time(s)  Ops          TPS(ops/s)   Net(M/s)   Get_miss   Min(us)  Max(us)    Avg(us)    Std_dev    Geo_dist  
Period   1        24380        24380        3.3        0          278      79832      5032       4367.13    3230.23
Global   22       535145       24324        3.3        0          190      88352      5030       4393.57    3207.09

Set Statistics
Type     Time(s)  Ops          TPS(ops/s)   Net(M/s)   Get_miss   Min(us)  Max(us)    Avg(us)    Std_dev    Geo_dist  
Period   1        239          239          0.0        0          602      24426      4980       4024.37    3271.66
Global   22       5466         248          0.0        0          272      67874      5255       4302.51    3434.62

Total Statistics
Type     Time(s)  Ops          TPS(ops/s)   Net(M/s)   Get_miss   Min(us)  Max(us)    Avg(us)    Std_dev    Geo_dist  
Period   1        24618        24618        3.4        0          278      79832      5032       4362.86    3230.46
Global   22       540611       24573        3.4        0          190      88352      5033       4391.88    3209.31

[1;1H[2J
Get Statistics
Type     Time(s)  Ops          TPS(ops/s)   Net(M/s)   Get_miss   Min(us)  Max(us)    Avg(us)    Std_dev    Geo_dist  
Period   1        25290        25290        3.3        0          301      69797      4851       4392.51    3061.29
Global   23       560435       24366        3.5        0          190      88352      5022       4393.59    3200.36

Set Statistics
Type     Time(s)  Ops          TPS(ops/s)   Net(M/s)   Get_miss   Min(us)  Max(us)    Avg(us)    Std_dev    Geo_dist  
Period   1        261          261          0.0        0          493      35355      5072       4609.36    3235.76
Global   23       5727         249          0.0        0          272      67874      5247       4316.30    3425.30

Total Statistics
Type     Time(s)  Ops          TPS(ops/s)   Net(M/s)   Get_miss   Min(us)  Max(us)    Avg(us)    Std_dev    Geo_dist  
Period   1        25551        25551        3.4        0          301      69797      4853       4395.03    3063.02
Global   23       566162       24615        3.5        0          190      88352      5025       4392.04    3202.56

[1;1H[2J
Get Statistics
Type     Time(s)  Ops          TPS(ops/s)   Net(M/s)   Get_miss   Min(us)  Max(us)    Avg(us)    Std_dev    Geo_dist  
Period   1        24849        24849        3.3        0          281      79252      4962       4681.22    3037.81
Global   24       585284       24386        3.4        0          190      88352      5020       4405.57    3193.29

Set Statistics
Type     Time(s)  Ops          TPS(ops/s)   Net(M/s)   Get_miss   Min(us)  Max(us)    Avg(us)    Std_dev    Geo_dist  
Period   1        246          246          0.0        0          633      31984      5151       4218.65    3295.11
Global   24       5973         248          0.0        0          272      67874      5243       4312.08    3419.84

Total Statistics
Type     Time(s)  Ops          TPS(ops/s)   Net(M/s)   Get_miss   Min(us)  Max(us)    Avg(us)    Std_dev    Geo_dist  
Period   1        25095        25095        3.4        0          281      79252      4964       4676.71    3040.23
Global   24       591257       24635        3.4        0          190      88352      5022       4404.98    3195.50

[1;1H[2J
Get Statistics
Type     Time(s)  Ops          TPS(ops/s)   Net(M/s)   Get_miss   Min(us)  Max(us)    Avg(us)    Std_dev    Geo_dist  
Period   1        24072        24072        3.3        0          227      59031      5023       4776.74    3092.06
Global   25       609356       24374        3.3        0          190      88352      5020       4420.95    3189.23

Set Statistics
Type     Time(s)  Ops          TPS(ops/s)   Net(M/s)   Get_miss   Min(us)  Max(us)    Avg(us)    Std_dev    Geo_dist  
Period   1        244          244          0.0        0          412      41365      5369       4941.21    3327.41
Global   25       6217         248          0.0        0          272      67874      5248       4338.04    3416.16

Total Statistics
Type     Time(s)  Ops          TPS(ops/s)   Net(M/s)   Get_miss   Min(us)  Max(us)    Avg(us)    Std_dev    Geo_dist  
Period   1        24316        24316        3.4        0          227      59031      5026       4778.93    3094.33
Global   25       615573       24622        3.3        0          190      88352      5022       4420.52    3191.44

[1;1H[2J
Get Statistics
Type     Time(s)  Ops          TPS(ops/s)   Net(M/s)   Get_miss   Min(us)  Max(us)    Avg(us)    Std_dev    Geo_dist  
Period   1        23852        23852        3.3        0          214      50809      5160       4662.76    3212.88
Global   26       633208       24354        3.3        0          190      88352      5025       4430.69    3190.11

Set Statistics
Type     Time(s)  Ops          TPS(ops/s)   Net(M/s)   Get_miss   Min(us)  Max(us)    Avg(us)    Std_dev    Geo_dist  
Period   1        243          243          0.0        0          483      28788      5364       4760.13    3421.37
Global   26       6460         248          0.0        0          272      67874      5252       4354.75    3416.36

Total Statistics
Type     Time(s)  Ops          TPS(ops/s)   Net(M/s)   Get_miss   Min(us)  Max(us)    Avg(us)    Std_dev    Geo_dist  
Period   1        24095        24095        3.4        0          214      50809      5162       4663.76    3214.92
Global   26       639668       24602        3.3        0          190      88352      5027       4430.31    3192.32

[1;1H[2J
Get Statistics
Type     Time(s)  Ops          TPS(ops/s)   Net(M/s)   Get_miss   Min(us)  Max(us)    Avg(us)    Std_dev    Geo_dist  
Period   1        24955        24955        3.3        0          324      44277      4853       4161.31    3108.36
Global   27       658163       24376        3.4        0          190      88352      5019       4420.30    3186.98

Set Statistics
Type     Time(s)  Ops          TPS(ops/s)   Net(M/s)   Get_miss   Min(us)  Max(us)    Avg(us)    Std_dev    Geo_dist  
Period   1        252          252          0.0        0          518      44268      5387       4863.97    3456.78
Global   27       6712         248          0.0        0          272      67874      5258       4373.50    3417.87

Total Statistics
Type     Time(s)  Ops          TPS(ops/s)   Net(M/s)   Get_miss   Min(us)  Max(us)    Avg(us)    Std_dev    Geo_dist  
Period   1        25207        25207        3.4        0          324      44277      4858       4169.54    3111.67
Global   27       664875       24625        3.5        0          190      88352      5021       4420.36    3189.23

[1;1H[2J
Get Statistics
Type     Time(s)  Ops          TPS(ops/s)   Net(M/s)   Get_miss   Min(us)  Max(us)    Avg(us)    Std_dev    Geo_dist  
Period   1        24115        24115        3.3        0          282      42555      5094       4320.24    3316.43
Global   28       682278       24367        3.3        0          190      88352      5021       4417.56    3191.46

Set Statistics
Type     Time(s)  Ops          TPS(ops/s)   Net(M/s)   Get_miss   Min(us)  Max(us)    Avg(us)    Std_dev    Geo_dist  
Period   1        240          240          0.0        0          391      27443      5485       4185.00    3631.91
Global   28       6952         248          0.0        0          272      67874      5265       4368.04    3425.04

Total Statistics
Type     Time(s)  Ops          TPS(ops/s)   Net(M/s)   Get_miss   Min(us)  Max(us)    Avg(us)    Std_dev    Geo_dist  
Period   1        24355        24355        3.4        0          282      42555      5098       4318.84    3319.40
Global   28       689230       24615        3.3        0          190      88352      5024       4416.52    3193.74

[1;1H[2J
Get Statistics
Type     Time(s)  Ops          TPS(ops/s)   Net(M/s)   Get_miss   Min(us)  Max(us)    Avg(us)    Std_dev    Geo_dist  
Period   1        24395        24395        3.3        0          325      47765      5009       4017.78    3308.15
Global   29       706673       24368        3.4        0          190      88352      5021       4403.89    3195.42

Set Statistics
Type     Time(s)  Ops          TPS(ops/s)   Net(M/s)   Get_miss   Min(us)  Max(us)    Avg(us)    Std_dev    Geo_dist  
Period   1        249          249          0.0        0          398      31015      4869       4509.90    3081.39
Global   29       7201         248          0.0        0          272      67874      5252       4372.47    3412.54

Total Statistics
Type     Time(s)  Ops          TPS(ops/s)   Net(M/s)   Get_miss   Min(us)  Max(us)    Avg(us)    Std_dev    Geo_dist  
Period   1        24644        24644        3.4        0          325      47765      5007       4023.70    3305.78
Global   29       713874       24616        3.4        0          190      88352      5023       4404.01    3197.54

[1;1H[2J
Get Statistics
Type     Time(s)  Ops          TPS(ops/s)   Net(M/s)   Get_miss   Min(us)  Max(us)    Avg(us)    Std_dev    Geo_dist  
Period   1        24782        24782        3.3        0          146      48615      4917       4144.66    3138.53
Global   30       731455       24381        3.4        0          146      88352      5017       4395.94    3193.48

Set Statistics
Type     Time(s)  Ops          TPS(ops/s)   Net(M/s)   Get_miss   Min(us)  Max(us)    Avg(us)    Std_dev    Geo_dist  
Period   1        252          252          0.0        0          423      29726      4931       4106.70    3254.37
Global   30       7453         248          0.0        0          272      67874      5241       4364.05    3407.07

Total Statistics
Type     Time(s)  Ops          TPS(ops/s)   Net(M/s)   Get_miss   Min(us)  Max(us)    Avg(us)    Std_dev    Geo_dist  
Period   1        25034        25034        3.4        0          146      48615      4917       4144.36    3139.67
Global   30       738908       24630        3.4        0          146      88352      5020       4394.83    3195.56

[1;1H[2J
Get Statistics
Type     Time(s)  Ops          TPS(ops/s)   Net(M/s)   Get_miss   Min(us)  Max(us)    Avg(us)    Std_dev    Geo_dist  
Period   1        25158        25158        3.4        0          270      51684      4902       4357.76    3104.16
Global   31       756613       24406        3.5        0          146      88352      5013       4394.92    3190.47

Set Statistics
Type     Time(s)  Ops          TPS(ops/s)   Net(M/s)   Get_miss   Min(us)  Max(us)    Avg(us)    Std_dev    Geo_dist  
Period   1        254          254          0.0        0          441      38537      5161       4506.76    3266.69
Global   31       7707         248          0.0        0          272      67874      5238       4368.98    3402.35

Total Statistics
Type     Time(s)  Ops          TPS(ops/s)   Net(M/s)   Get_miss   Min(us)  Max(us)    Avg(us)    Std_dev    Geo_dist  
Period   1        25412        25412        3.4        0          270      51684      4904       4359.92    3105.74
Global   31       764320       24655        3.5        0          146      88352      5016       4393.88    3192.54

[1;1H[2J
Get Statistics
Type     Time(s)  Ops          TPS(ops/s)   Net(M/s)   Get_miss   Min(us)  Max(us)    Avg(us)    Std_dev    Geo_dist  
Period   1        25030        25030        3.4        0          207      49855      4790       4216.28    2987.68
Global   32       781643       24426        3.4        0          146      88352      5006       4389.33    3183.77

Set Statistics
Type     Time(s)  Ops          TPS(ops/s)   Net(M/s)   Get_miss   Min(us)  Max(us)    Avg(us)    Std_dev    Geo_dist  
Period   1        250          250          0.0        0          430      33829      5289       4691.90    3319.41
Global   32       7957         248          0.0        0          272      67874      5240       4378.71    3399.71

Total Statistics
Type     Time(s)  Ops          TPS(ops/s)   Net(M/s)   Get_miss   Min(us)  Max(us)    Avg(us)    Std_dev    Geo_dist  
Period   1        25280        25280        3.4        0          207      49855      4795       4221.35    2990.80
Global   32       789600       24675        3.5        0          146      88352      5009       4388.55    3185.87

[1;1H[2J
Get Statistics
Type     Time(s)  Ops          TPS(ops/s)   Net(M/s)   Get_miss   Min(us)  Max(us)    Avg(us)    Std_dev    Geo_dist  
Period   1        24843        24843        3.4        0          284      51436      4881       4568.94    2969.46
Global   33       806486       24438        3.4        0          146      88352      5002       4395.19    3176.94

Set Statistics
Type     Time(s)  Ops          TPS(ops/s)   Net(M/s)   Get_miss   Min(us)  Max(us)    Avg(us)    Std_dev    Geo_dist  
Period   1        259          259          0.0        0          430      28124      5280       4401.24    3371.50
Global   33       8216         248          0.0        0          272      67874      5241       4379.47    3398.82

Total Statistics
Type     Time(s)  Ops          TPS(ops/s)   Net(M/s)   Get_miss   Min(us)  Max(us)    Avg(us)    Std_dev    Geo_dist  
Period   1        25102        25102        3.4        0          284      51436      4886       4566.39    2973.35
Global   33       814702       24687        3.4        0          146      88352      5005       4394.42    3179.10

[1;1H[2J
Get Statistics
Type     Time(s)  Ops          TPS(ops/s)   Net(M/s)   Get_miss   Min(us)  Max(us)    Avg(us)    Std_dev    Geo_dist  
Period   1        24811        24811        3.4        0          290      127509     4957       4671.23    3101.59
Global   34       831297       24449        3.4        0          146      127509     5001       4403.29    3174.66

Set Statistics
Type     Time(s)  Ops          TPS(ops/s)   Net(M/s)   Get_miss   Min(us)  Max(us)    Avg(us)    Std_dev    Geo_dist  
Period   1        242          242          0.0        0          565      20476      4535       4105.55    2892.07
Global   34       8458         248          0.0        0          272      67874      5221       4372.99    3383.15

Total Statistics
Type     Time(s)  Ops          TPS(ops/s)   Net(M/s)   Get_miss   Min(us)  Max(us)    Avg(us)    Std_dev    Geo_dist  
Period   1        25053        25053        3.4        0          290      127509     4953       4666.12    3099.49
Global   34       839755       24698        3.4        0          146      127509     5003       4403.28    3176.70

[1;1H[2J
Get Statistics
Type     Time(s)  Ops          TPS(ops/s)   Net(M/s)   Get_miss   Min(us)  Max(us)    Avg(us)    Std_dev    Geo_dist  
Period   1        23939        23939        3.4        0          300      97608      5044       4923.51    3092.13
Global   35       855236       24435        3.3        0          146      127509     5002       4418.92    3172.32

Set Statistics
Type     Time(s)  Ops          TPS(ops/s)   Net(M/s)   Get_miss   Min(us)  Max(us)    Avg(us)    Std_dev    Geo_dist  
Period   1        243          243          0.0        0          602      37383      5287       4756.46    3358.21
Global   35       8701         248          0.0        0          272      67874      5223       4383.68    3382.46

Total Statistics
Type     Time(s)  Ops          TPS(ops/s)   Net(M/s)   Get_miss   Min(us)  Max(us)    Avg(us)    Std_dev    Geo_dist  
Period   1        24183        24183        3.4        0          300      97608      5047       4921.36    3094.83
Global   35       863938       24683        3.3        0          146      127509     5005       4417.75    3174.38

[1;1H[2J
Get Statistics
Type     Time(s)  Ops          TPS(ops/s)   Net(M/s)   Get_miss   Min(us)  Max(us)    Avg(us)    Std_dev    Geo_dist  
Period   1        25206        25206        3.4        0          360      57975      4880       4487.26    3040.92
Global   36       880442       24456        3.5        0          146      127509     4999       4420.38    3168.48

Set Statistics
Type     Time(s)  Ops          TPS(ops/s)   Net(M/s)   Get_miss   Min(us)  Max(us)    Avg(us)    Std_dev    Geo_dist  
Period   1        258          258          0.0        0          413      47208      5404       6030.26    3221.51
Global   36       8959         248          0.0        0          272      67874      5228       4439.55    3377.71

Total Statistics
Type     Time(s)  Ops          TPS(ops/s)   Net(M/s)   Get_miss   Min(us)  Max(us)    Avg(us)    Std_dev    Geo_dist  
Period   1        25463        25463        3.4        0          360      57975      4885       4505.90    3042.57
Global   36       889401       24705        3.5        0          146      127509     5001       4420.97    3170.52

[1;1H[2J
Get Statistics
Type     Time(s)  Ops          TPS(ops/s)   Net(M/s)   Get_miss   Min(us)  Max(us)    Avg(us)    Std_dev    Geo_dist  
Period   1        25991        25991        3.4        0          318      82291      4693       4671.10    2861.79
Global   37       906433       24498        3.6        0          146      127509     4990       4428.31    3159.25

Set Statistics
Type     Time(s)  Ops          TPS(ops/s)   Net(M/s)   Get_miss   Min(us)  Max(us)    Avg(us)    Std_dev    Geo_dist  
Period   1        255          255          0.0        0          525      22115      4803       4141.09    3019.28
Global   37       9214         249          0.0        0          272      67874      5216       4432.18    3367.24

Total Statistics
Type     Time(s)  Ops          TPS(ops/s)   Net(M/s)   Get_miss   Min(us)  Max(us)    Avg(us)    Std_dev    Geo_dist  
Period   1        26246        26246        3.4        0          318      82291      4694       4666.25    2863.27
Global   37       915647       24747        3.6        0          146      127509     4992       4428.71    3161.27

[1;1H[2J
Get Statistics
Type     Time(s)  Ops          TPS(ops/s)   Net(M/s)   Get_miss   Min(us)  Max(us)    Avg(us)    Std_dev    Geo_dist  
Period   1        25043        25043        3.4        0          307      87691      4913       4580.12    2989.99
Global   38       931476       24512        3.4        0          146      127509     4988       4432.40    3154.57

Set Statistics
Type     Time(s)  Ops          TPS(ops/s)   Net(M/s)   Get_miss   Min(us)  Max(us)    Avg(us)    Std_dev    Geo_dist  
Period   1        261          261          0.0        0          372      30361      5445       4723.92    3328.31
Global   38       9475         249          0.0        0          272      67874      5222       4440.73    3366.16

Total Statistics
Type     Time(s)  Ops          TPS(ops/s)   Net(M/s)   Get_miss   Min(us)  Max(us)    Avg(us)    Std_dev    Geo_dist  
Period   1        25305        25305        3.4        0          307      87691      4918       4582.18    2993.20
Global   38       940952       24761        3.5        0          146      127509     4990       4432.93    3156.63

[1;1H[2J
Get Statistics
Type     Time(s)  Ops          TPS(ops/s)   Net(M/s)   Get_miss   Min(us)  Max(us)    Avg(us)    Std_dev    Geo_dist  
Period   1        24833        24833        3.4        0          319      66213      4945       4294.89    3148.22
Global   39       956309       24520        3.4        0          146      127509     4987       4428.75    3154.43

Set Statistics
Type     Time(s)  Ops          TPS(ops/s)   Net(M/s)   Get_miss   Min(us)  Max(us)    Avg(us)    Std_dev    Geo_dist  
Period   1        249          249          0.0        0          559      23624      4951       3818.64    3323.04
Global   39       9724         249          0.0        0          272      67874      5216       4424.82    3365.05

Total Statistics
Type     Time(s)  Ops          TPS(ops/s)   Net(M/s)   Get_miss   Min(us)  Max(us)    Avg(us)    Std_dev    Geo_dist  
Period   1        25081        25081        3.4        0          319      66213      4945       4290.62    3150.05
Global   39       966033       24770        3.4        0          146      127509     4989       4429.11    3156.49

[1;1H[2J
Get Statistics
Type     Time(s)  Ops          TPS(ops/s)   Net(M/s)   Get_miss   Min(us)  Max(us)    Avg(us)    Std_dev    Geo_dist  
Period   1        24468        24468        3.4        0          214      84428      4943       5529.18    2873.76
Global   40       980777       24519        3.4        0          146      127509     4986       4459.40    3147.11

Set Statistics
Type     Time(s)  Ops          TPS(ops/s)   Net(M/s)   Get_miss   Min(us)  Max(us)    Avg(us)    Std_dev    Geo_dist  
Period   1        243          243          0.0        0          472      61076      5300       5650.15    3231.21
Global   40       9967         249          0.0        0          272      67874      5218       4458.42    3361.72

Total Statistics
Type     Time(s)  Ops          TPS(ops/s)   Net(M/s)   Get_miss   Min(us)  Max(us)    Avg(us)    Std_dev    Geo_dist  
Period   1        24711        24711        3.4        0          214      84428      4947       5529.94    2877.07
Global   40       990744       24768        3.4        0          146      127509     4988       4459.82    3149.20

[1;1H[2J
Get Statistics
Type     Time(s)  Ops          TPS(ops/s)   Net(M/s)   Get_miss   Min(us)  Max(us)    Avg(us)    Std_dev    Geo_dist  
Period   1        24586        24586        3.4        0          308      98490      4944       5282.19    2896.07
Global   41       1005363      24521        3.4        0          146      127509     4985       4481.30    3140.72

Set Statistics
Type     Time(s)  Ops          TPS(ops/s)   Net(M/s)   Get_miss   Min(us)  Max(us)    Avg(us)    Std_dev    Geo_dist  
Period   1        250          250          0.0        0          364      20945      4950       4095.08    3121.13
Global   41       10217        249          0.0        0          272      67874      5211       4450.41    3355.62

Total Statistics
Type     Time(s)  Ops          TPS(ops/s)   Net(M/s)   Get_miss   Min(us)  Max(us)    Avg(us)    Std_dev    Geo_dist  
Period   1        24836        24836        3.4        0          308      98490      4944       5271.57    2898.25
Global   41       1015580      24770        3.4        0          146      127509     4987       4481.35    3142.81

[1;1H[2J
Get Statistics
Type     Time(s)  Ops          TPS(ops/s)   Net(M/s)   Get_miss   Min(us)  Max(us)    Avg(us)    Std_dev    Geo_dist  
Period   1        24852        24852        3.4        0          298      48856      4914       4119.68    3171.65
Global   42       1030215      24528        3.4        0          146      127509     4983       4473.25    3141.46

Set Statistics
Type     Time(s)  Ops          TPS(ops/s)   Net(M/s)   Get_miss   Min(us)  Max(us)    Avg(us)    Std_dev    Geo_dist  
Period   1        252          252          0.0        0          360      27772      5724       4656.89    3730.13
Global   42       10469        249          0.0        0          272      67874      5223       4456.36    3364.18

Total Statistics
Type     Time(s)  Ops          TPS(ops/s)   Net(M/s)   Get_miss   Min(us)  Max(us)    Avg(us)    Std_dev    Geo_dist  
Period   1        25104        25104        3.4        0          298      48856      4923       4125.07    3176.81
Global   42       1040684      24778        3.4        0          146      127509     4985       4473.60    3143.62

[1;1H[2J
Get Statistics
Type     Time(s)  Ops          TPS(ops/s)   Net(M/s)   Get_miss   Min(us)  Max(us)    Avg(us)    Std_dev    Geo_dist  
Period   1        23159        23159        3.4        0          322      129848     5299       6791.46    3158.57
Global   43       1053374      24497        3.2        0          146      129848     4990       4537.14    3141.83

Set Statistics
Type     Time(s)  Ops          TPS(ops/s)   Net(M/s)   Get_miss   Min(us)  Max(us)    Avg(us)    Std_dev    Geo_dist  
Period   1        231          231          0.0        0          480      42861      5083       4660.54    3253.50
Global   43       10700        248          0.0        0          272      67874      5220       4460.66    3361.75

Total Statistics
Type     Time(s)  Ops          TPS(ops/s)   Net(M/s)   Get_miss   Min(us)  Max(us)    Avg(us)    Std_dev    Geo_dist  
Period   1        23390        23390        3.4        0          322      129848     5297       6773.55    3159.50
Global   43       1064074      24745        3.2        0          146      129848     4992       4536.78    3143.97

[1;1H[2J
Get Statistics
Type     Time(s)  Ops          TPS(ops/s)   Net(M/s)   Get_miss   Min(us)  Max(us)    Avg(us)    Std_dev    Geo_dist  
Period   1        23009        23009        3.4        0          229      99462      5267       7454.80    3005.25
Global   44       1076383      24463        3.2        0          146      129848     4996       4618.91    3138.85

Set Statistics
Type     Time(s)  Ops          TPS(ops/s)   Net(M/s)   Get_miss   Min(us)  Max(us)    Avg(us)    Std_dev    Geo_dist  
Period   1        235          235          0.0        0          475      90088      5792       8389.87    3459.92
Global   44       10935        248          0.0        0          272      90088      5233       4579.93    3363.83

Total Statistics
Type     Time(s)  Ops          TPS(ops/s)   Net(M/s)   Get_miss   Min(us)  Max(us)    Avg(us)    Std_dev    Geo_dist  
Period   1        23244        23244        3.4        0          229      99462      5273       7464.33    3009.53
Global   44       1087318      24711        3.2        0          146      129848     4998       4618.99    3141.04

[1;1H[2J
Get Statistics
Type     Time(s)  Ops          TPS(ops/s)   Net(M/s)   Get_miss   Min(us)  Max(us)    Avg(us)    Std_dev    Geo_dist  
Period   1        23536        23536        3.4        0          288      71912      5143       5392.75    3121.80
Global   45       1099919      24442        3.2        0          146      129848     4999       4637.03    3138.48

Set Statistics
Type     Time(s)  Ops          TPS(ops/s)   Net(M/s)   Get_miss   Min(us)  Max(us)    Avg(us)    Std_dev    Geo_dist  
Period   1        234          234          0.0        0          625      48328      5641       4963.07    3690.02
Global   45       11169        248          0.0        0          272      90088      5241       4589.04    3370.36

Total Statistics
Type     Time(s)  Ops          TPS(ops/s)   Net(M/s)   Get_miss   Min(us)  Max(us)    Avg(us)    Std_dev    Geo_dist  
Period   1        23770        23770        3.4        0          288      71912      5148       5388.72    3126.94
Global   45       1111088      24690        3.3        0          146      129848     5002       4635.99    3140.73

[1;1H[2J
Get Statistics
Type     Time(s)  Ops          TPS(ops/s)   Net(M/s)   Get_miss   Min(us)  Max(us)    Avg(us)    Std_dev    Geo_dist  
Period   1        25537        25537        3.4        0          293      129213     4841       5257.10    2872.86
Global   46       1125456      24466        3.5        0          146      129848     4996       4651.44    3132.19

Set Statistics
Type     Time(s)  Ops          TPS(ops/s)   Net(M/s)   Get_miss   Min(us)  Max(us)    Avg(us)    Std_dev    Geo_dist  
Period   1        265          265          0.0        0          463      58513      5171       5922.28    2992.42
Global   46       11434        248          0.0        0          272      90088      5240       4623.27    3361.08

Total Statistics
Type     Time(s)  Ops          TPS(ops/s)   Net(M/s)   Get_miss   Min(us)  Max(us)    Avg(us)    Std_dev    Geo_dist  
Period   1        25802        25802        3.4        0          293      129213     4845       5263.78    2874.06
Global   46       1136890      24715        3.5        0          146      129848     4998       4651.71    3134.42

[1;1H[2J
Get Statistics
Type     Time(s)  Ops          TPS(ops/s)   Net(M/s)   Get_miss   Min(us)  Max(us)    Avg(us)    Std_dev    Geo_dist  
Period   1        24306        24306        3.4        0          327      72546      5079       4880.03    3111.83
Global   47       1149762      24463        3.3        0          146      129848     4997       4657.21    3131.76

Set Statistics
Type     Time(s)  Ops          TPS(ops/s)   Net(M/s)   Get_miss   Min(us)  Max(us)    Avg(us)    Std_dev    Geo_dist  
Period   1        244          244          0.0        0          541      29217      5465       5007.25    3368.30
Global   47       11678        248          0.0        0          272      90088      5244       4632.30    3361.23

Total Statistics
Type     Time(s)  Ops          TPS(ops/s)   Net(M/s)   Get_miss   Min(us)  Max(us)    Avg(us)    Std_dev    Geo_dist  
Period   1        24551        24551        3.4        0          327      72546      5083       4881.37    3114.43
Global   47       1161441      24711        3.4        0          146      129848     5000       4656.47    3133.99

[1;1H[2J
Get Statistics
Type     Time(s)  Ops          TPS(ops/s)   Net(M/s)   Get_miss   Min(us)  Max(us)    Avg(us)    Std_dev    Geo_dist  
Period   1        25446        25446        3.4        0          333      57667      4794       4570.01    2935.80
Global   48       1175208      24483        3.5        0          146      129848     4993       4655.02    3127.41

Set Statistics
Type     Time(s)  Ops          TPS(ops/s)   Net(M/s)   Get_miss   Min(us)  Max(us)    Avg(us)    Std_dev    Geo_dist  
Period   1        253          253          0.0        0          500      40637      4758       4714.37    2925.77
Global   48       11931        248          0.0        0          272      90088      5234       4634.04    3351.36

Total Statistics
Type     Time(s)  Ops          TPS(ops/s)   Net(M/s)   Get_miss   Min(us)  Max(us)    Avg(us)    Std_dev    Geo_dist  
Period   1        25698        25698        3.4        0          333      57667      4794       4571.17    2936.61
Global   48       1187139      24732        3.5        0          146      129848     4995       4655.32    3129.58

[1;1H[2J
Get Statistics
Type     Time(s)  Ops          TPS(ops/s)   Net(M/s)   Get_miss   Min(us)  Max(us)    Avg(us)    Std_dev    Geo_dist  
Period   1        24764        24764        3.4        0          273      90695      4987       4351.01    3174.16
Global   49       1199972      24489        3.4        0          146      129848     4993       4648.81    3128.37

Set Statistics
Type     Time(s)  Ops          TPS(ops/s)   Net(M/s)   Get_miss   Min(us)  Max(us)    Avg(us)    Std_dev    Geo_dist  
Period   1        246          246          0.0        0          400      21211      5246       4034.21    3400.38
Global   49       12177        248          0.0        0          272      90088      5234       4622.82    3352.34

Total Statistics
Type     Time(s)  Ops          TPS(ops/s)   Net(M/s)   Get_miss   Min(us)  Max(us)    Avg(us)    Std_dev    Geo_dist  
Period   1        25010        25010        3.4        0          273      90695      4989       4348.64    3176.31
Global   49       1212149      24737        3.4        0          146      129848     4995       4649.06    3130.54

[1;1H[2J
Get Statistics
Type     Time(s)  Ops          TPS(ops/s)   Net(M/s)   Get_miss   Min(us)  Max(us)    Avg(us)    Std_dev    Geo_dist  
Period   1        24874        24874        3.4        0          293      74955      4896       4131.38    3198.74
Global   50       1224846      24496        3.4        0          146      129848     4991       4638.93    3129.78

Set Statistics
Type     Time(s)  Ops          TPS(ops/s)   Net(M/s)   Get_miss   Min(us)  Max(us)    Avg(us)    Std_dev    Geo_dist  
Period   1        254          254          0.0        0          478      26584      5112       3900.08    3533.35
Global   50       12431        248          0.0        0          272      90088      5232       4608.52    3355.94

Total Statistics
Type     Time(s)  Ops          TPS(ops/s)   Net(M/s)   Get_miss   Min(us)  Max(us)    Avg(us)    Std_dev    Geo_dist  
Period   1        25128        25128        3.4        0          293      74955      4898       4129.30    3201.96
Global   50       1237277      24745        3.5        0          146      129848     4993       4639.14    3131.97

[1;1H[2J
Get Statistics
Type     Time(s)  Ops          TPS(ops/s)   Net(M/s)   Get_miss   Min(us)  Max(us)    Avg(us)    Std_dev    Geo_dist  
Period   1        23989        23989        3.4        0          248      83002      5101       5069.85    3095.97
Global   51       1248835      24486        3.3        0          146      129848     4993       4647.72    3129.13

Set Statistics
Type     Time(s)  Ops          TPS(ops/s)   Net(M/s)   Get_miss   Min(us)  Max(us)    Avg(us)    Std_dev    Geo_dist  
Period   1        241          241          0.0        0          574      34828      5508       4652.39    3592.43
Global   51       12672        248          0.0        0          272      90088      5237       4609.61    3360.29

Total Statistics
Type     Time(s)  Ops          TPS(ops/s)   Net(M/s)   Get_miss   Min(us)  Max(us)    Avg(us)    Std_dev    Geo_dist  
Period   1        24230        24230        3.4        0          248      83002      5105       5065.98    3100.56
Global   51       1261507      24735        3.3        0          146      129848     4995       4647.89    3131.37

[1;1H[2J
Get Statistics
Type     Time(s)  Ops          TPS(ops/s)   Net(M/s)   Get_miss   Min(us)  Max(us)    Avg(us)    Std_dev    Geo_dist  
Period   1        22333        22333        3.4        0          268      87965      5446       6054.89    3271.42
Global   52       1271168      24445        3.1        0          146      129848     5001       4676.43    3131.57

Set Statistics
Type     Time(s)  Ops          TPS(ops/s)   Net(M/s)   Get_miss   Min(us)  Max(us)    Avg(us)    Std_dev    Geo_dist  
Period   1        231          231          0.0        0          473      51316      5759       6599.86    3295.88
Global   52       12903        248          0.0        0          272      90088      5246       4653.28    3359.13

Total Statistics
Type     Time(s)  Ops          TPS(ops/s)   Net(M/s)   Get_miss   Min(us)  Max(us)    Avg(us)    Std_dev    Geo_dist  
Period   1        22564        22564        3.4        0          268      87965      5450       6059.93    3271.66
Global   52       1284071      24693        3.1        0          146      129848     5003       4676.76    3133.78

[1;1H[2J
Get Statistics
Type     Time(s)  Ops          TPS(ops/s)   Net(M/s)   Get_miss   Min(us)  Max(us)    Avg(us)    Std_dev    Geo_dist  
Period   1        24918        24918        3.4        0          273      74688      4871       4621.07    2950.27
Global   53       1296086      24454        3.4        0          146      129848     4998       4675.94    3127.98

Set Statistics
Type     Time(s)  Ops          TPS(ops/s)   Net(M/s)   Get_miss   Min(us)  Max(us)    Avg(us)    Std_dev    Geo_dist  
Period   1        251          251          0.0        0          474      40715      5149       4764.78    3119.53
Global   53       13154        248          0.0        0          272      90088      5244       4655.43    3354.39

Total Statistics
Type     Time(s)  Ops          TPS(ops/s)   Net(M/s)   Get_miss   Min(us)  Max(us)    Avg(us)    Std_dev    Geo_dist  
Period   1        25169        25169        3.4        0          273      74688      4874       4622.27    2951.91
Global   53       1309240      24702        3.5        0          146      129848     5001       4675.24    3130.18

[1;1H[2J
Get Statistics
Type     Time(s)  Ops          TPS(ops/s)   Net(M/s)   Get_miss   Min(us)  Max(us)    Avg(us)    Std_dev    Geo_dist  
Period   1        24437        24437        3.4        0          202      63708      4972       4243.69    3152.26
Global   54       1320523      24454        3.4        0          146      129848     4998       4667.79    3128.43

Set Statistics
Type     Time(s)  Ops          TPS(ops/s)   Net(M/s)   Get_miss   Min(us)  Max(us)    Avg(us)    Std_dev    Geo_dist  
Period   1        244          244          0.0        0          318      18651      5088       3920.77    3348.21
Global   54       13398        248          0.0        0          272      90088      5242       4642.07    3354.28

Total Statistics
Type     Time(s)  Ops          TPS(ops/s)   Net(M/s)   Get_miss   Min(us)  Max(us)    Avg(us)    Std_dev    Geo_dist  
Period   1        24681        24681        3.4        0          202      63708      4973       4240.73    3154.14
Global   54       1333921      24702        3.4        0          146      129848     5000       4668.08    3130.62

[1;1H[2J
Get Statistics
Type     Time(s)  Ops          TPS(ops/s)   Net(M/s)   Get_miss   Min(us)  Max(us)    Avg(us)    Std_dev    Geo_dist  
Period   1        25272        25272        3.4        0          325      123627     4809       4904.79    2947.14
Global   55       1345795      24469        3.5        0          146      129848     4994       4672.90    3124.93

Set Statistics
Type     Time(s)  Ops          TPS(ops/s)   Net(M/s)   Get_miss   Min(us)  Max(us)    Avg(us)    Std_dev    Geo_dist  
Period   1        251          251          0.0        0          421      60838      4704       5080.22    2959.16
Global   55       13649        248          0.0        0          272      90088      5232       4650.98    3346.55

Total Statistics
Type     Time(s)  Ops          TPS(ops/s)   Net(M/s)   Get_miss   Min(us)  Max(us)    Avg(us)    Std_dev    Geo_dist  
Period   1        25523        25523        3.4        0          325      123627     4808       4906.42    2947.26
Global   55       1359444      24717        3.5        0          146      129848     4997       4672.09    3127.08

[1;1H[2J
Get Statistics
Type     Time(s)  Ops          TPS(ops/s)   Net(M/s)   Get_miss   Min(us)  Max(us)    Avg(us)    Std_dev    Geo_dist  
Period   1        24850        24850        3.4        0          287      68673      4872       4785.96    2971.89
Global   56       1370645      24475        3.4        0          146      129848     4992       4674.78    3122.08

Set Statistics
Type     Time(s)  Ops          TPS(ops/s)   Net(M/s)   Get_miss   Min(us)  Max(us)    Avg(us)    Std_dev    Geo_dist  
Period   1        259          259          0.0        0          436      33814      5437       5118.35    3351.93
Global   56       13908        248          0.0        0          272      90088      5236       4659.78    3346.65

Total Statistics
Type     Time(s)  Ops          TPS(ops/s)   Net(M/s)   Get_miss   Min(us)  Max(us)    Avg(us)    Std_dev    Geo_dist  
Period   1        25109        25109        3.4        0          287      68673      4878       4789.56    2975.58
Global   56       1384553      24724        3.4        0          146      129848     4995       4674.10    3124.26

[1;1H[2J
Get Statistics
Type     Time(s)  Ops          TPS(ops/s)   Net(M/s)   Get_miss   Min(us)  Max(us)    Avg(us)    Std_dev    Geo_dist  
Period   1        24719        24719        3.4        0          276      97145      4947       5316.18    2934.40
Global   57       1395364      24480        3.4        0          146      129848     4991       4687.12    3118.66

Set Statistics
Type     Time(s)  Ops          TPS(ops/s)   Net(M/s)   Get_miss   Min(us)  Max(us)    Avg(us)    Std_dev    Geo_dist  
Period   1        251          251          0.0        0          424      79288      5285       6464.11    3121.51
Global   57       14159        248          0.0        0          272      90088      5236       4698.47    3342.52

Total Statistics
Type     Time(s)  Ops          TPS(ops/s)   Net(M/s)   Get_miss   Min(us)  Max(us)    Avg(us)    Std_dev    Geo_dist  
Period   1        24970        24970        3.4        0          276      97145      4950       5329.27    2936.22
Global   57       1409523      24728        3.4        0          146      129848     4994       4686.72    3120.83

[1;1H[2J
Get Statistics
Type     Time(s)  Ops          TPS(ops/s)   Net(M/s)   Get_miss   Min(us)  Max(us)    Avg(us)    Std_dev    Geo_dist  
Period   1        25267        25267        3.4        0          303      62402      4870       4545.92    3026.48
Global   58       1420631      24493        3.5        0          146      129848     4989       4684.51    3116.99

Set Statistics
Type     Time(s)  Ops          TPS(ops/s)   Net(M/s)   Get_miss   Min(us)  Max(us)    Avg(us)    Std_dev    Geo_dist  
Period   1        259          259          0.0        0          364      33911      5340       4668.78    3398.56
Global   58       14418        248          0.0        0          272      90088      5238       4697.65    3343.52

Total Statistics
Type     Time(s)  Ops          TPS(ops/s)   Net(M/s)   Get_miss   Min(us)  Max(us)    Avg(us)    Std_dev    Geo_dist  
Period   1        25526        25526        3.4        0          303      62402      4875       4547.09    3030.04
Global   58       1435049      24742        3.5        0          146      129848     4992       4684.18    3119.19

[1;1H[2J
Get Statistics
Type     Time(s)  Ops          TPS(ops/s)   Net(M/s)   Get_miss   Min(us)  Max(us)    Avg(us)    Std_dev    Geo_dist  
Period   1        25324        25324        3.4        0          260      86278      4787       5025.94    2792.42
Global   59       1445955      24507        3.5        0          146      129848     4986       4690.21    3110.99

Set Statistics
Type     Time(s)  Ops          TPS(ops/s)   Net(M/s)   Get_miss   Min(us)  Max(us)    Avg(us)    Std_dev    Geo_dist  
Period   1        245          245          0.0        0          398      40280      4792       5336.11    2748.13
Global   59       14663        248          0.0        0          272      90088      5231       4708.67    3332.58

Total Statistics
Type     Time(s)  Ops          TPS(ops/s)   Net(M/s)   Get_miss   Min(us)  Max(us)    Avg(us)    Std_dev    Geo_dist  
Period   1        25569        25569        3.4        0          260      86278      4788       5027.99    2792.00
Global   59       1460618      24756        3.5        0          146      129848     4988       4690.94    3113.14

[1;1H[2J
Get Statistics
Type     Time(s)  Ops          TPS(ops/s)   Net(M/s)   Get_miss   Min(us)  Max(us)    Avg(us)    Std_dev    Geo_dist  
Period   1        25334        25334        3.4        0          315      118890     4875       5317.81    2895.25
Global   60       1471289      24521        3.5        0          146      129848     4984       4701.83    3107.13

Set Statistics
Type     Time(s)  Ops          TPS(ops/s)   Net(M/s)   Get_miss   Min(us)  Max(us)    Avg(us)    Std_dev    Geo_dist  
Period   1        263          263          0.0        0          444      69186      5268       7113.32    2976.83
Global   60       14926        248          0.0        0          272      90088      5232       4760.83    3325.96

Total Statistics
Type     Time(s)  Ops          TPS(ops/s)   Net(M/s)   Get_miss   Min(us)  Max(us)    Avg(us)    Std_dev    Geo_dist  
Period   1        25599        25599        3.4        0          315      118890     4879       5339.19    2895.29
Global   60       1486217      24770        3.5        0          146      129848     4986       4703.01    3109.26

Get Statistics (1471414 events)
   Min:       146
   Max:    129848
   Avg:      4984
   Geo:   3107.36
   Std:   4702.39
   Log2 Dist:
       8:       23    10388   266141   384227
      12:   117302   311381   357129    21604
      16:     2793      426

Set Statistics (14928 events)
   Min:       272
   Max:     90088
   Avg:      5231
   Geo:   3325.93
   Std:   4761.72
   Log2 Dist:
       8:        0       85     2307     3968
      12:     1201     2880     4229      222
      16:       31        5

Total Statistics (1486342 events)
   Min:       146
   Max:    129848
   Avg:      4987
   Geo:   3109.48
   Std:   4702.50
   Log2 Dist:
       8:       23    10473   268448   388195
      12:   118503   314261   361358    21826
      16:     2824      431

cmd_get: 1471537
cmd_set: 14929
get_misses: 0
written_bytes: 34759588
read_bytes: 242902734
object_bytes: 2149776

Run time: 60.3s Ops: 1486466 TPS: 24644 Net_rate: 4.4M/s
