servers : 10.0.0.11:9000
threads count: 76
concurrency: 76
run time: 60s
windows size: 10k
set proportion: set_prop=0.01
get proportion: get_prop=0.99
[1;1H[2J
Get Statistics
Type     Time(s)  Ops          TPS(ops/s)   Net(M/s)   Get_miss   Min(us)  Max(us)    Avg(us)    Std_dev    Geo_dist  
Period   1        22701        22701        3.1        0          259      18495      3253       3296.32    1926.54
Global   1        22701        22701        3.1        0          259      18495      3253       3296.32    1926.54

Set Statistics
Type     Time(s)  Ops          TPS(ops/s)   Net(M/s)   Get_miss   Min(us)  Max(us)    Avg(us)    Std_dev    Geo_dist  
Period   1        266          266          0.0        0          511      10603      4622       3554.78    2938.73
Global   1        266          266          0.0        0          511      10603      4622       3554.78    2938.73

Total Statistics
Type     Time(s)  Ops          TPS(ops/s)   Net(M/s)   Get_miss   Min(us)  Max(us)    Avg(us)    Std_dev    Geo_dist  
Period   1        22967        22967        3.2        0          259      18495      3269       3302.45    1935.98
Global   1        22967        22967        3.2        0          259      18495      3269       3302.45    1935.98

[1;1H[2J
Get Statistics
Type     Time(s)  Ops          TPS(ops/s)   Net(M/s)   Get_miss   Min(us)  Max(us)    Avg(us)    Std_dev    Geo_dist  
Period   1        23348        23348        3.2        0          228      12325      3238       3232.10    1929.69
Global   2        46049        23024        3.2        0          228      18495      3245       3264.28    1928.13

Set Statistics
Type     Time(s)  Ops          TPS(ops/s)   Net(M/s)   Get_miss   Min(us)  Max(us)    Avg(us)    Std_dev    Geo_dist  
Period   1        236          236          0.0        0          417      11355      3508       3297.87    2141.05
Global   2        502          251          0.0        0          417      11355      4098       3478.15    2532.23

Total Statistics
Type     Time(s)  Ops          TPS(ops/s)   Net(M/s)   Get_miss   Min(us)  Max(us)    Avg(us)    Std_dev    Geo_dist  
Period   1        23586        23586        3.2        0          228      12325      3241       3233.08    1931.93
Global   2        46553        23276        3.2        0          228      18495      3255       3267.30    1933.93

[1;1H[2J
Get Statistics
Type     Time(s)  Ops          TPS(ops/s)   Net(M/s)   Get_miss   Min(us)  Max(us)    Avg(us)    Std_dev    Geo_dist  
Period   1        23309        23309        3.2        0          181      22338      3214       3159.84    1934.82
Global   3        69358        23119        3.2        0          181      22338      3235       3229.44    1930.88

Set Statistics
Type     Time(s)  Ops          TPS(ops/s)   Net(M/s)   Get_miss   Min(us)  Max(us)    Avg(us)    Std_dev    Geo_dist  
Period   1        234          234          0.0        0          390      11730      3545       3314.65    2148.22
Global   3        736          245          0.0        0          390      11730      3922       3434.65    2403.22

Total Statistics
Type     Time(s)  Ops          TPS(ops/s)   Net(M/s)   Get_miss   Min(us)  Max(us)    Avg(us)    Std_dev    Geo_dist  
Period   1        23541        23541        3.2        0          181      22338      3217       3161.65    1937.34
Global   3        70094        23364        3.2        0          181      22338      3242       3232.61    1935.32

[1;1H[2J
Get Statistics
Type     Time(s)  Ops          TPS(ops/s)   Net(M/s)   Get_miss   Min(us)  Max(us)    Avg(us)    Std_dev    Geo_dist  
Period   1        23287        23287        3.2        0          215      19584      3239       3267.92    1912.15
Global   4        92645        23161        3.2        0          181      22338      3236       3239.14    1926.15

Set Statistics
Type     Time(s)  Ops          TPS(ops/s)   Net(M/s)   Get_miss   Min(us)  Max(us)    Avg(us)    Std_dev    Geo_dist  
Period   1        232          232          0.0        0          252      9641       3462       3325.74    2042.93
Global   4        968          242          0.0        0          252      11730      3812       3412.55    2311.47

Total Statistics
Type     Time(s)  Ops          TPS(ops/s)   Net(M/s)   Get_miss   Min(us)  Max(us)    Avg(us)    Std_dev    Geo_dist  
Period   1        23519        23519        3.2        0          215      19584      3241       3268.69    1913.40
Global   4        93613        23403        3.2        0          181      22338      3242       3241.44    1929.79

[1;1H[2J
Get Statistics
Type     Time(s)  Ops          TPS(ops/s)   Net(M/s)   Get_miss   Min(us)  Max(us)    Avg(us)    Std_dev    Geo_dist  
Period   1        23513        23513        3.2        0          264      22789      3163       3209.27    1855.17
Global   5        116158       23231        3.2        0          181      22789      3221       3233.46    1911.57

Set Statistics
Type     Time(s)  Ops          TPS(ops/s)   Net(M/s)   Get_miss   Min(us)  Max(us)    Avg(us)    Std_dev    Geo_dist  
Period   1        241          241          0.0        0          421      9993       3444       3217.24    2091.70
Global   5        1209         241          0.0        0          252      11730      3739       3376.03    2265.89

Total Statistics
Type     Time(s)  Ops          TPS(ops/s)   Net(M/s)   Get_miss   Min(us)  Max(us)    Avg(us)    Std_dev    Geo_dist  
Period   1        23754        23754        3.2        0          264      22789      3166       3209.26    1857.43
Global   5        117367       23473        3.3        0          181      22789      3227       3234.70    1914.92

[1;1H[2J
Get Statistics
Type     Time(s)  Ops          TPS(ops/s)   Net(M/s)   Get_miss   Min(us)  Max(us)    Avg(us)    Std_dev    Geo_dist  
Period   1        24061        24061        3.2        0          217      19274      3137       3224.03    1836.81
Global   6        140219       23369        3.3        0          181      22789      3207       3231.58    1898.53

Set Statistics
Type     Time(s)  Ops          TPS(ops/s)   Net(M/s)   Get_miss   Min(us)  Max(us)    Avg(us)    Std_dev    Geo_dist  
Period   1        246          246          0.0        0          348      10221      3432       3309.12    2056.92
Global   6        1455         242          0.0        0          252      11730      3687       3365.75    2229.12

Total Statistics
Type     Time(s)  Ops          TPS(ops/s)   Net(M/s)   Get_miss   Min(us)  Max(us)    Avg(us)    Std_dev    Geo_dist  
Period   1        24307        24307        3.2        0          217      19274      3140       3224.96    1838.91
Global   6        141674       23612        3.3        0          181      22789      3212       3233.26    1901.66

[1;1H[2J
Get Statistics
Type     Time(s)  Ops          TPS(ops/s)   Net(M/s)   Get_miss   Min(us)  Max(us)    Avg(us)    Std_dev    Geo_dist  
Period   1        24143        24143        3.2        0          250      18126      3120       3197.87    1835.55
Global   7        164362       23480        3.3        0          181      22789      3194       3227.00    1889.14

Set Statistics
Type     Time(s)  Ops          TPS(ops/s)   Net(M/s)   Get_miss   Min(us)  Max(us)    Avg(us)    Std_dev    Geo_dist  
Period   1        242          242          0.0        0          276      9961       3180       3178.48    1888.36
Global   7        1697         242          0.0        0          252      11730      3614       3344.24    2177.01

Total Statistics
Type     Time(s)  Ops          TPS(ops/s)   Net(M/s)   Get_miss   Min(us)  Max(us)    Avg(us)    Std_dev    Geo_dist  
Period   1        24385        24385        3.3        0          250      18126      3120       3198.20    1836.07
Global   7        166059       23722        3.3        0          181      22789      3198       3228.78    1891.88

[1;1H[2J
Get Statistics
Type     Time(s)  Ops          TPS(ops/s)   Net(M/s)   Get_miss   Min(us)  Max(us)    Avg(us)    Std_dev    Geo_dist  
Period   1        23247        23247        3.2        0          265      27456      3222       3179.89    1960.70
Global   8        187609       23451        3.2        0          181      27456      3197       3221.67    1897.87

Set Statistics
Type     Time(s)  Ops          TPS(ops/s)   Net(M/s)   Get_miss   Min(us)  Max(us)    Avg(us)    Std_dev    Geo_dist  
Period   1        233          233          0.0        0          334      10432      2834       2900.66    1784.56
Global   8        1930         241          0.0        0          252      11730      3520       3302.79    2125.38

Total Statistics
Type     Time(s)  Ops          TPS(ops/s)   Net(M/s)   Get_miss   Min(us)  Max(us)    Avg(us)    Std_dev    Geo_dist  
Period   1        23480        23480        3.3        0          265      27456      3218       3177.57    1958.87
Global   8        189539       23692        3.2        0          181      27456      3201       3221.96    1900.06

[1;1H[2J
Get Statistics
Type     Time(s)  Ops          TPS(ops/s)   Net(M/s)   Get_miss   Min(us)  Max(us)    Avg(us)    Std_dev    Geo_dist  
Period   1        23006        23006        3.2        0          310      38907      3281       3251.35    1962.94
Global   9        210615       23401        3.2        0          181      38907      3207       3224.21    1904.87

Set Statistics
Type     Time(s)  Ops          TPS(ops/s)   Net(M/s)   Get_miss   Min(us)  Max(us)    Avg(us)    Std_dev    Geo_dist  
Period   1        236          236          0.0        0          481      10732      3219       3138.12    1994.71
Global   9        2166         240          0.0        0          252      11730      3487       3286.11    2110.74

Total Statistics
Type     Time(s)  Ops          TPS(ops/s)   Net(M/s)   Get_miss   Min(us)  Max(us)    Avg(us)    Std_dev    Geo_dist  
Period   1        23242        23242        3.2        0          310      38907      3280       3250.53    1963.26
Global   9        212781       23642        3.2        0          181      38907      3209       3225.80    1906.86

[1;1H[2J
Get Statistics
Type     Time(s)  Ops          TPS(ops/s)   Net(M/s)   Get_miss   Min(us)  Max(us)    Avg(us)    Std_dev    Geo_dist  
Period   1        23374        23374        3.2        0          276      13743      3209       3193.69    1921.61
Global   10       233989       23398        3.2        0          181      38907      3207       3221.36    1906.53

Set Statistics
Type     Time(s)  Ops          TPS(ops/s)   Net(M/s)   Get_miss   Min(us)  Max(us)    Avg(us)    Std_dev    Geo_dist  
Period   1        232          232          0.0        0          292      11310      3048       3097.56    1833.55
Global   10       2398         239          0.0        0          252      11730      3445       3269.80    2082.19

Total Statistics
Type     Time(s)  Ops          TPS(ops/s)   Net(M/s)   Get_miss   Min(us)  Max(us)    Avg(us)    Std_dev    Geo_dist  
Period   1        23608        23608        3.2        0          276      13743      3207       3193.80    1920.96
Global   10       236389       23638        3.2        0          181      38907      3209       3222.42    1908.26

[1;1H[2J
Get Statistics
Type     Time(s)  Ops          TPS(ops/s)   Net(M/s)   Get_miss   Min(us)  Max(us)    Avg(us)    Std_dev    Geo_dist  
Period   1        23059        23059        3.2        0          272      21795      3281       3202.09    2000.23
Global   11       257048       23368        3.2        0          181      38907      3213       3220.38    1914.82

Set Statistics
Type     Time(s)  Ops          TPS(ops/s)   Net(M/s)   Get_miss   Min(us)  Max(us)    Avg(us)    Std_dev    Geo_dist  
Period   1        236          236          0.0        0          380      10230      3426       3218.96    2121.36
Global   11       2634         239          0.0        0          252      11730      3443       3264.99    2085.67

Total Statistics
Type     Time(s)  Ops          TPS(ops/s)   Net(M/s)   Get_miss   Min(us)  Max(us)    Avg(us)    Std_dev    Geo_dist  
Period   1        23293        23293        3.2        0          272      21795      3282       3202.53    2001.95
Global   11       259682       23607        3.2        0          181      38907      3216       3220.25    1916.48

[1;1H[2J
Get Statistics
Type     Time(s)  Ops          TPS(ops/s)   Net(M/s)   Get_miss   Min(us)  Max(us)    Avg(us)    Std_dev    Geo_dist  
Period   1        23312        23312        3.2        0          243      17956      3210       3179.42    1946.78
Global   12       280360       23363        3.2        0          181      38907      3213       3216.74    1917.46

Set Statistics
Type     Time(s)  Ops          TPS(ops/s)   Net(M/s)   Get_miss   Min(us)  Max(us)    Avg(us)    Std_dev    Geo_dist  
Period   1        236          236          0.0        0          263      12989      3628       3416.53    2181.65
Global   12       2870         239          0.0        0          252      12989      3458       3277.72    2093.40

Total Statistics
Type     Time(s)  Ops          TPS(ops/s)   Net(M/s)   Get_miss   Min(us)  Max(us)    Avg(us)    Std_dev    Geo_dist  
Period   1        23548        23548        3.2        0          243      17956      3214       3182.27    1949.00
Global   12       283230       23602        3.2        0          181      38907      3216       3216.94    1919.17

[1;1H[2J
Get Statistics
Type     Time(s)  Ops          TPS(ops/s)   Net(M/s)   Get_miss   Min(us)  Max(us)    Avg(us)    Std_dev    Geo_dist  
Period   1        23037        23037        3.2        0          247      19354      3269       3188.04    1994.65
Global   13       303397       23338        3.2        0          181      38907      3217       3214.85    1923.22

Set Statistics
Type     Time(s)  Ops          TPS(ops/s)   Net(M/s)   Get_miss   Min(us)  Max(us)    Avg(us)    Std_dev    Geo_dist  
Period   1        233          233          0.0        0          491      10033      3499       3218.14    2191.91
Global   13       3103         238          0.0        0          252      12989      3462       3271.82    2100.64

Total Statistics
Type     Time(s)  Ops          TPS(ops/s)   Net(M/s)   Get_miss   Min(us)  Max(us)    Avg(us)    Std_dev    Geo_dist  
Period   1        23270        23270        3.2        0          247      19354      3271       3188.67    1996.54
Global   13       306500       23576        3.2        0          181      38907      3220       3215.00    1924.93

[1;1H[2J
Get Statistics
Type     Time(s)  Ops          TPS(ops/s)   Net(M/s)   Get_miss   Min(us)  Max(us)    Avg(us)    Std_dev    Geo_dist  
Period   1        22952        22952        3.2        0          235      27176      3270       3240.76    1957.86
Global   14       326349       23310        3.2        0          181      38907      3221       3216.43    1925.63

Set Statistics
Type     Time(s)  Ops          TPS(ops/s)   Net(M/s)   Get_miss   Min(us)  Max(us)    Avg(us)    Std_dev    Geo_dist  
Period   1        231          231          0.0        0          378      10840      3279       3232.88    1987.36
Global   14       3334         238          0.0        0          252      12989      3449       3269.32    2092.59

Total Statistics
Type     Time(s)  Ops          TPS(ops/s)   Net(M/s)   Get_miss   Min(us)  Max(us)    Avg(us)    Std_dev    Geo_dist  
Period   1        23183        23183        3.2        0          235      27176      3270       3240.70    1958.15
Global   14       329683       23548        3.2        0          181      38907      3223       3217.35    1927.25

[1;1H[2J
Get Statistics
Type     Time(s)  Ops          TPS(ops/s)   Net(M/s)   Get_miss   Min(us)  Max(us)    Avg(us)    Std_dev    Geo_dist  
Period   1        23075        23075        3.2        0          244      29053      3261       3294.18    1918.16
Global   15       349424       23294        3.2        0          181      38907      3224       3221.28    1925.14

Set Statistics
Type     Time(s)  Ops          TPS(ops/s)   Net(M/s)   Get_miss   Min(us)  Max(us)    Avg(us)    Std_dev    Geo_dist  
Period   1        238          238          0.0        0          444      9916       3215       3208.81    1943.50
Global   15       3572         238          0.0        0          252      12989      3433       3265.83    2082.31

Total Statistics
Type     Time(s)  Ops          TPS(ops/s)   Net(M/s)   Get_miss   Min(us)  Max(us)    Avg(us)    Std_dev    Geo_dist  
Period   1        23313        23313        3.2        0          244      29053      3260       3293.78    1918.42
Global   15       352996       23533        3.2        0          181      38907      3226       3221.91    1926.67

[1;1H[2J
Get Statistics
Type     Time(s)  Ops          TPS(ops/s)   Net(M/s)   Get_miss   Min(us)  Max(us)    Avg(us)    Std_dev    Geo_dist  
Period   1        23440        23440        3.2        0          220      14165      3215       3208.83    1911.08
Global   16       372864       23304        3.2        0          181      38907      3223       3220.93    1924.25

Set Statistics
Type     Time(s)  Ops          TPS(ops/s)   Net(M/s)   Get_miss   Min(us)  Max(us)    Avg(us)    Std_dev    Geo_dist  
Period   1        229          229          0.0        0          467      13999      3621       3479.07    2104.30
Global   16       3801         237          0.0        0          252      13999      3445       3278.19    2083.62

Total Statistics
Type     Time(s)  Ops          TPS(ops/s)   Net(M/s)   Get_miss   Min(us)  Max(us)    Avg(us)    Std_dev    Geo_dist  
Period   1        23671        23671        3.2        0          220      14165      3219       3211.38    1912.74
Global   16       376667       23541        3.3        0          181      38907      3225       3221.80    1925.79

[1;1H[2J
Get Statistics
Type     Time(s)  Ops          TPS(ops/s)   Net(M/s)   Get_miss   Min(us)  Max(us)    Avg(us)    Std_dev    Geo_dist  
Period   1        22382        22382        3.2        0          183      37984      3373       3683.89    1962.46
Global   17       395246       23249        3.1        0          181      38907      3232       3248.58    1926.43

Set Statistics
Type     Time(s)  Ops          TPS(ops/s)   Net(M/s)   Get_miss   Min(us)  Max(us)    Avg(us)    Std_dev    Geo_dist  
Period   1        229          229          0.0        0          321      10530      2864       2969.01    1756.96
Global   17       4030         237          0.0        0          252      13999      3412       3263.82    2063.53

Total Statistics
Type     Time(s)  Ops          TPS(ops/s)   Net(M/s)   Get_miss   Min(us)  Max(us)    Avg(us)    Std_dev    Geo_dist  
Period   1        22611        22611        3.2        0          183      37984      3369       3677.47    1961.24
Global   17       399278       23486        3.1        0          181      38907      3234       3248.64    1927.78

[1;1H[2J
Get Statistics
Type     Time(s)  Ops          TPS(ops/s)   Net(M/s)   Get_miss   Min(us)  Max(us)    Avg(us)    Std_dev    Geo_dist  
Period   1        22703        22703        3.2        0          282      18316      3310       3322.32    1974.02
Global   18       417949       23219        3.1        0          181      38907      3236       3252.94    1929.03

Set Statistics
Type     Time(s)  Ops          TPS(ops/s)   Net(M/s)   Get_miss   Min(us)  Max(us)    Avg(us)    Std_dev    Geo_dist  
Period   1        233          233          0.0        0          337      9995       3355       3325.94    2006.98
Global   18       4263         236          0.0        0          252      13999      3408       3267.80    2060.40

Total Statistics
Type     Time(s)  Ops          TPS(ops/s)   Net(M/s)   Get_miss   Min(us)  Max(us)    Avg(us)    Std_dev    Geo_dist  
Period   1        22934        22934        3.2        0          282      18316      3310       3322.52    1974.88
Global   18       422212       23456        3.1        0          181      38907      3238       3252.87    1930.31

[1;1H[2J
Get Statistics
Type     Time(s)  Ops          TPS(ops/s)   Net(M/s)   Get_miss   Min(us)  Max(us)    Avg(us)    Std_dev    Geo_dist  
Period   1        22065        22065        3.2        0          264      18743      3387       3215.45    2098.00
Global   19       440014       23158        3.0        0          181      38907      3244       3250.80    1937.17

Set Statistics
Type     Time(s)  Ops          TPS(ops/s)   Net(M/s)   Get_miss   Min(us)  Max(us)    Avg(us)    Std_dev    Geo_dist  
Period   1        217          217          0.0        0          446      10838      3299       3190.99    2030.86
Global   19       4480         235          0.0        0          252      13999      3403       3263.57    2058.96

Total Statistics
Type     Time(s)  Ops          TPS(ops/s)   Net(M/s)   Get_miss   Min(us)  Max(us)    Avg(us)    Std_dev    Geo_dist  
Period   1        22282        22282        3.2        0          264      18743      3386       3215.31    2097.34
Global   19       444494       23394        3.1        0          181      38907      3245       3251.57    1938.36

[1;1H[2J
Get Statistics
Type     Time(s)  Ops          TPS(ops/s)   Net(M/s)   Get_miss   Min(us)  Max(us)    Avg(us)    Std_dev    Geo_dist  
Period   1        21473        21473        3.2        0          241      30695      3483       3346.13    2141.58
Global   20       461487       23074        2.9        0          181      38907      3255       3255.81    1946.23

Set Statistics
Type     Time(s)  Ops          TPS(ops/s)   Net(M/s)   Get_miss   Min(us)  Max(us)    Avg(us)    Std_dev    Geo_dist  
Period   1        222          222          0.0        0          359      18320      3604       3395.19    2164.68
Global   20       4702         235          0.0        0          252      18320      3413       3269.27    2063.83

Total Statistics
Type     Time(s)  Ops          TPS(ops/s)   Net(M/s)   Get_miss   Min(us)  Max(us)    Avg(us)    Std_dev    Geo_dist  
Period   1        21695        21695        3.2        0          241      30695      3484       3346.82    2141.81
Global   20       466189       23309        3.0        0          181      38907      3256       3256.57    1947.38

[1;1H[2J
Get Statistics
Type     Time(s)  Ops          TPS(ops/s)   Net(M/s)   Get_miss   Min(us)  Max(us)    Avg(us)    Std_dev    Geo_dist  
Period   1        21976        21976        3.2        0          250      20019      3420       3396.47    2062.17
Global   21       483463       23022        3.0        0          181      38907      3262       3263.01    1951.35

Set Statistics
Type     Time(s)  Ops          TPS(ops/s)   Net(M/s)   Get_miss   Min(us)  Max(us)    Avg(us)    Std_dev    Geo_dist  
Period   1        222          222          0.0        0          498      18560      3642       3604.73    2178.60
Global   21       4924         234          0.0        0          252      18560      3423       3285.42    2068.87

Total Statistics
Type     Time(s)  Ops          TPS(ops/s)   Net(M/s)   Get_miss   Min(us)  Max(us)    Avg(us)    Std_dev    Geo_dist  
Period   1        22198        22198        3.2        0          250      20019      3422       3398.83    2063.30
Global   21       488387       23256        3.0        0          181      38907      3264       3262.90    1952.51

[1;1H[2J
Get Statistics
Type     Time(s)  Ops          TPS(ops/s)   Net(M/s)   Get_miss   Min(us)  Max(us)    Avg(us)    Std_dev    Geo_dist  
Period   1        20957        20957        3.1        0          237      19043      3575       3280.91    2272.69
Global   22       504420       22928        2.9        0          181      38907      3275       3264.35    1963.75

Set Statistics
Type     Time(s)  Ops          TPS(ops/s)   Net(M/s)   Get_miss   Min(us)  Max(us)    Avg(us)    Std_dev    Geo_dist  
Period   1        205          205          0.0        0          577      11212      3807       3462.13    2400.17
Global   22       5129         233          0.0        0          252      18560      3438       3293.53    2081.19

Total Statistics
Type     Time(s)  Ops          TPS(ops/s)   Net(M/s)   Get_miss   Min(us)  Max(us)    Avg(us)    Std_dev    Geo_dist  
Period   1        21162        21162        3.2        0          237      19043      3577       3282.98    2273.89
Global   22       509549       23161        2.9        0          181      38907      3277       3264.32    1964.90

[1;1H[2J
Get Statistics
Type     Time(s)  Ops          TPS(ops/s)   Net(M/s)   Get_miss   Min(us)  Max(us)    Avg(us)    Std_dev    Geo_dist  
Period   1        22450        22450        3.1        0          252      29218      3362       3424.42    1971.33
Global   23       526870       22907        3.1        0          181      38907      3279       3271.08    1964.07

Set Statistics
Type     Time(s)  Ops          TPS(ops/s)   Net(M/s)   Get_miss   Min(us)  Max(us)    Avg(us)    Std_dev    Geo_dist  
Period   1        232          232          0.0        0          412      17469      3930       3766.69    2276.66
Global   23       5361         233          0.0        0          252      18560      3460       3315.78    2089.29

Total Statistics
Type     Time(s)  Ops          TPS(ops/s)   Net(M/s)   Get_miss   Min(us)  Max(us)    Avg(us)    Std_dev    Geo_dist  
Period   1        22682        22682        3.2        0          252      29218      3367       3429.27    1974.24
Global   23       532231       23140        3.1        0          181      38907      3281       3271.41    1965.30

[1;1H[2J
Get Statistics
Type     Time(s)  Ops          TPS(ops/s)   Net(M/s)   Get_miss   Min(us)  Max(us)    Avg(us)    Std_dev    Geo_dist  
Period   1        23640        23640        3.2        0          296      27157      3169       3179.52    1900.11
Global   24       550510       22937        3.2        0          181      38907      3274       3267.55    1961.28

Set Statistics
Type     Time(s)  Ops          TPS(ops/s)   Net(M/s)   Get_miss   Min(us)  Max(us)    Avg(us)    Std_dev    Geo_dist  
Period   1        239          239          0.0        0          350      9408       3464       3288.75    2077.00
Global   24       5600         233          0.0        0          252      18560      3460       3314.52    2088.77

Total Statistics
Type     Time(s)  Ops          TPS(ops/s)   Net(M/s)   Get_miss   Min(us)  Max(us)    Avg(us)    Std_dev    Geo_dist  
Period   1        23879        23879        3.2        0          296      27157      3172       3180.64    1901.80
Global   24       556110       23171        3.3        0          181      38907      3276       3267.95    1962.53

[1;1H[2J
Get Statistics
Type     Time(s)  Ops          TPS(ops/s)   Net(M/s)   Get_miss   Min(us)  Max(us)    Avg(us)    Std_dev    Geo_dist  
Period   1        23597        23597        3.2        0          174      20900      3201       3265.13    1891.28
Global   25       574107       22964        3.2        0          174      38907      3271       3267.48    1958.36

Set Statistics
Type     Time(s)  Ops          TPS(ops/s)   Net(M/s)   Get_miss   Min(us)  Max(us)    Avg(us)    Std_dev    Geo_dist  
Period   1        235          235          0.0        0          445      10174      3592       3348.13    2172.82
Global   25       5835         233          0.0        0          252      18560      3465       3316.02    2092.09

Total Statistics
Type     Time(s)  Ops          TPS(ops/s)   Net(M/s)   Get_miss   Min(us)  Max(us)    Avg(us)    Std_dev    Geo_dist  
Period   1        23832        23832        3.2        0          174      20900      3205       3265.97    1893.87
Global   25       579942       23197        3.3        0          174      38907      3273       3267.98    1959.66

[1;1H[2J
Get Statistics
Type     Time(s)  Ops          TPS(ops/s)   Net(M/s)   Get_miss   Min(us)  Max(us)    Avg(us)    Std_dev    Geo_dist  
Period   1        22769        22769        3.2        0          254      18524      3316       3276.79    1988.31
Global   26       596876       22956        3.1        0          174      38907      3273       3267.56    1959.49

Set Statistics
Type     Time(s)  Ops          TPS(ops/s)   Net(M/s)   Get_miss   Min(us)  Max(us)    Avg(us)    Std_dev    Geo_dist  
Period   1        231          231          0.0        0          463      10502      3172       3216.98    1885.28
Global   26       6066         233          0.0        0          252      18560      3454       3312.36    2083.81

Total Statistics
Type     Time(s)  Ops          TPS(ops/s)   Net(M/s)   Get_miss   Min(us)  Max(us)    Avg(us)    Std_dev    Geo_dist  
Period   1        23000        23000        3.2        0          254      18524      3315       3275.71    1987.24
Global   26       602942       23190        3.2        0          174      38907      3275       3267.89    1960.70

[1;1H[2J
Get Statistics
Type     Time(s)  Ops          TPS(ops/s)   Net(M/s)   Get_miss   Min(us)  Max(us)    Avg(us)    Std_dev    Geo_dist  
Period   1        23056        23056        3.2        0          264      38693      3247       3651.93    1883.09
Global   27       619932       22960        3.2        0          174      38907      3272       3282.70    1956.59

Set Statistics
Type     Time(s)  Ops          TPS(ops/s)   Net(M/s)   Get_miss   Min(us)  Max(us)    Avg(us)    Std_dev    Geo_dist  
Period   1        236          236          0.0        0          285      11205      3435       3279.61    2081.13
Global   27       6302         233          0.0        0          252      18560      3453       3311.18    2083.71

Total Statistics
Type     Time(s)  Ops          TPS(ops/s)   Net(M/s)   Get_miss   Min(us)  Max(us)    Avg(us)    Std_dev    Geo_dist  
Period   1        23292        23292        3.2        0          264      38693      3249       3648.25    1884.99
Global   27       626234       23193        3.2        0          174      38907      3274       3282.85    1957.83

[1;1H[2J
Get Statistics
Type     Time(s)  Ops          TPS(ops/s)   Net(M/s)   Get_miss   Min(us)  Max(us)    Avg(us)    Std_dev    Geo_dist  
Period   1        23598        23598        3.2        0          267      19731      3214       3291.99    1861.19
Global   28       643530       22983        3.2        0          174      38907      3270       3282.93    1953.01

Set Statistics
Type     Time(s)  Ops          TPS(ops/s)   Net(M/s)   Get_miss   Min(us)  Max(us)    Avg(us)    Std_dev    Geo_dist  
Period   1        236          236          0.0        0          372      18476      3389       3499.59    1972.06
Global   28       6538         233          0.0        0          252      18560      3451       3317.59    2079.57

Total Statistics
Type     Time(s)  Ops          TPS(ops/s)   Net(M/s)   Get_miss   Min(us)  Max(us)    Avg(us)    Std_dev    Geo_dist  
Period   1        23835        23835        3.2        0          267      19731      3215       3294.66    1862.21
Global   28       650069       23216        3.3        0          174      38907      3272       3283.14    1954.24

[1;1H[2J
Get Statistics
Type     Time(s)  Ops          TPS(ops/s)   Net(M/s)   Get_miss   Min(us)  Max(us)    Avg(us)    Std_dev    Geo_dist  
Period   1        22259        22259        3.2        0          303      30017      3381       3346.28    2011.49
Global   29       665789       22958        3.1        0          174      38907      3273       3285.83    1954.96

Set Statistics
Type     Time(s)  Ops          TPS(ops/s)   Net(M/s)   Get_miss   Min(us)  Max(us)    Avg(us)    Std_dev    Geo_dist  
Period   1        226          226          0.0        0          430      11596      3775       3520.28    2260.76
Global   29       6764         233          0.0        0          252      18560      3462       3324.61    2085.39

Total Statistics
Type     Time(s)  Ops          TPS(ops/s)   Net(M/s)   Get_miss   Min(us)  Max(us)    Avg(us)    Std_dev    Geo_dist  
Period   1        22484        22484        3.2        0          303      30017      3385       3348.33    2013.94
Global   29       672553       23191        3.1        0          174      38907      3275       3286.18    1956.23

[1;1H[2J
Get Statistics
Type     Time(s)  Ops          TPS(ops/s)   Net(M/s)   Get_miss   Min(us)  Max(us)    Avg(us)    Std_dev    Geo_dist  
Period   1        21667        21667        3.1        0          245      32884      3463       3544.74    2051.33
Global   30       687456       22915        3.0        0          174      38907      3279       3294.46    1957.93

Set Statistics
Type     Time(s)  Ops          TPS(ops/s)   Net(M/s)   Get_miss   Min(us)  Max(us)    Avg(us)    Std_dev    Geo_dist  
Period   1        209          209          0.0        0          413      19108      3653       3758.02    2119.03
Global   30       6973         232          0.0        0          252      19108      3468       3337.99    2086.39

Total Statistics
Type     Time(s)  Ops          TPS(ops/s)   Net(M/s)   Get_miss   Min(us)  Max(us)    Avg(us)    Std_dev    Geo_dist  
Period   1        21876        21876        3.2        0          245      32884      3465       3546.62    2051.97
Global   30       694429       23147        3.0        0          174      38907      3281       3294.85    1959.18

[1;1H[2J
Get Statistics
Type     Time(s)  Ops          TPS(ops/s)   Net(M/s)   Get_miss   Min(us)  Max(us)    Avg(us)    Std_dev    Geo_dist  
Period   1        22780        22780        3.1        0          260      27371      3315       3323.61    1963.77
Global   31       710236       22910        3.1        0          174      38907      3281       3294.56    1958.11

Set Statistics
Type     Time(s)  Ops          TPS(ops/s)   Net(M/s)   Get_miss   Min(us)  Max(us)    Avg(us)    Std_dev    Geo_dist  
Period   1        237          237          0.0        0          531      13716      3451       3460.52    2058.98
Global   31       7210         232          0.0        0          252      19108      3467       3342.30    2085.48

Total Statistics
Type     Time(s)  Ops          TPS(ops/s)   Net(M/s)   Get_miss   Min(us)  Max(us)    Avg(us)    Std_dev    Geo_dist  
Period   1        23017        23017        3.2        0          260      27371      3316       3325.40    1964.73
Global   31       717446       23143        3.2        0          174      38907      3282       3295.96    1959.35

[1;1H[2J
Get Statistics
Type     Time(s)  Ops          TPS(ops/s)   Net(M/s)   Get_miss   Min(us)  Max(us)    Avg(us)    Std_dev    Geo_dist  
Period   1        22330        22330        3.1        0          288      424166     3357       6150.13    1990.27
Global   32       732566       22892        3.1        0          174      424166     3283       3417.37    1959.09

Set Statistics
Type     Time(s)  Ops          TPS(ops/s)   Net(M/s)   Get_miss   Min(us)  Max(us)    Avg(us)    Std_dev    Geo_dist  
Period   1        225          225          0.0        0          417      20090      3569       3436.17    2177.99
Global   32       7435         232          0.0        0          252      20090      3470       3345.08    2088.22

Total Statistics
Type     Time(s)  Ops          TPS(ops/s)   Net(M/s)   Get_miss   Min(us)  Max(us)    Avg(us)    Std_dev    Geo_dist  
Period   1        22555        22555        3.2        0          288      424166     3359       6129.05    1992.06
Global   32       740001       23125        3.1        0          174      424166     3285       3416.58    1960.34

[1;1H[2J
Get Statistics
Type     Time(s)  Ops          TPS(ops/s)   Net(M/s)   Get_miss   Min(us)  Max(us)    Avg(us)    Std_dev    Geo_dist  
Period   1        20174        20174        3.1        0          255      132681     3729       8251.92    1986.19
Global   33       752740       22810        2.8        0          174      424166     3295       3632.52    1959.81

Set Statistics
Type     Time(s)  Ops          TPS(ops/s)   Net(M/s)   Get_miss   Min(us)  Max(us)    Avg(us)    Std_dev    Geo_dist  
Period   1        210          210          0.0        0          387      130271     4126       9405.76    2131.57
Global   33       7645         231          0.0        0          252      130271     3488       3648.65    2089.40

Total Statistics
Type     Time(s)  Ops          TPS(ops/s)   Net(M/s)   Get_miss   Min(us)  Max(us)    Avg(us)    Std_dev    Geo_dist  
Period   1        20384        20384        3.2        0          255      132681     3734       8264.05    1987.64
Global   33       760385       23041        2.8        0          174      424166     3297       3632.67    1961.07

[1;1H[2J
Get Statistics
Type     Time(s)  Ops          TPS(ops/s)   Net(M/s)   Get_miss   Min(us)  Max(us)    Avg(us)    Std_dev    Geo_dist  
Period   1        23401        23401        3.1        0          263      19478      3210       3221.41    1920.48
Global   34       776141       22827        3.2        0          174      424166     3292       3621.23    1958.61

Set Statistics
Type     Time(s)  Ops          TPS(ops/s)   Net(M/s)   Get_miss   Min(us)  Max(us)    Avg(us)    Std_dev    Geo_dist  
Period   1        236          236          0.0        0          411      12008      3623       3283.67    2231.99
Global   34       7881         231          0.0        0          252      130271     3492       3638.18    2093.54

Total Statistics
Type     Time(s)  Ops          TPS(ops/s)   Net(M/s)   Get_miss   Min(us)  Max(us)    Avg(us)    Std_dev    Geo_dist  
Period   1        23637        23637        3.2        0          263      19478      3214       3222.36    1923.37
Global   34       784022       23059        3.2        0          174      424166     3294       3621.46    1959.92

[1;1H[2J
Get Statistics
Type     Time(s)  Ops          TPS(ops/s)   Net(M/s)   Get_miss   Min(us)  Max(us)    Avg(us)    Std_dev    Geo_dist  
Period   1        22059        22059        3.1        0          294      29599      3417       3439.15    2001.86
Global   35       798200       22805        3.0        0          174      424166     3296       3615.88    1959.79

Set Statistics
Type     Time(s)  Ops          TPS(ops/s)   Net(M/s)   Get_miss   Min(us)  Max(us)    Avg(us)    Std_dev    Geo_dist  
Period   1        216          216          0.0        0          449      11591      4037       3457.66    2438.47
Global   35       8097         231          0.0        0          252      130271     3507       3633.89    2102.07

Total Statistics
Type     Time(s)  Ops          TPS(ops/s)   Net(M/s)   Get_miss   Min(us)  Max(us)    Avg(us)    Std_dev    Geo_dist  
Period   1        22275        22275        3.2        0          294      29599      3423       3439.81    2005.69
Global   35       806297       23037        3.1        0          174      424166     3298       3616.23    1961.17

[1;1H[2J
Get Statistics
Type     Time(s)  Ops          TPS(ops/s)   Net(M/s)   Get_miss   Min(us)  Max(us)    Avg(us)    Std_dev    Geo_dist  
Period   1        23155        23155        3.1        0          219      21202      3245       3344.42    1876.09
Global   36       821355       22815        3.2        0          174      424166     3294       3609.03    1957.37

Set Statistics
Type     Time(s)  Ops          TPS(ops/s)   Net(M/s)   Get_miss   Min(us)  Max(us)    Avg(us)    Std_dev    Geo_dist  
Period   1        241          241          0.0        0          406      17850      3384       3445.45    1980.02
Global   36       8338         231          0.0        0          252      130271     3503       3628.87    2098.44

Total Statistics
Type     Time(s)  Ops          TPS(ops/s)   Net(M/s)   Get_miss   Min(us)  Max(us)    Avg(us)    Std_dev    Geo_dist  
Period   1        23398        23398        3.2        0          219      21202      3246       3345.58    1876.43
Global   36       829695       23047        3.2        0          174      424166     3296       3609.37    1958.73

[1;1H[2J
Get Statistics
Type     Time(s)  Ops          TPS(ops/s)   Net(M/s)   Get_miss   Min(us)  Max(us)    Avg(us)    Std_dev    Geo_dist  
Period   1        21761        21761        3.1        0          176      23061      3423       3582.93    1983.72
Global   37       843116       22786        3.0        0          174      424166     3298       3607.80    1958.07

Set Statistics
Type     Time(s)  Ops          TPS(ops/s)   Net(M/s)   Get_miss   Min(us)  Max(us)    Avg(us)    Std_dev    Geo_dist  
Period   1        219          219          0.0        0          287      18217      3719       3664.73    2169.11
Global   37       8557         231          0.0        0          252      130271     3509       3629.28    2100.22

Total Statistics
Type     Time(s)  Ops          TPS(ops/s)   Net(M/s)   Get_miss   Min(us)  Max(us)    Avg(us)    Std_dev    Geo_dist  
Period   1        21978        21978        3.2        0          176      23061      3426       3584.05    1986.26
Global   37       851673       23018        3.0        0          174      424166     3300       3608.19    1959.45

[1;1H[2J
Get Statistics
Type     Time(s)  Ops          TPS(ops/s)   Net(M/s)   Get_miss   Min(us)  Max(us)    Avg(us)    Std_dev    Geo_dist  
Period   1        22901        22901        3.1        0          210      27772      3303       3328.05    1926.53
Global   38       866017       22789        3.1        0          174      424166     3298       3600.80    1957.23

Set Statistics
Type     Time(s)  Ops          TPS(ops/s)   Net(M/s)   Get_miss   Min(us)  Max(us)    Avg(us)    Std_dev    Geo_dist  
Period   1        230          230          0.0        0          401      12210      2953       3140.02    1758.59
Global   38       8787         231          0.0        0          252      130271     3494       3618.69    2090.48

Total Statistics
Type     Time(s)  Ops          TPS(ops/s)   Net(M/s)   Get_miss   Min(us)  Max(us)    Avg(us)    Std_dev    Geo_dist  
Period   1        23131        23131        3.2        0          210      27772      3299       3326.87    1924.79
Global   38       874804       23021        3.2        0          174      424166     3300       3601.00    1958.53

[1;1H[2J
Get Statistics
Type     Time(s)  Ops          TPS(ops/s)   Net(M/s)   Get_miss   Min(us)  Max(us)    Avg(us)    Std_dev    Geo_dist  
Period   1        21693        21693        3.1        0          275      21490      3441       3389.00    2035.20
Global   39       887710       22761        3.0        0          174      424166     3301       3596.29    1959.10

Set Statistics
Type     Time(s)  Ops          TPS(ops/s)   Net(M/s)   Get_miss   Min(us)  Max(us)    Avg(us)    Std_dev    Geo_dist  
Period   1        220          220          0.0        0          340      17584      3695       3521.52    2225.90
Global   39       9007         230          0.0        0          252      130271     3499       3616.20    2093.69

Total Statistics
Type     Time(s)  Ops          TPS(ops/s)   Net(M/s)   Get_miss   Min(us)  Max(us)    Avg(us)    Std_dev    Geo_dist  
Period   1        21913        21913        3.2        0          275      21490      3444       3389.91    2037.03
Global   39       896717       22992        3.0        0          174      424166     3303       3596.54    1960.41

[1;1H[2J
Get Statistics
Type     Time(s)  Ops          TPS(ops/s)   Net(M/s)   Get_miss   Min(us)  Max(us)    Avg(us)    Std_dev    Geo_dist  
Period   1        22155        22155        3.1        0          213      24909      3409       3364.88    2006.40
Global   40       909865       22746        3.0        0          174      424166     3304       3590.53    1960.24

Set Statistics
Type     Time(s)  Ops          TPS(ops/s)   Net(M/s)   Get_miss   Min(us)  Max(us)    Avg(us)    Std_dev    Geo_dist  
Period   1        220          220          0.0        0          389      10771      3318       3347.76    1968.13
Global   40       9227         230          0.0        0          252      130271     3495       3609.66    2090.61

Total Statistics
Type     Time(s)  Ops          TPS(ops/s)   Net(M/s)   Get_miss   Min(us)  Max(us)    Avg(us)    Std_dev    Geo_dist  
Period   1        22375        22375        3.2        0          213      24909      3408       3364.76    2006.02
Global   40       919092       22977        3.1        0          174      424166     3306       3590.70    1961.51

[1;1H[2J
Get Statistics
Type     Time(s)  Ops          TPS(ops/s)   Net(M/s)   Get_miss   Min(us)  Max(us)    Avg(us)    Std_dev    Geo_dist  
Period   1        22294        22294        3.1        0          181      29546      3349       3391.71    1961.72
Global   41       932159       22735        3.1        0          174      424166     3305       3585.98    1960.27

Set Statistics
Type     Time(s)  Ops          TPS(ops/s)   Net(M/s)   Get_miss   Min(us)  Max(us)    Avg(us)    Std_dev    Geo_dist  
Period   1        229          229          0.0        0          434      11911      3597       3317.72    2188.00
Global   41       9456         230          0.0        0          252      130271     3497       3603.20    2092.91

Total Statistics
Type     Time(s)  Ops          TPS(ops/s)   Net(M/s)   Get_miss   Min(us)  Max(us)    Avg(us)    Std_dev    Geo_dist  
Period   1        22526        22526        3.2        0          181      29546      3352       3391.31    1964.26
Global   41       941618       22966        3.1        0          174      424166     3307       3586.16    1961.57

[1;1H[2J
Get Statistics
Type     Time(s)  Ops          TPS(ops/s)   Net(M/s)   Get_miss   Min(us)  Max(us)    Avg(us)    Std_dev    Geo_dist  
Period   1        21354        21354        3.1        0          279      29183      3529       3650.61    2078.42
Global   42       953513       22702        2.9        0          174      424166     3310       3587.62    1962.86

Set Statistics
Type     Time(s)  Ops          TPS(ops/s)   Net(M/s)   Get_miss   Min(us)  Max(us)    Avg(us)    Std_dev    Geo_dist  
Period   1        213          213          0.0        0          417      11992      3533       3337.83    2139.43
Global   42       9669         230          0.0        0          252      130271     3498       3597.21    2093.93

Total Statistics
Type     Time(s)  Ops          TPS(ops/s)   Net(M/s)   Get_miss   Min(us)  Max(us)    Avg(us)    Std_dev    Geo_dist  
Period   1        21564        21564        3.1        0          279      29183      3528       3647.84    2078.62
Global   42       963182       22932        3.0        0          174      424166     3312       3587.66    1964.14

[1;1H[2J
Get Statistics
Type     Time(s)  Ops          TPS(ops/s)   Net(M/s)   Get_miss   Min(us)  Max(us)    Avg(us)    Std_dev    Geo_dist  
Period   1        22877        22877        3.1        0          275      29996      3300       3385.41    1911.51
Global   43       976390       22706        3.1        0          174      424166     3310       3582.79    1961.64

Set Statistics
Type     Time(s)  Ops          TPS(ops/s)   Net(M/s)   Get_miss   Min(us)  Max(us)    Avg(us)    Std_dev    Geo_dist  
Period   1        235          235          0.0        0          453      19815      3378       3637.22    1919.35
Global   43       9904         230          0.0        0          252      130271     3495       3598.17    2089.60

Total Statistics
Type     Time(s)  Ops          TPS(ops/s)   Net(M/s)   Get_miss   Min(us)  Max(us)    Avg(us)    Std_dev    Geo_dist  
Period   1        23112        23112        3.1        0          275      29996      3300       3388.77    1911.59
Global   43       986294       22937        3.2        0          174      424166     3312       3582.86    1962.89

[1;1H[2J
Get Statistics
Type     Time(s)  Ops          TPS(ops/s)   Net(M/s)   Get_miss   Min(us)  Max(us)    Avg(us)    Std_dev    Geo_dist  
Period   1        21997        21997        3.1        0          252      35030      3405       3564.42    2014.48
Global   44       998387       22690        3.0        0          174      424166     3312       3582.50    1962.79

Set Statistics
Type     Time(s)  Ops          TPS(ops/s)   Net(M/s)   Get_miss   Min(us)  Max(us)    Avg(us)    Std_dev    Geo_dist  
Period   1        223          223          0.0        0          416      25550      3640       3708.55    2191.46
Global   44       10127        230          0.0        0          252      130271     3498       3600.70    2091.80

Total Statistics
Type     Time(s)  Ops          TPS(ops/s)   Net(M/s)   Get_miss   Min(us)  Max(us)    Avg(us)    Std_dev    Geo_dist  
Period   1        22220        22220        3.1        0          252      35030      3408       3565.27    2016.19
Global   44       1008514      22920        3.1        0          174      424166     3314       3582.61    1964.05

[1;1H[2J
Get Statistics
Type     Time(s)  Ops          TPS(ops/s)   Net(M/s)   Get_miss   Min(us)  Max(us)    Avg(us)    Std_dev    Geo_dist  
Period   1        22947        22947        3.1        0          204      27982      3292       3224.92    1970.24
Global   45       1021334      22696        3.2        0          174      424166     3311       3575.37    1962.96

Set Statistics
Type     Time(s)  Ops          TPS(ops/s)   Net(M/s)   Get_miss   Min(us)  Max(us)    Avg(us)    Std_dev    Geo_dist  
Period   1        229          229          0.0        0          396      14280      3593       3391.75    2154.45
Global   45       10356        230          0.0        0          252      130271     3500       3596.18    2093.16

Total Statistics
Type     Time(s)  Ops          TPS(ops/s)   Net(M/s)   Get_miss   Min(us)  Max(us)    Avg(us)    Std_dev    Geo_dist  
Period   1        23180        23180        3.1        0          204      27982      3295       3226.10    1971.72
Global   45       1031694      22926        3.2        0          174      424166     3313       3575.52    1964.22

[1;1H[2J
Get Statistics
Type     Time(s)  Ops          TPS(ops/s)   Net(M/s)   Get_miss   Min(us)  Max(us)    Avg(us)    Std_dev    Geo_dist  
Period   1        23278        23278        3.1        0          266      22218      3232       3221.06    1935.33
Global   46       1044612      22708        3.2        0          174      424166     3310       3567.17    1962.38

Set Statistics
Type     Time(s)  Ops          TPS(ops/s)   Net(M/s)   Get_miss   Min(us)  Max(us)    Avg(us)    Std_dev    Geo_dist  
Period   1        235          235          0.0        0          318      10900      3421       3387.07    2012.14
Global   46       10591        230          0.0        0          252      130271     3499       3590.81    2091.33

Total Statistics
Type     Time(s)  Ops          TPS(ops/s)   Net(M/s)   Get_miss   Min(us)  Max(us)    Avg(us)    Std_dev    Geo_dist  
Period   1        23509        23509        3.2        0          266      22218      3234       3223.17    1938.01
Global   46       1055203      22939        3.2        0          174      424166     3312       3567.36    1963.63

[1;1H[2J
Get Statistics
Type     Time(s)  Ops          TPS(ops/s)   Net(M/s)   Get_miss   Min(us)  Max(us)    Avg(us)    Std_dev    Geo_dist  
Period   1        23129        23129        3.1        0          221      18638      3255       3234.73    1936.87
Global   47       1067741      22717        3.2        0          174      424166     3308       3561.06    1961.82

Set Statistics
Type     Time(s)  Ops          TPS(ops/s)   Net(M/s)   Get_miss   Min(us)  Max(us)    Avg(us)    Std_dev    Geo_dist  
Period   1        235          235          0.0        0          322      10176      3175       3169.07    1902.37
Global   47       10826        230          0.0        0          252      130271     3492       3582.33    2087.03

Total Statistics
Type     Time(s)  Ops          TPS(ops/s)   Net(M/s)   Get_miss   Min(us)  Max(us)    Avg(us)    Std_dev    Geo_dist  
Period   1        23364        23364        3.2        0          221      18638      3254       3234.22    1936.52
Global   47       1078567      22948        3.2        0          174      424166     3310       3561.17    1963.04

[1;1H[2J
Get Statistics
Type     Time(s)  Ops          TPS(ops/s)   Net(M/s)   Get_miss   Min(us)  Max(us)    Avg(us)    Std_dev    Geo_dist  
Period   1        23271        23271        3.1        0          209      28748      3217       3267.24    1891.39
Global   48       1091012      22729        3.2        0          174      424166     3307       3554.19    1960.29

Set Statistics
Type     Time(s)  Ops          TPS(ops/s)   Net(M/s)   Get_miss   Min(us)  Max(us)    Avg(us)    Std_dev    Geo_dist  
Period   1        228          228          0.0        0          289      27294      3601       3684.96    2088.36
Global   48       11054        230          0.0        0          252      130271     3494       3584.58    2087.06

Total Statistics
Type     Time(s)  Ops          TPS(ops/s)   Net(M/s)   Get_miss   Min(us)  Max(us)    Avg(us)    Std_dev    Geo_dist  
Period   1        23500        23500        3.2        0          209      28748      3221       3271.75    1893.33
Global   48       1102067      22959        3.2        0          174      424166     3308       3555.36    1961.53

[1;1H[2J
Get Statistics
Type     Time(s)  Ops          TPS(ops/s)   Net(M/s)   Get_miss   Min(us)  Max(us)    Avg(us)    Std_dev    Geo_dist  
Period   1        20727        20727        3.1        0          222      95476      3611       6345.97    2000.40
Global   49       1111739      22688        2.8        0          174      424166     3312       3626.80    1961.05

Set Statistics
Type     Time(s)  Ops          TPS(ops/s)   Net(M/s)   Get_miss   Min(us)  Max(us)    Avg(us)    Std_dev    Geo_dist  
Period   1        211          211          0.0        0          296      17515      3593       3453.14    2164.35
Global   49       11265        229          0.0        0          252      130271     3496       3581.90    2088.48

Total Statistics
Type     Time(s)  Ops          TPS(ops/s)   Net(M/s)   Get_miss   Min(us)  Max(us)    Avg(us)    Std_dev    Geo_dist  
Period   1        20937        20937        3.1        0          222      95476      3611       6323.47    2002.72
Global   49       1123004      22918        2.9        0          174      424166     3314       3626.26    1962.29

[1;1H[2J
Get Statistics
Type     Time(s)  Ops          TPS(ops/s)   Net(M/s)   Get_miss   Min(us)  Max(us)    Avg(us)    Std_dev    Geo_dist  
Period   1        22846        22846        3.1        0          211      29518      3273       3245.45    1957.06
Global   50       1134585      22691        3.1        0          174      424166     3311       3619.72    1960.97

Set Statistics
Type     Time(s)  Ops          TPS(ops/s)   Net(M/s)   Get_miss   Min(us)  Max(us)    Avg(us)    Std_dev    Geo_dist  
Period   1        234          234          0.0        0          443      17061      3554       3424.47    2112.77
Global   50       11499        229          0.0        0          252      130271     3497       3578.80    2088.97

Total Statistics
Type     Time(s)  Ops          TPS(ops/s)   Net(M/s)   Get_miss   Min(us)  Max(us)    Avg(us)    Std_dev    Geo_dist  
Period   1        23080        23080        3.1        0          211      29518      3276       3247.21    1958.58
Global   50       1146084      22921        3.2        0          174      424166     3313       3619.24    1962.21

[1;1H[2J
Get Statistics
Type     Time(s)  Ops          TPS(ops/s)   Net(M/s)   Get_miss   Min(us)  Max(us)    Avg(us)    Std_dev    Geo_dist  
Period   1        23292        23292        3.1        0          278      32110      3232       3227.91    1939.21
Global   51       1157877      22703        3.2        0          174      424166     3310       3611.73    1960.53

Set Statistics
Type     Time(s)  Ops          TPS(ops/s)   Net(M/s)   Get_miss   Min(us)  Max(us)    Avg(us)    Std_dev    Geo_dist  
Period   1        237          237          0.0        0          405      9731       3532       3267.57    2153.76
Global   51       11736        230          0.0        0          252      130271     3498       3572.38    2090.26

Total Statistics
Type     Time(s)  Ops          TPS(ops/s)   Net(M/s)   Get_miss   Min(us)  Max(us)    Avg(us)    Std_dev    Geo_dist  
Period   1        23529        23529        3.1        0          278      32110      3235       3228.41    1941.26
Global   51       1169613      22933        3.2        0          174      424166     3312       3611.28    1961.79

[1;1H[2J
Get Statistics
Type     Time(s)  Ops          TPS(ops/s)   Net(M/s)   Get_miss   Min(us)  Max(us)    Avg(us)    Std_dev    Geo_dist  
Period   1        22843        22843        3.1        0          278      29045      3304       3248.59    2006.41
Global   52       1180720      22706        3.1        0          174      424166     3310       3604.95    1961.41

Set Statistics
Type     Time(s)  Ops          TPS(ops/s)   Net(M/s)   Get_miss   Min(us)  Max(us)    Avg(us)    Std_dev    Geo_dist  
Period   1        230          230          0.0        0          455      18109      3552       3569.82    2129.70
Global   52       11966        230          0.0        0          252      130271     3499       3572.22    2091.01

Total Statistics
Type     Time(s)  Ops          TPS(ops/s)   Net(M/s)   Get_miss   Min(us)  Max(us)    Avg(us)    Std_dev    Geo_dist  
Period   1        23074        23074        3.1        0          278      29045      3307       3251.30    2007.60
Global   52       1192687      22936        3.2        0          174      424166     3312       3604.57    1962.67

[1;1H[2J
Get Statistics
Type     Time(s)  Ops          TPS(ops/s)   Net(M/s)   Get_miss   Min(us)  Max(us)    Avg(us)    Std_dev    Geo_dist  
Period   1        22909        22909        3.1        0          258      20890      3267       3204.14    1989.12
Global   53       1203629      22709        3.1        0          174      424166     3309       3597.91    1961.94

Set Statistics
Type     Time(s)  Ops          TPS(ops/s)   Net(M/s)   Get_miss   Min(us)  Max(us)    Avg(us)    Std_dev    Geo_dist  
Period   1        226          226          0.0        0          362      10887      3255       3164.29    2020.30
Global   53       12192        230          0.0        0          252      130271     3494       3565.59    2089.68

Total Statistics
Type     Time(s)  Ops          TPS(ops/s)   Net(M/s)   Get_miss   Min(us)  Max(us)    Avg(us)    Std_dev    Geo_dist  
Period   1        23134        23134        3.2        0          258      20890      3267       3203.71    1990.08
Global   53       1215821      22940        3.2        0          174      424166     3311       3597.50    1963.18

[1;1H[2J
Get Statistics
Type     Time(s)  Ops          TPS(ops/s)   Net(M/s)   Get_miss   Min(us)  Max(us)    Avg(us)    Std_dev    Geo_dist  
Period   1        22270        22270        3.1        0          225      29004      3386       3674.43    1929.99
Global   54       1225899      22701        3.1        0          174      424166     3310       3599.69    1961.36

Set Statistics
Type     Time(s)  Ops          TPS(ops/s)   Net(M/s)   Get_miss   Min(us)  Max(us)    Avg(us)    Std_dev    Geo_dist  
Period   1        229          229          0.0        0          403      17967      3789       3605.27    2222.60
Global   54       12421        230          0.0        0          252      130271     3500       3565.85    2092.06

Total Statistics
Type     Time(s)  Ops          TPS(ops/s)   Net(M/s)   Get_miss   Min(us)  Max(us)    Avg(us)    Std_dev    Geo_dist  
Period   1        22499        22499        3.1        0          225      29004      3391       3673.05    1932.77
Global   54       1238320      22931        3.1        0          174      424166     3312       3599.31    1962.63

[1;1H[2J
Get Statistics
Type     Time(s)  Ops          TPS(ops/s)   Net(M/s)   Get_miss   Min(us)  Max(us)    Avg(us)    Std_dev    Geo_dist  
Period   1        22400        22400        3.1        0          273      38963      3344       3339.40    1965.53
Global   55       1248299      22696        3.1        0          174      424166     3311       3594.83    1961.43

Set Statistics
Type     Time(s)  Ops          TPS(ops/s)   Net(M/s)   Get_miss   Min(us)  Max(us)    Avg(us)    Std_dev    Geo_dist  
Period   1        229          229          0.0        0          414      9923       3448       3407.31    2002.41
Global   55       12650        230          0.0        0          252      130271     3499       3562.98    2090.40

Total Statistics
Type     Time(s)  Ops          TPS(ops/s)   Net(M/s)   Get_miss   Min(us)  Max(us)    Avg(us)    Std_dev    Geo_dist  
Period   1        22629        22629        3.1        0          273      38963      3345       3340.09    1965.90
Global   55       1260949      22926        3.1        0          174      424166     3313       3594.45    1962.69

[1;1H[2J
Get Statistics
Type     Time(s)  Ops          TPS(ops/s)   Net(M/s)   Get_miss   Min(us)  Max(us)    Avg(us)    Std_dev    Geo_dist  
Period   1        22245        22245        3.1        0          240      29060      3410       3314.52    2030.88
Global   56       1270544      22688        3.1        0          174      424166     3313       3589.89    1962.63

Set Statistics
Type     Time(s)  Ops          TPS(ops/s)   Net(M/s)   Get_miss   Min(us)  Max(us)    Avg(us)    Std_dev    Geo_dist  
Period   1        223          223          0.0        0          375      18129      3738       3408.31    2285.20
Global   56       12873        229          0.0        0          252      130271     3503       3560.50    2093.63

Total Statistics
Type     Time(s)  Ops          TPS(ops/s)   Net(M/s)   Get_miss   Min(us)  Max(us)    Avg(us)    Std_dev    Geo_dist  
Period   1        22472        22472        3.1        0          240      29060      3414       3315.93    2032.98
Global   56       1283421      22918        3.1        0          174      424166     3315       3589.58    1963.91

[1;1H[2J
Get Statistics
Type     Time(s)  Ops          TPS(ops/s)   Net(M/s)   Get_miss   Min(us)  Max(us)    Avg(us)    Std_dev    Geo_dist  
Period   1        21972        21972        3.1        0          226      28359      3417       3463.89    2010.13
Global   57       1292516      22675        3.0        0          174      424166     3314       3588.55    1963.48

Set Statistics
Type     Time(s)  Ops          TPS(ops/s)   Net(M/s)   Get_miss   Min(us)  Max(us)    Avg(us)    Std_dev    Geo_dist  
Period   1        222          222          0.0        0          295      27640      3751       3701.17    2219.13
Global   57       13095        229          0.0        0          252      130271     3507       3563.13    2095.70

Total Statistics
Type     Time(s)  Ops          TPS(ops/s)   Net(M/s)   Get_miss   Min(us)  Max(us)    Avg(us)    Std_dev    Geo_dist  
Period   1        22190        22190        3.1        0          226      28359      3421       3465.84    2014.05
Global   57       1305611      22905        3.0        0          174      424166     3316       3588.29    1964.77

[1;1H[2J
Get Statistics
Type     Time(s)  Ops          TPS(ops/s)   Net(M/s)   Get_miss   Min(us)  Max(us)    Avg(us)    Std_dev    Geo_dist  
Period   1        23134        23134        3.1        0          258      18457      3231       3286.83    1899.82
Global   58       1315650      22683        3.2        0          174      424166     3313       3583.05    1962.34

Set Statistics
Type     Time(s)  Ops          TPS(ops/s)   Net(M/s)   Get_miss   Min(us)  Max(us)    Avg(us)    Std_dev    Geo_dist  
Period   1        232          232          0.0        0          424      11594      3229       3119.72    2005.93
Global   58       13327        229          0.0        0          252      130271     3502       3556.12    2094.10

Total Statistics
Type     Time(s)  Ops          TPS(ops/s)   Net(M/s)   Get_miss   Min(us)  Max(us)    Avg(us)    Std_dev    Geo_dist  
Period   1        23367        23367        3.1        0          258      18457      3231       3285.01    1900.83
Global   58       1328978      22913        3.2        0          174      424166     3315       3582.73    1963.62

[1;1H[2J
Get Statistics
Type     Time(s)  Ops          TPS(ops/s)   Net(M/s)   Get_miss   Min(us)  Max(us)    Avg(us)    Std_dev    Geo_dist  
Period   1        22456        22456        3.1        0          215      28838      3328       3346.16    1942.29
Global   59       1338106      22679        3.1        0          174      424166     3313       3579.44    1962.01

Set Statistics
Type     Time(s)  Ops          TPS(ops/s)   Net(M/s)   Get_miss   Min(us)  Max(us)    Avg(us)    Std_dev    Geo_dist  
Period   1        226          226          0.0        0          353      12685      3247       3327.50    1886.23
Global   59       13553        229          0.0        0          252      130271     3498       3552.22    2090.45

Total Statistics
Type     Time(s)  Ops          TPS(ops/s)   Net(M/s)   Get_miss   Min(us)  Max(us)    Avg(us)    Std_dev    Geo_dist  
Period   1        22681        22681        3.1        0          215      28838      3328       3345.24    1941.74
Global   59       1351659      22909        3.1        0          174      424166     3315       3579.08    1963.25

[1;1H[2J
Get Statistics
Type     Time(s)  Ops          TPS(ops/s)   Net(M/s)   Get_miss   Min(us)  Max(us)    Avg(us)    Std_dev    Geo_dist  
Period   1        21596        21596        3.1        0          233      28004      3495       3508.49    2060.10
Global   60       1359702      22661        3.0        0          174      424166     3316       3578.29    1963.53

Set Statistics
Type     Time(s)  Ops          TPS(ops/s)   Net(M/s)   Get_miss   Min(us)  Max(us)    Avg(us)    Std_dev    Geo_dist  
Period   1        222          222          0.0        0          397      19062      3669       3847.99    2124.89
Global   60       13775        229          0.0        0          252      130271     3501       3556.86    2091.00

Total Statistics
Type     Time(s)  Ops          TPS(ops/s)   Net(M/s)   Get_miss   Min(us)  Max(us)    Avg(us)    Std_dev    Geo_dist  
Period   1        21817        21817        3.1        0          233      28004      3496       3512.98    2060.85
Global   60       1373476      22891        3.0        0          174      424166     3318       3577.99    1964.77

Get Statistics (1359776 events)
   Min:       174
   Max:    424166
   Avg:      3316
   Geo:   1963.65
   Std:   3578.57
   Log2 Dist:
       8:       92    28372   476516   362306
      12:    62746   304080   123146     2254
      16:      105      117       40        2

Set Statistics (13776 events)
   Min:       252
   Max:    130271
   Avg:      3501
   Geo:   2091.22
   Std:   3557.36
   Log2 Dist:
       8:        1      236     4524     3686
      12:      676     3115     1507       30
      16:        0        1

Total Statistics (1373552 events)
   Min:       174
   Max:    424166
   Avg:      3318
   Geo:   1964.89
   Std:   3578.27
   Log2 Dist:
       8:       93    28608   481040   365992
      12:    63422   307195   124653     2284
      16:      105      118       40        2

cmd_get: 1359850
cmd_set: 13778
get_misses: 0
written_bytes: 32119232
read_bytes: 224473248
object_bytes: 1984032

Run time: 60.3s Ops: 1373628 TPS: 22796 Net_rate: 4.1M/s
