servers : 10.0.0.11:9000
threads count: 56
concurrency: 56
run time: 60s
windows size: 10k
set proportion: set_prop=0.01
get proportion: get_prop=0.99
[1;1H[2J
Get Statistics
Type     Time(s)  Ops          TPS(ops/s)   Net(M/s)   Get_miss   Min(us)  Max(us)    Avg(us)    Std_dev    Geo_dist  
Period   1        16792        16792        2.3        0          222      18296      2973       3106.95    1759.28
Global   1        16792        16792        2.3        0          222      18296      2972       3107.46    1758.35

Set Statistics
Type     Time(s)  Ops          TPS(ops/s)   Net(M/s)   Get_miss   Min(us)  Max(us)    Avg(us)    Std_dev    Geo_dist  
Period   1        199          199          0.0        0          372      99361      19927      36187.79   3534.56
Global   1        199          199          0.0        0          372      99361      19927      36187.79   3534.56

Total Statistics
Type     Time(s)  Ops          TPS(ops/s)   Net(M/s)   Get_miss   Min(us)  Max(us)    Avg(us)    Std_dev    Geo_dist  
Period   1        16994        16994        2.3        0          222      99361      3172       5303.28    1773.21
Global   1        16994        16994        2.3        0          222      99361      3172       5303.28    1773.21

[1;1H[2J
Get Statistics
Type     Time(s)  Ops          TPS(ops/s)   Net(M/s)   Get_miss   Min(us)  Max(us)    Avg(us)    Std_dev    Geo_dist  
Period   1        19501        19501        2.5        0          257      13437      2873       3048.86    1697.50
Global   2        36293        18146        2.7        0          222      18296      2919       3076.70    1726.23

Set Statistics
Type     Time(s)  Ops          TPS(ops/s)   Net(M/s)   Get_miss   Min(us)  Max(us)    Avg(us)    Std_dev    Geo_dist  
Period   1        196          196          0.0        0          325      9958       3106       3124.22    1845.78
Global   2        395          197          0.0        0          325      99361      11580      27089.73   2560.53

Total Statistics
Type     Time(s)  Ops          TPS(ops/s)   Net(M/s)   Get_miss   Min(us)  Max(us)    Avg(us)    Std_dev    Geo_dist  
Period   1        19695        19695        2.5        0          257      13437      2875       3050.23    1700.20
Global   2        36689        18344        2.7        0          222      99361      3013       4247.40    1733.64

[1;1H[2J
Get Statistics
Type     Time(s)  Ops          TPS(ops/s)   Net(M/s)   Get_miss   Min(us)  Max(us)    Avg(us)    Std_dev    Geo_dist  
Period   1        20907        20907        2.6        0          256      17924      2672       2929.94    1618.17
Global   3        57200        19066        2.9        0          222      18296      2829       3026.07    1686.18

Set Statistics
Type     Time(s)  Ops          TPS(ops/s)   Net(M/s)   Get_miss   Min(us)  Max(us)    Avg(us)    Std_dev    Geo_dist  
Period   1        212          212          0.0        0          316      17366      2877       3168.12    1695.79
Global   3        607          202          0.0        0          316      99361      8541       22312.62   2217.31

Total Statistics
Type     Time(s)  Ops          TPS(ops/s)   Net(M/s)   Get_miss   Min(us)  Max(us)    Avg(us)    Std_dev    Geo_dist  
Period   1        21249        21249        2.7        0          256      17924      2684       2936.52    1624.46
Global   3        57938        19312        2.9        0          222      99361      2892       3822.76    1692.77

[1;1H[2J
Get Statistics
Type     Time(s)  Ops          TPS(ops/s)   Net(M/s)   Get_miss   Min(us)  Max(us)    Avg(us)    Std_dev    Geo_dist  
Period   1        20173        20173        2.7        0          210      12970      2737       2921.73    1601.96
Global   4        77373        19343        2.8        0          210      18296      2812       3000.88    1686.17

Set Statistics
Type     Time(s)  Ops          TPS(ops/s)   Net(M/s)   Get_miss   Min(us)  Max(us)    Avg(us)    Std_dev    Geo_dist  
Period   1        204          204          0.0        0          458      9479       2940       2935.58    1851.77
Global   4        811          202          0.0        0          316      99361      7132       19507.51   2119.08

Total Statistics
Type     Time(s)  Ops          TPS(ops/s)   Net(M/s)   Get_miss   Min(us)  Max(us)    Avg(us)    Std_dev    Geo_dist  
Period   1        20248        20248        2.7        0          210      12970      2758       2922.38    1683.00
Global   4        78186        19546        2.8        0          210      99361      2857       3611.88    1690.24

[1;1H[2J
Get Statistics
Type     Time(s)  Ops          TPS(ops/s)   Net(M/s)   Get_miss   Min(us)  Max(us)    Avg(us)    Std_dev    Geo_dist  
Period   1        20130        20130        2.7        0          266      12886      2783       2986.85    1654.77
Global   5        97503        19500        2.8        0          210      18296      2806       2998.10    1679.79

Set Statistics
Type     Time(s)  Ops          TPS(ops/s)   Net(M/s)   Get_miss   Min(us)  Max(us)    Avg(us)    Std_dev    Geo_dist  
Period   1        202          202          0.0        0          292      9769       2663       2879.79    1613.42
Global   5        1013         202          0.0        0          292      99361      6241       17590.38   2006.95

Total Statistics
Type     Time(s)  Ops          TPS(ops/s)   Net(M/s)   Get_miss   Min(us)  Max(us)    Avg(us)    Std_dev    Geo_dist  
Period   1        20332        20332        2.7        0          266      12886      2781       2985.94    1653.62
Global   5        98518        19703        2.8        0          210      99361      2842       3491.62    1682.92

[1;1H[2J
Get Statistics
Type     Time(s)  Ops          TPS(ops/s)   Net(M/s)   Get_miss   Min(us)  Max(us)    Avg(us)    Std_dev    Geo_dist  
Period   1        21245        21245        2.7        0          246      13232      2607       2885.20    1542.30
Global   6        118748       19791        2.9        0          210      18296      2771       2978.68    1654.45

Set Statistics
Type     Time(s)  Ops          TPS(ops/s)   Net(M/s)   Get_miss   Min(us)  Max(us)    Avg(us)    Std_dev    Geo_dist  
Period   1        213          213          0.0        0          410      9993       2597       2795.87    1579.75
Global   6        1226         204          0.0        0          292      99361      5608       16089.73   1925.21

Total Statistics
Type     Time(s)  Ops          TPS(ops/s)   Net(M/s)   Get_miss   Min(us)  Max(us)    Avg(us)    Std_dev    Geo_dist  
Period   1        21458        21458        2.7        0          246      13232      2607       2884.78    1543.32
Global   6        119976       19996        2.9        0          210      99361      2800       3392.23    1657.05

[1;1H[2J
Get Statistics
Type     Time(s)  Ops          TPS(ops/s)   Net(M/s)   Get_miss   Min(us)  Max(us)    Avg(us)    Std_dev    Geo_dist  
Period   1        20857        20857        2.7        0          234      14687      2678       2908.50    1599.53
Global   7        139605       19943        2.9        0          210      18296      2757       2968.64    1646.23

Set Statistics
Type     Time(s)  Ops          TPS(ops/s)   Net(M/s)   Get_miss   Min(us)  Max(us)    Avg(us)    Std_dev    Geo_dist  
Period   1        209          209          0.0        0          374      9434       2534       2691.10    1578.55
Global   7        1435         205          0.0        0          292      99361      5160       14945.87   1870.34

Total Statistics
Type     Time(s)  Ops          TPS(ops/s)   Net(M/s)   Get_miss   Min(us)  Max(us)    Avg(us)    Std_dev    Geo_dist  
Period   1        21064        21064        2.8        0          234      14687      2677       2905.75    1599.76
Global   7        141040       20148        2.9        0          210      99361      2781       3324.90    1648.37

[1;1H[2J
Get Statistics
Type     Time(s)  Ops          TPS(ops/s)   Net(M/s)   Get_miss   Min(us)  Max(us)    Avg(us)    Std_dev    Geo_dist  
Period   1        20920        20920        2.8        0          243      13052      2642       2962.00    1545.58
Global   8        160525       20065        2.9        0          210      18296      2742       2967.99    1632.66

Set Statistics
Type     Time(s)  Ops          TPS(ops/s)   Net(M/s)   Get_miss   Min(us)  Max(us)    Avg(us)    Std_dev    Geo_dist  
Period   1        218          218          0.0        0          334      11199      2510       2820.18    1522.53
Global   8        1653         206          0.0        0          292      99361      4811       13990.93   1820.27

Total Statistics
Type     Time(s)  Ops          TPS(ops/s)   Net(M/s)   Get_miss   Min(us)  Max(us)    Avg(us)    Std_dev    Geo_dist  
Period   1        21143        21143        2.8        0          243      13052      2641       2960.77    1544.70
Global   8        162183       20272        2.9        0          210      99361      2763       3279.85    1634.54

[1;1H[2J
Get Statistics
Type     Time(s)  Ops          TPS(ops/s)   Net(M/s)   Get_miss   Min(us)  Max(us)    Avg(us)    Std_dev    Geo_dist  
Period   1        21229        21229        2.8        0          246      11439      2630       2905.91    1555.21
Global   9        181754       20194        2.9        0          210      18296      2729       2961.01    1623.57

Set Statistics
Type     Time(s)  Ops          TPS(ops/s)   Net(M/s)   Get_miss   Min(us)  Max(us)    Avg(us)    Std_dev    Geo_dist  
Period   1        210          210          0.0        0          280      10889      2884       3070.68    1654.76
Global   9        1863         207          0.0        0          280      99361      4593       13232.79   1800.82

Total Statistics
Type     Time(s)  Ops          TPS(ops/s)   Net(M/s)   Get_miss   Min(us)  Max(us)    Avg(us)    Std_dev    Geo_dist  
Period   1        21436        21436        2.8        0          246      11439      2632       2907.55    1556.91
Global   9        183619       20402        2.9        0          210      99361      2748       3238.61    1625.28

[1;1H[2J
Get Statistics
Type     Time(s)  Ops          TPS(ops/s)   Net(M/s)   Get_miss   Min(us)  Max(us)    Avg(us)    Std_dev    Geo_dist  
Period   1        21000        21000        2.8        0          221      16926      2634       2900.72    1578.43
Global   10       202754       20275        2.9        0          210      18296      2719       2955.11    1618.90

Set Statistics
Type     Time(s)  Ops          TPS(ops/s)   Net(M/s)   Get_miss   Min(us)  Max(us)    Avg(us)    Std_dev    Geo_dist  
Period   1        212          212          0.0        0          390      9524       2416       2705.65    1502.71
Global   10       2075         207          0.0        0          280      99361      4371       12585.06   1767.83

Total Statistics
Type     Time(s)  Ops          TPS(ops/s)   Net(M/s)   Get_miss   Min(us)  Max(us)    Avg(us)    Std_dev    Geo_dist  
Period   1        21211        21211        2.8        0          221      16926      2633       2898.41    1578.34
Global   10       204830       20483        2.9        0          210      99361      2736       3205.32    1620.35

[1;1H[2J
Get Statistics
Type     Time(s)  Ops          TPS(ops/s)   Net(M/s)   Get_miss   Min(us)  Max(us)    Avg(us)    Std_dev    Geo_dist  
Period   1        20473        20473        2.8        0          240      17730      2703       2910.45    1626.91
Global   11       223227       20293        2.8        0          210      18296      2718       2950.66    1619.70

Set Statistics
Type     Time(s)  Ops          TPS(ops/s)   Net(M/s)   Get_miss   Min(us)  Max(us)    Avg(us)    Std_dev    Geo_dist  
Period   1        209          209          0.0        0          370      8806       2963       3008.40    1779.77
Global   11       2284         207          0.0        0          280      99361      4242       12036.40   1768.91

Total Statistics
Type     Time(s)  Ops          TPS(ops/s)   Net(M/s)   Get_miss   Min(us)  Max(us)    Avg(us)    Std_dev    Geo_dist  
Period   1        20682        20682        2.8        0          240      17730      2705       2911.98    1628.38
Global   11       225512       20501        2.8        0          210      99361      2733       3179.73    1621.15

[1;1H[2J
Get Statistics
Type     Time(s)  Ops          TPS(ops/s)   Net(M/s)   Get_miss   Min(us)  Max(us)    Avg(us)    Std_dev    Geo_dist  
Period   1        20485        20485        2.8        0          230      13464      2733       2934.06    1641.00
Global   12       243712       20309        2.8        0          210      18296      2719       2949.54    1621.54

Set Statistics
Type     Time(s)  Ops          TPS(ops/s)   Net(M/s)   Get_miss   Min(us)  Max(us)    Avg(us)    Std_dev    Geo_dist  
Period   1        206          206          0.0        0          456      12117      2472       2785.16    1513.25
Global   12       2490         207          0.0        0          280      99361      4096       11565.37   1746.22

Total Statistics
Type     Time(s)  Ops          TPS(ops/s)   Net(M/s)   Get_miss   Min(us)  Max(us)    Avg(us)    Std_dev    Geo_dist  
Period   1        20693        20693        2.8        0          230      13464      2731       2932.77    1639.92
Global   12       246205       20517        2.8        0          210      99361      2733       3159.60    1622.78

[1;1H[2J
Get Statistics
Type     Time(s)  Ops          TPS(ops/s)   Net(M/s)   Get_miss   Min(us)  Max(us)    Avg(us)    Std_dev    Geo_dist  
Period   1        21375        21375        2.8        0          210      18413      2596       2997.11    1496.36
Global   13       265087       20391        2.9        0          210      18413      2709       2953.77    1611.23

Set Statistics
Type     Time(s)  Ops          TPS(ops/s)   Net(M/s)   Get_miss   Min(us)  Max(us)    Avg(us)    Std_dev    Geo_dist  
Period   1        213          213          0.0        0          315      17886      2343       3005.61    1374.05
Global   13       2703         207          0.0        0          280      99361      3958       11142.01   1713.54

Total Statistics
Type     Time(s)  Ops          TPS(ops/s)   Net(M/s)   Get_miss   Min(us)  Max(us)    Avg(us)    Std_dev    Geo_dist  
Period   1        21585        21585        2.8        0          210      18413      2593       2997.61    1496.00
Global   13       267790       20599        3.0        0          210      99361      2722       3146.86    1612.23

[1;1H[2J
Get Statistics
Type     Time(s)  Ops          TPS(ops/s)   Net(M/s)   Get_miss   Min(us)  Max(us)    Avg(us)    Std_dev    Geo_dist  
Period   1        21388        21388        2.8        0          188      14541      2600       2828.13    1574.94
Global   14       286475       20462        2.9        0          188      18413      2701       2944.55    1608.44

Set Statistics
Type     Time(s)  Ops          TPS(ops/s)   Net(M/s)   Get_miss   Min(us)  Max(us)    Avg(us)    Std_dev    Geo_dist  
Period   1        219          219          0.0        0          251      10202      2903       2945.77    1769.46
Global   14       2922         208          0.0        0          251      99361      3878       10750.29   1717.67

Total Statistics
Type     Time(s)  Ops          TPS(ops/s)   Net(M/s)   Get_miss   Min(us)  Max(us)    Avg(us)    Std_dev    Geo_dist  
Period   1        21609        21609        2.8        0          188      14541      2604       2828.74    1576.37
Global   14       289399       20671        3.0        0          188      99361      2713       3124.54    1609.52

[1;1H[2J
Get Statistics
Type     Time(s)  Ops          TPS(ops/s)   Net(M/s)   Get_miss   Min(us)  Max(us)    Avg(us)    Std_dev    Geo_dist  
Period   1        20303        20303        2.8        0          225      13516      2763       2960.31    1643.93
Global   15       306778       20451        2.8        0          188      18413      2705       2945.78    1610.86

Set Statistics
Type     Time(s)  Ops          TPS(ops/s)   Net(M/s)   Get_miss   Min(us)  Max(us)    Avg(us)    Std_dev    Geo_dist  
Period   1        204          204          0.0        0          392      10908      2693       2964.55    1629.93
Global   15       3126         208          0.0        0          251      99361      3801       10424.90   1711.81

Total Statistics
Type     Time(s)  Ops          TPS(ops/s)   Net(M/s)   Get_miss   Min(us)  Max(us)    Avg(us)    Std_dev    Geo_dist  
Period   1        20505        20505        2.8        0          225      13516      2762       2960.44    1644.27
Global   15       309904       20660        2.8        0          188      99361      2716       3114.21    1611.85

[1;1H[2J
Get Statistics
Type     Time(s)  Ops          TPS(ops/s)   Net(M/s)   Get_miss   Min(us)  Max(us)    Avg(us)    Std_dev    Geo_dist  
Period   1        20393        20393        2.8        0          223      10880      2717       2868.33    1649.04
Global   16       327171       20448        2.8        0          188      18413      2706       2940.78    1613.21

Set Statistics
Type     Time(s)  Ops          TPS(ops/s)   Net(M/s)   Get_miss   Min(us)  Max(us)    Avg(us)    Std_dev    Geo_dist  
Period   1        209          209          0.0        0          378      10731      2470       2760.78    1516.09
Global   16       3335         208          0.0        0          251      99361      3718       10121.38   1698.83

Total Statistics
Type     Time(s)  Ops          TPS(ops/s)   Net(M/s)   Get_miss   Min(us)  Max(us)    Avg(us)    Std_dev    Geo_dist  
Period   1        20604        20604        2.8        0          223      10880      2715       2867.48    1647.88
Global   16       330508       20656        2.8        0          188      99361      2716       3099.34    1614.07

[1;1H[2J
Get Statistics
Type     Time(s)  Ops          TPS(ops/s)   Net(M/s)   Get_miss   Min(us)  Max(us)    Avg(us)    Std_dev    Geo_dist  
Period   1        19732        19732        2.8        0          267      18791      2829       3149.87    1658.55
Global   17       346903       20406        2.7        0          188      18791      2713       2953.22    1615.80

Set Statistics
Type     Time(s)  Ops          TPS(ops/s)   Net(M/s)   Get_miss   Min(us)  Max(us)    Avg(us)    Std_dev    Geo_dist  
Period   1        194          194          0.0        0          319      10250      2865       2985.42    1724.05
Global   17       3529         207          0.0        0          251      99361      3671       9865.86    1700.21

Total Statistics
Type     Time(s)  Ops          TPS(ops/s)   Net(M/s)   Get_miss   Min(us)  Max(us)    Avg(us)    Std_dev    Geo_dist  
Period   1        19925        19925        2.8        0          267      18791      2830       3147.33    1659.05
Global   17       350433       20613        2.7        0          188      99361      2723       3101.77    1616.63

[1;1H[2J
Get Statistics
Type     Time(s)  Ops          TPS(ops/s)   Net(M/s)   Get_miss   Min(us)  Max(us)    Avg(us)    Std_dev    Geo_dist  
Period   1        20797        20797        2.8        0          246      14478      2698       2854.74    1632.28
Global   18       367700       20427        2.9        0          188      18791      2712       2947.90    1616.77

Set Statistics
Type     Time(s)  Ops          TPS(ops/s)   Net(M/s)   Get_miss   Min(us)  Max(us)    Avg(us)    Std_dev    Geo_dist  
Period   1        212          212          0.0        0          472      12958      2964       2991.78    1833.27
Global   18       3741         207          0.0        0          251      99361      3631       9609.84    1707.48

Total Statistics
Type     Time(s)  Ops          TPS(ops/s)   Net(M/s)   Get_miss   Min(us)  Max(us)    Avg(us)    Std_dev    Geo_dist  
Period   1        21010        21010        2.8        0          246      14478      2701       2856.22    1634.31
Global   18       371443       20635        2.9        0          188      99361      2721       3089.09    1617.67

[1;1H[2J
Get Statistics
Type     Time(s)  Ops          TPS(ops/s)   Net(M/s)   Get_miss   Min(us)  Max(us)    Avg(us)    Std_dev    Geo_dist  
Period   1        20575        20575        2.8        0          189      14160      2709       2910.99    1622.05
Global   19       388275       20435        2.8        0          188      18791      2712       2945.83    1617.08

Set Statistics
Type     Time(s)  Ops          TPS(ops/s)   Net(M/s)   Get_miss   Min(us)  Max(us)    Avg(us)    Std_dev    Geo_dist  
Period   1        209          209          0.0        0          415      11348      2722       2877.29    1678.35
Global   19       3950         207          0.0        0          251      99361      3583       9377.54    1705.93

Total Statistics
Type     Time(s)  Ops          TPS(ops/s)   Net(M/s)   Get_miss   Min(us)  Max(us)    Avg(us)    Std_dev    Geo_dist  
Period   1        20782        20782        2.8        0          189      14160      2709       2910.53    1623.07
Global   19       392225       20643        2.9        0          188      99361      2721       3079.32    1617.95

[1;1H[2J
Get Statistics
Type     Time(s)  Ops          TPS(ops/s)   Net(M/s)   Get_miss   Min(us)  Max(us)    Avg(us)    Std_dev    Geo_dist  
Period   1        19326        19326        2.8        0          223      17989      2891       3244.80    1678.31
Global   20       407601       20380        2.7        0          188      18791      2720       2961.38    1619.93

Set Statistics
Type     Time(s)  Ops          TPS(ops/s)   Net(M/s)   Get_miss   Min(us)  Max(us)    Avg(us)    Std_dev    Geo_dist  
Period   1        196          196          0.0        0          373      16954      3215       3691.81    1835.84
Global   20       4146         207          0.0        0          251      99361      3565       9188.67    1711.86

Total Statistics
Type     Time(s)  Ops          TPS(ops/s)   Net(M/s)   Get_miss   Min(us)  Max(us)    Avg(us)    Std_dev    Geo_dist  
Period   1        19524        19524        2.8        0          223      17989      2895       3249.50    1680.07
Global   20       411749       20587        2.7        0          188      99361      2729       3088.04    1620.85

[1;1H[2J
Get Statistics
Type     Time(s)  Ops          TPS(ops/s)   Net(M/s)   Get_miss   Min(us)  Max(us)    Avg(us)    Std_dev    Geo_dist  
Period   1        20668        20668        2.8        0          213      14109      2702       2897.14    1622.55
Global   21       428269       20393        2.8        0          188      18791      2720       2957.55    1620.13

Set Statistics
Type     Time(s)  Ops          TPS(ops/s)   Net(M/s)   Get_miss   Min(us)  Max(us)    Avg(us)    Std_dev    Geo_dist  
Period   1        210          210          0.0        0          294      10063      2631       2835.15    1605.20
Global   21       4356         207          0.0        0          251      99361      3520       8988.10    1706.56

Total Statistics
Type     Time(s)  Ops          TPS(ops/s)   Net(M/s)   Get_miss   Min(us)  Max(us)    Avg(us)    Std_dev    Geo_dist  
Period   1        20877        20877        2.8        0          213      14109      2702       2895.95    1622.95
Global   21       432626       20601        2.9        0          188      99361      2728       3078.80    1620.98

[1;1H[2J
Get Statistics
Type     Time(s)  Ops          TPS(ops/s)   Net(M/s)   Get_miss   Min(us)  Max(us)    Avg(us)    Std_dev    Geo_dist  
Period   1        20855        20855        2.8        0          281      17657      2682       2992.96    1563.47
Global   22       449124       20414        2.9        0          188      18791      2718       2959.43    1617.45

Set Statistics
Type     Time(s)  Ops          TPS(ops/s)   Net(M/s)   Get_miss   Min(us)  Max(us)    Avg(us)    Std_dev    Geo_dist  
Period   1        209          209          0.0        0          412      10093      2677       2962.48    1585.19
Global   22       4565         207          0.0        0          251      99361      3482       8804.17    1700.80

Total Statistics
Type     Time(s)  Ops          TPS(ops/s)   Net(M/s)   Get_miss   Min(us)  Max(us)    Avg(us)    Std_dev    Geo_dist  
Period   1        21065        21065        2.8        0          281      17657      2682       2992.75    1563.79
Global   22       453691       20622        2.9        0          188      99361      2726       3074.75    1618.28

[1;1H[2J
Get Statistics
Type     Time(s)  Ops          TPS(ops/s)   Net(M/s)   Get_miss   Min(us)  Max(us)    Avg(us)    Std_dev    Geo_dist  
Period   1        21060        21060        2.8        0          219      18108      2631       2973.11    1552.07
Global   23       470184       20442        2.9        0          188      18791      2714       2960.21    1614.50

Set Statistics
Type     Time(s)  Ops          TPS(ops/s)   Net(M/s)   Get_miss   Min(us)  Max(us)    Avg(us)    Std_dev    Geo_dist  
Period   1        215          215          0.0        0          415      9103       2593       2793.18    1591.39
Global   23       4780         207          0.0        0          251      99361      3442       8626.10    1695.72

Total Statistics
Type     Time(s)  Ops          TPS(ops/s)   Net(M/s)   Get_miss   Min(us)  Max(us)    Avg(us)    Std_dev    Geo_dist  
Period   1        21276        21276        2.8        0          219      18108      2631       2970.48    1552.76
Global   23       474967       20650        2.9        0          188      99361      2721       3070.88    1615.29

[1;1H[2J
Get Statistics
Type     Time(s)  Ops          TPS(ops/s)   Net(M/s)   Get_miss   Min(us)  Max(us)    Avg(us)    Std_dev    Geo_dist  
Period   1        20489        20489        2.8        0          247      11756      2709       2976.34    1594.06
Global   24       490673       20444        2.8        0          188      18791      2714       2960.69    1613.68

Set Statistics
Type     Time(s)  Ops          TPS(ops/s)   Net(M/s)   Get_miss   Min(us)  Max(us)    Avg(us)    Std_dev    Geo_dist  
Period   1        202          202          0.0        0          383      13392      2299       2778.57    1378.32
Global   24       4982         207          0.0        0          251      99361      3395       8471.06    1681.53

Total Statistics
Type     Time(s)  Ops          TPS(ops/s)   Net(M/s)   Get_miss   Min(us)  Max(us)    Avg(us)    Std_dev    Geo_dist  
Period   1        20689        20689        2.8        0          247      13392      2706       2974.47    1593.10
Global   24       495656       20652        2.8        0          188      99361      2721       3066.36    1614.35

[1;1H[2J
Get Statistics
Type     Time(s)  Ops          TPS(ops/s)   Net(M/s)   Get_miss   Min(us)  Max(us)    Avg(us)    Std_dev    Geo_dist  
Period   1        20439        20439        2.8        0          252      14824      2730       2906.08    1665.89
Global   25       511112       20444        2.8        0          188      18791      2714       2959.13    1615.77

Set Statistics
Type     Time(s)  Ops          TPS(ops/s)   Net(M/s)   Get_miss   Min(us)  Max(us)    Avg(us)    Std_dev    Geo_dist  
Period   1        213          213          0.0        0          280      13485      2958       3138.69    1760.93
Global   25       5195         207          0.0        0          251      99361      3377       8320.23    1684.72

Total Statistics
Type     Time(s)  Ops          TPS(ops/s)   Net(M/s)   Get_miss   Min(us)  Max(us)    Avg(us)    Std_dev    Geo_dist  
Period   1        20651        20651        2.8        0          252      14824      2732       2908.60    1666.72
Global   25       516307       20652        2.8        0          188      99361      2721       3060.61    1616.45

[1;1H[2J
Get Statistics
Type     Time(s)  Ops          TPS(ops/s)   Net(M/s)   Get_miss   Min(us)  Max(us)    Avg(us)    Std_dev    Geo_dist  
Period   1        21514        21514        2.8        0          187      13137      2588       2844.48    1554.42
Global   26       532626       20485        3.0        0          187      18791      2709       2954.60    1613.24

Set Statistics
Type     Time(s)  Ops          TPS(ops/s)   Net(M/s)   Get_miss   Min(us)  Max(us)    Avg(us)    Std_dev    Geo_dist  
Period   1        211          211          0.0        0          415      12992      2766       2978.68    1658.75
Global   26       5406         207          0.0        0          251      99361      3354       8177.83    1683.70

Total Statistics
Type     Time(s)  Ops          TPS(ops/s)   Net(M/s)   Get_miss   Min(us)  Max(us)    Avg(us)    Std_dev    Geo_dist  
Period   1        21726        21726        2.8        0          187      13137      2589       2846.40    1555.44
Global   26       538033       20693        3.0        0          187      99361      2716       3052.06    1613.94

[1;1H[2J
Get Statistics
Type     Time(s)  Ops          TPS(ops/s)   Net(M/s)   Get_miss   Min(us)  Max(us)    Avg(us)    Std_dev    Geo_dist  
Period   1        20953        20953        2.8        0          238      13373      2646       2914.47    1571.69
Global   27       553579       20502        2.9        0          187      18791      2707       2952.76    1611.67

Set Statistics
Type     Time(s)  Ops          TPS(ops/s)   Net(M/s)   Get_miss   Min(us)  Max(us)    Avg(us)    Std_dev    Geo_dist  
Period   1        213          213          0.0        0          425      10983      2694       2941.06    1605.60
Global   27       5619         208          0.0        0          251      99361      3329       8042.60    1680.67

Total Statistics
Type     Time(s)  Ops          TPS(ops/s)   Net(M/s)   Get_miss   Min(us)  Max(us)    Avg(us)    Std_dev    Geo_dist  
Period   1        21167        21167        2.8        0          238      13373      2647       2914.81    1571.03
Global   27       559200       20711        2.9        0          187      99361      2713       3047.36    1612.36

[1;1H[2J
Get Statistics
Type     Time(s)  Ops          TPS(ops/s)   Net(M/s)   Get_miss   Min(us)  Max(us)    Avg(us)    Std_dev    Geo_dist  
Period   1        19857        19857        2.8        0          260      13730      2819       2946.50    1704.34
Global   28       573436       20479        2.7        0          187      18791      2711       2952.54    1614.85

Set Statistics
Type     Time(s)  Ops          TPS(ops/s)   Net(M/s)   Get_miss   Min(us)  Max(us)    Avg(us)    Std_dev    Geo_dist  
Period   1        201          201          0.0        0          390      10114      2472       2716.42    1571.99
Global   28       5820         207          0.0        0          251      99361      3299       7920.22    1676.79

Total Statistics
Type     Time(s)  Ops          TPS(ops/s)   Net(M/s)   Get_miss   Min(us)  Max(us)    Avg(us)    Std_dev    Geo_dist  
Period   1        20058        20058        2.8        0          260      13730      2816       2944.43    1703.72
Global   28       579258       20687        2.8        0          187      99361      2717       3043.54    1615.46

[1;1H[2J
Get Statistics
Type     Time(s)  Ops          TPS(ops/s)   Net(M/s)   Get_miss   Min(us)  Max(us)    Avg(us)    Std_dev    Geo_dist  
Period   1        20867        20867        2.8        0          257      12530      2656       2908.62    1598.06
Global   29       594303       20493        2.9        0          187      18791      2709       2951.10    1614.28

Set Statistics
Type     Time(s)  Ops          TPS(ops/s)   Net(M/s)   Get_miss   Min(us)  Max(us)    Avg(us)    Std_dev    Geo_dist  
Period   1        213          213          0.0        0          491      10529      2983       3057.85    1810.45
Global   29       6033         208          0.0        0          251      99361      3288       7800.37    1681.34

Total Statistics
Type     Time(s)  Ops          TPS(ops/s)   Net(M/s)   Get_miss   Min(us)  Max(us)    Avg(us)    Std_dev    Geo_dist  
Period   1        21080        21080        2.8        0          257      12530      2660       2910.41    1600.78
Global   29       600338       20701        2.9        0          187      99361      2715       3038.98    1614.95

[1;1H[2J
Get Statistics
Type     Time(s)  Ops          TPS(ops/s)   Net(M/s)   Get_miss   Min(us)  Max(us)    Avg(us)    Std_dev    Geo_dist  
Period   1        21197        21197        2.8        0          260      13297      2632       2967.11    1546.32
Global   30       615500       20516        2.9        0          187      18791      2706       2952.05    1611.94

Set Statistics
Type     Time(s)  Ops          TPS(ops/s)   Net(M/s)   Get_miss   Min(us)  Max(us)    Avg(us)    Std_dev    Geo_dist  
Period   1        208          208          0.0        0          332      13070      2591       2998.53    1529.69
Global   30       6241         208          0.0        0          251      99361      3265       7689.61    1676.05

Total Statistics
Type     Time(s)  Ops          TPS(ops/s)   Net(M/s)   Get_miss   Min(us)  Max(us)    Avg(us)    Std_dev    Geo_dist  
Period   1        21407        21407        2.8        0          260      13297      2632       2968.18    1547.04
Global   30       621745       20724        2.9        0          187      99361      2712       3036.75    1612.58

[1;1H[2J
Get Statistics
Type     Time(s)  Ops          TPS(ops/s)   Net(M/s)   Get_miss   Min(us)  Max(us)    Avg(us)    Std_dev    Geo_dist  
Period   1        20952        20952        2.8        0          236      12044      2647       2872.02    1608.22
Global   31       636452       20530        2.9        0          187      18791      2704       2949.53    1611.84

Set Statistics
Type     Time(s)  Ops          TPS(ops/s)   Net(M/s)   Get_miss   Min(us)  Max(us)    Avg(us)    Std_dev    Geo_dist  
Period   1        216          216          0.0        0          345      8908       2841       3008.66    1692.53
Global   31       6457         208          0.0        0          251      99361      3250       7580.52    1676.60

Total Statistics
Type     Time(s)  Ops          TPS(ops/s)   Net(M/s)   Get_miss   Min(us)  Max(us)    Avg(us)    Std_dev    Geo_dist  
Period   1        21166        21166        2.8        0          236      12044      2649       2873.01    1609.49
Global   31       642911       20739        2.9        0          187      99361      2710       3031.45    1612.48

[1;1H[2J
Get Statistics
Type     Time(s)  Ops          TPS(ops/s)   Net(M/s)   Get_miss   Min(us)  Max(us)    Avg(us)    Std_dev    Geo_dist  
Period   1        20717        20717        2.8        0          225      27852      2709       3195.13    1561.04
Global   32       657169       20536        2.8        0          187      27852      2705       2956.83    1610.23

Set Statistics
Type     Time(s)  Ops          TPS(ops/s)   Net(M/s)   Get_miss   Min(us)  Max(us)    Avg(us)    Std_dev    Geo_dist  
Period   1        211          211          0.0        0          363      11114      3125       3140.41    1842.90
Global   32       6668         208          0.0        0          251      99361      3246       7480.44    1681.62

Total Statistics
Type     Time(s)  Ops          TPS(ops/s)   Net(M/s)   Get_miss   Min(us)  Max(us)    Avg(us)    Std_dev    Geo_dist  
Period   1        20928        20928        2.8        0          225      27852      2714       3194.52    1564.33
Global   32       663839       20744        2.9        0          187      99361      2710       3036.84    1610.94

[1;1H[2J
Get Statistics
Type     Time(s)  Ops          TPS(ops/s)   Net(M/s)   Get_miss   Min(us)  Max(us)    Avg(us)    Std_dev    Geo_dist  
Period   1        21363        21363        2.8        0          279      13006      2594       2893.55    1551.03
Global   33       678532       20561        2.9        0          187      27852      2701       2955.39    1608.36

Set Statistics
Type     Time(s)  Ops          TPS(ops/s)   Net(M/s)   Get_miss   Min(us)  Max(us)    Avg(us)    Std_dev    Geo_dist  
Period   1        216          216          0.0        0          476      11562      2500       2838.51    1534.64
Global   33       6884         208          0.0        0          251      99361      3223       7380.18    1676.80

Total Statistics
Type     Time(s)  Ops          TPS(ops/s)   Net(M/s)   Get_miss   Min(us)  Max(us)    Avg(us)    Std_dev    Geo_dist  
Period   1        21579        21579        2.9        0          279      13006      2594       2892.51    1551.51
Global   33       685418       20770        3.0        0          187      99361      2706       3032.77    1609.04

[1;1H[2J
Get Statistics
Type     Time(s)  Ops          TPS(ops/s)   Net(M/s)   Get_miss   Min(us)  Max(us)    Avg(us)    Std_dev    Geo_dist  
Period   1        19996        19996        2.8        0          238      18191      2810       3079.17    1635.21
Global   34       698528       20544        2.7        0          187      27852      2704       2959.20    1609.16

Set Statistics
Type     Time(s)  Ops          TPS(ops/s)   Net(M/s)   Get_miss   Min(us)  Max(us)    Avg(us)    Std_dev    Geo_dist  
Period   1        196          196          0.0        0          399      10444      2598       2977.68    1534.01
Global   34       7080         208          0.0        0          251      99361      3206       7294.64    1672.68

Total Statistics
Type     Time(s)  Ops          TPS(ops/s)   Net(M/s)   Get_miss   Min(us)  Max(us)    Avg(us)    Std_dev    Geo_dist  
Period   1        20190        20190        2.9        0          238      18191      2808       3078.02    1634.68
Global   34       705608       20753        2.8        0          187      99361      2709       3034.06    1609.78

[1;1H[2J
Get Statistics
Type     Time(s)  Ops          TPS(ops/s)   Net(M/s)   Get_miss   Min(us)  Max(us)    Avg(us)    Std_dev    Geo_dist  
Period   1        19137        19137        2.8        0          210      18311      2911       2963.30    1817.77
Global   35       717665       20504        2.6        0          187      27852      2710       2959.05    1614.40

Set Statistics
Type     Time(s)  Ops          TPS(ops/s)   Net(M/s)   Get_miss   Min(us)  Max(us)    Avg(us)    Std_dev    Geo_dist  
Period   1        196          196          0.0        0          333      11456      2743       2907.58    1720.84
Global   35       7276         207          0.0        0          251      99361      3193       7212.05    1673.96

Total Statistics
Type     Time(s)  Ops          TPS(ops/s)   Net(M/s)   Get_miss   Min(us)  Max(us)    Avg(us)    Std_dev    Geo_dist  
Period   1        19333        19333        2.8        0          210      18311      2909       2963.00    1816.76
Global   35       724941       20712        2.7        0          187      99361      2715       3031.76    1614.98

[1;1H[2J
Get Statistics
Type     Time(s)  Ops          TPS(ops/s)   Net(M/s)   Get_miss   Min(us)  Max(us)    Avg(us)    Std_dev    Geo_dist  
Period   1        18463        18463        2.8        0          208      12976      3012       2848.02    1933.87
Global   36       736128       20448        2.5        0          187      27852      2717       2957.22    1621.73

Set Statistics
Type     Time(s)  Ops          TPS(ops/s)   Net(M/s)   Get_miss   Min(us)  Max(us)    Avg(us)    Std_dev    Geo_dist  
Period   1        185          185          0.0        0          381      9853       2609       2624.20    1692.14
Global   36       7461         207          0.0        0          251      99361      3179       7134.35    1674.41

Total Statistics
Type     Time(s)  Ops          TPS(ops/s)   Net(M/s)   Get_miss   Min(us)  Max(us)    Avg(us)    Std_dev    Geo_dist  
Period   1        18650        18650        2.8        0          208      12976      3009       2845.68    1931.58
Global   36       743591       20655        2.6        0          187      99361      2722       3027.92    1622.25

[1;1H[2J
Get Statistics
Type     Time(s)  Ops          TPS(ops/s)   Net(M/s)   Get_miss   Min(us)  Max(us)    Avg(us)    Std_dev    Geo_dist  
Period   1        19507        19507        2.8        0          220      13302      2833       2987.81    1728.10
Global   37       755635       20422        2.7        0          187      27852      2720       2958.08    1624.41

Set Statistics
Type     Time(s)  Ops          TPS(ops/s)   Net(M/s)   Get_miss   Min(us)  Max(us)    Avg(us)    Std_dev    Geo_dist  
Period   1        201          201          0.0        0          364      11786      2852       3007.72    1722.98
Global   37       7662         207          0.0        0          251      99361      3170       7057.27    1675.66

Total Statistics
Type     Time(s)  Ops          TPS(ops/s)   Net(M/s)   Get_miss   Min(us)  Max(us)    Avg(us)    Std_dev    Geo_dist  
Period   1        19708        19708        2.8        0          220      13302      2834       2987.61    1728.82
Global   37       763299       20629        2.7        0          187      99361      2725       3026.84    1624.92

[1;1H[2J
Get Statistics
Type     Time(s)  Ops          TPS(ops/s)   Net(M/s)   Get_miss   Min(us)  Max(us)    Avg(us)    Std_dev    Geo_dist  
Period   1        19907        19907        2.8        0          239      10907      2809       2853.33    1768.96
Global   38       775542       20409        2.7        0          187      27852      2723       2954.82    1627.98

Set Statistics
Type     Time(s)  Ops          TPS(ops/s)   Net(M/s)   Get_miss   Min(us)  Max(us)    Avg(us)    Std_dev    Geo_dist  
Period   1        197          197          0.0        0          387      9682       2887       2839.91    1855.83
Global   38       7859         206          0.0        0          251      99361      3163       6982.76    1679.96

Total Statistics
Type     Time(s)  Ops          TPS(ops/s)   Net(M/s)   Get_miss   Min(us)  Max(us)    Avg(us)    Std_dev    Geo_dist  
Period   1        20102        20102        2.8        0          239      10907      2808       2853.29    1767.97
Global   38       783401       20615        2.8        0          187      99361      2727       3022.69    1628.50

[1;1H[2J
Get Statistics
Type     Time(s)  Ops          TPS(ops/s)   Net(M/s)   Get_miss   Min(us)  Max(us)    Avg(us)    Std_dev    Geo_dist  
Period   1        20560        20560        2.8        0          224      13740      2701       2982.20    1589.37
Global   39       796102       20412        2.8        0          187      27852      2722       2955.93    1626.97

Set Statistics
Type     Time(s)  Ops          TPS(ops/s)   Net(M/s)   Get_miss   Min(us)  Max(us)    Avg(us)    Std_dev    Geo_dist  
Period   1        207          207          0.0        0          439      9716       2710       2911.45    1657.37
Global   39       8066         206          0.0        0          251      99361      3152       6908.34    1679.37

Total Statistics
Type     Time(s)  Ops          TPS(ops/s)   Net(M/s)   Get_miss   Min(us)  Max(us)    Avg(us)    Std_dev    Geo_dist  
Period   1        20769        20769        2.8        0          224      13740      2702       2981.21    1590.27
Global   39       804170       20619        2.9        0          187      99361      2726       3021.94    1627.50

[1;1H[2J
Get Statistics
Type     Time(s)  Ops          TPS(ops/s)   Net(M/s)   Get_miss   Min(us)  Max(us)    Avg(us)    Std_dev    Geo_dist  
Period   1        19922        19922        2.8        0          216      13561      2789       2997.99    1684.75
Global   40       816024       20400        2.7        0          187      27852      2724       2956.65    1628.38

Set Statistics
Type     Time(s)  Ops          TPS(ops/s)   Net(M/s)   Get_miss   Min(us)  Max(us)    Avg(us)    Std_dev    Geo_dist  
Period   1        205          205          0.0        0          353      11395      3148       3250.71    1850.69
Global   40       8271         206          0.0        0          251      99361      3151       6841.67    1683.42

Total Statistics
Type     Time(s)  Ops          TPS(ops/s)   Net(M/s)   Get_miss   Min(us)  Max(us)    Avg(us)    Std_dev    Geo_dist  
Period   1        20125        20125        2.8        0          216      13561      2793       3000.32    1686.87
Global   40       824295       20607        2.8        0          187      99361      2728       3021.10    1628.92

[1;1H[2J
Get Statistics
Type     Time(s)  Ops          TPS(ops/s)   Net(M/s)   Get_miss   Min(us)  Max(us)    Avg(us)    Std_dev    Geo_dist  
Period   1        20936        20936        2.8        0          249      11719      2667       2859.74    1617.97
Global   41       836960       20413        2.9        0          187      27852      2722       2954.81    1628.12

Set Statistics
Type     Time(s)  Ops          TPS(ops/s)   Net(M/s)   Get_miss   Min(us)  Max(us)    Avg(us)    Std_dev    Geo_dist  
Period   1        213          213          0.0        0          345      11157      2484       2838.16    1476.30
Global   41       8484         206          0.0        0          251      99361      3135       6770.58    1677.88

Total Statistics
Type     Time(s)  Ops          TPS(ops/s)   Net(M/s)   Get_miss   Min(us)  Max(us)    Avg(us)    Std_dev    Geo_dist  
Period   1        21152        21152        2.8        0          249      11719      2666       2859.66    1616.82
Global   41       845447       20620        2.9        0          187      99361      2726       3017.59    1628.62

[1;1H[2J
Get Statistics
Type     Time(s)  Ops          TPS(ops/s)   Net(M/s)   Get_miss   Min(us)  Max(us)    Avg(us)    Std_dev    Geo_dist  
Period   1        21450        21450        2.8        0          224      14127      2607       2938.13    1534.65
Global   42       858410       20438        2.9        0          187      27852      2719       2954.57    1625.73

Set Statistics
Type     Time(s)  Ops          TPS(ops/s)   Net(M/s)   Get_miss   Min(us)  Max(us)    Avg(us)    Std_dev    Geo_dist  
Period   1        218          218          0.0        0          380      14181      2607       2975.33    1530.95
Global   42       8702         207          0.0        0          251      99361      3121       6702.58    1674.03

Total Statistics
Type     Time(s)  Ops          TPS(ops/s)   Net(M/s)   Get_miss   Min(us)  Max(us)    Avg(us)    Std_dev    Geo_dist  
Period   1        21667        21667        2.8        0          224      14181      2607       2938.12    1534.50
Global   42       867114       20645        3.0        0          187      99361      2723       3015.72    1626.21

[1;1H[2J
Get Statistics
Type     Time(s)  Ops          TPS(ops/s)   Net(M/s)   Get_miss   Min(us)  Max(us)    Avg(us)    Std_dev    Geo_dist  
Period   1        21487        21487        2.8        0          214      11674      2587       2805.81    1577.43
Global   43       879897       20462        3.0        0          187      27852      2716       2950.91    1624.57

Set Statistics
Type     Time(s)  Ops          TPS(ops/s)   Net(M/s)   Get_miss   Min(us)  Max(us)    Avg(us)    Std_dev    Geo_dist  
Period   1        214          214          0.0        0          287      9048       2537       2766.58    1550.97
Global   43       8916         207          0.0        0          251      99361      3107       6636.04    1670.97

Total Statistics
Type     Time(s)  Ops          TPS(ops/s)   Net(M/s)   Get_miss   Min(us)  Max(us)    Avg(us)    Std_dev    Geo_dist  
Period   1        21701        21701        2.8        0          214      11674      2587       2805.37    1577.81
Global   43       888815       20670        3.0        0          187      99361      2720       3010.55    1625.03

[1;1H[2J
Get Statistics
Type     Time(s)  Ops          TPS(ops/s)   Net(M/s)   Get_miss   Min(us)  Max(us)    Avg(us)    Std_dev    Geo_dist  
Period   1        20238        20238        2.8        0          278      47945      2762       3516.97    1622.80
Global   44       900135       20457        2.8        0          187      47945      2717       2964.87    1624.54

Set Statistics
Type     Time(s)  Ops          TPS(ops/s)   Net(M/s)   Get_miss   Min(us)  Max(us)    Avg(us)    Std_dev    Geo_dist  
Period   1        203          203          0.0        0          414      12415      2558       2836.01    1586.02
Global   44       9119         207          0.0        0          251      99361      3095       6575.71    1669.03

Total Statistics
Type     Time(s)  Ops          TPS(ops/s)   Net(M/s)   Get_miss   Min(us)  Max(us)    Avg(us)    Std_dev    Geo_dist  
Period   1        20441        20441        2.8        0          278      47945      2760       3511.21    1623.14
Global   44       909256       20664        2.8        0          187      99361      2721       3022.63    1624.99

[1;1H[2J
Get Statistics
Type     Time(s)  Ops          TPS(ops/s)   Net(M/s)   Get_miss   Min(us)  Max(us)    Avg(us)    Std_dev    Geo_dist  
Period   1        21680        21680        2.8        0          252      17007      2601       2949.60    1520.72
Global   45       921815       20484        3.0        0          187      47945      2715       2963.92    1622.05

Set Statistics
Type     Time(s)  Ops          TPS(ops/s)   Net(M/s)   Get_miss   Min(us)  Max(us)    Avg(us)    Std_dev    Geo_dist  
Period   1        222          222          0.0        0          397      12514      2657       2971.47    1555.90
Global   45       9341         207          0.0        0          251      99361      3085       6513.29    1666.25

Total Statistics
Type     Time(s)  Ops          TPS(ops/s)   Net(M/s)   Get_miss   Min(us)  Max(us)    Avg(us)    Std_dev    Geo_dist  
Period   1        21902        21902        2.8        0          252      17007      2601       2949.85    1521.32
Global   45       931158       20692        3.0        0          187      99361      2718       3021.16    1622.49

[1;1H[2J
Get Statistics
Type     Time(s)  Ops          TPS(ops/s)   Net(M/s)   Get_miss   Min(us)  Max(us)    Avg(us)    Std_dev    Geo_dist  
Period   1        21981        21981        2.8        0          250      13681      2528       2823.35    1508.89
Global   46       943796       20517        3.0        0          187      47945      2710       2961.44    1619.35

Set Statistics
Type     Time(s)  Ops          TPS(ops/s)   Net(M/s)   Get_miss   Min(us)  Max(us)    Avg(us)    Std_dev    Geo_dist  
Period   1        219          219          0.0        0          382      13332      2700       2927.53    1606.12
Global   46       9560         207          0.0        0          251      99361      3076       6453.76    1664.85

Total Statistics
Type     Time(s)  Ops          TPS(ops/s)   Net(M/s)   Get_miss   Min(us)  Max(us)    Avg(us)    Std_dev    Geo_dist  
Period   1        22200        22200        2.8        0          250      13681      2530       2824.92    1511.03
Global   46       953358       20725        3.0        0          187      99361      2714       3016.53    1619.80

[1;1H[2J
Get Statistics
Type     Time(s)  Ops          TPS(ops/s)   Net(M/s)   Get_miss   Min(us)  Max(us)    Avg(us)    Std_dev    Geo_dist  
Period   1        20227        20227        2.8        0          278      12232      2761       2948.45    1666.20
Global   47       964023       20511        2.8        0          187      47945      2711       2961.25    1620.33

Set Statistics
Type     Time(s)  Ops          TPS(ops/s)   Net(M/s)   Get_miss   Min(us)  Max(us)    Avg(us)    Std_dev    Geo_dist  
Period   1        203          203          0.0        0          278      12230      2574       2882.38    1543.17
Global   47       9763         207          0.0        0          251      99361      3066       6399.94    1662.22

Total Statistics
Type     Time(s)  Ops          TPS(ops/s)   Net(M/s)   Get_miss   Min(us)  Max(us)    Avg(us)    Std_dev    Geo_dist  
Period   1        20428        20428        2.8        0          278      12232      2759       2947.78    1665.42
Global   47       973786       20718        2.8        0          187      99361      2715       3015.06    1620.74

[1;1H[2J
Get Statistics
Type     Time(s)  Ops          TPS(ops/s)   Net(M/s)   Get_miss   Min(us)  Max(us)    Avg(us)    Std_dev    Geo_dist  
Period   1        20908        20908        2.8        0          220      14002      2663       2831.14    1644.77
Global   48       984931       20519        2.9        0          187      47945      2710       2958.54    1620.84

Set Statistics
Type     Time(s)  Ops          TPS(ops/s)   Net(M/s)   Get_miss   Min(us)  Max(us)    Avg(us)    Std_dev    Geo_dist  
Period   1        216          216          0.0        0          448      10479      2645       2721.45    1684.93
Global   48       9979         207          0.0        0          251      99361      3056       6343.60    1662.71

Total Statistics
Type     Time(s)  Ops          TPS(ops/s)   Net(M/s)   Get_miss   Min(us)  Max(us)    Avg(us)    Std_dev    Geo_dist  
Period   1        21125        21125        2.8        0          220      14002      2663       2830.12    1645.29
Global   48       994911       20727        2.9        0          187      99361      2714       3011.16    1621.26

[1;1H[2J
Get Statistics
Type     Time(s)  Ops          TPS(ops/s)   Net(M/s)   Get_miss   Min(us)  Max(us)    Avg(us)    Std_dev    Geo_dist  
Period   1        20980        20980        2.8        0          239      10963      2665       2918.49    1582.10
Global   49       1005911      20528        2.9        0          187      47945      2709       2957.77    1620.03

Set Statistics
Type     Time(s)  Ops          TPS(ops/s)   Net(M/s)   Get_miss   Min(us)  Max(us)    Avg(us)    Std_dev    Geo_dist  
Period   1        215          215          0.0        0          322      9216       2423       2716.53    1502.08
Global   49       10194        208          0.0        0          251      99361      3043       6289.16    1659.15

Total Statistics
Type     Time(s)  Ops          TPS(ops/s)   Net(M/s)   Get_miss   Min(us)  Max(us)    Avg(us)    Std_dev    Geo_dist  
Period   1        21201        21201        2.8        0          239      10963      2662       2915.91    1580.19
Global   49       1016112      20736        2.9        0          187      99361      2713       3009.15    1620.42

[1;1H[2J
Get Statistics
Type     Time(s)  Ops          TPS(ops/s)   Net(M/s)   Get_miss   Min(us)  Max(us)    Avg(us)    Std_dev    Geo_dist  
Period   1        21090        21090        2.8        0          259      11809      2637       2856.14    1588.74
Global   50       1027001      20540        2.9        0          187      47945      2708       2955.32    1619.46

Set Statistics
Type     Time(s)  Ops          TPS(ops/s)   Net(M/s)   Get_miss   Min(us)  Max(us)    Avg(us)    Std_dev    Geo_dist  
Period   1        206          206          0.0        0          405      9251       2464       2727.78    1520.98
Global   50       10400        208          0.0        0          251      99361      3032       6238.62    1656.29

Total Statistics
Type     Time(s)  Ops          TPS(ops/s)   Net(M/s)   Get_miss   Min(us)  Max(us)    Avg(us)    Std_dev    Geo_dist  
Period   1        21289        21289        2.8        0          259      11809      2636       2855.16    1591.45
Global   50       1037401      20748        2.9        0          187      99361      2711       3006.47    1619.82

[1;1H[2J
Get Statistics
Type     Time(s)  Ops          TPS(ops/s)   Net(M/s)   Get_miss   Min(us)  Max(us)    Avg(us)    Std_dev    Geo_dist  
Period   1        21222        21222        2.8        0          242      11894      2616       2859.70    1576.59
Global   51       1048223      20553        2.9        0          187      47945      2706       2953.56    1618.58

Set Statistics
Type     Time(s)  Ops          TPS(ops/s)   Net(M/s)   Get_miss   Min(us)  Max(us)    Avg(us)    Std_dev    Geo_dist  
Period   1        219          219          0.0        0          309      9572       2399       2625.36    1522.27
Global   51       10619        208          0.0        0          251      99361      3019       6186.02    1653.41

Total Statistics
Type     Time(s)  Ops          TPS(ops/s)   Net(M/s)   Get_miss   Min(us)  Max(us)    Avg(us)    Std_dev    Geo_dist  
Period   1        21442        21442        2.9        0          242      11894      2614       2857.33    1576.11
Global   51       1058843      20761        2.9        0          187      99361      2709       3003.59    1618.93

[1;1H[2J
Get Statistics
Type     Time(s)  Ops          TPS(ops/s)   Net(M/s)   Get_miss   Min(us)  Max(us)    Avg(us)    Std_dev    Geo_dist  
Period   1        19834        19834        2.8        0          224      29376      2797       3154.96    1662.63
Global   52       1068057      20539        2.7        0          187      47945      2708       2957.17    1619.40

Set Statistics
Type     Time(s)  Ops          TPS(ops/s)   Net(M/s)   Get_miss   Min(us)  Max(us)    Avg(us)    Std_dev    Geo_dist  
Period   1        198          198          0.0        0          411      29024      2852       3431.03    1705.76
Global   52       10817        208          0.0        0          251      99361      3015       6147.11    1654.36

Total Statistics
Type     Time(s)  Ops          TPS(ops/s)   Net(M/s)   Get_miss   Min(us)  Max(us)    Avg(us)    Std_dev    Geo_dist  
Period   1        20035        20035        2.8        0          224      29376      2799       3158.11    1664.89
Global   52       1078878      20747        2.8        0          187      99361      2711       3006.25    1619.75

[1;1H[2J
Get Statistics
Type     Time(s)  Ops          TPS(ops/s)   Net(M/s)   Get_miss   Min(us)  Max(us)    Avg(us)    Std_dev    Geo_dist  
Period   1        20771        20771        2.8        0          191      11808      2698       2869.63    1645.27
Global   53       1088828      20543        2.9        0          187      47945      2707       2956.28    1619.91

Set Statistics
Type     Time(s)  Ops          TPS(ops/s)   Net(M/s)   Get_miss   Min(us)  Max(us)    Avg(us)    Std_dev    Geo_dist  
Period   1        209          209          0.0        0          358      8842       2582       2794.90    1598.00
Global   53       11026        208          0.0        0          251      99361      3007       6100.84    1653.27

Total Statistics
Type     Time(s)  Ops          TPS(ops/s)   Net(M/s)   Get_miss   Min(us)  Max(us)    Avg(us)    Std_dev    Geo_dist  
Period   1        20978        20978        2.8        0          191      11808      2697       2868.42    1645.25
Global   53       1099856      20752        2.9        0          187      99361      2710       3004.35    1620.25

[1;1H[2J
Get Statistics
Type     Time(s)  Ops          TPS(ops/s)   Net(M/s)   Get_miss   Min(us)  Max(us)    Avg(us)    Std_dev    Geo_dist  
Period   1        21673        21673        2.8        0          225      12089      2574       2887.90    1501.22
Global   54       1110501      20564        3.0        0          187      47945      2705       2954.48    1617.52

Set Statistics
Type     Time(s)  Ops          TPS(ops/s)   Net(M/s)   Get_miss   Min(us)  Max(us)    Avg(us)    Std_dev    Geo_dist  
Period   1        221          221          0.0        0          311      11759      3042       3161.71    1735.25
Global   54       11247        208          0.0        0          251      99361      3008       6056.61    1654.84

Total Statistics
Type     Time(s)  Ops          TPS(ops/s)   Net(M/s)   Get_miss   Min(us)  Max(us)    Avg(us)    Std_dev    Geo_dist  
Period   1        21892        21892        2.9        0          225      12089      2578       2891.61    1503.82
Global   54       1121748      20773        3.0        0          187      99361      2708       3001.72    1617.89

[1;1H[2J
Get Statistics
Type     Time(s)  Ops          TPS(ops/s)   Net(M/s)   Get_miss   Min(us)  Max(us)    Avg(us)    Std_dev    Geo_dist  
Period   1        19492        19492        2.8        0          208      37477      2839       3312.52    1719.95
Global   55       1129993      20545        2.7        0          187      47945      2707       2961.36    1619.24

Set Statistics
Type     Time(s)  Ops          TPS(ops/s)   Net(M/s)   Get_miss   Min(us)  Max(us)    Avg(us)    Std_dev    Geo_dist  
Period   1        197          197          0.0        0          364      36299      3375       3796.22    2068.70
Global   55       11444        208          0.0        0          251      99361      3014       6025.12    1661.22

Total Statistics
Type     Time(s)  Ops          TPS(ops/s)   Net(M/s)   Get_miss   Min(us)  Max(us)    Avg(us)    Std_dev    Geo_dist  
Period   1        19689        19689        2.9        0          208      37477      2845       3317.48    1723.13
Global   55       1141437      20753        2.7        0          187      99361      2710       3007.83    1619.65

[1;1H[2J
Get Statistics
Type     Time(s)  Ops          TPS(ops/s)   Net(M/s)   Get_miss   Min(us)  Max(us)    Avg(us)    Std_dev    Geo_dist  
Period   1        19691        19691        2.8        0          226      17572      2825       2956.44    1749.82
Global   56       1149684      20530        2.7        0          187      47945      2709       2961.33    1621.39

Set Statistics
Type     Time(s)  Ops          TPS(ops/s)   Net(M/s)   Get_miss   Min(us)  Max(us)    Avg(us)    Std_dev    Geo_dist  
Period   1        199          199          0.0        0          402      12382      2605       2803.75    1634.78
Global   56       11643        207          0.0        0          251      99361      3007       5984.82    1660.76

Total Statistics
Type     Time(s)  Ops          TPS(ops/s)   Net(M/s)   Get_miss   Min(us)  Max(us)    Avg(us)    Std_dev    Geo_dist  
Period   1        19894        19894        2.8        0          226      17572      2824       2955.02    1749.13
Global   56       1161331      20738        2.7        0          187      99361      2712       3006.92    1621.79

[1;1H[2J
Get Statistics
Type     Time(s)  Ops          TPS(ops/s)   Net(M/s)   Get_miss   Min(us)  Max(us)    Avg(us)    Std_dev    Geo_dist  
Period   1        19959        19959        2.8        0          259      18731      2809       2970.94    1720.35
Global   57       1169643      20520        2.7        0          187      47945      2711       2961.28    1623.07

Set Statistics
Type     Time(s)  Ops          TPS(ops/s)   Net(M/s)   Get_miss   Min(us)  Max(us)    Avg(us)    Std_dev    Geo_dist  
Period   1        201          201          0.0        0          280      11835      2678       2883.71    1645.14
Global   57       11844        207          0.0        0          251      99361      3002       5945.50    1660.49

Total Statistics
Type     Time(s)  Ops          TPS(ops/s)   Net(M/s)   Get_miss   Min(us)  Max(us)    Avg(us)    Std_dev    Geo_dist  
Period   1        20158        20158        2.8        0          259      18731      2809       2969.66    1721.63
Global   57       1181489      20727        2.8        0          187      99361      2714       3006.00    1623.44

[1;1H[2J
Get Statistics
Type     Time(s)  Ops          TPS(ops/s)   Net(M/s)   Get_miss   Min(us)  Max(us)    Avg(us)    Std_dev    Geo_dist  
Period   1        20374        20374        2.8        0          221      11799      2747       2747.04    1758.58
Global   58       1190017      20517        2.8        0          187      47945      2712       2957.40    1625.31

Set Statistics
Type     Time(s)  Ops          TPS(ops/s)   Net(M/s)   Get_miss   Min(us)  Max(us)    Avg(us)    Std_dev    Geo_dist  
Period   1        202          202          0.0        0          402      10552      2986       2855.66    1921.83
Global   58       12046        207          0.0        0          251      99361      3001       5907.33    1664.57

Total Statistics
Type     Time(s)  Ops          TPS(ops/s)   Net(M/s)   Get_miss   Min(us)  Max(us)    Avg(us)    Std_dev    Geo_dist  
Period   1        20575        20575        2.8        0          221      11799      2749       2748.51    1760.74
Global   58       1202064      20725        2.8        0          187      99361      2714       3002.33    1625.70

[1;1H[2J
Get Statistics
Type     Time(s)  Ops          TPS(ops/s)   Net(M/s)   Get_miss   Min(us)  Max(us)    Avg(us)    Std_dev    Geo_dist  
Period   1        19026        19026        2.8        0          228      54763      2937       3958.13    1771.10
Global   59       1209043      20492        2.6        0          187      54763      2715       2976.39    1627.52

Set Statistics
Type     Time(s)  Ops          TPS(ops/s)   Net(M/s)   Get_miss   Min(us)  Max(us)    Avg(us)    Std_dev    Geo_dist  
Period   1        199          199          0.0        0          390      10432      2417       2609.29    1573.88
Global   59       12245        207          0.0        0          251      99361      2992       5868.73    1663.05

Total Statistics
Type     Time(s)  Ops          TPS(ops/s)   Net(M/s)   Get_miss   Min(us)  Max(us)    Avg(us)    Std_dev    Geo_dist  
Period   1        19224        19224        2.8        0          228      54763      2932       3946.71    1769.62
Global   59       1221288      20699        2.6        0          187      99361      2718       3019.09    1627.87

[1;1H[2J
Get Statistics
Type     Time(s)  Ops          TPS(ops/s)   Net(M/s)   Get_miss   Min(us)  Max(us)    Avg(us)    Std_dev    Geo_dist  
Period   1        20580        20580        2.8        0          221      13632      2713       2925.32    1620.77
Global   60       1229623      20493        2.8        0          187      54763      2715       2975.51    1627.41

Set Statistics
Type     Time(s)  Ops          TPS(ops/s)   Net(M/s)   Get_miss   Min(us)  Max(us)    Avg(us)    Std_dev    Geo_dist  
Period   1        202          202          0.0        0          341      10217      2927       3072.54    1738.02
Global   60       12447        207          0.0        0          251      99361      2991       5833.97    1664.24

Total Statistics
Type     Time(s)  Ops          TPS(ops/s)   Net(M/s)   Get_miss   Min(us)  Max(us)    Avg(us)    Std_dev    Geo_dist  
Period   1        20784        20784        2.8        0          221      13632      2715       2927.56    1622.11
Global   60       1242072      20701        2.9        0          187      99361      2718       3017.53    1627.78

Get Statistics (1229681 events)
   Min:       187
   Max:     54763
   Avg:      2715
   Geo:   1627.50
   Std:   2975.83
   Log2 Dist:
       8:      163    44593   493719   330236
      12:    60121   239018    61066      623
      16:      142

Set Statistics (12447 events)
   Min:       251
   Max:     99361
   Avg:      2991
   Geo:   1664.24
   Std:   5833.97
   Log2 Dist:
       8:        1      414     4904     3419
      12:      666     2361      637        7
      16:        2       36

Total Statistics (1242128 events)
   Min:       187
   Max:     99361
   Avg:      2718
   Geo:   1627.86
   Std:   3017.84
   Log2 Dist:
       8:      164    45007   498623   333655
      12:    60787   241379    61703      630
      16:      144       36

cmd_get: 1229737
cmd_set: 12447
get_misses: 0
written_bytes: 29044502
read_bytes: 202996941
object_bytes: 1792368

Run time: 60.6s Ops: 1242184 TPS: 20503 Net_rate: 3.7M/s
