servers : 10.0.0.11:9000
threads count: 110
concurrency: 110
run time: 60s
windows size: 10k
set proportion: set_prop=0.01
get proportion: get_prop=0.99
[1;1H[2J
Get Statistics
Type     Time(s)  Ops          TPS(ops/s)   Net(M/s)   Get_miss   Min(us)  Max(us)    Avg(us)    Std_dev    Geo_dist  
Period   1        23594        23594        3.2        0          266      59137      4553       4382.45    2813.81
Global   1        23594        23594        3.2        0          266      59137      4553       4382.19    2812.75

Set Statistics
Type     Time(s)  Ops          TPS(ops/s)   Net(M/s)   Get_miss   Min(us)  Max(us)    Avg(us)    Std_dev    Geo_dist  
Period   1        287          287          0.0        0          492      21767      5146       3741.39    3619.12
Global   1        287          287          0.0        0          492      21767      5146       3741.39    3619.12

Total Statistics
Type     Time(s)  Ops          TPS(ops/s)   Net(M/s)   Get_miss   Min(us)  Max(us)    Avg(us)    Std_dev    Geo_dist  
Period   1        23884        23884        3.3        0          266      59137      4560       4375.79    2821.62
Global   1        23884        23884        3.3        0          266      59137      4560       4375.79    2821.62

[1;1H[2J
Get Statistics
Type     Time(s)  Ops          TPS(ops/s)   Net(M/s)   Get_miss   Min(us)  Max(us)    Avg(us)    Std_dev    Geo_dist  
Period   1        24382        24382        3.3        0          246      58920      4410       4053.35    2726.66
Global   2        47976        23988        3.3        0          246      59137      4481       4218.38    2769.69

Set Statistics
Type     Time(s)  Ops          TPS(ops/s)   Net(M/s)   Get_miss   Min(us)  Max(us)    Avg(us)    Std_dev    Geo_dist  
Period   1        246          246          0.0        0          519      20556      4572       3901.77    2880.29
Global   2        533          266          0.0        0          492      21767      4881       3823.48    3257.12

Total Statistics
Type     Time(s)  Ops          TPS(ops/s)   Net(M/s)   Get_miss   Min(us)  Max(us)    Avg(us)    Std_dev    Geo_dist  
Period   1        24625        24625        3.3        0          246      58920      4412       4051.67    2729.80
Global   2        48509        24254        3.4        0          246      59137      4485       4214.84    2774.63

[1;1H[2J
Get Statistics
Type     Time(s)  Ops          TPS(ops/s)   Net(M/s)   Get_miss   Min(us)  Max(us)    Avg(us)    Std_dev    Geo_dist  
Period   1        23999        23999        3.3        0          279      48969      4537       3942.37    2880.96
Global   3        71975        23991        3.3        0          246      59137      4500       4128.10    2806.31

Set Statistics
Type     Time(s)  Ops          TPS(ops/s)   Net(M/s)   Get_miss   Min(us)  Max(us)    Avg(us)    Std_dev    Geo_dist  
Period   1        246          246          0.0        0          546      19741      4673       3749.81    3098.43
Global   3        779          259          0.0        0          492      21767      4815       3799.59    3206.15

Total Statistics
Type     Time(s)  Ops          TPS(ops/s)   Net(M/s)   Get_miss   Min(us)  Max(us)    Avg(us)    Std_dev    Geo_dist  
Period   1        24245        24245        3.3        0          279      48969      4539       3939.70    2883.09
Global   3        72754        24251        3.3        0          246      59137      4503       4125.23    2810.31

[1;1H[2J
Get Statistics
Type     Time(s)  Ops          TPS(ops/s)   Net(M/s)   Get_miss   Min(us)  Max(us)    Avg(us)    Std_dev    Geo_dist  
Period   1        22834        22834        3.3        0          228      67287      4771       4422.53    2978.61
Global   4        94809        23702        3.1        0          228      67287      4565       4202.77    2846.87

Set Statistics
Type     Time(s)  Ops          TPS(ops/s)   Net(M/s)   Get_miss   Min(us)  Max(us)    Avg(us)    Std_dev    Geo_dist  
Period   1        238          238          0.0        0          450      53790      5149       4986.47    3297.00
Global   4        1017         254          0.0        0          450      53790      4893       4108.14    3227.18

Total Statistics
Type     Time(s)  Ops          TPS(ops/s)   Net(M/s)   Get_miss   Min(us)  Max(us)    Avg(us)    Std_dev    Geo_dist  
Period   1        23074        23074        3.3        0          228      67287      4775       4428.82    2981.98
Global   4        95828        23957        3.2        0          228      67287      4569       4201.38    2850.72

[1;1H[2J
Get Statistics
Type     Time(s)  Ops          TPS(ops/s)   Net(M/s)   Get_miss   Min(us)  Max(us)    Avg(us)    Std_dev    Geo_dist  
Period   1        23710        23710        3.3        0          239      57329      4639       4287.20    2882.17
Global   5        118519       23703        3.3        0          228      67287      4580       4219.72    2854.11

Set Statistics
Type     Time(s)  Ops          TPS(ops/s)   Net(M/s)   Get_miss   Min(us)  Max(us)    Avg(us)    Std_dev    Geo_dist  
Period   1        236          236          0.0        0          551      20394      5413       4232.01    3572.07
Global   5        1253         250          0.0        0          450      53790      4991       4134.98    3289.49

Total Statistics
Type     Time(s)  Ops          TPS(ops/s)   Net(M/s)   Get_miss   Min(us)  Max(us)    Avg(us)    Std_dev    Geo_dist  
Period   1        23946        23946        3.3        0          239      57329      4646       4287.36    2886.12
Global   5        119774       23954        3.3        0          228      67287      4584       4219.39    2858.40

[1;1H[2J
Get Statistics
Type     Time(s)  Ops          TPS(ops/s)   Net(M/s)   Get_miss   Min(us)  Max(us)    Avg(us)    Std_dev    Geo_dist  
Period   1        23228        23228        3.2        0          244      32216      4682       4058.13    2940.32
Global   6        141747       23624        3.2        0          228      67287      4597       4193.54    2868.07

Set Statistics
Type     Time(s)  Ops          TPS(ops/s)   Net(M/s)   Get_miss   Min(us)  Max(us)    Avg(us)    Std_dev    Geo_dist  
Period   1        234          234          0.0        0          421      18494      4237       3679.12    2675.68
Global   6        1487         247          0.0        0          421      53790      4872       4075.15    3184.30

Total Statistics
Type     Time(s)  Ops          TPS(ops/s)   Net(M/s)   Get_miss   Min(us)  Max(us)    Avg(us)    Std_dev    Geo_dist  
Period   1        23462        23462        3.3        0          244      32216      4677       4055.19    2937.51
Global   6        143236       23872        3.2        0          228      67287      4600       4192.22    2871.21

[1;1H[2J
Get Statistics
Type     Time(s)  Ops          TPS(ops/s)   Net(M/s)   Get_miss   Min(us)  Max(us)    Avg(us)    Std_dev    Geo_dist  
Period   1        24076        24076        3.3        0          205      69170      4550       4153.83    2818.55
Global   7        165823       23689        3.3        0          205      69170      4590       4188.04    2861.12

Set Statistics
Type     Time(s)  Ops          TPS(ops/s)   Net(M/s)   Get_miss   Min(us)  Max(us)    Avg(us)    Std_dev    Geo_dist  
Period   1        242          242          0.0        0          350      19794      4701       3869.84    3080.91
Global   7        1729         247          0.0        0          350      53790      4848       4046.47    3169.62

Total Statistics
Type     Time(s)  Ops          TPS(ops/s)   Net(M/s)   Get_miss   Min(us)  Max(us)    Avg(us)    Std_dev    Geo_dist  
Period   1        24318        24318        3.3        0          205      69170      4553       4150.04    2823.13
Global   7        167554       23936        3.3        0          205      69170      4593       4186.34    2864.18

[1;1H[2J
Get Statistics
Type     Time(s)  Ops          TPS(ops/s)   Net(M/s)   Get_miss   Min(us)  Max(us)    Avg(us)    Std_dev    Geo_dist  
Period   1        23347        23347        3.2        0          310      40624      4649       3932.05    2999.11
Global   8        189170       23646        3.2        0          205      69170      4597       4157.70    2877.94

Set Statistics
Type     Time(s)  Ops          TPS(ops/s)   Net(M/s)   Get_miss   Min(us)  Max(us)    Avg(us)    Std_dev    Geo_dist  
Period   1        240          240          0.0        0          306      18544      4936       3761.32    3272.05
Global   8        1969         246          0.0        0          306      53790      4859       4011.65    3181.94

Total Statistics
Type     Time(s)  Ops          TPS(ops/s)   Net(M/s)   Get_miss   Min(us)  Max(us)    Avg(us)    Std_dev    Geo_dist  
Period   1        23590        23590        3.3        0          306      40624      4653       3930.35    3003.36
Global   8        191144       23893        3.2        0          205      69170      4600       4156.09    2881.00

[1;1H[2J
Get Statistics
Type     Time(s)  Ops          TPS(ops/s)   Net(M/s)   Get_miss   Min(us)  Max(us)    Avg(us)    Std_dev    Geo_dist  
Period   1        23201        23201        3.2        0          278      52945      4673       4195.34    2892.40
Global   9        212371       23596        3.2        0          205      69170      4606       4161.25    2879.89

Set Statistics
Type     Time(s)  Ops          TPS(ops/s)   Net(M/s)   Get_miss   Min(us)  Max(us)    Avg(us)    Std_dev    Geo_dist  
Period   1        230          230          0.0        0          463      19956      5400       4190.67    3550.13
Global   9        2199         244          0.0        0          306      53790      4916       4032.66    3218.59

Total Statistics
Type     Time(s)  Ops          TPS(ops/s)   Net(M/s)   Get_miss   Min(us)  Max(us)    Avg(us)    Std_dev    Geo_dist  
Period   1        23428        23428        3.3        0          278      52945      4680       4195.55    2899.83
Global   9        214572       23841        3.2        0          205      69170      4609       4160.22    2883.18

[1;1H[2J
Get Statistics
Type     Time(s)  Ops          TPS(ops/s)   Net(M/s)   Get_miss   Min(us)  Max(us)    Avg(us)    Std_dev    Geo_dist  
Period   1        23881        23881        3.2        0          237      48299      4597       4273.06    2862.78
Global   10       236252       23625        3.3        0          205      69170      4605       4172.78    2878.25

Set Statistics
Type     Time(s)  Ops          TPS(ops/s)   Net(M/s)   Get_miss   Min(us)  Max(us)    Avg(us)    Std_dev    Geo_dist  
Period   1        239          239          0.0        0          499      37104      5026       5157.95    3047.68
Global   10       2438         243          0.0        0          306      53790      4926       4156.26    3201.42

Total Statistics
Type     Time(s)  Ops          TPS(ops/s)   Net(M/s)   Get_miss   Min(us)  Max(us)    Avg(us)    Std_dev    Geo_dist  
Period   1        24118        24118        3.3        0          237      48299      4601       4283.40    2865.48
Global   10       238690       23869        3.3        0          205      69170      4608       4173.04    2881.38

[1;1H[2J
Get Statistics
Type     Time(s)  Ops          TPS(ops/s)   Net(M/s)   Get_miss   Min(us)  Max(us)    Avg(us)    Std_dev    Geo_dist  
Period   1        22547        22547        3.2        0          278      137135     4822       7569.01    2685.97
Global   11       258799       23527        3.1        0          205      137135     4624       4570.45    2860.97

Set Statistics
Type     Time(s)  Ops          TPS(ops/s)   Net(M/s)   Get_miss   Min(us)  Max(us)    Avg(us)    Std_dev    Geo_dist  
Period   1        227          227          0.0        0          375      28193      4325       4225.83    2658.24
Global   11       2665         242          0.0        0          306      53790      4875       4164.58    3151.11

Total Statistics
Type     Time(s)  Ops          TPS(ops/s)   Net(M/s)   Get_miss   Min(us)  Max(us)    Avg(us)    Std_dev    Geo_dist  
Period   1        22776        22776        3.3        0          278      137135     4818       7542.33    2685.92
Global   11       261466       23769        3.1        0          205      137135     4626       4567.13    2863.80

[1;1H[2J
Get Statistics
Type     Time(s)  Ops          TPS(ops/s)   Net(M/s)   Get_miss   Min(us)  Max(us)    Avg(us)    Std_dev    Geo_dist  
Period   1        24057        24057        3.2        0          316      70143      4572       4325.31    2764.95
Global   12       282856       23571        3.3        0          205      137135     4619       4550.74    2852.76

Set Statistics
Type     Time(s)  Ops          TPS(ops/s)   Net(M/s)   Get_miss   Min(us)  Max(us)    Avg(us)    Std_dev    Geo_dist  
Period   1        247          247          0.0        0          402      27627      4731       4196.84    2927.05
Global   12       2912         242          0.0        0          306      53790      4863       4166.55    3131.46

Total Statistics
Type     Time(s)  Ops          TPS(ops/s)   Net(M/s)   Get_miss   Min(us)  Max(us)    Avg(us)    Std_dev    Geo_dist  
Period   1        24306        24306        3.3        0          316      70143      4574       4324.25    2767.84
Global   12       285772       23814        3.3        0          205      137135     4622       4546.56    2855.51

[1;1H[2J
Get Statistics
Type     Time(s)  Ops          TPS(ops/s)   Net(M/s)   Get_miss   Min(us)  Max(us)    Avg(us)    Std_dev    Geo_dist  
Period   1        24294        24294        3.2        0          284      40718      4509       3949.29    2831.69
Global   13       307150       23626        3.3        0          205      137135     4611       4505.56    2851.42

Set Statistics
Type     Time(s)  Ops          TPS(ops/s)   Net(M/s)   Get_miss   Min(us)  Max(us)    Avg(us)    Std_dev    Geo_dist  
Period   1        248          248          0.0        0          576      19246      5032       3819.70    3324.98
Global   13       3160         243          0.0        0          306      53790      4876       4140.37    3146.23

Total Statistics
Type     Time(s)  Ops          TPS(ops/s)   Net(M/s)   Get_miss   Min(us)  Max(us)    Avg(us)    Std_dev    Geo_dist  
Period   1        24538        24538        3.3        0          284      40718      4515       3948.16    2839.06
Global   13       310310       23870        3.4        0          205      137135     4613       4502.78    2854.28

[1;1H[2J
Get Statistics
Type     Time(s)  Ops          TPS(ops/s)   Net(M/s)   Get_miss   Min(us)  Max(us)    Avg(us)    Std_dev    Geo_dist  
Period   1        23428        23428        3.2        0          290      56764      4558       4083.55    2827.85
Global   14       330578       23612        3.2        0          205      137135     4607       4477.23    2849.75

Set Statistics
Type     Time(s)  Ops          TPS(ops/s)   Net(M/s)   Get_miss   Min(us)  Max(us)    Avg(us)    Std_dev    Geo_dist  
Period   1        239          239          0.0        0          517      30070      5317       4155.09    3556.39
Global   14       3399         242          0.0        0          306      53790      4907       4142.34    3173.46

Total Statistics
Type     Time(s)  Ops          TPS(ops/s)   Net(M/s)   Get_miss   Min(us)  Max(us)    Avg(us)    Std_dev    Geo_dist  
Period   1        23667        23667        3.3        0          290      56764      4565       4085.64    2834.41
Global   14       333977       23855        3.3        0          205      137135     4610       4474.10    2852.87

[1;1H[2J
Get Statistics
Type     Time(s)  Ops          TPS(ops/s)   Net(M/s)   Get_miss   Min(us)  Max(us)    Avg(us)    Std_dev    Geo_dist  
Period   1        23892        23892        3.2        0          334      50839      4646       4379.09    2823.04
Global   15       354470       23631        3.3        0          205      137135     4610       4470.31    2847.94

Set Statistics
Type     Time(s)  Ops          TPS(ops/s)   Net(M/s)   Get_miss   Min(us)  Max(us)    Avg(us)    Std_dev    Geo_dist  
Period   1        243          243          0.0        0          439      34606      4490       4668.37    2652.13
Global   15       3642         242          0.0        0          306      53790      4879       4180.30    3135.69

Total Statistics
Type     Time(s)  Ops          TPS(ops/s)   Net(M/s)   Get_miss   Min(us)  Max(us)    Avg(us)    Std_dev    Geo_dist  
Period   1        24137        24137        3.3        0          334      50839      4645       4382.19    2821.58
Global   15       358114       23874        3.3        0          205      137135     4612       4468.34    2850.75

[1;1H[2J
Get Statistics
Type     Time(s)  Ops          TPS(ops/s)   Net(M/s)   Get_miss   Min(us)  Max(us)    Avg(us)    Std_dev    Geo_dist  
Period   1        23599        23599        3.2        0          230      53559      4560       4471.44    2782.39
Global   16       378069       23629        3.2        0          205      137135     4607       4470.30    2843.87

Set Statistics
Type     Time(s)  Ops          TPS(ops/s)   Net(M/s)   Get_miss   Min(us)  Max(us)    Avg(us)    Std_dev    Geo_dist  
Period   1        239          239          0.0        0          391      30424      4885       4097.26    3092.77
Global   16       3881         242          0.0        0          306      53790      4880       4173.97    3133.03

Total Statistics
Type     Time(s)  Ops          TPS(ops/s)   Net(M/s)   Get_miss   Min(us)  Max(us)    Avg(us)    Std_dev    Geo_dist  
Period   1        23837        23837        3.3        0          230      53559      4563       4467.44    2785.13
Global   16       381951       23871        3.3        0          205      137135     4609       4468.27    2846.68

[1;1H[2J
Get Statistics
Type     Time(s)  Ops          TPS(ops/s)   Net(M/s)   Get_miss   Min(us)  Max(us)    Avg(us)    Std_dev    Geo_dist  
Period   1        23969        23969        3.2        0          298      61178      4537       4181.38    2833.22
Global   17       402038       23649        3.3        0          205      137135     4602       4454.48    2843.24

Set Statistics
Type     Time(s)  Ops          TPS(ops/s)   Net(M/s)   Get_miss   Min(us)  Max(us)    Avg(us)    Std_dev    Geo_dist  
Period   1        238          238          0.0        0          463      28823      4344       4075.62    2712.53
Global   17       4119         242          0.0        0          306      53790      4849       4169.78    3107.05

Total Statistics
Type     Time(s)  Ops          TPS(ops/s)   Net(M/s)   Get_miss   Min(us)  Max(us)    Avg(us)    Std_dev    Geo_dist  
Period   1        24208        24208        3.3        0          298      61178      4535       4180.52    2832.12
Global   17       406159       23891        3.3        0          205      137135     4605       4451.24    2845.81

[1;1H[2J
Get Statistics
Type     Time(s)  Ops          TPS(ops/s)   Net(M/s)   Get_miss   Min(us)  Max(us)    Avg(us)    Std_dev    Geo_dist  
Period   1        24205        24205        3.3        0          237      71547      4500       4547.58    2705.19
Global   18       426243       23680        3.3        0          205      137135     4597       4459.07    2835.27

Set Statistics
Type     Time(s)  Ops          TPS(ops/s)   Net(M/s)   Get_miss   Min(us)  Max(us)    Avg(us)    Std_dev    Geo_dist  
Period   1        242          242          0.0        0          622      27883      4902       4417.57    3045.72
Global   18       4361         242          0.0        0          306      53790      4852       4183.33    3103.61

Total Statistics
Type     Time(s)  Ops          TPS(ops/s)   Net(M/s)   Get_miss   Min(us)  Max(us)    Avg(us)    Std_dev    Geo_dist  
Period   1        24445        24445        3.3        0          237      71547      4504       4546.50    2709.13
Global   18       430604       23922        3.4        0          205      137135     4599       4457.04    2837.87

[1;1H[2J
Get Statistics
Type     Time(s)  Ops          TPS(ops/s)   Net(M/s)   Get_miss   Min(us)  Max(us)    Avg(us)    Std_dev    Geo_dist  
Period   1        22440        22440        3.2        0          219      83919      4825       6646.09    2749.98
Global   19       448683       23614        3.1        0          205      137135     4608       4593.92    2830.94

Set Statistics
Type     Time(s)  Ops          TPS(ops/s)   Net(M/s)   Get_miss   Min(us)  Max(us)    Avg(us)    Std_dev    Geo_dist  
Period   1        226          226          0.0        0          440      78792      5697       9330.99    3094.53
Global   19       4587         241          0.0        0          306      78792      4893       4577.03    3103.16

Total Statistics
Type     Time(s)  Ops          TPS(ops/s)   Net(M/s)   Get_miss   Min(us)  Max(us)    Avg(us)    Std_dev    Geo_dist  
Period   1        22669        22669        3.3        0          219      83919      4834       6678.06    2753.56
Global   19       453273       23856        3.1        0          205      137135     4611       4593.72    2833.59

[1;1H[2J
Get Statistics
Type     Time(s)  Ops          TPS(ops/s)   Net(M/s)   Get_miss   Min(us)  Max(us)    Avg(us)    Std_dev    Geo_dist  
Period   1        23635        23635        3.2        0          237      79790      4610       4588.27    2784.67
Global   20       472318       23615        3.2        0          205      137135     4608       4593.74    2828.66

Set Statistics
Type     Time(s)  Ops          TPS(ops/s)   Net(M/s)   Get_miss   Min(us)  Max(us)    Avg(us)    Std_dev    Geo_dist  
Period   1        234          234          0.0        0          546      28115      5102       4257.39    3227.54
Global   20       4821         241          0.0        0          306      78792      4904       4560.92    3109.09

Total Statistics
Type     Time(s)  Ops          TPS(ops/s)   Net(M/s)   Get_miss   Min(us)  Max(us)    Avg(us)    Std_dev    Geo_dist  
Period   1        23868        23868        3.3        0          237      79790      4615       4585.18    2788.62
Global   20       477141       23857        3.3        0          205      137135     4611       4593.50    2831.38

[1;1H[2J
Get Statistics
Type     Time(s)  Ops          TPS(ops/s)   Net(M/s)   Get_miss   Min(us)  Max(us)    Avg(us)    Std_dev    Geo_dist  
Period   1        25128        25128        3.3        0          309      41679      4355       3998.01    2676.27
Global   21       497446       23687        3.5        0          205      137135     4595       4566.08    2820.81

Set Statistics
Type     Time(s)  Ops          TPS(ops/s)   Net(M/s)   Get_miss   Min(us)  Max(us)    Avg(us)    Std_dev    Geo_dist  
Period   1        257          257          0.0        0          577      18671      4540       3889.96    2848.91
Global   21       5078         241          0.0        0          306      78792      4885       4530.34    3095.37

Total Statistics
Type     Time(s)  Ops          TPS(ops/s)   Net(M/s)   Get_miss   Min(us)  Max(us)    Avg(us)    Std_dev    Geo_dist  
Period   1        25383        25383        3.3        0          309      41679      4357       3996.83    2678.69
Global   21       502524       23929        3.5        0          205      137135     4598       4565.74    2823.46

[1;1H[2J
Get Statistics
Type     Time(s)  Ops          TPS(ops/s)   Net(M/s)   Get_miss   Min(us)  Max(us)    Avg(us)    Std_dev    Geo_dist  
Period   1        26440        26440        3.3        0          290      36472      4102       3886.48    2491.02
Global   22       523886       23813        3.6        0          205      137135     4570       4535.62    2803.17

Set Statistics
Type     Time(s)  Ops          TPS(ops/s)   Net(M/s)   Get_miss   Min(us)  Max(us)    Avg(us)    Std_dev    Geo_dist  
Period   1        271          271          0.0        0          492      21807      4414       4152.34    2724.98
Global   22       5349         243          0.0        0          306      78792      4861       4512.92    3075.45

Total Statistics
Type     Time(s)  Ops          TPS(ops/s)   Net(M/s)   Get_miss   Min(us)  Max(us)    Avg(us)    Std_dev    Geo_dist  
Period   1        26713        26713        3.3        0          290      36472      4106       3888.67    2493.50
Global   22       529237       24056        3.7        0          205      137135     4573       4535.43    2805.80

[1;1H[2J
Get Statistics
Type     Time(s)  Ops          TPS(ops/s)   Net(M/s)   Get_miss   Min(us)  Max(us)    Avg(us)    Std_dev    Geo_dist  
Period   1        23242        23242        3.3        0          277      77253      4631       5296.27    2731.98
Global   23       547128       23788        3.2        0          205      137135     4573       4570.13    2800.15

Set Statistics
Type     Time(s)  Ops          TPS(ops/s)   Net(M/s)   Get_miss   Min(us)  Max(us)    Avg(us)    Std_dev    Geo_dist  
Period   1        229          229          0.0        0          494      55022      4562       5629.28    2759.53
Global   23       5578         242          0.0        0          306      78792      4849       4563.61    3061.79

Total Statistics
Type     Time(s)  Ops          TPS(ops/s)   Net(M/s)   Get_miss   Min(us)  Max(us)    Avg(us)    Std_dev    Geo_dist  
Period   1        23472        23472        3.3        0          277      77253      4630       5300.06    2733.41
Global   23       552709       24030        3.2        0          205      137135     4576       4569.93    2802.69

[1;1H[2J
Get Statistics
Type     Time(s)  Ops          TPS(ops/s)   Net(M/s)   Get_miss   Min(us)  Max(us)    Avg(us)    Std_dev    Geo_dist  
Period   1        21324        21324        3.3        0          261      109946     5106       8361.60    2803.49
Global   24       568452       23685        2.9        0          205      137135     4593       4768.18    2800.36

Set Statistics
Type     Time(s)  Ops          TPS(ops/s)   Net(M/s)   Get_miss   Min(us)  Max(us)    Avg(us)    Std_dev    Geo_dist  
Period   1        216          216          0.0        0          412      30388      5282       4642.46    3270.68
Global   24       5794         241          0.0        0          306      78792      4865       4567.06    3069.33

Total Statistics
Type     Time(s)  Ops          TPS(ops/s)   Net(M/s)   Get_miss   Min(us)  Max(us)    Avg(us)    Std_dev    Geo_dist  
Period   1        21538        21538        3.3        0          261      109946     5108       8332.90    2809.90
Global   24       574247       23926        3.0        0          205      137135     4596       4766.03    2802.96

[1;1H[2J
Get Statistics
Type     Time(s)  Ops          TPS(ops/s)   Net(M/s)   Get_miss   Min(us)  Max(us)    Avg(us)    Std_dev    Geo_dist  
Period   1        24836        24836        3.3        0          255      38422      4416       3998.19    2705.81
Global   25       593288       23731        3.4        0          205      137135     4586       4738.21    2796.38

Set Statistics
Type     Time(s)  Ops          TPS(ops/s)   Net(M/s)   Get_miss   Min(us)  Max(us)    Avg(us)    Std_dev    Geo_dist  
Period   1        255          255          0.0        0          430      25407      4740       4247.43    2971.67
Global   25       6049         241          0.0        0          306      78792      4860       4553.49    3065.15

Total Statistics
Type     Time(s)  Ops          TPS(ops/s)   Net(M/s)   Get_miss   Min(us)  Max(us)    Avg(us)    Std_dev    Geo_dist  
Period   1        25092        25092        3.3        0          255      38422      4419       4001.19    2708.49
Global   25       599339       23973        3.4        0          205      137135     4588       4737.20    2798.98

[1;1H[2J
Get Statistics
Type     Time(s)  Ops          TPS(ops/s)   Net(M/s)   Get_miss   Min(us)  Max(us)    Avg(us)    Std_dev    Geo_dist  
Period   1        24012        24012        3.3        0          244      67460      4521       4217.80    2790.84
Global   26       617300       23742        3.3        0          205      137135     4583       4719.52    2796.25

Set Statistics
Type     Time(s)  Ops          TPS(ops/s)   Net(M/s)   Get_miss   Min(us)  Max(us)    Avg(us)    Std_dev    Geo_dist  
Period   1        243          243          0.0        0          354      22288      4492       3848.83    2860.47
Global   26       6292         242          0.0        0          306      78792      4846       4528.37    3056.98

Total Statistics
Type     Time(s)  Ops          TPS(ops/s)   Net(M/s)   Get_miss   Min(us)  Max(us)    Avg(us)    Std_dev    Geo_dist  
Period   1        24254        24254        3.3        0          244      67460      4521       4213.79    2792.13
Global   26       623593       23984        3.3        0          205      137135     4586       4717.36    2798.76

[1;1H[2J
Get Statistics
Type     Time(s)  Ops          TPS(ops/s)   Net(M/s)   Get_miss   Min(us)  Max(us)    Avg(us)    Std_dev    Geo_dist  
Period   1        23657        23657        3.3        0          227      77144      4548       4314.12    2755.25
Global   27       640957       23739        3.2        0          205      137135     4582       4704.90    2794.75

Set Statistics
Type     Time(s)  Ops          TPS(ops/s)   Net(M/s)   Get_miss   Min(us)  Max(us)    Avg(us)    Std_dev    Geo_dist  
Period   1        236          236          0.0        0          434      19527      4677       3848.14    2986.68
Global   27       6528         241          0.0        0          306      78792      4840       4505.31    3054.41

Total Statistics
Type     Time(s)  Ops          TPS(ops/s)   Net(M/s)   Get_miss   Min(us)  Max(us)    Avg(us)    Std_dev    Geo_dist  
Period   1        23892        23892        3.3        0          227      77144      4549       4310.19    2756.18
Global   27       647485       23980        3.3        0          205      137135     4584       4703.58    2797.25

[1;1H[2J
Get Statistics
Type     Time(s)  Ops          TPS(ops/s)   Net(M/s)   Get_miss   Min(us)  Max(us)    Avg(us)    Std_dev    Geo_dist  
Period   1        24953        24953        3.3        0          244      67118      4347       4202.48    2573.43
Global   28       665910       23782        3.4        0          205      137135     4573       4687.44    2786.12

Set Statistics
Type     Time(s)  Ops          TPS(ops/s)   Net(M/s)   Get_miss   Min(us)  Max(us)    Avg(us)    Std_dev    Geo_dist  
Period   1        250          250          0.0        0          318      21330      4381       4102.92    2595.22
Global   28       6778         242          0.0        0          306      78792      4823       4491.74    3036.11

Total Statistics
Type     Time(s)  Ops          TPS(ops/s)   Net(M/s)   Get_miss   Min(us)  Max(us)    Avg(us)    Std_dev    Geo_dist  
Period   1        25205        25205        3.3        0          244      67118      4348       4200.94    2573.87
Global   28       672690       24024        3.5        0          205      137135     4576       4685.11    2788.55

[1;1H[2J
Get Statistics
Type     Time(s)  Ops          TPS(ops/s)   Net(M/s)   Get_miss   Min(us)  Max(us)    Avg(us)    Std_dev    Geo_dist  
Period   1        24107        24107        3.3        0          186      49508      4475       4200.59    2690.84
Global   29       690017       23793        3.3        0          186      137135     4570       4670.92    2782.77

Set Statistics
Type     Time(s)  Ops          TPS(ops/s)   Net(M/s)   Get_miss   Min(us)  Max(us)    Avg(us)    Std_dev    Geo_dist  
Period   1        248          248          0.0        0          429      20151      4796       4268.78    2923.07
Global   29       7026         242          0.0        0          306      78792      4822       4483.82    3032.05

Total Statistics
Type     Time(s)  Ops          TPS(ops/s)   Net(M/s)   Get_miss   Min(us)  Max(us)    Avg(us)    Std_dev    Geo_dist  
Period   1        24353        24353        3.3        0          186      49508      4478       4201.70    2693.87
Global   29       697043       24035        3.3        0          186      137135     4572       4669.66    2785.18

[1;1H[2J
Get Statistics
Type     Time(s)  Ops          TPS(ops/s)   Net(M/s)   Get_miss   Min(us)  Max(us)    Avg(us)    Std_dev    Geo_dist  
Period   1        24990        24990        3.3        0          224      45577      4353       3945.43    2720.77
Global   30       715007       23833        3.4        0          186      137135     4562       4648.05    2780.58

Set Statistics
Type     Time(s)  Ops          TPS(ops/s)   Net(M/s)   Get_miss   Min(us)  Max(us)    Avg(us)    Std_dev    Geo_dist  
Period   1        254          254          0.0        0          539      37923      4354       4188.44    2739.35
Global   30       7280         242          0.0        0          306      78792      4805       4475.12    3021.33

Total Statistics
Type     Time(s)  Ops          TPS(ops/s)   Net(M/s)   Get_miss   Min(us)  Max(us)    Avg(us)    Std_dev    Geo_dist  
Period   1        25248        25248        3.3        0          224      45577      4354       3947.28    2721.40
Global   30       722291       24076        3.5        0          186      137135     4565       4645.86    2782.93

[1;1H[2J
Get Statistics
Type     Time(s)  Ops          TPS(ops/s)   Net(M/s)   Get_miss   Min(us)  Max(us)    Avg(us)    Std_dev    Geo_dist  
Period   1        24576        24576        3.3        0          319      67166      4468       4497.99    2679.55
Global   31       739583       23857        3.4        0          186      137135     4559       4643.05    2777.20

Set Statistics
Type     Time(s)  Ops          TPS(ops/s)   Net(M/s)   Get_miss   Min(us)  Max(us)    Avg(us)    Std_dev    Geo_dist  
Period   1        245          245          0.0        0          350      32013      5069       4602.40    3158.13
Global   31       7525         242          0.0        0          306      78792      4814       4478.82    3025.69

Total Statistics
Type     Time(s)  Ops          TPS(ops/s)   Net(M/s)   Get_miss   Min(us)  Max(us)    Avg(us)    Std_dev    Geo_dist  
Period   1        24817        24817        3.3        0          319      67166      4474       4499.22    2684.42
Global   31       747108       24100        3.4        0          186      137135     4562       4641.07    2779.60

[1;1H[2J
Get Statistics
Type     Time(s)  Ops          TPS(ops/s)   Net(M/s)   Get_miss   Min(us)  Max(us)    Avg(us)    Std_dev    Geo_dist  
Period   1        24542        24542        3.3        0          340      32504      4400       3929.94    2754.75
Global   32       764125       23878        3.4        0          186      137135     4554       4621.84    2776.48

Set Statistics
Type     Time(s)  Ops          TPS(ops/s)   Net(M/s)   Get_miss   Min(us)  Max(us)    Avg(us)    Std_dev    Geo_dist  
Period   1        251          251          0.0        0          524      21125      4348       3849.60    2722.56
Global   32       7776         243          0.0        0          306      78792      4799       4460.39    3015.40

Total Statistics
Type     Time(s)  Ops          TPS(ops/s)   Net(M/s)   Get_miss   Min(us)  Max(us)    Avg(us)    Std_dev    Geo_dist  
Period   1        24794        24794        3.3        0          340      32504      4400       3928.47    2753.60
Global   32       771902       24121        3.4        0          186      137135     4556       4620.77    2778.79

[1;1H[2J
Get Statistics
Type     Time(s)  Ops          TPS(ops/s)   Net(M/s)   Get_miss   Min(us)  Max(us)    Avg(us)    Std_dev    Geo_dist  
Period   1        25467        25467        3.3        0          215      51227      4262       3955.83    2630.15
Global   33       789592       23927        3.5        0          186      137135     4544       4602.73    2771.66

Set Statistics
Type     Time(s)  Ops          TPS(ops/s)   Net(M/s)   Get_miss   Min(us)  Max(us)    Avg(us)    Std_dev    Geo_dist  
Period   1        252          252          0.0        0          499      14970      4587       3802.52    2921.54
Global   33       8028         243          0.0        0          306      78792      4792       4441.54    3012.40

Total Statistics
Type     Time(s)  Ops          TPS(ops/s)   Net(M/s)   Get_miss   Min(us)  Max(us)    Avg(us)    Std_dev    Geo_dist  
Period   1        25719        25719        3.3        0          215      51227      4265       3954.56    2632.85
Global   33       797621       24170        3.5        0          186      137135     4547       4600.70    2773.99

[1;1H[2J
Get Statistics
Type     Time(s)  Ops          TPS(ops/s)   Net(M/s)   Get_miss   Min(us)  Max(us)    Avg(us)    Std_dev    Geo_dist  
Period   1        24112        24112        3.3        0          297      62317      4497       4403.56    2728.19
Global   34       813704       23932        3.3        0          186      137135     4543       4596.58    2770.39

Set Statistics
Type     Time(s)  Ops          TPS(ops/s)   Net(M/s)   Get_miss   Min(us)  Max(us)    Avg(us)    Std_dev    Geo_dist  
Period   1        248          248          0.0        0          449      28171      4937       4212.27    3048.55
Global   34       8276         243          0.0        0          306      78792      4797       4433.96    3013.48

Total Statistics
Type     Time(s)  Ops          TPS(ops/s)   Net(M/s)   Get_miss   Min(us)  Max(us)    Avg(us)    Std_dev    Geo_dist  
Period   1        24363        24363        3.3        0          297      62317      4502       4401.45    2731.60
Global   34       821984       24176        3.3        0          186      137135     4546       4594.60    2772.75

[1;1H[2J
Get Statistics
Type     Time(s)  Ops          TPS(ops/s)   Net(M/s)   Get_miss   Min(us)  Max(us)    Avg(us)    Std_dev    Geo_dist  
Period   1        24129        24129        3.3        0          357      45125      4512       4333.74    2772.75
Global   35       837833       23938        3.3        0          186      137135     4542       4589.34    2770.52

Set Statistics
Type     Time(s)  Ops          TPS(ops/s)   Net(M/s)   Get_miss   Min(us)  Max(us)    Avg(us)    Std_dev    Geo_dist  
Period   1        246          246          0.0        0          536      30423      5005       4309.44    3204.08
Global   35       8522         243          0.0        0          306      78792      4803       4430.31    3018.82

Total Statistics
Type     Time(s)  Ops          TPS(ops/s)   Net(M/s)   Get_miss   Min(us)  Max(us)    Avg(us)    Std_dev    Geo_dist  
Period   1        24373        24373        3.3        0          357      45125      4518       4333.05    2778.62
Global   35       846357       24181        3.3        0          186      137135     4545       4587.47    2772.92

[1;1H[2J
Get Statistics
Type     Time(s)  Ops          TPS(ops/s)   Net(M/s)   Get_miss   Min(us)  Max(us)    Avg(us)    Std_dev    Geo_dist  
Period   1        24619        24619        3.3        0          353      38356      4405       3919.66    2694.50
Global   36       862452       23957        3.4        0          186      137135     4538       4571.74    2768.38

Set Statistics
Type     Time(s)  Ops          TPS(ops/s)   Net(M/s)   Get_miss   Min(us)  Max(us)    Avg(us)    Std_dev    Geo_dist  
Period   1        247          247          0.0        0          443      19279      4817       3843.55    3053.96
Global   36       8769         243          0.0        0          306      78792      4803       4415.09    3019.80

Total Statistics
Type     Time(s)  Ops          TPS(ops/s)   Net(M/s)   Get_miss   Min(us)  Max(us)    Avg(us)    Std_dev    Geo_dist  
Period   1        24866        24866        3.3        0          353      38356      4409       3919.54    2698.84
Global   36       871223       24200        3.4        0          186      137135     4541       4569.94    2770.81

[1;1H[2J
Get Statistics
Type     Time(s)  Ops          TPS(ops/s)   Net(M/s)   Get_miss   Min(us)  Max(us)    Avg(us)    Std_dev    Geo_dist  
Period   1        23411        23411        3.3        0          283      48528      4589       3943.28    2901.37
Global   37       885863       23942        3.2        0          186      137135     4540       4555.61    2771.84

Set Statistics
Type     Time(s)  Ops          TPS(ops/s)   Net(M/s)   Get_miss   Min(us)  Max(us)    Avg(us)    Std_dev    Geo_dist  
Period   1        234          234          0.0        0          443      29545      5170       4196.76    3423.88
Global   37       9003         243          0.0        0          306      78792      4813       4409.21    3029.68

Total Statistics
Type     Time(s)  Ops          TPS(ops/s)   Net(M/s)   Get_miss   Min(us)  Max(us)    Avg(us)    Std_dev    Geo_dist  
Period   1        23645        23645        3.3        0          283      48528      4594       3946.94    2906.11
Global   37       894868       24185        3.2        0          186      137135     4542       4554.99    2774.33

[1;1H[2J
Get Statistics
Type     Time(s)  Ops          TPS(ops/s)   Net(M/s)   Get_miss   Min(us)  Max(us)    Avg(us)    Std_dev    Geo_dist  
Period   1        24316        24316        3.3        0          275      40158      4524       4079.60    2806.39
Global   38       910179       23952        3.3        0          186      137135     4539       4544.12    2772.79

Set Statistics
Type     Time(s)  Ops          TPS(ops/s)   Net(M/s)   Get_miss   Min(us)  Max(us)    Avg(us)    Std_dev    Geo_dist  
Period   1        246          246          0.0        0          445      20059      4421       3808.00    2806.76
Global   38       9249         243          0.0        0          306      78792      4802       4395.19    3023.53

Total Statistics
Type     Time(s)  Ops          TPS(ops/s)   Net(M/s)   Get_miss   Min(us)  Max(us)    Avg(us)    Std_dev    Geo_dist  
Period   1        24562        24562        3.3        0          275      40158      4522       4077.09    2805.40
Global   38       919430       24195        3.4        0          186      137135     4542       4542.36    2775.19

[1;1H[2J
Get Statistics
Type     Time(s)  Ops          TPS(ops/s)   Net(M/s)   Get_miss   Min(us)  Max(us)    Avg(us)    Std_dev    Geo_dist  
Period   1        23880        23880        3.3        0          310      39288      4555       4064.70    2826.64
Global   39       934059       23950        3.3        0          186      137135     4540       4531.90    2774.17

Set Statistics
Type     Time(s)  Ops          TPS(ops/s)   Net(M/s)   Get_miss   Min(us)  Max(us)    Avg(us)    Std_dev    Geo_dist  
Period   1        238          238          0.0        0          511      17821      4225       3627.69    2729.61
Global   39       9487         243          0.0        0          306      78792      4788       4377.83    3015.78

Total Statistics
Type     Time(s)  Ops          TPS(ops/s)   Net(M/s)   Get_miss   Min(us)  Max(us)    Avg(us)    Std_dev    Geo_dist  
Period   1        24118        24118        3.3        0          310      39288      4552       4060.98    2826.33
Global   39       943548       24193        3.3        0          186      137135     4542       4530.94    2776.51

[1;1H[2J
Get Statistics
Type     Time(s)  Ops          TPS(ops/s)   Net(M/s)   Get_miss   Min(us)  Max(us)    Avg(us)    Std_dev    Geo_dist  
Period   1        24616        24616        3.3        0          314      46863      4481       3892.14    2863.15
Global   40       958675       23966        3.4        0          186      137135     4538       4517.11    2776.44

Set Statistics
Type     Time(s)  Ops          TPS(ops/s)   Net(M/s)   Get_miss   Min(us)  Max(us)    Avg(us)    Std_dev    Geo_dist  
Period   1        256          256          0.0        0          442      14078      4628       3800.43    2932.21
Global   40       9743         243          0.0        0          306      78792      4784       4364.00    3016.32

Total Statistics
Type     Time(s)  Ops          TPS(ops/s)   Net(M/s)   Get_miss   Min(us)  Max(us)    Avg(us)    Std_dev    Geo_dist  
Period   1        24870        24870        3.3        0          314      46863      4483       3890.96    2865.68
Global   40       968418       24210        3.4        0          186      137135     4541       4515.13    2778.76

[1;1H[2J
Get Statistics
Type     Time(s)  Ops          TPS(ops/s)   Net(M/s)   Get_miss   Min(us)  Max(us)    Avg(us)    Std_dev    Geo_dist  
Period   1        23527        23527        3.3        0          271      54212      4668       4823.10    2813.37
Global   41       982202       23956        3.2        0          186      137135     4541       4524.83    2777.30

Set Statistics
Type     Time(s)  Ops          TPS(ops/s)   Net(M/s)   Get_miss   Min(us)  Max(us)    Avg(us)    Std_dev    Geo_dist  
Period   1        238          238          0.0        0          389      41757      4349       4254.99    2702.58
Global   41       9981         243          0.0        0          306      78792      4774       4361.32    3008.43

Total Statistics
Type     Time(s)  Ops          TPS(ops/s)   Net(M/s)   Get_miss   Min(us)  Max(us)    Avg(us)    Std_dev    Geo_dist  
Period   1        23769        23769        3.3        0          271      54212      4665       4817.67    2811.68
Global   41       992187       24199        3.3        0          186      137135     4544       4522.63    2779.54

[1;1H[2J
Get Statistics
Type     Time(s)  Ops          TPS(ops/s)   Net(M/s)   Get_miss   Min(us)  Max(us)    Avg(us)    Std_dev    Geo_dist  
Period   1        24210        24210        3.3        0          227      39657      4503       3923.12    2819.07
Global   42       1006412      23962        3.3        0          186      137135     4540       4511.40    2778.35

Set Statistics
Type     Time(s)  Ops          TPS(ops/s)   Net(M/s)   Get_miss   Min(us)  Max(us)    Avg(us)    Std_dev    Geo_dist  
Period   1        236          236          0.0        0          576      15312      5045       3704.23    3356.06
Global   42       10217        243          0.0        0          306      78792      4780       4347.58    3016.04

Total Statistics
Type     Time(s)  Ops          TPS(ops/s)   Net(M/s)   Get_miss   Min(us)  Max(us)    Avg(us)    Std_dev    Geo_dist  
Period   1        24444        24444        3.3        0          227      39657      4507       3922.14    2824.20
Global   42       1016631      24205        3.4        0          186      137135     4543       4509.24    2780.63

[1;1H[2J
Get Statistics
Type     Time(s)  Ops          TPS(ops/s)   Net(M/s)   Get_miss   Min(us)  Max(us)    Avg(us)    Std_dev    Geo_dist  
Period   1        24113        24113        3.3        0          332      40009      4463       3952.99    2797.04
Global   43       1030525      23965        3.3        0          186      137135     4539       4498.33    2778.82

Set Statistics
Type     Time(s)  Ops          TPS(ops/s)   Net(M/s)   Get_miss   Min(us)  Max(us)    Avg(us)    Std_dev    Geo_dist  
Period   1        245          245          0.0        0          519      18528      4859       3989.91    3184.67
Global   43       10462        243          0.0        0          306      78792      4782       4339.22    3019.88

Total Statistics
Type     Time(s)  Ops          TPS(ops/s)   Net(M/s)   Get_miss   Min(us)  Max(us)    Avg(us)    Std_dev    Geo_dist  
Period   1        24358        24358        3.3        0          332      40009      4468       3953.00    2802.76
Global   43       1040989      24209        3.3        0          186      137135     4541       4497.28    2781.15

[1;1H[2J
Get Statistics
Type     Time(s)  Ops          TPS(ops/s)   Net(M/s)   Get_miss   Min(us)  Max(us)    Avg(us)    Std_dev    Geo_dist  
Period   1        23433        23433        3.3        0          341      32591      4656       3776.38    3051.47
Global   44       1053958      23953        3.2        0          186      137135     4541       4484.19    2784.63

Set Statistics
Type     Time(s)  Ops          TPS(ops/s)   Net(M/s)   Get_miss   Min(us)  Max(us)    Avg(us)    Std_dev    Geo_dist  
Period   1        238          238          0.0        0          517      19686      4485       3639.27    2975.07
Global   44       10700        243          0.0        0          306      78792      4775       4325.40    3018.88

Total Statistics
Type     Time(s)  Ops          TPS(ops/s)   Net(M/s)   Get_miss   Min(us)  Max(us)    Avg(us)    Std_dev    Geo_dist  
Period   1        23670        23670        3.3        0          341      32591      4654       3775.50    3051.72
Global   44       1064659      24196        3.3        0          186      137135     4543       4483.04    2786.90

[1;1H[2J
Get Statistics
Type     Time(s)  Ops          TPS(ops/s)   Net(M/s)   Get_miss   Min(us)  Max(us)    Avg(us)    Std_dev    Geo_dist  
Period   1        23863        23863        3.3        0          254      32160      4531       3707.02    2992.75
Global   45       1077821      23951        3.3        0          186      137135     4541       4468.23    2789.10

Set Statistics
Type     Time(s)  Ops          TPS(ops/s)   Net(M/s)   Get_miss   Min(us)  Max(us)    Avg(us)    Std_dev    Geo_dist  
Period   1        243          243          0.0        0          504      23553      5121       3810.13    3560.86
Global   45       10943        243          0.0        0          306      78792      4783       4314.42    3029.97

Total Statistics
Type     Time(s)  Ops          TPS(ops/s)   Net(M/s)   Get_miss   Min(us)  Max(us)    Avg(us)    Std_dev    Geo_dist  
Period   1        24111        24111        3.3        0          254      32160      4536       3708.50    2997.49
Global   45       1088770      24194        3.3        0          186      137135     4543       4467.19    2791.42

[1;1H[2J
Get Statistics
Type     Time(s)  Ops          TPS(ops/s)   Net(M/s)   Get_miss   Min(us)  Max(us)    Avg(us)    Std_dev    Geo_dist  
Period   1        23066        23066        3.3        0          261      41290      4726       3861.06    3088.75
Global   46       1100887      23932        3.2        0          186      137135     4545       4456.31    2795.17

Set Statistics
Type     Time(s)  Ops          TPS(ops/s)   Net(M/s)   Get_miss   Min(us)  Max(us)    Avg(us)    Std_dev    Geo_dist  
Period   1        233          233          0.0        0          514      24495      5191       4061.40    3448.40
Global   46       11176        242          0.0        0          306      78792      4792       4308.97    3038.15

Total Statistics
Type     Time(s)  Ops          TPS(ops/s)   Net(M/s)   Get_miss   Min(us)  Max(us)    Avg(us)    Std_dev    Geo_dist  
Period   1        23295        23295        3.3        0          261      41290      4731       3863.66    3097.14
Global   46       1112065      24175        3.2        0          186      137135     4547       4455.40    2797.50

[1;1H[2J
Get Statistics
Type     Time(s)  Ops          TPS(ops/s)   Net(M/s)   Get_miss   Min(us)  Max(us)    Avg(us)    Std_dev    Geo_dist  
Period   1        23249        23249        3.3        0          287      30788      4684       3783.91    3092.64
Global   47       1124136      23917        3.2        0          186      137135     4548       4443.35    2801.04

Set Statistics
Type     Time(s)  Ops          TPS(ops/s)   Net(M/s)   Get_miss   Min(us)  Max(us)    Avg(us)    Std_dev    Geo_dist  
Period   1        228          228          0.0        0          506      13316      4345       3509.94    2896.72
Global   47       11404        242          0.0        0          306      78792      4783       4294.85    3035.26

Total Statistics
Type     Time(s)  Ops          TPS(ops/s)   Net(M/s)   Get_miss   Min(us)  Max(us)    Avg(us)    Std_dev    Geo_dist  
Period   1        23475        23475        3.3        0          287      30788      4681       3781.46    3091.92
Global   47       1135540      24160        3.2        0          186      137135     4550       4442.31    2803.30

[1;1H[2J
Get Statistics
Type     Time(s)  Ops          TPS(ops/s)   Net(M/s)   Get_miss   Min(us)  Max(us)    Avg(us)    Std_dev    Geo_dist  
Period   1        24042        24042        3.3        0          226      39509      4513       4005.27    2786.64
Global   48       1148178      23920        3.3        0          186      137135     4547       4434.89    2800.73

Set Statistics
Type     Time(s)  Ops          TPS(ops/s)   Net(M/s)   Get_miss   Min(us)  Max(us)    Avg(us)    Std_dev    Geo_dist  
Period   1        245          245          0.0        0          416      19120      4576       3871.95    2903.04
Global   48       11649        242          0.0        0          306      78792      4778       4287.06    3032.41

Total Statistics
Type     Time(s)  Ops          TPS(ops/s)   Net(M/s)   Get_miss   Min(us)  Max(us)    Avg(us)    Std_dev    Geo_dist  
Period   1        24289        24289        3.3        0          226      39509      4514       4003.26    2787.88
Global   48       1159829      24163        3.3        0          186      137135     4549       4433.81    2802.97

[1;1H[2J
Get Statistics
Type     Time(s)  Ops          TPS(ops/s)   Net(M/s)   Get_miss   Min(us)  Max(us)    Avg(us)    Std_dev    Geo_dist  
Period   1        24446        24446        3.3        0          269      49592      4494       4040.39    2777.93
Global   49       1172624      23931        3.4        0          186      137135     4546       4426.93    2800.28

Set Statistics
Type     Time(s)  Ops          TPS(ops/s)   Net(M/s)   Get_miss   Min(us)  Max(us)    Avg(us)    Std_dev    Geo_dist  
Period   1        249          249          0.0        0          446      29015      4581       3968.24    2880.74
Global   49       11898        242          0.0        0          306      78792      4774       4280.43    3029.16

Total Statistics
Type     Time(s)  Ops          TPS(ops/s)   Net(M/s)   Get_miss   Min(us)  Max(us)    Avg(us)    Std_dev    Geo_dist  
Period   1        24695        24695        3.3        0          269      49592      4495       4039.69    2778.10
Global   49       1184524      24173        3.4        0          186      137135     4548       4425.84    2802.49

[1;1H[2J
Get Statistics
Type     Time(s)  Ops          TPS(ops/s)   Net(M/s)   Get_miss   Min(us)  Max(us)    Avg(us)    Std_dev    Geo_dist  
Period   1        23133        23133        3.3        0          173      69780      4705       5103.46    2766.36
Global   50       1195757      23915        3.2        0          173      137135     4549       4441.13    2799.66

Set Statistics
Type     Time(s)  Ops          TPS(ops/s)   Net(M/s)   Get_miss   Min(us)  Max(us)    Avg(us)    Std_dev    Geo_dist  
Period   1        239          239          0.0        0          454      40673      4236       5100.28    2393.98
Global   50       12137        242          0.0        0          306      78792      4764       4297.83    3015.16

Total Statistics
Type     Time(s)  Ops          TPS(ops/s)   Net(M/s)   Get_miss   Min(us)  Max(us)    Avg(us)    Std_dev    Geo_dist  
Period   1        23372        23372        3.3        0          173      69780      4700       5104.00    2763.34
Global   50       1207896      24157        3.2        0          173      137135     4551       4439.94    2801.75

[1;1H[2J
Get Statistics
Type     Time(s)  Ops          TPS(ops/s)   Net(M/s)   Get_miss   Min(us)  Max(us)    Avg(us)    Std_dev    Geo_dist  
Period   1        24741        24741        3.3        0          312      48412      4415       3913.68    2766.33
Global   51       1220498      23931        3.4        0          173      137135     4546       4431.40    2799.00

Set Statistics
Type     Time(s)  Ops          TPS(ops/s)   Net(M/s)   Get_miss   Min(us)  Max(us)    Avg(us)    Std_dev    Geo_dist  
Period   1        245          245          0.0        0          554      21229      4534       3867.55    2920.85
Global   51       12382        242          0.0        0          306      78792      4759       4290.21    3013.26

Total Statistics
Type     Time(s)  Ops          TPS(ops/s)   Net(M/s)   Get_miss   Min(us)  Max(us)    Avg(us)    Std_dev    Geo_dist  
Period   1        24986        24986        3.3        0          312      48412      4416       3912.98    2768.34
Global   51       1232882      24174        3.4        0          173      137135     4548       4430.19    2801.07

[1;1H[2J
Get Statistics
Type     Time(s)  Ops          TPS(ops/s)   Net(M/s)   Get_miss   Min(us)  Max(us)    Avg(us)    Std_dev    Geo_dist  
Period   1        24455        24455        3.3        0          328      82759      4405       4352.85    2639.11
Global   52       1244953      23941        3.4        0          173      137135     4543       4430.15    2795.78

Set Statistics
Type     Time(s)  Ops          TPS(ops/s)   Net(M/s)   Get_miss   Min(us)  Max(us)    Avg(us)    Std_dev    Geo_dist  
Period   1        247          247          0.0        0          469      29586      4225       4458.88    2514.29
Global   52       12629        242          0.0        0          306      78792      4749       4293.53    3002.61

Total Statistics
Type     Time(s)  Ops          TPS(ops/s)   Net(M/s)   Get_miss   Min(us)  Max(us)    Avg(us)    Std_dev    Geo_dist  
Period   1        24705        24705        3.3        0          328      82759      4404       4353.11    2639.12
Global   52       1257587      24184        3.4        0          173      137135     4546       4427.88    2797.79

[1;1H[2J
Get Statistics
Type     Time(s)  Ops          TPS(ops/s)   Net(M/s)   Get_miss   Min(us)  Max(us)    Avg(us)    Std_dev    Geo_dist  
Period   1        24610        24610        3.3        0          361      44883      4380       3871.13    2735.62
Global   53       1269563      23954        3.4        0          173      137135     4540       4419.88    2794.64

Set Statistics
Type     Time(s)  Ops          TPS(ops/s)   Net(M/s)   Get_miss   Min(us)  Max(us)    Avg(us)    Std_dev    Geo_dist  
Period   1        246          246          0.0        0          436      11425      4311       3563.70    2666.36
Global   53       12875        242          0.0        0          306      78792      4741       4280.88    2997.79

Total Statistics
Type     Time(s)  Ops          TPS(ops/s)   Net(M/s)   Get_miss   Min(us)  Max(us)    Avg(us)    Std_dev    Geo_dist  
Period   1        24852        24852        3.3        0          361      44883      4380       3868.18    2737.52
Global   53       1282439      24196        3.4        0          173      137135     4542       4418.57    2796.61

[1;1H[2J
Get Statistics
Type     Time(s)  Ops          TPS(ops/s)   Net(M/s)   Get_miss   Min(us)  Max(us)    Avg(us)    Std_dev    Geo_dist  
Period   1        24231        24231        3.3        0          225      49165      4492       4019.46    2762.30
Global   54       1293794      23959        3.3        0          173      137135     4539       4412.83    2794.05

Set Statistics
Type     Time(s)  Ops          TPS(ops/s)   Net(M/s)   Get_miss   Min(us)  Max(us)    Avg(us)    Std_dev    Geo_dist  
Period   1        250          250          0.0        0          566      17635      4414       3705.44    2837.60
Global   54       13125        243          0.0        0          306      78792      4734       4271.61    2994.65

Total Statistics
Type     Time(s)  Ops          TPS(ops/s)   Net(M/s)   Get_miss   Min(us)  Max(us)    Avg(us)    Std_dev    Geo_dist  
Period   1        24481        24481        3.3        0          225      49165      4491       4016.55    2763.06
Global   54       1306920      24202        3.4        0          173      137135     4541       4411.43    2796.00

[1;1H[2J
Get Statistics
Type     Time(s)  Ops          TPS(ops/s)   Net(M/s)   Get_miss   Min(us)  Max(us)    Avg(us)    Std_dev    Geo_dist  
Period   1        23957        23957        3.3        0          287      65019      4536       4493.13    2724.56
Global   55       1317751      23959        3.3        0          173      137135     4539       4414.25    2792.79

Set Statistics
Type     Time(s)  Ops          TPS(ops/s)   Net(M/s)   Get_miss   Min(us)  Max(us)    Avg(us)    Std_dev    Geo_dist  
Period   1        237          237          0.0        0          522      34048      4685       4859.92    2760.93
Global   55       13362        242          0.0        0          306      78792      4733       4282.69    2990.34

Total Statistics
Type     Time(s)  Ops          TPS(ops/s)   Net(M/s)   Get_miss   Min(us)  Max(us)    Avg(us)    Std_dev    Geo_dist  
Period   1        24195        24195        3.3        0          287      65019      4537       4497.01    2724.94
Global   55       1331115      24202        3.3        0          173      137135     4541       4412.93    2794.71

[1;1H[2J
Get Statistics
Type     Time(s)  Ops          TPS(ops/s)   Net(M/s)   Get_miss   Min(us)  Max(us)    Avg(us)    Std_dev    Geo_dist  
Period   1        24633        24633        3.3        0          269      48068      4460       4031.04    2759.92
Global   56       1342384      23971        3.4        0          173      137135     4538       4407.06    2792.18

Set Statistics
Type     Time(s)  Ops          TPS(ops/s)   Net(M/s)   Get_miss   Min(us)  Max(us)    Avg(us)    Std_dev    Geo_dist  
Period   1        249          249          0.0        0          472      32633      4384       4237.69    2658.86
Global   56       13611        243          0.0        0          306      78792      4727       4281.55    2983.92

Total Statistics
Type     Time(s)  Ops          TPS(ops/s)   Net(M/s)   Get_miss   Min(us)  Max(us)    Avg(us)    Std_dev    Geo_dist  
Period   1        24885        24885        3.3        0          269      48068      4460       4032.78    2759.28
Global   56       1356000      24214        3.4        0          173      137135     4540       4405.76    2794.06

[1;1H[2J
Get Statistics
Type     Time(s)  Ops          TPS(ops/s)   Net(M/s)   Get_miss   Min(us)  Max(us)    Avg(us)    Std_dev    Geo_dist  
Period   1        24241        24241        3.3        0          298      48171      4523       3856.45    2862.55
Global   57       1366625      23975        3.3        0          173      137135     4538       4397.64    2793.49

Set Statistics
Type     Time(s)  Ops          TPS(ops/s)   Net(M/s)   Get_miss   Min(us)  Max(us)    Avg(us)    Std_dev    Geo_dist  
Period   1        248          248          0.0        0          386      29021      4757       4165.93    2993.68
Global   57       13859        243          0.0        0          306      78792      4728       4278.85    2984.09

Total Statistics
Type     Time(s)  Ops          TPS(ops/s)   Net(M/s)   Get_miss   Min(us)  Max(us)    Avg(us)    Std_dev    Geo_dist  
Period   1        24484        24484        3.3        0          298      48171      4526       3859.58    2867.46
Global   57       1380484      24219        3.4        0          173      137135     4540       4396.41    2795.34

[1;1H[2J
Get Statistics
Type     Time(s)  Ops          TPS(ops/s)   Net(M/s)   Get_miss   Min(us)  Max(us)    Avg(us)    Std_dev    Geo_dist  
Period   1        24596        24596        3.3        0          291      49279      4422       3990.76    2716.07
Global   58       1391221      23986        3.4        0          173      137135     4536       4390.75    2792.10

Set Statistics
Type     Time(s)  Ops          TPS(ops/s)   Net(M/s)   Get_miss   Min(us)  Max(us)    Avg(us)    Std_dev    Geo_dist  
Period   1        246          246          0.0        0          449      27804      4540       4040.70    2802.26
Global   58       14105        243          0.0        0          306      78792      4724       4275.54    2980.82

Total Statistics
Type     Time(s)  Ops          TPS(ops/s)   Net(M/s)   Get_miss   Min(us)  Max(us)    Avg(us)    Std_dev    Geo_dist  
Period   1        24843        24843        3.3        0          291      49279      4423       3991.46    2717.02
Global   58       1405327      24229        3.4        0          173      137135     4538       4389.53    2793.94

[1;1H[2J
Get Statistics
Type     Time(s)  Ops          TPS(ops/s)   Net(M/s)   Get_miss   Min(us)  Max(us)    Avg(us)    Std_dev    Geo_dist  
Period   1        24400        24400        3.3        0          334      67471      4452       4204.54    2749.71
Global   59       1415621      23993        3.4        0          173      137135     4534       4388.19    2791.38

Set Statistics
Type     Time(s)  Ops          TPS(ops/s)   Net(M/s)   Get_miss   Min(us)  Max(us)    Avg(us)    Std_dev    Geo_dist  
Period   1        255          255          0.0        0          385      30264      4117       3819.02    2549.07
Global   59       14360        243          0.0        0          306      78792      4714       4267.63    2972.55

Total Statistics
Type     Time(s)  Ops          TPS(ops/s)   Net(M/s)   Get_miss   Min(us)  Max(us)    Avg(us)    Std_dev    Geo_dist  
Period   1        24655        24655        3.3        0          334      67471      4449       4200.32    2747.56
Global   59       1429982      24236        3.4        0          173      137135     4536       4386.84    2793.15

[1;1H[2J
Get Statistics
Type     Time(s)  Ops          TPS(ops/s)   Net(M/s)   Get_miss   Min(us)  Max(us)    Avg(us)    Std_dev    Geo_dist  
Period   1        24084        24084        3.3        0          278      148878     4501       4835.01    2663.28
Global   60       1439705      23995        3.3        0          173      148878     4534       4395.48    2789.21

Set Statistics
Type     Time(s)  Ops          TPS(ops/s)   Net(M/s)   Get_miss   Min(us)  Max(us)    Avg(us)    Std_dev    Geo_dist  
Period   1        243          243          0.0        0          366      21737      4710       4419.63    2791.84
Global   60       14603        243          0.0        0          306      78792      4714       4269.98    2969.45

Total Statistics
Type     Time(s)  Ops          TPS(ops/s)   Net(M/s)   Get_miss   Min(us)  Max(us)    Avg(us)    Std_dev    Geo_dist  
Period   1        24328        24328        3.3        0          278      148878     4502       4831.63    2662.70
Global   60       1454310      24238        3.3        0          173      148878     4535       4395.11    2790.97

Get Statistics (1439817 events)
   Min:       173
   Max:    148878
   Avg:      4534
   Geo:   2789.45
   Std:   4396.00
   Log2 Dist:
       8:       35    12639   304353   395855
      12:   107029   319959   282495    15611
      16:     1441      398        2

Set Statistics (14603 events)
   Min:       306
   Max:     78792
   Avg:      4714
   Geo:   2969.45
   Std:   4269.98
   Log2 Dist:
       8:        0       86     2634     4190
      12:     1134     2996     3395      155
      16:       10        3

Total Statistics (1454420 events)
   Min:       173
   Max:    148878
   Avg:      4536
   Geo:   2791.20
   Std:   4394.59
   Log2 Dist:
       8:       35    12725   306987   400045
      12:   108163   322955   285890    15766
      16:     1451      401        2

cmd_get: 1439927
cmd_set: 14603
get_misses: 0
written_bytes: 34012454
read_bytes: 237686629
object_bytes: 2102832

Run time: 60.5s Ops: 1454530 TPS: 24053 Net_rate: 4.3M/s
