servers : 10.0.0.11:9000
threads count: 37
concurrency: 37
run time: 60s
windows size: 10k
set proportion: set_prop=0.01
get proportion: get_prop=0.99
[1;1H[2J
Get Statistics
Type     Time(s)  Ops          TPS(ops/s)   Net(M/s)   Get_miss   Min(us)  Max(us)    Avg(us)    Std_dev    Geo_dist  
Period   1        17394        17394        2.4        0          210      10325      2098       2559.24    1266.00
Global   1        17394        17394        2.4        0          210      10325      2098       2559.24    1266.00

Set Statistics
Type     Time(s)  Ops          TPS(ops/s)   Net(M/s)   Get_miss   Min(us)  Max(us)    Avg(us)    Std_dev    Geo_dist  
Period   1        192          192          0.0        0          432      9593       2170       2389.50    1471.36
Global   1        192          192          0.0        0          432      9593       2170       2389.50    1471.36

Total Statistics
Type     Time(s)  Ops          TPS(ops/s)   Net(M/s)   Get_miss   Min(us)  Max(us)    Avg(us)    Std_dev    Geo_dist  
Period   1        17586        17586        2.4        0          210      10325      2099       2557.22    1268.08
Global   1        17586        17586        2.4        0          210      10325      2099       2557.22    1268.08

[1;1H[2J
Get Statistics
Type     Time(s)  Ops          TPS(ops/s)   Net(M/s)   Get_miss   Min(us)  Max(us)    Avg(us)    Std_dev    Geo_dist  
Period   1        18281        18281        2.4        0          215      13525      2007       2537.08    1194.91
Global   2        35675        17837        2.5        0          210      13525      2051       2548.58    1228.84

Set Statistics
Type     Time(s)  Ops          TPS(ops/s)   Net(M/s)   Get_miss   Min(us)  Max(us)    Avg(us)    Std_dev    Geo_dist  
Period   1        188          188          0.0        0          372      9337       1956       2499.31    1188.62
Global   2        380          190          0.0        0          372      9593       2065       2442.83    1323.94

Total Statistics
Type     Time(s)  Ops          TPS(ops/s)   Net(M/s)   Get_miss   Min(us)  Max(us)    Avg(us)    Std_dev    Geo_dist  
Period   1        18472        18472        2.5        0          215      13525      2006       2536.69    1194.29
Global   2        36058        18029        2.5        0          210      13525      2051       2547.40    1229.73

[1;1H[2J
Get Statistics
Type     Time(s)  Ops          TPS(ops/s)   Net(M/s)   Get_miss   Min(us)  Max(us)    Avg(us)    Std_dev    Geo_dist  
Period   1        17832        17832        2.4        0          187      11522      2040       2534.75    1222.26
Global   3        53507        17835        2.4        0          187      13525      2047       2544.23    1226.93

Set Statistics
Type     Time(s)  Ops          TPS(ops/s)   Net(M/s)   Get_miss   Min(us)  Max(us)    Avg(us)    Std_dev    Geo_dist  
Period   1        178          178          0.0        0          292      9435       2320       2691.05    1396.06
Global   3        558          186          0.0        0          292      9593       2146       2525.33    1346.54

Total Statistics
Type     Time(s)  Ops          TPS(ops/s)   Net(M/s)   Get_miss   Min(us)  Max(us)    Avg(us)    Std_dev    Geo_dist  
Period   1        18007        18007        2.5        0          187      11522      2043       2536.58    1224.88
Global   3        54065        18021        2.5        0          187      13525      2048       2544.05    1228.11

[1;1H[2J
Get Statistics
Type     Time(s)  Ops          TPS(ops/s)   Net(M/s)   Get_miss   Min(us)  Max(us)    Avg(us)    Std_dev    Geo_dist  
Period   1        17167        17167        2.4        0          218      18435      2151       2886.67    1208.62
Global   4        70674        17668        2.4        0          187      18435      2073       2631.29    1222.46

Set Statistics
Type     Time(s)  Ops          TPS(ops/s)   Net(M/s)   Get_miss   Min(us)  Max(us)    Avg(us)    Std_dev    Geo_dist  
Period   1        176          176          0.0        0          287      9802       2123       2723.39    1223.71
Global   4        734          183          0.0        0          287      9802       2141       2571.90    1316.00

Total Statistics
Type     Time(s)  Ops          TPS(ops/s)   Net(M/s)   Get_miss   Min(us)  Max(us)    Avg(us)    Std_dev    Geo_dist  
Period   1        17343        17343        2.5        0          218      18435      2151       2884.77    1208.77
Global   4        71408        17852        2.4        0          187      18435      2073       2631.23    1223.39

[1;1H[2J
Get Statistics
Type     Time(s)  Ops          TPS(ops/s)   Net(M/s)   Get_miss   Min(us)  Max(us)    Avg(us)    Std_dev    Geo_dist  
Period   1        17643        17643        2.4        0          202      17554      2066       2644.33    1179.75
Global   5        88317        17663        2.4        0          187      18435      2071       2634.36    1213.81

Set Statistics
Type     Time(s)  Ops          TPS(ops/s)   Net(M/s)   Get_miss   Min(us)  Max(us)    Avg(us)    Std_dev    Geo_dist  
Period   1        176          176          0.0        0          338      11812      2107       2788.54    1169.96
Global   5        910          182          0.0        0          287      11812      2134       2613.99    1286.40

Total Statistics
Type     Time(s)  Ops          TPS(ops/s)   Net(M/s)   Get_miss   Min(us)  Max(us)    Avg(us)    Std_dev    Geo_dist  
Period   1        17819        17819        2.5        0          202      17554      2067       2645.25    1179.65
Global   5        89227        17845        2.4        0          187      18435      2072       2633.86    1214.53

[1;1H[2J
Get Statistics
Type     Time(s)  Ops          TPS(ops/s)   Net(M/s)   Get_miss   Min(us)  Max(us)    Avg(us)    Std_dev    Geo_dist  
Period   1        17573        17573        2.4        0          228      11522      2094       2596.50    1220.35
Global   6        105890       17648        2.4        0          187      18435      2075       2627.97    1214.89

Set Statistics
Type     Time(s)  Ops          TPS(ops/s)   Net(M/s)   Get_miss   Min(us)  Max(us)    Avg(us)    Std_dev    Geo_dist  
Period   1        177          177          0.0        0          350      9799       1906       2404.82    1166.05
Global   6        1087         181          0.0        0          287      11812      2097       2581.29    1265.99

Total Statistics
Type     Time(s)  Ops          TPS(ops/s)   Net(M/s)   Get_miss   Min(us)  Max(us)    Avg(us)    Std_dev    Geo_dist  
Period   1        17751        17751        2.4        0          228      11522      2092       2594.64    1219.73
Global   6        106978       17829        2.4        0          187      18435      2075       2627.64    1215.39

[1;1H[2J
Get Statistics
Type     Time(s)  Ops          TPS(ops/s)   Net(M/s)   Get_miss   Min(us)  Max(us)    Avg(us)    Std_dev    Geo_dist  
Period   1        17642        17642        2.4        0          217      12391      2078       2653.86    1200.59
Global   7        123532       17647        2.4        0          187      18435      2076       2631.22    1212.90

Set Statistics
Type     Time(s)  Ops          TPS(ops/s)   Net(M/s)   Get_miss   Min(us)  Max(us)    Avg(us)    Std_dev    Geo_dist  
Period   1        181          181          0.0        0          348      8569       1948       2494.45    1166.61
Global   7        1268         181          0.0        0          287      11812      2076       2568.42    1251.30

Total Statistics
Type     Time(s)  Ops          TPS(ops/s)   Net(M/s)   Get_miss   Min(us)  Max(us)    Avg(us)    Std_dev    Geo_dist  
Period   1        17822        17822        2.4        0          217      12391      2077       2652.13    1200.30
Global   7        124800       17828        2.4        0          187      18435      2076       2630.58    1213.28

[1;1H[2J
Get Statistics
Type     Time(s)  Ops          TPS(ops/s)   Net(M/s)   Get_miss   Min(us)  Max(us)    Avg(us)    Std_dev    Geo_dist  
Period   1        17908        17908        2.4        0          178      11968      2049       2503.84    1220.50
Global   8        141440       17680        2.5        0          178      18435      2072       2615.90    1213.86

Set Statistics
Type     Time(s)  Ops          TPS(ops/s)   Net(M/s)   Get_miss   Min(us)  Max(us)    Avg(us)    Std_dev    Geo_dist  
Period   1        180          180          0.0        0          245      8432       2053       2446.91    1254.58
Global   8        1448         181          0.0        0          245      11812      2073       2552.94    1251.71

Total Statistics
Type     Time(s)  Ops          TPS(ops/s)   Net(M/s)   Get_miss   Min(us)  Max(us)    Avg(us)    Std_dev    Geo_dist  
Period   1        18088        18088        2.5        0          178      11968      2049       2503.24    1220.83
Global   8        142888       17861        2.5        0          178      18435      2072       2615.27    1214.24

[1;1H[2J
Get Statistics
Type     Time(s)  Ops          TPS(ops/s)   Net(M/s)   Get_miss   Min(us)  Max(us)    Avg(us)    Std_dev    Geo_dist  
Period   1        17570        17570        2.4        0          179      11115      2092       2565.48    1236.99
Global   9        159010       17667        2.4        0          178      18435      2074       2610.55    1216.39

Set Statistics
Type     Time(s)  Ops          TPS(ops/s)   Net(M/s)   Get_miss   Min(us)  Max(us)    Avg(us)    Std_dev    Geo_dist  
Period   1        177          177          0.0        0          224      9458       1864       2385.27    1130.87
Global   9        1625         180          0.0        0          224      11812      2050       2535.54    1237.94

Total Statistics
Type     Time(s)  Ops          TPS(ops/s)   Net(M/s)   Get_miss   Min(us)  Max(us)    Avg(us)    Std_dev    Geo_dist  
Period   1        17747        17747        2.5        0          179      11115      2089       2564.37    1235.88
Global   9        160635       17848        2.4        0          178      18435      2074       2609.60    1216.61

[1;1H[2J
Get Statistics
Type     Time(s)  Ops          TPS(ops/s)   Net(M/s)   Get_miss   Min(us)  Max(us)    Avg(us)    Std_dev    Geo_dist  
Period   1        16291        16291        2.4        0          195      29379      2250       2932.36    1290.29
Global   10       175301       17530        2.2        0          178      29379      2091       2642.08    1223.08

Set Statistics
Type     Time(s)  Ops          TPS(ops/s)   Net(M/s)   Get_miss   Min(us)  Max(us)    Avg(us)    Std_dev    Geo_dist  
Period   1        166          166          0.0        0          297      8676       2111       2631.51    1233.98
Global   10       1791         179          0.0        0          224      11812      2056       2543.61    1237.58

Total Statistics
Type     Time(s)  Ops          TPS(ops/s)   Net(M/s)   Get_miss   Min(us)  Max(us)    Avg(us)    Std_dev    Geo_dist  
Period   1        16457        16457        2.4        0          195      29379      2249       2929.14    1289.70
Global   10       177092       17709        2.3        0          178      29379      2090       2641.61    1223.22

[1;1H[2J
Get Statistics
Type     Time(s)  Ops          TPS(ops/s)   Net(M/s)   Get_miss   Min(us)  Max(us)    Avg(us)    Std_dev    Geo_dist  
Period   1        16839        16839        2.4        0          213      10472      2170       2655.05    1263.85
Global   11       192140       17467        2.3        0          178      29379      2098       2643.25    1226.60

Set Statistics
Type     Time(s)  Ops          TPS(ops/s)   Net(M/s)   Get_miss   Min(us)  Max(us)    Avg(us)    Std_dev    Geo_dist  
Period   1        167          167          0.0        0          397      8730       2357       2761.19    1376.86
Global   11       1958         178          0.0        0          224      11812      2081       2564.07    1248.89

Total Statistics
Type     Time(s)  Ops          TPS(ops/s)   Net(M/s)   Get_miss   Min(us)  Max(us)    Avg(us)    Std_dev    Geo_dist  
Period   1        17006        17006        2.4        0          213      10472      2172       2655.95    1264.41
Global   11       194098       17645        2.3        0          178      29379      2098       2642.32    1226.82

[1;1H[2J
Get Statistics
Type     Time(s)  Ops          TPS(ops/s)   Net(M/s)   Get_miss   Min(us)  Max(us)    Avg(us)    Std_dev    Geo_dist  
Period   1        17699        17699        2.4        0          211      36510      2075       2833.63    1230.88
Global   12       209839       17486        2.4        0          178      36510      2096       2659.88    1226.96

Set Statistics
Type     Time(s)  Ops          TPS(ops/s)   Net(M/s)   Get_miss   Min(us)  Max(us)    Avg(us)    Std_dev    Geo_dist  
Period   1        182          182          0.0        0          332      8461       2016       2414.75    1265.95
Global   12       2140         178          0.0        0          224      11812      2076       2550.80    1250.33

Total Statistics
Type     Time(s)  Ops          TPS(ops/s)   Net(M/s)   Get_miss   Min(us)  Max(us)    Avg(us)    Std_dev    Geo_dist  
Period   1        17883        17883        2.4        0          211      36510      2074       2829.72    1231.26
Global   12       211981       17665        2.5        0          178      36510      2096       2658.62    1227.19

[1;1H[2J
Get Statistics
Type     Time(s)  Ops          TPS(ops/s)   Net(M/s)   Get_miss   Min(us)  Max(us)    Avg(us)    Std_dev    Geo_dist  
Period   1        18182        18182        2.4        0          187      14231      2010       2503.02    1202.88
Global   13       228021       17540        2.5        0          178      36510      2089       2647.93    1225.10

Set Statistics
Type     Time(s)  Ops          TPS(ops/s)   Net(M/s)   Get_miss   Min(us)  Max(us)    Avg(us)    Std_dev    Geo_dist  
Period   1        180          180          0.0        0          288      8937       1876       2315.66    1182.44
Global   13       2320         178          0.0        0          224      11812      2060       2533.83    1244.92

Total Statistics
Type     Time(s)  Ops          TPS(ops/s)   Net(M/s)   Get_miss   Min(us)  Max(us)    Avg(us)    Std_dev    Geo_dist  
Period   1        18360        18360        2.4        0          187      14231      2009       2501.20    1203.61
Global   13       230341       17718        2.5        0          178      36510      2089       2646.57    1225.30

[1;1H[2J
Get Statistics
Type     Time(s)  Ops          TPS(ops/s)   Net(M/s)   Get_miss   Min(us)  Max(us)    Avg(us)    Std_dev    Geo_dist  
Period   1        18428        18428        2.4        0          207      10528      1983       2442.49    1212.85
Global   14       246449       17603        2.5        0          178      36510      2081       2633.32    1224.18

Set Statistics
Type     Time(s)  Ops          TPS(ops/s)   Net(M/s)   Get_miss   Min(us)  Max(us)    Avg(us)    Std_dev    Geo_dist  
Period   1        188          188          0.0        0          215      10363      2165       2604.52    1306.15
Global   14       2508         179          0.0        0          215      11812      2068       2538.71    1249.41

Total Statistics
Type     Time(s)  Ops          TPS(ops/s)   Net(M/s)   Get_miss   Min(us)  Max(us)    Avg(us)    Std_dev    Geo_dist  
Period   1        18617        18617        2.4        0          207      10528      1985       2443.96    1214.22
Global   14       248958       17782        2.6        0          178      36510      2081       2632.27    1224.43

[1;1H[2J
Get Statistics
Type     Time(s)  Ops          TPS(ops/s)   Net(M/s)   Get_miss   Min(us)  Max(us)    Avg(us)    Std_dev    Geo_dist  
Period   1        18333        18333        2.4        0          190      12663      2004       2468.88    1215.50
Global   15       264782       17652        2.5        0          178      36510      2076       2622.07    1223.61

Set Statistics
Type     Time(s)  Ops          TPS(ops/s)   Net(M/s)   Get_miss   Min(us)  Max(us)    Avg(us)    Std_dev    Geo_dist  
Period   1        183          183          0.0        0          295      12312      1731       2254.94    1092.95
Global   15       2691         179          0.0        0          215      12312      2045       2521.54    1238.10

Total Statistics
Type     Time(s)  Ops          TPS(ops/s)   Net(M/s)   Get_miss   Min(us)  Max(us)    Avg(us)    Std_dev    Geo_dist  
Period   1        18517        18517        2.4        0          190      12663      2001       2467.07    1214.08
Global   15       267475       17831        2.5        0          178      36510      2075       2621.61    1223.74

[1;1H[2J
Get Statistics
Type     Time(s)  Ops          TPS(ops/s)   Net(M/s)   Get_miss   Min(us)  Max(us)    Avg(us)    Std_dev    Geo_dist  
Period   1        16391        16391        2.4        0          176      10398      2225       2582.30    1352.90
Global   16       281173       17573        2.3        0          176      36510      2084       2620.55    1230.82

Set Statistics
Type     Time(s)  Ops          TPS(ops/s)   Net(M/s)   Get_miss   Min(us)  Max(us)    Avg(us)    Std_dev    Geo_dist  
Period   1        167          167          0.0        0          317      8983       2335       2532.29    1488.72
Global   16       2858         178          0.0        0          215      12312      2062       2522.60    1251.50

Total Statistics
Type     Time(s)  Ops          TPS(ops/s)   Net(M/s)   Get_miss   Min(us)  Max(us)    Avg(us)    Std_dev    Geo_dist  
Period   1        16556        16556        2.4        0          176      10398      2226       2582.11    1354.90
Global   16       284031       17751        2.3        0          176      36510      2084       2619.40    1231.03

[1;1H[2J
Get Statistics
Type     Time(s)  Ops          TPS(ops/s)   Net(M/s)   Get_miss   Min(us)  Max(us)    Avg(us)    Std_dev    Geo_dist  
Period   1        16917        16917        2.4        0          173      11509      2163       2593.55    1293.97
Global   17       298090       17534        2.3        0          173      36510      2089       2618.67    1234.32

Set Statistics
Type     Time(s)  Ops          TPS(ops/s)   Net(M/s)   Get_miss   Min(us)  Max(us)    Avg(us)    Std_dev    Geo_dist  
Period   1        173          173          0.0        0          329      8410       2302       2651.35    1380.31
Global   17       3031         178          0.0        0          215      12312      2076       2530.03    1258.52

Total Statistics
Type     Time(s)  Ops          TPS(ops/s)   Net(M/s)   Get_miss   Min(us)  Max(us)    Avg(us)    Std_dev    Geo_dist  
Period   1        17091        17091        2.4        0          173      11509      2165       2594.17    1294.95
Global   17       301122       17713        2.3        0          173      36510      2089       2617.72    1234.57

[1;1H[2J
Get Statistics
Type     Time(s)  Ops          TPS(ops/s)   Net(M/s)   Get_miss   Min(us)  Max(us)    Avg(us)    Std_dev    Geo_dist  
Period   1        17754        17754        2.4        0          215      10644      2053       2469.08    1260.30
Global   18       315844       17546        2.4        0          173      36510      2087       2610.52    1235.80

Set Statistics
Type     Time(s)  Ops          TPS(ops/s)   Net(M/s)   Get_miss   Min(us)  Max(us)    Avg(us)    Std_dev    Geo_dist  
Period   1        180          180          0.0        0          290      8646       2326       2620.11    1415.45
Global   18       3211         178          0.0        0          215      12312      2090       2535.41    1266.84

Total Statistics
Type     Time(s)  Ops          TPS(ops/s)   Net(M/s)   Get_miss   Min(us)  Max(us)    Avg(us)    Std_dev    Geo_dist  
Period   1        17933        17933        2.4        0          215      10644      2055       2470.74    1261.64
Global   18       319055       17725        2.5        0          173      36510      2087       2609.79    1236.11

[1;1H[2J
Get Statistics
Type     Time(s)  Ops          TPS(ops/s)   Net(M/s)   Get_miss   Min(us)  Max(us)    Avg(us)    Std_dev    Geo_dist  
Period   1        17208        17208        2.4        0          220      12834      2127       2565.12    1281.29
Global   19       333052       17529        2.4        0          173      36510      2089       2608.25    1238.11

Set Statistics
Type     Time(s)  Ops          TPS(ops/s)   Net(M/s)   Get_miss   Min(us)  Max(us)    Avg(us)    Std_dev    Geo_dist  
Period   1        167          167          0.0        0          314      9081       2162       2592.01    1288.31
Global   19       3378         177          0.0        0          215      12312      2094       2537.53    1267.89

Total Statistics
Type     Time(s)  Ops          TPS(ops/s)   Net(M/s)   Get_miss   Min(us)  Max(us)    Avg(us)    Std_dev    Geo_dist  
Period   1        17375        17375        2.4        0          220      12834      2128       2564.75    1281.36
Global   19       336430       17706        2.4        0          173      36510      2089       2607.59    1238.41

[1;1H[2J
Get Statistics
Type     Time(s)  Ops          TPS(ops/s)   Net(M/s)   Get_miss   Min(us)  Max(us)    Avg(us)    Std_dev    Geo_dist  
Period   1        16325        16325        2.4        0          214      13880      2258       2703.54    1324.96
Global   20       349377       17468        2.2        0          173      36510      2097       2612.94    1242.04

Set Statistics
Type     Time(s)  Ops          TPS(ops/s)   Net(M/s)   Get_miss   Min(us)  Max(us)    Avg(us)    Std_dev    Geo_dist  
Period   1        172          172          0.0        0          301      10838      2394       2840.38    1373.55
Global   20       3550         177          0.0        0          215      12312      2108       2553.85    1272.82

Total Statistics
Type     Time(s)  Ops          TPS(ops/s)   Net(M/s)   Get_miss   Min(us)  Max(us)    Avg(us)    Std_dev    Geo_dist  
Period   1        16497        16497        2.4        0          214      13880      2259       2705.30    1325.46
Global   20       352927       17646        2.3        0          173      36510      2097       2612.44    1242.35

[1;1H[2J
Get Statistics
Type     Time(s)  Ops          TPS(ops/s)   Net(M/s)   Get_miss   Min(us)  Max(us)    Avg(us)    Std_dev    Geo_dist  
Period   1        17217        17217        2.4        0          197      11244      2118       2508.54    1293.73
Global   21       366594       17456        2.4        0          173      36510      2098       2608.12    1244.42

Set Statistics
Type     Time(s)  Ops          TPS(ops/s)   Net(M/s)   Get_miss   Min(us)  Max(us)    Avg(us)    Std_dev    Geo_dist  
Period   1        171          171          0.0        0          300      9618       2151       2512.45    1313.24
Global   21       3721         177          0.0        0          215      12312      2110       2551.62    1274.65

Total Statistics
Type     Time(s)  Ops          TPS(ops/s)   Net(M/s)   Get_miss   Min(us)  Max(us)    Avg(us)    Std_dev    Geo_dist  
Period   1        17388        17388        2.4        0          197      11244      2119       2507.94    1293.92
Global   21       370315       17634        2.4        0          173      36510      2098       2607.65    1244.72

[1;1H[2J
Get Statistics
Type     Time(s)  Ops          TPS(ops/s)   Net(M/s)   Get_miss   Min(us)  Max(us)    Avg(us)    Std_dev    Geo_dist  
Period   1        17732        17732        2.4        0          204      17856      2058       2633.62    1183.56
Global   22       384326       17469        2.4        0          173      36510      2096       2609.44    1241.55

Set Statistics
Type     Time(s)  Ops          TPS(ops/s)   Net(M/s)   Get_miss   Min(us)  Max(us)    Avg(us)    Std_dev    Geo_dist  
Period   1        180          180          0.0        0          411      9920       2127       2619.34    1252.11
Global   22       3901         177          0.0        0          215      12312      2111       2554.27    1273.60

Total Statistics
Type     Time(s)  Ops          TPS(ops/s)   Net(M/s)   Get_miss   Min(us)  Max(us)    Avg(us)    Std_dev    Geo_dist  
Period   1        17912        17912        2.4        0          204      17856      2059       2633.17    1184.23
Global   22       388227       17646        2.5        0          173      36510      2096       2609.01    1241.86

[1;1H[2J
Get Statistics
Type     Time(s)  Ops          TPS(ops/s)   Net(M/s)   Get_miss   Min(us)  Max(us)    Avg(us)    Std_dev    Geo_dist  
Period   1        18459        18459        2.4        0          202      10504      1995       2496.76    1199.90
Global   23       402785       17512        2.5        0          173      36510      2091       2604.76    1239.61

Set Statistics
Type     Time(s)  Ops          TPS(ops/s)   Net(M/s)   Get_miss   Min(us)  Max(us)    Avg(us)    Std_dev    Geo_dist  
Period   1        187          187          0.0        0          350      9917       2085       2603.90    1216.29
Global   23       4088         177          0.0        0          215      12312      2110       2556.09    1270.92

Total Statistics
Type     Time(s)  Ops          TPS(ops/s)   Net(M/s)   Get_miss   Min(us)  Max(us)    Avg(us)    Std_dev    Geo_dist  
Period   1        18650        18650        2.4        0          202      10504      1996       2497.30    1199.87
Global   23       406877       17690        2.6        0          173      36510      2092       2603.60    1239.91

[1;1H[2J
Get Statistics
Type     Time(s)  Ops          TPS(ops/s)   Net(M/s)   Get_miss   Min(us)  Max(us)    Avg(us)    Std_dev    Geo_dist  
Period   1        17543        17543        2.4        0          204      27551      2089       2789.21    1204.20
Global   24       420328       17513        2.4        0          173      36510      2091       2612.65    1238.16

Set Statistics
Type     Time(s)  Ops          TPS(ops/s)   Net(M/s)   Get_miss   Min(us)  Max(us)    Avg(us)    Std_dev    Geo_dist  
Period   1        177          177          0.0        0          363      26492      2176       3147.76    1247.39
Global   24       4265         177          0.0        0          215      26492      2112       2583.53    1269.94

Total Statistics
Type     Time(s)  Ops          TPS(ops/s)   Net(M/s)   Get_miss   Min(us)  Max(us)    Avg(us)    Std_dev    Geo_dist  
Period   1        17716        17716        2.4        0          204      27551      2090       2793.32    1206.12
Global   24       424593       17691        2.4        0          173      36510      2092       2611.72    1238.48

[1;1H[2J
Get Statistics
Type     Time(s)  Ops          TPS(ops/s)   Net(M/s)   Get_miss   Min(us)  Max(us)    Avg(us)    Std_dev    Geo_dist  
Period   1        18059        18059        2.4        0          162      11018      2027       2554.60    1201.97
Global   25       438387       17535        2.5        0          162      36510      2089       2609.80    1236.65

Set Statistics
Type     Time(s)  Ops          TPS(ops/s)   Net(M/s)   Get_miss   Min(us)  Max(us)    Avg(us)    Std_dev    Geo_dist  
Period   1        186          186          0.0        0          354      10869      2133       2692.50    1248.69
Global   25       4451         178          0.0        0          215      26492      2113       2587.77    1269.04

Total Statistics
Type     Time(s)  Ops          TPS(ops/s)   Net(M/s)   Get_miss   Min(us)  Max(us)    Avg(us)    Std_dev    Geo_dist  
Period   1        18245        18245        2.4        0          162      11018      2028       2556.05    1202.44
Global   25       442838       17713        2.5        0          162      36510      2089       2609.77    1236.97

[1;1H[2J
Get Statistics
Type     Time(s)  Ops          TPS(ops/s)   Net(M/s)   Get_miss   Min(us)  Max(us)    Avg(us)    Std_dev    Geo_dist  
Period   1        18053        18053        2.4        0          221      21170      2031       2512.85    1235.69
Global   26       456440       17555        2.5        0          162      36510      2086       2606.62    1236.61

Set Statistics
Type     Time(s)  Ops          TPS(ops/s)   Net(M/s)   Get_miss   Min(us)  Max(us)    Avg(us)    Std_dev    Geo_dist  
Period   1        180          180          0.0        0          349      17086      2071       2655.86    1235.60
Global   26       4631         178          0.0        0          215      26492      2112       2589.65    1267.72

Total Statistics
Type     Time(s)  Ops          TPS(ops/s)   Net(M/s)   Get_miss   Min(us)  Max(us)    Avg(us)    Std_dev    Geo_dist  
Period   1        18233        18233        2.4        0          221      21170      2031       2514.55    1235.69
Global   26       461071       17733        2.5        0          162      36510      2087       2605.86    1236.92

[1;1H[2J
Get Statistics
Type     Time(s)  Ops          TPS(ops/s)   Net(M/s)   Get_miss   Min(us)  Max(us)    Avg(us)    Std_dev    Geo_dist  
Period   1        18267        18267        2.4        0          210      11736      2002       2494.74    1189.76
Global   27       474707       17581        2.5        0          162      36510      2083       2602.27    1234.78

Set Statistics
Type     Time(s)  Ops          TPS(ops/s)   Net(M/s)   Get_miss   Min(us)  Max(us)    Avg(us)    Std_dev    Geo_dist  
Period   1        184          184          0.0        0          298      8921       2136       2573.33    1294.96
Global   27       4815         178          0.0        0          215      26492      2113       2588.70    1268.75

Total Statistics
Type     Time(s)  Ops          TPS(ops/s)   Net(M/s)   Get_miss   Min(us)  Max(us)    Avg(us)    Std_dev    Geo_dist  
Period   1        18451        18451        2.4        0          210      11736      2004       2494.97    1190.76
Global   27       479522       17760        2.5        0          162      36510      2083       2602.37    1235.11

[1;1H[2J
Get Statistics
Type     Time(s)  Ops          TPS(ops/s)   Net(M/s)   Get_miss   Min(us)  Max(us)    Avg(us)    Std_dev    Geo_dist  
Period   1        17185        17185        2.4        0          201      11400      2139       2619.46    1250.21
Global   28       491892       17567        2.4        0          162      36510      2085       2602.85    1235.31

Set Statistics
Type     Time(s)  Ops          TPS(ops/s)   Net(M/s)   Get_miss   Min(us)  Max(us)    Avg(us)    Std_dev    Geo_dist  
Period   1        172          172          0.0        0          292      10860      2263       2750.60    1299.55
Global   28       4987         178          0.0        0          215      26492      2118       2594.45    1269.80

Total Statistics
Type     Time(s)  Ops          TPS(ops/s)   Net(M/s)   Get_miss   Min(us)  Max(us)    Avg(us)    Std_dev    Geo_dist  
Period   1        17357        17357        2.4        0          201      11400      2140       2620.93    1250.69
Global   28       496879       17745        2.4        0          162      36510      2085       2603.03    1235.65

[1;1H[2J
Get Statistics
Type     Time(s)  Ops          TPS(ops/s)   Net(M/s)   Get_miss   Min(us)  Max(us)    Avg(us)    Std_dev    Geo_dist  
Period   1        18318        18318        2.4        0          242      11243      2005       2462.27    1220.55
Global   29       510210       17593        2.5        0          162      36510      2082       2598.08    1234.78

Set Statistics
Type     Time(s)  Ops          TPS(ops/s)   Net(M/s)   Get_miss   Min(us)  Max(us)    Avg(us)    Std_dev    Geo_dist  
Period   1        183          183          0.0        0          329      8356       1788       2241.58    1125.00
Global   29       5170         178          0.0        0          215      26492      2106       2583.57    1264.37

Total Statistics
Type     Time(s)  Ops          TPS(ops/s)   Net(M/s)   Get_miss   Min(us)  Max(us)    Avg(us)    Std_dev    Geo_dist  
Period   1        18501        18501        2.4        0          242      11243      2003       2460.10    1219.56
Global   29       515380       17771        2.5        0          162      36510      2082       2598.13    1235.07

[1;1H[2J
Get Statistics
Type     Time(s)  Ops          TPS(ops/s)   Net(M/s)   Get_miss   Min(us)  Max(us)    Avg(us)    Std_dev    Geo_dist  
Period   1        17357        17357        2.4        0          199      13259      2113       2645.71    1230.10
Global   30       527567       17585        2.4        0          162      36510      2083       2599.68    1234.62

Set Statistics
Type     Time(s)  Ops          TPS(ops/s)   Net(M/s)   Get_miss   Min(us)  Max(us)    Avg(us)    Std_dev    Geo_dist  
Period   1        178          178          0.0        0          347      10952      2185       2704.85    1300.66
Global   30       5348         178          0.0        0          215      26492      2109       2587.17    1265.57

Total Statistics
Type     Time(s)  Ops          TPS(ops/s)   Net(M/s)   Get_miss   Min(us)  Max(us)    Avg(us)    Std_dev    Geo_dist  
Period   1        17535        17535        2.4        0          199      13259      2114       2646.04    1230.80
Global   30       532915       17763        2.4        0          162      36510      2083       2599.76    1234.93

[1;1H[2J
Get Statistics
Type     Time(s)  Ops          TPS(ops/s)   Net(M/s)   Get_miss   Min(us)  Max(us)    Avg(us)    Std_dev    Geo_dist  
Period   1        17473        17473        2.4        0          216      10113      2087       2572.61    1244.91
Global   31       545040       17581        2.4        0          162      36510      2083       2598.92    1234.95

Set Statistics
Type     Time(s)  Ops          TPS(ops/s)   Net(M/s)   Get_miss   Min(us)  Max(us)    Avg(us)    Std_dev    Geo_dist  
Period   1        173          173          0.0        0          326      9983       2337       2853.35    1317.60
Global   31       5521         178          0.0        0          215      26492      2116       2596.06    1267.16

Total Statistics
Type     Time(s)  Ops          TPS(ops/s)   Net(M/s)   Get_miss   Min(us)  Max(us)    Avg(us)    Std_dev    Geo_dist  
Period   1        17646        17646        2.4        0          216      10113      2090       2575.10    1245.60
Global   31       550561       17760        2.4        0          162      36510      2084       2598.35    1235.27

[1;1H[2J
Get Statistics
Type     Time(s)  Ops          TPS(ops/s)   Net(M/s)   Get_miss   Min(us)  Max(us)    Avg(us)    Std_dev    Geo_dist  
Period   1        17723        17723        2.4        0          206      10703      2071       2542.07    1244.06
Global   32       562763       17586        2.4        0          162      36510      2083       2596.84    1235.24

Set Statistics
Type     Time(s)  Ops          TPS(ops/s)   Net(M/s)   Get_miss   Min(us)  Max(us)    Avg(us)    Std_dev    Geo_dist  
Period   1        182          182          0.0        0          328      8905       2014       2455.05    1223.27
Global   32       5703         178          0.0        0          215      26492      2113       2591.33    1265.74

Total Statistics
Type     Time(s)  Ops          TPS(ops/s)   Net(M/s)   Get_miss   Min(us)  Max(us)    Avg(us)    Std_dev    Geo_dist  
Period   1        17905        17905        2.4        0          206      10703      2070       2541.48    1243.85
Global   32       568466       17764        2.5        0          162      36510      2083       2597.03    1235.54

[1;1H[2J
Get Statistics
Type     Time(s)  Ops          TPS(ops/s)   Net(M/s)   Get_miss   Min(us)  Max(us)    Avg(us)    Std_dev    Geo_dist  
Period   1        17133        17133        2.4        0          204      17941      2145       2643.28    1265.69
Global   33       579896       17572        2.4        0          162      36510      2085       2598.11    1236.13

Set Statistics
Type     Time(s)  Ops          TPS(ops/s)   Net(M/s)   Get_miss   Min(us)  Max(us)    Avg(us)    Std_dev    Geo_dist  
Period   1        171          171          0.0        0          332      17775      2340       2923.77    1348.41
Global   33       5874         178          0.0        0          215      26492      2119       2602.11    1268.07

Total Statistics
Type     Time(s)  Ops          TPS(ops/s)   Net(M/s)   Get_miss   Min(us)  Max(us)    Avg(us)    Std_dev    Geo_dist  
Period   1        17304        17304        2.4        0          204      17941      2147       2646.11    1266.48
Global   33       585770       17750        2.4        0          162      36510      2085       2598.42    1236.44

[1;1H[2J
Get Statistics
Type     Time(s)  Ops          TPS(ops/s)   Net(M/s)   Get_miss   Min(us)  Max(us)    Avg(us)    Std_dev    Geo_dist  
Period   1        17591        17591        2.4        0          210      18508      2077       2657.82    1202.17
Global   34       597487       17573        2.4        0          162      36510      2085       2599.70    1235.11

Set Statistics
Type     Time(s)  Ops          TPS(ops/s)   Net(M/s)   Get_miss   Min(us)  Max(us)    Avg(us)    Std_dev    Geo_dist  
Period   1        179          179          0.0        0          422      18249      2238       2929.27    1264.06
Global   34       6053         178          0.0        0          215      26492      2123       2611.79    1267.95

Total Statistics
Type     Time(s)  Ops          TPS(ops/s)   Net(M/s)   Get_miss   Min(us)  Max(us)    Avg(us)    Std_dev    Geo_dist  
Period   1        17770        17770        2.4        0          210      18508      2078       2661.13    1202.78
Global   34       603540       17751        2.4        0          162      36510      2085       2600.12    1235.44

[1;1H[2J
Get Statistics
Type     Time(s)  Ops          TPS(ops/s)   Net(M/s)   Get_miss   Min(us)  Max(us)    Avg(us)    Std_dev    Geo_dist  
Period   1        16291        16291        2.4        0          178      11780      2233       2612.65    1341.02
Global   35       613778       17536        2.2        0          162      36510      2088       2600.89    1237.81

Set Statistics
Type     Time(s)  Ops          TPS(ops/s)   Net(M/s)   Get_miss   Min(us)  Max(us)    Avg(us)    Std_dev    Geo_dist  
Period   1        166          166          0.0        0          373      11270      2282       2612.05    1406.10
Global   35       6219         177          0.0        0          215      26492      2127       2611.91    1271.46

Total Statistics
Type     Time(s)  Ops          TPS(ops/s)   Net(M/s)   Get_miss   Min(us)  Max(us)    Avg(us)    Std_dev    Geo_dist  
Period   1        16457        16457        2.4        0          178      11780      2234       2612.14    1341.66
Global   35       619997       17714        2.3        0          162      36510      2089       2600.52    1238.15

[1;1H[2J
Get Statistics
Type     Time(s)  Ops          TPS(ops/s)   Net(M/s)   Get_miss   Min(us)  Max(us)    Avg(us)    Std_dev    Geo_dist  
Period   1        14842        14842        2.4        0          238      13102      2489       2687.76    1503.61
Global   36       628620       17461        2.0        0          162      36510      2098       2603.26    1243.51

Set Statistics
Type     Time(s)  Ops          TPS(ops/s)   Net(M/s)   Get_miss   Min(us)  Max(us)    Avg(us)    Std_dev    Geo_dist  
Period   1        151          151          0.0        0          265      10430      2379       2592.44    1435.73
Global   36       6370         176          0.0        0          215      26492      2133       2611.51    1275.13

Total Statistics
Type     Time(s)  Ops          TPS(ops/s)   Net(M/s)   Get_miss   Min(us)  Max(us)    Avg(us)    Std_dev    Geo_dist  
Period   1        14993        14993        2.4        0          238      13102      2488       2686.66    1502.91
Global   36       634990       17638        2.1        0          162      36510      2098       2603.62    1243.83

[1;1H[2J
Get Statistics
Type     Time(s)  Ops          TPS(ops/s)   Net(M/s)   Get_miss   Min(us)  Max(us)    Avg(us)    Std_dev    Geo_dist  
Period   1        16400        16400        2.4        0          190      12142      2231       2617.10    1334.40
Global   37       645020       17432        2.3        0          162      36510      2101       2604.00    1245.75

Set Statistics
Type     Time(s)  Ops          TPS(ops/s)   Net(M/s)   Get_miss   Min(us)  Max(us)    Avg(us)    Std_dev    Geo_dist  
Period   1        163          163          0.0        0          262      8942       2515       2888.12    1431.11
Global   37       6533         176          0.0        0          215      26492      2143       2618.82    1278.80

Total Statistics
Type     Time(s)  Ops          TPS(ops/s)   Net(M/s)   Get_miss   Min(us)  Max(us)    Avg(us)    Std_dev    Geo_dist  
Period   1        16563        16563        2.4        0          190      12142      2234       2619.78    1335.32
Global   37       651553       17609        2.3        0          162      36510      2102       2603.68    1246.07

[1;1H[2J
Get Statistics
Type     Time(s)  Ops          TPS(ops/s)   Net(M/s)   Get_miss   Min(us)  Max(us)    Avg(us)    Std_dev    Geo_dist  
Period   1        17237        17237        2.4        0          189      28240      2129       2761.60    1243.63
Global   38       662257       17427        2.4        0          162      36510      2102       2608.01    1245.69

Set Statistics
Type     Time(s)  Ops          TPS(ops/s)   Net(M/s)   Get_miss   Min(us)  Max(us)    Avg(us)    Std_dev    Geo_dist  
Period   1        176          176          0.0        0          281      27987      2257       3215.60    1278.85
Global   38       6709         176          0.0        0          215      27987      2146       2635.96    1278.80

Total Statistics
Type     Time(s)  Ops          TPS(ops/s)   Net(M/s)   Get_miss   Min(us)  Max(us)    Avg(us)    Std_dev    Geo_dist  
Period   1        17413        17413        2.4        0          189      28240      2130       2766.71    1243.98
Global   38       668966       17604        2.4        0          162      36510      2102       2608.65    1246.02

[1;1H[2J
Get Statistics
Type     Time(s)  Ops          TPS(ops/s)   Net(M/s)   Get_miss   Min(us)  Max(us)    Avg(us)    Std_dev    Geo_dist  
Period   1        17023        17023        2.4        0          180      9883       2131       2592.57    1242.23
Global   39       679280       17417        2.3        0          162      36510      2103       2607.40    1245.60

Set Statistics
Type     Time(s)  Ops          TPS(ops/s)   Net(M/s)   Get_miss   Min(us)  Max(us)    Avg(us)    Std_dev    Geo_dist  
Period   1        171          171          0.0        0          312      9198       2415       2798.29    1387.48
Global   39       6880         176          0.0        0          215      27987      2152       2640.79    1281.40

Total Statistics
Type     Time(s)  Ops          TPS(ops/s)   Net(M/s)   Get_miss   Min(us)  Max(us)    Avg(us)    Std_dev    Geo_dist  
Period   1        17194        17194        2.4        0          180      9883       2134       2594.62    1243.60
Global   39       686160       17593        2.4        0          162      36510      2103       2608.14    1245.96

[1;1H[2J
Get Statistics
Type     Time(s)  Ops          TPS(ops/s)   Net(M/s)   Get_miss   Min(us)  Max(us)    Avg(us)    Std_dev    Geo_dist  
Period   1        15954        15954        2.4        0          233      13675      2300       2656.79    1378.14
Global   40       695234       17380        2.2        0          162      36510      2107       2609.13    1248.50

Set Statistics
Type     Time(s)  Ops          TPS(ops/s)   Net(M/s)   Get_miss   Min(us)  Max(us)    Avg(us)    Std_dev    Geo_dist  
Period   1        162          162          0.0        0          222      9671       2170       2638.87    1298.95
Global   40       7042         176          0.0        0          215      27987      2153       2640.09    1281.80

Total Statistics
Type     Time(s)  Ops          TPS(ops/s)   Net(M/s)   Get_miss   Min(us)  Max(us)    Avg(us)    Std_dev    Geo_dist  
Period   1        16116        16116        2.4        0          222      13675      2299       2656.29    1377.32
Global   40       702276       17556        2.2        0          162      36510      2108       2609.01    1248.83

[1;1H[2J
Get Statistics
Type     Time(s)  Ops          TPS(ops/s)   Net(M/s)   Get_miss   Min(us)  Max(us)    Avg(us)    Std_dev    Geo_dist  
Period   1        15840        15840        2.4        0          198      11950      2307       2645.77    1397.50
Global   41       711074       17343        2.2        0          162      36510      2112       2609.68    1251.64

Set Statistics
Type     Time(s)  Ops          TPS(ops/s)   Net(M/s)   Get_miss   Min(us)  Max(us)    Avg(us)    Std_dev    Geo_dist  
Period   1        157          157          0.0        0          344      9242       2161       2567.16    1320.43
Global   41       7199         175          0.0        0          215      27987      2153       2638.49    1282.63

Total Statistics
Type     Time(s)  Ops          TPS(ops/s)   Net(M/s)   Get_miss   Min(us)  Max(us)    Avg(us)    Std_dev    Geo_dist  
Period   1        15997        15997        2.4        0          198      11950      2305       2645.47    1396.73
Global   41       718273       17518        2.2        0          162      36510      2112       2610.30    1251.94

[1;1H[2J
Get Statistics
Type     Time(s)  Ops          TPS(ops/s)   Net(M/s)   Get_miss   Min(us)  Max(us)    Avg(us)    Std_dev    Geo_dist  
Period   1        16480        16480        2.4        0          171      13228      2230       2671.58    1291.88
Global   42       727554       17322        2.3        0          162      36510      2114       2611.70    1252.53

Set Statistics
Type     Time(s)  Ops          TPS(ops/s)   Net(M/s)   Get_miss   Min(us)  Max(us)    Avg(us)    Std_dev    Geo_dist  
Period   1        167          167          0.0        0          324      17735      2149       2777.31    1261.24
Global   42       7366         175          0.0        0          215      27987      2153       2641.44    1282.14

Total Statistics
Type     Time(s)  Ops          TPS(ops/s)   Net(M/s)   Get_miss   Min(us)  Max(us)    Avg(us)    Std_dev    Geo_dist  
Period   1        16647        16647        2.4        0          171      17735      2230       2671.91    1291.57
Global   42       734920       17498        2.3        0          162      36510      2115       2611.51    1252.83

[1;1H[2J
Get Statistics
Type     Time(s)  Ops          TPS(ops/s)   Net(M/s)   Get_miss   Min(us)  Max(us)    Avg(us)    Std_dev    Geo_dist  
Period   1        17736        17736        2.4        0          214      22878      2056       2653.72    1195.20
Global   43       745290       17332        2.4        0          162      36510      2113       2612.41    1251.14

Set Statistics
Type     Time(s)  Ops          TPS(ops/s)   Net(M/s)   Get_miss   Min(us)  Max(us)    Avg(us)    Std_dev    Geo_dist  
Period   1        178          178          0.0        0          338      12072      2398       2832.63    1379.32
Global   43       7544         175          0.0        0          215      27987      2159       2646.00    1284.35

Total Statistics
Type     Time(s)  Ops          TPS(ops/s)   Net(M/s)   Get_miss   Min(us)  Max(us)    Avg(us)    Std_dev    Geo_dist  
Period   1        17914        17914        2.4        0          214      22878      2059       2656.00    1196.90
Global   43       752834       17507        2.5        0          162      36510      2114       2612.32    1251.47

[1;1H[2J
Get Statistics
Type     Time(s)  Ops          TPS(ops/s)   Net(M/s)   Get_miss   Min(us)  Max(us)    Avg(us)    Std_dev    Geo_dist  
Period   1        17698        17698        2.4        0          165      12907      2068       2517.06    1246.98
Global   44       762988       17340        2.4        0          162      36510      2112       2610.21    1251.04

Set Statistics
Type     Time(s)  Ops          TPS(ops/s)   Net(M/s)   Get_miss   Min(us)  Max(us)    Avg(us)    Std_dev    Geo_dist  
Period   1        179          179          0.0        0          269      11035      2037       2484.17    1248.74
Global   44       7723         175          0.0        0          215      27987      2156       2642.41    1283.52

Total Statistics
Type     Time(s)  Ops          TPS(ops/s)   Net(M/s)   Get_miss   Min(us)  Max(us)    Avg(us)    Std_dev    Geo_dist  
Period   1        17877        17877        2.4        0          165      12907      2067       2517.23    1247.00
Global   44       770711       17516        2.5        0          162      36510      2112       2610.89    1251.36

[1;1H[2J
Get Statistics
Type     Time(s)  Ops          TPS(ops/s)   Net(M/s)   Get_miss   Min(us)  Max(us)    Avg(us)    Std_dev    Geo_dist  
Period   1        17467        17467        2.4        0          247      11274      2093       2604.22    1225.48
Global   45       780455       17343        2.4        0          162      36510      2112       2609.73    1250.46

Set Statistics
Type     Time(s)  Ops          TPS(ops/s)   Net(M/s)   Get_miss   Min(us)  Max(us)    Avg(us)    Std_dev    Geo_dist  
Period   1        179          179          0.0        0          368      9489       2417       2893.18    1354.84
Global   45       7902         175          0.0        0          215      27987      2162       2648.37    1285.09

Total Statistics
Type     Time(s)  Ops          TPS(ops/s)   Net(M/s)   Get_miss   Min(us)  Max(us)    Avg(us)    Std_dev    Geo_dist  
Period   1        17646        17646        2.4        0          247      11274      2096       2607.65    1226.72
Global   45       788357       17519        2.4        0          162      36510      2112       2610.53    1250.81

[1;1H[2J
Get Statistics
Type     Time(s)  Ops          TPS(ops/s)   Net(M/s)   Get_miss   Min(us)  Max(us)    Avg(us)    Std_dev    Geo_dist  
Period   1        17772        17772        2.4        0          200      13002      2057       2615.47    1175.57
Global   46       798227       17352        2.4        0          162      36510      2110       2610.50    1248.75

Set Statistics
Type     Time(s)  Ops          TPS(ops/s)   Net(M/s)   Get_miss   Min(us)  Max(us)    Avg(us)    Std_dev    Geo_dist  
Period   1        179          179          0.0        0          248      8245       2095       2648.30    1183.39
Global   46       8081         175          0.0        0          215      27987      2160       2648.64    1282.75

Total Statistics
Type     Time(s)  Ops          TPS(ops/s)   Net(M/s)   Get_miss   Min(us)  Max(us)    Avg(us)    Std_dev    Geo_dist  
Period   1        17951        17951        2.4        0          200      13002      2058       2615.24    1175.64
Global   46       806308       17528        2.5        0          162      36510      2111       2610.48    1249.08

[1;1H[2J
Get Statistics
Type     Time(s)  Ops          TPS(ops/s)   Net(M/s)   Get_miss   Min(us)  Max(us)    Avg(us)    Std_dev    Geo_dist  
Period   1        17857        17857        2.4        0          192      12112      2058       2613.80    1194.92
Global   47       816084       17363        2.5        0          162      36510      2109       2610.47    1247.54

Set Statistics
Type     Time(s)  Ops          TPS(ops/s)   Net(M/s)   Get_miss   Min(us)  Max(us)    Avg(us)    Std_dev    Geo_dist  
Period   1        183          183          0.0        0          346      9967       2261       2840.47    1268.28
Global   47       8264         175          0.0        0          215      27987      2162       2653.09    1282.42

Total Statistics
Type     Time(s)  Ops          TPS(ops/s)   Net(M/s)   Get_miss   Min(us)  Max(us)    Avg(us)    Std_dev    Geo_dist  
Period   1        18040        18040        2.4        0          192      12112      2060       2616.24    1195.65
Global   47       824348       17539        2.5        0          162      36510      2110       2610.52    1247.89

[1;1H[2J
Get Statistics
Type     Time(s)  Ops          TPS(ops/s)   Net(M/s)   Get_miss   Min(us)  Max(us)    Avg(us)    Std_dev    Geo_dist  
Period   1        17418        17418        2.4        0          196      17656      2102       2669.93    1216.69
Global   48       833502       17364        2.4        0          162      36510      2109       2611.61    1246.89

Set Statistics
Type     Time(s)  Ops          TPS(ops/s)   Net(M/s)   Get_miss   Min(us)  Max(us)    Avg(us)    Std_dev    Geo_dist  
Period   1        174          174          0.0        0          396      8480       2256       2757.89    1284.61
Global   48       8438         175          0.0        0          215      27987      2164       2655.11    1282.47

Total Statistics
Type     Time(s)  Ops          TPS(ops/s)   Net(M/s)   Get_miss   Min(us)  Max(us)    Avg(us)    Std_dev    Geo_dist  
Period   1        17592        17592        2.4        0          196      17656      2103       2671.18    1217.34
Global   48       841940       17540        2.4        0          162      36510      2110       2611.69    1247.24

[1;1H[2J
Get Statistics
Type     Time(s)  Ops          TPS(ops/s)   Net(M/s)   Get_miss   Min(us)  Max(us)    Avg(us)    Std_dev    Geo_dist  
Period   1        16950        16950        2.4        0          206      20512      2154       2685.21    1255.19
Global   49       850452       17356        2.3        0          162      36510      2110       2613.02    1247.05

Set Statistics
Type     Time(s)  Ops          TPS(ops/s)   Net(M/s)   Get_miss   Min(us)  Max(us)    Avg(us)    Std_dev    Geo_dist  
Period   1        170          170          0.0        0          339      8272       2387       2733.67    1390.32
Global   49       8608         175          0.0        0          215      27987      2169       2656.21    1284.52

Total Statistics
Type     Time(s)  Ops          TPS(ops/s)   Net(M/s)   Get_miss   Min(us)  Max(us)    Avg(us)    Std_dev    Geo_dist  
Period   1        17120        17120        2.4        0          206      20512      2157       2685.16    1256.47
Global   49       859060       17531        2.4        0          162      36510      2111       2613.13    1247.42

[1;1H[2J
Get Statistics
Type     Time(s)  Ops          TPS(ops/s)   Net(M/s)   Get_miss   Min(us)  Max(us)    Avg(us)    Std_dev    Geo_dist  
Period   1        17737        17737        2.4        0          173      10541      2070       2603.66    1198.87
Global   50       868189       17363        2.4        0          162      36510      2109       2612.98    1246.05

Set Statistics
Type     Time(s)  Ops          TPS(ops/s)   Net(M/s)   Get_miss   Min(us)  Max(us)    Avg(us)    Std_dev    Geo_dist  
Period   1        178          178          0.0        0          324      9898       2385       2826.47    1350.30
Global   50       8786         175          0.0        0          215      27987      2173       2660.08    1285.82

Total Statistics
Type     Time(s)  Ops          TPS(ops/s)   Net(M/s)   Get_miss   Min(us)  Max(us)    Avg(us)    Std_dev    Geo_dist  
Period   1        17915        17915        2.4        0          173      10541      2073       2606.17    1200.29
Global   50       876975       17539        2.5        0          162      36510      2110       2613.17    1246.44

[1;1H[2J
Get Statistics
Type     Time(s)  Ops          TPS(ops/s)   Net(M/s)   Get_miss   Min(us)  Max(us)    Avg(us)    Std_dev    Geo_dist  
Period   1        17188        17188        2.4        0          175      20916      2143       2644.99    1277.36
Global   51       885377       17360        2.4        0          162      36510      2110       2613.33    1246.65

Set Statistics
Type     Time(s)  Ops          TPS(ops/s)   Net(M/s)   Get_miss   Min(us)  Max(us)    Avg(us)    Std_dev    Geo_dist  
Period   1        176          176          0.0        0          349      11310      2231       2600.04    1336.00
Global   51       8962         175          0.0        0          215      27987      2174       2658.90    1286.78

Total Statistics
Type     Time(s)  Ops          TPS(ops/s)   Net(M/s)   Get_miss   Min(us)  Max(us)    Avg(us)    Std_dev    Geo_dist  
Period   1        17364        17364        2.4        0          175      20916      2144       2644.40    1277.94
Global   51       894339       17536        2.4        0          162      36510      2110       2614.32    1247.05

[1;1H[2J
Get Statistics
Type     Time(s)  Ops          TPS(ops/s)   Net(M/s)   Get_miss   Min(us)  Max(us)    Avg(us)    Std_dev    Geo_dist  
Period   1        17370        17370        2.4        0          249      11690      2098       2625.04    1233.65
Global   52       902747       17360        2.4        0          162      36510      2110       2613.37    1246.40

Set Statistics
Type     Time(s)  Ops          TPS(ops/s)   Net(M/s)   Get_miss   Min(us)  Max(us)    Avg(us)    Std_dev    Geo_dist  
Period   1        179          179          0.0        0          355      10135      2193       2675.63    1289.74
Global   52       9141         175          0.0        0          215      27987      2175       2658.57    1286.84

Total Statistics
Type     Time(s)  Ops          TPS(ops/s)   Net(M/s)   Get_miss   Min(us)  Max(us)    Avg(us)    Std_dev    Geo_dist  
Period   1        17549        17549        2.4        0          249      11690      2099       2625.48    1234.21
Global   52       911888       17536        2.4        0          162      36510      2110       2614.36    1246.80

[1;1H[2J
Get Statistics
Type     Time(s)  Ops          TPS(ops/s)   Net(M/s)   Get_miss   Min(us)  Max(us)    Avg(us)    Std_dev    Geo_dist  
Period   1        18517        18517        2.4        0          231      12941      1986       2491.73    1196.91
Global   53       921264       17382        2.5        0          162      36510      2107       2611.45    1245.38

Set Statistics
Type     Time(s)  Ops          TPS(ops/s)   Net(M/s)   Get_miss   Min(us)  Max(us)    Avg(us)    Std_dev    Geo_dist  
Period   1        184          184          0.0        0          320      9241       1945       2469.11    1170.98
Global   53       9325         175          0.0        0          215      27987      2170       2655.41    1284.45

Total Statistics
Type     Time(s)  Ops          TPS(ops/s)   Net(M/s)   Get_miss   Min(us)  Max(us)    Avg(us)    Std_dev    Geo_dist  
Period   1        18701        18701        2.4        0          231      12941      1986       2491.12    1196.65
Global   53       930589       17558        2.6        0          162      36510      2108       2611.60    1245.77

[1;1H[2J
Get Statistics
Type     Time(s)  Ops          TPS(ops/s)   Net(M/s)   Get_miss   Min(us)  Max(us)    Avg(us)    Std_dev    Geo_dist  
Period   1        16871        16871        2.4        0          190      12642      2180       2691.81    1252.24
Global   54       938135       17372        2.3        0          162      36510      2108       2613.18    1245.51

Set Statistics
Type     Time(s)  Ops          TPS(ops/s)   Net(M/s)   Get_miss   Min(us)  Max(us)    Avg(us)    Std_dev    Geo_dist  
Period   1        170          170          0.0        0          340      9328       2028       2568.80    1186.57
Global   54       9495         175          0.0        0          215      27987      2168       2653.37    1282.63

Total Statistics
Type     Time(s)  Ops          TPS(ops/s)   Net(M/s)   Get_miss   Min(us)  Max(us)    Avg(us)    Std_dev    Geo_dist  
Period   1        17043        17043        2.4        0          190      12642      2178       2690.75    1251.57
Global   54       947632       17548        2.3        0          162      36510      2109       2613.27    1245.87

[1;1H[2J
Get Statistics
Type     Time(s)  Ops          TPS(ops/s)   Net(M/s)   Get_miss   Min(us)  Max(us)    Avg(us)    Std_dev    Geo_dist  
Period   1        17497        17497        2.4        0          167      13919      2092       2621.33    1178.00
Global   55       955632       17375        2.4        0          162      36510      2108       2613.10    1244.26

Set Statistics
Type     Time(s)  Ops          TPS(ops/s)   Net(M/s)   Get_miss   Min(us)  Max(us)    Avg(us)    Std_dev    Geo_dist  
Period   1        177          177          0.0        0          258      9011       2480       2795.10    1413.26
Global   55       9672         175          0.0        0          215      27987      2173       2656.79    1284.90

Total Statistics
Type     Time(s)  Ops          TPS(ops/s)   Net(M/s)   Get_miss   Min(us)  Max(us)    Avg(us)    Std_dev    Geo_dist  
Period   1        17672        17672        2.4        0          167      13919      2096       2623.48    1181.09
Global   55       965304       17550        2.4        0          162      36510      2109       2613.26    1244.66

[1;1H[2J
Get Statistics
Type     Time(s)  Ops          TPS(ops/s)   Net(M/s)   Get_miss   Min(us)  Max(us)    Avg(us)    Std_dev    Geo_dist  
Period   1        17333        17333        2.4        0          153      10819      2105       2606.56    1184.75
Global   56       972965       17374        2.4        0          153      36510      2108       2612.93    1243.17

Set Statistics
Type     Time(s)  Ops          TPS(ops/s)   Net(M/s)   Get_miss   Min(us)  Max(us)    Avg(us)    Std_dev    Geo_dist  
Period   1        174          174          0.0        0          297      8944       2167       2639.66    1216.70
Global   56       9846         175          0.0        0          215      27987      2173       2656.27    1283.67

Total Statistics
Type     Time(s)  Ops          TPS(ops/s)   Net(M/s)   Get_miss   Min(us)  Max(us)    Avg(us)    Std_dev    Geo_dist  
Period   1        17507        17507        2.4        0          153      10819      2106       2606.51    1185.06
Global   56       982811       17550        2.4        0          153      36510      2109       2613.10    1243.57

[1;1H[2J
Get Statistics
Type     Time(s)  Ops          TPS(ops/s)   Net(M/s)   Get_miss   Min(us)  Max(us)    Avg(us)    Std_dev    Geo_dist  
Period   1        18247        18247        2.4        0          210      11920      2013       2587.08    1126.36
Global   57       991212       17389        2.5        0          153      36510      2106       2612.69    1240.91

Set Statistics
Type     Time(s)  Ops          TPS(ops/s)   Net(M/s)   Get_miss   Min(us)  Max(us)    Avg(us)    Std_dev    Geo_dist  
Period   1        185          185          0.0        0          250      8783       2081       2625.00    1169.93
Global   57       10031        175          0.0        0          215      27987      2171       2655.84    1281.47

Total Statistics
Type     Time(s)  Ops          TPS(ops/s)   Net(M/s)   Get_miss   Min(us)  Max(us)    Avg(us)    Std_dev    Geo_dist  
Period   1        18434        18434        2.4        0          210      11920      2013       2587.72    1126.75
Global   57       1001245      17565        2.5        0          153      36510      2107       2612.85    1241.31

[1;1H[2J
Get Statistics
Type     Time(s)  Ops          TPS(ops/s)   Net(M/s)   Get_miss   Min(us)  Max(us)    Avg(us)    Std_dev    Geo_dist  
Period   1        17823        17823        2.4        0          170      11838      2053       2528.60    1197.87
Global   58       1009035      17397        2.4        0          153      36510      2105       2611.29    1240.15

Set Statistics
Type     Time(s)  Ops          TPS(ops/s)   Net(M/s)   Get_miss   Min(us)  Max(us)    Avg(us)    Std_dev    Geo_dist  
Period   1        177          177          0.0        0          243      11738      1765       2299.33    1090.87
Global   58       10208        176          0.0        0          215      27987      2164       2650.47    1277.90

Total Statistics
Type     Time(s)  Ops          TPS(ops/s)   Net(M/s)   Get_miss   Min(us)  Max(us)    Avg(us)    Std_dev    Geo_dist  
Period   1        17998        17998        2.4        0          170      11838      2051       2526.10    1197.25
Global   58       1019243      17573        2.5        0          153      36510      2106       2611.36    1240.52

[1;1H[2J
Get Statistics
Type     Time(s)  Ops          TPS(ops/s)   Net(M/s)   Get_miss   Min(us)  Max(us)    Avg(us)    Std_dev    Geo_dist  
Period   1        17394        17394        2.4        0          206      11994      2107       2573.45    1211.74
Global   59       1026429      17397        2.4        0          153      36510      2105       2610.68    1239.66

Set Statistics
Type     Time(s)  Ops          TPS(ops/s)   Net(M/s)   Get_miss   Min(us)  Max(us)    Avg(us)    Std_dev    Geo_dist  
Period   1        177          177          0.0        0          255      9382       2038       2548.69    1177.78
Global   59       10385        176          0.0        0          215      27987      2162       2648.58    1276.12

Total Statistics
Type     Time(s)  Ops          TPS(ops/s)   Net(M/s)   Get_miss   Min(us)  Max(us)    Avg(us)    Std_dev    Geo_dist  
Period   1        17571        17571        2.4        0          206      11994      2107       2572.57    1211.39
Global   59       1036814      17573        2.4        0          153      36510      2106       2610.72    1240.02

[1;1H[2J
Get Statistics
Type     Time(s)  Ops          TPS(ops/s)   Net(M/s)   Get_miss   Min(us)  Max(us)    Avg(us)    Std_dev    Geo_dist  
Period   1        15483        15483        2.4        0          173      13382      2379       2708.70    1419.65
Global   60       1041912      17365        2.1        0          153      36510      2109       2612.43    1242.16

Set Statistics
Type     Time(s)  Ops          TPS(ops/s)   Net(M/s)   Get_miss   Min(us)  Max(us)    Avg(us)    Std_dev    Geo_dist  
Period   1        157          157          0.0        0          406      8898       2460       2718.59    1494.09
Global   60       10542        175          0.0        0          215      27987      2167       2649.29    1279.12

Total Statistics
Type     Time(s)  Ops          TPS(ops/s)   Net(M/s)   Get_miss   Min(us)  Max(us)    Avg(us)    Std_dev    Geo_dist  
Period   1        15640        15640        2.4        0          173      13382      2380       2708.56    1420.38
Global   60       1052454      17540        2.1        0          153      36510      2110       2612.47    1242.53

Get Statistics (1041949 events)
   Min:       153
   Max:     36510
   Avg:      2110
   Geo:   1242.25
   Std:   2612.22
   Log2 Dist:
       8:      794   101984   491929   232137
      12:    32209   156656    25794      432
      16:       14

Set Statistics (10542 events)
   Min:       215
   Max:     27987
   Avg:      2167
   Geo:   1279.12
   Std:   2649.29
   Log2 Dist:
       8:        8      930     4931     2428
      12:      329     1624      286        6

Total Statistics (1052491 events)
   Min:       153
   Max:     36510
   Avg:      2110
   Geo:   1242.61
   Std:   2613.06
   Log2 Dist:
       8:      802   102914   496860   234565
      12:    32538   158280    26080      438
      16:       14

cmd_get: 1041986
cmd_set: 10542
get_misses: 0
written_bytes: 24609598
read_bytes: 172005921
object_bytes: 1518048

Run time: 60.2s Ops: 1052528 TPS: 17472 Net_rate: 3.1M/s
