servers : 10.0.0.11:9000
threads count: 78
concurrency: 78
run time: 60s
windows size: 10k
set proportion: set_prop=0.01
get proportion: get_prop=0.99
[1;1H[2J
Get Statistics
Type     Time(s)  Ops          TPS(ops/s)   Net(M/s)   Get_miss   Min(us)  Max(us)    Avg(us)    Std_dev    Geo_dist  
Period   1        23125        23125        3.2        0          221      22010      3310       3321.40    1971.94
Global   1        23125        23125        3.2        0          221      22010      3309       3322.05    1971.18

Set Statistics
Type     Time(s)  Ops          TPS(ops/s)   Net(M/s)   Get_miss   Min(us)  Max(us)    Avg(us)    Std_dev    Geo_dist  
Period   1        266          266          0.0        0          490      19131      3360       3358.04    2126.14
Global   1        266          266          0.0        0          490      19131      3360       3358.04    2126.14

Total Statistics
Type     Time(s)  Ops          TPS(ops/s)   Net(M/s)   Get_miss   Min(us)  Max(us)    Avg(us)    Std_dev    Geo_dist  
Period   1        23393        23393        3.2        0          221      22010      3310       3322.39    1973.10
Global   1        23393        23393        3.2        0          221      22010      3310       3322.39    1973.10

[1;1H[2J
Get Statistics
Type     Time(s)  Ops          TPS(ops/s)   Net(M/s)   Get_miss   Min(us)  Max(us)    Avg(us)    Std_dev    Geo_dist  
Period   1        22907        22907        3.2        0          270      27990      3404       3292.55    2062.08
Global   2        46032        23016        3.1        0          221      27990      3357       3307.33    2016.68

Set Statistics
Type     Time(s)  Ops          TPS(ops/s)   Net(M/s)   Get_miss   Min(us)  Max(us)    Avg(us)    Std_dev    Geo_dist  
Period   1        233          233          0.0        0          356      12598      3480       3198.66    2169.60
Global   2        499          249          0.0        0          356      19131      3416       3281.88    2146.32

Total Statistics
Type     Time(s)  Ops          TPS(ops/s)   Net(M/s)   Get_miss   Min(us)  Max(us)    Avg(us)    Std_dev    Geo_dist  
Period   1        23138        23138        3.2        0          270      27990      3405       3291.25    2063.70
Global   2        46531        23265        3.2        0          221      27990      3357       3307.67    2018.03

[1;1H[2J
Get Statistics
Type     Time(s)  Ops          TPS(ops/s)   Net(M/s)   Get_miss   Min(us)  Max(us)    Avg(us)    Std_dev    Geo_dist  
Period   1        22757        22757        3.1        0          236      21003      3390       3263.53    2070.35
Global   3        68789        22929        3.1        0          221      27990      3368       3292.83    2034.28

Set Statistics
Type     Time(s)  Ops          TPS(ops/s)   Net(M/s)   Get_miss   Min(us)  Max(us)    Avg(us)    Std_dev    Geo_dist  
Period   1        236          236          0.0        0          418      11486      3558       3351.05    2187.84
Global   3        735          245          0.0        0          356      19131      3461       3303.26    2159.57

Total Statistics
Type     Time(s)  Ops          TPS(ops/s)   Net(M/s)   Get_miss   Min(us)  Max(us)    Avg(us)    Std_dev    Geo_dist  
Period   1        22995        22995        3.2        0          236      21003      3392       3264.54    2071.75
Global   3        69526        23175        3.2        0          221      27990      3369       3293.05    2035.64

[1;1H[2J
Get Statistics
Type     Time(s)  Ops          TPS(ops/s)   Net(M/s)   Get_miss   Min(us)  Max(us)    Avg(us)    Std_dev    Geo_dist  
Period   1        23669        23669        3.2        0          282      18461      3273       3241.27    1981.39
Global   4        92458        23114        3.3        0          221      27990      3343       3280.73    2020.80

Set Statistics
Type     Time(s)  Ops          TPS(ops/s)   Net(M/s)   Get_miss   Min(us)  Max(us)    Avg(us)    Std_dev    Geo_dist  
Period   1        235          235          0.0        0          362      10499      3657       3369.77    2220.65
Global   4        970          242          0.0        0          356      19131      3509       3318.26    2174.21

Total Statistics
Type     Time(s)  Ops          TPS(ops/s)   Net(M/s)   Get_miss   Min(us)  Max(us)    Avg(us)    Std_dev    Geo_dist  
Period   1        23904        23904        3.2        0          282      18461      3277       3243.12    1984.38
Global   4        93430        23357        3.3        0          221      27990      3345       3281.05    2022.40

[1;1H[2J
Get Statistics
Type     Time(s)  Ops          TPS(ops/s)   Net(M/s)   Get_miss   Min(us)  Max(us)    Avg(us)    Std_dev    Geo_dist  
Period   1        23029        23029        3.2        0          265      21713      3376       3368.83    2008.21
Global   5        115487       23097        3.2        0          221      27990      3350       3298.17    2018.44

Set Statistics
Type     Time(s)  Ops          TPS(ops/s)   Net(M/s)   Get_miss   Min(us)  Max(us)    Avg(us)    Std_dev    Geo_dist  
Period   1        233          233          0.0        0          444      11769      3403       3348.16    2055.64
Global   5        1203         240          0.0        0          356      19131      3488       3323.43    2150.72

Total Statistics
Type     Time(s)  Ops          TPS(ops/s)   Net(M/s)   Get_miss   Min(us)  Max(us)    Avg(us)    Std_dev    Geo_dist  
Period   1        23261        23261        3.2        0          265      21713      3376       3367.76    2007.75
Global   5        116691       23338        3.2        0          221      27990      3351       3298.92    2019.79

[1;1H[2J
Get Statistics
Type     Time(s)  Ops          TPS(ops/s)   Net(M/s)   Get_miss   Min(us)  Max(us)    Avg(us)    Std_dev    Geo_dist  
Period   1        21877        21877        3.1        0          250      59783      3534       3725.26    2081.16
Global   6        137364       22894        3.0        0          221      59783      3379       3370.84    2028.43

Set Statistics
Type     Time(s)  Ops          TPS(ops/s)   Net(M/s)   Get_miss   Min(us)  Max(us)    Avg(us)    Std_dev    Geo_dist  
Period   1        222          222          0.0        0          449      21038      3524       3437.01    2150.07
Global   6        1425         237          0.0        0          356      21038      3494       3339.77    2150.62

Total Statistics
Type     Time(s)  Ops          TPS(ops/s)   Net(M/s)   Get_miss   Min(us)  Max(us)    Avg(us)    Std_dev    Geo_dist  
Period   1        22100        22100        3.2        0          250      59783      3534       3722.37    2081.94
Global   6        138791       23131        3.0        0          221      59783      3381       3369.77    2029.69

[1;1H[2J
Get Statistics
Type     Time(s)  Ops          TPS(ops/s)   Net(M/s)   Get_miss   Min(us)  Max(us)    Avg(us)    Std_dev    Geo_dist  
Period   1        22248        22248        3.1        0          280      28785      3489       3425.35    2110.09
Global   7        159612       22801        3.1        0          221      59783      3395       3378.07    2039.74

Set Statistics
Type     Time(s)  Ops          TPS(ops/s)   Net(M/s)   Get_miss   Min(us)  Max(us)    Avg(us)    Std_dev    Geo_dist  
Period   1        228          228          0.0        0          354      20038      3637       3600.31    2145.07
Global   7        1653         236          0.0        0          354      21038      3514       3375.83    2149.86

Total Statistics
Type     Time(s)  Ops          TPS(ops/s)   Net(M/s)   Get_miss   Min(us)  Max(us)    Avg(us)    Std_dev    Geo_dist  
Period   1        22475        22475        3.2        0          280      28785      3490       3427.63    2111.13
Global   7        161266       23038        3.1        0          221      59783      3396       3378.28    2040.85

[1;1H[2J
Get Statistics
Type     Time(s)  Ops          TPS(ops/s)   Net(M/s)   Get_miss   Min(us)  Max(us)    Avg(us)    Std_dev    Geo_dist  
Period   1        22666        22666        3.1        0          229      28711      3428       3367.34    2037.05
Global   8        182278       22784        3.1        0          221      59783      3399       3376.87    2039.50

Set Statistics
Type     Time(s)  Ops          TPS(ops/s)   Net(M/s)   Get_miss   Min(us)  Max(us)    Avg(us)    Std_dev    Geo_dist  
Period   1        229          229          0.0        0          311      20204      3426       3427.36    2025.61
Global   8        1882         235          0.0        0          311      21038      3503       3381.65    2134.34

Total Statistics
Type     Time(s)  Ops          TPS(ops/s)   Net(M/s)   Get_miss   Min(us)  Max(us)    Avg(us)    Std_dev    Geo_dist  
Period   1        22898        22898        3.2        0          229      28711      3429       3367.68    2038.06
Global   8        184164       23020        3.1        0          221      59783      3400       3377.08    2040.50

[1;1H[2J
Get Statistics
Type     Time(s)  Ops          TPS(ops/s)   Net(M/s)   Get_miss   Min(us)  Max(us)    Avg(us)    Std_dev    Geo_dist  
Period   1        22907        22907        3.1        0          218      20757      3385       3369.28    2011.39
Global   9        205185       22798        3.1        0          218      59783      3397       3376.50    2036.43

Set Statistics
Type     Time(s)  Ops          TPS(ops/s)   Net(M/s)   Get_miss   Min(us)  Max(us)    Avg(us)    Std_dev    Geo_dist  
Period   1        232          232          0.0        0          430      9777       3189       3069.77    1989.39
Global   9        2114         234          0.0        0          311      21038      3469       3349.12    2117.93

Total Statistics
Type     Time(s)  Ops          TPS(ops/s)   Net(M/s)   Get_miss   Min(us)  Max(us)    Avg(us)    Std_dev    Geo_dist  
Period   1        23136        23136        3.2        0          218      20757      3383       3366.34    2011.62
Global   9        207300       23033        3.2        0          218      59783      3398       3375.98    2037.26

[1;1H[2J
Get Statistics
Type     Time(s)  Ops          TPS(ops/s)   Net(M/s)   Get_miss   Min(us)  Max(us)    Avg(us)    Std_dev    Geo_dist  
Period   1        22049        22049        3.1        0          253      19794      3534       3301.94    2181.49
Global   10       227234       22723        3.0        0          218      59783      3411       3368.86    2050.07

Set Statistics
Type     Time(s)  Ops          TPS(ops/s)   Net(M/s)   Get_miss   Min(us)  Max(us)    Avg(us)    Std_dev    Geo_dist  
Period   1        219          219          0.0        0          394      11460      3689       3450.02    2229.23
Global   10       2333         233          0.0        0          311      21038      3489       3359.26    2128.14

Total Statistics
Type     Time(s)  Ops          TPS(ops/s)   Net(M/s)   Get_miss   Min(us)  Max(us)    Avg(us)    Std_dev    Geo_dist  
Period   1        22266        22266        3.2        0          253      19794      3535       3303.82    2182.58
Global   10       229566       22956        3.1        0          218      59783      3411       3369.58    2050.92

[1;1H[2J
Get Statistics
Type     Time(s)  Ops          TPS(ops/s)   Net(M/s)   Get_miss   Min(us)  Max(us)    Avg(us)    Std_dev    Geo_dist  
Period   1        22267        22267        3.1        0          260      20701      3500       3297.82    2154.88
Global   11       249501       22681        3.1        0          218      59783      3419       3362.61    2059.21

Set Statistics
Type     Time(s)  Ops          TPS(ops/s)   Net(M/s)   Get_miss   Min(us)  Max(us)    Avg(us)    Std_dev    Geo_dist  
Period   1        229          229          0.0        0          319      15736      3527       3398.42    2122.79
Global   11       2562         232          0.0        0          311      21038      3493       3361.50    2127.66

Total Statistics
Type     Time(s)  Ops          TPS(ops/s)   Net(M/s)   Get_miss   Min(us)  Max(us)    Avg(us)    Std_dev    Geo_dist  
Period   1        22574        22574        3.1        0          260      20701      3516       3304.23    2163.56
Global   11       252140       22921        3.1        0          218      59783      3421       3363.30    2060.76

[1;1H[2J
Get Statistics
Type     Time(s)  Ops          TPS(ops/s)   Net(M/s)   Get_miss   Min(us)  Max(us)    Avg(us)    Std_dev    Geo_dist  
Period   1        22592        22592        3.1        0          223      20688      3345       3400.04    1921.70
Global   12       272093       22674        3.1        0          218      59783      3415       3366.40    2052.65

Set Statistics
Type     Time(s)  Ops          TPS(ops/s)   Net(M/s)   Get_miss   Min(us)  Max(us)    Avg(us)    Std_dev    Geo_dist  
Period   1        228          228          0.0        0          442      11764      3291       3316.03    1962.91
Global   12       2790         232          0.0        0          311      21038      3476       3358.18    2113.69

Total Statistics
Type     Time(s)  Ops          TPS(ops/s)   Net(M/s)   Get_miss   Min(us)  Max(us)    Avg(us)    Std_dev    Geo_dist  
Period   1        22747        22747        3.1        0          223      20688      3356       3400.06    1972.42
Global   12       274887       22907        3.1        0          218      59783      3415       3367.03    2053.30

[1;1H[2J
Get Statistics
Type     Time(s)  Ops          TPS(ops/s)   Net(M/s)   Get_miss   Min(us)  Max(us)    Avg(us)    Std_dev    Geo_dist  
Period   1        23320        23320        3.1        0          203      27108      3330       3267.34    2002.39
Global   13       295413       22724        3.2        0          203      59783      3408       3359.09    2048.70

Set Statistics
Type     Time(s)  Ops          TPS(ops/s)   Net(M/s)   Get_miss   Min(us)  Max(us)    Avg(us)    Std_dev    Geo_dist  
Period   1        237          237          0.0        0          359      12524      3626       3297.03    2260.23
Global   13       3027         232          0.0        0          311      21038      3488       3352.87    2124.81

Total Statistics
Type     Time(s)  Ops          TPS(ops/s)   Net(M/s)   Get_miss   Min(us)  Max(us)    Avg(us)    Std_dev    Geo_dist  
Period   1        23555        23555        3.2        0          203      27108      3333       3267.90    2005.40
Global   13       298442       22957        3.2        0          203      59783      3409       3358.90    2049.48

[1;1H[2J
Get Statistics
Type     Time(s)  Ops          TPS(ops/s)   Net(M/s)   Get_miss   Min(us)  Max(us)    Avg(us)    Std_dev    Geo_dist  
Period   1        22474        22474        3.1        0          218      28968      3443       3483.68    2007.31
Global   14       317887       22706        3.1        0          203      59783      3411       3367.56    2045.80

Set Statistics
Type     Time(s)  Ops          TPS(ops/s)   Net(M/s)   Get_miss   Min(us)  Max(us)    Avg(us)    Std_dev    Geo_dist  
Period   1        226          226          0.0        0          387      28761      4015       3948.48    2340.15
Global   14       3253         232          0.0        0          311      28761      3524       3400.22    2139.11

Total Statistics
Type     Time(s)  Ops          TPS(ops/s)   Net(M/s)   Get_miss   Min(us)  Max(us)    Avg(us)    Std_dev    Geo_dist  
Period   1        22700        22700        3.2        0          218      28968      3448       3489.46    2011.08
Global   14       321142       22938        3.1        0          203      59783      3412       3368.05    2046.74

[1;1H[2J
Get Statistics
Type     Time(s)  Ops          TPS(ops/s)   Net(M/s)   Get_miss   Min(us)  Max(us)    Avg(us)    Std_dev    Geo_dist  
Period   1        23498        23498        3.1        0          246      23069      3299       3262.07    1973.52
Global   15       341385       22759        3.2        0          203      59783      3403       3360.83    2040.80

Set Statistics
Type     Time(s)  Ops          TPS(ops/s)   Net(M/s)   Get_miss   Min(us)  Max(us)    Avg(us)    Std_dev    Geo_dist  
Period   1        231          231          0.0        0          400      10301      3430       3238.47    2112.75
Global   15       3484         232          0.0        0          311      28761      3518       3389.12    2137.35

Total Statistics
Type     Time(s)  Ops          TPS(ops/s)   Net(M/s)   Get_miss   Min(us)  Max(us)    Avg(us)    Std_dev    Geo_dist  
Period   1        23728        23728        3.2        0          246      23069      3301       3261.37    1975.49
Global   15       344870       22991        3.3        0          203      59783      3404       3361.30    2041.76

[1;1H[2J
Get Statistics
Type     Time(s)  Ops          TPS(ops/s)   Net(M/s)   Get_miss   Min(us)  Max(us)    Avg(us)    Std_dev    Geo_dist  
Period   1        22432        22432        3.1        0          226      19495      3460       3401.54    2062.72
Global   16       363817       22738        3.1        0          203      59783      3407       3362.90    2042.19

Set Statistics
Type     Time(s)  Ops          TPS(ops/s)   Net(M/s)   Get_miss   Min(us)  Max(us)    Avg(us)    Std_dev    Geo_dist  
Period   1        227          227          0.0        0          409      16739      3340       3393.42    2015.46
Global   16       3711         231          0.0        0          311      28761      3507       3389.31    2129.69

Total Statistics
Type     Time(s)  Ops          TPS(ops/s)   Net(M/s)   Get_miss   Min(us)  Max(us)    Avg(us)    Std_dev    Geo_dist  
Period   1        22660        22660        3.2        0          226      19495      3459       3401.16    2061.56
Global   16       367530       22970        3.1        0          203      59783      3408       3363.22    2043.07

[1;1H[2J
Get Statistics
Type     Time(s)  Ops          TPS(ops/s)   Net(M/s)   Get_miss   Min(us)  Max(us)    Avg(us)    Std_dev    Geo_dist  
Period   1        22776        22776        3.1        0          275      21496      3388       3429.00    1986.62
Global   17       386593       22740        3.1        0          203      59783      3405       3367.77    2038.97

Set Statistics
Type     Time(s)  Ops          TPS(ops/s)   Net(M/s)   Get_miss   Min(us)  Max(us)    Avg(us)    Std_dev    Geo_dist  
Period   1        229          229          0.0        0          493      15083      3821       3571.43    2285.68
Global   17       3940         231          0.0        0          311      28761      3526       3399.71    2138.46

Total Statistics
Type     Time(s)  Ops          TPS(ops/s)   Net(M/s)   Get_miss   Min(us)  Max(us)    Avg(us)    Std_dev    Geo_dist  
Period   1        23005        23005        3.2        0          275      21496      3393       3430.30    1990.17
Global   17       390535       22972        3.2        0          203      59783      3407       3367.35    2039.96

[1;1H[2J
Get Statistics
Type     Time(s)  Ops          TPS(ops/s)   Net(M/s)   Get_miss   Min(us)  Max(us)    Avg(us)    Std_dev    Geo_dist  
Period   1        23654        23654        3.1        0          284      18970      3295       3289.28    1968.84
Global   18       410247       22791        3.2        0          203      59783      3399       3363.06    2034.90

Set Statistics
Type     Time(s)  Ops          TPS(ops/s)   Net(M/s)   Get_miss   Min(us)  Max(us)    Avg(us)    Std_dev    Geo_dist  
Period   1        240          240          0.0        0          362      18284      3220       3304.01    1945.28
Global   18       4180         232          0.0        0          311      28761      3508       3395.09    2126.86

Total Statistics
Type     Time(s)  Ops          TPS(ops/s)   Net(M/s)   Get_miss   Min(us)  Max(us)    Avg(us)    Std_dev    Geo_dist  
Period   1        23893        23893        3.2        0          284      18970      3294       3289.76    1969.22
Global   18       414428       23023        3.3        0          203      59783      3400       3363.51    2035.82

[1;1H[2J
Get Statistics
Type     Time(s)  Ops          TPS(ops/s)   Net(M/s)   Get_miss   Min(us)  Max(us)    Avg(us)    Std_dev    Geo_dist  
Period   1        23000        23000        3.1        0          240      20231      3382       3332.97    2003.73
Global   19       433247       22802        3.2        0          203      59783      3398       3361.57    2033.24

Set Statistics
Type     Time(s)  Ops          TPS(ops/s)   Net(M/s)   Get_miss   Min(us)  Max(us)    Avg(us)    Std_dev    Geo_dist  
Period   1        236          236          0.0        0          287      12770      3502       3389.21    2092.94
Global   19       4416         232          0.0        0          287      28761      3508       3394.06    2125.04

Total Statistics
Type     Time(s)  Ops          TPS(ops/s)   Net(M/s)   Get_miss   Min(us)  Max(us)    Avg(us)    Std_dev    Geo_dist  
Period   1        23239        23239        3.2        0          240      20231      3383       3333.37    2004.46
Global   19       437667       23035        3.2        0          203      59783      3399       3362.02    2034.14

[1;1H[2J
Get Statistics
Type     Time(s)  Ops          TPS(ops/s)   Net(M/s)   Get_miss   Min(us)  Max(us)    Avg(us)    Std_dev    Geo_dist  
Period   1        23218        23218        3.1        0          183      28332      3325       3403.56    1949.62
Global   20       456465       22823        3.2        0          183      59783      3394       3364.04    2028.93

Set Statistics
Type     Time(s)  Ops          TPS(ops/s)   Net(M/s)   Get_miss   Min(us)  Max(us)    Avg(us)    Std_dev    Geo_dist  
Period   1        234          234          0.0        0          432      20616      3634       3518.56    2161.01
Global   20       4650         232          0.0        0          287      28761      3514       3400.51    2126.83

Total Statistics
Type     Time(s)  Ops          TPS(ops/s)   Net(M/s)   Get_miss   Min(us)  Max(us)    Avg(us)    Std_dev    Geo_dist  
Period   1        23449        23449        3.2        0          183      28332      3329       3404.27    1952.40
Global   20       461116       23055        3.2        0          183      59783      3396       3363.64    2029.90

[1;1H[2J
Get Statistics
Type     Time(s)  Ops          TPS(ops/s)   Net(M/s)   Get_miss   Min(us)  Max(us)    Avg(us)    Std_dev    Geo_dist  
Period   1        23171        23171        3.1        0          227      20835      3316       3234.66    1990.10
Global   21       479636       22839        3.2        0          183      59783      3391       3357.19    2027.08

Set Statistics
Type     Time(s)  Ops          TPS(ops/s)   Net(M/s)   Get_miss   Min(us)  Max(us)    Avg(us)    Std_dev    Geo_dist  
Period   1        235          235          0.0        0          428      16523      3536       3466.10    2106.01
Global   21       4885         232          0.0        0          287      28761      3515       3403.40    2125.83

Total Statistics
Type     Time(s)  Ops          TPS(ops/s)   Net(M/s)   Get_miss   Min(us)  Max(us)    Avg(us)    Std_dev    Geo_dist  
Period   1        23407        23407        3.2        0          227      20835      3319       3236.38    1991.33
Global   21       484523       23072        3.2        0          183      59783      3392       3357.94    2028.06

[1;1H[2J
Get Statistics
Type     Time(s)  Ops          TPS(ops/s)   Net(M/s)   Get_miss   Min(us)  Max(us)    Avg(us)    Std_dev    Geo_dist  
Period   1        23963        23963        3.1        0          256      20258      3246       3327.51    1894.24
Global   22       503599       22890        3.3        0          183      59783      3384       3356.04    2020.58

Set Statistics
Type     Time(s)  Ops          TPS(ops/s)   Net(M/s)   Get_miss   Min(us)  Max(us)    Avg(us)    Std_dev    Geo_dist  
Period   1        245          245          0.0        0          369      18073      3379       3412.62    1984.05
Global   22       5130         233          0.0        0          287      28761      3509       3403.12    2118.83

Total Statistics
Type     Time(s)  Ops          TPS(ops/s)   Net(M/s)   Get_miss   Min(us)  Max(us)    Avg(us)    Std_dev    Geo_dist  
Period   1        24207        24207        3.2        0          256      20258      3247       3328.54    1895.64
Global   22       508730       23124        3.3        0          183      59783      3385       3356.79    2021.55

[1;1H[2J
Get Statistics
Type     Time(s)  Ops          TPS(ops/s)   Net(M/s)   Get_miss   Min(us)  Max(us)    Avg(us)    Std_dev    Geo_dist  
Period   1        22699        22699        3.1        0          204      25711      3390       3429.07    2007.80
Global   23       526298       22882        3.1        0          183      59783      3384       3359.48    2020.06

Set Statistics
Type     Time(s)  Ops          TPS(ops/s)   Net(M/s)   Get_miss   Min(us)  Max(us)    Avg(us)    Std_dev    Geo_dist  
Period   1        225          225          0.0        0          408      20475      3720       3628.43    2223.10
Global   23       5355         232          0.0        0          287      28761      3518       3412.65    2123.11

Total Statistics
Type     Time(s)  Ops          TPS(ops/s)   Net(M/s)   Get_miss   Min(us)  Max(us)    Avg(us)    Std_dev    Geo_dist  
Period   1        22927        22927        3.2        0          204      25711      3394       3431.50    2010.26
Global   23       531657       23115        3.1        0          183      59783      3386       3359.43    2021.09

[1;1H[2J
Get Statistics
Type     Time(s)  Ops          TPS(ops/s)   Net(M/s)   Get_miss   Min(us)  Max(us)    Avg(us)    Std_dev    Geo_dist  
Period   1        22134        22134        3.1        0          274      28304      3477       3558.46    2086.23
Global   24       548432       22851        3.0        0          183      59783      3388       3367.58    2022.79

Set Statistics
Type     Time(s)  Ops          TPS(ops/s)   Net(M/s)   Get_miss   Min(us)  Max(us)    Avg(us)    Std_dev    Geo_dist  
Period   1        227          227          0.0        0          511      12153      3750       3472.06    2293.98
Global   24       5582         232          0.0        0          287      28761      3527       3415.53    2129.81

Total Statistics
Type     Time(s)  Ops          TPS(ops/s)   Net(M/s)   Get_miss   Min(us)  Max(us)    Avg(us)    Std_dev    Geo_dist  
Period   1        22359        22359        3.2        0          274      28304      3480       3558.11    2090.51
Global   24       554016       23084        3.1        0          183      59783      3389       3368.52    2023.85

[1;1H[2J
Get Statistics
Type     Time(s)  Ops          TPS(ops/s)   Net(M/s)   Get_miss   Min(us)  Max(us)    Avg(us)    Std_dev    Geo_dist  
Period   1        23394        23394        3.1        0          215      20027      3322       3356.78    1949.04
Global   25       571826       22873        3.2        0          183      59783      3385       3367.48    2019.75

Set Statistics
Type     Time(s)  Ops          TPS(ops/s)   Net(M/s)   Get_miss   Min(us)  Max(us)    Avg(us)    Std_dev    Geo_dist  
Period   1        236          236          0.0        0          419      13377      3138       3322.51    1848.48
Global   25       5818         232          0.0        0          287      28761      3511       3412.61    2117.60

Total Statistics
Type     Time(s)  Ops          TPS(ops/s)   Net(M/s)   Get_miss   Min(us)  Max(us)    Avg(us)    Std_dev    Geo_dist  
Period   1        23629        23629        3.2        0          215      20027      3321       3355.74    1948.64
Global   25       577645       23105        3.2        0          183      59783      3387       3367.24    2020.72

[1;1H[2J
Get Statistics
Type     Time(s)  Ops          TPS(ops/s)   Net(M/s)   Get_miss   Min(us)  Max(us)    Avg(us)    Std_dev    Geo_dist  
Period   1        22303        22303        3.1        0          279      36951      3466       3827.03    2002.61
Global   26       594129       22851        3.1        0          183      59783      3388       3385.95    2019.13

Set Statistics
Type     Time(s)  Ops          TPS(ops/s)   Net(M/s)   Get_miss   Min(us)  Max(us)    Avg(us)    Std_dev    Geo_dist  
Period   1        224          224          0.0        0          410      36848      3390       4079.22    1910.57
Global   26       6042         232          0.0        0          287      36848      3507       3438.82    2109.54

Total Statistics
Type     Time(s)  Ops          TPS(ops/s)   Net(M/s)   Get_miss   Min(us)  Max(us)    Avg(us)    Std_dev    Geo_dist  
Period   1        22527        22527        3.2        0          279      36951      3465       3829.74    2001.67
Global   26       600172       23083        3.1        0          183      59783      3389       3386.71    2020.03

[1;1H[2J
Get Statistics
Type     Time(s)  Ops          TPS(ops/s)   Net(M/s)   Get_miss   Min(us)  Max(us)    Avg(us)    Std_dev    Geo_dist  
Period   1        23245        23245        3.1        0          292      19193      3324       3265.17    1994.03
Global   27       617374       22865        3.2        0          183      59783      3386       3381.10    2018.21

Set Statistics
Type     Time(s)  Ops          TPS(ops/s)   Net(M/s)   Get_miss   Min(us)  Max(us)    Avg(us)    Std_dev    Geo_dist  
Period   1        234          234          0.0        0          405      12433      3640       3445.31    2172.02
Global   27       6276         232          0.0        0          287      36848      3512       3438.84    2111.84

Total Statistics
Type     Time(s)  Ops          TPS(ops/s)   Net(M/s)   Get_miss   Min(us)  Max(us)    Avg(us)    Std_dev    Geo_dist  
Period   1        23479        23479        3.2        0          292      19193      3327       3266.44    1994.21
Global   27       623651       23098        3.2        0          183      59783      3387       3381.99    2019.14

[1;1H[2J
Get Statistics
Type     Time(s)  Ops          TPS(ops/s)   Net(M/s)   Get_miss   Min(us)  Max(us)    Avg(us)    Std_dev    Geo_dist  
Period   1        21262        21262        3.1        0          277      27470      3661       3537.79    2230.26
Global   28       638636       22808        2.9        0          183      59783      3395       3386.96    2024.97

Set Statistics
Type     Time(s)  Ops          TPS(ops/s)   Net(M/s)   Get_miss   Min(us)  Max(us)    Avg(us)    Std_dev    Geo_dist  
Period   1        218          218          0.0        0          344      18705      3747       3688.27    2298.93
Global   28       6494         231          0.0        0          287      36848      3520       3447.35    2117.86

Total Statistics
Type     Time(s)  Ops          TPS(ops/s)   Net(M/s)   Get_miss   Min(us)  Max(us)    Avg(us)    Std_dev    Geo_dist  
Period   1        21479        21479        3.2        0          277      27470      3662       3538.93    2230.82
Global   28       645130       23040        2.9        0          183      59783      3396       3387.85    2025.88

[1;1H[2J
Get Statistics
Type     Time(s)  Ops          TPS(ops/s)   Net(M/s)   Get_miss   Min(us)  Max(us)    Avg(us)    Std_dev    Geo_dist  
Period   1        22276        22276        3.1        0          231      43674      3450       3368.50    2122.18
Global   29       660912       22790        3.1        0          183      59783      3397       3386.21    2028.17

Set Statistics
Type     Time(s)  Ops          TPS(ops/s)   Net(M/s)   Get_miss   Min(us)  Max(us)    Avg(us)    Std_dev    Geo_dist  
Period   1        221          221          0.0        0          417      10057      3294       3158.47    2048.63
Global   29       6715         231          0.0        0          287      36848      3512       3438.82    2115.55

Total Statistics
Type     Time(s)  Ops          TPS(ops/s)   Net(M/s)   Get_miss   Min(us)  Max(us)    Avg(us)    Std_dev    Geo_dist  
Period   1        22499        22499        3.2        0          231      43674      3448       3367.36    2121.67
Global   29       667629       23021        3.1        0          183      59783      3398       3386.93    2029.04

[1;1H[2J
Get Statistics
Type     Time(s)  Ops          TPS(ops/s)   Net(M/s)   Get_miss   Min(us)  Max(us)    Avg(us)    Std_dev    Geo_dist  
Period   1        21467        21467        3.1        0          214      19869      3623       3333.33    2264.29
Global   30       682379       22745        2.9        0          183      59783      3404       3384.91    2035.23

Set Statistics
Type     Time(s)  Ops          TPS(ops/s)   Net(M/s)   Get_miss   Min(us)  Max(us)    Avg(us)    Std_dev    Geo_dist  
Period   1        221          221          0.0        0          345      12198      3659       3372.27    2292.28
Global   30       6936         231          0.0        0          287      36848      3517       3436.25    2120.96

Total Statistics
Type     Time(s)  Ops          TPS(ops/s)   Net(M/s)   Get_miss   Min(us)  Max(us)    Avg(us)    Std_dev    Geo_dist  
Period   1        21685        21685        3.2        0          214      19869      3623       3334.22    2266.07
Global   30       689314       22977        3.0        0          183      59783      3405       3385.59    2036.10

[1;1H[2J
Get Statistics
Type     Time(s)  Ops          TPS(ops/s)   Net(M/s)   Get_miss   Min(us)  Max(us)    Avg(us)    Std_dev    Geo_dist  
Period   1        21388        21388        3.1        0          250      28523      3642       3434.01    2224.78
Global   31       703767       22702        2.9        0          183      59783      3411       3386.89    2040.75

Set Statistics
Type     Time(s)  Ops          TPS(ops/s)   Net(M/s)   Get_miss   Min(us)  Max(us)    Avg(us)    Std_dev    Geo_dist  
Period   1        210          210          0.0        0          387      14179      3700       3450.53    2268.24
Global   31       7146         230          0.0        0          287      36848      3522       3436.96    2125.15

Total Statistics
Type     Time(s)  Ops          TPS(ops/s)   Net(M/s)   Get_miss   Min(us)  Max(us)    Avg(us)    Std_dev    Geo_dist  
Period   1        21600        21600        3.1        0          250      28523      3642       3434.47    2224.47
Global   31       710914       22932        3.0        0          183      59783      3412       3387.53    2041.58

[1;1H[2J
Get Statistics
Type     Time(s)  Ops          TPS(ops/s)   Net(M/s)   Get_miss   Min(us)  Max(us)    Avg(us)    Std_dev    Geo_dist  
Period   1        22018        22018        3.1        0          208      19146      3523       3233.01    2222.37
Global   32       725785       22680        3.0        0          183      59783      3415       3381.77    2046.06

Set Statistics
Type     Time(s)  Ops          TPS(ops/s)   Net(M/s)   Get_miss   Min(us)  Max(us)    Avg(us)    Std_dev    Geo_dist  
Period   1        222          222          0.0        0          424      10721      3209       3101.75    2053.52
Global   32       7368         230          0.0        0          287      36848      3513       3427.12    2122.96

Total Statistics
Type     Time(s)  Ops          TPS(ops/s)   Net(M/s)   Get_miss   Min(us)  Max(us)    Avg(us)    Std_dev    Geo_dist  
Period   1        22241        22241        3.1        0          208      19146      3520       3231.41    2220.42
Global   32       733155       22911        3.1        0          183      59783      3416       3382.22    2046.81

[1;1H[2J
Get Statistics
Type     Time(s)  Ops          TPS(ops/s)   Net(M/s)   Get_miss   Min(us)  Max(us)    Avg(us)    Std_dev    Geo_dist  
Period   1        20977        20977        3.1        0          241      20989      3698       3412.18    2285.29
Global   33       746762       22629        2.9        0          183      59783      3423       3382.90    2052.44

Set Statistics
Type     Time(s)  Ops          TPS(ops/s)   Net(M/s)   Get_miss   Min(us)  Max(us)    Avg(us)    Std_dev    Geo_dist  
Period   1        223          223          0.0        0          343      13553      3710       3430.08    2290.23
Global   33       7591         230          0.0        0          287      36848      3519       3426.92    2127.69

Total Statistics
Type     Time(s)  Ops          TPS(ops/s)   Net(M/s)   Get_miss   Min(us)  Max(us)    Avg(us)    Std_dev    Geo_dist  
Period   1        21199        21199        3.1        0          241      20989      3698       3412.98    2286.36
Global   33       754354       22859        2.9        0          183      59783      3424       3383.33    2053.19

[1;1H[2J
Get Statistics
Type     Time(s)  Ops          TPS(ops/s)   Net(M/s)   Get_miss   Min(us)  Max(us)    Avg(us)    Std_dev    Geo_dist  
Period   1        20890        20890        3.1        0          257      20328      3705       3421.74    2318.62
Global   34       767652       22578        2.9        0          183      59783      3430       3384.96    2059.29

Set Statistics
Type     Time(s)  Ops          TPS(ops/s)   Net(M/s)   Get_miss   Min(us)  Max(us)    Avg(us)    Std_dev    Geo_dist  
Period   1        201          201          0.0        0          499      11199      4039       3478.60    2558.32
Global   34       7792         229          0.0        0          287      36848      3532       3429.46    2137.83

Total Statistics
Type     Time(s)  Ops          TPS(ops/s)   Net(M/s)   Get_miss   Min(us)  Max(us)    Avg(us)    Std_dev    Geo_dist  
Period   1        21090        21090        3.1        0          257      20328      3708       3422.33    2320.66
Global   34       775444       22807        2.9        0          183      59783      3431       3385.45    2060.06

[1;1H[2J
Get Statistics
Type     Time(s)  Ops          TPS(ops/s)   Net(M/s)   Get_miss   Min(us)  Max(us)    Avg(us)    Std_dev    Geo_dist  
Period   1        21777        21777        3.1        0          268      18937      3543       3333.61    2206.13
Global   35       789429       22555        3.0        0          183      59783      3433       3383.73    2063.20

Set Statistics
Type     Time(s)  Ops          TPS(ops/s)   Net(M/s)   Get_miss   Min(us)  Max(us)    Avg(us)    Std_dev    Geo_dist  
Period   1        220          220          0.0        0          419      10861      3437       3283.79    2130.06
Global   35       8012         228          0.0        0          287      36848      3529       3425.78    2137.62

Total Statistics
Type     Time(s)  Ops          TPS(ops/s)   Net(M/s)   Get_miss   Min(us)  Max(us)    Avg(us)    Std_dev    Geo_dist  
Period   1        21999        21999        3.1        0          268      18937      3542       3333.37    2205.60
Global   35       797443       22784        3.0        0          183      59783      3434       3384.14    2063.95

[1;1H[2J
Get Statistics
Type     Time(s)  Ops          TPS(ops/s)   Net(M/s)   Get_miss   Min(us)  Max(us)    Avg(us)    Std_dev    Geo_dist  
Period   1        22037        22037        3.1        0          265      19505      3539       3292.13    2197.41
Global   36       811466       22540        3.0        0          183      59783      3436       3381.20    2066.76

Set Statistics
Type     Time(s)  Ops          TPS(ops/s)   Net(M/s)   Get_miss   Min(us)  Max(us)    Avg(us)    Std_dev    Geo_dist  
Period   1        223          223          0.0        0          361      11190      3302       3192.99    2069.51
Global   36       8235         228          0.0        0          287      36848      3523       3419.55    2135.75

Total Statistics
Type     Time(s)  Ops          TPS(ops/s)   Net(M/s)   Get_miss   Min(us)  Max(us)    Avg(us)    Std_dev    Geo_dist  
Period   1        22258        22258        3.1        0          265      19505      3537       3290.74    2196.73
Global   36       819701       22769        3.1        0          183      59783      3437       3381.47    2067.44

[1;1H[2J
Get Statistics
Type     Time(s)  Ops          TPS(ops/s)   Net(M/s)   Get_miss   Min(us)  Max(us)    Avg(us)    Std_dev    Geo_dist  
Period   1        22170        22170        3.1        0          280      27573      3478       3393.79    2092.10
Global   37       833636       22530        3.0        0          183      59783      3437       3381.66    2067.43

Set Statistics
Type     Time(s)  Ops          TPS(ops/s)   Net(M/s)   Get_miss   Min(us)  Max(us)    Avg(us)    Std_dev    Geo_dist  
Period   1        230          230          0.0        0          356      12827      3641       3465.09    2180.62
Global   37       8465         228          0.0        0          287      36848      3526       3420.86    2136.95

Total Statistics
Type     Time(s)  Ops          TPS(ops/s)   Net(M/s)   Get_miss   Min(us)  Max(us)    Avg(us)    Std_dev    Geo_dist  
Period   1        22402        22402        3.1        0          280      27573      3480       3394.56    2093.22
Global   37       842103       22759        3.1        0          183      59783      3438       3381.97    2068.12

[1;1H[2J
Get Statistics
Type     Time(s)  Ops          TPS(ops/s)   Net(M/s)   Get_miss   Min(us)  Max(us)    Avg(us)    Std_dev    Geo_dist  
Period   1        22595        22595        3.1        0          215      30108      3423       3413.04    2033.25
Global   38       856231       22532        3.1        0          183      59783      3437       3382.12    2066.54

Set Statistics
Type     Time(s)  Ops          TPS(ops/s)   Net(M/s)   Get_miss   Min(us)  Max(us)    Avg(us)    Std_dev    Geo_dist  
Period   1        227          227          0.0        0          263      10660      3149       3239.94    1876.08
Global   38       8692         228          0.0        0          263      36848      3517       3415.74    2129.70

Total Statistics
Type     Time(s)  Ops          TPS(ops/s)   Net(M/s)   Get_miss   Min(us)  Max(us)    Avg(us)    Std_dev    Geo_dist  
Period   1        22822        22822        3.1        0          215      30108      3419       3411.60    2029.24
Global   38       864925       22761        3.1        0          183      59783      3438       3382.28    2067.17

[1;1H[2J
Get Statistics
Type     Time(s)  Ops          TPS(ops/s)   Net(M/s)   Get_miss   Min(us)  Max(us)    Avg(us)    Std_dev    Geo_dist  
Period   1        22618        22618        3.1        0          233      43636      3442       3389.04    2064.96
Global   39       878849       22534        3.1        0          183      59783      3437       3382.44    2066.52

Set Statistics
Type     Time(s)  Ops          TPS(ops/s)   Net(M/s)   Get_miss   Min(us)  Max(us)    Avg(us)    Std_dev    Geo_dist  
Period   1        221          221          0.0        0          413      10462      3725       3373.28    2262.99
Global   39       8913         228          0.0        0          263      36848      3522       3414.82    2132.91

Total Statistics
Type     Time(s)  Ops          TPS(ops/s)   Net(M/s)   Get_miss   Min(us)  Max(us)    Avg(us)    Std_dev    Geo_dist  
Period   1        22839        22839        3.1        0          233      43636      3445       3388.67    2066.79
Global   39       887764       22763        3.1        0          183      59783      3438       3382.63    2067.18

[1;1H[2J
Get Statistics
Type     Time(s)  Ops          TPS(ops/s)   Net(M/s)   Get_miss   Min(us)  Max(us)    Avg(us)    Std_dev    Geo_dist  
Period   1        23197        23197        3.1        0          255      39083      3355       3365.55    1989.25
Global   40       902046       22551        3.2        0          183      59783      3435       3381.93    2064.52

Set Statistics
Type     Time(s)  Ops          TPS(ops/s)   Net(M/s)   Get_miss   Min(us)  Max(us)    Avg(us)    Std_dev    Geo_dist  
Period   1        235          235          0.0        0          457      13128      3586       3442.80    2163.02
Global   40       9148         228          0.0        0          263      36848      3523       3416.03    2133.68

Total Statistics
Type     Time(s)  Ops          TPS(ops/s)   Net(M/s)   Get_miss   Min(us)  Max(us)    Avg(us)    Std_dev    Geo_dist  
Period   1        23432        23432        3.1        0          255      39083      3358       3365.79    1990.94
Global   40       911196       22779        3.2        0          183      59783      3436       3382.17    2065.21

[1;1H[2J
Get Statistics
Type     Time(s)  Ops          TPS(ops/s)   Net(M/s)   Get_miss   Min(us)  Max(us)    Avg(us)    Std_dev    Geo_dist  
Period   1        21849        21849        3.1        0          242      51917      3561       4260.93    2049.04
Global   41       923895       22534        3.0        0          183      59783      3438       3405.38    2064.17

Set Statistics
Type     Time(s)  Ops          TPS(ops/s)   Net(M/s)   Get_miss   Min(us)  Max(us)    Avg(us)    Std_dev    Geo_dist  
Period   1        218          218          0.0        0          421      11271      3245       3230.31    2008.06
Global   41       9366         228          0.0        0          263      36848      3517       3411.43    2130.66

Total Statistics
Type     Time(s)  Ops          TPS(ops/s)   Net(M/s)   Get_miss   Min(us)  Max(us)    Avg(us)    Std_dev    Geo_dist  
Period   1        22069        22069        3.1        0          242      51917      3558       4252.30    2049.67
Global   41       933265       22762        3.0        0          183      59783      3439       3405.25    2064.84

[1;1H[2J
Get Statistics
Type     Time(s)  Ops          TPS(ops/s)   Net(M/s)   Get_miss   Min(us)  Max(us)    Avg(us)    Std_dev    Geo_dist  
Period   1        22124        22124        3.1        0          253      22214      3525       3395.99    2115.37
Global   42       946019       22524        3.0        0          183      59783      3440       3405.22    2065.37

Set Statistics
Type     Time(s)  Ops          TPS(ops/s)   Net(M/s)   Get_miss   Min(us)  Max(us)    Avg(us)    Std_dev    Geo_dist  
Period   1        228          228          0.0        0          378      21340      3719       3644.02    2223.96
Global   42       9594         228          0.0        0          263      36848      3522       3416.87    2132.84

Total Statistics
Type     Time(s)  Ops          TPS(ops/s)   Net(M/s)   Get_miss   Min(us)  Max(us)    Avg(us)    Std_dev    Geo_dist  
Period   1        22448        22448        3.1        0          253      22214      3539       3402.81    2124.59
Global   42       955713       22755        3.1        0          183      59783      3441       3405.58    2066.22

[1;1H[2J
Get Statistics
Type     Time(s)  Ops          TPS(ops/s)   Net(M/s)   Get_miss   Min(us)  Max(us)    Avg(us)    Std_dev    Geo_dist  
Period   1        23261        23261        3.1        0          248      27929      3328       3295.82    1979.66
Global   43       969280       22541        3.2        0          183      59783      3437       3402.99    2063.29

Set Statistics
Type     Time(s)  Ops          TPS(ops/s)   Net(M/s)   Get_miss   Min(us)  Max(us)    Avg(us)    Std_dev    Geo_dist  
Period   1        239          239          0.0        0          376      18146      2871       3198.12    1654.80
Global   43       9833         228          0.0        0          263      36848      3507       3413.07    2121.65

Total Statistics
Type     Time(s)  Ops          TPS(ops/s)   Net(M/s)   Get_miss   Min(us)  Max(us)    Avg(us)    Std_dev    Geo_dist  
Period   1        23402        23402        3.1        0          248      27929      3311       3290.18    1970.05
Global   43       979115       22770        3.2        0          183      59783      3438       3402.81    2063.87

[1;1H[2J
Get Statistics
Type     Time(s)  Ops          TPS(ops/s)   Net(M/s)   Get_miss   Min(us)  Max(us)    Avg(us)    Std_dev    Geo_dist  
Period   1        21597        21597        3.1        0          249      24556      3595       3372.46    2212.13
Global   44       990877       22519        3.0        0          183      59783      3441       3401.85    2066.44

Set Statistics
Type     Time(s)  Ops          TPS(ops/s)   Net(M/s)   Get_miss   Min(us)  Max(us)    Avg(us)    Std_dev    Geo_dist  
Period   1        217          217          0.0        0          395      19459      3683       3452.12    2343.49
Global   44       10050        228          0.0        0          263      36848      3510       3414.67    2126.21

Total Statistics
Type     Time(s)  Ops          TPS(ops/s)   Net(M/s)   Get_miss   Min(us)  Max(us)    Avg(us)    Std_dev    Geo_dist  
Period   1        21992        21992        3.1        0          249      24556      3601       3378.84    2212.71
Global   44       1001107      22752        3.0        0          183      59783      3442       3401.95    2067.03

[1;1H[2J
Get Statistics
Type     Time(s)  Ops          TPS(ops/s)   Net(M/s)   Get_miss   Min(us)  Max(us)    Avg(us)    Std_dev    Geo_dist  
Period   1        23490        23490        3.1        0          269      20956      3282       3241.08    1888.49
Global   45       1014367      22541        3.2        0          183      59783      3438       3398.49    2064.93

Set Statistics
Type     Time(s)  Ops          TPS(ops/s)   Net(M/s)   Get_miss   Min(us)  Max(us)    Avg(us)    Std_dev    Geo_dist  
Period   1        236          236          0.0        0          431      11170      3419       3285.79    2059.10
Global   45       10286        228          0.0        0          263      36848      3508       3411.55    2124.65

Total Statistics
Type     Time(s)  Ops          TPS(ops/s)   Net(M/s)   Get_miss   Min(us)  Max(us)    Avg(us)    Std_dev    Geo_dist  
Period   1        23550        23550        3.1        0          269      20956      3309       3241.44    2002.78
Global   45       1024657      22770        3.2        0          183      59783      3439       3398.34    2065.53

[1;1H[2J
Get Statistics
Type     Time(s)  Ops          TPS(ops/s)   Net(M/s)   Get_miss   Min(us)  Max(us)    Avg(us)    Std_dev    Geo_dist  
Period   1        23362        23362        3.1        0          255      24606      3313       3236.82    2033.43
Global   46       1037729      22559        3.2        0          183      59783      3435       3395.20    2064.29

Set Statistics
Type     Time(s)  Ops          TPS(ops/s)   Net(M/s)   Get_miss   Min(us)  Max(us)    Avg(us)    Std_dev    Geo_dist  
Period   1        233          233          0.0        0          440      24606      3835       3580.70    2389.57
Global   46       10519        228          0.0        0          263      36848      3516       3414.77    2130.18

Total Statistics
Type     Time(s)  Ops          TPS(ops/s)   Net(M/s)   Get_miss   Min(us)  Max(us)    Avg(us)    Std_dev    Geo_dist  
Period   1        23592        23592        3.1        0          255      24606      3319       3240.37    2038.66
Global   46       1048249      22788        3.2        0          183      59783      3436       3395.22    2064.94

[1;1H[2J
Get Statistics
Type     Time(s)  Ops          TPS(ops/s)   Net(M/s)   Get_miss   Min(us)  Max(us)    Avg(us)    Std_dev    Geo_dist  
Period   1        22533        22533        3.1        0          263      20284      3467       3291.53    2141.17
Global   47       1060262      22558        3.1        0          183      59783      3436       3392.72    2065.91

Set Statistics
Type     Time(s)  Ops          TPS(ops/s)   Net(M/s)   Get_miss   Min(us)  Max(us)    Avg(us)    Std_dev    Geo_dist  
Period   1        232          232          0.0        0          255      10423      3376       3162.39    2117.51
Global   47       10751        228          0.0        0          255      36848      3513       3409.42    2129.91

Total Statistics
Type     Time(s)  Ops          TPS(ops/s)   Net(M/s)   Get_miss   Min(us)  Max(us)    Avg(us)    Std_dev    Geo_dist  
Period   1        22766        22766        3.1        0          255      20284      3466       3289.76    2140.82
Global   47       1071015      22787        3.1        0          183      59783      3437       3392.66    2066.54

[1;1H[2J
Get Statistics
Type     Time(s)  Ops          TPS(ops/s)   Net(M/s)   Get_miss   Min(us)  Max(us)    Avg(us)    Std_dev    Geo_dist  
Period   1        23052        23052        3.1        0          210      19052      3364       3291.80    2007.95
Global   48       1083314      22569        3.2        0          183      59783      3434       3391.09    2064.67

Set Statistics
Type     Time(s)  Ops          TPS(ops/s)   Net(M/s)   Get_miss   Min(us)  Max(us)    Avg(us)    Std_dev    Geo_dist  
Period   1        231          231          0.0        0          516      10796      3165       3190.68    1909.47
Global   48       10982        228          0.0        0          255      36848      3505       3405.89    2125.02

Total Statistics
Type     Time(s)  Ops          TPS(ops/s)   Net(M/s)   Get_miss   Min(us)  Max(us)    Avg(us)    Std_dev    Geo_dist  
Period   1        23281        23281        3.1        0          210      19052      3362       3291.09    2007.60
Global   48       1094296      22797        3.2        0          183      59783      3435       3390.95    2065.27

[1;1H[2J
Get Statistics
Type     Time(s)  Ops          TPS(ops/s)   Net(M/s)   Get_miss   Min(us)  Max(us)    Avg(us)    Std_dev    Geo_dist  
Period   1        22662        22662        3.1        0          275      39399      3377       3452.27    1955.20
Global   49       1105976      22570        3.1        0          183      59783      3433       3392.19    2062.37

Set Statistics
Type     Time(s)  Ops          TPS(ops/s)   Net(M/s)   Get_miss   Min(us)  Max(us)    Avg(us)    Std_dev    Geo_dist  
Period   1        231          231          0.0        0          410      11255      4152       3584.63    2481.13
Global   49       11213        228          0.0        0          255      36848      3519       3410.05    2131.81

Total Statistics
Type     Time(s)  Ops          TPS(ops/s)   Net(M/s)   Get_miss   Min(us)  Max(us)    Avg(us)    Std_dev    Geo_dist  
Period   1        22894        22894        3.1        0          275      39399      3385       3454.45    1960.02
Global   49       1117190      22799        3.1        0          183      59783      3434       3392.25    2063.06

[1;1H[2J
Get Statistics
Type     Time(s)  Ops          TPS(ops/s)   Net(M/s)   Get_miss   Min(us)  Max(us)    Avg(us)    Std_dev    Geo_dist  
Period   1        22404        22404        3.1        0          268      20675      3457       3375.47    2081.60
Global   50       1128380      22567        3.1        0          183      59783      3434       3391.34    2062.77

Set Statistics
Type     Time(s)  Ops          TPS(ops/s)   Net(M/s)   Get_miss   Min(us)  Max(us)    Avg(us)    Std_dev    Geo_dist  
Period   1        221          221          0.0        0          475      10633      3419       3294.68    2074.34
Global   50       11434        228          0.0        0          255      36848      3517       3407.81    2130.69

Total Statistics
Type     Time(s)  Ops          TPS(ops/s)   Net(M/s)   Get_miss   Min(us)  Max(us)    Avg(us)    Std_dev    Geo_dist  
Period   1        22626        22626        3.1        0          268      20675      3457       3374.45    2081.65
Global   50       1139816      22796        3.1        0          183      59783      3434       3392.37    2063.44

[1;1H[2J
Get Statistics
Type     Time(s)  Ops          TPS(ops/s)   Net(M/s)   Get_miss   Min(us)  Max(us)    Avg(us)    Std_dev    Geo_dist  
Period   1        21978        21978        3.1        0          193      28113      3532       3410.63    2147.48
Global   51       1150358      22556        3.0        0          183      59783      3435       3392.62    2064.37

Set Statistics
Type     Time(s)  Ops          TPS(ops/s)   Net(M/s)   Get_miss   Min(us)  Max(us)    Avg(us)    Std_dev    Geo_dist  
Period   1        223          223          0.0        0          346      10854      3905       3542.45    2364.94
Global   51       11657        228          0.0        0          255      36848      3524       3411.13    2134.94

Total Statistics
Type     Time(s)  Ops          TPS(ops/s)   Net(M/s)   Get_miss   Min(us)  Max(us)    Avg(us)    Std_dev    Geo_dist  
Period   1        22199        22199        3.1        0          193      28113      3536       3411.79    2150.19
Global   51       1162015      22784        3.0        0          183      59783      3436       3392.71    2065.06

[1;1H[2J
Get Statistics
Type     Time(s)  Ops          TPS(ops/s)   Net(M/s)   Get_miss   Min(us)  Max(us)    Avg(us)    Std_dev    Geo_dist  
Period   1        21802        21802        3.1        0          269      19528      3550       3387.54    2140.29
Global   52       1172160      22541        3.0        0          183      59783      3438       3391.69    2065.76

Set Statistics
Type     Time(s)  Ops          TPS(ops/s)   Net(M/s)   Get_miss   Min(us)  Max(us)    Avg(us)    Std_dev    Geo_dist  
Period   1        221          221          0.0        0          397      12653      3911       3438.46    2420.62
Global   52       11878        228          0.0        0          255      36848      3531       3412.10    2139.94

Total Statistics
Type     Time(s)  Ops          TPS(ops/s)   Net(M/s)   Get_miss   Min(us)  Max(us)    Avg(us)    Std_dev    Geo_dist  
Period   1        22027        22027        3.1        0          269      19528      3555       3387.76    2143.44
Global   52       1184042      22770        3.0        0          183      59783      3439       3391.86    2066.50

[1;1H[2J
Get Statistics
Type     Time(s)  Ops          TPS(ops/s)   Net(M/s)   Get_miss   Min(us)  Max(us)    Avg(us)    Std_dev    Geo_dist  
Period   1        21246        21246        3.1        0          281      28174      3643       3377.35    2270.19
Global   53       1193406      22517        2.9        0          183      59783      3441       3392.21    2069.24

Set Statistics
Type     Time(s)  Ops          TPS(ops/s)   Net(M/s)   Get_miss   Min(us)  Max(us)    Avg(us)    Std_dev    Geo_dist  
Period   1        215          215          0.0        0          570      11539      3537       3246.09    2252.42
Global   53       12093        228          0.0        0          255      36848      3531       3409.21    2141.89

Total Statistics
Type     Time(s)  Ops          TPS(ops/s)   Net(M/s)   Get_miss   Min(us)  Max(us)    Avg(us)    Std_dev    Geo_dist  
Period   1        21457        21457        3.1        0          281      28174      3641       3376.38    2270.43
Global   53       1205499      22745        2.9        0          183      59783      3442       3392.29    2069.96

[1;1H[2J
Get Statistics
Type     Time(s)  Ops          TPS(ops/s)   Net(M/s)   Get_miss   Min(us)  Max(us)    Avg(us)    Std_dev    Geo_dist  
Period   1        20882        20882        3.1        0          228      31625      3760       3543.99    2297.33
Global   54       1214288      22486        2.9        0          183      59783      3447       3394.61    2072.97

Set Statistics
Type     Time(s)  Ops          TPS(ops/s)   Net(M/s)   Get_miss   Min(us)  Max(us)    Avg(us)    Std_dev    Geo_dist  
Period   1        212          212          0.0        0          293      14121      3627       3356.20    2291.04
Global   54       12305        227          0.0        0          255      36848      3533       3407.83    2144.37

Total Statistics
Type     Time(s)  Ops          TPS(ops/s)   Net(M/s)   Get_miss   Min(us)  Max(us)    Avg(us)    Std_dev    Geo_dist  
Period   1        21096        21096        3.1        0          228      31625      3759       3542.26    2297.54
Global   54       1226595      22714        2.9        0          183      59783      3448       3394.62    2073.68

[1;1H[2J
Get Statistics
Type     Time(s)  Ops          TPS(ops/s)   Net(M/s)   Get_miss   Min(us)  Max(us)    Avg(us)    Std_dev    Geo_dist  
Period   1        21961        21961        3.1        0          236      18641      3540       3349.24    2155.07
Global   55       1236249      22477        3.0        0          183      59783      3448       3394.50    2074.41

Set Statistics
Type     Time(s)  Ops          TPS(ops/s)   Net(M/s)   Get_miss   Min(us)  Max(us)    Avg(us)    Std_dev    Geo_dist  
Period   1        223          223          0.0        0          549      11245      3713       3436.44    2305.80
Global   55       12528        227          0.0        0          255      36848      3536       3408.50    2147.15

Total Statistics
Type     Time(s)  Ops          TPS(ops/s)   Net(M/s)   Get_miss   Min(us)  Max(us)    Avg(us)    Std_dev    Geo_dist  
Period   1        22183        22183        3.1        0          236      18641      3542       3349.90    2157.28
Global   55       1248778      22705        3.0        0          183      59783      3449       3394.53    2075.13

[1;1H[2J
Get Statistics
Type     Time(s)  Ops          TPS(ops/s)   Net(M/s)   Get_miss   Min(us)  Max(us)    Avg(us)    Std_dev    Geo_dist  
Period   1        21757        21757        3.1        0          252      19970      3562       3274.80    2250.68
Global   56       1258006      22464        3.0        0          183      59783      3450       3392.47    2077.36

Set Statistics
Type     Time(s)  Ops          TPS(ops/s)   Net(M/s)   Get_miss   Min(us)  Max(us)    Avg(us)    Std_dev    Geo_dist  
Period   1        219          219          0.0        0          408      10110      3632       3267.67    2328.88
Global   56       12747        227          0.0        0          255      36848      3538       3405.66    2150.15

Total Statistics
Type     Time(s)  Ops          TPS(ops/s)   Net(M/s)   Get_miss   Min(us)  Max(us)    Avg(us)    Std_dev    Geo_dist  
Period   1        21980        21980        3.1        0          252      19970      3563       3275.31    2251.95
Global   56       1270758      22692        3.0        0          183      59783      3451       3392.52    2078.09

[1;1H[2J
Get Statistics
Type     Time(s)  Ops          TPS(ops/s)   Net(M/s)   Get_miss   Min(us)  Max(us)    Avg(us)    Std_dev    Geo_dist  
Period   1        22270        22270        3.1        0          252      20162      3468       3398.00    2097.85
Global   57       1280276      22460        3.1        0          183      59783      3451       3391.90    2077.77

Set Statistics
Type     Time(s)  Ops          TPS(ops/s)   Net(M/s)   Get_miss   Min(us)  Max(us)    Avg(us)    Std_dev    Geo_dist  
Period   1        229          229          0.0        0          335      18121      3800       3494.02    2326.79
Global   57       12976        227          0.0        0          255      36848      3543       3406.89    2153.14

Total Statistics
Type     Time(s)  Ops          TPS(ops/s)   Net(M/s)   Get_miss   Min(us)  Max(us)    Avg(us)    Std_dev    Geo_dist  
Period   1        22496        22496        3.1        0          252      20162      3473       3398.19    2103.03
Global   57       1293254      22688        3.1        0          183      59783      3452       3391.99    2078.52

[1;1H[2J
Get Statistics
Type     Time(s)  Ops          TPS(ops/s)   Net(M/s)   Get_miss   Min(us)  Max(us)    Avg(us)    Std_dev    Geo_dist  
Period   1        21760        21760        3.1        0          219      30847      3573       3457.89    2173.05
Global   58       1302036      22448        3.0        0          183      59783      3453       3393.10    2079.36

Set Statistics
Type     Time(s)  Ops          TPS(ops/s)   Net(M/s)   Get_miss   Min(us)  Max(us)    Avg(us)    Std_dev    Geo_dist  
Period   1        211          211          0.0        0          330      20157      3973       3829.81    2366.57
Global   58       13187        227          0.0        0          255      36848      3549       3415.25    2156.40

Total Statistics
Type     Time(s)  Ops          TPS(ops/s)   Net(M/s)   Get_miss   Min(us)  Max(us)    Avg(us)    Std_dev    Geo_dist  
Period   1        21971        21971        3.1        0          219      30847      3577       3461.98    2175.71
Global   58       1315225      22676        3.0        0          183      59783      3454       3393.30    2080.12

[1;1H[2J
Get Statistics
Type     Time(s)  Ops          TPS(ops/s)   Net(M/s)   Get_miss   Min(us)  Max(us)    Avg(us)    Std_dev    Geo_dist  
Period   1        22229        22229        3.1        0          234      68143      3493       3542.19    2076.21
Global   59       1324265      22445        3.1        0          183      68143      3453       3396.34    2079.32

Set Statistics
Type     Time(s)  Ops          TPS(ops/s)   Net(M/s)   Get_miss   Min(us)  Max(us)    Avg(us)    Std_dev    Geo_dist  
Period   1        226          226          0.0        0          340      16319      3878       3488.48    2372.75
Global   59       13413        227          0.0        0          255      36848      3555       3416.15    2159.88

Total Statistics
Type     Time(s)  Ops          TPS(ops/s)   Net(M/s)   Get_miss   Min(us)  Max(us)    Avg(us)    Std_dev    Geo_dist  
Period   1        22454        22454        3.1        0          234      68143      3497       3541.84    2079.71
Global   59       1337679      22672        3.1        0          183      68143      3454       3396.58    2080.11

[1;1H[2J
Get Statistics
Type     Time(s)  Ops          TPS(ops/s)   Net(M/s)   Get_miss   Min(us)  Max(us)    Avg(us)    Std_dev    Geo_dist  
Period   1        22869        22869        3.1        0          292      21309      3397       3408.04    2024.24
Global   60       1347134      22452        3.1        0          183      68143      3452       3396.61    2078.38

Set Statistics
Type     Time(s)  Ops          TPS(ops/s)   Net(M/s)   Get_miss   Min(us)  Max(us)    Avg(us)    Std_dev    Geo_dist  
Period   1        232          232          0.0        0          462      14091      3455       3304.87    2122.87
Global   60       13645        227          0.0        0          255      36848      3553       3414.50    2159.24

Total Statistics
Type     Time(s)  Ops          TPS(ops/s)   Net(M/s)   Get_miss   Min(us)  Max(us)    Avg(us)    Std_dev    Geo_dist  
Period   1        23102        23102        3.1        0          292      21309      3397       3407.02    2024.96
Global   60       1360781      22679        3.2        0          183      68143      3453       3396.81    2079.18

Get Statistics (1347213 events)
   Min:       183
   Max:     68143
   Avg:      3453
   Geo:   2078.53
   Std:   3395.99
   Log2 Dist:
       8:       87    23153   429404   378038
      12:    73915   297795   142008     2677
      16:      134        2

Set Statistics (13647 events)
   Min:       255
   Max:     36848
   Avg:      3554
   Geo:   2159.69
   Std:   3414.70
   Log2 Dist:
       8:        1      211     4019     4009
      12:      791     2897     1695       23
      16:        1

Total Statistics (1360860 events)
   Min:       183
   Max:     68143
   Avg:      3454
   Geo:   2079.33
   Std:   3396.20
   Log2 Dist:
       8:       88    23364   433423   382047
      12:    74706   300692   143703     2700
      16:      135        2

cmd_get: 1347291
cmd_set: 13647
get_misses: 0
written_bytes: 31822206
read_bytes: 222399321
object_bytes: 1965168

Run time: 60.6s Ops: 1360938 TPS: 22475 Net_rate: 4.0M/s
