servers : 10.0.0.11:9000
threads count: 34
concurrency: 34
run time: 60s
windows size: 10k
set proportion: set_prop=0.01
get proportion: get_prop=0.99
[1;1H[2J
Get Statistics
Type     Time(s)  Ops          TPS(ops/s)   Net(M/s)   Get_miss   Min(us)  Max(us)    Avg(us)    Std_dev    Geo_dist  
Period   1        16017        16017        2.2        0          183      14252      2097       2585.81    1223.54
Global   1        16017        16017        2.2        0          183      14252      2097       2585.81    1223.54

Set Statistics
Type     Time(s)  Ops          TPS(ops/s)   Net(M/s)   Get_miss   Min(us)  Max(us)    Avg(us)    Std_dev    Geo_dist  
Period   1        176          176          0.0        0          359      8620       1758       2167.60    1147.74
Global   1        176          176          0.0        0          359      8620       1758       2167.60    1147.74

Total Statistics
Type     Time(s)  Ops          TPS(ops/s)   Net(M/s)   Get_miss   Min(us)  Max(us)    Avg(us)    Std_dev    Geo_dist  
Period   1        16195        16195        2.2        0          183      14252      2093       2581.82    1222.63
Global   1        16195        16195        2.2        0          183      14252      2093       2581.82    1222.63

[1;1H[2J
Get Statistics
Type     Time(s)  Ops          TPS(ops/s)   Net(M/s)   Get_miss   Min(us)  Max(us)    Avg(us)    Std_dev    Geo_dist  
Period   1        15555        15555        2.2        0          210      28176      2145       2949.12    1247.23
Global   2        31572        15786        2.1        0          183      28176      2121       2770.56    1235.42

Set Statistics
Type     Time(s)  Ops          TPS(ops/s)   Net(M/s)   Get_miss   Min(us)  Max(us)    Avg(us)    Std_dev    Geo_dist  
Period   1        161          161          0.0        0          219      20233      1993       2738.01    1205.89
Global   2        337          168          0.0        0          219      20233      1870       2455.98    1175.16

Total Statistics
Type     Time(s)  Ops          TPS(ops/s)   Net(M/s)   Get_miss   Min(us)  Max(us)    Avg(us)    Std_dev    Geo_dist  
Period   1        15714        15714        2.2        0          210      28176      2144       2946.87    1247.40
Global   2        31909        15954        2.2        0          183      28176      2118       2767.78    1234.76

[1;1H[2J
Get Statistics
Type     Time(s)  Ops          TPS(ops/s)   Net(M/s)   Get_miss   Min(us)  Max(us)    Avg(us)    Std_dev    Geo_dist  
Period   1        16949        16949        2.2        0          193      10473      1990       2377.88    1242.43
Global   3        48521        16173        2.3        0          183      28176      2075       2640.94    1237.86

Set Statistics
Type     Time(s)  Ops          TPS(ops/s)   Net(M/s)   Get_miss   Min(us)  Max(us)    Avg(us)    Std_dev    Geo_dist  
Period   1        170          170          0.0        0          311      10144      2118       2532.73    1295.48
Global   3        507          169          0.0        0          219      20233      1953       2482.36    1214.20

Total Statistics
Type     Time(s)  Ops          TPS(ops/s)   Net(M/s)   Get_miss   Min(us)  Max(us)    Avg(us)    Std_dev    Geo_dist  
Period   1        17119        17119        2.2        0          193      10473      1991       2379.65    1242.94
Global   3        49028        16342        2.4        0          183      28176      2074       2639.15    1237.61

[1;1H[2J
Get Statistics
Type     Time(s)  Ops          TPS(ops/s)   Net(M/s)   Get_miss   Min(us)  Max(us)    Avg(us)    Std_dev    Geo_dist  
Period   1        17227        17227        2.3        0          192      19433      1960       2443.66    1177.23
Global   4        65748        16437        2.4        0          183      28176      2045       2591.07    1221.68

Set Statistics
Type     Time(s)  Ops          TPS(ops/s)   Net(M/s)   Get_miss   Min(us)  Max(us)    Avg(us)    Std_dev    Geo_dist  
Period   1        170          170          0.0        0          320      9820       1874       2414.13    1146.21
Global   4        677          169          0.0        0          219      20233      1934       2463.21    1196.76

Total Statistics
Type     Time(s)  Ops          TPS(ops/s)   Net(M/s)   Get_miss   Min(us)  Max(us)    Avg(us)    Std_dev    Geo_dist  
Period   1        17398        17398        2.3        0          192      19433      1960       2443.28    1177.05
Global   4        66426        16606        2.4        0          183      28176      2044       2589.86    1221.46

[1;1H[2J
Get Statistics
Type     Time(s)  Ops          TPS(ops/s)   Net(M/s)   Get_miss   Min(us)  Max(us)    Avg(us)    Std_dev    Geo_dist  
Period   1        17216        17216        2.3        0          205      12074      1959       2385.15    1217.54
Global   5        82964        16592        2.4        0          183      28176      2027       2550.21    1220.95

Set Statistics
Type     Time(s)  Ops          TPS(ops/s)   Net(M/s)   Get_miss   Min(us)  Max(us)    Avg(us)    Std_dev    Geo_dist  
Period   1        179          179          0.0        0          329      9041       1824       2283.33    1152.79
Global   5        856          171          0.0        0          219      20233      1911       2425.81    1187.43

Total Statistics
Type     Time(s)  Ops          TPS(ops/s)   Net(M/s)   Get_miss   Min(us)  Max(us)    Avg(us)    Std_dev    Geo_dist  
Period   1        17394        17394        2.3        0          205      12074      1957       2382.54    1215.48
Global   5        83820        16764        2.4        0          183      28176      2026       2548.84    1220.61

[1;1H[2J
Get Statistics
Type     Time(s)  Ops          TPS(ops/s)   Net(M/s)   Get_miss   Min(us)  Max(us)    Avg(us)    Std_dev    Geo_dist  
Period   1        17653        17653        2.3        0          233      10052      1914       2403.21    1162.67
Global   6        100617       16769        2.4        0          183      28176      2007       2525.53    1210.52

Set Statistics
Type     Time(s)  Ops          TPS(ops/s)   Net(M/s)   Get_miss   Min(us)  Max(us)    Avg(us)    Std_dev    Geo_dist  
Period   1        175          175          0.0        0          378      8913       2005       2463.89    1222.77
Global   6        1031         171          0.0        0          219      20233      1927       2431.33    1193.36

Total Statistics
Type     Time(s)  Ops          TPS(ops/s)   Net(M/s)   Get_miss   Min(us)  Max(us)    Avg(us)    Std_dev    Geo_dist  
Period   1        17828        17828        2.3        0          233      10052      1914       2404.47    1163.25
Global   6        101648       16941        2.4        0          183      28176      2007       2523.95    1210.34

[1;1H[2J
Get Statistics
Type     Time(s)  Ops          TPS(ops/s)   Net(M/s)   Get_miss   Min(us)  Max(us)    Avg(us)    Std_dev    Geo_dist  
Period   1        16855        16855        2.3        0          169      11568      1991       2574.05    1151.81
Global   7        117472       16781        2.3        0          169      28176      2005       2532.31    1201.92

Set Statistics
Type     Time(s)  Ops          TPS(ops/s)   Net(M/s)   Get_miss   Min(us)  Max(us)    Avg(us)    Std_dev    Geo_dist  
Period   1        173          173          0.0        0          313      10745      2024       2658.47    1139.97
Global   7        1204         172          0.0        0          219      20233      1941       2464.28    1185.53

Total Statistics
Type     Time(s)  Ops          TPS(ops/s)   Net(M/s)   Get_miss   Min(us)  Max(us)    Avg(us)    Std_dev    Geo_dist  
Period   1        17028        17028        2.3        0          169      11568      1992       2574.33    1151.69
Global   7        118676       16953        2.3        0          169      28176      2004       2531.91    1201.75

[1;1H[2J
Get Statistics
Type     Time(s)  Ops          TPS(ops/s)   Net(M/s)   Get_miss   Min(us)  Max(us)    Avg(us)    Std_dev    Geo_dist  
Period   1        17500        17500        2.3        0          233      18324      1916       2506.17    1148.05
Global   8        134972       16871        2.4        0          169      28176      1994       2528.68    1194.79

Set Statistics
Type     Time(s)  Ops          TPS(ops/s)   Net(M/s)   Get_miss   Min(us)  Max(us)    Avg(us)    Std_dev    Geo_dist  
Period   1        177          177          0.0        0          357      20081      2235       2885.64    1306.30
Global   8        1381         172          0.0        0          219      20233      1978       2523.51    1200.37

Total Statistics
Type     Time(s)  Ops          TPS(ops/s)   Net(M/s)   Get_miss   Min(us)  Max(us)    Avg(us)    Std_dev    Geo_dist  
Period   1        17677        17677        2.3        0          233      20081      1919       2510.51    1149.53
Global   8        136353       17044        2.4        0          169      28176      1993       2529.28    1194.85

[1;1H[2J
Get Statistics
Type     Time(s)  Ops          TPS(ops/s)   Net(M/s)   Get_miss   Min(us)  Max(us)    Avg(us)    Std_dev    Geo_dist  
Period   1        17455        17455        2.3        0          178      11370      1939       2434.78    1160.37
Global   9        152427       16936        2.4        0          169      28176      1987       2518.71    1190.80

Set Statistics
Type     Time(s)  Ops          TPS(ops/s)   Net(M/s)   Get_miss   Min(us)  Max(us)    Avg(us)    Std_dev    Geo_dist  
Period   1        175          175          0.0        0          336      8621       1971       2516.81    1154.79
Global   9        1556         172          0.0        0          219      20233      1977       2522.12    1195.15

Total Statistics
Type     Time(s)  Ops          TPS(ops/s)   Net(M/s)   Get_miss   Min(us)  Max(us)    Avg(us)    Std_dev    Geo_dist  
Period   1        17630        17630        2.3        0          178      11370      1939       2435.79    1160.31
Global   9        153983       17109        2.4        0          169      28176      1987       2518.66    1190.84

[1;1H[2J
Get Statistics
Type     Time(s)  Ops          TPS(ops/s)   Net(M/s)   Get_miss   Min(us)  Max(us)    Avg(us)    Std_dev    Geo_dist  
Period   1        17122        17122        2.3        0          221      22184      1961       2605.54    1119.83
Global   10       169549       16954        2.4        0          169      28176      1985       2527.13    1183.43

Set Statistics
Type     Time(s)  Ops          TPS(ops/s)   Net(M/s)   Get_miss   Min(us)  Max(us)    Avg(us)    Std_dev    Geo_dist  
Period   1        174          174          0.0        0          347      8683       1976       2578.39    1128.99
Global   10       1730         173          0.0        0          219      20233      1977       2527.00    1188.33

Total Statistics
Type     Time(s)  Ops          TPS(ops/s)   Net(M/s)   Get_miss   Min(us)  Max(us)    Avg(us)    Std_dev    Geo_dist  
Period   1        17296        17296        2.4        0          221      22184      1961       2605.31    1119.92
Global   10       171279       17127        2.4        0          169      28176      1984       2527.84    1183.48

[1;1H[2J
Get Statistics
Type     Time(s)  Ops          TPS(ops/s)   Net(M/s)   Get_miss   Min(us)  Max(us)    Avg(us)    Std_dev    Geo_dist  
Period   1        17509        17509        2.3        0          191      11938      1932       2450.30    1157.92
Global   11       187058       17005        2.4        0          169      28176      1980       2520.11    1181.02

Set Statistics
Type     Time(s)  Ops          TPS(ops/s)   Net(M/s)   Get_miss   Min(us)  Max(us)    Avg(us)    Std_dev    Geo_dist  
Period   1        176          176          0.0        0          297      9822       1804       2276.24    1132.45
Global   11       1906         173          0.0        0          219      20233      1961       2504.86    1183.05

Total Statistics
Type     Time(s)  Ops          TPS(ops/s)   Net(M/s)   Get_miss   Min(us)  Max(us)    Avg(us)    Std_dev    Geo_dist  
Period   1        17685        17685        2.4        0          191      11938      1931       2448.39    1157.66
Global   11       188964       17178        2.4        0          169      28176      1979       2520.58    1181.04

[1;1H[2J
Get Statistics
Type     Time(s)  Ops          TPS(ops/s)   Net(M/s)   Get_miss   Min(us)  Max(us)    Avg(us)    Std_dev    Geo_dist  
Period   1        16890        16890        2.3        0          217      37905      1984       2794.53    1191.62
Global   12       203948       16995        2.3        0          169      37905      1980       2544.21    1181.89

Set Statistics
Type     Time(s)  Ops          TPS(ops/s)   Net(M/s)   Get_miss   Min(us)  Max(us)    Avg(us)    Std_dev    Geo_dist  
Period   1        171          171          0.0        0          248      11185      1828       2254.43    1165.25
Global   12       2077         173          0.0        0          219      20233      1950       2485.01    1181.58

Total Statistics
Type     Time(s)  Ops          TPS(ops/s)   Net(M/s)   Get_miss   Min(us)  Max(us)    Avg(us)    Std_dev    Geo_dist  
Period   1        17063        17063        2.4        0          217      37905      1982       2789.70    1191.21
Global   12       206027       17168        2.3        0          169      37905      1980       2543.36    1181.88

[1;1H[2J
Get Statistics
Type     Time(s)  Ops          TPS(ops/s)   Net(M/s)   Get_miss   Min(us)  Max(us)    Avg(us)    Std_dev    Geo_dist  
Period   1        17495        17495        2.3        0          201      11894      1924       2472.35    1139.93
Global   13       221443       17034        2.4        0          169      37905      1976       2538.31    1178.59

Set Statistics
Type     Time(s)  Ops          TPS(ops/s)   Net(M/s)   Get_miss   Min(us)  Max(us)    Avg(us)    Std_dev    Geo_dist  
Period   1        177          177          0.0        0          261      9341       2058       2590.90    1191.52
Global   13       2254         173          0.0        0          219      20233      1959       2492.65    1182.35

Total Statistics
Type     Time(s)  Ops          TPS(ops/s)   Net(M/s)   Get_miss   Min(us)  Max(us)    Avg(us)    Std_dev    Geo_dist  
Period   1        17672        17672        2.4        0          201      11894      1926       2473.04    1141.34
Global   13       223699       17207        2.4        0          169      37905      1975       2538.48    1178.62

[1;1H[2J
Get Statistics
Type     Time(s)  Ops          TPS(ops/s)   Net(M/s)   Get_miss   Min(us)  Max(us)    Avg(us)    Std_dev    Geo_dist  
Period   1        17265        17265        2.3        0          217      18638      1950       2472.23    1181.18
Global   14       238708       17050        2.4        0          169      37905      1974       2533.69    1178.84

Set Statistics
Type     Time(s)  Ops          TPS(ops/s)   Net(M/s)   Get_miss   Min(us)  Max(us)    Avg(us)    Std_dev    Geo_dist  
Period   1        176          176          0.0        0          302      9121       1655       2082.23    1093.14
Global   14       2430         173          0.0        0          219      20233      1937       2466.09    1175.65

Total Statistics
Type     Time(s)  Ops          TPS(ops/s)   Net(M/s)   Get_miss   Min(us)  Max(us)    Avg(us)    Std_dev    Geo_dist  
Period   1        17439        17439        2.4        0          217      18638      1947       2468.97    1181.22
Global   14       241138       17224        2.4        0          169      37905      1973       2533.51    1178.81

[1;1H[2J
Get Statistics
Type     Time(s)  Ops          TPS(ops/s)   Net(M/s)   Get_miss   Min(us)  Max(us)    Avg(us)    Std_dev    Geo_dist  
Period   1        17669        17669        2.3        0          217      10362      1910       2402.79    1162.04
Global   15       256377       17091        2.4        0          169      37905      1969       2525.39    1177.68

Set Statistics
Type     Time(s)  Ops          TPS(ops/s)   Net(M/s)   Get_miss   Min(us)  Max(us)    Avg(us)    Std_dev    Geo_dist  
Period   1        177          177          0.0        0          311      9497       2104       2524.07    1273.78
Global   15       2607         173          0.0        0          219      20233      1948       2470.20    1182.07

Total Statistics
Type     Time(s)  Ops          TPS(ops/s)   Net(M/s)   Get_miss   Min(us)  Max(us)    Avg(us)    Std_dev    Geo_dist  
Period   1        17847        17847        2.4        0          217      10362      1912       2403.86    1163.08
Global   15       258985       17265        2.5        0          169      37905      1969       2524.67    1177.72

[1;1H[2J
Get Statistics
Type     Time(s)  Ops          TPS(ops/s)   Net(M/s)   Get_miss   Min(us)  Max(us)    Avg(us)    Std_dev    Geo_dist  
Period   1        17130        17130        2.3        0          209      18254      1965       2534.07    1171.88
Global   16       273507       17094        2.4        0          169      37905      1969       2525.74    1177.34

Set Statistics
Type     Time(s)  Ops          TPS(ops/s)   Net(M/s)   Get_miss   Min(us)  Max(us)    Avg(us)    Std_dev    Geo_dist  
Period   1        173          173          0.0        0          268      17637      1933       2637.00    1134.11
Global   16       2780         173          0.0        0          219      20233      1947       2480.47    1179.03

Total Statistics
Type     Time(s)  Ops          TPS(ops/s)   Net(M/s)   Get_miss   Min(us)  Max(us)    Avg(us)    Std_dev    Geo_dist  
Period   1        17303        17303        2.4        0          209      18254      1965       2534.84    1172.01
Global   16       276288       17268        2.4        0          169      37905      1969       2525.11    1177.36

[1;1H[2J
Get Statistics
Type     Time(s)  Ops          TPS(ops/s)   Net(M/s)   Get_miss   Min(us)  Max(us)    Avg(us)    Std_dev    Geo_dist  
Period   1        17326        17326        2.3        0          194      17585      1939       2524.97    1162.41
Global   17       290833       17107        2.4        0          169      37905      1967       2525.87    1176.45

Set Statistics
Type     Time(s)  Ops          TPS(ops/s)   Net(M/s)   Get_miss   Min(us)  Max(us)    Avg(us)    Std_dev    Geo_dist  
Period   1        176          176          0.0        0          338      9045       1967       2470.33    1170.26
Global   17       2956         173          0.0        0          219      20233      1948       2479.60    1178.50

Total Statistics
Type     Time(s)  Ops          TPS(ops/s)   Net(M/s)   Get_miss   Min(us)  Max(us)    Avg(us)    Std_dev    Geo_dist  
Period   1        17501        17501        2.4        0          194      17585      1940       2523.88    1162.45
Global   17       293789       17281        2.4        0          169      37905      1967       2525.25    1176.47

[1;1H[2J
Get Statistics
Type     Time(s)  Ops          TPS(ops/s)   Net(M/s)   Get_miss   Min(us)  Max(us)    Avg(us)    Std_dev    Geo_dist  
Period   1        17225        17225        2.4        0          193      11535      1963       2420.90    1197.73
Global   18       308058       17114        2.4        0          169      37905      1967       2519.93    1177.63

Set Statistics
Type     Time(s)  Ops          TPS(ops/s)   Net(M/s)   Get_miss   Min(us)  Max(us)    Avg(us)    Std_dev    Geo_dist  
Period   1        175          175          0.0        0          352      9286       2096       2517.09    1266.88
Global   18       3131         173          0.0        0          219      20233      1957       2480.96    1183.28

Total Statistics
Type     Time(s)  Ops          TPS(ops/s)   Net(M/s)   Get_miss   Min(us)  Max(us)    Avg(us)    Std_dev    Geo_dist  
Period   1        17400        17400        2.4        0          193      11535      1964       2422.13    1198.41
Global   18       311189       17288        2.4        0          169      37905      1967       2519.46    1177.69

[1;1H[2J
Get Statistics
Type     Time(s)  Ops          TPS(ops/s)   Net(M/s)   Get_miss   Min(us)  Max(us)    Avg(us)    Std_dev    Geo_dist  
Period   1        16318        16318        2.3        0          180      10172      2065       2512.63    1226.53
Global   19       324376       17072        2.2        0          169      37905      1972       2519.60    1180.04

Set Statistics
Type     Time(s)  Ops          TPS(ops/s)   Net(M/s)   Get_miss   Min(us)  Max(us)    Avg(us)    Std_dev    Geo_dist  
Period   1        165          165          0.0        0          292      8432       1708       2107.05    1110.65
Global   19       3296         173          0.0        0          219      20233      1944       2464.34    1179.53

Total Statistics
Type     Time(s)  Ops          TPS(ops/s)   Net(M/s)   Get_miss   Min(us)  Max(us)    Avg(us)    Std_dev    Geo_dist  
Period   1        16485        16485        2.4        0          180      10172      2062       2508.38    1225.22
Global   19       327674       17246        2.3        0          169      37905      1972       2518.82    1180.03

[1;1H[2J
Get Statistics
Type     Time(s)  Ops          TPS(ops/s)   Net(M/s)   Get_miss   Min(us)  Max(us)    Avg(us)    Std_dev    Geo_dist  
Period   1        16934        16934        2.3        0          176      10709      1989       2414.96    1192.13
Global   20       341310       17065        2.3        0          169      37905      1973       2514.39    1180.66

Set Statistics
Type     Time(s)  Ops          TPS(ops/s)   Net(M/s)   Get_miss   Min(us)  Max(us)    Avg(us)    Std_dev    Geo_dist  
Period   1        170          170          0.0        0          249      10286      1913       2373.15    1164.99
Global   20       3466         173          0.0        0          219      20233      1943       2459.21    1178.81

Total Statistics
Type     Time(s)  Ops          TPS(ops/s)   Net(M/s)   Get_miss   Min(us)  Max(us)    Avg(us)    Std_dev    Geo_dist  
Period   1        17102        17102        2.4        0          176      10709      1989       2414.10    1192.39
Global   20       344776       17238        2.3        0          169      37905      1973       2513.60    1180.64

[1;1H[2J
Get Statistics
Type     Time(s)  Ops          TPS(ops/s)   Net(M/s)   Get_miss   Min(us)  Max(us)    Avg(us)    Std_dev    Geo_dist  
Period   1        16582        16582        2.3        0          187      11735      2029       2450.46    1224.25
Global   21       357892       17042        2.3        0          169      37905      1975       2511.95    1182.65

Set Statistics
Type     Time(s)  Ops          TPS(ops/s)   Net(M/s)   Get_miss   Min(us)  Max(us)    Avg(us)    Std_dev    Geo_dist  
Period   1        163          163          0.0        0          338      11566      1984       2411.28    1205.25
Global   21       3629         172          0.0        0          219      20233      1944       2457.43    1179.99

Total Statistics
Type     Time(s)  Ops          TPS(ops/s)   Net(M/s)   Get_miss   Min(us)  Max(us)    Avg(us)    Std_dev    Geo_dist  
Period   1        16745        16745        2.4        0          187      11735      2029       2449.65    1224.07
Global   21       361521       17215        2.3        0          169      37905      1975       2511.17    1182.62

[1;1H[2J
Get Statistics
Type     Time(s)  Ops          TPS(ops/s)   Net(M/s)   Get_miss   Min(us)  Max(us)    Avg(us)    Std_dev    Geo_dist  
Period   1        17184        17184        2.3        0          175      12540      1964       2528.00    1126.03
Global   22       375076       17048        2.4        0          169      37905      1975       2512.29    1179.99

Set Statistics
Type     Time(s)  Ops          TPS(ops/s)   Net(M/s)   Get_miss   Min(us)  Max(us)    Avg(us)    Std_dev    Geo_dist  
Period   1        178          178          0.0        0          301      11752      1785       2290.50    1105.62
Global   22       3807         173          0.0        0          219      20233      1937       2449.48    1176.40

Total Statistics
Type     Time(s)  Ops          TPS(ops/s)   Net(M/s)   Get_miss   Min(us)  Max(us)    Avg(us)    Std_dev    Geo_dist  
Period   1        17362        17362        2.4        0          175      12540      1963       2525.04    1125.82
Global   22       378883       17221        2.4        0          169      37905      1975       2511.37    1179.95

[1;1H[2J
Get Statistics
Type     Time(s)  Ops          TPS(ops/s)   Net(M/s)   Get_miss   Min(us)  Max(us)    Avg(us)    Std_dev    Geo_dist  
Period   1        17765        17765        2.3        0          204      17616      1890       2545.82    1068.70
Global   23       392841       17080        2.4        0          169      37905      1971       2514.00    1174.72

Set Statistics
Type     Time(s)  Ops          TPS(ops/s)   Net(M/s)   Get_miss   Min(us)  Max(us)    Avg(us)    Std_dev    Geo_dist  
Period   1        177          177          0.0        0          325      9518       2131       2745.51    1146.64
Global   23       3984         173          0.0        0          219      20233      1946       2463.03    1175.06

Total Statistics
Type     Time(s)  Ops          TPS(ops/s)   Net(M/s)   Get_miss   Min(us)  Max(us)    Avg(us)    Std_dev    Geo_dist  
Period   1        17942        17942        2.4        0          204      17616      1893       2547.44    1069.44
Global   23       396825       17253        2.5        0          169      37905      1971       2513.29    1174.72

[1;1H[2J
Get Statistics
Type     Time(s)  Ops          TPS(ops/s)   Net(M/s)   Get_miss   Min(us)  Max(us)    Avg(us)    Std_dev    Geo_dist  
Period   1        17289        17289        2.3        0          206      18033      1960       2564.39    1114.95
Global   24       410130       17088        2.4        0          169      37905      1971       2515.78    1172.13

Set Statistics
Type     Time(s)  Ops          TPS(ops/s)   Net(M/s)   Get_miss   Min(us)  Max(us)    Avg(us)    Std_dev    Geo_dist  
Period   1        175          175          0.0        0          311      9018       2062       2541.73    1201.29
Global   24       4159         173          0.0        0          219      20233      1951       2466.10    1176.16

Total Statistics
Type     Time(s)  Ops          TPS(ops/s)   Net(M/s)   Get_miss   Min(us)  Max(us)    Avg(us)    Std_dev    Geo_dist  
Period   1        17464        17464        2.4        0          206      18033      1961       2564.13    1115.78
Global   24       414289       17262        2.4        0          169      37905      1970       2515.91    1172.17

[1;1H[2J
Get Statistics
Type     Time(s)  Ops          TPS(ops/s)   Net(M/s)   Get_miss   Min(us)  Max(us)    Avg(us)    Std_dev    Geo_dist  
Period   1        16913        16913        2.3        0          199      17690      1974       2620.18    1102.82
Global   25       427043       17081        2.3        0          169      37905      1971       2520.09    1169.31

Set Statistics
Type     Time(s)  Ops          TPS(ops/s)   Net(M/s)   Get_miss   Min(us)  Max(us)    Avg(us)    Std_dev    Geo_dist  
Period   1        172          172          0.0        0          233      17478      2347       3019.83    1207.11
Global   25       4331         173          0.0        0          219      20233      1966       2491.79    1177.37

Total Statistics
Type     Time(s)  Ops          TPS(ops/s)   Net(M/s)   Get_miss   Min(us)  Max(us)    Avg(us)    Std_dev    Geo_dist  
Period   1        17087        17087        2.4        0          199      17690      1978       2625.39    1104.06
Global   25       431376       17255        2.3        0          169      37905      1971       2519.80    1169.40

[1;1H[2J
Get Statistics
Type     Time(s)  Ops          TPS(ops/s)   Net(M/s)   Get_miss   Min(us)  Max(us)    Avg(us)    Std_dev    Geo_dist  
Period   1        16978        16978        2.3        0          220      18004      1983       2583.72    1172.16
Global   26       444021       17077        2.3        0          169      37905      1971       2522.93    1169.44

Set Statistics
Type     Time(s)  Ops          TPS(ops/s)   Net(M/s)   Get_miss   Min(us)  Max(us)    Avg(us)    Std_dev    Geo_dist  
Period   1        172          172          0.0        0          331      12005      1863       2500.03    1140.04
Global   26       4503         173          0.0        0          219      20233      1962       2491.96    1175.92

Total Statistics
Type     Time(s)  Ops          TPS(ops/s)   Net(M/s)   Get_miss   Min(us)  Max(us)    Avg(us)    Std_dev    Geo_dist  
Period   1        17148        17148        2.4        0          220      18004      1981       2583.12    1172.19
Global   26       448524       17250        2.4        0          169      37905      1971       2522.55    1169.50

[1;1H[2J
Get Statistics
Type     Time(s)  Ops          TPS(ops/s)   Net(M/s)   Get_miss   Min(us)  Max(us)    Avg(us)    Std_dev    Geo_dist  
Period   1        16362        16362        2.3        0          207      47122      2069       3150.15    1202.64
Global   27       460383       17051        2.2        0          169      47122      1975       2547.53    1170.60

Set Statistics
Type     Time(s)  Ops          TPS(ops/s)   Net(M/s)   Get_miss   Min(us)  Max(us)    Avg(us)    Std_dev    Geo_dist  
Period   1        163          163          0.0        0          247      8803       2112       2675.91    1196.23
Global   27       4666         172          0.0        0          219      20233      1968       2497.86    1176.62

Total Statistics
Type     Time(s)  Ops          TPS(ops/s)   Net(M/s)   Get_miss   Min(us)  Max(us)    Avg(us)    Std_dev    Geo_dist  
Period   1        16525        16525        2.4        0          207      47122      2069       3146.03    1202.58
Global   27       465049       17224        2.3        0          169      47122      1975       2546.98    1170.66

[1;1H[2J
Get Statistics
Type     Time(s)  Ops          TPS(ops/s)   Net(M/s)   Get_miss   Min(us)  Max(us)    Avg(us)    Std_dev    Geo_dist  
Period   1        16263        16263        2.3        0          146      9699       2070       2609.66    1201.78
Global   28       476646       17023        2.2        0          146      47122      1978       2549.91    1171.65

Set Statistics
Type     Time(s)  Ops          TPS(ops/s)   Net(M/s)   Get_miss   Min(us)  Max(us)    Avg(us)    Std_dev    Geo_dist  
Period   1        165          165          0.0        0          248      9199       2368       2852.94    1316.96
Global   28       4831         172          0.0        0          219      20233      1981       2512.06    1181.16

Total Statistics
Type     Time(s)  Ops          TPS(ops/s)   Net(M/s)   Get_miss   Min(us)  Max(us)    Avg(us)    Std_dev    Geo_dist  
Period   1        16428        16428        2.4        0          146      9699       2073       2612.28    1202.88
Global   28       481477       17195        2.3        0          146      47122      1978       2549.56    1171.75

[1;1H[2J
Get Statistics
Type     Time(s)  Ops          TPS(ops/s)   Net(M/s)   Get_miss   Min(us)  Max(us)    Avg(us)    Std_dev    Geo_dist  
Period   1        17792        17792        2.3        0          218      10158      1886       2419.75    1119.94
Global   29       494438       17049        2.4        0          146      47122      1975       2545.16    1169.75

Set Statistics
Type     Time(s)  Ops          TPS(ops/s)   Net(M/s)   Get_miss   Min(us)  Max(us)    Avg(us)    Std_dev    Geo_dist  
Period   1        179          179          0.0        0          337      9923       1935       2504.03    1121.25
Global   29       5010         172          0.0        0          219      20233      1980       2511.03    1178.97

Total Statistics
Type     Time(s)  Ops          TPS(ops/s)   Net(M/s)   Get_miss   Min(us)  Max(us)    Avg(us)    Std_dev    Geo_dist  
Period   1        17971        17971        2.4        0          218      10158      1887       2420.14    1119.95
Global   29       499448       17222        2.5        0          146      47122      1975       2544.86    1169.84

[1;1H[2J
Get Statistics
Type     Time(s)  Ops          TPS(ops/s)   Net(M/s)   Get_miss   Min(us)  Max(us)    Avg(us)    Std_dev    Geo_dist  
Period   1        17763        17763        2.3        0          168      13346      1884       2468.55    1110.96
Global   30       512201       17073        2.4        0          146      47122      1972       2542.47    1167.66

Set Statistics
Type     Time(s)  Ops          TPS(ops/s)   Net(M/s)   Get_miss   Min(us)  Max(us)    Avg(us)    Std_dev    Geo_dist  
Period   1        180          180          0.0        0          334      9426       1719       2282.55    1072.50
Global   30       5190         173          0.0        0          219      20233      1971       2503.67    1175.10

Total Statistics
Type     Time(s)  Ops          TPS(ops/s)   Net(M/s)   Get_miss   Min(us)  Max(us)    Avg(us)    Std_dev    Geo_dist  
Period   1        17943        17943        2.4        0          168      13346      1883       2466.25    1110.57
Global   30       517391       17246        2.5        0          146      47122      1972       2542.08    1167.74

[1;1H[2J
Get Statistics
Type     Time(s)  Ops          TPS(ops/s)   Net(M/s)   Get_miss   Min(us)  Max(us)    Avg(us)    Std_dev    Geo_dist  
Period   1        17748        17748        2.3        0          196      10210      1900       2441.61    1126.39
Global   31       529949       17095        2.4        0          146      47122      1969       2539.65    1166.26

Set Statistics
Type     Time(s)  Ops          TPS(ops/s)   Net(M/s)   Get_miss   Min(us)  Max(us)    Avg(us)    Std_dev    Geo_dist  
Period   1        178          178          0.0        0          248      10018      1997       2585.93    1154.63
Global   31       5368         173          0.0        0          219      20233      1971       2506.87    1174.42

Total Statistics
Type     Time(s)  Ops          TPS(ops/s)   Net(M/s)   Get_miss   Min(us)  Max(us)    Avg(us)    Std_dev    Geo_dist  
Period   1        17928        17928        2.4        0          196      10210      1900       2443.57    1126.62
Global   31       535319       17268        2.5        0          146      47122      1969       2539.33    1166.34

[1;1H[2J
Get Statistics
Type     Time(s)  Ops          TPS(ops/s)   Net(M/s)   Get_miss   Min(us)  Max(us)    Avg(us)    Std_dev    Geo_dist  
Period   1        16906        16906        2.3        0          198      10186      1995       2475.70    1190.09
Global   32       546855       17089        2.3        0          146      47122      1970       2537.54    1167.00

Set Statistics
Type     Time(s)  Ops          TPS(ops/s)   Net(M/s)   Get_miss   Min(us)  Max(us)    Avg(us)    Std_dev    Geo_dist  
Period   1        170          170          0.0        0          298      8931       1895       2429.97    1115.34
Global   32       5538         173          0.0        0          219      20233      1969       2504.10    1172.56

Total Statistics
Type     Time(s)  Ops          TPS(ops/s)   Net(M/s)   Get_miss   Min(us)  Max(us)    Avg(us)    Std_dev    Geo_dist  
Period   1        17074        17074        2.4        0          198      10186      1994       2475.43    1189.85
Global   32       552393       17262        2.3        0          146      47122      1970       2537.20    1167.06

[1;1H[2J
Get Statistics
Type     Time(s)  Ops          TPS(ops/s)   Net(M/s)   Get_miss   Min(us)  Max(us)    Avg(us)    Std_dev    Geo_dist  
Period   1        17234        17234        2.3        0          208      11818      1940       2461.63    1164.06
Global   33       564089       17093        2.4        0          146      47122      1969       2535.33    1166.91

Set Statistics
Type     Time(s)  Ops          TPS(ops/s)   Net(M/s)   Get_miss   Min(us)  Max(us)    Avg(us)    Std_dev    Geo_dist  
Period   1        176          176          0.0        0          321      9324       1870       2366.09    1140.49
Global   33       5714         173          0.0        0          219      20233      1966       2499.79    1171.56

Total Statistics
Type     Time(s)  Ops          TPS(ops/s)   Net(M/s)   Get_miss   Min(us)  Max(us)    Avg(us)    Std_dev    Geo_dist  
Period   1        17410        17410        2.4        0          208      11818      1940       2460.07    1163.82
Global   33       569803       17266        2.4        0          146      47122      1969       2534.95    1166.96

[1;1H[2J
Get Statistics
Type     Time(s)  Ops          TPS(ops/s)   Net(M/s)   Get_miss   Min(us)  Max(us)    Avg(us)    Std_dev    Geo_dist  
Period   1        16483        16483        2.3        0          197      12071      2053       2612.24    1178.80
Global   34       580572       17075        2.3        0          146      47122      1971       2537.88    1167.25

Set Statistics
Type     Time(s)  Ops          TPS(ops/s)   Net(M/s)   Get_miss   Min(us)  Max(us)    Avg(us)    Std_dev    Geo_dist  
Period   1        164          164          0.0        0          365      8936       2292       2782.97    1290.36
Global   34       5878         172          0.0        0          219      20233      1975       2508.51    1174.72

Total Statistics
Type     Time(s)  Ops          TPS(ops/s)   Net(M/s)   Get_miss   Min(us)  Max(us)    Avg(us)    Std_dev    Geo_dist  
Period   1        16652        16652        2.4        0          197      12071      2055       2613.67    1179.70
Global   34       586455       17248        2.3        0          146      47122      1971       2537.60    1167.32

[1;1H[2J
Get Statistics
Type     Time(s)  Ops          TPS(ops/s)   Net(M/s)   Get_miss   Min(us)  Max(us)    Avg(us)    Std_dev    Geo_dist  
Period   1        16870        16870        2.3        0          224      17305      1993       2467.56    1216.92
Global   35       597442       17069        2.3        0          146      47122      1972       2535.63    1168.67

Set Statistics
Type     Time(s)  Ops          TPS(ops/s)   Net(M/s)   Get_miss   Min(us)  Max(us)    Avg(us)    Std_dev    Geo_dist  
Period   1        172          172          0.0        0          329      16531      2083       2654.93    1225.10
Global   35       6050         172          0.0        0          219      20233      1978       2512.68    1176.12

Total Statistics
Type     Time(s)  Ops          TPS(ops/s)   Net(M/s)   Get_miss   Min(us)  Max(us)    Avg(us)    Std_dev    Geo_dist  
Period   1        17037        17037        2.4        0          224      17305      1995       2469.17    1219.06
Global   35       603492       17242        2.3        0          146      47122      1972       2535.44    1168.75

[1;1H[2J
Get Statistics
Type     Time(s)  Ops          TPS(ops/s)   Net(M/s)   Get_miss   Min(us)  Max(us)    Avg(us)    Std_dev    Geo_dist  
Period   1        17357        17357        2.3        0          194      11236      1936       2444.58    1166.68
Global   36       614799       17077        2.4        0          146      47122      1971       2533.09    1168.62

Set Statistics
Type     Time(s)  Ops          TPS(ops/s)   Net(M/s)   Get_miss   Min(us)  Max(us)    Avg(us)    Std_dev    Geo_dist  
Period   1        177          177          0.0        0          292      11223      1983       2540.71    1174.71
Global   36       6227         172          0.0        0          219      20233      1978       2513.39    1176.08

Total Statistics
Type     Time(s)  Ops          TPS(ops/s)   Net(M/s)   Get_miss   Min(us)  Max(us)    Avg(us)    Std_dev    Geo_dist  
Period   1        17534        17534        2.4        0          194      11236      1936       2445.87    1166.76
Global   36       621026       17250        2.4        0          146      47122      1971       2532.95    1168.69

[1;1H[2J
Get Statistics
Type     Time(s)  Ops          TPS(ops/s)   Net(M/s)   Get_miss   Min(us)  Max(us)    Avg(us)    Std_dev    Geo_dist  
Period   1        17301        17301        2.3        0          179      11248      1937       2418.34    1166.04
Global   37       632100       17083        2.4        0          146      47122      1970       2530.08    1168.55

Set Statistics
Type     Time(s)  Ops          TPS(ops/s)   Net(M/s)   Get_miss   Min(us)  Max(us)    Avg(us)    Std_dev    Geo_dist  
Period   1        177          177          0.0        0          271      9248       2502       2872.66    1383.98
Global   37       6404         173          0.0        0          219      20233      1993       2524.81    1181.39

Total Statistics
Type     Time(s)  Ops          TPS(ops/s)   Net(M/s)   Get_miss   Min(us)  Max(us)    Avg(us)    Std_dev    Geo_dist  
Period   1        17480        17480        2.4        0          179      11248      1944       2424.08    1168.32
Global   37       638506       17256        2.4        0          146      47122      1970       2530.23    1168.68

[1;1H[2J
Get Statistics
Type     Time(s)  Ops          TPS(ops/s)   Net(M/s)   Get_miss   Min(us)  Max(us)    Avg(us)    Std_dev    Geo_dist  
Period   1        16939        16939        2.3        0          196      11216      1998       2536.85    1179.02
Global   38       649039       17079        2.3        0          146      47122      1971       2530.08    1168.85

Set Statistics
Type     Time(s)  Ops          TPS(ops/s)   Net(M/s)   Get_miss   Min(us)  Max(us)    Avg(us)    Std_dev    Geo_dist  
Period   1        168          168          0.0        0          344      10434      2125       2634.35    1250.97
Global   38       6572         172          0.0        0          219      20233      1996       2527.84    1183.12

Total Statistics
Type     Time(s)  Ops          TPS(ops/s)   Net(M/s)   Get_miss   Min(us)  Max(us)    Avg(us)    Std_dev    Geo_dist  
Period   1        17105        17105        2.4        0          196      11216      1998       2537.03    1178.83
Global   38       655611       17252        2.3        0          146      47122      1971       2530.26    1168.99

[1;1H[2J
Get Statistics
Type     Time(s)  Ops          TPS(ops/s)   Net(M/s)   Get_miss   Min(us)  Max(us)    Avg(us)    Std_dev    Geo_dist  
Period   1        15782        15782        2.3        0          202      37270      2128       3053.33    1221.20
Global   39       664821       17046        2.2        0          146      47122      1975       2543.65    1170.07

Set Statistics
Type     Time(s)  Ops          TPS(ops/s)   Net(M/s)   Get_miss   Min(us)  Max(us)    Avg(us)    Std_dev    Geo_dist  
Period   1        162          162          0.0        0          313      8142       1882       2239.00    1188.00
Global   39       6734         172          0.0        0          219      20233      1993       2521.39    1183.23

Total Statistics
Type     Time(s)  Ops          TPS(ops/s)   Net(M/s)   Get_miss   Min(us)  Max(us)    Avg(us)    Std_dev    Geo_dist  
Period   1        15944        15944        2.4        0          202      37270      2126       3045.85    1220.86
Global   39       671555       17219        2.2        0          146      47122      1975       2543.57    1170.20

[1;1H[2J
Get Statistics
Type     Time(s)  Ops          TPS(ops/s)   Net(M/s)   Get_miss   Min(us)  Max(us)    Avg(us)    Std_dev    Geo_dist  
Period   1        17041        17041        2.3        0          199      11880      1976       2518.48    1155.84
Global   40       681862       17046        2.3        0          146      47122      1975       2543.04    1169.71

Set Statistics
Type     Time(s)  Ops          TPS(ops/s)   Net(M/s)   Get_miss   Min(us)  Max(us)    Avg(us)    Std_dev    Geo_dist  
Period   1        167          167          0.0        0          281      9147       2027       2579.27    1164.60
Global   40       6901         172          0.0        0          219      20233      1994       2522.48    1182.78

Total Statistics
Type     Time(s)  Ops          TPS(ops/s)   Net(M/s)   Get_miss   Min(us)  Max(us)    Avg(us)    Std_dev    Geo_dist  
Period   1        17208        17208        2.4        0          199      11880      1976       2519.40    1155.93
Global   40       688763       17219        2.4        0          146      47122      1975       2542.98    1169.84

[1;1H[2J
Get Statistics
Type     Time(s)  Ops          TPS(ops/s)   Net(M/s)   Get_miss   Min(us)  Max(us)    Avg(us)    Std_dev    Geo_dist  
Period   1        18002        18002        2.3        0          219      12094      1862       2456.61    1061.99
Global   41       699864       17069        2.5        0          146      47122      1972       2540.99    1166.81

Set Statistics
Type     Time(s)  Ops          TPS(ops/s)   Net(M/s)   Get_miss   Min(us)  Max(us)    Avg(us)    Std_dev    Geo_dist  
Period   1        186          186          0.0        0          252      9913       1925       2459.51    1121.29
Global   41       7087         172          0.0        0          219      20233      1992       2520.86    1181.12

Total Statistics
Type     Time(s)  Ops          TPS(ops/s)   Net(M/s)   Get_miss   Min(us)  Max(us)    Avg(us)    Std_dev    Geo_dist  
Period   1        18188        18188        2.4        0          219      12094      1863       2456.32    1062.58
Global   41       706951       17242        2.5        0          146      47122      1972       2540.94    1166.95

[1;1H[2J
Get Statistics
Type     Time(s)  Ops          TPS(ops/s)   Net(M/s)   Get_miss   Min(us)  Max(us)    Avg(us)    Std_dev    Geo_dist  
Period   1        17905        17905        2.3        0          202      13498      1876       2334.60    1129.69
Global   42       717769       17089        2.5        0          146      47122      1969       2536.56    1165.86

Set Statistics
Type     Time(s)  Ops          TPS(ops/s)   Net(M/s)   Get_miss   Min(us)  Max(us)    Avg(us)    Std_dev    Geo_dist  
Period   1        177          177          0.0        0          273      8459       1837       2201.80    1156.17
Global   42       7264         172          0.0        0          219      20233      1989       2512.93    1180.51

Total Statistics
Type     Time(s)  Ops          TPS(ops/s)   Net(M/s)   Get_miss   Min(us)  Max(us)    Avg(us)    Std_dev    Geo_dist  
Period   1        18082        18082        2.4        0          202      13498      1875       2333.78    1129.94
Global   42       725033       17262        2.5        0          146      47122      1970       2535.70    1166.01

[1;1H[2J
Get Statistics
Type     Time(s)  Ops          TPS(ops/s)   Net(M/s)   Get_miss   Min(us)  Max(us)    Avg(us)    Std_dev    Geo_dist  
Period   1        17022        17022        2.3        0          172      18380      1981       2498.26    1167.49
Global   43       734791       17088        2.3        0          146      47122      1970       2535.12    1165.90

Set Statistics
Type     Time(s)  Ops          TPS(ops/s)   Net(M/s)   Get_miss   Min(us)  Max(us)    Avg(us)    Std_dev    Geo_dist  
Period   1        171          171          0.0        0          264      10335      2475       2914.63    1368.73
Global   43       7435         172          0.0        0          219      20233      2000       2523.85    1184.53

Total Statistics
Type     Time(s)  Ops          TPS(ops/s)   Net(M/s)   Get_miss   Min(us)  Max(us)    Avg(us)    Std_dev    Geo_dist  
Period   1        17195        17195        2.4        0          172      18380      1986       2503.02    1169.46
Global   43       742228       17261        2.4        0          146      47122      1970       2535.24    1166.09

[1;1H[2J
Get Statistics
Type     Time(s)  Ops          TPS(ops/s)   Net(M/s)   Get_miss   Min(us)  Max(us)    Avg(us)    Std_dev    Geo_dist  
Period   1        16764        16764        2.3        0          207      12717      2007       2565.16    1152.60
Global   44       751555       17080        2.3        0          146      47122      1970       2536.44    1165.62

Set Statistics
Type     Time(s)  Ops          TPS(ops/s)   Net(M/s)   Get_miss   Min(us)  Max(us)    Avg(us)    Std_dev    Geo_dist  
Period   1        174          174          0.0        0          277      12537      2121       2769.76    1188.00
Global   44       7609         172          0.0        0          219      20233      2003       2529.43    1184.61

Total Statistics
Type     Time(s)  Ops          TPS(ops/s)   Net(M/s)   Get_miss   Min(us)  Max(us)    Avg(us)    Std_dev    Geo_dist  
Period   1        16936        16936        2.4        0          207      12717      2008       2567.56    1153.37
Global   44       759164       17253        2.3        0          146      47122      1971       2535.85    1165.80

[1;1H[2J
Get Statistics
Type     Time(s)  Ops          TPS(ops/s)   Net(M/s)   Get_miss   Min(us)  Max(us)    Avg(us)    Std_dev    Geo_dist  
Period   1        17090        17090        2.3        0          190      9422       1961       2475.71    1143.74
Global   45       768645       17081        2.3        0          146      47122      1970       2534.95    1165.13

Set Statistics
Type     Time(s)  Ops          TPS(ops/s)   Net(M/s)   Get_miss   Min(us)  Max(us)    Avg(us)    Std_dev    Geo_dist  
Period   1        174          174          0.0        0          320      9196       1986       2527.90    1146.96
Global   45       7783         172          0.0        0          219      20233      2002       2529.72    1183.76

Total Statistics
Type     Time(s)  Ops          TPS(ops/s)   Net(M/s)   Get_miss   Min(us)  Max(us)    Avg(us)    Std_dev    Geo_dist  
Period   1        17264        17264        2.4        0          190      9422       1961       2476.37    1143.77
Global   45       776428       17253        2.4        0          146      47122      1971       2534.37    1165.31

[1;1H[2J
Get Statistics
Type     Time(s)  Ops          TPS(ops/s)   Net(M/s)   Get_miss   Min(us)  Max(us)    Avg(us)    Std_dev    Geo_dist  
Period   1        17230        17230        2.3        0          192      11591      1958       2528.81    1156.38
Global   46       785875       17084        2.4        0          146      47122      1970       2534.61    1164.93

Set Statistics
Type     Time(s)  Ops          TPS(ops/s)   Net(M/s)   Get_miss   Min(us)  Max(us)    Avg(us)    Std_dev    Geo_dist  
Period   1        172          172          0.0        0          306      8190       1913       2466.57    1142.74
Global   46       7955         172          0.0        0          219      20233      2000       2528.31    1182.85

Total Statistics
Type     Time(s)  Ops          TPS(ops/s)   Net(M/s)   Get_miss   Min(us)  Max(us)    Avg(us)    Std_dev    Geo_dist  
Period   1        17402        17402        2.4        0          192      11591      1958       2527.79    1156.25
Global   46       793830       17257        2.4        0          146      47122      1970       2534.78    1165.11

[1;1H[2J
Get Statistics
Type     Time(s)  Ops          TPS(ops/s)   Net(M/s)   Get_miss   Min(us)  Max(us)    Avg(us)    Std_dev    Geo_dist  
Period   1        17013        17013        2.3        0          220      11373      1978       2485.41    1176.04
Global   47       802888       17082        2.3        0          146      47122      1970       2533.70    1165.17

Set Statistics
Type     Time(s)  Ops          TPS(ops/s)   Net(M/s)   Get_miss   Min(us)  Max(us)    Avg(us)    Std_dev    Geo_dist  
Period   1        175          175          0.0        0          272      8163       1836       2398.84    1080.41
Global   47       8130         172          0.0        0          219      20233      1997       2525.15    1180.55

Total Statistics
Type     Time(s)  Ops          TPS(ops/s)   Net(M/s)   Get_miss   Min(us)  Max(us)    Avg(us)    Std_dev    Geo_dist  
Period   1        17188        17188        2.4        0          220      11373      1977       2484.16    1175.03
Global   47       811018       17255        2.4        0          146      47122      1970       2533.83    1165.32

[1;1H[2J
Get Statistics
Type     Time(s)  Ops          TPS(ops/s)   Net(M/s)   Get_miss   Min(us)  Max(us)    Avg(us)    Std_dev    Geo_dist  
Period   1        17104        17104        2.3        0          192      11411      1961       2540.53    1140.95
Global   48       819992       17083        2.3        0          146      47122      1970       2533.70    1164.66

Set Statistics
Type     Time(s)  Ops          TPS(ops/s)   Net(M/s)   Get_miss   Min(us)  Max(us)    Avg(us)    Std_dev    Geo_dist  
Period   1        170          170          0.0        0          341      9061       2183       2673.26    1271.10
Global   48       8300         172          0.0        0          219      20233      2001       2528.09    1182.34

Total Statistics
Type     Time(s)  Ops          TPS(ops/s)   Net(M/s)   Get_miss   Min(us)  Max(us)    Avg(us)    Std_dev    Geo_dist  
Period   1        17274        17274        2.4        0          192      11411      1963       2542.03    1142.16
Global   48       828292       17256        2.4        0          146      47122      1970       2533.89    1164.83

[1;1H[2J
Get Statistics
Type     Time(s)  Ops          TPS(ops/s)   Net(M/s)   Get_miss   Min(us)  Max(us)    Avg(us)    Std_dev    Geo_dist  
Period   1        17326        17326        2.3        0          196      11050      1950       2506.03    1132.22
Global   49       837318       17088        2.4        0          146      47122      1970       2532.81    1163.98

Set Statistics
Type     Time(s)  Ops          TPS(ops/s)   Net(M/s)   Get_miss   Min(us)  Max(us)    Avg(us)    Std_dev    Geo_dist  
Period   1        176          176          0.0        0          270      9002       1797       2345.89    1082.62
Global   49       8476         172          0.0        0          219      20233      1996       2525.08    1180.18

Total Statistics
Type     Time(s)  Ops          TPS(ops/s)   Net(M/s)   Get_miss   Min(us)  Max(us)    Avg(us)    Std_dev    Geo_dist  
Period   1        17502        17502        2.4        0          196      11050      1948       2504.81    1131.71
Global   49       845794       17261        2.4        0          146      47122      1970       2532.93    1164.14

[1;1H[2J
Get Statistics
Type     Time(s)  Ops          TPS(ops/s)   Net(M/s)   Get_miss   Min(us)  Max(us)    Avg(us)    Std_dev    Geo_dist  
Period   1        16250        16250        2.3        0          158      50591      2075       3324.09    1163.21
Global   50       853568       17071        2.2        0          146      50591      1972       2550.20    1163.96

Set Statistics
Type     Time(s)  Ops          TPS(ops/s)   Net(M/s)   Get_miss   Min(us)  Max(us)    Avg(us)    Std_dev    Geo_dist  
Period   1        160          160          0.0        0          341      11323      2095       2633.38    1226.51
Global   50       8636         172          0.0        0          219      20233      1998       2526.87    1181.02

Total Statistics
Type     Time(s)  Ops          TPS(ops/s)   Net(M/s)   Get_miss   Min(us)  Max(us)    Avg(us)    Std_dev    Geo_dist  
Period   1        16410        16410        2.4        0          158      50591      2075       3318.11    1163.81
Global   50       862204       17244        2.3        0          146      50591      1972       2550.17    1164.13

[1;1H[2J
Get Statistics
Type     Time(s)  Ops          TPS(ops/s)   Net(M/s)   Get_miss   Min(us)  Max(us)    Avg(us)    Std_dev    Geo_dist  
Period   1        17310        17310        2.3        0          186      10950      1947       2472.88    1167.97
Global   51       870878       17076        2.4        0          146      50591      1971       2549.08    1164.04

Set Statistics
Type     Time(s)  Ops          TPS(ops/s)   Net(M/s)   Get_miss   Min(us)  Max(us)    Avg(us)    Std_dev    Geo_dist  
Period   1        179          179          0.0        0          294      9185       2083       2571.69    1244.94
Global   51       8815         172          0.0        0          219      20233      2000       2527.46    1182.28

Total Statistics
Type     Time(s)  Ops          TPS(ops/s)   Net(M/s)   Get_miss   Min(us)  Max(us)    Avg(us)    Std_dev    Geo_dist  
Period   1        17489        17489        2.4        0          186      10950      1949       2473.39    1168.73
Global   51       879693       17248        2.4        0          146      50591      1971       2549.09    1164.22

[1;1H[2J
Get Statistics
Type     Time(s)  Ops          TPS(ops/s)   Net(M/s)   Get_miss   Min(us)  Max(us)    Avg(us)    Std_dev    Geo_dist  
Period   1        17810        17810        2.3        0          188      9998       1889       2484.23    1096.43
Global   52       888688       17090        2.4        0          146      50591      1969       2548.10    1162.65

Set Statistics
Type     Time(s)  Ops          TPS(ops/s)   Net(M/s)   Get_miss   Min(us)  Max(us)    Avg(us)    Std_dev    Geo_dist  
Period   1        180          180          0.0        0          331      9950       1897       2568.00    1083.27
Global   52       8995         172          0.0        0          219      20233      1998       2528.12    1180.22

Total Statistics
Type     Time(s)  Ops          TPS(ops/s)   Net(M/s)   Get_miss   Min(us)  Max(us)    Avg(us)    Std_dev    Geo_dist  
Period   1        17992        17992        2.4        0          188      9998       1889       2484.87    1096.26
Global   52       897685       17263        2.5        0          146      50591      1970       2547.34    1162.82

[1;1H[2J
Get Statistics
Type     Time(s)  Ops          TPS(ops/s)   Net(M/s)   Get_miss   Min(us)  Max(us)    Avg(us)    Std_dev    Geo_dist  
Period   1        17773        17773        2.3        0          200      11445      1879       2459.40    1094.23
Global   53       906461       17103        2.4        0          146      50591      1968       2545.83    1161.27

Set Statistics
Type     Time(s)  Ops          TPS(ops/s)   Net(M/s)   Get_miss   Min(us)  Max(us)    Avg(us)    Std_dev    Geo_dist  
Period   1        179          179          0.0        0          337      9413       1755       2280.34    1074.04
Global   53       9174         173          0.0        0          219      20233      1993       2523.83    1178.05

Total Statistics
Type     Time(s)  Ops          TPS(ops/s)   Net(M/s)   Get_miss   Min(us)  Max(us)    Avg(us)    Std_dev    Geo_dist  
Period   1        17950        17950        2.4        0          200      11445      1878       2457.67    1094.06
Global   53       915635       17276        2.5        0          146      50591      1968       2545.80    1161.44

[1;1H[2J
Get Statistics
Type     Time(s)  Ops          TPS(ops/s)   Net(M/s)   Get_miss   Min(us)  Max(us)    Avg(us)    Std_dev    Geo_dist  
Period   1        17710        17710        2.4        0          191      9979       1910       2402.87    1169.51
Global   54       924171       17114        2.4        0          146      50591      1967       2543.09    1161.43

Set Statistics
Type     Time(s)  Ops          TPS(ops/s)   Net(M/s)   Get_miss   Min(us)  Max(us)    Avg(us)    Std_dev    Geo_dist  
Period   1        179          179          0.0        0          319      8918       1821       2316.28    1138.23
Global   54       9353         173          0.0        0          219      20233      1990       2519.79    1177.27

Total Statistics
Type     Time(s)  Ops          TPS(ops/s)   Net(M/s)   Get_miss   Min(us)  Max(us)    Avg(us)    Std_dev    Geo_dist  
Period   1        17889        17889        2.4        0          191      9979       1909       2402.06    1169.20
Global   54       933524       17287        2.5        0          146      50591      1967       2543.03    1161.59

[1;1H[2J
Get Statistics
Type     Time(s)  Ops          TPS(ops/s)   Net(M/s)   Get_miss   Min(us)  Max(us)    Avg(us)    Std_dev    Geo_dist  
Period   1        17186        17186        2.4        0          197      16909      1955       2548.38    1142.52
Global   55       941357       17115        2.4        0          146      50591      1966       2543.79    1161.08

Set Statistics
Type     Time(s)  Ops          TPS(ops/s)   Net(M/s)   Get_miss   Min(us)  Max(us)    Avg(us)    Std_dev    Geo_dist  
Period   1        174          174          0.0        0          366      9771       2180       2657.83    1284.46
Global   55       9527         173          0.0        0          219      20233      1993       2522.73    1179.15

Total Statistics
Type     Time(s)  Ops          TPS(ops/s)   Net(M/s)   Get_miss   Min(us)  Max(us)    Avg(us)    Std_dev    Geo_dist  
Period   1        17361        17361        2.4        0          197      16909      1958       2548.84    1143.86
Global   55       950885       17288        2.4        0          146      50591      1967       2543.01    1161.26

[1;1H[2J
Get Statistics
Type     Time(s)  Ops          TPS(ops/s)   Net(M/s)   Get_miss   Min(us)  Max(us)    Avg(us)    Std_dev    Geo_dist  
Period   1        17129        17129        2.4        0          212      10120      1968       2479.05    1182.03
Global   56       958486       17115        2.4        0          146      50591      1966       2542.67    1161.46

Set Statistics
Type     Time(s)  Ops          TPS(ops/s)   Net(M/s)   Get_miss   Min(us)  Max(us)    Avg(us)    Std_dev    Geo_dist  
Period   1        173          173          0.0        0          367      8378       1557       1931.75    1082.56
Global   56       9700         173          0.0        0          219      20233      1986       2513.38    1177.35

Total Statistics
Type     Time(s)  Ops          TPS(ops/s)   Net(M/s)   Get_miss   Min(us)  Max(us)    Avg(us)    Std_dev    Geo_dist  
Period   1        17301        17301        2.4        0          212      10120      1964       2474.50    1181.48
Global   56       968186       17289        2.4        0          146      50591      1967       2541.76    1161.62

[1;1H[2J
Get Statistics
Type     Time(s)  Ops          TPS(ops/s)   Net(M/s)   Get_miss   Min(us)  Max(us)    Avg(us)    Std_dev    Geo_dist  
Period   1        17845        17845        2.4        0          209      10202      1886       2373.67    1153.23
Global   57       976331       17128        2.5        0          146      50591      1965       2539.35    1161.31

Set Statistics
Type     Time(s)  Ops          TPS(ops/s)   Net(M/s)   Get_miss   Min(us)  Max(us)    Avg(us)    Std_dev    Geo_dist  
Period   1        180          180          0.0        0          286      8399       1904       2366.58    1185.20
Global   57       9880         173          0.0        0          219      20233      1984       2511.09    1177.49

Total Statistics
Type     Time(s)  Ops          TPS(ops/s)   Net(M/s)   Get_miss   Min(us)  Max(us)    Avg(us)    Std_dev    Geo_dist  
Period   1        18026        18026        2.4        0          209      10202      1886       2373.61    1153.58
Global   57       986212       17301        2.5        0          146      50591      1965       2539.21    1161.47

[1;1H[2J
Get Statistics
Type     Time(s)  Ops          TPS(ops/s)   Net(M/s)   Get_miss   Min(us)  Max(us)    Avg(us)    Std_dev    Geo_dist  
Period   1        16804        16804        2.4        0          178      11695      1995       2561.61    1162.53
Global   58       993135       17123        2.3        0          146      50591      1965       2540.12    1161.33

Set Statistics
Type     Time(s)  Ops          TPS(ops/s)   Net(M/s)   Get_miss   Min(us)  Max(us)    Avg(us)    Std_dev    Geo_dist  
Period   1        168          168          0.0        0          320      9188       2166       2708.07    1215.43
Global   58       10048        173          0.0        0          219      20233      1987       2514.51    1178.12

Total Statistics
Type     Time(s)  Ops          TPS(ops/s)   Net(M/s)   Get_miss   Min(us)  Max(us)    Avg(us)    Std_dev    Geo_dist  
Period   1        16971        16971        2.4        0          178      11695      1997       2562.91    1163.01
Global   58       1003183      17296        2.3        0          146      50591      1966       2539.26    1161.50

[1;1H[2J
Get Statistics
Type     Time(s)  Ops          TPS(ops/s)   Net(M/s)   Get_miss   Min(us)  Max(us)    Avg(us)    Std_dev    Geo_dist  
Period   1        17008        17008        2.4        0          202      10046      1991       2476.79    1184.72
Global   59       1010143      17121        2.3        0          146      50591      1966       2538.63    1161.72

Set Statistics
Type     Time(s)  Ops          TPS(ops/s)   Net(M/s)   Get_miss   Min(us)  Max(us)    Avg(us)    Std_dev    Geo_dist  
Period   1        171          171          0.0        0          268      10139      2004       2543.79    1173.18
Global   59       10219        173          0.0        0          219      20233      1987       2515.10    1178.03

Total Statistics
Type     Time(s)  Ops          TPS(ops/s)   Net(M/s)   Get_miss   Min(us)  Max(us)    Avg(us)    Std_dev    Geo_dist  
Period   1        17179        17179        2.4        0          202      10139      1991       2477.49    1184.60
Global   59       1020362      17294        2.4        0          146      50591      1966       2538.56    1161.88

[1;1H[2J
Get Statistics
Type     Time(s)  Ops          TPS(ops/s)   Net(M/s)   Get_miss   Min(us)  Max(us)    Avg(us)    Std_dev    Geo_dist  
Period   1        16630        16630        2.4        0          202      10837      2026       2484.92    1218.20
Global   60       1026773      17112        2.3        0          146      50591      1967       2537.76    1162.61

Set Statistics
Type     Time(s)  Ops          TPS(ops/s)   Net(M/s)   Get_miss   Min(us)  Max(us)    Avg(us)    Std_dev    Geo_dist  
Period   1        169          169          0.0        0          316      10486      2128       2659.62    1233.68
Global   60       10388        173          0.0        0          219      20233      1990       2516.89    1178.92

Total Statistics
Type     Time(s)  Ops          TPS(ops/s)   Net(M/s)   Get_miss   Min(us)  Max(us)    Avg(us)    Std_dev    Geo_dist  
Period   1        16799        16799        2.4        0          202      10837      2027       2486.69    1218.35
Global   60       1037161      17286        2.3        0          146      50591      1967       2537.73    1162.78

Get Statistics (1026807 events)
   Min:       146
   Max:     50591
   Avg:      1967
   Geo:   1162.61
   Std:   2537.70
   Log2 Dist:
       8:      996   119383   497490   218000
      12:    28417   142231    19690      485
      16:      115

Set Statistics (10388 events)
   Min:       219
   Max:     20233
   Avg:      1990
   Geo:   1178.92
   Std:   2516.89
   Log2 Dist:
       8:       10     1145     5020     2248
      12:      290     1478      192        5

Total Statistics (1037195 events)
   Min:       146
   Max:     50591
   Avg:      1967
   Geo:   1162.77
   Std:   2537.67
   Log2 Dist:
       8:     1006   120528   502510   220248
      12:    28707   143709    19882      490
      16:      115

cmd_get: 1026841
cmd_set: 10388
get_misses: 0
written_bytes: 24251834
read_bytes: 169506259
object_bytes: 1495872

Run time: 60.2s Ops: 1037229 TPS: 17218 Net_rate: 3.1M/s
