servers : 10.0.0.11:9000
threads count: 117
concurrency: 117
run time: 60s
windows size: 10k
set proportion: set_prop=0.01
get proportion: get_prop=0.99
[1;1H[2J
Get Statistics
Type     Time(s)  Ops          TPS(ops/s)   Net(M/s)   Get_miss   Min(us)  Max(us)    Avg(us)    Std_dev    Geo_dist  
Period   1        23966        23966        3.3        0          275      70310      4776       4244.02    3017.29
Global   1        23966        23966        3.3        0          275      70310      4776       4243.74    3016.17

Set Statistics
Type     Time(s)  Ops          TPS(ops/s)   Net(M/s)   Get_miss   Min(us)  Max(us)    Avg(us)    Std_dev    Geo_dist  
Period   1        299          299          0.0        0          433      30219      5251       4464.10    3499.45
Global   1        299          299          0.0        0          433      30219      5251       4464.10    3499.45

Total Statistics
Type     Time(s)  Ops          TPS(ops/s)   Net(M/s)   Get_miss   Min(us)  Max(us)    Avg(us)    Std_dev    Geo_dist  
Period   1        24268        24268        3.3        0          275      70310      4782       4246.82    3022.04
Global   1        24268        24268        3.3        0          275      70310      4782       4246.82    3022.04

[1;1H[2J
Get Statistics
Type     Time(s)  Ops          TPS(ops/s)   Net(M/s)   Get_miss   Min(us)  Max(us)    Avg(us)    Std_dev    Geo_dist  
Period   1        25380        25380        3.4        0          295      70450      4585       3981.14    2920.41
Global   2        49346        24673        3.5        0          275      70450      4678       4111.70    2967.06

Set Statistics
Type     Time(s)  Ops          TPS(ops/s)   Net(M/s)   Get_miss   Min(us)  Max(us)    Avg(us)    Std_dev    Geo_dist  
Period   1        259          259          0.0        0          432      51474      5035       4702.60    3244.35
Global   2        558          279          0.0        0          432      51474      5151       4573.19    3378.64

Total Statistics
Type     Time(s)  Ops          TPS(ops/s)   Net(M/s)   Get_miss   Min(us)  Max(us)    Avg(us)    Std_dev    Geo_dist  
Period   1        25638        25638        3.4        0          295      70450      4590       3989.18    2925.44
Global   2        49906        24953        3.5        0          275      70450      4683       4117.83    2971.49

[1;1H[2J
Get Statistics
Type     Time(s)  Ops          TPS(ops/s)   Net(M/s)   Get_miss   Min(us)  Max(us)    Avg(us)    Std_dev    Geo_dist  
Period   1        23947        23947        3.4        0          311      78566      4862       4509.75    2991.85
Global   3        73293        24431        3.3        0          275      78566      4738       4247.03    2975.87

Set Statistics
Type     Time(s)  Ops          TPS(ops/s)   Net(M/s)   Get_miss   Min(us)  Max(us)    Avg(us)    Std_dev    Geo_dist  
Period   1        244          244          0.0        0          665      69372      5049       5654.97    3176.47
Global   3        802          267          0.0        0          432      69372      5120       4924.07    3315.80

Total Statistics
Type     Time(s)  Ops          TPS(ops/s)   Net(M/s)   Get_miss   Min(us)  Max(us)    Avg(us)    Std_dev    Geo_dist  
Period   1        24189        24189        3.4        0          311      78566      4864       4522.66    2994.53
Global   3        74095        24698        3.3        0          275      78566      4742       4255.23    2979.35

[1;1H[2J
Get Statistics
Type     Time(s)  Ops          TPS(ops/s)   Net(M/s)   Get_miss   Min(us)  Max(us)    Avg(us)    Std_dev    Geo_dist  
Period   1        23775        23775        3.3        0          265      39344      4856       4002.25    3129.12
Global   4        97068        24267        3.3        0          265      78566      4767       4188.58    3012.70

Set Statistics
Type     Time(s)  Ops          TPS(ops/s)   Net(M/s)   Get_miss   Min(us)  Max(us)    Avg(us)    Std_dev    Geo_dist  
Period   1        243          243          0.0        0          489      22114      5454       4232.45    3591.77
Global   4        1045         261          0.0        0          432      69372      5198       4771.98    3378.02

Total Statistics
Type     Time(s)  Ops          TPS(ops/s)   Net(M/s)   Get_miss   Min(us)  Max(us)    Avg(us)    Std_dev    Geo_dist  
Period   1        24020        24020        3.4        0          265      39344      4862       4005.28    3133.73
Global   4        98115        24528        3.3        0          265      78566      4772       4195.01    3016.43

[1;1H[2J
Get Statistics
Type     Time(s)  Ops          TPS(ops/s)   Net(M/s)   Get_miss   Min(us)  Max(us)    Avg(us)    Std_dev    Geo_dist  
Period   1        23345        23345        3.3        0          210      40974      4968       4101.75    3298.51
Global   5        120413       24082        3.2        0          210      78566      4806       4172.71    3066.56

Set Statistics
Type     Time(s)  Ops          TPS(ops/s)   Net(M/s)   Get_miss   Min(us)  Max(us)    Avg(us)    Std_dev    Geo_dist  
Period   1        229          229          0.0        0          541      20483      5423       4062.74    3721.78
Global   5        1274         254          0.0        0          432      69372      5238       4652.29    3437.38

Total Statistics
Type     Time(s)  Ops          TPS(ops/s)   Net(M/s)   Get_miss   Min(us)  Max(us)    Avg(us)    Std_dev    Geo_dist  
Period   1        23572        23572        3.3        0          210      40974      4971       4102.76    3300.89
Global   5        121687       24337        3.2        0          210      78566      4811       4177.67    3070.23

[1;1H[2J
Get Statistics
Type     Time(s)  Ops          TPS(ops/s)   Net(M/s)   Get_miss   Min(us)  Max(us)    Avg(us)    Std_dev    Geo_dist  
Period   1        24154        24154        3.3        0          222      42864      4771       3906.42    3116.13
Global   6        144567       24094        3.3        0          210      78566      4800       4129.60    3074.79

Set Statistics
Type     Time(s)  Ops          TPS(ops/s)   Net(M/s)   Get_miss   Min(us)  Max(us)    Avg(us)    Std_dev    Geo_dist  
Period   1        244          244          0.0        0          410      30816      5200       4092.57    3505.37
Global   6        1518         253          0.0        0          410      69372      5232       4565.58    3448.22

Total Statistics
Type     Time(s)  Ops          TPS(ops/s)   Net(M/s)   Get_miss   Min(us)  Max(us)    Avg(us)    Std_dev    Geo_dist  
Period   1        24400        24400        3.3        0          222      42864      4775       3908.67    3118.88
Global   6        146087       24347        3.4        0          210      78566      4805       4134.00    3078.49

[1;1H[2J
Get Statistics
Type     Time(s)  Ops          TPS(ops/s)   Net(M/s)   Get_miss   Min(us)  Max(us)    Avg(us)    Std_dev    Geo_dist  
Period   1        24310        24310        3.3        0          315      69388      4815       4143.92    3123.12
Global   7        168877       24125        3.3        0          210      78566      4802       4131.83    3081.70

Set Statistics
Type     Time(s)  Ops          TPS(ops/s)   Net(M/s)   Get_miss   Min(us)  Max(us)    Avg(us)    Std_dev    Geo_dist  
Period   1        240          240          0.0        0          561      21482      4854       3837.85    3268.18
Global   7        1758         251          0.0        0          410      69372      5180       4474.57    3423.07

Total Statistics
Type     Time(s)  Ops          TPS(ops/s)   Net(M/s)   Get_miss   Min(us)  Max(us)    Avg(us)    Std_dev    Geo_dist  
Period   1        24550        24550        3.3        0          315      69388      4816       4140.33    3124.53
Global   7        170637       24376        3.4        0          210      78566      4806       4135.58    3085.07

[1;1H[2J
Get Statistics
Type     Time(s)  Ops          TPS(ops/s)   Net(M/s)   Get_miss   Min(us)  Max(us)    Avg(us)    Std_dev    Geo_dist  
Period   1        23964        23964        3.3        0          311      32990      4847       4250.44    3044.04
Global   8        192841       24105        3.3        0          210      78566      4808       4146.38    3077.28

Set Statistics
Type     Time(s)  Ops          TPS(ops/s)   Net(M/s)   Get_miss   Min(us)  Max(us)    Avg(us)    Std_dev    Geo_dist  
Period   1        251          251          0.0        0          423      21674      5299       4326.48    3443.84
Global   8        2009         251          0.0        0          410      69372      5195       4455.30    3425.66

Total Statistics
Type     Time(s)  Ops          TPS(ops/s)   Net(M/s)   Get_miss   Min(us)  Max(us)    Avg(us)    Std_dev    Geo_dist  
Period   1        24215        24215        3.3        0          311      32990      4852       4251.53    3050.17
Global   8        194852       24356        3.3        0          210      78566      4812       4149.86    3080.71

[1;1H[2J
Get Statistics
Type     Time(s)  Ops          TPS(ops/s)   Net(M/s)   Get_miss   Min(us)  Max(us)    Avg(us)    Std_dev    Geo_dist  
Period   1        24188        24188        3.3        0          237      57321      4750       4337.40    3020.36
Global   9        217029       24114        3.3        0          210      78566      4802       4167.63    3071.01

Set Statistics
Type     Time(s)  Ops          TPS(ops/s)   Net(M/s)   Get_miss   Min(us)  Max(us)    Avg(us)    Std_dev    Geo_dist  
Period   1        243          243          0.0        0          476      35521      4953       4485.85    3166.04
Global   9        2252         250          0.0        0          410      69372      5169       4458.11    3396.65

Total Statistics
Type     Time(s)  Ops          TPS(ops/s)   Net(M/s)   Get_miss   Min(us)  Max(us)    Avg(us)    Std_dev    Geo_dist  
Period   1        24431        24431        3.3        0          237      57321      4752       4339.14    3022.88
Global   9        219283       24364        3.4        0          210      78566      4805       4171.76    3074.21

[1;1H[2J
Get Statistics
Type     Time(s)  Ops          TPS(ops/s)   Net(M/s)   Get_miss   Min(us)  Max(us)    Avg(us)    Std_dev    Geo_dist  
Period   1        23669        23669        3.3        0          245      48299      4911       4015.66    3276.95
Global   10       240698       24069        3.3        0          210      78566      4812       4153.91    3090.79

Set Statistics
Type     Time(s)  Ops          TPS(ops/s)   Net(M/s)   Get_miss   Min(us)  Max(us)    Avg(us)    Std_dev    Geo_dist  
Period   1        240          240          0.0        0          493      31414      5394       4177.57    3774.59
Global   10       2492         249          0.0        0          410      69372      5191       4431.17    3431.34

Total Statistics
Type     Time(s)  Ops          TPS(ops/s)   Net(M/s)   Get_miss   Min(us)  Max(us)    Avg(us)    Std_dev    Geo_dist  
Period   1        23908        23908        3.3        0          245      48299      4916       4017.52    3282.71
Global   10       243191       24319        3.3        0          210      78566      4816       4156.88    3094.11

[1;1H[2J
Get Statistics
Type     Time(s)  Ops          TPS(ops/s)   Net(M/s)   Get_miss   Min(us)  Max(us)    Avg(us)    Std_dev    Geo_dist  
Period   1        24218        24218        3.3        0          292      44628      4682       4044.37    2998.47
Global   11       264916       24083        3.3        0          210      78566      4801       4143.15    3082.23

Set Statistics
Type     Time(s)  Ops          TPS(ops/s)   Net(M/s)   Get_miss   Min(us)  Max(us)    Avg(us)    Std_dev    Geo_dist  
Period   1        242          242          0.0        0          533      18726      5084       3721.94    3432.23
Global   11       2734         248          0.0        0          410      69372      5181       4373.17    3431.42

Total Statistics
Type     Time(s)  Ops          TPS(ops/s)   Net(M/s)   Get_miss   Min(us)  Max(us)    Avg(us)    Std_dev    Geo_dist  
Period   1        24461        24461        3.3        0          292      44628      4687       4043.56    3002.83
Global   11       267652       24332        3.4        0          210      78566      4805       4145.89    3085.65

[1;1H[2J
Get Statistics
Type     Time(s)  Ops          TPS(ops/s)   Net(M/s)   Get_miss   Min(us)  Max(us)    Avg(us)    Std_dev    Geo_dist  
Period   1        24392        24392        3.3        0          315      60286      4826       4417.85    2951.18
Global   12       289308       24109        3.3        0          210      78566      4803       4167.28    3071.06

Set Statistics
Type     Time(s)  Ops          TPS(ops/s)   Net(M/s)   Get_miss   Min(us)  Max(us)    Avg(us)    Std_dev    Geo_dist  
Period   1        250          250          0.0        0          549      42655      5027       4517.83    3201.33
Global   12       2984         248          0.0        0          410      69372      5168       4385.02    3411.52

Total Statistics
Type     Time(s)  Ops          TPS(ops/s)   Net(M/s)   Get_miss   Min(us)  Max(us)    Avg(us)    Std_dev    Geo_dist  
Period   1        24644        24644        3.3        0          315      60286      4828       4416.84    2954.37
Global   12       292296       24358        3.4        0          210      78566      4806       4170.50    3074.36

[1;1H[2J
Get Statistics
Type     Time(s)  Ops          TPS(ops/s)   Net(M/s)   Get_miss   Min(us)  Max(us)    Avg(us)    Std_dev    Geo_dist  
Period   1        24799        24799        3.3        0          282      76124      4644       4179.65    2868.44
Global   13       314107       24162        3.4        0          210      78566      4790       4168.99    3054.79

Set Statistics
Type     Time(s)  Ops          TPS(ops/s)   Net(M/s)   Get_miss   Min(us)  Max(us)    Avg(us)    Std_dev    Geo_dist  
Period   1        242          242          0.0        0          600      19922      5049       3803.15    3389.32
Global   13       3226         248          0.0        0          410      69372      5159       4343.74    3409.85

Total Statistics
Type     Time(s)  Ops          TPS(ops/s)   Net(M/s)   Get_miss   Min(us)  Max(us)    Avg(us)    Std_dev    Geo_dist  
Period   1        25038        25038        3.4        0          282      76124      4648       4176.72    2875.70
Global   13       317334       24410        3.4        0          210      78566      4794       4170.66    3058.20

[1;1H[2J
Get Statistics
Type     Time(s)  Ops          TPS(ops/s)   Net(M/s)   Get_miss   Min(us)  Max(us)    Avg(us)    Std_dev    Geo_dist  
Period   1        24173        24173        3.3        0          281      40770      4805       3908.37    3107.94
Global   14       338280       24162        3.3        0          210      78566      4791       4150.99    3058.62

Set Statistics
Type     Time(s)  Ops          TPS(ops/s)   Net(M/s)   Get_miss   Min(us)  Max(us)    Avg(us)    Std_dev    Geo_dist  
Period   1        245          245          0.0        0          519      27853      4765       4021.50    3062.32
Global   14       3471         247          0.0        0          410      69372      5132       4321.46    3384.08

Total Statistics
Type     Time(s)  Ops          TPS(ops/s)   Net(M/s)   Get_miss   Min(us)  Max(us)    Avg(us)    Std_dev    Geo_dist  
Period   1        24418        24418        3.4        0          281      40770      4804       3910.25    3103.23
Global   14       341752       24410        3.4        0          210      78566      4795       4152.27    3061.77

[1;1H[2J
Get Statistics
Type     Time(s)  Ops          TPS(ops/s)   Net(M/s)   Get_miss   Min(us)  Max(us)    Avg(us)    Std_dev    Geo_dist  
Period   1        24657        24657        3.3        0          256      80165      4705       4145.04    2985.29
Global   15       362937       24195        3.4        0          210      80165      4785       4150.83    3053.66

Set Statistics
Type     Time(s)  Ops          TPS(ops/s)   Net(M/s)   Get_miss   Min(us)  Max(us)    Avg(us)    Std_dev    Geo_dist  
Period   1        256          256          0.0        0          444      15737      4802       3777.72    3133.15
Global   15       3727         248          0.0        0          410      69372      5109       4287.07    3366.21

Total Statistics
Type     Time(s)  Ops          TPS(ops/s)   Net(M/s)   Get_miss   Min(us)  Max(us)    Avg(us)    Std_dev    Geo_dist  
Period   1        24914        24914        3.4        0          256      80165      4706       4141.19    2986.76
Global   15       366666       24444        3.4        0          210      80165      4789       4151.52    3056.69

[1;1H[2J
Get Statistics
Type     Time(s)  Ops          TPS(ops/s)   Net(M/s)   Get_miss   Min(us)  Max(us)    Avg(us)    Std_dev    Geo_dist  
Period   1        24293        24293        3.3        0          257      80123      4740       4438.58    2933.02
Global   16       387230       24201        3.3        0          210      80165      4783       4168.53    3046.01

Set Statistics
Type     Time(s)  Ops          TPS(ops/s)   Net(M/s)   Get_miss   Min(us)  Max(us)    Avg(us)    Std_dev    Geo_dist  
Period   1        239          239          0.0        0          469      26295      4999       4183.66    3174.78
Global   16       3966         247          0.0        0          410      69372      5102       4280.91    3354.36

Total Statistics
Type     Time(s)  Ops          TPS(ops/s)   Net(M/s)   Get_miss   Min(us)  Max(us)    Avg(us)    Std_dev    Geo_dist  
Period   1        24532        24532        3.4        0          257      80123      4742       4437.01    2933.52
Global   16       391198       24449        3.4        0          210      80165      4786       4170.08    3049.00

[1;1H[2J
Get Statistics
Type     Time(s)  Ops          TPS(ops/s)   Net(M/s)   Get_miss   Min(us)  Max(us)    Avg(us)    Std_dev    Geo_dist  
Period   1        23814        23814        3.3        0          322      40649      4857       4245.15    3001.57
Global   17       411044       24179        3.3        0          210      80165      4787       4173.38    3043.48

Set Statistics
Type     Time(s)  Ops          TPS(ops/s)   Net(M/s)   Get_miss   Min(us)  Max(us)    Avg(us)    Std_dev    Geo_dist  
Period   1        242          242          0.0        0          525      32139      5444       4645.67    3457.82
Global   17       4208         247          0.0        0          410      69372      5122       4302.48    3360.22

Total Statistics
Type     Time(s)  Ops          TPS(ops/s)   Net(M/s)   Get_miss   Min(us)  Max(us)    Avg(us)    Std_dev    Geo_dist  
Period   1        24055        24055        3.4        0          322      40649      4864       4248.60    3006.84
Global   17       415253       24426        3.3        0          210      80165      4790       4175.30    3046.54

[1;1H[2J
Get Statistics
Type     Time(s)  Ops          TPS(ops/s)   Net(M/s)   Get_miss   Min(us)  Max(us)    Avg(us)    Std_dev    Geo_dist  
Period   1        24803        24803        3.3        0          283      63284      4667       4209.10    2902.27
Global   18       435847       24213        3.4        0          210      80165      4780       4175.72    3035.33

Set Statistics
Type     Time(s)  Ops          TPS(ops/s)   Net(M/s)   Get_miss   Min(us)  Max(us)    Avg(us)    Std_dev    Geo_dist  
Period   1        254          254          0.0        0          300      29828      5116       4567.67    3220.19
Global   18       4462         247          0.0        0          300      69372      5122       4317.07    3352.09

Total Statistics
Type     Time(s)  Ops          TPS(ops/s)   Net(M/s)   Get_miss   Min(us)  Max(us)    Avg(us)    Std_dev    Geo_dist  
Period   1        25058        25058        3.4        0          283      63284      4671       4213.23    2905.10
Global   18       440311       24461        3.4        0          210      80165      4784       4176.68    3038.37

[1;1H[2J
Get Statistics
Type     Time(s)  Ops          TPS(ops/s)   Net(M/s)   Get_miss   Min(us)  Max(us)    Avg(us)    Std_dev    Geo_dist  
Period   1        24654        24654        3.3        0          275      51158      4687       4113.48    2920.58
Global   19       460501       24236        3.4        0          210      80165      4775       4172.49    3029.12

Set Statistics
Type     Time(s)  Ops          TPS(ops/s)   Net(M/s)   Get_miss   Min(us)  Max(us)    Avg(us)    Std_dev    Geo_dist  
Period   1        250          250          0.0        0          469      13534      4550       3665.23    2899.18
Global   19       4712         248          0.0        0          300      69372      5091       4287.33    3326.37

Total Statistics
Type     Time(s)  Ops          TPS(ops/s)   Net(M/s)   Get_miss   Min(us)  Max(us)    Avg(us)    Std_dev    Geo_dist  
Period   1        24906        24906        3.4        0          275      51158      4686       4109.48    2921.82
Global   19       465217       24485        3.4        0          210      80165      4778       4174.03    3032.02

[1;1H[2J
Get Statistics
Type     Time(s)  Ops          TPS(ops/s)   Net(M/s)   Get_miss   Min(us)  Max(us)    Avg(us)    Std_dev    Geo_dist  
Period   1        24828        24828        3.3        0          289      49878      4653       4077.98    2930.09
Global   20       485329       24266        3.4        0          210      80165      4769       4167.53    3024.03

Set Statistics
Type     Time(s)  Ops          TPS(ops/s)   Net(M/s)   Get_miss   Min(us)  Max(us)    Avg(us)    Std_dev    Geo_dist  
Period   1        249          249          0.0        0          536      19077      4451       3838.48    2846.06
Global   20       4961         248          0.0        0          300      69372      5059       4267.72    3300.44

Total Statistics
Type     Time(s)  Ops          TPS(ops/s)   Net(M/s)   Get_miss   Min(us)  Max(us)    Avg(us)    Std_dev    Geo_dist  
Period   1        25077        25077        3.4        0          289      49878      4650       4075.99    2929.53
Global   20       490294       24514        3.4        0          210      80165      4772       4168.54    3026.69

[1;1H[2J
Get Statistics
Type     Time(s)  Ops          TPS(ops/s)   Net(M/s)   Get_miss   Min(us)  Max(us)    Avg(us)    Std_dev    Geo_dist  
Period   1        23890        23890        3.3        0          255      48833      4814       4476.95    2966.13
Global   21       509219       24248        3.3        0          210      80165      4771       4182.69    3021.33

Set Statistics
Type     Time(s)  Ops          TPS(ops/s)   Net(M/s)   Get_miss   Min(us)  Max(us)    Avg(us)    Std_dev    Geo_dist  
Period   1        242          242          0.0        0          398      20632      4976       4175.94    3123.43
Global   21       5203         247          0.0        0          300      69372      5055       4263.30    3291.99

Total Statistics
Type     Time(s)  Ops          TPS(ops/s)   Net(M/s)   Get_miss   Min(us)  Max(us)    Avg(us)    Std_dev    Geo_dist  
Period   1        24129        24129        3.4        0          255      48833      4816       4474.43    2968.25
Global   21       514423       24496        3.3        0          210      80165      4774       4183.46    3023.96

[1;1H[2J
Get Statistics
Type     Time(s)  Ops          TPS(ops/s)   Net(M/s)   Get_miss   Min(us)  Max(us)    Avg(us)    Std_dev    Geo_dist  
Period   1        23891        23891        3.3        0          285      77998      4894       4497.78    3046.66
Global   22       533110       24232        3.3        0          210      80165      4776       4197.98    3022.51

Set Statistics
Type     Time(s)  Ops          TPS(ops/s)   Net(M/s)   Get_miss   Min(us)  Max(us)    Avg(us)    Std_dev    Geo_dist  
Period   1        239          239          0.0        0          489      57494      4961       5216.20    3099.08
Global   22       5442         247          0.0        0          300      69372      5051       4308.90    3283.27

Total Statistics
Type     Time(s)  Ops          TPS(ops/s)   Net(M/s)   Get_miss   Min(us)  Max(us)    Avg(us)    Std_dev    Geo_dist  
Period   1        24129        24129        3.4        0          285      77998      4894       4505.68    3045.92
Global   22       538552       24479        3.3        0          210      80165      4779       4198.95    3025.04

[1;1H[2J
Get Statistics
Type     Time(s)  Ops          TPS(ops/s)   Net(M/s)   Get_miss   Min(us)  Max(us)    Avg(us)    Std_dev    Geo_dist  
Period   1        24971        24971        3.3        0          245      62010      4530       4049.32    2854.02
Global   23       558081       24264        3.4        0          210      80165      4765       4191.74    3014.77

Set Statistics
Type     Time(s)  Ops          TPS(ops/s)   Net(M/s)   Get_miss   Min(us)  Max(us)    Avg(us)    Std_dev    Geo_dist  
Period   1        258          258          0.0        0          487      29484      4644       4073.15    2981.79
Global   23       5700         247          0.0        0          300      69372      5033       4298.50    3268.99

Total Statistics
Type     Time(s)  Ops          TPS(ops/s)   Net(M/s)   Get_miss   Min(us)  Max(us)    Avg(us)    Std_dev    Geo_dist  
Period   1        25233        25233        3.4        0          245      62010      4531       4050.25    2855.77
Global   23       563785       24512        3.5        0          210      80165      4768       4192.61    3017.26

[1;1H[2J
Get Statistics
Type     Time(s)  Ops          TPS(ops/s)   Net(M/s)   Get_miss   Min(us)  Max(us)    Avg(us)    Std_dev    Geo_dist  
Period   1        24389        24389        3.3        0          312      72565      4689       4599.06    2828.54
Global   24       582470       24269        3.3        0          210      80165      4762       4209.46    3006.91

Set Statistics
Type     Time(s)  Ops          TPS(ops/s)   Net(M/s)   Get_miss   Min(us)  Max(us)    Avg(us)    Std_dev    Geo_dist  
Period   1        237          237          0.0        0          483      51746      4910       5061.32    2977.87
Global   24       5937         247          0.0        0          300      69372      5028       4331.21    3256.84

Total Statistics
Type     Time(s)  Ops          TPS(ops/s)   Net(M/s)   Get_miss   Min(us)  Max(us)    Avg(us)    Std_dev    Geo_dist  
Period   1        24625        24625        3.4        0          312      72565      4692       4603.48    2832.92
Global   24       588410       24517        3.4        0          210      80165      4765       4210.44    3009.35

[1;1H[2J
Get Statistics
Type     Time(s)  Ops          TPS(ops/s)   Net(M/s)   Get_miss   Min(us)  Max(us)    Avg(us)    Std_dev    Geo_dist  
Period   1        25303        25303        3.3        0          254      57115      4587       4226.51    2802.76
Global   25       607773       24310        3.5        0          210      80165      4755       4210.01    2998.21

Set Statistics
Type     Time(s)  Ops          TPS(ops/s)   Net(M/s)   Get_miss   Min(us)  Max(us)    Avg(us)    Std_dev    Geo_dist  
Period   1        263          263          0.0        0          442      30094      4771       4276.65    2938.49
Global   25       6200         248          0.0        0          300      69372      5017       4328.99    3242.66

Total Statistics
Type     Time(s)  Ops          TPS(ops/s)   Net(M/s)   Get_miss   Min(us)  Max(us)    Avg(us)    Std_dev    Geo_dist  
Period   1        25565        25565        3.4        0          254      57115      4590       4226.32    2805.99
Global   25       613975       24559        3.5        0          210      80165      4758       4210.92    3000.60

[1;1H[2J
Get Statistics
Type     Time(s)  Ops          TPS(ops/s)   Net(M/s)   Get_miss   Min(us)  Max(us)    Avg(us)    Std_dev    Geo_dist  
Period   1        24579        24579        3.3        0          212      52345      4731       4005.51    3047.42
Global   26       632352       24321        3.4        0          210      80165      4754       4202.34    3000.15

Set Statistics
Type     Time(s)  Ops          TPS(ops/s)   Net(M/s)   Get_miss   Min(us)  Max(us)    Avg(us)    Std_dev    Geo_dist  
Period   1        250          250          0.0        0          400      22190      4948       4285.62    3124.07
Global   26       6450         248          0.0        0          300      69372      5014       4327.39    3237.98

Total Statistics
Type     Time(s)  Ops          TPS(ops/s)   Net(M/s)   Get_miss   Min(us)  Max(us)    Avg(us)    Std_dev    Geo_dist  
Period   1        24827        24827        3.4        0          212      52345      4733       4008.66    3049.04
Global   26       638802       24569        3.4        0          210      80165      4757       4203.27    3002.47

[1;1H[2J
Get Statistics
Type     Time(s)  Ops          TPS(ops/s)   Net(M/s)   Get_miss   Min(us)  Max(us)    Avg(us)    Std_dev    Geo_dist  
Period   1        23032        23032        3.3        0          251      57431      4978       4682.27    3102.85
Global   27       655384       24273        3.2        0          210      80165      4762       4220.18    3003.71

Set Statistics
Type     Time(s)  Ops          TPS(ops/s)   Net(M/s)   Get_miss   Min(us)  Max(us)    Avg(us)    Std_dev    Geo_dist  
Period   1        233          233          0.0        0          578      29035      4857       4295.88    3130.14
Global   27       6683         247          0.0        0          300      69372      5009       4325.52    3234.16

Total Statistics
Type     Time(s)  Ops          TPS(ops/s)   Net(M/s)   Get_miss   Min(us)  Max(us)    Avg(us)    Std_dev    Geo_dist  
Period   1        23267        23267        3.4        0          251      57431      4977       4677.95    3103.16
Global   27       662069       24521        3.2        0          210      80165      4764       4221.87    3005.95

[1;1H[2J
Get Statistics
Type     Time(s)  Ops          TPS(ops/s)   Net(M/s)   Get_miss   Min(us)  Max(us)    Avg(us)    Std_dev    Geo_dist  
Period   1        23691        23691        3.3        0          233      48869      4880       4189.29    3095.45
Global   28       679075       24252        3.3        0          210      80165      4766       4219.29    3006.90

Set Statistics
Type     Time(s)  Ops          TPS(ops/s)   Net(M/s)   Get_miss   Min(us)  Max(us)    Avg(us)    Std_dev    Geo_dist  
Period   1        235          235          0.0        0          455      27690      5172       4090.57    3416.58
Global   28       6918         247          0.0        0          300      69372      5014       4318.19    3240.19

Total Statistics
Type     Time(s)  Ops          TPS(ops/s)   Net(M/s)   Get_miss   Min(us)  Max(us)    Avg(us)    Std_dev    Geo_dist  
Period   1        23925        23925        3.4        0          233      48869      4883       4188.64    3099.59
Global   28       685994       24499        3.3        0          210      80165      4769       4219.81    3009.17

[1;1H[2J
Get Statistics
Type     Time(s)  Ops          TPS(ops/s)   Net(M/s)   Get_miss   Min(us)  Max(us)    Avg(us)    Std_dev    Geo_dist  
Period   1        22163        22163        3.3        0          269      72108      5240       5381.46    3149.44
Global   29       701238       24180        3.0        0          210      80165      4781       4261.67    3011.34

Set Statistics
Type     Time(s)  Ops          TPS(ops/s)   Net(M/s)   Get_miss   Min(us)  Max(us)    Avg(us)    Std_dev    Geo_dist  
Period   1        220          220          0.0        0          473      48935      5626       5455.27    3432.44
Global   29       7138         246          0.0        0          300      69372      5033       4358.32    3245.95

Total Statistics
Type     Time(s)  Ops          TPS(ops/s)   Net(M/s)   Get_miss   Min(us)  Max(us)    Avg(us)    Std_dev    Geo_dist  
Period   1        22386        22386        3.4        0          269      72108      5245       5381.28    3152.54
Global   29       708380       24426        3.1        0          210      80165      4784       4262.23    3013.63

[1;1H[2J
Get Statistics
Type     Time(s)  Ops          TPS(ops/s)   Net(M/s)   Get_miss   Min(us)  Max(us)    Avg(us)    Std_dev    Geo_dist  
Period   1        24094        24094        3.3        0          280      78482      4795       4145.69    3075.14
Global   30       725332       24177        3.3        0          210      80165      4782       4257.28    3013.47

Set Statistics
Type     Time(s)  Ops          TPS(ops/s)   Net(M/s)   Get_miss   Min(us)  Max(us)    Avg(us)    Std_dev    Geo_dist  
Period   1        242          242          0.0        0          610      30882      4917       3916.51    3306.24
Global   30       7380         246          0.0        0          300      69372      5029       4344.58    3247.91

Total Statistics
Type     Time(s)  Ops          TPS(ops/s)   Net(M/s)   Get_miss   Min(us)  Max(us)    Avg(us)    Std_dev    Geo_dist  
Period   1        24336        24336        3.4        0          280      78482      4797       4142.32    3078.39
Global   30       732716       24423        3.3        0          210      80165      4784       4258.78    3015.76

[1;1H[2J
Get Statistics
Type     Time(s)  Ops          TPS(ops/s)   Net(M/s)   Get_miss   Min(us)  Max(us)    Avg(us)    Std_dev    Geo_dist  
Period   1        23637        23637        3.3        0          272      52982      4932       4758.39    3119.23
Global   31       748969       24160        3.2        0          210      80165      4786       4274.90    3016.79

Set Statistics
Type     Time(s)  Ops          TPS(ops/s)   Net(M/s)   Get_miss   Min(us)  Max(us)    Avg(us)    Std_dev    Geo_dist  
Period   1        240          240          0.0        0          432      39250      5111       4975.46    3199.52
Global   31       7620         245          0.0        0          300      69372      5032       4365.02    3246.38

Total Statistics
Type     Time(s)  Ops          TPS(ops/s)   Net(M/s)   Get_miss   Min(us)  Max(us)    Avg(us)    Std_dev    Geo_dist  
Period   1        23873        23873        3.4        0          272      52982      4934       4760.35    3119.62
Global   31       756589       24406        3.3        0          210      80165      4789       4275.30    3019.02

[1;1H[2J
Get Statistics
Type     Time(s)  Ops          TPS(ops/s)   Net(M/s)   Get_miss   Min(us)  Max(us)    Avg(us)    Std_dev    Geo_dist  
Period   1        23606        23606        3.3        0          274      31413      4936       4060.84    3164.71
Global   32       772575       24142        3.2        0          210      80165      4791       4268.12    3021.21

Set Statistics
Type     Time(s)  Ops          TPS(ops/s)   Net(M/s)   Get_miss   Min(us)  Max(us)    Avg(us)    Std_dev    Geo_dist  
Period   1        246          246          0.0        0          595      28131      4979       4258.19    3248.06
Global   32       7866         245          0.0        0          300      69372      5030       4361.86    3246.43

Total Statistics
Type     Time(s)  Ops          TPS(ops/s)   Net(M/s)   Get_miss   Min(us)  Max(us)    Avg(us)    Std_dev    Geo_dist  
Period   1        23854        23854        3.3        0          274      31413      4937       4062.51    3165.82
Global   32       780443       24388        3.3        0          210      80165      4793       4269.61    3023.41

[1;1H[2J
Get Statistics
Type     Time(s)  Ops          TPS(ops/s)   Net(M/s)   Get_miss   Min(us)  Max(us)    Avg(us)    Std_dev    Geo_dist  
Period   1        24112        24112        3.3        0          287      91187      4817       5109.31    2893.96
Global   33       796687       24142        3.3        0          210      91187      4792       4295.77    3017.31

Set Statistics
Type     Time(s)  Ops          TPS(ops/s)   Net(M/s)   Get_miss   Min(us)  Max(us)    Avg(us)    Std_dev    Geo_dist  
Period   1        243          243          0.0        0          450      83483      4962       6588.55    2949.86
Global   33       8109         245          0.0        0          300      83483      5028       4444.21    3237.12

Total Statistics
Type     Time(s)  Ops          TPS(ops/s)   Net(M/s)   Get_miss   Min(us)  Max(us)    Avg(us)    Std_dev    Geo_dist  
Period   1        24354        24354        3.3        0          287      91187      4818       5126.36    2895.30
Global   33       804797       24387        3.3        0          210      91187      4794       4297.77    3019.45

[1;1H[2J
Get Statistics
Type     Time(s)  Ops          TPS(ops/s)   Net(M/s)   Get_miss   Min(us)  Max(us)    Avg(us)    Std_dev    Geo_dist  
Period   1        24811        24811        3.3        0          337      49625      4682       4285.16    2887.14
Global   34       821498       24161        3.4        0          210      91187      4788       4296.24    3013.29

Set Statistics
Type     Time(s)  Ops          TPS(ops/s)   Net(M/s)   Get_miss   Min(us)  Max(us)    Avg(us)    Std_dev    Geo_dist  
Period   1        247          247          0.0        0          554      19065      4973       4028.05    3186.51
Global   34       8356         245          0.0        0          300      83483      5027       4431.54    3235.62

Total Statistics
Type     Time(s)  Ops          TPS(ops/s)   Net(M/s)   Get_miss   Min(us)  Max(us)    Avg(us)    Std_dev    Geo_dist  
Period   1        25061        25061        3.4        0          337      49625      4684       4283.20    2889.05
Global   34       829858       24407        3.4        0          210      91187      4791       4297.01    3015.45

[1;1H[2J
Get Statistics
Type     Time(s)  Ops          TPS(ops/s)   Net(M/s)   Get_miss   Min(us)  Max(us)    Avg(us)    Std_dev    Geo_dist  
Period   1        22581        22581        3.3        0          335      91383      5159       7448.36    2936.74
Global   35       844079       24116        3.1        0          210      91383      4798       4410.32    3011.33

Set Statistics
Type     Time(s)  Ops          TPS(ops/s)   Net(M/s)   Get_miss   Min(us)  Max(us)    Avg(us)    Std_dev    Geo_dist  
Period   1        232          232          0.0        0          479      89630      6202       10229.47   3478.54
Global   35       8588         245          0.0        0          300      89630      5058       4686.87    3241.95

Total Statistics
Type     Time(s)  Ops          TPS(ops/s)   Net(M/s)   Get_miss   Min(us)  Max(us)    Avg(us)    Std_dev    Geo_dist  
Period   1        22811        22811        3.3        0          335      91383      5171       7481.85    2944.96
Global   35       852669       24361        3.1        0          210      91383      4801       4412.84    3013.57

[1;1H[2J
Get Statistics
Type     Time(s)  Ops          TPS(ops/s)   Net(M/s)   Get_miss   Min(us)  Max(us)    Avg(us)    Std_dev    Geo_dist  
Period   1        24701        24701        3.3        0          269      58718      4683       4729.87    2756.31
Global   36       868780       24132        3.4        0          210      91383      4795       4419.47    3003.77

Set Statistics
Type     Time(s)  Ops          TPS(ops/s)   Net(M/s)   Get_miss   Min(us)  Max(us)    Avg(us)    Std_dev    Geo_dist  
Period   1        244          244          0.0        0          532      30868      5264       4486.16    3318.40
Global   36       8832         245          0.0        0          300      89630      5064       4680.99    3244.04

Total Statistics
Type     Time(s)  Ops          TPS(ops/s)   Net(M/s)   Get_miss   Min(us)  Max(us)    Avg(us)    Std_dev    Geo_dist  
Period   1        24945        24945        3.3        0          269      58718      4689       4727.45    2761.24
Global   36       877614       24378        3.4        0          210      91383      4798       4421.93    3006.09

[1;1H[2J
Get Statistics
Type     Time(s)  Ops          TPS(ops/s)   Net(M/s)   Get_miss   Min(us)  Max(us)    Avg(us)    Std_dev    Geo_dist  
Period   1        24594        24594        3.3        0          239      92052      4664       4417.84    2864.32
Global   37       893374       24145        3.4        0          210      92052      4791       4419.90    2999.89

Set Statistics
Type     Time(s)  Ops          TPS(ops/s)   Net(M/s)   Get_miss   Min(us)  Max(us)    Avg(us)    Std_dev    Geo_dist  
Period   1        252          252          0.0        0          546      28932      4599       4027.62    2880.18
Global   37       9084         245          0.0        0          300      89630      5051       4664.64    3233.35

Total Statistics
Type     Time(s)  Ops          TPS(ops/s)   Net(M/s)   Get_miss   Min(us)  Max(us)    Avg(us)    Std_dev    Geo_dist  
Period   1        24846        24846        3.3        0          239      92052      4664       4413.82    2865.69
Global   37       902460       24390        3.4        0          210      92052      4794       4422.10    3002.16

[1;1H[2J
Get Statistics
Type     Time(s)  Ops          TPS(ops/s)   Net(M/s)   Get_miss   Min(us)  Max(us)    Avg(us)    Std_dev    Geo_dist  
Period   1        22664        22664        3.3        0          262      109182     5017       7257.63    2836.44
Global   38       916038       24106        3.1        0          210      109182     4797       4511.40    2995.76

Set Statistics
Type     Time(s)  Ops          TPS(ops/s)   Net(M/s)   Get_miss   Min(us)  Max(us)    Avg(us)    Std_dev    Geo_dist  
Period   1        227          227          0.0        0          307      86506      5168       6686.65    3062.04
Global   38       9311         245          0.0        0          300      89630      5054       4723.61    3229.06

Total Statistics
Type     Time(s)  Ops          TPS(ops/s)   Net(M/s)   Get_miss   Min(us)  Max(us)    Avg(us)    Std_dev    Geo_dist  
Period   1        22890        22890        3.3        0          262      109182     5018       7252.28    2837.35
Global   38       925350       24351        3.1        0          210      109182     4800       4513.22    2998.03

[1;1H[2J
Get Statistics
Type     Time(s)  Ops          TPS(ops/s)   Net(M/s)   Get_miss   Min(us)  Max(us)    Avg(us)    Std_dev    Geo_dist  
Period   1        21854        21854        3.3        0          234      162676     5320       6158.73    3325.24
Global   39       937892       24048        3.0        0          210      162676     4809       4557.45    3003.09

Set Statistics
Type     Time(s)  Ops          TPS(ops/s)   Net(M/s)   Get_miss   Min(us)  Max(us)    Avg(us)    Std_dev    Geo_dist  
Period   1        216          216          0.0        0          458      54743      5340       5871.04    3349.48
Global   39       9527         244          0.0        0          300      89630      5060       4753.03    3231.74

Total Statistics
Type     Time(s)  Ops          TPS(ops/s)   Net(M/s)   Get_miss   Min(us)  Max(us)    Avg(us)    Std_dev    Geo_dist  
Period   1        22069        22069        3.3        0          234      162676     5320       6156.06    3325.35
Global   39       947419       24292        3.0        0          210      162676     4812       4559.02    3005.30

[1;1H[2J
Get Statistics
Type     Time(s)  Ops          TPS(ops/s)   Net(M/s)   Get_miss   Min(us)  Max(us)    Avg(us)    Std_dev    Geo_dist  
Period   1        24876        24876        3.3        0          272      89538      4610       4319.83    2879.67
Global   40       962768       24069        3.4        0          210      162676     4804       4551.42    2999.80

Set Statistics
Type     Time(s)  Ops          TPS(ops/s)   Net(M/s)   Get_miss   Min(us)  Max(us)    Avg(us)    Std_dev    Geo_dist  
Period   1        262          262          0.0        0          442      25336      5022       4160.23    3295.52
Global   40       9789         244          0.0        0          300      89630      5059       4737.92    3233.43

Total Statistics
Type     Time(s)  Ops          TPS(ops/s)   Net(M/s)   Get_miss   Min(us)  Max(us)    Avg(us)    Std_dev    Geo_dist  
Period   1        25140        25140        3.3        0          272      89538      4614       4318.50    2882.91
Global   40       972559       24313        3.5        0          210      162676     4807       4552.95    3002.07

[1;1H[2J
Get Statistics
Type     Time(s)  Ops          TPS(ops/s)   Net(M/s)   Get_miss   Min(us)  Max(us)    Avg(us)    Std_dev    Geo_dist  
Period   1        25157        25157        3.3        0          261      77302      4615       4091.66    2939.30
Global   41       987925       24095        3.5        0          210      162676     4799       4540.59    2998.30

Set Statistics
Type     Time(s)  Ops          TPS(ops/s)   Net(M/s)   Get_miss   Min(us)  Max(us)    Avg(us)    Std_dev    Geo_dist  
Period   1        252          252          0.0        0          552      20553      4920       3981.86    3237.46
Global   41       10041        244          0.0        0          300      89630      5056       4719.79    3233.53

Total Statistics
Type     Time(s)  Ops          TPS(ops/s)   Net(M/s)   Get_miss   Min(us)  Max(us)    Avg(us)    Std_dev    Geo_dist  
Period   1        25411        25411        3.3        0          261      77302      4619       4089.94    2943.37
Global   41       997970       24340        3.5        0          210      162676     4802       4542.07    3000.59

[1;1H[2J
Get Statistics
Type     Time(s)  Ops          TPS(ops/s)   Net(M/s)   Get_miss   Min(us)  Max(us)    Avg(us)    Std_dev    Geo_dist  
Period   1        24701        24701        3.3        0          313      50798      4716       4305.89    2921.87
Global   42       1012626      24110        3.4        0          210      162676     4797       4535.01    2996.44

Set Statistics
Type     Time(s)  Ops          TPS(ops/s)   Net(M/s)   Get_miss   Min(us)  Max(us)    Avg(us)    Std_dev    Geo_dist  
Period   1        240          240          0.0        0          475      28445      4639       4058.51    2903.41
Global   42       10281        244          0.0        0          300      89630      5046       4705.95    3225.42

Total Statistics
Type     Time(s)  Ops          TPS(ops/s)   Net(M/s)   Get_miss   Min(us)  Max(us)    Avg(us)    Std_dev    Geo_dist  
Period   1        24937        24937        3.3        0          313      50798      4715       4303.79    2922.30
Global   42       1022907      24354        3.4        0          210      162676     4800       4536.30    2998.66

[1;1H[2J
Get Statistics
Type     Time(s)  Ops          TPS(ops/s)   Net(M/s)   Get_miss   Min(us)  Max(us)    Avg(us)    Std_dev    Geo_dist  
Period   1        22394        22394        3.3        0          288      112690     5128       8149.59    2910.70
Global   43       1035020      24070        3.1        0          210      162676     4804       4643.50    2994.56

Set Statistics
Type     Time(s)  Ops          TPS(ops/s)   Net(M/s)   Get_miss   Min(us)  Max(us)    Avg(us)    Std_dev    Geo_dist  
Period   1        229          229          0.0        0          607      103945     5519       9793.51    3110.18
Global   43       10510        244          0.0        0          300      103945     5057       4872.58    3222.86

Total Statistics
Type     Time(s)  Ops          TPS(ops/s)   Net(M/s)   Get_miss   Min(us)  Max(us)    Avg(us)    Std_dev    Geo_dist  
Period   1        22624        22624        3.3        0          288      112690     5132       8167.59    2912.78
Global   43       1045531      24314        3.1        0          210      162676     4807       4645.46    2996.77

[1;1H[2J
Get Statistics
Type     Time(s)  Ops          TPS(ops/s)   Net(M/s)   Get_miss   Min(us)  Max(us)    Avg(us)    Std_dev    Geo_dist  
Period   1        25129        25129        3.3        0          291      51350      4616       4124.67    2913.68
Global   44       1060149      24094        3.5        0          210      162676     4800       4631.50    2992.64

Set Statistics
Type     Time(s)  Ops          TPS(ops/s)   Net(M/s)   Get_miss   Min(us)  Max(us)    Avg(us)    Std_dev    Geo_dist  
Period   1        255          255          0.0        0          521      28281      4889       4392.52    3128.38
Global   44       10765        244          0.0        0          300      103945     5053       4861.65    3220.59

Total Statistics
Type     Time(s)  Ops          TPS(ops/s)   Net(M/s)   Get_miss   Min(us)  Max(us)    Avg(us)    Std_dev    Geo_dist  
Period   1        25384        25384        3.3        0          291      51350      4619       4126.97    2915.69
Global   44       1070915      24338        3.5        0          210      162676     4802       4634.50    2994.85

[1;1H[2J
Get Statistics
Type     Time(s)  Ops          TPS(ops/s)   Net(M/s)   Get_miss   Min(us)  Max(us)    Avg(us)    Std_dev    Geo_dist  
Period   1        25034        25034        3.3        0          261      108219     4616       4618.86    2841.47
Global   45       1085183      24115        3.4        0          210      162676     4796       4631.04    2989.09

Set Statistics
Type     Time(s)  Ops          TPS(ops/s)   Net(M/s)   Get_miss   Min(us)  Max(us)    Avg(us)    Std_dev    Geo_dist  
Period   1        251          251          0.0        0          414      39795      5046       4858.04    3201.97
Global   45       11016        244          0.0        0          300      103945     5052       4862.23    3220.16

Total Statistics
Type     Time(s)  Ops          TPS(ops/s)   Net(M/s)   Get_miss   Min(us)  Max(us)    Avg(us)    Std_dev    Geo_dist  
Period   1        25288        25288        3.3        0          261      108219     4620       4621.36    2844.99
Global   45       1096203      24360        3.5        0          210      162676     4798       4634.07    2991.33

[1;1H[2J
Get Statistics
Type     Time(s)  Ops          TPS(ops/s)   Net(M/s)   Get_miss   Min(us)  Max(us)    Avg(us)    Std_dev    Geo_dist  
Period   1        24005        24005        3.3        0          283      38949      4784       3908.42    3155.45
Global   46       1109188      24112        3.3        0          210      162676     4795       4617.37    2992.68

Set Statistics
Type     Time(s)  Ops          TPS(ops/s)   Net(M/s)   Get_miss   Min(us)  Max(us)    Avg(us)    Std_dev    Geo_dist  
Period   1        247          247          0.0        0          553      19891      4934       3950.47    3300.82
Global   46       11263        244          0.0        0          300      103945     5050       4843.35    3221.91

Total Statistics
Type     Time(s)  Ops          TPS(ops/s)   Net(M/s)   Get_miss   Min(us)  Max(us)    Avg(us)    Std_dev    Geo_dist  
Period   1        24248        24248        3.3        0          283      38949      4787       3907.70    3160.00
Global   46       1120451      24357        3.3        0          210      162676     4798       4619.31    2994.90

[1;1H[2J
Get Statistics
Type     Time(s)  Ops          TPS(ops/s)   Net(M/s)   Get_miss   Min(us)  Max(us)    Avg(us)    Std_dev    Geo_dist  
Period   1        23439        23439        3.3        0          249      30732      4925       3998.87    3207.29
Global   47       1132627      24098        3.2        0          210      162676     4798       4605.12    2996.98

Set Statistics
Type     Time(s)  Ops          TPS(ops/s)   Net(M/s)   Get_miss   Min(us)  Max(us)    Avg(us)    Std_dev    Geo_dist  
Period   1        237          237          0.0        0          567      30088      5551       4419.27    3662.80
Global   47       11500        244          0.0        0          300      103945     5060       4835.67    3230.44

Total Statistics
Type     Time(s)  Ops          TPS(ops/s)   Net(M/s)   Get_miss   Min(us)  Max(us)    Avg(us)    Std_dev    Geo_dist  
Period   1        23676        23676        3.3        0          249      30732      4931       4004.00    3211.56
Global   47       1144127      24343        3.3        0          210      162676     4801       4607.19    2999.24

[1;1H[2J
Get Statistics
Type     Time(s)  Ops          TPS(ops/s)   Net(M/s)   Get_miss   Min(us)  Max(us)    Avg(us)    Std_dev    Geo_dist  
Period   1        24387        24387        3.3        0          266      65500      4647       3952.63    2986.57
Global   48       1157014      24104        3.3        0          210      162676     4795       4592.19    2996.76

Set Statistics
Type     Time(s)  Ops          TPS(ops/s)   Net(M/s)   Get_miss   Min(us)  Max(us)    Avg(us)    Std_dev    Geo_dist  
Period   1        241          241          0.0        0          364      30716      5001       4186.11    3323.18
Global   48       11741        244          0.0        0          300      103945     5059       4822.85    3232.32

Total Statistics
Type     Time(s)  Ops          TPS(ops/s)   Net(M/s)   Get_miss   Min(us)  Max(us)    Avg(us)    Std_dev    Geo_dist  
Period   1        24630        24630        3.3        0          266      65500      4651       3954.63    2989.93
Global   48       1168757      24349        3.4        0          210      162676     4798       4594.27    2999.04

[1;1H[2J
Get Statistics
Type     Time(s)  Ops          TPS(ops/s)   Net(M/s)   Get_miss   Min(us)  Max(us)    Avg(us)    Std_dev    Geo_dist  
Period   1        23775        23775        3.3        0          244      32417      4901       4070.19    3107.47
Global   49       1180789      24097        3.3        0          210      162676     4797       4582.44    2998.99

Set Statistics
Type     Time(s)  Ops          TPS(ops/s)   Net(M/s)   Get_miss   Min(us)  Max(us)    Avg(us)    Std_dev    Geo_dist  
Period   1        244          244          0.0        0          433      29589      5196       4299.62    3341.15
Global   49       11985        244          0.0        0          300      103945     5062       4812.42    3234.50

Total Statistics
Type     Time(s)  Ops          TPS(ops/s)   Net(M/s)   Get_miss   Min(us)  Max(us)    Avg(us)    Std_dev    Geo_dist  
Period   1        24019        24019        3.3        0          244      32417      4904       4071.97    3108.50
Global   49       1192776      24342        3.3        0          210      162676     4800       4584.52    3001.27

[1;1H[2J
Get Statistics
Type     Time(s)  Ops          TPS(ops/s)   Net(M/s)   Get_miss   Min(us)  Max(us)    Avg(us)    Std_dev    Geo_dist  
Period   1        22927        22927        3.3        0          312      40933      5001       3984.21    3322.65
Global   50       1203716      24074        3.1        0          210      162676     4801       4571.74    3004.85

Set Statistics
Type     Time(s)  Ops          TPS(ops/s)   Net(M/s)   Get_miss   Min(us)  Max(us)    Avg(us)    Std_dev    Geo_dist  
Period   1        227          227          0.0        0          327      23200      5176       4130.86    3395.28
Global   50       12212        244          0.0        0          300      103945     5064       4800.63    3237.41

Total Statistics
Type     Time(s)  Ops          TPS(ops/s)   Net(M/s)   Get_miss   Min(us)  Max(us)    Avg(us)    Std_dev    Geo_dist  
Period   1        23154        23154        3.3        0          312      40933      5003       3985.41    3323.40
Global   50       1215930      24318        3.2        0          210      162676     4804       4573.79    3007.11

[1;1H[2J
Get Statistics
Type     Time(s)  Ops          TPS(ops/s)   Net(M/s)   Get_miss   Min(us)  Max(us)    Avg(us)    Std_dev    Geo_dist  
Period   1        24503        24503        3.3        0          263      37188      4731       3894.66    3089.25
Global   51       1228219      24082        3.4        0          210      162676     4800       4558.81    3006.56

Set Statistics
Type     Time(s)  Ops          TPS(ops/s)   Net(M/s)   Get_miss   Min(us)  Max(us)    Avg(us)    Std_dev    Geo_dist  
Period   1        253          253          0.0        0          450      18514      4946       4028.86    3207.68
Global   51       12465        244          0.0        0          300      103945     5061       4786.74    3236.81

Total Statistics
Type     Time(s)  Ops          TPS(ops/s)   Net(M/s)   Get_miss   Min(us)  Max(us)    Avg(us)    Std_dev    Geo_dist  
Period   1        24754        24754        3.3        0          263      37188      4733       3896.37    3091.33
Global   51       1240684      24327        3.4        0          210      162676     4802       4561.89    3008.79

[1;1H[2J
Get Statistics
Type     Time(s)  Ops          TPS(ops/s)   Net(M/s)   Get_miss   Min(us)  Max(us)    Avg(us)    Std_dev    Geo_dist  
Period   1        24358        24358        3.3        0          290      48218      4741       4065.73    2979.00
Global   52       1252577      24088        3.3        0          210      162676     4798       4550.64    3006.02

Set Statistics
Type     Time(s)  Ops          TPS(ops/s)   Net(M/s)   Get_miss   Min(us)  Max(us)    Avg(us)    Std_dev    Geo_dist  
Period   1        243          243          0.0        0          379      20290      4811       3851.58    3083.07
Global   52       12708        244          0.0        0          300      103945     5057       4769.75    3233.80

Total Statistics
Type     Time(s)  Ops          TPS(ops/s)   Net(M/s)   Get_miss   Min(us)  Max(us)    Avg(us)    Std_dev    Geo_dist  
Period   1        24605        24605        3.3        0          290      48218      4743       4062.44    2980.46
Global   52       1265289      24332        3.4        0          210      162676     4801       4552.55    3008.23

[1;1H[2J
Get Statistics
Type     Time(s)  Ops          TPS(ops/s)   Net(M/s)   Get_miss   Min(us)  Max(us)    Avg(us)    Std_dev    Geo_dist  
Period   1        24313        24313        3.3        0          305      62385      4793       4336.93    2964.18
Global   53       1276890      24092        3.3        0          210      162676     4798       4546.57    3005.26

Set Statistics
Type     Time(s)  Ops          TPS(ops/s)   Net(M/s)   Get_miss   Min(us)  Max(us)    Avg(us)    Std_dev    Geo_dist  
Period   1        247          247          0.0        0          590      21949      5167       4034.92    3412.76
Global   53       12955        244          0.0        0          300      103945     5059       4756.79    3237.12

Total Statistics
Type     Time(s)  Ops          TPS(ops/s)   Net(M/s)   Get_miss   Min(us)  Max(us)    Avg(us)    Std_dev    Geo_dist  
Period   1        24558        24558        3.3        0          305      62385      4797       4334.12    2969.27
Global   53       1289847      24336        3.4        0          210      162676     4801       4548.41    3007.51

[1;1H[2J
Get Statistics
Type     Time(s)  Ops          TPS(ops/s)   Net(M/s)   Get_miss   Min(us)  Max(us)    Avg(us)    Std_dev    Geo_dist  
Period   1        24512        24512        3.3        0          273      46533      4710       4300.18    2902.75
Global   54       1301402      24100        3.4        0          210      162676     4797       4541.38    3003.31

Set Statistics
Type     Time(s)  Ops          TPS(ops/s)   Net(M/s)   Get_miss   Min(us)  Max(us)    Avg(us)    Std_dev    Geo_dist  
Period   1        255          255          0.0        0          455      20007      4731       4167.90    2897.41
Global   54       13210        244          0.0        0          300      103945     5052       4746.90    3230.20

Total Statistics
Type     Time(s)  Ops          TPS(ops/s)   Net(M/s)   Get_miss   Min(us)  Max(us)    Avg(us)    Std_dev    Geo_dist  
Period   1        24767        24767        3.3        0          273      46533      4711       4298.15    2903.74
Global   54       1314614      24344        3.4        0          210      162676     4799       4544.16    3005.52

[1;1H[2J
Get Statistics
Type     Time(s)  Ops          TPS(ops/s)   Net(M/s)   Get_miss   Min(us)  Max(us)    Avg(us)    Std_dev    Geo_dist  
Period   1        25110        25110        3.3        0          278      50123      4599       4010.46    2890.58
Global   55       1326512      24118        3.4        0          210      162676     4793       4532.26    3001.16

Set Statistics
Type     Time(s)  Ops          TPS(ops/s)   Net(M/s)   Get_miss   Min(us)  Max(us)    Avg(us)    Std_dev    Geo_dist  
Period   1        248          248          0.0        0          396      18714      4865       3960.14    3125.12
Global   55       13458        244          0.0        0          300      103945     5049       4733.06    3228.23

Total Statistics
Type     Time(s)  Ops          TPS(ops/s)   Net(M/s)   Get_miss   Min(us)  Max(us)    Avg(us)    Std_dev    Geo_dist  
Period   1        25358        25358        3.3        0          278      50123      4601       4010.91    2893.80
Global   55       1339972      24363        3.5        0          210      162676     4796       4533.94    3003.36

[1;1H[2J
Get Statistics
Type     Time(s)  Ops          TPS(ops/s)   Net(M/s)   Get_miss   Min(us)  Max(us)    Avg(us)    Std_dev    Geo_dist  
Period   1        24459        24459        3.3        0          314      59896      4710       4041.70    2970.66
Global   56       1350971      24124        3.4        0          210      162676     4791       4524.39    3000.62

Set Statistics
Type     Time(s)  Ops          TPS(ops/s)   Net(M/s)   Get_miss   Min(us)  Max(us)    Avg(us)    Std_dev    Geo_dist  
Period   1        252          252          0.0        0          526      23643      4916       3803.01    3247.70
Global   56       13710        244          0.0        0          300      103945     5047       4717.06    3228.59

Total Statistics
Type     Time(s)  Ops          TPS(ops/s)   Net(M/s)   Get_miss   Min(us)  Max(us)    Avg(us)    Std_dev    Geo_dist  
Period   1        24712        24712        3.3        0          314      59896      4712       4039.86    2974.55
Global   56       1364684      24369        3.4        0          210      162676     4794       4525.99    3002.84

[1;1H[2J
Get Statistics
Type     Time(s)  Ops          TPS(ops/s)   Net(M/s)   Get_miss   Min(us)  Max(us)    Avg(us)    Std_dev    Geo_dist  
Period   1        25161        25161        3.3        0          294      55922      4641       4148.69    2917.56
Global   57       1376132      24142        3.5        0          210      162676     4789       4517.08    2999.14

Set Statistics
Type     Time(s)  Ops          TPS(ops/s)   Net(M/s)   Get_miss   Min(us)  Max(us)    Avg(us)    Std_dev    Geo_dist  
Period   1        246          246          0.0        0          405      20927      4473       3777.37    2884.29
Global   57       13956        244          0.0        0          300      103945     5036       4703.56    3222.18

Total Statistics
Type     Time(s)  Ops          TPS(ops/s)   Net(M/s)   Get_miss   Min(us)  Max(us)    Avg(us)    Std_dev    Geo_dist  
Period   1        25405        25405        3.3        0          294      55922      4640       4144.71    2919.01
Global   57       1390089      24387        3.5        0          210      162676     4791       4519.56    3001.31

[1;1H[2J
Get Statistics
Type     Time(s)  Ops          TPS(ops/s)   Net(M/s)   Get_miss   Min(us)  Max(us)    Avg(us)    Std_dev    Geo_dist  
Period   1        24628        24628        3.3        0          273      57124      4704       4125.12    2919.58
Global   58       1400760      24151        3.4        0          210      162676     4787       4511.03    2997.74

Set Statistics
Type     Time(s)  Ops          TPS(ops/s)   Net(M/s)   Get_miss   Min(us)  Max(us)    Avg(us)    Std_dev    Geo_dist  
Period   1        249          249          0.0        0          522      18869      4986       3916.12    3255.79
Global   58       14205        244          0.0        0          300      103945     5036       4689.85    3222.76

Total Statistics
Type     Time(s)  Ops          TPS(ops/s)   Net(M/s)   Get_miss   Min(us)  Max(us)    Avg(us)    Std_dev    Geo_dist  
Period   1        24877        24877        3.4        0          273      57124      4707       4122.91    2922.77
Global   58       1414966      24395        3.4        0          210      162676     4790       4512.40    2999.93

[1;1H[2J
Get Statistics
Type     Time(s)  Ops          TPS(ops/s)   Net(M/s)   Get_miss   Min(us)  Max(us)    Avg(us)    Std_dev    Geo_dist  
Period   1        23632        23632        3.3        0          263      49815      4924       4111.30    3136.52
Global   59       1424392      24142        3.2        0          210      162676     4790       4503.95    3000.01

Set Statistics
Type     Time(s)  Ops          TPS(ops/s)   Net(M/s)   Get_miss   Min(us)  Max(us)    Avg(us)    Std_dev    Geo_dist  
Period   1        244          244          0.0        0          538      29149      5469       4490.72    3516.69
Global   59       14449        244          0.0        0          300      103945     5043       4687.07    3227.52

Total Statistics
Type     Time(s)  Ops          TPS(ops/s)   Net(M/s)   Get_miss   Min(us)  Max(us)    Avg(us)    Std_dev    Geo_dist  
Period   1        23877        23877        3.3        0          263      49815      4930       4115.12    3140.30
Global   59       1438843      24387        3.3        0          210      162676     4792       4506.47    3002.22

[1;1H[2J
Get Statistics
Type     Time(s)  Ops          TPS(ops/s)   Net(M/s)   Get_miss   Min(us)  Max(us)    Avg(us)    Std_dev    Geo_dist  
Period   1        24159        24159        3.3        0          294      51537      4756       4467.33    2866.07
Global   60       1448551      24142        3.3        0          210      162676     4789       4503.81    2997.75

Set Statistics
Type     Time(s)  Ops          TPS(ops/s)   Net(M/s)   Get_miss   Min(us)  Max(us)    Avg(us)    Std_dev    Geo_dist  
Period   1        242          242          0.0        0          542      15994      4940       3993.37    3134.67
Global   60       14691        244          0.0        0          300      103945     5041       4676.71    3225.97

Total Statistics
Type     Time(s)  Ops          TPS(ops/s)   Net(M/s)   Get_miss   Min(us)  Max(us)    Avg(us)    Std_dev    Geo_dist  
Period   1        24400        24400        3.3        0          294      51537      4757       4463.31    2867.43
Global   60       1463243      24387        3.4        0          210      162676     4792       4505.15    2999.98

Get Statistics (1448668 events)
   Min:       210
   Max:    162676
   Avg:      4789
   Geo:   2997.95
   Std:   4504.19
   Log2 Dist:
       8:       22    11551   267333   387557
      12:   122792   312366   327279    17735
      16:     1597      423       13

Set Statistics (14693 events)
   Min:       300
   Max:    103945
   Avg:      5042
   Geo:   3226.42
   Std:   4676.12
   Log2 Dist:
       8:        0       65     2264     4028
      12:     1282     2962     3874      199
      16:       11        8

Total Statistics (1463361 events)
   Min:       210
   Max:    162676
   Avg:      4792
   Geo:   3000.17
   Std:   4505.53
   Log2 Dist:
       8:       22    11616   269597   391585
      12:   124074   315328   331153    17934
      16:     1608      431       13

cmd_get: 1448784
cmd_set: 14694
get_misses: 0
written_bytes: 34221576
read_bytes: 239147764
object_bytes: 2115936

Run time: 60.4s Ops: 1463478 TPS: 24226 Net_rate: 4.3M/s
