servers : 10.0.0.11:9000
threads count: 68
concurrency: 68
run time: 60s
windows size: 10k
set proportion: set_prop=0.01
get proportion: get_prop=0.99
[1;1H[2J
Get Statistics
Type     Time(s)  Ops          TPS(ops/s)   Net(M/s)   Get_miss   Min(us)  Max(us)    Avg(us)    Std_dev    Geo_dist  
Period   1        20600        20600        2.8        0          227      21987      3260       3184.70    1973.02
Global   1        20600        20600        2.8        0          227      21987      3260       3184.70    1973.02

Set Statistics
Type     Time(s)  Ops          TPS(ops/s)   Net(M/s)   Get_miss   Min(us)  Max(us)    Avg(us)    Std_dev    Geo_dist  
Period   1        235          235          0.0        0          429      10687      2963       2990.62    1897.14
Global   1        235          235          0.0        0          429      10687      2963       2990.62    1897.14

Total Statistics
Type     Time(s)  Ops          TPS(ops/s)   Net(M/s)   Get_miss   Min(us)  Max(us)    Avg(us)    Std_dev    Geo_dist  
Period   1        20836        20836        2.9        0          227      21987      3257       3182.17    1972.13
Global   1        20836        20836        2.9        0          227      21987      3257       3182.17    1972.13

[1;1H[2J
Get Statistics
Type     Time(s)  Ops          TPS(ops/s)   Net(M/s)   Get_miss   Min(us)  Max(us)    Avg(us)    Std_dev    Geo_dist  
Period   1        21328        21328        2.9        0          190      19410      3141       3219.00    1874.19
Global   2        41928        20964        2.9        0          190      21987      3200       3202.18    1922.45

Set Statistics
Type     Time(s)  Ops          TPS(ops/s)   Net(M/s)   Get_miss   Min(us)  Max(us)    Avg(us)    Std_dev    Geo_dist  
Period   1        220          220          0.0        0          400      16644      3377       3337.32    1999.04
Global   2        455          227          0.0        0          400      16644      3163       3166.45    1945.74

Total Statistics
Type     Time(s)  Ops          TPS(ops/s)   Net(M/s)   Get_miss   Min(us)  Max(us)    Avg(us)    Std_dev    Geo_dist  
Period   1        21549        21549        2.9        0          190      19410      3144       3220.24    1875.67
Global   2        42385        21192        3.0        0          190      21987      3200       3201.60    1922.82

[1;1H[2J
Get Statistics
Type     Time(s)  Ops          TPS(ops/s)   Net(M/s)   Get_miss   Min(us)  Max(us)    Avg(us)    Std_dev    Geo_dist  
Period   1        21216        21216        2.9        0          246      17914      3177       3172.47    1930.58
Global   3        63144        21048        2.9        0          190      21987      3192       3192.75    1925.72

Set Statistics
Type     Time(s)  Ops          TPS(ops/s)   Net(M/s)   Get_miss   Min(us)  Max(us)    Avg(us)    Std_dev    Geo_dist  
Period   1        215          215          0.0        0          388      10827      3035       2946.42    1909.52
Global   3        670          223          0.0        0          388      16644      3122       3095.85    1934.04

Total Statistics
Type     Time(s)  Ops          TPS(ops/s)   Net(M/s)   Get_miss   Min(us)  Max(us)    Avg(us)    Std_dev    Geo_dist  
Period   1        21430        21430        2.9        0          246      17914      3176       3170.36    1931.05
Global   3        63815        21271        2.9        0          190      21987      3192       3191.08    1925.85

[1;1H[2J
Get Statistics
Type     Time(s)  Ops          TPS(ops/s)   Net(M/s)   Get_miss   Min(us)  Max(us)    Avg(us)    Std_dev    Geo_dist  
Period   1        22383        22383        2.9        0          269      21395      3031       3244.30    1792.07
Global   4        85527        21381        3.1        0          190      21987      3150       3206.95    1889.81

Set Statistics
Type     Time(s)  Ops          TPS(ops/s)   Net(M/s)   Get_miss   Min(us)  Max(us)    Avg(us)    Std_dev    Geo_dist  
Period   1        229          229          0.0        0          412      10008      2948       3116.21    1734.40
Global   4        899          224          0.0        0          388      16644      3078       3099.92    1881.11

Total Statistics
Type     Time(s)  Ops          TPS(ops/s)   Net(M/s)   Get_miss   Min(us)  Max(us)    Avg(us)    Std_dev    Geo_dist  
Period   1        22613        22613        3.0        0          269      21395      3031       3242.49    1791.60
Global   4        86428        21607        3.1        0          190      21987      3150       3205.25    1889.78

[1;1H[2J
Get Statistics
Type     Time(s)  Ops          TPS(ops/s)   Net(M/s)   Get_miss   Min(us)  Max(us)    Avg(us)    Std_dev    Geo_dist  
Period   1        23341        23341        3.0        0          232      15347      2905       3163.90    1694.34
Global   5        108868       21773        3.2        0          190      21987      3098       3198.91    1846.24

Set Statistics
Type     Time(s)  Ops          TPS(ops/s)   Net(M/s)   Get_miss   Min(us)  Max(us)    Avg(us)    Std_dev    Geo_dist  
Period   1        237          237          0.0        0          326      11129      2953       3146.91    1748.50
Global   5        1136         227          0.0        0          326      16644      3052       3108.72    1852.64

Total Statistics
Type     Time(s)  Ops          TPS(ops/s)   Net(M/s)   Get_miss   Min(us)  Max(us)    Avg(us)    Std_dev    Geo_dist  
Period   1        23578        23578        3.0        0          232      15347      2905       3163.38    1693.59
Global   5        110006       22001        3.2        0          190      21987      3097       3198.58    1846.35

[1;1H[2J
Get Statistics
Type     Time(s)  Ops          TPS(ops/s)   Net(M/s)   Get_miss   Min(us)  Max(us)    Avg(us)    Std_dev    Geo_dist  
Period   1        23004        23004        3.0        0          263      17894      2938       3076.45    1742.44
Global   6        131872       21978        3.2        0          190      21987      3070       3178.61    1827.82

Set Statistics
Type     Time(s)  Ops          TPS(ops/s)   Net(M/s)   Get_miss   Min(us)  Max(us)    Avg(us)    Std_dev    Geo_dist  
Period   1        233          233          0.0        0          416      12742      3355       3264.30    1989.27
Global   6        1369         228          0.0        0          326      16644      3103       3137.16    1875.21

Total Statistics
Type     Time(s)  Ops          TPS(ops/s)   Net(M/s)   Get_miss   Min(us)  Max(us)    Avg(us)    Std_dev    Geo_dist  
Period   1        23235        23235        3.0        0          263      17894      2942       3078.67    1745.22
Global   6        133241       22206        3.2        0          190      21987      3070       3178.50    1828.30

[1;1H[2J
Get Statistics
Type     Time(s)  Ops          TPS(ops/s)   Net(M/s)   Get_miss   Min(us)  Max(us)    Avg(us)    Std_dev    Geo_dist  
Period   1        21942        21942        3.0        0          292      18930      3058       3162.45    1821.73
Global   7        153814       21973        3.0        0          190      21987      3068       3176.58    1826.95

Set Statistics
Type     Time(s)  Ops          TPS(ops/s)   Net(M/s)   Get_miss   Min(us)  Max(us)    Avg(us)    Std_dev    Geo_dist  
Period   1        218          218          0.0        0          370      14492      2541       2897.25    1535.56
Global   7        1587         226          0.0        0          326      16644      3026       3110.26    1824.44

Total Statistics
Type     Time(s)  Ops          TPS(ops/s)   Net(M/s)   Get_miss   Min(us)  Max(us)    Avg(us)    Std_dev    Geo_dist  
Period   1        22162        22162        3.0        0          292      18930      3053       3160.77    1818.90
Global   7        155403       22200        3.0        0          190      21987      3068       3175.56    1826.96

[1;1H[2J
Get Statistics
Type     Time(s)  Ops          TPS(ops/s)   Net(M/s)   Get_miss   Min(us)  Max(us)    Avg(us)    Std_dev    Geo_dist  
Period   1        22074        22074        3.0        0          278      18899      3075       3270.79    1770.89
Global   8        175888       21986        3.0        0          190      21987      3069       3188.53    1820.00

Set Statistics
Type     Time(s)  Ops          TPS(ops/s)   Net(M/s)   Get_miss   Min(us)  Max(us)    Avg(us)    Std_dev    Geo_dist  
Period   1        222          222          0.0        0          396      13918      3135       3434.67    1765.78
Global   8        1809         226          0.0        0          326      16644      3039       3151.42    1817.13

Total Statistics
Type     Time(s)  Ops          TPS(ops/s)   Net(M/s)   Get_miss   Min(us)  Max(us)    Avg(us)    Std_dev    Geo_dist  
Period   1        22294        22294        3.1        0          278      18899      3076       3272.28    1771.51
Global   8        177697       22212        3.1        0          190      21987      3069       3187.85    1819.91

[1;1H[2J
Get Statistics
Type     Time(s)  Ops          TPS(ops/s)   Net(M/s)   Get_miss   Min(us)  Max(us)    Avg(us)    Std_dev    Geo_dist  
Period   1        21886        21886        3.0        0          238      16893      3091       3181.04    1823.74
Global   9        197774       21974        3.0        0          190      21987      3071       3188.12    1820.42

Set Statistics
Type     Time(s)  Ops          TPS(ops/s)   Net(M/s)   Get_miss   Min(us)  Max(us)    Avg(us)    Std_dev    Geo_dist  
Period   1        224          224          0.0        0          427      9745       3308       3271.51    1978.35
Global   9        2033         225          0.0        0          326      16644      3069       3164.82    1834.23

Total Statistics
Type     Time(s)  Ops          TPS(ops/s)   Net(M/s)   Get_miss   Min(us)  Max(us)    Avg(us)    Std_dev    Geo_dist  
Period   1        22110        22110        3.0        0          238      16893      3093       3182.16    1825.78
Global   9        199807       22200        3.0        0          190      21987      3071       3187.86    1820.56

[1;1H[2J
Get Statistics
Type     Time(s)  Ops          TPS(ops/s)   Net(M/s)   Get_miss   Min(us)  Max(us)    Avg(us)    Std_dev    Geo_dist  
Period   1        21853        21853        3.0        0          254      19245      3087       3231.37    1793.54
Global   10       219627       21962        3.0        0          190      21987      3073       3192.05    1817.72

Set Statistics
Type     Time(s)  Ops          TPS(ops/s)   Net(M/s)   Get_miss   Min(us)  Max(us)    Avg(us)    Std_dev    Geo_dist  
Period   1        218          218          0.0        0          387      11717      2928       3157.13    1741.48
Global   10       2251         225          0.0        0          326      16644      3055       3163.99    1825.04

Total Statistics
Type     Time(s)  Ops          TPS(ops/s)   Net(M/s)   Get_miss   Min(us)  Max(us)    Avg(us)    Std_dev    Geo_dist  
Period   1        22073        22073        3.0        0          254      19245      3086       3230.53    1793.24
Global   10       221880       22188        3.0        0          190      21987      3073       3191.64    1817.82

[1;1H[2J
Get Statistics
Type     Time(s)  Ops          TPS(ops/s)   Net(M/s)   Get_miss   Min(us)  Max(us)    Avg(us)    Std_dev    Geo_dist  
Period   1        22316        22316        3.0        0          238      18892      3014       3061.82    1858.96
Global   11       241943       21994        3.1        0          190      21987      3068       3179.92    1821.55

Set Statistics
Type     Time(s)  Ops          TPS(ops/s)   Net(M/s)   Get_miss   Min(us)  Max(us)    Avg(us)    Std_dev    Geo_dist  
Period   1        229          229          0.0        0          438      12786      3326       3353.95    2016.16
Global   11       2480         225          0.0        0          326      16644      3080       3182.29    1841.90

Total Statistics
Type     Time(s)  Ops          TPS(ops/s)   Net(M/s)   Get_miss   Min(us)  Max(us)    Avg(us)    Std_dev    Geo_dist  
Period   1        22542        22542        3.1        0          238      18892      3017       3065.20    1861.62
Global   11       244422       22220        3.1        0          190      21987      3068       3180.06    1821.82

[1;1H[2J
Get Statistics
Type     Time(s)  Ops          TPS(ops/s)   Net(M/s)   Get_miss   Min(us)  Max(us)    Avg(us)    Std_dev    Geo_dist  
Period   1        22103        22103        3.0        0          225      12015      3049       3066.45    1864.70
Global   12       264046       22003        3.0        0          190      21987      3066       3170.97    1825.13

Set Statistics
Type     Time(s)  Ops          TPS(ops/s)   Net(M/s)   Get_miss   Min(us)  Max(us)    Avg(us)    Std_dev    Geo_dist  
Period   1        223          223          0.0        0          403      11632      3579       3281.27    2218.51
Global   12       2703         225          0.0        0          326      16644      3122       3192.09    1870.39

Total Statistics
Type     Time(s)  Ops          TPS(ops/s)   Net(M/s)   Get_miss   Min(us)  Max(us)    Avg(us)    Std_dev    Geo_dist  
Period   1        22331        22331        3.1        0          225      12015      3055       3069.76    1867.82
Global   12       266753       22229        3.1        0          190      21987      3067       3170.89    1825.62

[1;1H[2J
Get Statistics
Type     Time(s)  Ops          TPS(ops/s)   Net(M/s)   Get_miss   Min(us)  Max(us)    Avg(us)    Std_dev    Geo_dist  
Period   1        22067        22067        3.0        0          224      19350      3069       3299.85    1792.38
Global   13       286113       22008        3.0        0          190      21987      3066       3181.47    1822.81

Set Statistics
Type     Time(s)  Ops          TPS(ops/s)   Net(M/s)   Get_miss   Min(us)  Max(us)    Avg(us)    Std_dev    Geo_dist  
Period   1        221          221          0.0        0          446      18983      3310       3403.96    1963.54
Global   13       2924         224          0.0        0          326      18983      3136       3208.57    1877.27

Total Statistics
Type     Time(s)  Ops          TPS(ops/s)   Net(M/s)   Get_miss   Min(us)  Max(us)    Avg(us)    Std_dev    Geo_dist  
Period   1        22284        22284        3.1        0          224      19350      3071       3301.32    1795.69
Global   13       289037       22233        3.1        0          190      21987      3067       3181.46    1823.36

[1;1H[2J
Get Statistics
Type     Time(s)  Ops          TPS(ops/s)   Net(M/s)   Get_miss   Min(us)  Max(us)    Avg(us)    Std_dev    Geo_dist  
Period   1        22249        22249        3.0        0          259      15130      3023       3134.65    1821.95
Global   14       308362       22025        3.1        0          190      21987      3063       3178.03    1822.75

Set Statistics
Type     Time(s)  Ops          TPS(ops/s)   Net(M/s)   Get_miss   Min(us)  Max(us)    Avg(us)    Std_dev    Geo_dist  
Period   1        224          224          0.0        0          425      14047      3387       3267.50    2061.11
Global   14       3148         224          0.0        0          326      18983      3154       3212.78    1889.79

Total Statistics
Type     Time(s)  Ops          TPS(ops/s)   Net(M/s)   Get_miss   Min(us)  Max(us)    Avg(us)    Std_dev    Geo_dist  
Period   1        22475        22475        3.1        0          259      15130      3027       3136.30    1824.42
Global   14       311512       22250        3.1        0          190      21987      3064       3178.35    1823.43

[1;1H[2J
Get Statistics
Type     Time(s)  Ops          TPS(ops/s)   Net(M/s)   Get_miss   Min(us)  Max(us)    Avg(us)    Std_dev    Geo_dist  
Period   1        22360        22360        3.0        0          246      19972      3033       3176.24    1795.71
Global   15       330722       22048        3.1        0          190      21987      3061       3177.91    1820.96

Set Statistics
Type     Time(s)  Ops          TPS(ops/s)   Net(M/s)   Get_miss   Min(us)  Max(us)    Avg(us)    Std_dev    Geo_dist  
Period   1        227          227          0.0        0          343      19126      2982       3306.48    1779.20
Global   15       3375         225          0.0        0          326      19126      3142       3219.38    1882.14

Total Statistics
Type     Time(s)  Ops          TPS(ops/s)   Net(M/s)   Get_miss   Min(us)  Max(us)    Avg(us)    Std_dev    Geo_dist  
Period   1        22585        22585        3.1        0          246      19972      3032       3177.84    1796.02
Global   15       334097       22273        3.1        0          190      21987      3062       3178.16    1821.57

[1;1H[2J
Get Statistics
Type     Time(s)  Ops          TPS(ops/s)   Net(M/s)   Get_miss   Min(us)  Max(us)    Avg(us)    Std_dev    Geo_dist  
Period   1        21002        21002        3.0        0          280      38622      3195       3691.52    1840.58
Global   16       351724       21982        2.9        0          190      38622      3069       3211.04    1822.12

Set Statistics
Type     Time(s)  Ops          TPS(ops/s)   Net(M/s)   Get_miss   Min(us)  Max(us)    Avg(us)    Std_dev    Geo_dist  
Period   1        207          207          0.0        0          492      37882      3419       4052.21    1991.15
Global   16       3582         223          0.0        0          326      37882      3158       3273.24    1888.28

Total Statistics
Type     Time(s)  Ops          TPS(ops/s)   Net(M/s)   Get_miss   Min(us)  Max(us)    Avg(us)    Std_dev    Geo_dist  
Period   1        21211        21211        3.0        0          280      38622      3197       3696.03    1841.69
Global   16       355308       22206        2.9        0          190      38622      3070       3211.63    1822.79

[1;1H[2J
Get Statistics
Type     Time(s)  Ops          TPS(ops/s)   Net(M/s)   Get_miss   Min(us)  Max(us)    Avg(us)    Std_dev    Geo_dist  
Period   1        22459        22459        3.0        0          260      21297      3033       3122.80    1824.35
Global   17       374183       22010        3.1        0          190      38622      3067       3205.70    1822.30

Set Statistics
Type     Time(s)  Ops          TPS(ops/s)   Net(M/s)   Get_miss   Min(us)  Max(us)    Avg(us)    Std_dev    Geo_dist  
Period   1        232          232          0.0        0          434      21089      2883       3369.76    1716.40
Global   17       3814         224          0.0        0          326      37882      3141       3279.66    1877.35

Total Statistics
Type     Time(s)  Ops          TPS(ops/s)   Net(M/s)   Get_miss   Min(us)  Max(us)    Avg(us)    Std_dev    Geo_dist  
Period   1        22691        22691        3.1        0          260      21297      3032       3125.05    1823.91
Global   17       377999       22235        3.1        0          190      38622      3068       3206.24    1822.86

[1;1H[2J
Get Statistics
Type     Time(s)  Ops          TPS(ops/s)   Net(M/s)   Get_miss   Min(us)  Max(us)    Avg(us)    Std_dev    Geo_dist  
Period   1        22364        22364        3.0        0          238      13592      3034       3116.19    1798.43
Global   18       396547       22030        3.1        0          190      38622      3065       3200.88    1820.99

Set Statistics
Type     Time(s)  Ops          TPS(ops/s)   Net(M/s)   Get_miss   Min(us)  Max(us)    Avg(us)    Std_dev    Geo_dist  
Period   1        225          225          0.0        0          358      9912       3140       3136.31    1874.16
Global   18       4039         224          0.0        0          326      37882      3141       3271.41    1877.17

Total Statistics
Type     Time(s)  Ops          TPS(ops/s)   Net(M/s)   Get_miss   Min(us)  Max(us)    Avg(us)    Std_dev    Geo_dist  
Period   1        22589        22589        3.1        0          238      13592      3035       3116.03    1799.46
Global   18       400588       22254        3.1        0          190      38622      3066       3201.36    1821.53

[1;1H[2J
Get Statistics
Type     Time(s)  Ops          TPS(ops/s)   Net(M/s)   Get_miss   Min(us)  Max(us)    Avg(us)    Std_dev    Geo_dist  
Period   1        21443        21443        3.0        0          229      20459      3134       3109.73    1917.99
Global   19       417990       21999        2.9        0          190      38622      3069       3195.85    1825.87

Set Statistics
Type     Time(s)  Ops          TPS(ops/s)   Net(M/s)   Get_miss   Min(us)  Max(us)    Avg(us)    Std_dev    Geo_dist  
Period   1        216          216          0.0        0          284      10347      3335       3249.69    2037.13
Global   19       4255         223          0.0        0          284      37882      3151       3270.06    1884.98

Total Statistics
Type     Time(s)  Ops          TPS(ops/s)   Net(M/s)   Get_miss   Min(us)  Max(us)    Avg(us)    Std_dev    Geo_dist  
Period   1        21661        21661        3.1        0          229      20459      3137       3111.38    1920.40
Global   19       422249       22223        3.0        0          190      38622      3070       3196.50    1826.48

[1;1H[2J
Get Statistics
Type     Time(s)  Ops          TPS(ops/s)   Net(M/s)   Get_miss   Min(us)  Max(us)    Avg(us)    Std_dev    Geo_dist  
Period   1        21802        21802        3.0        0          254      23167      3111       3172.59    1869.26
Global   20       439792       21989        3.0        0          190      38622      3071       3194.73    1827.88

Set Statistics
Type     Time(s)  Ops          TPS(ops/s)   Net(M/s)   Get_miss   Min(us)  Max(us)    Avg(us)    Std_dev    Geo_dist  
Period   1        223          223          0.0        0          407      12952      3284       3294.62    1961.03
Global   20       4478         223          0.0        0          284      37882      3158       3270.69    1888.69

Total Statistics
Type     Time(s)  Ops          TPS(ops/s)   Net(M/s)   Get_miss   Min(us)  Max(us)    Avg(us)    Std_dev    Geo_dist  
Period   1        22027        22027        3.1        0          254      23167      3112       3173.96    1868.14
Global   20       444276       22213        3.0        0          190      38622      3072       3195.47    1828.52

[1;1H[2J
Get Statistics
Type     Time(s)  Ops          TPS(ops/s)   Net(M/s)   Get_miss   Min(us)  Max(us)    Avg(us)    Std_dev    Geo_dist  
Period   1        22606        22606        3.0        0          208      34577      3008       3195.19    1741.90
Global   21       462398       22018        3.1        0          190      38622      3068       3194.80    1823.76

Set Statistics
Type     Time(s)  Ops          TPS(ops/s)   Net(M/s)   Get_miss   Min(us)  Max(us)    Avg(us)    Std_dev    Geo_dist  
Period   1        224          224          0.0        0          364      12382      2745       2952.71    1657.18
Global   21       4702         223          0.0        0          284      37882      3138       3257.46    1876.96

Total Statistics
Type     Time(s)  Ops          TPS(ops/s)   Net(M/s)   Get_miss   Min(us)  Max(us)    Avg(us)    Std_dev    Geo_dist  
Period   1        22824        22824        3.1        0          208      34577      3006       3192.81    1743.78
Global   21       467100       22242        3.1        0          190      38622      3068       3196.11    1824.29

[1;1H[2J
Get Statistics
Type     Time(s)  Ops          TPS(ops/s)   Net(M/s)   Get_miss   Min(us)  Max(us)    Avg(us)    Std_dev    Geo_dist  
Period   1        22495        22495        3.0        0          233      17040      3015       3142.68    1789.79
Global   22       484893       22040        3.1        0          190      38622      3065       3192.93    1822.17

Set Statistics
Type     Time(s)  Ops          TPS(ops/s)   Net(M/s)   Get_miss   Min(us)  Max(us)    Avg(us)    Std_dev    Geo_dist  
Period   1        232          232          0.0        0          335      14519      3344       3292.98    1981.04
Global   22       4934         224          0.0        0          284      37882      3148       3258.79    1881.73

Total Statistics
Type     Time(s)  Ops          TPS(ops/s)   Net(M/s)   Get_miss   Min(us)  Max(us)    Avg(us)    Std_dev    Geo_dist  
Period   1        22728        22728        3.1        0          233      17040      3019       3144.03    1791.76
Global   22       489828       22264        3.1        0          190      38622      3066       3193.47    1822.77

[1;1H[2J
Get Statistics
Type     Time(s)  Ops          TPS(ops/s)   Net(M/s)   Get_miss   Min(us)  Max(us)    Avg(us)    Std_dev    Geo_dist  
Period   1        21666        21666        3.0        0          274      12035      3134       3150.60    1898.74
Global   23       506559       22024        3.0        0          190      38622      3068       3191.13    1825.41

Set Statistics
Type     Time(s)  Ops          TPS(ops/s)   Net(M/s)   Get_miss   Min(us)  Max(us)    Avg(us)    Std_dev    Geo_dist  
Period   1        216          216          0.0        0          365      11901      3159       3218.82    1897.16
Global   23       5150         223          0.0        0          284      37882      3148       3257.26    1882.38

Total Statistics
Type     Time(s)  Ops          TPS(ops/s)   Net(M/s)   Get_miss   Min(us)  Max(us)    Avg(us)    Std_dev    Geo_dist  
Period   1        21881        21881        3.1        0          274      12035      3134       3151.15    1898.60
Global   23       511709       22248        3.0        0          190      38622      3069       3191.63    1825.98

[1;1H[2J
Get Statistics
Type     Time(s)  Ops          TPS(ops/s)   Net(M/s)   Get_miss   Min(us)  Max(us)    Avg(us)    Std_dev    Geo_dist  
Period   1        21899        21899        3.0        0          263      23176      3064       3168.98    1874.93
Global   24       528458       22019        3.0        0          190      38622      3068       3190.06    1827.44

Set Statistics
Type     Time(s)  Ops          TPS(ops/s)   Net(M/s)   Get_miss   Min(us)  Max(us)    Avg(us)    Std_dev    Geo_dist  
Period   1        225          225          0.0        0          443      17730      2899       3110.17    1786.12
Global   24       5375         223          0.0        0          284      37882      3138       3250.93    1878.25

Total Statistics
Type     Time(s)  Ops          TPS(ops/s)   Net(M/s)   Get_miss   Min(us)  Max(us)    Avg(us)    Std_dev    Geo_dist  
Period   1        22126        22126        3.1        0          263      23176      3062       3168.41    1873.88
Global   24       533835       22243        3.0        0          190      38622      3069       3190.39    1827.94

[1;1H[2J
Get Statistics
Type     Time(s)  Ops          TPS(ops/s)   Net(M/s)   Get_miss   Min(us)  Max(us)    Avg(us)    Std_dev    Geo_dist  
Period   1        22044        22044        3.0        0          261      16339      3036       3145.22    1820.68
Global   25       550502       22020        3.0        0          190      38622      3067       3188.01    1827.21

Set Statistics
Type     Time(s)  Ops          TPS(ops/s)   Net(M/s)   Get_miss   Min(us)  Max(us)    Avg(us)    Std_dev    Geo_dist  
Period   1        220          220          0.0        0          383      15402      3187       3253.63    1895.79
Global   25       5595         223          0.0        0          284      37882      3140       3250.69    1878.93

Total Statistics
Type     Time(s)  Ops          TPS(ops/s)   Net(M/s)   Get_miss   Min(us)  Max(us)    Avg(us)    Std_dev    Geo_dist  
Period   1        22264        22264        3.1        0          261      16339      3039       3145.54    1822.31
Global   25       556099       22243        3.1        0          190      38622      3068       3188.41    1827.73

[1;1H[2J
Get Statistics
Type     Time(s)  Ops          TPS(ops/s)   Net(M/s)   Get_miss   Min(us)  Max(us)    Avg(us)    Std_dev    Geo_dist  
Period   1        20471        20471        3.0        0          223      93624      3314       5939.55    1833.88
Global   26       570973       21960        2.8        0          190      93624      3076       3326.42    1827.48

Set Statistics
Type     Time(s)  Ops          TPS(ops/s)   Net(M/s)   Get_miss   Min(us)  Max(us)    Avg(us)    Std_dev    Geo_dist  
Period   1        209          209          0.0        0          335      92572      3945       6945.61    2213.31
Global   26       5804         223          0.0        0          284      92572      3169       3455.14    1890.05

Total Statistics
Type     Time(s)  Ops          TPS(ops/s)   Net(M/s)   Get_miss   Min(us)  Max(us)    Avg(us)    Std_dev    Geo_dist  
Period   1        20678        20678        3.0        0          223      93624      3320       5951.08    1837.92
Global   26       576777       22183        2.8        0          190      93624      3077       3327.69    1828.10

[1;1H[2J
Get Statistics
Type     Time(s)  Ops          TPS(ops/s)   Net(M/s)   Get_miss   Min(us)  Max(us)    Avg(us)    Std_dev    Geo_dist  
Period   1        21951        21951        3.0        0          217      21990      3064       3164.01    1855.33
Global   27       592924       21960        3.0        0          190      93624      3075       3321.06    1828.50

Set Statistics
Type     Time(s)  Ops          TPS(ops/s)   Net(M/s)   Get_miss   Min(us)  Max(us)    Avg(us)    Std_dev    Geo_dist  
Period   1        221          221          0.0        0          356      11121      3143       3114.30    1965.56
Global   27       6025         223          0.0        0          284      92572      3168       3443.04    1892.77

Total Statistics
Type     Time(s)  Ops          TPS(ops/s)   Net(M/s)   Get_miss   Min(us)  Max(us)    Avg(us)    Std_dev    Geo_dist  
Period   1        22173        22173        3.0        0          217      21990      3065       3163.45    1856.51
Global   27       598950       22183        3.0        0          190      93624      3076       3322.27    1829.14

[1;1H[2J
Get Statistics
Type     Time(s)  Ops          TPS(ops/s)   Net(M/s)   Get_miss   Min(us)  Max(us)    Avg(us)    Std_dev    Geo_dist  
Period   1        20387        20387        3.0        0          266      77919      3296       5051.10    1889.46
Global   28       613311       21903        2.8        0          190      93624      3083       3392.42    1830.52

Set Statistics
Type     Time(s)  Ops          TPS(ops/s)   Net(M/s)   Get_miss   Min(us)  Max(us)    Avg(us)    Std_dev    Geo_dist  
Period   1        206          206          0.0        0          461      77145      3316       5999.98    1815.55
Global   28       6231         222          0.0        0          284      92572      3173       3556.28    1890.16

Total Statistics
Type     Time(s)  Ops          TPS(ops/s)   Net(M/s)   Get_miss   Min(us)  Max(us)    Avg(us)    Std_dev    Geo_dist  
Period   1        20594        20594        3.0        0          266      77919      3296       5061.71    1888.87
Global   28       619544       22126        2.8        0          190      93624      3084       3394.05    1831.12

[1;1H[2J
Get Statistics
Type     Time(s)  Ops          TPS(ops/s)   Net(M/s)   Get_miss   Min(us)  Max(us)    Avg(us)    Std_dev    Geo_dist  
Period   1        22671        22671        3.0        0          247      17319      2983       3053.56    1818.97
Global   29       635982       21930        3.1        0          190      93624      3079       3381.38    1830.14

Set Statistics
Type     Time(s)  Ops          TPS(ops/s)   Net(M/s)   Get_miss   Min(us)  Max(us)    Avg(us)    Std_dev    Geo_dist  
Period   1        232          232          0.0        0          456      12938      3142       3171.39    1916.54
Global   29       6463         222          0.0        0          284      92572      3172       3542.87    1891.10

Total Statistics
Type     Time(s)  Ops          TPS(ops/s)   Net(M/s)   Get_miss   Min(us)  Max(us)    Avg(us)    Std_dev    Geo_dist  
Period   1        22902        22902        3.0        0          247      17319      2984       3055.41    1820.53
Global   29       642446       22153        3.1        0          190      93624      3080       3383.01    1830.74

[1;1H[2J
Get Statistics
Type     Time(s)  Ops          TPS(ops/s)   Net(M/s)   Get_miss   Min(us)  Max(us)    Avg(us)    Std_dev    Geo_dist  
Period   1        21198        21198        3.0        0          304      20074      3181       3178.66    1964.68
Global   30       657180       21906        2.9        0          190      93624      3082       3375.36    1834.35

Set Statistics
Type     Time(s)  Ops          TPS(ops/s)   Net(M/s)   Get_miss   Min(us)  Max(us)    Avg(us)    Std_dev    Geo_dist  
Period   1        211          211          0.0        0          430      17633      3067       3189.00    1899.77
Global   30       6674         222          0.0        0          284      92572      3168       3532.67    1891.38

Total Statistics
Type     Time(s)  Ops          TPS(ops/s)   Net(M/s)   Get_miss   Min(us)  Max(us)    Avg(us)    Std_dev    Geo_dist  
Period   1        21412        21412        3.0        0          304      20074      3181       3178.29    1964.39
Global   30       663858       22128        2.9        0          190      93624      3083       3376.89    1834.93

[1;1H[2J
Get Statistics
Type     Time(s)  Ops          TPS(ops/s)   Net(M/s)   Get_miss   Min(us)  Max(us)    Avg(us)    Std_dev    Geo_dist  
Period   1        20869        20869        3.0        0          251      18668      3255       3235.63    1965.40
Global   31       678049       21872        2.9        0          190      93624      3088       3370.67    1838.28

Set Statistics
Type     Time(s)  Ops          TPS(ops/s)   Net(M/s)   Get_miss   Min(us)  Max(us)    Avg(us)    Std_dev    Geo_dist  
Period   1        207          207          0.0        0          408      10441      3180       3090.37    1981.35
Global   31       6881         221          0.0        0          284      92572      3169       3519.40    1894.02

Total Statistics
Type     Time(s)  Ops          TPS(ops/s)   Net(M/s)   Get_miss   Min(us)  Max(us)    Avg(us)    Std_dev    Geo_dist  
Period   1        21072        21072        3.0        0          251      18668      3253       3234.44    1965.06
Global   31       684930       22094        2.9        0          190      93624      3089       3372.03    1838.83

[1;1H[2J
Get Statistics
Type     Time(s)  Ops          TPS(ops/s)   Net(M/s)   Get_miss   Min(us)  Max(us)    Avg(us)    Std_dev    Geo_dist  
Period   1        20022        20022        3.0        0          275      23304      3348       3268.04    2032.34
Global   32       698071       21814        2.7        0          190      93624      3095       3368.47    1843.58

Set Statistics
Type     Time(s)  Ops          TPS(ops/s)   Net(M/s)   Get_miss   Min(us)  Max(us)    Avg(us)    Std_dev    Geo_dist  
Period   1        202          202          0.0        0          451      19013      3634       3514.67    2201.36
Global   32       7083         221          0.0        0          284      92572      3182       3520.10    1902.16

Total Statistics
Type     Time(s)  Ops          TPS(ops/s)   Net(M/s)   Get_miss   Min(us)  Max(us)    Avg(us)    Std_dev    Geo_dist  
Period   1        20226        20226        3.0        0          275      23304      3351       3271.02    2034.23
Global   32       705156       22036        2.8        0          190      93624      3096       3369.93    1844.16

[1;1H[2J
Get Statistics
Type     Time(s)  Ops          TPS(ops/s)   Net(M/s)   Get_miss   Min(us)  Max(us)    Avg(us)    Std_dev    Geo_dist  
Period   1        21509        21509        3.0        0          216      18694      3156       3209.83    1911.18
Global   33       719580       21805        3.0        0          190      93624      3097       3363.71    1845.61

Set Statistics
Type     Time(s)  Ops          TPS(ops/s)   Net(M/s)   Get_miss   Min(us)  Max(us)    Avg(us)    Std_dev    Geo_dist  
Period   1        214          214          0.0        0          451      17591      3536       3445.66    2160.84
Global   33       7297         221          0.0        0          284      92572      3192       3518.57    1909.29

Total Statistics
Type     Time(s)  Ops          TPS(ops/s)   Net(M/s)   Get_miss   Min(us)  Max(us)    Avg(us)    Std_dev    Geo_dist  
Period   1        21721        21721        3.0        0          216      18694      3160       3211.99    1914.04
Global   33       726877       22026        3.0        0          190      93624      3098       3365.27    1846.24

[1;1H[2J
Get Statistics
Type     Time(s)  Ops          TPS(ops/s)   Net(M/s)   Get_miss   Min(us)  Max(us)    Avg(us)    Std_dev    Geo_dist  
Period   1        21114        21114        3.0        0          277      18530      3162       3155.79    1914.00
Global   34       740694       21785        2.9        0          190      93624      3099       3357.84    1847.52

Set Statistics
Type     Time(s)  Ops          TPS(ops/s)   Net(M/s)   Get_miss   Min(us)  Max(us)    Avg(us)    Std_dev    Geo_dist  
Period   1        217          217          0.0        0          385      9488       3001       3069.40    1851.87
Global   34       7514         221          0.0        0          284      92572      3187       3505.90    1907.60

Total Statistics
Type     Time(s)  Ops          TPS(ops/s)   Net(M/s)   Get_miss   Min(us)  Max(us)    Avg(us)    Std_dev    Geo_dist  
Period   1        21335        21335        3.0        0          277      18530      3162       3156.13    1913.98
Global   34       748212       22006        2.9        0          190      93624      3100       3359.34    1848.14

[1;1H[2J
Get Statistics
Type     Time(s)  Ops          TPS(ops/s)   Net(M/s)   Get_miss   Min(us)  Max(us)    Avg(us)    Std_dev    Geo_dist  
Period   1        21942        21942        3.0        0          239      18490      3101       3126.91    1901.31
Global   35       762636       21789        3.0        0          190      93624      3099       3351.56    1849.13

Set Statistics
Type     Time(s)  Ops          TPS(ops/s)   Net(M/s)   Get_miss   Min(us)  Max(us)    Avg(us)    Std_dev    Geo_dist  
Period   1        225          225          0.0        0          379      9592       3221       3146.34    1960.62
Global   35       7739         221          0.0        0          284      92572      3188       3495.78    1909.13

Total Statistics
Type     Time(s)  Ops          TPS(ops/s)   Net(M/s)   Get_miss   Min(us)  Max(us)    Avg(us)    Std_dev    Geo_dist  
Period   1        22167        22167        3.0        0          239      18490      3102       3126.44    1902.73
Global   35       770379       22010        3.0        0          190      93624      3100       3352.93    1849.71

[1;1H[2J
Get Statistics
Type     Time(s)  Ops          TPS(ops/s)   Net(M/s)   Get_miss   Min(us)  Max(us)    Avg(us)    Std_dev    Geo_dist  
Period   1        21841        21841        3.0        0          234      17585      3064       3126.38    1858.34
Global   36       784477       21791        3.0        0          190      93624      3098       3345.52    1849.41

Set Statistics
Type     Time(s)  Ops          TPS(ops/s)   Net(M/s)   Get_miss   Min(us)  Max(us)    Avg(us)    Std_dev    Geo_dist  
Period   1        223          223          0.0        0          407      11726      3081       3205.62    1858.79
Global   36       7962         221          0.0        0          284      92572      3185       3487.84    1907.70

Total Statistics
Type     Time(s)  Ops          TPS(ops/s)   Net(M/s)   Get_miss   Min(us)  Max(us)    Avg(us)    Std_dev    Geo_dist  
Period   1        22062        22062        3.0        0          234      17585      3065       3127.31    1860.04
Global   36       792441       22012        3.0        0          190      93624      3099       3346.89    1849.99

[1;1H[2J
Get Statistics
Type     Time(s)  Ops          TPS(ops/s)   Net(M/s)   Get_miss   Min(us)  Max(us)    Avg(us)    Std_dev    Geo_dist  
Period   1        21520        21520        3.0        0          285      12310      3138       3088.10    1936.04
Global   37       805997       21783        3.0        0          190      93624      3099       3338.98    1851.69

Set Statistics
Type     Time(s)  Ops          TPS(ops/s)   Net(M/s)   Get_miss   Min(us)  Max(us)    Avg(us)    Std_dev    Geo_dist  
Period   1        211          211          0.0        0          404      10076      3307       3192.85    2043.37
Global   37       8173         220          0.0        0          284      92572      3188       3480.55    1911.08

Total Statistics
Type     Time(s)  Ops          TPS(ops/s)   Net(M/s)   Get_miss   Min(us)  Max(us)    Avg(us)    Std_dev    Geo_dist  
Period   1        21730        21730        3.0        0          285      12310      3140       3088.98    1937.74
Global   37       814171       22004        3.0        0          190      93624      3100       3340.35    1852.28

[1;1H[2J
Get Statistics
Type     Time(s)  Ops          TPS(ops/s)   Net(M/s)   Get_miss   Min(us)  Max(us)    Avg(us)    Std_dev    Geo_dist  
Period   1        20101        20101        3.0        0          281      19176      3381       3235.05    2134.20
Global   38       826098       21739        2.8        0          190      93624      3106       3336.66    1858.12

Set Statistics
Type     Time(s)  Ops          TPS(ops/s)   Net(M/s)   Get_miss   Min(us)  Max(us)    Avg(us)    Std_dev    Geo_dist  
Period   1        208          208          0.0        0          408      10779      3314       3142.35    2121.52
Global   38       8381         220          0.0        0          284      92572      3191       3472.56    1916.05

Total Statistics
Type     Time(s)  Ops          TPS(ops/s)   Net(M/s)   Get_miss   Min(us)  Max(us)    Avg(us)    Std_dev    Geo_dist  
Period   1        20310        20310        3.0        0          281      19176      3380       3233.72    2132.32
Global   38       834481       21960        2.8        0          190      93624      3107       3337.93    1858.70

[1;1H[2J
Get Statistics
Type     Time(s)  Ops          TPS(ops/s)   Net(M/s)   Get_miss   Min(us)  Max(us)    Avg(us)    Std_dev    Geo_dist  
Period   1        20713        20713        3.0        0          256      15014      3263       3131.03    2057.98
Global   39       846811       21713        2.8        0          190      93624      3110       3331.73    1862.79

Set Statistics
Type     Time(s)  Ops          TPS(ops/s)   Net(M/s)   Get_miss   Min(us)  Max(us)    Avg(us)    Std_dev    Geo_dist  
Period   1        205          205          0.0        0          418      12903      3370       3171.26    2122.95
Global   39       8586         220          0.0        0          284      92572      3195       3465.86    1920.74

Total Statistics
Type     Time(s)  Ops          TPS(ops/s)   Net(M/s)   Get_miss   Min(us)  Max(us)    Avg(us)    Std_dev    Geo_dist  
Period   1        20918        20918        3.0        0          256      15014      3264       3131.84    2059.48
Global   39       855399       21933        2.9        0          190      93624      3111       3332.98    1863.37

[1;1H[2J
Get Statistics
Type     Time(s)  Ops          TPS(ops/s)   Net(M/s)   Get_miss   Min(us)  Max(us)    Avg(us)    Std_dev    Geo_dist  
Period   1        21288        21288        3.0        0          188      14021      3184       3104.01    1977.12
Global   40       868099       21702        2.9        0          188      93624      3112       3326.18    1865.53

Set Statistics
Type     Time(s)  Ops          TPS(ops/s)   Net(M/s)   Get_miss   Min(us)  Max(us)    Avg(us)    Std_dev    Geo_dist  
Period   1        215          215          0.0        0          439      12161      3487       3323.13    2127.91
Global   40       8801         220          0.0        0          284      92572      3202       3462.68    1925.55

Total Statistics
Type     Time(s)  Ops          TPS(ops/s)   Net(M/s)   Get_miss   Min(us)  Max(us)    Avg(us)    Std_dev    Geo_dist  
Period   1        21501        21501        3.0        0          188      14021      3187       3106.25    1979.15
Global   40       876900       21922        3.0        0          188      93624      3113       3327.50    1866.13

[1;1H[2J
Get Statistics
Type     Time(s)  Ops          TPS(ops/s)   Net(M/s)   Get_miss   Min(us)  Max(us)    Avg(us)    Std_dev    Geo_dist  
Period   1        20868        20868        3.0        0          217      38825      3232       3608.13    1931.62
Global   41       888967       21682        2.9        0          188      93624      3114       3333.89    1867.06

Set Statistics
Type     Time(s)  Ops          TPS(ops/s)   Net(M/s)   Get_miss   Min(us)  Max(us)    Avg(us)    Std_dev    Geo_dist  
Period   1        212          212          0.0        0          414      11508      3224       3137.54    2006.59
Global   41       9013         219          0.0        0          284      92572      3203       3454.77    1927.42

Total Statistics
Type     Time(s)  Ops          TPS(ops/s)   Net(M/s)   Get_miss   Min(us)  Max(us)    Avg(us)    Std_dev    Geo_dist  
Period   1        21087        21087        3.0        0          217      38825      3231       3603.45    1932.05
Global   41       897987       21902        2.9        0          188      93624      3115       3335.01    1867.65

[1;1H[2J
Get Statistics
Type     Time(s)  Ops          TPS(ops/s)   Net(M/s)   Get_miss   Min(us)  Max(us)    Avg(us)    Std_dev    Geo_dist  
Period   1        21242        21242        3.0        0          261      15031      3155       3183.12    1916.84
Global   42       910209       21671        2.9        0          188      93624      3115       3330.41    1868.22

Set Statistics
Type     Time(s)  Ops          TPS(ops/s)   Net(M/s)   Get_miss   Min(us)  Max(us)    Avg(us)    Std_dev    Geo_dist  
Period   1        215          215          0.0        0          516      11156      3339       3164.24    2072.52
Global   42       9228         219          0.0        0          284      92572      3206       3448.34    1930.68

Total Statistics
Type     Time(s)  Ops          TPS(ops/s)   Net(M/s)   Get_miss   Min(us)  Max(us)    Avg(us)    Std_dev    Geo_dist  
Period   1        21452        21452        3.0        0          261      15031      3158       3183.26    1919.52
Global   42       919439       21891        2.9        0          188      93624      3116       3331.55    1868.84

[1;1H[2J
Get Statistics
Type     Time(s)  Ops          TPS(ops/s)   Net(M/s)   Get_miss   Min(us)  Max(us)    Avg(us)    Std_dev    Geo_dist  
Period   1        20156        20156        3.0        0          249      30693      3348       3472.51    2011.12
Global   43       930365       21636        2.8        0          188      93624      3120       3333.78    1871.22

Set Statistics
Type     Time(s)  Ops          TPS(ops/s)   Net(M/s)   Get_miss   Min(us)  Max(us)    Avg(us)    Std_dev    Geo_dist  
Period   1        203          203          0.0        0          436      23896      4071       4092.74    2468.65
Global   43       9431         219          0.0        0          284      92572      3225       3465.14    1940.93

Total Statistics
Type     Time(s)  Ops          TPS(ops/s)   Net(M/s)   Get_miss   Min(us)  Max(us)    Avg(us)    Std_dev    Geo_dist  
Period   1        20357        20357        3.0        0          249      30693      3355       3480.00    2015.86
Global   43       939796       21855        2.8        0          188      93624      3122       3334.25    1871.91

[1;1H[2J
Get Statistics
Type     Time(s)  Ops          TPS(ops/s)   Net(M/s)   Get_miss   Min(us)  Max(us)    Avg(us)    Std_dev    Geo_dist  
Period   1        21287        21287        3.0        0          266      17321      3163       3190.67    1919.21
Global   44       951652       21628        2.9        0          188      93624      3121       3330.61    1872.28

Set Statistics
Type     Time(s)  Ops          TPS(ops/s)   Net(M/s)   Get_miss   Min(us)  Max(us)    Avg(us)    Std_dev    Geo_dist  
Period   1        222          222          0.0        0          482      11129      3330       3230.35    2041.85
Global   44       9653         219          0.0        0          284      92572      3227       3460.19    1943.19

Total Statistics
Type     Time(s)  Ops          TPS(ops/s)   Net(M/s)   Get_miss   Min(us)  Max(us)    Avg(us)    Std_dev    Geo_dist  
Period   1        21509        21509        3.0        0          266      17321      3165       3190.78    1920.44
Global   44       961305       21847        3.0        0          188      93624      3122       3332.01    1872.98

[1;1H[2J
Get Statistics
Type     Time(s)  Ops          TPS(ops/s)   Net(M/s)   Get_miss   Min(us)  Max(us)    Avg(us)    Std_dev    Geo_dist  
Period   1        21680        21680        3.0        0          237      19123      3072       3195.15    1831.64
Global   45       973332       21629        3.0        0          188      93624      3120       3327.57    1871.37

Set Statistics
Type     Time(s)  Ops          TPS(ops/s)   Net(M/s)   Get_miss   Min(us)  Max(us)    Avg(us)    Std_dev    Geo_dist  
Period   1        215          215          0.0        0          431      11382      3439       3322.01    2053.17
Global   45       9868         219          0.0        0          284      92572      3232       3456.86    1945.52

Total Statistics
Type     Time(s)  Ops          TPS(ops/s)   Net(M/s)   Get_miss   Min(us)  Max(us)    Avg(us)    Std_dev    Geo_dist  
Period   1        21899        21899        3.0        0          237      19123      3076       3197.46    1834.18
Global   45       983204       21848        3.0        0          188      93624      3121       3329.06    1872.11

[1;1H[2J
Get Statistics
Type     Time(s)  Ops          TPS(ops/s)   Net(M/s)   Get_miss   Min(us)  Max(us)    Avg(us)    Std_dev    Geo_dist  
Period   1        22391        22391        3.0        0          269      18184      3009       3144.96    1801.27
Global   46       995723       21646        3.1        0          188      93624      3118       3323.18    1869.81

Set Statistics
Type     Time(s)  Ops          TPS(ops/s)   Net(M/s)   Get_miss   Min(us)  Max(us)    Avg(us)    Std_dev    Geo_dist  
Period   1        229          229          0.0        0          476      10883      3255       3222.52    1940.30
Global   46       10097        219          0.0        0          284      92572      3232       3452.06    1945.40

Total Statistics
Type     Time(s)  Ops          TPS(ops/s)   Net(M/s)   Get_miss   Min(us)  Max(us)    Avg(us)    Std_dev    Geo_dist  
Period   1        22617        22617        3.0        0          269      18184      3012       3145.77    1804.43
Global   46       1005821      21865        3.1        0          188      93624      3119       3324.66    1870.56

[1;1H[2J
Get Statistics
Type     Time(s)  Ops          TPS(ops/s)   Net(M/s)   Get_miss   Min(us)  Max(us)    Avg(us)    Std_dev    Geo_dist  
Period   1        21979        21979        3.0        0          265      23017      3117       3286.19    1824.89
Global   47       1017702      21653        3.0        0          188      93624      3118       3322.38    1868.85

Set Statistics
Type     Time(s)  Ops          TPS(ops/s)   Net(M/s)   Get_miss   Min(us)  Max(us)    Avg(us)    Std_dev    Geo_dist  
Period   1        215          215          0.0        0          360      12676      2913       3112.82    1728.29
Global   47       10312        219          0.0        0          284      92572      3226       3444.88    1940.61

Total Statistics
Type     Time(s)  Ops          TPS(ops/s)   Net(M/s)   Get_miss   Min(us)  Max(us)    Avg(us)    Std_dev    Geo_dist  
Period   1        22195        22195        3.0        0          265      23017      3115       3284.60    1824.03
Global   47       1028016      21872        3.0        0          188      93624      3119       3323.73    1869.56

[1;1H[2J
Get Statistics
Type     Time(s)  Ops          TPS(ops/s)   Net(M/s)   Get_miss   Min(us)  Max(us)    Avg(us)    Std_dev    Geo_dist  
Period   1        21424        21424        3.0        0          258      18356      3165       3220.75    1917.34
Global   48       1039126      21648        2.9        0          188      93624      3119       3320.30    1869.87

Set Statistics
Type     Time(s)  Ops          TPS(ops/s)   Net(M/s)   Get_miss   Min(us)  Max(us)    Avg(us)    Std_dev    Geo_dist  
Period   1        219          219          0.0        0          377      11837      2784       2916.87    1751.43
Global   48       10531        219          0.0        0          284      92572      3216       3435.94    1936.48

Total Statistics
Type     Time(s)  Ops          TPS(ops/s)   Net(M/s)   Get_miss   Min(us)  Max(us)    Avg(us)    Std_dev    Geo_dist  
Period   1        21643        21643        3.0        0          258      18356      3162       3217.94    1917.16
Global   48       1049659      21867        3.0        0          188      93624      3120       3321.48    1870.53

[1;1H[2J
Get Statistics
Type     Time(s)  Ops          TPS(ops/s)   Net(M/s)   Get_miss   Min(us)  Max(us)    Avg(us)    Std_dev    Geo_dist  
Period   1        21876        21876        3.0        0          259      17468      3099       3177.45    1839.13
Global   49       1061002      21653        3.0        0          188      93624      3118       3317.98    1869.24

Set Statistics
Type     Time(s)  Ops          TPS(ops/s)   Net(M/s)   Get_miss   Min(us)  Max(us)    Avg(us)    Std_dev    Geo_dist  
Period   1        222          222          0.0        0          386      12873      3107       3230.45    1842.86
Global   49       10753        219          0.0        0          284      92572      3214       3431.49    1934.50

Total Statistics
Type     Time(s)  Ops          TPS(ops/s)   Net(M/s)   Get_miss   Min(us)  Max(us)    Avg(us)    Std_dev    Geo_dist  
Period   1        22097        22097        3.0        0          259      17468      3098       3177.95    1838.15
Global   49       1071756      21872        3.0        0          188      93624      3119       3319.11    1869.89

[1;1H[2J
Get Statistics
Type     Time(s)  Ops          TPS(ops/s)   Net(M/s)   Get_miss   Min(us)  Max(us)    Avg(us)    Std_dev    Geo_dist  
Period   1        22486        22486        3.0        0          265      16367      2993       3125.31    1779.65
Global   50       1083488      21669        3.1        0          188      93624      3116       3313.58    1867.34

Set Statistics
Type     Time(s)  Ops          TPS(ops/s)   Net(M/s)   Get_miss   Min(us)  Max(us)    Avg(us)    Std_dev    Geo_dist  
Period   1        224          224          0.0        0          457      16199      3426       3431.11    2039.36
Global   50       10977        219          0.0        0          284      92572      3218       3431.76    1936.58

Total Statistics
Type     Time(s)  Ops          TPS(ops/s)   Net(M/s)   Get_miss   Min(us)  Max(us)    Avg(us)    Std_dev    Geo_dist  
Period   1        22709        22709        3.0        0          265      16367      2998       3128.11    1782.09
Global   50       1094465      21889        3.1        0          188      93624      3117       3314.83    1868.02

[1;1H[2J
Get Statistics
Type     Time(s)  Ops          TPS(ops/s)   Net(M/s)   Get_miss   Min(us)  Max(us)    Avg(us)    Std_dev    Geo_dist  
Period   1        20803        20803        3.0        0          251      13785      3223       3113.12    2013.56
Global   51       1104291      21652        2.9        0          188      93624      3118       3309.97    1869.99

Set Statistics
Type     Time(s)  Ops          TPS(ops/s)   Net(M/s)   Get_miss   Min(us)  Max(us)    Avg(us)    Std_dev    Geo_dist  
Period   1        214          214          0.0        0          250      12143      3327       3218.09    2055.10
Global   51       11191        219          0.0        0          250      92572      3221       3426.83    1938.78

Total Statistics
Type     Time(s)  Ops          TPS(ops/s)   Net(M/s)   Get_miss   Min(us)  Max(us)    Avg(us)    Std_dev    Geo_dist  
Period   1        21019        21019        3.0        0          250      13785      3225       3113.74    2014.23
Global   51       1115484      21872        2.9        0          188      93624      3119       3311.21    1870.68

[1;1H[2J
Get Statistics
Type     Time(s)  Ops          TPS(ops/s)   Net(M/s)   Get_miss   Min(us)  Max(us)    Avg(us)    Std_dev    Geo_dist  
Period   1        21958        21958        3.0        0          187      15417      3099       3152.75    1860.67
Global   52       1126249      21658        3.0        0          187      93624      3117       3307.58    1869.84

Set Statistics
Type     Time(s)  Ops          TPS(ops/s)   Net(M/s)   Get_miss   Min(us)  Max(us)    Avg(us)    Std_dev    Geo_dist  
Period   1        218          218          0.0        0          461      9765       3003       3103.00    1854.94
Global   52       11409        219          0.0        0          250      92572      3216       3421.72    1937.14

Total Statistics
Type     Time(s)  Ops          TPS(ops/s)   Net(M/s)   Get_miss   Min(us)  Max(us)    Avg(us)    Std_dev    Geo_dist  
Period   1        22179        22179        3.0        0          187      15417      3099       3152.76    1861.74
Global   52       1137663      21878        3.0        0          187      93624      3119       3307.84    1870.52

[1;1H[2J
Get Statistics
Type     Time(s)  Ops          TPS(ops/s)   Net(M/s)   Get_miss   Min(us)  Max(us)    Avg(us)    Std_dev    Geo_dist  
Period   1        21517        21517        3.0        0          292      13616      3163       3232.06    1878.37
Global   53       1147766      21655        3.0        0          187      93624      3118       3306.07    1870.03

Set Statistics
Type     Time(s)  Ops          TPS(ops/s)   Net(M/s)   Get_miss   Min(us)  Max(us)    Avg(us)    Std_dev    Geo_dist  
Period   1        220          220          0.0        0          363      11981      2910       3197.58    1718.04
Global   53       11629        219          0.0        0          250      92572      3211       3417.00    1932.75

Total Statistics
Type     Time(s)  Ops          TPS(ops/s)   Net(M/s)   Get_miss   Min(us)  Max(us)    Avg(us)    Std_dev    Geo_dist  
Period   1        21734        21734        3.0        0          292      13616      3161       3231.00    1877.83
Global   53       1159397      21875        3.0        0          187      93624      3119       3307.16    1870.65

[1;1H[2J
Get Statistics
Type     Time(s)  Ops          TPS(ops/s)   Net(M/s)   Get_miss   Min(us)  Max(us)    Avg(us)    Std_dev    Geo_dist  
Period   1        21548        21548        3.0        0          268      12638      3134       3152.97    1876.73
Global   54       1169314      21653        3.0        0          187      93624      3119       3302.66    1870.17

Set Statistics
Type     Time(s)  Ops          TPS(ops/s)   Net(M/s)   Get_miss   Min(us)  Max(us)    Avg(us)    Std_dev    Geo_dist  
Period   1        217          217          0.0        0          451      11774      3184       3200.34    1907.81
Global   54       11846        219          0.0        0          250      92572      3210       3413.51    1932.29

Total Statistics
Type     Time(s)  Ops          TPS(ops/s)   Net(M/s)   Get_miss   Min(us)  Max(us)    Avg(us)    Std_dev    Geo_dist  
Period   1        21765        21765        3.0        0          268      12638      3135       3153.25    1877.81
Global   54       1181162      21873        3.0        0          187      93624      3120       3303.72    1870.78

[1;1H[2J
Get Statistics
Type     Time(s)  Ops          TPS(ops/s)   Net(M/s)   Get_miss   Min(us)  Max(us)    Avg(us)    Std_dev    Geo_dist  
Period   1        22654        22654        3.0        0          294      12727      2973       3070.18    1795.98
Global   55       1191968      21672        3.1        0          187      93624      3116       3298.67    1868.74

Set Statistics
Type     Time(s)  Ops          TPS(ops/s)   Net(M/s)   Get_miss   Min(us)  Max(us)    Avg(us)    Std_dev    Geo_dist  
Period   1        228          228          0.0        0          300      9214       3020       3132.42    1797.25
Global   55       12074        219          0.0        0          250      92572      3207       3407.84    1929.65

Total Statistics
Type     Time(s)  Ops          TPS(ops/s)   Net(M/s)   Get_miss   Min(us)  Max(us)    Avg(us)    Std_dev    Geo_dist  
Period   1        22882        22882        3.0        0          294      12727      2974       3070.24    1796.00
Global   55       1204044      21891        3.1        0          187      93624      3117       3299.71    1869.33

[1;1H[2J
Get Statistics
Type     Time(s)  Ops          TPS(ops/s)   Net(M/s)   Get_miss   Min(us)  Max(us)    Avg(us)    Std_dev    Geo_dist  
Period   1        22891        22891        3.0        0          262      12571      2964       3093.52    1774.26
Global   56       1214859      21693        3.1        0          187      93624      3113       3295.12    1866.93

Set Statistics
Type     Time(s)  Ops          TPS(ops/s)   Net(M/s)   Get_miss   Min(us)  Max(us)    Avg(us)    Std_dev    Geo_dist  
Period   1        232          232          0.0        0          466      11851      3350       3264.27    2018.71
Global   56       12306        219          0.0        0          250      92572      3209       3405.77    1931.29

Total Statistics
Type     Time(s)  Ops          TPS(ops/s)   Net(M/s)   Get_miss   Min(us)  Max(us)    Avg(us)    Std_dev    Geo_dist  
Period   1        23124        23124        3.0        0          262      12571      2968       3095.77    1777.34
Global   56       1227168      21913        3.2        0          187      93624      3114       3296.23    1867.57

[1;1H[2J
Get Statistics
Type     Time(s)  Ops          TPS(ops/s)   Net(M/s)   Get_miss   Min(us)  Max(us)    Avg(us)    Std_dev    Geo_dist  
Period   1        20992        20992        3.0        0          276      19070      3224       3307.02    1926.92
Global   57       1235851      21681        2.9        0          187      93624      3115       3295.26    1867.97

Set Statistics
Type     Time(s)  Ops          TPS(ops/s)   Net(M/s)   Get_miss   Min(us)  Max(us)    Avg(us)    Std_dev    Geo_dist  
Period   1        210          210          0.0        0          355      17420      3622       3519.72    2190.36
Global   57       12516        219          0.0        0          250      92572      3216       3407.92    1935.37

Total Statistics
Type     Time(s)  Ops          TPS(ops/s)   Net(M/s)   Get_miss   Min(us)  Max(us)    Avg(us)    Std_dev    Geo_dist  
Period   1        21199        21199        3.0        0          276      19070      3228       3309.40    1930.63
Global   57       1248367      21901        2.9        0          187      93624      3116       3296.44    1868.64

[1;1H[2J
Get Statistics
Type     Time(s)  Ops          TPS(ops/s)   Net(M/s)   Get_miss   Min(us)  Max(us)    Avg(us)    Std_dev    Geo_dist  
Period   1        21069        21069        3.0        0          236      19050      3201       3181.10    1957.20
Global   58       1256920      21671        2.9        0          187      93624      3116       3293.81    1869.44

Set Statistics
Type     Time(s)  Ops          TPS(ops/s)   Net(M/s)   Get_miss   Min(us)  Max(us)    Avg(us)    Std_dev    Geo_dist  
Period   1        214          214          0.0        0          491      8979       3073       3035.85    1929.35
Global   58       12730        219          0.0        0          250      92572      3214       3401.56    1935.27

Total Statistics
Type     Time(s)  Ops          TPS(ops/s)   Net(M/s)   Get_miss   Min(us)  Max(us)    Avg(us)    Std_dev    Geo_dist  
Period   1        21285        21285        3.0        0          236      19050      3200       3179.85    1957.16
Global   58       1269652      21890        2.9        0          187      93624      3117       3294.92    1870.09

[1;1H[2J
Get Statistics
Type     Time(s)  Ops          TPS(ops/s)   Net(M/s)   Get_miss   Min(us)  Max(us)    Avg(us)    Std_dev    Geo_dist  
Period   1        21817        21817        3.0        0          251      13672      3089       3047.38    1911.65
Global   59       1278737      21673        3.0        0          187      93624      3116       3289.34    1870.16

Set Statistics
Type     Time(s)  Ops          TPS(ops/s)   Net(M/s)   Get_miss   Min(us)  Max(us)    Avg(us)    Std_dev    Geo_dist  
Period   1        220          220          0.0        0          386      9457       2998       2948.95    1886.75
Global   59       12950        219          0.0        0          250      92572      3210       3394.70    1934.44

Total Statistics
Type     Time(s)  Ops          TPS(ops/s)   Net(M/s)   Get_miss   Min(us)  Max(us)    Avg(us)    Std_dev    Geo_dist  
Period   1        22037        22037        3.0        0          251      13672      3089       3045.91    1912.18
Global   59       1291689      21893        3.0        0          187      93624      3117       3290.38    1870.80

[1;1H[2J
Get Statistics
Type     Time(s)  Ops          TPS(ops/s)   Net(M/s)   Get_miss   Min(us)  Max(us)    Avg(us)    Std_dev    Geo_dist  
Period   1        20555        20555        3.0        0          271      21421      3296       3255.73    1999.95
Global   60       1299292      21654        2.8        0          187      93624      3119       3288.74    1872.16

Set Statistics
Type     Time(s)  Ops          TPS(ops/s)   Net(M/s)   Get_miss   Min(us)  Max(us)    Avg(us)    Std_dev    Geo_dist  
Period   1        209          209          0.0        0          499      11486      3452       3349.06    2117.17
Global   60       13159        219          0.0        0          250      92572      3214       3393.85    1937.21

Total Statistics
Type     Time(s)  Ops          TPS(ops/s)   Net(M/s)   Get_miss   Min(us)  Max(us)    Avg(us)    Std_dev    Geo_dist  
Period   1        20764        20764        3.0        0          271      21421      3297       3256.19    1999.35
Global   60       1312453      21874        2.9        0          187      93624      3120       3289.79    1872.81

Get Statistics (1299362 events)
   Min:       187
   Max:     93624
   Avg:      3119
   Geo:   1872.26
   Std:   3289.01
   Log2 Dist:
       8:       75    27520   463573   363146
      12:    69478   273650   100422     1284
      16:       88      126

Set Statistics (13159 events)
   Min:       250
   Max:     92572
   Avg:      3214
   Geo:   1937.21
   Std:   3393.85
   Log2 Dist:
       8:        1      244     4465     3858
      12:      665     2731     1176       16
      16:        1        2

Total Statistics (1312521 events)
   Min:       187
   Max:     93624
   Avg:      3120
   Geo:   1872.90
   Std:   3290.04
   Log2 Dist:
       8:       76    27764   468038   367004
      12:    70143   276381   101598     1300
      16:       89      128

cmd_get: 1299430
cmd_set: 13159
get_misses: 0
written_bytes: 30691404
read_bytes: 214500002
object_bytes: 1894896

Run time: 60.5s Ops: 1312589 TPS: 21703 Net_rate: 3.9M/s
