servers : 10.0.0.11:9000
threads count: 86
concurrency: 86
run time: 60s
windows size: 10k
set proportion: set_prop=0.01
get proportion: get_prop=0.99
[1;1H[2J
Get Statistics
Type     Time(s)  Ops          TPS(ops/s)   Net(M/s)   Get_miss   Min(us)  Max(us)    Avg(us)    Std_dev    Geo_dist  
Period   1        22344        22344        3.1        0          287      37497      3803       3489.26    2361.70
Global   1        22344        22344        3.1        0          287      37497      3803       3488.88    2360.75

Set Statistics
Type     Time(s)  Ops          TPS(ops/s)   Net(M/s)   Get_miss   Min(us)  Max(us)    Avg(us)    Std_dev    Geo_dist  
Period   1        262          262          0.0        0          540      13710      3234       2971.43    2258.54
Global   1        262          262          0.0        0          540      13710      3234       2971.43    2258.54

Total Statistics
Type     Time(s)  Ops          TPS(ops/s)   Net(M/s)   Get_miss   Min(us)  Max(us)    Avg(us)    Std_dev    Geo_dist  
Period   1        22609        22609        3.1        0          287      37497      3797       3483.78    2359.91
Global   1        22609        22609        3.1        0          287      37497      3797       3483.78    2359.91

[1;1H[2J
Get Statistics
Type     Time(s)  Ops          TPS(ops/s)   Net(M/s)   Get_miss   Min(us)  Max(us)    Avg(us)    Std_dev    Geo_dist  
Period   1        21129        21129        3.0        0          300      21660      4034       3558.17    2542.18
Global   2        43473        21736        2.9        0          287      37497      3915       3525.27    2448.26

Set Statistics
Type     Time(s)  Ops          TPS(ops/s)   Net(M/s)   Get_miss   Min(us)  Max(us)    Avg(us)    Std_dev    Geo_dist  
Period   1        217          217          0.0        0          523      10892      4310       3449.05    2823.12
Global   2        479          239          0.0        0          523      13710      3722       3237.30    2498.77

Total Statistics
Type     Time(s)  Ops          TPS(ops/s)   Net(M/s)   Get_miss   Min(us)  Max(us)    Avg(us)    Std_dev    Geo_dist  
Period   1        21345        21345        3.0        0          300      21660      4037       3557.34    2546.87
Global   2        43954        21977        2.9        0          287      37497      3913       3522.31    2448.92

[1;1H[2J
Get Statistics
Type     Time(s)  Ops          TPS(ops/s)   Net(M/s)   Get_miss   Min(us)  Max(us)    Avg(us)    Std_dev    Geo_dist  
Period   1        21868        21868        3.0        0          291      29003      3906       3581.82    2435.04
Global   3        65341        21780        3.0        0          287      37497      3912       3544.37    2444.16

Set Statistics
Type     Time(s)  Ops          TPS(ops/s)   Net(M/s)   Get_miss   Min(us)  Max(us)    Avg(us)    Std_dev    Geo_dist  
Period   1        226          226          0.0        0          398      21442      4085       3512.28    2636.76
Global   3        705          235          0.0        0          398      21442      3838       3330.16    2542.20

Total Statistics
Type     Time(s)  Ops          TPS(ops/s)   Net(M/s)   Get_miss   Min(us)  Max(us)    Avg(us)    Std_dev    Geo_dist  
Period   1        22093        22093        3.0        0          291      29003      3908       3581.51    2437.93
Global   3        66047        22015        3.0        0          287      37497      3912       3541.46    2445.24

[1;1H[2J
Get Statistics
Type     Time(s)  Ops          TPS(ops/s)   Net(M/s)   Get_miss   Min(us)  Max(us)    Avg(us)    Std_dev    Geo_dist  
Period   1        22882        22882        3.0        0          245      38998      3688       3381.35    2316.17
Global   4        88223        22055        3.1        0          245      38998      3854       3504.26    2410.55

Set Statistics
Type     Time(s)  Ops          TPS(ops/s)   Net(M/s)   Get_miss   Min(us)  Max(us)    Avg(us)    Std_dev    Geo_dist  
Period   1        228          228          0.0        0          434      12805      3727       3309.67    2374.69
Global   4        933          233          0.0        0          398      21442      3811       3323.59    2500.21

Total Statistics
Type     Time(s)  Ops          TPS(ops/s)   Net(M/s)   Get_miss   Min(us)  Max(us)    Avg(us)    Std_dev    Geo_dist  
Period   1        23111        23111        3.1        0          245      38998      3688       3380.75    2316.81
Global   4        89158        22289        3.2        0          245      38998      3854       3501.98    2411.53

[1;1H[2J
Get Statistics
Type     Time(s)  Ops          TPS(ops/s)   Net(M/s)   Get_miss   Min(us)  Max(us)    Avg(us)    Std_dev    Geo_dist  
Period   1        23234        23234        3.1        0          295      30365      3666       3476.52    2231.31
Global   5        111457       22291        3.2        0          245      38998      3815       3499.23    2372.42

Set Statistics
Type     Time(s)  Ops          TPS(ops/s)   Net(M/s)   Get_miss   Min(us)  Max(us)    Avg(us)    Std_dev    Geo_dist  
Period   1        227          227          0.0        0          445      20309      3974       3479.75    2515.77
Global   5        1160         232          0.0        0          398      21442      3843       3353.69    2503.24

Total Statistics
Type     Time(s)  Ops          TPS(ops/s)   Net(M/s)   Get_miss   Min(us)  Max(us)    Avg(us)    Std_dev    Geo_dist  
Period   1        23459        23459        3.1        0          295      30365      3668       3477.04    2232.84
Global   5        112617       22523        3.2        0          245      38998      3815       3498.07    2373.73

[1;1H[2J
Get Statistics
Type     Time(s)  Ops          TPS(ops/s)   Net(M/s)   Get_miss   Min(us)  Max(us)    Avg(us)    Std_dev    Geo_dist  
Period   1        22673        22673        3.1        0          249      46895      3738       3945.79    2183.53
Global   6        134130       22355        3.1        0          245      46895      3802       3578.72    2339.38

Set Statistics
Type     Time(s)  Ops          TPS(ops/s)   Net(M/s)   Get_miss   Min(us)  Max(us)    Avg(us)    Std_dev    Geo_dist  
Period   1        245          245          0.0        0          512      30124      4185       4810.73    2328.87
Global   6        1405         234          0.0        0          398      30124      3903       3649.74    2471.92

Total Statistics
Type     Time(s)  Ops          TPS(ops/s)   Net(M/s)   Get_miss   Min(us)  Max(us)    Avg(us)    Std_dev    Geo_dist  
Period   1        22919        22919        3.1        0          249      46895      3743       3956.08    2185.15
Global   6        135536       22589        3.1        0          245      46895      3803       3579.54    2340.73

[1;1H[2J
Get Statistics
Type     Time(s)  Ops          TPS(ops/s)   Net(M/s)   Get_miss   Min(us)  Max(us)    Avg(us)    Std_dev    Geo_dist  
Period   1        22891        22891        3.1        0          287      39730      3741       3704.25    2274.91
Global   7        157021       22431        3.1        0          245      46895      3793       3597.50    2330.00

Set Statistics
Type     Time(s)  Ops          TPS(ops/s)   Net(M/s)   Get_miss   Min(us)  Max(us)    Avg(us)    Std_dev    Geo_dist  
Period   1        222          222          0.0        0          456      20399      3806       3713.59    2316.87
Global   7        1627         232          0.0        0          398      30124      3889       3658.33    2450.17

Total Statistics
Type     Time(s)  Ops          TPS(ops/s)   Net(M/s)   Get_miss   Min(us)  Max(us)    Avg(us)    Std_dev    Geo_dist  
Period   1        23113        23113        3.1        0          287      39730      3742       3703.86    2275.31
Global   7        158649       22664        3.2        0          245      46895      3794       3598.13    2331.22

[1;1H[2J
Get Statistics
Type     Time(s)  Ops          TPS(ops/s)   Net(M/s)   Get_miss   Min(us)  Max(us)    Avg(us)    Std_dev    Geo_dist  
Period   1        23380        23380        3.1        0          288      19612      3659       3337.12    2308.52
Global   8        180401       22550        3.2        0          245      46895      3776       3564.75    2327.32

Set Statistics
Type     Time(s)  Ops          TPS(ops/s)   Net(M/s)   Get_miss   Min(us)  Max(us)    Avg(us)    Std_dev    Geo_dist  
Period   1        239          239          0.0        0          372      14317      3931       3469.77    2439.06
Global   8        1866         233          0.0        0          372      30124      3895       3633.19    2448.75

Total Statistics
Type     Time(s)  Ops          TPS(ops/s)   Net(M/s)   Get_miss   Min(us)  Max(us)    Avg(us)    Std_dev    Geo_dist  
Period   1        23711        23711        3.1        0          288      19612      3679       3346.08    2319.66
Global   8        182360       22795        3.3        0          245      46895      3779       3566.66    2329.82

[1;1H[2J
Get Statistics
Type     Time(s)  Ops          TPS(ops/s)   Net(M/s)   Get_miss   Min(us)  Max(us)    Avg(us)    Std_dev    Geo_dist  
Period   1        22928        22928        3.1        0          309      18842      3763       3320.20    2431.33
Global   9        203329       22592        3.1        0          245      46895      3774       3538.59    2338.82

Set Statistics
Type     Time(s)  Ops          TPS(ops/s)   Net(M/s)   Get_miss   Min(us)  Max(us)    Avg(us)    Std_dev    Geo_dist  
Period   1        231          231          0.0        0          359      12505      3915       3397.62    2545.89
Global   9        2097         233          0.0        0          359      30124      3897       3607.44    2459.26

Total Statistics
Type     Time(s)  Ops          TPS(ops/s)   Net(M/s)   Get_miss   Min(us)  Max(us)    Avg(us)    Std_dev    Geo_dist  
Period   1        23066        23066        3.1        0          309      18842      3747       3313.53    2422.22
Global   9        205426       22825        3.2        0          245      46895      3776       3538.51    2340.02

[1;1H[2J
Get Statistics
Type     Time(s)  Ops          TPS(ops/s)   Net(M/s)   Get_miss   Min(us)  Max(us)    Avg(us)    Std_dev    Geo_dist  
Period   1        22571        22571        3.1        0          315      29320      3757       3426.39    2393.06
Global   10       225900       22590        3.1        0          245      46895      3773       3526.79    2344.18

Set Statistics
Type     Time(s)  Ops          TPS(ops/s)   Net(M/s)   Get_miss   Min(us)  Max(us)    Avg(us)    Std_dev    Geo_dist  
Period   1        230          230          0.0        0          364      13723      3700       3360.49    2350.38
Global   10       2327         232          0.0        0          359      30124      3877       3584.16    2448.28

Total Statistics
Type     Time(s)  Ops          TPS(ops/s)   Net(M/s)   Get_miss   Min(us)  Max(us)    Avg(us)    Std_dev    Geo_dist  
Period   1        22802        22802        3.1        0          315      29320      3756       3425.97    2392.52
Global   10       228228       22822        3.1        0          245      46895      3774       3527.43    2345.21

[1;1H[2J
Get Statistics
Type     Time(s)  Ops          TPS(ops/s)   Net(M/s)   Get_miss   Min(us)  Max(us)    Avg(us)    Std_dev    Geo_dist  
Period   1        21572        21572        3.1        0          306      28989      3959       3678.83    2504.83
Global   11       247472       22497        3.0        0          245      46895      3789       3540.88    2357.75

Set Statistics
Type     Time(s)  Ops          TPS(ops/s)   Net(M/s)   Get_miss   Min(us)  Max(us)    Avg(us)    Std_dev    Geo_dist  
Period   1        218          218          0.0        0          469      10901      3745       3285.53    2496.18
Global   11       2545         231          0.0        0          359      30124      3866       3558.81    2452.35

Total Statistics
Type     Time(s)  Ops          TPS(ops/s)   Net(M/s)   Get_miss   Min(us)  Max(us)    Avg(us)    Std_dev    Geo_dist  
Period   1        21791        21791        3.1        0          306      28989      3957       3675.12    2504.87
Global   11       250019       22729        3.0        0          245      46895      3790       3540.86    2358.71

[1;1H[2J
Get Statistics
Type     Time(s)  Ops          TPS(ops/s)   Net(M/s)   Get_miss   Min(us)  Max(us)    Avg(us)    Std_dev    Geo_dist  
Period   1        21787        21787        3.1        0          335      29614      3933       3529.08    2503.42
Global   12       269259       22438        3.0        0          245      46895      3801       3539.82    2369.37

Set Statistics
Type     Time(s)  Ops          TPS(ops/s)   Net(M/s)   Get_miss   Min(us)  Max(us)    Avg(us)    Std_dev    Geo_dist  
Period   1        220          220          0.0        0          534      18994      4392       3725.26    2823.46
Global   12       2765         230          0.0        0          359      30124      3908       3574.32    2480.00

Total Statistics
Type     Time(s)  Ops          TPS(ops/s)   Net(M/s)   Get_miss   Min(us)  Max(us)    Avg(us)    Std_dev    Geo_dist  
Period   1        22005        22005        3.1        0          335      29614      3938       3530.86    2507.20
Global   12       272024       22668        3.0        0          245      46895      3802       3540.28    2370.47

[1;1H[2J
Get Statistics
Type     Time(s)  Ops          TPS(ops/s)   Net(M/s)   Get_miss   Min(us)  Max(us)    Avg(us)    Std_dev    Geo_dist  
Period   1        21524        21524        3.1        0          243      46486      3920       4235.76    2405.76
Global   13       290783       22367        3.0        0          243      46895      3809       3596.94    2372.04

Set Statistics
Type     Time(s)  Ops          TPS(ops/s)   Net(M/s)   Get_miss   Min(us)  Max(us)    Avg(us)    Std_dev    Geo_dist  
Period   1        211          211          0.0        0          432      44494      4040       5154.09    2413.60
Global   13       2976         228          0.0        0          359      44494      3917       3707.93    2475.23

Total Statistics
Type     Time(s)  Ops          TPS(ops/s)   Net(M/s)   Get_miss   Min(us)  Max(us)    Avg(us)    Std_dev    Geo_dist  
Period   1        21735        21735        3.1        0          243      46486      3921       4245.66    2405.84
Global   13       293759       22596        3.0        0          243      46895      3811       3597.13    2373.07

[1;1H[2J
Get Statistics
Type     Time(s)  Ops          TPS(ops/s)   Net(M/s)   Get_miss   Min(us)  Max(us)    Avg(us)    Std_dev    Geo_dist  
Period   1        22625        22625        3.1        0          286      28065      3764       3489.30    2327.22
Global   14       313408       22386        3.1        0          243      46895      3806       3589.02    2368.78

Set Statistics
Type     Time(s)  Ops          TPS(ops/s)   Net(M/s)   Get_miss   Min(us)  Max(us)    Avg(us)    Std_dev    Geo_dist  
Period   1        235          235          0.0        0          310      13287      3846       3458.74    2428.43
Global   14       3211         229          0.0        0          310      44494      3912       3689.59    2471.78

Total Statistics
Type     Time(s)  Ops          TPS(ops/s)   Net(M/s)   Get_miss   Min(us)  Max(us)    Avg(us)    Std_dev    Geo_dist  
Period   1        22860        22860        3.1        0          286      28065      3765       3488.75    2328.24
Global   14       316619       22615        3.1        0          243      46895      3807       3590.15    2369.80

[1;1H[2J
Get Statistics
Type     Time(s)  Ops          TPS(ops/s)   Net(M/s)   Get_miss   Min(us)  Max(us)    Avg(us)    Std_dev    Geo_dist  
Period   1        22396        22396        3.1        0          304      18866      3810       3365.29    2461.31
Global   15       335804       22386        3.1        0          243      46895      3806       3574.82    2374.84

Set Statistics
Type     Time(s)  Ops          TPS(ops/s)   Net(M/s)   Get_miss   Min(us)  Max(us)    Avg(us)    Std_dev    Geo_dist  
Period   1        222          222          0.0        0          476      17717      4104       3536.05    2642.46
Global   15       3433         228          0.0        0          310      44494      3924       3680.10    2482.47

Total Statistics
Type     Time(s)  Ops          TPS(ops/s)   Net(M/s)   Get_miss   Min(us)  Max(us)    Avg(us)    Std_dev    Geo_dist  
Period   1        22620        22620        3.1        0          304      18866      3813       3367.54    2463.30
Global   15       339239       22615        3.1        0          243      46895      3808       3575.09    2375.92

[1;1H[2J
Get Statistics
Type     Time(s)  Ops          TPS(ops/s)   Net(M/s)   Get_miss   Min(us)  Max(us)    Avg(us)    Std_dev    Geo_dist  
Period   1        23216        23216        3.1        0          245      23970      3657       3517.28    2217.54
Global   16       359020       22438        3.2        0          243      46895      3797       3570.66    2364.40

Set Statistics
Type     Time(s)  Ops          TPS(ops/s)   Net(M/s)   Get_miss   Min(us)  Max(us)    Avg(us)    Std_dev    Geo_dist  
Period   1        232          232          0.0        0          528      21744      3745       3595.56    2295.23
Global   16       3665         229          0.0        0          310      44494      3913       3674.23    2470.18

Total Statistics
Type     Time(s)  Ops          TPS(ops/s)   Net(M/s)   Get_miss   Min(us)  Max(us)    Avg(us)    Std_dev    Geo_dist  
Period   1        23448        23448        3.1        0          245      23970      3657       3517.94    2216.58
Global   16       362687       22667        3.2        0          243      46895      3798       3571.92    2365.40

[1;1H[2J
Get Statistics
Type     Time(s)  Ops          TPS(ops/s)   Net(M/s)   Get_miss   Min(us)  Max(us)    Avg(us)    Std_dev    Geo_dist  
Period   1        23351        23351        3.1        0          254      21047      3665       3475.99    2231.50
Global   17       382371       22492        3.2        0          243      46895      3789       3565.05    2356.12

Set Statistics
Type     Time(s)  Ops          TPS(ops/s)   Net(M/s)   Get_miss   Min(us)  Max(us)    Avg(us)    Std_dev    Geo_dist  
Period   1        242          242          0.0        0          357      15137      3818       3515.99    2359.45
Global   17       3907         229          0.0        0          310      44494      3907       3664.39    2463.17

Total Statistics
Type     Time(s)  Ops          TPS(ops/s)   Net(M/s)   Get_miss   Min(us)  Max(us)    Avg(us)    Std_dev    Geo_dist  
Period   1        23591        23591        3.1        0          254      21047      3666       3476.88    2233.38
Global   17       386278       22722        3.2        0          243      46895      3790       3566.28    2357.18

[1;1H[2J
Get Statistics
Type     Time(s)  Ops          TPS(ops/s)   Net(M/s)   Get_miss   Min(us)  Max(us)    Avg(us)    Std_dev    Geo_dist  
Period   1        23879        23879        3.1        0          234      28754      3556       3461.89    2153.64
Global   18       406250       22569        3.3        0          234      46895      3775       3559.81    2343.71

Set Statistics
Type     Time(s)  Ops          TPS(ops/s)   Net(M/s)   Get_miss   Min(us)  Max(us)    Avg(us)    Std_dev    Geo_dist  
Period   1        241          241          0.0        0          333      14178      3617       3522.85    2138.24
Global   18       4148         230          0.0        0          310      44494      3890       3656.70    2443.01

Total Statistics
Type     Time(s)  Ops          TPS(ops/s)   Net(M/s)   Get_miss   Min(us)  Max(us)    Avg(us)    Std_dev    Geo_dist  
Period   1        24122        24122        3.1        0          234      28754      3557       3462.41    2153.71
Global   18       410400       22800        3.3        0          234      46895      3776       3561.00    2344.70

[1;1H[2J
Get Statistics
Type     Time(s)  Ops          TPS(ops/s)   Net(M/s)   Get_miss   Min(us)  Max(us)    Avg(us)    Std_dev    Geo_dist  
Period   1        24383        24383        3.1        0          221      20967      3522       3389.07    2104.19
Global   19       430633       22664        3.3        0          221      46895      3761       3550.51    2329.49

Set Statistics
Type     Time(s)  Ops          TPS(ops/s)   Net(M/s)   Get_miss   Min(us)  Max(us)    Avg(us)    Std_dev    Geo_dist  
Period   1        246          246          0.0        0          275      14447      3438       3387.02    2029.12
Global   19       4394         231          0.0        0          275      44494      3865       3642.92    2417.75

Total Statistics
Type     Time(s)  Ops          TPS(ops/s)   Net(M/s)   Get_miss   Min(us)  Max(us)    Avg(us)    Std_dev    Geo_dist  
Period   1        24627        24627        3.1        0          221      20967      3521       3389.11    2103.98
Global   19       435027       22896        3.4        0          221      46895      3762       3551.52    2330.37

[1;1H[2J
Get Statistics
Type     Time(s)  Ops          TPS(ops/s)   Net(M/s)   Get_miss   Min(us)  Max(us)    Avg(us)    Std_dev    Geo_dist  
Period   1        23475        23475        3.1        0          279      28821      3641       3590.85    2153.10
Global   20       454108       22705        3.2        0          221      46895      3755       3552.49    2320.03

Set Statistics
Type     Time(s)  Ops          TPS(ops/s)   Net(M/s)   Get_miss   Min(us)  Max(us)    Avg(us)    Std_dev    Geo_dist  
Period   1        235          235          0.0        0          390      11600      3530       3360.38    2187.15
Global   20       4629         231          0.0        0          275      44494      3848       3629.51    2405.48

Total Statistics
Type     Time(s)  Ops          TPS(ops/s)   Net(M/s)   Get_miss   Min(us)  Max(us)    Avg(us)    Std_dev    Geo_dist  
Period   1        23712        23712        3.1        0          279      28821      3641       3587.95    2153.68
Global   20       458739       22936        3.3        0          221      46895      3756       3553.24    2320.89

[1;1H[2J
Get Statistics
Type     Time(s)  Ops          TPS(ops/s)   Net(M/s)   Get_miss   Min(us)  Max(us)    Avg(us)    Std_dev    Geo_dist  
Period   1        23660        23660        3.1        0          305      39931      3631       3555.16    2172.38
Global   21       477768       22750        3.2        0          221      46895      3748       3553.65    2312.53

Set Statistics
Type     Time(s)  Ops          TPS(ops/s)   Net(M/s)   Get_miss   Min(us)  Max(us)    Avg(us)    Std_dev    Geo_dist  
Period   1        232          232          0.0        0          391      11624      3548       3322.81    2161.83
Global   21       4861         231          0.0        0          275      44494      3834       3615.37    2393.25

Total Statistics
Type     Time(s)  Ops          TPS(ops/s)   Net(M/s)   Get_miss   Min(us)  Max(us)    Avg(us)    Std_dev    Geo_dist  
Period   1        23890        23890        3.2        0          305      39931      3630       3553.11    2172.87
Global   21       482629       22982        3.3        0          221      46895      3749       3554.14    2313.33

[1;1H[2J
Get Statistics
Type     Time(s)  Ops          TPS(ops/s)   Net(M/s)   Get_miss   Min(us)  Max(us)    Avg(us)    Std_dev    Geo_dist  
Period   1        23761        23761        3.1        0          256      27517      3554       3221.06    2267.14
Global   22       501529       22796        3.3        0          221      46895      3739       3538.63    2310.36

Set Statistics
Type     Time(s)  Ops          TPS(ops/s)   Net(M/s)   Get_miss   Min(us)  Max(us)    Avg(us)    Std_dev    Geo_dist  
Period   1        245          245          0.0        0          413      15489      3289       3164.20    2095.83
Global   22       5106         232          0.0        0          275      44494      3808       3596.47    2378.06

Total Statistics
Type     Time(s)  Ops          TPS(ops/s)   Net(M/s)   Get_miss   Min(us)  Max(us)    Avg(us)    Std_dev    Geo_dist  
Period   1        24006        24006        3.2        0          256      27517      3551       3220.86    2265.32
Global   22       506635       23028        3.3        0          221      46895      3740       3538.90    2311.03

[1;1H[2J
Get Statistics
Type     Time(s)  Ops          TPS(ops/s)   Net(M/s)   Get_miss   Min(us)  Max(us)    Avg(us)    Std_dev    Geo_dist  
Period   1        23901        23901        3.1        0          301      30214      3541       3434.50    2102.90
Global   23       525430       22844        3.3        0          221      46895      3730       3534.19    2300.49

Set Statistics
Type     Time(s)  Ops          TPS(ops/s)   Net(M/s)   Get_miss   Min(us)  Max(us)    Avg(us)    Std_dev    Geo_dist  
Period   1        243          243          0.0        0          418      20489      3920       3678.01    2307.56
Global   23       5349         232          0.0        0          275      44494      3813       3600.03    2374.81

Total Statistics
Type     Time(s)  Ops          TPS(ops/s)   Net(M/s)   Get_miss   Min(us)  Max(us)    Avg(us)    Std_dev    Geo_dist  
Period   1        24148        24148        3.2        0          301      30214      3546       3436.62    2105.29
Global   23       530783       23077        3.3        0          221      46895      3731       3534.72    2301.25

[1;1H[2J
Get Statistics
Type     Time(s)  Ops          TPS(ops/s)   Net(M/s)   Get_miss   Min(us)  Max(us)    Avg(us)    Std_dev    Geo_dist  
Period   1        24786        24786        3.1        0          223      30490      3445       3385.98    2051.82
Global   24       550216       22925        3.4        0          221      46895      3717       3528.34    2288.74

Set Statistics
Type     Time(s)  Ops          TPS(ops/s)   Net(M/s)   Get_miss   Min(us)  Max(us)    Avg(us)    Std_dev    Geo_dist  
Period   1        250          250          0.0        0          424      11242      3469       3313.01    2130.19
Global   24       5599         233          0.0        0          275      44494      3797       3588.81    2363.31

Total Statistics
Type     Time(s)  Ops          TPS(ops/s)   Net(M/s)   Get_miss   Min(us)  Max(us)    Avg(us)    Std_dev    Geo_dist  
Period   1        25035        25035        3.2        0          223      30490      3446       3384.86    2053.94
Global   24       555818       23159        3.4        0          221      46895      3718       3528.77    2289.50

[1;1H[2J
Get Statistics
Type     Time(s)  Ops          TPS(ops/s)   Net(M/s)   Get_miss   Min(us)  Max(us)    Avg(us)    Std_dev    Geo_dist  
Period   1        23891        23891        3.2        0          346      30017      3584       3415.26    2190.08
Global   25       574107       22964        3.3        0          221      46895      3712       3523.26    2284.62

Set Statistics
Type     Time(s)  Ops          TPS(ops/s)   Net(M/s)   Get_miss   Min(us)  Max(us)    Avg(us)    Std_dev    Geo_dist  
Period   1        240          240          0.0        0          432      11693      3544       3359.06    2167.61
Global   25       5839         233          0.0        0          275      44494      3787       3579.32    2354.93

Total Statistics
Type     Time(s)  Ops          TPS(ops/s)   Net(M/s)   Get_miss   Min(us)  Max(us)    Avg(us)    Std_dev    Geo_dist  
Period   1        24129        24129        3.2        0          346      30017      3584       3414.53    2191.25
Global   25       579947       23197        3.3        0          221      46895      3713       3523.59    2285.32

[1;1H[2J
Get Statistics
Type     Time(s)  Ops          TPS(ops/s)   Net(M/s)   Get_miss   Min(us)  Max(us)    Avg(us)    Std_dev    Geo_dist  
Period   1        22961        22961        3.2        0          272      21577      3722       3653.91    2206.08
Global   26       597068       22964        3.2        0          221      46895      3712       3528.79    2281.58

Set Statistics
Type     Time(s)  Ops          TPS(ops/s)   Net(M/s)   Get_miss   Min(us)  Max(us)    Avg(us)    Std_dev    Geo_dist  
Period   1        233          233          0.0        0          397      20079      3897       4083.28    2256.54
Global   26       6072         233          0.0        0          275      44494      3791       3599.87    2351.08

Total Statistics
Type     Time(s)  Ops          TPS(ops/s)   Net(M/s)   Get_miss   Min(us)  Max(us)    Avg(us)    Std_dev    Geo_dist  
Period   1        23194        23194        3.2        0          272      21577      3724       3658.23    2206.59
Global   26       603141       23197        3.2        0          221      46895      3713       3529.31    2282.28

[1;1H[2J
Get Statistics
Type     Time(s)  Ops          TPS(ops/s)   Net(M/s)   Get_miss   Min(us)  Max(us)    Avg(us)    Std_dev    Geo_dist  
Period   1        23695        23695        3.2        0          311      25532      3597       3451.81    2174.30
Global   27       620763       22991        3.3        0          221      46895      3708       3525.55    2277.42

Set Statistics
Type     Time(s)  Ops          TPS(ops/s)   Net(M/s)   Get_miss   Min(us)  Max(us)    Avg(us)    Std_dev    Geo_dist  
Period   1        245          245          0.0        0          386      13779      4078       3616.93    2486.24
Global   27       6317         233          0.0        0          275      44494      3802       3600.81    2356.18

Total Statistics
Type     Time(s)  Ops          TPS(ops/s)   Net(M/s)   Get_miss   Min(us)  Max(us)    Avg(us)    Std_dev    Geo_dist  
Period   1        23941        23941        3.2        0          311      25532      3601       3454.22    2174.95
Global   27       627082       23225        3.3        0          221      46895      3709       3526.29    2278.21

[1;1H[2J
Get Statistics
Type     Time(s)  Ops          TPS(ops/s)   Net(M/s)   Get_miss   Min(us)  Max(us)    Avg(us)    Std_dev    Geo_dist  
Period   1        24233        24233        3.2        0          302      23015      3527       3310.00    2187.07
Global   28       644996       23035        3.3        0          221      46895      3701       3518.08    2273.99

Set Statistics
Type     Time(s)  Ops          TPS(ops/s)   Net(M/s)   Get_miss   Min(us)  Max(us)    Avg(us)    Std_dev    Geo_dist  
Period   1        245          245          0.0        0          420      17947      3534       3228.57    2261.67
Global   28       6562         234          0.0        0          275      44494      3792       3587.74    2352.58

Total Statistics
Type     Time(s)  Ops          TPS(ops/s)   Net(M/s)   Get_miss   Min(us)  Max(us)    Avg(us)    Std_dev    Geo_dist  
Period   1        24478        24478        3.2        0          302      23015      3527       3309.52    2188.60
Global   28       651560       23270        3.4        0          221      46895      3702       3518.73    2274.78

[1;1H[2J
Get Statistics
Type     Time(s)  Ops          TPS(ops/s)   Net(M/s)   Get_miss   Min(us)  Max(us)    Avg(us)    Std_dev    Geo_dist  
Period   1        23356        23356        3.2        0          277      28793      3631       3623.43    2149.17
Global   29       668352       23046        3.2        0          221      46895      3699       3521.38    2269.54

Set Statistics
Type     Time(s)  Ops          TPS(ops/s)   Net(M/s)   Get_miss   Min(us)  Max(us)    Avg(us)    Std_dev    Geo_dist  
Period   1        230          230          0.0        0          456      13472      3807       3439.31    2357.04
Global   29       6792         234          0.0        0          275      44494      3793       3582.05    2352.73

Total Statistics
Type     Time(s)  Ops          TPS(ops/s)   Net(M/s)   Get_miss   Min(us)  Max(us)    Avg(us)    Std_dev    Geo_dist  
Period   1        23585        23585        3.2        0          277      28793      3633       3621.54    2151.81
Global   29       675145       23280        3.2        0          221      46895      3700       3521.96    2270.37

[1;1H[2J
Get Statistics
Type     Time(s)  Ops          TPS(ops/s)   Net(M/s)   Get_miss   Min(us)  Max(us)    Avg(us)    Std_dev    Geo_dist  
Period   1        24258        24258        3.2        0          294      31327      3547       3370.95    2156.54
Global   30       692610       23087        3.3        0          221      46895      3693       3517.05    2265.52

Set Statistics
Type     Time(s)  Ops          TPS(ops/s)   Net(M/s)   Get_miss   Min(us)  Max(us)    Avg(us)    Std_dev    Geo_dist  
Period   1        246          246          0.0        0          465      10949      3600       3325.67    2235.33
Global   30       7038         234          0.0        0          275      44494      3786       3573.62    2348.53

Total Statistics
Type     Time(s)  Ops          TPS(ops/s)   Net(M/s)   Get_miss   Min(us)  Max(us)    Avg(us)    Std_dev    Geo_dist  
Period   1        24531        24531        3.2        0          294      31327      3552       3371.35    2160.14
Global   30       699676       23322        3.4        0          221      46895      3694       3517.75    2266.44

[1;1H[2J
Get Statistics
Type     Time(s)  Ops          TPS(ops/s)   Net(M/s)   Get_miss   Min(us)  Max(us)    Avg(us)    Std_dev    Geo_dist  
Period   1        23745        23745        3.2        0          245      18889      3572       3266.60    2210.68
Global   31       716355       23108        3.3        0          221      46895      3690       3508.30    2264.30

Set Statistics
Type     Time(s)  Ops          TPS(ops/s)   Net(M/s)   Get_miss   Min(us)  Max(us)    Avg(us)    Std_dev    Geo_dist  
Period   1        241          241          0.0        0          546      17868      3683       3345.66    2322.74
Global   31       7279         234          0.0        0          275      44494      3783       3565.70    2347.67

Total Statistics
Type     Time(s)  Ops          TPS(ops/s)   Net(M/s)   Get_miss   Min(us)  Max(us)    Avg(us)    Std_dev    Geo_dist  
Period   1        23964        23964        3.2        0          245      18889      3576       3267.88    2225.30
Global   31       723640       23343        3.3        0          221      46895      3691       3508.87    2265.15

[1;1H[2J
Get Statistics
Type     Time(s)  Ops          TPS(ops/s)   Net(M/s)   Get_miss   Min(us)  Max(us)    Avg(us)    Std_dev    Geo_dist  
Period   1        23664        23664        3.2        0          218      28579      3582       3451.09    2127.95
Global   32       740019       23125        3.2        0          218      46895      3686       3507.18    2259.97

Set Statistics
Type     Time(s)  Ops          TPS(ops/s)   Net(M/s)   Get_miss   Min(us)  Max(us)    Avg(us)    Std_dev    Geo_dist  
Period   1        242          242          0.0        0          360      15782      3821       3504.78    2340.73
Global   32       7521         235          0.0        0          275      44494      3784       3563.77    2347.44

Total Statistics
Type     Time(s)  Ops          TPS(ops/s)   Net(M/s)   Get_miss   Min(us)  Max(us)    Avg(us)    Std_dev    Geo_dist  
Period   1        23903        23903        3.2        0          218      28579      3585       3451.14    2133.01
Global   32       747543       23360        3.3        0          218      46895      3687       3507.74    2260.82

[1;1H[2J
Get Statistics
Type     Time(s)  Ops          TPS(ops/s)   Net(M/s)   Get_miss   Min(us)  Max(us)    Avg(us)    Std_dev    Geo_dist  
Period   1        24695        24695        3.2        0          256      31214      3464       3313.03    2114.60
Global   33       764714       23173        3.4        0          218      46895      3679       3501.12    2255.18

Set Statistics
Type     Time(s)  Ops          TPS(ops/s)   Net(M/s)   Get_miss   Min(us)  Max(us)    Avg(us)    Std_dev    Geo_dist  
Period   1        243          243          0.0        0          394      18544      3664       3427.29    2256.30
Global   33       7764         235          0.0        0          275      44494      3780       3559.69    2344.54

Total Statistics
Type     Time(s)  Ops          TPS(ops/s)   Net(M/s)   Get_miss   Min(us)  Max(us)    Avg(us)    Std_dev    Geo_dist  
Period   1        24937        24937        3.2        0          256      31214      3467       3313.82    2117.54
Global   33       772480       23408        3.4        0          218      46895      3680       3501.75    2256.07

[1;1H[2J
Get Statistics
Type     Time(s)  Ops          TPS(ops/s)   Net(M/s)   Get_miss   Min(us)  Max(us)    Avg(us)    Std_dev    Geo_dist  
Period   1        23700        23700        3.2        0          291      51302      3599       3493.82    2197.95
Global   34       788414       23188        3.3        0          218      51302      3677       3500.51    2253.47

Set Statistics
Type     Time(s)  Ops          TPS(ops/s)   Net(M/s)   Get_miss   Min(us)  Max(us)    Avg(us)    Std_dev    Geo_dist  
Period   1        242          242          0.0        0          425      17411      3782       3500.82    2350.50
Global   34       8006         235          0.0        0          275      44494      3780       3557.77    2344.72

Total Statistics
Type     Time(s)  Ops          TPS(ops/s)   Net(M/s)   Get_miss   Min(us)  Max(us)    Avg(us)    Std_dev    Geo_dist  
Period   1        23944        23944        3.2        0          291      51302      3601       3494.35    2200.48
Global   34       796424       23424        3.3        0          218      51302      3678       3501.16    2254.38

[1;1H[2J
Get Statistics
Type     Time(s)  Ops          TPS(ops/s)   Net(M/s)   Get_miss   Min(us)  Max(us)    Avg(us)    Std_dev    Geo_dist  
Period   1        23635        23635        3.2        0          242      25694      3633       3304.68    2270.69
Global   35       812049       23201        3.2        0          218      51302      3675       3495.76    2254.04

Set Statistics
Type     Time(s)  Ops          TPS(ops/s)   Net(M/s)   Get_miss   Min(us)  Max(us)    Avg(us)    Std_dev    Geo_dist  
Period   1        240          240          0.0        0          423      10462      3363       3154.22    2114.68
Global   35       8246         235          0.0        0          275      44494      3768       3547.05    2337.68

Total Statistics
Type     Time(s)  Ops          TPS(ops/s)   Net(M/s)   Get_miss   Min(us)  Max(us)    Avg(us)    Std_dev    Geo_dist  
Period   1        23872        23872        3.2        0          242      25694      3631       3302.90    2271.26
Global   35       820296       23437        3.3        0          218      51302      3676       3496.22    2254.87

[1;1H[2J
Get Statistics
Type     Time(s)  Ops          TPS(ops/s)   Net(M/s)   Get_miss   Min(us)  Max(us)    Avg(us)    Std_dev    Geo_dist  
Period   1        24753        24753        3.2        0          228      40914      3467       3370.27    2104.59
Global   36       836802       23244        3.4        0          218      51302      3669       3492.13    2249.49

Set Statistics
Type     Time(s)  Ops          TPS(ops/s)   Net(M/s)   Get_miss   Min(us)  Max(us)    Avg(us)    Std_dev    Geo_dist  
Period   1        250          250          0.0        0          408      24844      3670       3427.74    2246.90
Global   36       8496         236          0.0        0          275      44494      3765       3543.57    2334.96

Total Statistics
Type     Time(s)  Ops          TPS(ops/s)   Net(M/s)   Get_miss   Min(us)  Max(us)    Avg(us)    Std_dev    Geo_dist  
Period   1        25003        25003        3.2        0          228      40914      3469       3370.62    2105.89
Global   36       845299       23480        3.4        0          218      51302      3670       3492.63    2250.34

[1;1H[2J
Get Statistics
Type     Time(s)  Ops          TPS(ops/s)   Net(M/s)   Get_miss   Min(us)  Max(us)    Avg(us)    Std_dev    Geo_dist  
Period   1        24003        24003        3.2        0          263      48684      3540       3536.67    2089.73
Global   37       860805       23265        3.3        0          218      51302      3666       3492.82    2244.90

Set Statistics
Type     Time(s)  Ops          TPS(ops/s)   Net(M/s)   Get_miss   Min(us)  Max(us)    Avg(us)    Std_dev    Geo_dist  
Period   1        238          238          0.0        0          413      18465      3338       3435.33    1983.09
Global   37       8734         236          0.0        0          275      44494      3753       3541.54    2324.59

Total Statistics
Type     Time(s)  Ops          TPS(ops/s)   Net(M/s)   Get_miss   Min(us)  Max(us)    Avg(us)    Std_dev    Geo_dist  
Period   1        24242        24242        3.2        0          263      48684      3538       3535.58    2089.28
Global   37       869541       23501        3.3        0          218      51302      3666       3494.23    2245.68

[1;1H[2J
Get Statistics
Type     Time(s)  Ops          TPS(ops/s)   Net(M/s)   Get_miss   Min(us)  Max(us)    Avg(us)    Std_dev    Geo_dist  
Period   1        23410        23410        3.2        0          278      27510      3617       3451.00    2146.13
Global   38       884215       23268        3.2        0          218      51302      3664       3492.46    2242.24

Set Statistics
Type     Time(s)  Ops          TPS(ops/s)   Net(M/s)   Get_miss   Min(us)  Max(us)    Avg(us)    Std_dev    Geo_dist  
Period   1        248          248          0.0        0          413      11062      3671       3431.15    2185.47
Global   38       8982         236          0.0        0          275      44494      3751       3538.10    2320.63

Total Statistics
Type     Time(s)  Ops          TPS(ops/s)   Net(M/s)   Get_miss   Min(us)  Max(us)    Avg(us)    Std_dev    Geo_dist  
Period   1        23657        23657        3.2        0          278      27510      3618       3450.70    2145.36
Global   38       893198       23505        3.2        0          218      51302      3665       3492.81    2243.02

[1;1H[2J
Get Statistics
Type     Time(s)  Ops          TPS(ops/s)   Net(M/s)   Get_miss   Min(us)  Max(us)    Avg(us)    Std_dev    Geo_dist  
Period   1        24153        24153        3.2        0          234      21692      3555       3364.12    2170.51
Global   39       908368       23291        3.3        0          218      51302      3661       3489.27    2240.33

Set Statistics
Type     Time(s)  Ops          TPS(ops/s)   Net(M/s)   Get_miss   Min(us)  Max(us)    Avg(us)    Std_dev    Geo_dist  
Period   1        237          237          0.0        0          462      12640      3626       3310.15    2253.01
Global   39       9219         236          0.0        0          275      44494      3748       3532.08    2318.87

Total Statistics
Type     Time(s)  Ops          TPS(ops/s)   Net(M/s)   Get_miss   Min(us)  Max(us)    Avg(us)    Std_dev    Geo_dist  
Period   1        24390        24390        3.2        0          234      21692      3556       3363.20    2171.30
Global   39       917588       23527        3.3        0          218      51302      3662       3489.58    2241.11

[1;1H[2J
Get Statistics
Type     Time(s)  Ops          TPS(ops/s)   Net(M/s)   Get_miss   Min(us)  Max(us)    Avg(us)    Std_dev    Geo_dist  
Period   1        22590        22590        3.2        0          293      82071      3787       5553.68    2107.30
Global   40       930958       23273        3.1        0          218      82071      3664       3553.70    2237.00

Set Statistics
Type     Time(s)  Ops          TPS(ops/s)   Net(M/s)   Get_miss   Min(us)  Max(us)    Avg(us)    Std_dev    Geo_dist  
Period   1        224          224          0.0        0          450      74906      4373       7541.22    2310.07
Global   40       9443         236          0.0        0          275      74906      3763       3678.38    2318.66

Total Statistics
Type     Time(s)  Ops          TPS(ops/s)   Net(M/s)   Get_miss   Min(us)  Max(us)    Avg(us)    Std_dev    Geo_dist  
Period   1        22815        22815        3.2        0          293      82071      3793       5577.79    2109.44
Global   40       940403       23510        3.1        0          218      82071      3665       3555.03    2237.82

[1;1H[2J
Get Statistics
Type     Time(s)  Ops          TPS(ops/s)   Net(M/s)   Get_miss   Min(us)  Max(us)    Avg(us)    Std_dev    Geo_dist  
Period   1        24148        24148        3.2        0          241      28662      3580       3509.15    2113.86
Global   41       955106       23295        3.3        0          218      82071      3662       3552.50    2233.83

Set Statistics
Type     Time(s)  Ops          TPS(ops/s)   Net(M/s)   Get_miss   Min(us)  Max(us)    Avg(us)    Std_dev    Geo_dist  
Period   1        250          250          0.0        0          465      17481      3848       3482.44    2393.84
Global   41       9693         236          0.0        0          275      74906      3765       3673.51    2320.57

Total Statistics
Type     Time(s)  Ops          TPS(ops/s)   Net(M/s)   Get_miss   Min(us)  Max(us)    Avg(us)    Std_dev    Geo_dist  
Period   1        24399        24399        3.2        0          241      28662      3582       3508.33    2116.77
Global   41       964802       23531        3.4        0          218      82071      3663       3553.78    2234.67

[1;1H[2J
Get Statistics
Type     Time(s)  Ops          TPS(ops/s)   Net(M/s)   Get_miss   Min(us)  Max(us)    Avg(us)    Std_dev    Geo_dist  
Period   1        22640        22640        3.2        0          302      28084      3740       3537.11    2281.05
Global   42       977746       23279        3.1        0          218      82071      3664       3551.97    2234.92

Set Statistics
Type     Time(s)  Ops          TPS(ops/s)   Net(M/s)   Get_miss   Min(us)  Max(us)    Avg(us)    Std_dev    Geo_dist  
Period   1        221          221          0.0        0          475      11993      3659       3413.51    2221.77
Global   42       9914         236          0.0        0          275      74906      3763       3667.42    2318.32

Total Statistics
Type     Time(s)  Ops          TPS(ops/s)   Net(M/s)   Get_miss   Min(us)  Max(us)    Avg(us)    Std_dev    Geo_dist  
Period   1        22858        22858        3.2        0          302      28084      3739       3536.58    2281.47
Global   42       987660       23515        3.1        0          218      82071      3665       3553.15    2235.75

[1;1H[2J
Get Statistics
Type     Time(s)  Ops          TPS(ops/s)   Net(M/s)   Get_miss   Min(us)  Max(us)    Avg(us)    Std_dev    Geo_dist  
Period   1        24599        24599        3.2        0          295      29337      3465       3391.97    2073.30
Global   43       1002345      23310        3.4        0          218      82071      3659       3548.37    2230.79

Set Statistics
Type     Time(s)  Ops          TPS(ops/s)   Net(M/s)   Get_miss   Min(us)  Max(us)    Avg(us)    Std_dev    Geo_dist  
Period   1        251          251          0.0        0          491      15287      3595       3368.94    2181.01
Global   43       10165        236          0.0        0          275      74906      3759       3660.13    2314.82

Total Statistics
Type     Time(s)  Ops          TPS(ops/s)   Net(M/s)   Get_miss   Min(us)  Max(us)    Avg(us)    Std_dev    Geo_dist  
Period   1        24852        24852        3.2        0          295      29337      3466       3391.75    2073.09
Global   43       1012512      23546        3.4        0          218      82071      3660       3549.53    2231.62

[1;1H[2J
Get Statistics
Type     Time(s)  Ops          TPS(ops/s)   Net(M/s)   Get_miss   Min(us)  Max(us)    Avg(us)    Std_dev    Geo_dist  
Period   1        24649        24649        3.2        0          294      29897      3481       3501.81    2076.07
Global   44       1026994      23340        3.4        0          218      82071      3655       3547.10    2226.98

Set Statistics
Type     Time(s)  Ops          TPS(ops/s)   Net(M/s)   Get_miss   Min(us)  Max(us)    Avg(us)    Std_dev    Geo_dist  
Period   1        252          252          0.0        0          518      27687      3913       3717.28    2374.25
Global   44       10417        236          0.0        0          275      74906      3762       3662.16    2316.24

Total Statistics
Type     Time(s)  Ops          TPS(ops/s)   Net(M/s)   Get_miss   Min(us)  Max(us)    Avg(us)    Std_dev    Geo_dist  
Period   1        24901        24901        3.2        0          294      29897      3486       3504.02    2079.64
Global   44       1037413      23577        3.4        0          218      82071      3656       3548.37    2227.87

[1;1H[2J
Get Statistics
Type     Time(s)  Ops          TPS(ops/s)   Net(M/s)   Get_miss   Min(us)  Max(us)    Avg(us)    Std_dev    Geo_dist  
Period   1        24076        24076        3.2        0          251      28698      3528       3378.27    2127.74
Global   45       1051070      23357        3.3        0          218      82071      3652       3543.47    2224.68

Set Statistics
Type     Time(s)  Ops          TPS(ops/s)   Net(M/s)   Get_miss   Min(us)  Max(us)    Avg(us)    Std_dev    Geo_dist  
Period   1        243          243          0.0        0          444      11787      3658       3397.47    2245.80
Global   45       10660        236          0.0        0          275      74906      3760       3655.84    2314.61

Total Statistics
Type     Time(s)  Ops          TPS(ops/s)   Net(M/s)   Get_miss   Min(us)  Max(us)    Avg(us)    Std_dev    Geo_dist  
Period   1        24321        24321        3.2        0          251      28698      3530       3378.30    2129.87
Global   45       1061734      23594        3.3        0          218      82071      3653       3544.73    2225.57

[1;1H[2J
Get Statistics
Type     Time(s)  Ops          TPS(ops/s)   Net(M/s)   Get_miss   Min(us)  Max(us)    Avg(us)    Std_dev    Geo_dist  
Period   1        23792        23792        3.2        0          233      37725      3606       3549.76    2116.21
Global   46       1074862      23366        3.3        0          218      82071      3651       3543.62    2222.29

Set Statistics
Type     Time(s)  Ops          TPS(ops/s)   Net(M/s)   Get_miss   Min(us)  Max(us)    Avg(us)    Std_dev    Geo_dist  
Period   1        242          242          0.0        0          394      10692      3532       3267.21    2161.66
Global   46       10902        237          0.0        0          275      74906      3755       3647.62    2311.10

Total Statistics
Type     Time(s)  Ops          TPS(ops/s)   Net(M/s)   Get_miss   Min(us)  Max(us)    Avg(us)    Std_dev    Geo_dist  
Period   1        24031        24031        3.2        0          233      37725      3605       3547.34    2118.41
Global   46       1085765      23603        3.3        0          218      82071      3652       3544.74    2223.16

[1;1H[2J
Get Statistics
Type     Time(s)  Ops          TPS(ops/s)   Net(M/s)   Get_miss   Min(us)  Max(us)    Avg(us)    Std_dev    Geo_dist  
Period   1        23538        23538        3.2        0          261      42078      3644       3484.71    2196.92
Global   47       1098400      23370        3.2        0          218      82071      3651       3542.22    2221.76

Set Statistics
Type     Time(s)  Ops          TPS(ops/s)   Net(M/s)   Get_miss   Min(us)  Max(us)    Avg(us)    Std_dev    Geo_dist  
Period   1        234          234          0.0        0          447      10690      3352       3169.78    2113.28
Global   47       11136        236          0.0        0          275      74906      3746       3639.11    2306.76

Total Statistics
Type     Time(s)  Ops          TPS(ops/s)   Net(M/s)   Get_miss   Min(us)  Max(us)    Avg(us)    Std_dev    Geo_dist  
Period   1        23771        23771        3.2        0          261      42078      3641       3482.09    2196.26
Global   47       1109536      23607        3.3        0          218      82071      3652       3543.17    2222.59

[1;1H[2J
Get Statistics
Type     Time(s)  Ops          TPS(ops/s)   Net(M/s)   Get_miss   Min(us)  Max(us)    Avg(us)    Std_dev    Geo_dist  
Period   1        23606        23606        3.2        0          255      21444      3627       3328.15    2264.07
Global   48       1122006      23375        3.2        0          218      82071      3650       3538.36    2222.64

Set Statistics
Type     Time(s)  Ops          TPS(ops/s)   Net(M/s)   Get_miss   Min(us)  Max(us)    Avg(us)    Std_dev    Geo_dist  
Period   1        239          239          0.0        0          421      12600      3664       3411.50    2284.10
Global   48       11375        236          0.0        0          275      74906      3745       3633.61    2306.28

Total Statistics
Type     Time(s)  Ops          TPS(ops/s)   Net(M/s)   Get_miss   Min(us)  Max(us)    Avg(us)    Std_dev    Geo_dist  
Period   1        23846        23846        3.2        0          255      21444      3628       3328.11    2264.25
Global   48       1133382      23612        3.3        0          218      82071      3651       3539.29    2223.46

[1;1H[2J
Get Statistics
Type     Time(s)  Ops          TPS(ops/s)   Net(M/s)   Get_miss   Min(us)  Max(us)    Avg(us)    Std_dev    Geo_dist  
Period   1        22160        22160        3.2        0          267      28313      3853       3453.45    2428.25
Global   49       1144166      23350        3.0        0          218      82071      3654       3536.77    2226.45

Set Statistics
Type     Time(s)  Ops          TPS(ops/s)   Net(M/s)   Get_miss   Min(us)  Max(us)    Avg(us)    Std_dev    Geo_dist  
Period   1        226          226          0.0        0          546      17818      3988       3586.60    2516.39
Global   49       11601        236          0.0        0          275      74906      3749       3633.46    2310.20

Total Statistics
Type     Time(s)  Ops          TPS(ops/s)   Net(M/s)   Get_miss   Min(us)  Max(us)    Avg(us)    Std_dev    Geo_dist  
Period   1        22384        22384        3.2        0          267      28313      3823       3451.22    2342.24
Global   49       1155766      23587        3.1        0          218      82071      3655       3537.72    2227.29

[1;1H[2J
Get Statistics
Type     Time(s)  Ops          TPS(ops/s)   Net(M/s)   Get_miss   Min(us)  Max(us)    Avg(us)    Std_dev    Geo_dist  
Period   1        22936        22936        3.2        0          236      20688      3733       3536.48    2272.03
Global   50       1167102      23342        3.1        0          218      82071      3656       3536.32    2227.34

Set Statistics
Type     Time(s)  Ops          TPS(ops/s)   Net(M/s)   Get_miss   Min(us)  Max(us)    Avg(us)    Std_dev    Geo_dist  
Period   1        234          234          0.0        0          461      18964      3845       3672.57    2346.09
Global   50       11835        236          0.0        0          275      74906      3751       3634.00    2310.91

Total Statistics
Type     Time(s)  Ops          TPS(ops/s)   Net(M/s)   Get_miss   Min(us)  Max(us)    Avg(us)    Std_dev    Geo_dist  
Period   1        23173        23173        3.2        0          236      20688      3735       3537.12    2272.24
Global   50       1178939      23578        3.2        0          218      82071      3657       3537.28    2228.17

[1;1H[2J
Get Statistics
Type     Time(s)  Ops          TPS(ops/s)   Net(M/s)   Get_miss   Min(us)  Max(us)    Avg(us)    Std_dev    Geo_dist  
Period   1        23147        23147        3.2        0          241      33917      3713       3465.32    2305.51
Global   51       1190249      23338        3.2        0          218      82071      3657       3535.08    2228.85

Set Statistics
Type     Time(s)  Ops          TPS(ops/s)   Net(M/s)   Get_miss   Min(us)  Max(us)    Avg(us)    Std_dev    Geo_dist  
Period   1        235          235          0.0        0          435      12061      3763       3381.59    2365.32
Global   51       12070        236          0.0        0          275      74906      3751       3629.36    2311.96

Total Statistics
Type     Time(s)  Ops          TPS(ops/s)   Net(M/s)   Get_miss   Min(us)  Max(us)    Avg(us)    Std_dev    Geo_dist  
Period   1        23382        23382        3.2        0          241      33917      3714       3464.53    2307.02
Global   51       1202321      23574        3.2        0          218      82071      3658       3536.00    2229.67

[1;1H[2J
Get Statistics
Type     Time(s)  Ops          TPS(ops/s)   Net(M/s)   Get_miss   Min(us)  Max(us)    Avg(us)    Std_dev    Geo_dist  
Period   1        23315        23315        3.2        0          277      23288      3662       3468.93    2229.91
Global   52       1213564      23337        3.2        0          218      82071      3657       3533.92    2228.89

Set Statistics
Type     Time(s)  Ops          TPS(ops/s)   Net(M/s)   Get_miss   Min(us)  Max(us)    Avg(us)    Std_dev    Geo_dist  
Period   1        230          230          0.0        0          519      17684      4216       3751.68    2593.60
Global   52       12300        236          0.0        0          275      74906      3760       3631.76    2316.93

Total Statistics
Type     Time(s)  Ops          TPS(ops/s)   Net(M/s)   Get_miss   Min(us)  Max(us)    Avg(us)    Std_dev    Geo_dist  
Period   1        23543        23543        3.2        0          277      23288      3667       3472.41    2233.80
Global   52       1225864      23574        3.2        0          218      82071      3658       3534.97    2229.75

[1;1H[2J
Get Statistics
Type     Time(s)  Ops          TPS(ops/s)   Net(M/s)   Get_miss   Min(us)  Max(us)    Avg(us)    Std_dev    Geo_dist  
Period   1        22100        22100        3.2        0          310      37129      3854       3879.20    2276.70
Global   53       1235664      23314        3.0        0          218      82071      3661       3540.00    2229.73

Set Statistics
Type     Time(s)  Ops          TPS(ops/s)   Net(M/s)   Get_miss   Min(us)  Max(us)    Avg(us)    Std_dev    Geo_dist  
Period   1        221          221          0.0        0          432      36582      4713       4955.24    2750.66
Global   53       12521        236          0.0        0          275      74906      3777       3660.97    2323.96

Total Statistics
Type     Time(s)  Ops          TPS(ops/s)   Net(M/s)   Get_miss   Min(us)  Max(us)    Avg(us)    Std_dev    Geo_dist  
Period   1        22321        22321        3.2        0          310      37129      3862       3892.60    2280.97
Global   53       1248185      23550        3.1        0          218      82071      3662       3541.42    2230.66

[1;1H[2J
Get Statistics
Type     Time(s)  Ops          TPS(ops/s)   Net(M/s)   Get_miss   Min(us)  Max(us)    Avg(us)    Std_dev    Geo_dist  
Period   1        22787        22787        3.2        0          281      53013      3752       3792.45    2206.92
Global   54       1258451      23304        3.1        0          218      82071      3662       3545.42    2229.32

Set Statistics
Type     Time(s)  Ops          TPS(ops/s)   Net(M/s)   Get_miss   Min(us)  Max(us)    Avg(us)    Std_dev    Geo_dist  
Period   1        235          235          0.0        0          429      20361      3923       4274.15    2214.10
Global   54       12756        236          0.0        0          275      74906      3780       3672.73    2321.89

Total Statistics
Type     Time(s)  Ops          TPS(ops/s)   Net(M/s)   Get_miss   Min(us)  Max(us)    Avg(us)    Std_dev    Geo_dist  
Period   1        23024        23024        3.2        0          281      53013      3754       3797.78    2207.25
Global   54       1271209      23540        3.2        0          218      82071      3664       3545.90    2230.23

[1;1H[2J
Get Statistics
Type     Time(s)  Ops          TPS(ops/s)   Net(M/s)   Get_miss   Min(us)  Max(us)    Avg(us)    Std_dev    Geo_dist  
Period   1        23176        23176        3.2        0          272      27011      3647       3406.81    2246.28
Global   55       1281627      23302        3.2        0          218      82071      3662       3542.68    2229.64

Set Statistics
Type     Time(s)  Ops          TPS(ops/s)   Net(M/s)   Get_miss   Min(us)  Max(us)    Avg(us)    Std_dev    Geo_dist  
Period   1        229          229          0.0        0          442      10417      3521       3211.70    2213.66
Global   55       12985        236          0.0        0          275      74906      3775       3665.60    2319.93

Total Statistics
Type     Time(s)  Ops          TPS(ops/s)   Net(M/s)   Get_miss   Min(us)  Max(us)    Avg(us)    Std_dev    Geo_dist  
Period   1        23405        23405        3.2        0          272      27011      3646       3404.93    2246.81
Global   55       1294614      23538        3.2        0          218      82071      3663       3544.10    2230.53

[1;1H[2J
Get Statistics
Type     Time(s)  Ops          TPS(ops/s)   Net(M/s)   Get_miss   Min(us)  Max(us)    Avg(us)    Std_dev    Geo_dist  
Period   1        23160        23160        3.2        0          326      30666      3696       3574.77    2202.52
Global   56       1304787      23299        3.2        0          218      82071      3663       3542.85    2229.15

Set Statistics
Type     Time(s)  Ops          TPS(ops/s)   Net(M/s)   Get_miss   Min(us)  Max(us)    Avg(us)    Std_dev    Geo_dist  
Period   1        239          239          0.0        0          451      20985      3936       4177.38    2248.51
Global   56       13224        236          0.0        0          275      74906      3778       3675.27    2318.62

Total Statistics
Type     Time(s)  Ops          TPS(ops/s)   Net(M/s)   Get_miss   Min(us)  Max(us)    Avg(us)    Std_dev    Geo_dist  
Period   1        23401        23401        3.2        0          326      30666      3699       3581.31    2203.23
Global   56       1318015      23535        3.2        0          218      82071      3664       3544.39    2230.04

[1;1H[2J
Get Statistics
Type     Time(s)  Ops          TPS(ops/s)   Net(M/s)   Get_miss   Min(us)  Max(us)    Avg(us)    Std_dev    Geo_dist  
Period   1        23274        23274        3.2        0          294      28668      3604       3531.01    2150.16
Global   57       1328061      23299        3.2        0          218      82071      3662       3542.64    2227.81

Set Statistics
Type     Time(s)  Ops          TPS(ops/s)   Net(M/s)   Get_miss   Min(us)  Max(us)    Avg(us)    Std_dev    Geo_dist  
Period   1        231          231          0.0        0          374      18170      3884       3559.67    2364.71
Global   57       13455        236          0.0        0          275      74906      3780       3673.03    2319.41

Total Statistics
Type     Time(s)  Ops          TPS(ops/s)   Net(M/s)   Get_miss   Min(us)  Max(us)    Avg(us)    Std_dev    Geo_dist  
Period   1        23503        23503        3.2        0          294      28668      3608       3530.57    2154.37
Global   57       1341518      23535        3.2        0          218      82071      3663       3544.18    2228.71

[1;1H[2J
Get Statistics
Type     Time(s)  Ops          TPS(ops/s)   Net(M/s)   Get_miss   Min(us)  Max(us)    Avg(us)    Std_dev    Geo_dist  
Period   1        23964        23964        3.2        0          242      29791      3579       3421.56    2164.39
Global   58       1352025      23310        3.3        0          218      82071      3660       3541.10    2226.68

Set Statistics
Type     Time(s)  Ops          TPS(ops/s)   Net(M/s)   Get_miss   Min(us)  Max(us)    Avg(us)    Std_dev    Geo_dist  
Period   1        245          245          0.0        0          315      12847      3747       3479.69    2280.54
Global   58       13700        236          0.0        0          275      74906      3779       3669.97    2318.70

Total Statistics
Type     Time(s)  Ops          TPS(ops/s)   Net(M/s)   Get_miss   Min(us)  Max(us)    Avg(us)    Std_dev    Geo_dist  
Period   1        24207        24207        3.2        0          242      29791      3581       3421.79    2166.12
Global   58       1365725      23546        3.3        0          218      82071      3661       3542.63    2227.58

[1;1H[2J
Get Statistics
Type     Time(s)  Ops          TPS(ops/s)   Net(M/s)   Get_miss   Min(us)  Max(us)    Avg(us)    Std_dev    Geo_dist  
Period   1        23155        23155        3.2        0          236      19832      3653       3387.53    2257.29
Global   59       1375180      23308        3.2        0          218      82071      3660       3538.44    2227.19

Set Statistics
Type     Time(s)  Ops          TPS(ops/s)   Net(M/s)   Get_miss   Min(us)  Max(us)    Avg(us)    Std_dev    Geo_dist  
Period   1        238          238          0.0        0          492      14353      3921       3507.52    2471.32
Global   59       13938        236          0.0        0          275      74906      3782       3666.59    2321.23

Total Statistics
Type     Time(s)  Ops          TPS(ops/s)   Net(M/s)   Get_miss   Min(us)  Max(us)    Avg(us)    Std_dev    Geo_dist  
Period   1        23395        23395        3.2        0          236      19832      3656       3388.94    2259.61
Global   59       1389120      23544        3.2        0          218      82071      3661       3540.01    2228.12

[1;1H[2J
Get Statistics
Type     Time(s)  Ops          TPS(ops/s)   Net(M/s)   Get_miss   Min(us)  Max(us)    Avg(us)    Std_dev    Geo_dist  
Period   1        23537        23537        3.2        0          241      24337      3634       3459.41    2202.60
Global   60       1398717      23311        3.2        0          218      82071      3660       3536.69    2226.80

Set Statistics
Type     Time(s)  Ops          TPS(ops/s)   Net(M/s)   Get_miss   Min(us)  Max(us)    Avg(us)    Std_dev    Geo_dist  
Period   1        237          237          0.0        0          488      17769      4116       3622.16    2587.59
Global   60       14175        236          0.0        0          275      74906      3787       3666.58    2325.45

Total Statistics
Type     Time(s)  Ops          TPS(ops/s)   Net(M/s)   Get_miss   Min(us)  Max(us)    Avg(us)    Std_dev    Geo_dist  
Period   1        23774        23774        3.2        0          241      24337      3638       3462.16    2206.14
Global   60       1412894      23548        3.3        0          218      82071      3661       3538.33    2227.78

Get Statistics (1398804 events)
   Min:       218
   Max:     82071
   Avg:      3660
   Geo:   2226.97
   Std:   3537.35
   Log2 Dist:
       8:       42    18713   403225   398618
      12:    86864   326358   159997     4774
      16:      134       79

Set Statistics (14176 events)
   Min:       275
   Max:     74906
   Avg:      3788
   Geo:   2325.66
   Std:   3665.92
   Log2 Dist:
       8:        0      151     3726     4184
      12:      996     3266     1794       54
      16:        3        2

Total Statistics (1412980 events)
   Min:       218
   Max:     82071
   Avg:      3661
   Geo:   2227.94
   Std:   3538.98
   Log2 Dist:
       8:       42    18864   406951   402802
      12:    87860   329624   161791     4828
      16:      137       81

cmd_get: 1398890
cmd_set: 14176
get_misses: 0
written_bytes: 33041848
read_bytes: 230916068
object_bytes: 2041344

Run time: 60.5s Ops: 1413066 TPS: 23356 Net_rate: 4.2M/s
