servers : 10.0.0.11:9000
threads count: 69
concurrency: 69
run time: 60s
windows size: 10k
set proportion: set_prop=0.01
get proportion: get_prop=0.99
[1;1H[2J
Get Statistics
Type     Time(s)  Ops          TPS(ops/s)   Net(M/s)   Get_miss   Min(us)  Max(us)    Avg(us)    Std_dev    Geo_dist  
Period   1        20584        20584        2.8        0          307      24547      3304       3389.25    1957.64
Global   1        20584        20584        2.8        0          307      24547      3304       3389.25    1957.64

Set Statistics
Type     Time(s)  Ops          TPS(ops/s)   Net(M/s)   Get_miss   Min(us)  Max(us)    Avg(us)    Std_dev    Geo_dist  
Period   1        240          240          0.0        0          416      10060      3207       2646.36    2256.84
Global   1        240          240          0.0        0          416      10060      3207       2646.36    2256.84

Total Statistics
Type     Time(s)  Ops          TPS(ops/s)   Net(M/s)   Get_miss   Min(us)  Max(us)    Avg(us)    Std_dev    Geo_dist  
Period   1        20826        20826        2.9        0          307      24547      3302       3382.14    1960.71
Global   1        20826        20826        2.9        0          307      24547      3302       3382.14    1960.71

[1;1H[2J
Get Statistics
Type     Time(s)  Ops          TPS(ops/s)   Net(M/s)   Get_miss   Min(us)  Max(us)    Avg(us)    Std_dev    Geo_dist  
Period   1        21812        21812        2.9        0          228      18509      3110       3187.00    1855.02
Global   2        42396        21198        3.0        0          228      24547      3204       3288.33    1904.77

Set Statistics
Type     Time(s)  Ops          TPS(ops/s)   Net(M/s)   Get_miss   Min(us)  Max(us)    Avg(us)    Std_dev    Geo_dist  
Period   1        222          222          0.0        0          448      10174      2994       3147.74    1788.50
Global   2        462          231          0.0        0          416      10174      3105       2896.53    2018.20

Total Statistics
Type     Time(s)  Ops          TPS(ops/s)   Net(M/s)   Get_miss   Min(us)  Max(us)    Avg(us)    Std_dev    Geo_dist  
Period   1        22032        22032        2.9        0          228      18509      3109       3186.66    1855.02
Global   2        42858        21429        3.0        0          228      24547      3203       3284.28    1905.96

[1;1H[2J
Get Statistics
Type     Time(s)  Ops          TPS(ops/s)   Net(M/s)   Get_miss   Min(us)  Max(us)    Avg(us)    Std_dev    Geo_dist  
Period   1        22077        22077        3.0        0          288      18633      3102       3118.73    1879.07
Global   3        64473        21491        3.0        0          228      24547      3169       3231.67    1895.93

Set Statistics
Type     Time(s)  Ops          TPS(ops/s)   Net(M/s)   Get_miss   Min(us)  Max(us)    Avg(us)    Std_dev    Geo_dist  
Period   1        226          226          0.0        0          406      11637      2924       3079.31    1794.89
Global   3        688          229          0.0        0          406      11637      3046       2956.32    1941.94

Total Statistics
Type     Time(s)  Ops          TPS(ops/s)   Net(M/s)   Get_miss   Min(us)  Max(us)    Avg(us)    Std_dev    Geo_dist  
Period   1        22303        22303        3.0        0          288      18633      3101       3117.52    1878.20
Global   3        65161        21720        3.1        0          228      24547      3168       3228.59    1896.41

[1;1H[2J
Get Statistics
Type     Time(s)  Ops          TPS(ops/s)   Net(M/s)   Get_miss   Min(us)  Max(us)    Avg(us)    Std_dev    Geo_dist  
Period   1        22430        22430        3.0        0          268      19367      3054       3154.86    1812.15
Global   4        86903        21725        3.1        0          228      24547      3140       3211.73    1873.94

Set Statistics
Type     Time(s)  Ops          TPS(ops/s)   Net(M/s)   Get_miss   Min(us)  Max(us)    Avg(us)    Std_dev    Geo_dist  
Period   1        225          225          0.0        0          505      10360      2787       3023.91    1678.41
Global   4        913          228          0.0        0          406      11637      2982       2973.72    1873.38

Total Statistics
Type     Time(s)  Ops          TPS(ops/s)   Net(M/s)   Get_miss   Min(us)  Max(us)    Avg(us)    Std_dev    Geo_dist  
Period   1        22655        22655        3.0        0          268      19367      3052       3153.00    1810.77
Global   4        87816        21954        3.1        0          228      24547      3138       3209.72    1873.94

[1;1H[2J
Get Statistics
Type     Time(s)  Ops          TPS(ops/s)   Net(M/s)   Get_miss   Min(us)  Max(us)    Avg(us)    Std_dev    Geo_dist  
Period   1        21550        21550        3.0        0          179      18728      3144       3249.58    1829.45
Global   5        108453       21690        3.0        0          179      24547      3141       3219.07    1865.02

Set Statistics
Type     Time(s)  Ops          TPS(ops/s)   Net(M/s)   Get_miss   Min(us)  Max(us)    Avg(us)    Std_dev    Geo_dist  
Period   1        218          218          0.0        0          410      12445      3381       3328.67    2007.96
Global   5        1131         226          0.0        0          406      12445      3059       3047.79    1898.60

Total Statistics
Type     Time(s)  Ops          TPS(ops/s)   Net(M/s)   Get_miss   Min(us)  Max(us)    Avg(us)    Std_dev    Geo_dist  
Period   1        21768        21768        3.0        0          179      18728      3147       3249.72    1829.29
Global   5        109584       21916        3.0        0          179      24547      3140       3217.50    1865.36

[1;1H[2J
Get Statistics
Type     Time(s)  Ops          TPS(ops/s)   Net(M/s)   Get_miss   Min(us)  Max(us)    Avg(us)    Std_dev    Geo_dist  
Period   1        21312        21312        3.0        0          278      24705      3213       3466.72    1879.64
Global   6        129765       21627        2.9        0          179      24705      3152       3261.93    1867.41

Set Statistics
Type     Time(s)  Ops          TPS(ops/s)   Net(M/s)   Get_miss   Min(us)  Max(us)    Avg(us)    Std_dev    Geo_dist  
Period   1        214          214          0.0        0          364      17267      3068       3229.43    1875.74
Global   6        1345         224          0.0        0          364      17267      3060       3076.60    1894.94

Total Statistics
Type     Time(s)  Ops          TPS(ops/s)   Net(M/s)   Get_miss   Min(us)  Max(us)    Avg(us)    Std_dev    Geo_dist  
Period   1        21526        21526        3.0        0          278      24705      3211       3464.92    1879.60
Global   6        131110       21851        3.0        0          179      24705      3151       3260.14    1867.69

[1;1H[2J
Get Statistics
Type     Time(s)  Ops          TPS(ops/s)   Net(M/s)   Get_miss   Min(us)  Max(us)    Avg(us)    Std_dev    Geo_dist  
Period   1        21998        21998        3.0        0          290      22659      3065       3176.63    1830.93
Global   7        151763       21680        3.0        0          179      24705      3140       3249.25    1862.08

Set Statistics
Type     Time(s)  Ops          TPS(ops/s)   Net(M/s)   Get_miss   Min(us)  Max(us)    Avg(us)    Std_dev    Geo_dist  
Period   1        222          222          0.0        0          472      11668      2815       3004.69    1726.07
Global   7        1567         223          0.0        0          364      17267      3026       3066.06    1870.05

Total Statistics
Type     Time(s)  Ops          TPS(ops/s)   Net(M/s)   Get_miss   Min(us)  Max(us)    Avg(us)    Std_dev    Geo_dist  
Period   1        22220        22220        3.0        0          290      22659      3063       3174.51    1829.85
Global   7        153330       21904        3.1        0          179      24705      3139       3247.28    1862.16

[1;1H[2J
Get Statistics
Type     Time(s)  Ops          TPS(ops/s)   Net(M/s)   Get_miss   Min(us)  Max(us)    Avg(us)    Std_dev    Geo_dist  
Period   1        21417        21417        3.0        0          267      18835      3196       3149.38    1930.98
Global   8        173180       21647        2.9        0          179      24705      3147       3237.03    1870.46

Set Statistics
Type     Time(s)  Ops          TPS(ops/s)   Net(M/s)   Get_miss   Min(us)  Max(us)    Avg(us)    Std_dev    Geo_dist  
Period   1        217          217          0.0        0          366      10344      3544       3322.39    2126.27
Global   8        1784         223          0.0        0          364      17267      3089       3102.02    1899.49

Total Statistics
Type     Time(s)  Ops          TPS(ops/s)   Net(M/s)   Get_miss   Min(us)  Max(us)    Avg(us)    Std_dev    Geo_dist  
Period   1        21634        21634        3.0        0          267      18835      3199       3151.77    1932.84
Global   8        174964       21870        3.0        0          179      24705      3146       3236.08    1870.76

[1;1H[2J
Get Statistics
Type     Time(s)  Ops          TPS(ops/s)   Net(M/s)   Get_miss   Min(us)  Max(us)    Avg(us)    Std_dev    Geo_dist  
Period   1        22494        22494        3.0        0          234      19721      3055       3165.73    1793.74
Global   9        195674       21741        3.1        0          179      24705      3136       3229.45    1861.48

Set Statistics
Type     Time(s)  Ops          TPS(ops/s)   Net(M/s)   Get_miss   Min(us)  Max(us)    Avg(us)    Std_dev    Geo_dist  
Period   1        227          227          0.0        0          411      15755      3291       3391.45    1931.38
Global   9        2011         223          0.0        0          364      17267      3111       3136.58    1903.06

Total Statistics
Type     Time(s)  Ops          TPS(ops/s)   Net(M/s)   Get_miss   Min(us)  Max(us)    Avg(us)    Std_dev    Geo_dist  
Period   1        22722        22722        3.0        0          234      19721      3057       3168.29    1795.01
Global   9        197686       21965        3.1        0          179      24705      3136       3228.25    1861.89

[1;1H[2J
Get Statistics
Type     Time(s)  Ops          TPS(ops/s)   Net(M/s)   Get_miss   Min(us)  Max(us)    Avg(us)    Std_dev    Geo_dist  
Period   1        22353        22353        3.0        0          256      21760      3071       3205.01    1796.68
Global   10       218027       21802        3.1        0          179      24705      3129       3227.34    1854.79

Set Statistics
Type     Time(s)  Ops          TPS(ops/s)   Net(M/s)   Get_miss   Min(us)  Max(us)    Avg(us)    Std_dev    Geo_dist  
Period   1        225          225          0.0        0          367      25017      3463       3577.60    2041.87
Global   10       2236         223          0.0        0          364      25017      3147       3184.04    1916.59

Total Statistics
Type     Time(s)  Ops          TPS(ops/s)   Net(M/s)   Get_miss   Min(us)  Max(us)    Avg(us)    Std_dev    Geo_dist  
Period   1        22577        22577        3.0        0          256      25017      3075       3209.13    1799.57
Global   10       220263       22026        3.1        0          179      25017      3130       3226.10    1855.40

[1;1H[2J
Get Statistics
Type     Time(s)  Ops          TPS(ops/s)   Net(M/s)   Get_miss   Min(us)  Max(us)    Avg(us)    Std_dev    Geo_dist  
Period   1        22412        22412        3.0        0          250      17283      3031       3104.19    1825.76
Global   11       240439       21858        3.1        0          179      24705      3120       3216.04    1852.06

Set Statistics
Type     Time(s)  Ops          TPS(ops/s)   Net(M/s)   Get_miss   Min(us)  Max(us)    Avg(us)    Std_dev    Geo_dist  
Period   1        226          226          0.0        0          460      11151      2851       3004.85    1724.66
Global   11       2462         223          0.0        0          364      25017      3120       3168.41    1898.12

Total Statistics
Type     Time(s)  Ops          TPS(ops/s)   Net(M/s)   Get_miss   Min(us)  Max(us)    Avg(us)    Std_dev    Geo_dist  
Period   1        22638        22638        3.0        0          250      17283      3029       3103.40    1824.72
Global   11       242901       22081        3.1        0          179      25017      3120       3215.56    1852.52

[1;1H[2J
Get Statistics
Type     Time(s)  Ops          TPS(ops/s)   Net(M/s)   Get_miss   Min(us)  Max(us)    Avg(us)    Std_dev    Geo_dist  
Period   1        21732        21732        3.0        0          250      19564      3158       3239.74    1865.31
Global   12       262171       21847        3.0        0          179      24705      3123       3218.17    1853.16

Set Statistics
Type     Time(s)  Ops          TPS(ops/s)   Net(M/s)   Get_miss   Min(us)  Max(us)    Avg(us)    Std_dev    Geo_dist  
Period   1        220          220          0.0        0          449      9882       3095       3133.50    1882.11
Global   12       2682         223          0.0        0          364      25017      3118       3164.94    1896.80

Total Statistics
Type     Time(s)  Ops          TPS(ops/s)   Net(M/s)   Get_miss   Min(us)  Max(us)    Avg(us)    Std_dev    Geo_dist  
Period   1        21955        21955        3.0        0          250      19564      3157       3238.59    1865.37
Global   12       264856       22071        3.0        0          179      25017      3123       3217.55    1853.58

[1;1H[2J
Get Statistics
Type     Time(s)  Ops          TPS(ops/s)   Net(M/s)   Get_miss   Min(us)  Max(us)    Avg(us)    Std_dev    Geo_dist  
Period   1        21229        21229        3.0        0          227      28926      3207       3337.81    1905.64
Global   13       283400       21800        2.9        0          179      28926      3130       3226.67    1857.18

Set Statistics
Type     Time(s)  Ops          TPS(ops/s)   Net(M/s)   Get_miss   Min(us)  Max(us)    Avg(us)    Std_dev    Geo_dist  
Period   1        216          216          0.0        0          366      20436      3704       3454.76    2238.08
Global   13       2898         222          0.0        0          364      25017      3161       3191.20    1920.33

Total Statistics
Type     Time(s)  Ops          TPS(ops/s)   Net(M/s)   Get_miss   Min(us)  Max(us)    Avg(us)    Std_dev    Geo_dist  
Period   1        21443        21443        3.0        0          227      28926      3212       3339.68    1910.18
Global   13       286299       22023        2.9        0          179      28926      3130       3226.61    1857.81

[1;1H[2J
Get Statistics
Type     Time(s)  Ops          TPS(ops/s)   Net(M/s)   Get_miss   Min(us)  Max(us)    Avg(us)    Std_dev    Geo_dist  
Period   1        21416        21416        3.0        0          198      37503      3192       3249.57    1882.93
Global   14       304816       21772        2.9        0          179      37503      3134       3228.67    1859.02

Set Statistics
Type     Time(s)  Ops          TPS(ops/s)   Net(M/s)   Get_miss   Min(us)  Max(us)    Avg(us)    Std_dev    Geo_dist  
Period   1        215          215          0.0        0          383      17944      3219       3367.13    1896.27
Global   14       3113         222          0.0        0          364      25017      3165       3203.13    1918.66

Total Statistics
Type     Time(s)  Ops          TPS(ops/s)   Net(M/s)   Get_miss   Min(us)  Max(us)    Avg(us)    Std_dev    Geo_dist  
Period   1        21655        21655        3.0        0          198      37503      3190       3249.65    1882.42
Global   14       307954       21996        3.0        0          179      37503      3134       3228.49    1859.58

[1;1H[2J
Get Statistics
Type     Time(s)  Ops          TPS(ops/s)   Net(M/s)   Get_miss   Min(us)  Max(us)    Avg(us)    Std_dev    Geo_dist  
Period   1        20352        20352        3.0        0          232      42117      3341       3755.22    1939.94
Global   15       325168       21677        2.8        0          179      42117      3147       3264.48    1865.03

Set Statistics
Type     Time(s)  Ops          TPS(ops/s)   Net(M/s)   Get_miss   Min(us)  Max(us)    Avg(us)    Std_dev    Geo_dist  
Period   1        212          212          0.0        0          289      13430      3630       3429.78    2199.51
Global   15       3325         221          0.0        0          289      25017      3195       3219.17    1935.45

Total Statistics
Type     Time(s)  Ops          TPS(ops/s)   Net(M/s)   Get_miss   Min(us)  Max(us)    Avg(us)    Std_dev    Geo_dist  
Period   1        20539        20539        3.0        0          232      42117      3348       3752.56    1960.44
Global   15       328493       21899        2.8        0          179      42117      3148       3263.53    1865.73

[1;1H[2J
Get Statistics
Type     Time(s)  Ops          TPS(ops/s)   Net(M/s)   Get_miss   Min(us)  Max(us)    Avg(us)    Std_dev    Geo_dist  
Period   1        21161        21161        3.0        0          250      19943      3231       3244.96    1917.18
Global   16       346329       21645        2.9        0          179      42117      3152       3263.48    1868.18

Set Statistics
Type     Time(s)  Ops          TPS(ops/s)   Net(M/s)   Get_miss   Min(us)  Max(us)    Avg(us)    Std_dev    Geo_dist  
Period   1        212          212          0.0        0          457      14991      3110       3238.58    1851.33
Global   16       3537         221          0.0        0          289      25017      3190       3219.85    1930.30

Total Statistics
Type     Time(s)  Ops          TPS(ops/s)   Net(M/s)   Get_miss   Min(us)  Max(us)    Avg(us)    Std_dev    Geo_dist  
Period   1        21373        21373        3.0        0          250      19943      3230       3244.64    1916.52
Global   16       349866       21866        2.9        0          179      42117      3153       3262.44    1868.79

[1;1H[2J
Get Statistics
Type     Time(s)  Ops          TPS(ops/s)   Net(M/s)   Get_miss   Min(us)  Max(us)    Avg(us)    Std_dev    Geo_dist  
Period   1        21062        21062        3.0        0          172      40379      3248       3775.80    1854.85
Global   17       367391       21611        2.9        0          172      42117      3158       3294.60    1867.41

Set Statistics
Type     Time(s)  Ops          TPS(ops/s)   Net(M/s)   Get_miss   Min(us)  Max(us)    Avg(us)    Std_dev    Geo_dist  
Period   1        213          213          0.0        0          378      38710      3296       4082.63    1871.43
Global   17       3750         220          0.0        0          289      38710      3196       3274.40    1926.91

Total Statistics
Type     Time(s)  Ops          TPS(ops/s)   Net(M/s)   Get_miss   Min(us)  Max(us)    Avg(us)    Std_dev    Geo_dist  
Period   1        21275        21275        3.0        0          172      40379      3249       3778.45    1855.01
Global   17       371141       21831        2.9        0          172      42117      3158       3294.76    1868.00

[1;1H[2J
Get Statistics
Type     Time(s)  Ops          TPS(ops/s)   Net(M/s)   Get_miss   Min(us)  Max(us)    Avg(us)    Std_dev    Geo_dist  
Period   1        21010        21010        3.0        0          253      19751      3227       3116.47    1993.41
Global   18       388401       21577        2.9        0          172      42117      3161       3285.95    1874.02

Set Statistics
Type     Time(s)  Ops          TPS(ops/s)   Net(M/s)   Get_miss   Min(us)  Max(us)    Avg(us)    Std_dev    Geo_dist  
Period   1        207          207          0.0        0          298      12015      3638       3123.52    2376.44
Global   18       3957         219          0.0        0          289      38710      3219       3267.90    1948.16

Total Statistics
Type     Time(s)  Ops          TPS(ops/s)   Net(M/s)   Get_miss   Min(us)  Max(us)    Avg(us)    Std_dev    Geo_dist  
Period   1        21217        21217        3.0        0          253      19751      3231       3116.73    1996.83
Global   18       392358       21797        2.9        0          172      42117      3162       3285.37    1874.75

[1;1H[2J
Get Statistics
Type     Time(s)  Ops          TPS(ops/s)   Net(M/s)   Get_miss   Min(us)  Max(us)    Avg(us)    Std_dev    Geo_dist  
Period   1        21503        21503        3.0        0          232      19277      3181       3220.86    1884.51
Global   19       409904       21573        3.0        0          172      42117      3162       3282.61    1874.57

Set Statistics
Type     Time(s)  Ops          TPS(ops/s)   Net(M/s)   Get_miss   Min(us)  Max(us)    Avg(us)    Std_dev    Geo_dist  
Period   1        220          220          0.0        0          291      18340      3601       3547.83    2100.41
Global   19       4177         219          0.0        0          289      38710      3239       3284.01    1955.89

Total Statistics
Type     Time(s)  Ops          TPS(ops/s)   Net(M/s)   Get_miss   Min(us)  Max(us)    Avg(us)    Std_dev    Geo_dist  
Period   1        21723        21723        3.0        0          232      19277      3185       3224.78    1886.59
Global   19       414081       21793        3.0        0          172      42117      3163       3282.41    1875.37

[1;1H[2J
Get Statistics
Type     Time(s)  Ops          TPS(ops/s)   Net(M/s)   Get_miss   Min(us)  Max(us)    Avg(us)    Std_dev    Geo_dist  
Period   1        21569        21569        3.0        0          250      19047      3168       3276.39    1839.75
Global   20       431473       21573        3.0        0          172      42117      3163       3281.62    1872.81

Set Statistics
Type     Time(s)  Ops          TPS(ops/s)   Net(M/s)   Get_miss   Min(us)  Max(us)    Avg(us)    Std_dev    Geo_dist  
Period   1        213          213          0.0        0          279      12123      3184       3280.03    1887.80
Global   20       4390         219          0.0        0          279      38710      3236       3283.79    1952.53

Total Statistics
Type     Time(s)  Ops          TPS(ops/s)   Net(M/s)   Get_miss   Min(us)  Max(us)    Avg(us)    Std_dev    Geo_dist  
Period   1        21782        21782        3.0        0          250      19047      3168       3276.50    1840.21
Global   20       435863       21793        3.0        0          172      42117      3163       3282.36    1873.60

[1;1H[2J
Get Statistics
Type     Time(s)  Ops          TPS(ops/s)   Net(M/s)   Get_miss   Min(us)  Max(us)    Avg(us)    Std_dev    Geo_dist  
Period   1        21474        21474        3.0        0          232      20677      3178       3200.39    1919.88
Global   21       452947       21568        2.9        0          172      42117      3163       3278.50    1875.02

Set Statistics
Type     Time(s)  Ops          TPS(ops/s)   Net(M/s)   Get_miss   Min(us)  Max(us)    Avg(us)    Std_dev    Geo_dist  
Period   1        221          221          0.0        0          478      11224      2824       2995.22    1744.22
Global   21       4611         219          0.0        0          279      38710      3217       3270.69    1942.01

Total Statistics
Type     Time(s)  Ops          TPS(ops/s)   Net(M/s)   Get_miss   Min(us)  Max(us)    Avg(us)    Std_dev    Geo_dist  
Period   1        21695        21695        3.0        0          232      20677      3174       3198.89    1918.00
Global   21       457558       21788        3.0        0          172      42117      3164       3277.98    1875.68

[1;1H[2J
Get Statistics
Type     Time(s)  Ops          TPS(ops/s)   Net(M/s)   Get_miss   Min(us)  Max(us)    Avg(us)    Std_dev    Geo_dist  
Period   1        22091        22091        3.0        0          235      28576      3103       3252.82    1818.17
Global   22       475038       21592        3.0        0          172      42117      3161       3276.57    1872.33

Set Statistics
Type     Time(s)  Ops          TPS(ops/s)   Net(M/s)   Get_miss   Min(us)  Max(us)    Avg(us)    Std_dev    Geo_dist  
Period   1        222          222          0.0        0          438      9975       3099       3151.16    1855.90
Global   22       4833         219          0.0        0          279      38710      3211       3265.65    1937.96

Total Statistics
Type     Time(s)  Ops          TPS(ops/s)   Net(M/s)   Get_miss   Min(us)  Max(us)    Avg(us)    Std_dev    Geo_dist  
Period   1        22313        22313        3.0        0          235      28576      3103       3251.72    1818.55
Global   22       479871       21812        3.1        0          172      42117      3161       3276.95    1872.98

[1;1H[2J
Get Statistics
Type     Time(s)  Ops          TPS(ops/s)   Net(M/s)   Get_miss   Min(us)  Max(us)    Avg(us)    Std_dev    Geo_dist  
Period   1        22135        22135        3.0        0          173      19923      3088       3117.39    1854.39
Global   23       497173       21616        3.0        0          172      42117      3157       3270.40    1871.53

Set Statistics
Type     Time(s)  Ops          TPS(ops/s)   Net(M/s)   Get_miss   Min(us)  Max(us)    Avg(us)    Std_dev    Geo_dist  
Period   1        224          224          0.0        0          350      10034      3099       3084.62    1905.01
Global   23       5057         219          0.0        0          279      38710      3206       3257.67    1936.49

Total Statistics
Type     Time(s)  Ops          TPS(ops/s)   Net(M/s)   Get_miss   Min(us)  Max(us)    Avg(us)    Std_dev    Geo_dist  
Period   1        22362        22362        3.0        0          173      19923      3087       3117.70    1854.75
Global   23       502233       21836        3.1        0          172      42117      3158       3269.77    1872.17

[1;1H[2J
Get Statistics
Type     Time(s)  Ops          TPS(ops/s)   Net(M/s)   Get_miss   Min(us)  Max(us)    Avg(us)    Std_dev    Geo_dist  
Period   1        22155        22155        3.0        0          240      20055      3084       3305.60    1766.78
Global   24       519328       21638        3.0        0          172      42117      3154       3271.83    1867.01

Set Statistics
Type     Time(s)  Ops          TPS(ops/s)   Net(M/s)   Get_miss   Min(us)  Max(us)    Avg(us)    Std_dev    Geo_dist  
Period   1        223          223          0.0        0          308      9873       3217       3266.06    1887.04
Global   24       5280         220          0.0        0          279      38710      3207       3257.19    1934.38

Total Statistics
Type     Time(s)  Ops          TPS(ops/s)   Net(M/s)   Get_miss   Min(us)  Max(us)    Avg(us)    Std_dev    Geo_dist  
Period   1        22377        22377        3.0        0          240      20055      3086       3305.71    1769.96
Global   24       524610       21858        3.1        0          172      42117      3155       3271.27    1867.69

[1;1H[2J
Get Statistics
Type     Time(s)  Ops          TPS(ops/s)   Net(M/s)   Get_miss   Min(us)  Max(us)    Avg(us)    Std_dev    Geo_dist  
Period   1        21646        21646        3.0        0          273      31168      3152       3213.90    1860.85
Global   25       540974       21638        3.0        0          172      42117      3154       3269.50    1866.83

Set Statistics
Type     Time(s)  Ops          TPS(ops/s)   Net(M/s)   Get_miss   Min(us)  Max(us)    Avg(us)    Std_dev    Geo_dist  
Period   1        218          218          0.0        0          445      10283      3300       3312.74    1944.46
Global   25       5498         219          0.0        0          279      38710      3210       3259.83    1934.78

Total Statistics
Type     Time(s)  Ops          TPS(ops/s)   Net(M/s)   Get_miss   Min(us)  Max(us)    Avg(us)    Std_dev    Geo_dist  
Period   1        21862        21862        3.0        0          273      31168      3153       3215.62    1862.95
Global   25       546472       21858        3.0        0          172      42117      3155       3268.98    1867.50

[1;1H[2J
Get Statistics
Type     Time(s)  Ops          TPS(ops/s)   Net(M/s)   Get_miss   Min(us)  Max(us)    Avg(us)    Std_dev    Geo_dist  
Period   1        21771        21771        3.0        0          261      18872      3134       3130.24    1909.41
Global   26       562745       21644        3.0        0          172      42117      3153       3264.44    1868.46

Set Statistics
Type     Time(s)  Ops          TPS(ops/s)   Net(M/s)   Get_miss   Min(us)  Max(us)    Avg(us)    Std_dev    Geo_dist  
Period   1        221          221          0.0        0          486      12244      3076       3169.72    1856.38
Global   26       5719         219          0.0        0          279      38710      3205       3256.05    1931.69

Total Statistics
Type     Time(s)  Ops          TPS(ops/s)   Net(M/s)   Get_miss   Min(us)  Max(us)    Avg(us)    Std_dev    Geo_dist  
Period   1        21992        21992        3.0        0          261      18872      3134       3129.99    1908.87
Global   26       568464       21864        3.0        0          172      42117      3154       3263.89    1869.08

[1;1H[2J
Get Statistics
Type     Time(s)  Ops          TPS(ops/s)   Net(M/s)   Get_miss   Min(us)  Max(us)    Avg(us)    Std_dev    Geo_dist  
Period   1        20879        20879        3.0        0          267      28376      3279       3351.17    1989.31
Global   27       583624       21615        2.9        0          172      42117      3158       3267.19    1872.65

Set Statistics
Type     Time(s)  Ops          TPS(ops/s)   Net(M/s)   Get_miss   Min(us)  Max(us)    Avg(us)    Std_dev    Geo_dist  
Period   1        212          212          0.0        0          341      13549      3331       3186.42    2046.65
Global   27       5931         219          0.0        0          279      38710      3210       3252.92    1935.68

Total Statistics
Type     Time(s)  Ops          TPS(ops/s)   Net(M/s)   Get_miss   Min(us)  Max(us)    Avg(us)    Std_dev    Geo_dist  
Period   1        21092        21092        3.0        0          267      28376      3280       3348.87    1989.80
Global   27       589556       21835        2.9        0          172      42117      3158       3267.54    1873.27

[1;1H[2J
Get Statistics
Type     Time(s)  Ops          TPS(ops/s)   Net(M/s)   Get_miss   Min(us)  Max(us)    Avg(us)    Std_dev    Geo_dist  
Period   1        21036        21036        3.0        0          272      20249      3229       3408.81    1913.60
Global   28       604660       21595        2.9        0          172      42117      3160       3272.69    1874.06

Set Statistics
Type     Time(s)  Ops          TPS(ops/s)   Net(M/s)   Get_miss   Min(us)  Max(us)    Avg(us)    Std_dev    Geo_dist  
Period   1        209          209          0.0        0          398      18248      3469       3718.81    2027.48
Global   28       6140         219          0.0        0          279      38710      3219       3269.68    1938.74

Total Statistics
Type     Time(s)  Ops          TPS(ops/s)   Net(M/s)   Get_miss   Min(us)  Max(us)    Avg(us)    Std_dev    Geo_dist  
Period   1        21244        21244        3.0        0          272      20249      3232       3411.53    1914.76
Global   28       610800       21814        2.9        0          172      42117      3161       3272.27    1874.70

[1;1H[2J
Get Statistics
Type     Time(s)  Ops          TPS(ops/s)   Net(M/s)   Get_miss   Min(us)  Max(us)    Avg(us)    Std_dev    Geo_dist  
Period   1        21179        21179        3.0        0          242      17849      3242       3248.53    1943.24
Global   29       625839       21580        2.9        0          172      42117      3163       3271.69    1876.36

Set Statistics
Type     Time(s)  Ops          TPS(ops/s)   Net(M/s)   Get_miss   Min(us)  Max(us)    Avg(us)    Std_dev    Geo_dist  
Period   1        214          214          0.0        0          426      11234      3726       3483.54    2191.46
Global   29       6354         219          0.0        0          279      38710      3236       3278.17    1946.75

Total Statistics
Type     Time(s)  Ops          TPS(ops/s)   Net(M/s)   Get_miss   Min(us)  Max(us)    Avg(us)    Std_dev    Geo_dist  
Period   1        21395        21395        3.0        0          242      17849      3247       3250.80    1945.51
Global   29       632195       21799        2.9        0          172      42117      3164       3271.50    1877.05

[1;1H[2J
Get Statistics
Type     Time(s)  Ops          TPS(ops/s)   Net(M/s)   Get_miss   Min(us)  Max(us)    Avg(us)    Std_dev    Geo_dist  
Period   1        21972        21972        3.0        0          214      20601      3112       3157.23    1875.55
Global   30       647811       21593        3.0        0          172      42117      3161       3268.15    1876.36

Set Statistics
Type     Time(s)  Ops          TPS(ops/s)   Net(M/s)   Get_miss   Min(us)  Max(us)    Avg(us)    Std_dev    Geo_dist  
Period   1        222          222          0.0        0          396      11194      3387       3230.68    2069.61
Global   30       6576         219          0.0        0          279      38710      3241       3276.55    1950.78

Total Statistics
Type     Time(s)  Ops          TPS(ops/s)   Net(M/s)   Get_miss   Min(us)  Max(us)    Avg(us)    Std_dev    Geo_dist  
Period   1        22192        22192        3.0        0          214      20601      3115       3158.04    1878.07
Global   30       654387       21812        3.0        0          172      42117      3162       3268.05    1877.09

[1;1H[2J
Get Statistics
Type     Time(s)  Ops          TPS(ops/s)   Net(M/s)   Get_miss   Min(us)  Max(us)    Avg(us)    Std_dev    Geo_dist  
Period   1        21921        21921        3.0        0          286      38353      3108       3572.13    1824.22
Global   31       669732       21604        3.0        0          172      42117      3160       3277.85    1874.63

Set Statistics
Type     Time(s)  Ops          TPS(ops/s)   Net(M/s)   Get_miss   Min(us)  Max(us)    Avg(us)    Std_dev    Geo_dist  
Period   1        225          225          0.0        0          430      10665      3244       3143.76    1966.61
Global   31       6801         219          0.0        0          279      38710      3241       3272.12    1951.30

Total Statistics
Type     Time(s)  Ops          TPS(ops/s)   Net(M/s)   Get_miss   Min(us)  Max(us)    Avg(us)    Std_dev    Geo_dist  
Period   1        22148        22148        3.0        0          286      38353      3110       3567.72    1825.83
Global   31       676535       21823        3.0        0          172      42117      3160       3278.59    1875.39

[1;1H[2J
Get Statistics
Type     Time(s)  Ops          TPS(ops/s)   Net(M/s)   Get_miss   Min(us)  Max(us)    Avg(us)    Std_dev    Geo_dist  
Period   1        21749        21749        3.0        0          170      19004      3151       3170.10    1879.66
Global   32       691481       21608        3.0        0          170      42117      3159       3275.21    1874.81

Set Statistics
Type     Time(s)  Ops          TPS(ops/s)   Net(M/s)   Get_miss   Min(us)  Max(us)    Avg(us)    Std_dev    Geo_dist  
Period   1        219          219          0.0        0          492      9123       3439       3163.62    2126.81
Global   32       7020         219          0.0        0          279      38710      3247       3268.93    1956.55

Total Statistics
Type     Time(s)  Ops          TPS(ops/s)   Net(M/s)   Get_miss   Min(us)  Max(us)    Avg(us)    Std_dev    Geo_dist  
Period   1        21967        21967        3.0        0          170      19004      3154       3169.83    1882.52
Global   32       698502       21828        3.0        0          170      42117      3160       3275.04    1875.61

[1;1H[2J
Get Statistics
Type     Time(s)  Ops          TPS(ops/s)   Net(M/s)   Get_miss   Min(us)  Max(us)    Avg(us)    Std_dev    Geo_dist  
Period   1        18356        18356        3.0        0          232      77300      3698       5789.16    2029.43
Global   33       709837       21510        2.5        0          170      77300      3173       3364.99    1878.67

Set Statistics
Type     Time(s)  Ops          TPS(ops/s)   Net(M/s)   Get_miss   Min(us)  Max(us)    Avg(us)    Std_dev    Geo_dist  
Period   1        186          186          0.0        0          451      30066      3941       4474.37    2266.79
Global   33       7206         218          0.0        0          279      38710      3265       3306.90    1964.00

Total Statistics
Type     Time(s)  Ops          TPS(ops/s)   Net(M/s)   Get_miss   Min(us)  Max(us)    Avg(us)    Std_dev    Geo_dist  
Period   1        18541        18541        3.0        0          232      77300      3700       5777.92    2032.51
Global   33       717043       21728        2.5        0          170      77300      3174       3364.35    1879.51

[1;1H[2J
Get Statistics
Type     Time(s)  Ops          TPS(ops/s)   Net(M/s)   Get_miss   Min(us)  Max(us)    Avg(us)    Std_dev    Geo_dist  
Period   1        20068        20068        2.9        0          285      27962      3421       3213.01    2128.62
Global   34       729905       21467        2.8        0          170      77300      3180       3360.97    1885.14

Set Statistics
Type     Time(s)  Ops          TPS(ops/s)   Net(M/s)   Get_miss   Min(us)  Max(us)    Avg(us)    Std_dev    Geo_dist  
Period   1        203          203          0.0        0          406      21046      3700       3520.09    2297.02
Global   34       7409         217          0.0        0          279      38710      3277       3313.36    1972.45

Total Statistics
Type     Time(s)  Ops          TPS(ops/s)   Net(M/s)   Get_miss   Min(us)  Max(us)    Avg(us)    Std_dev    Geo_dist  
Period   1        20273        20273        3.0        0          285      27962      3424       3215.71    2130.06
Global   34       737316       21685        2.8        0          170      77300      3181       3360.48    1885.99

[1;1H[2J
Get Statistics
Type     Time(s)  Ops          TPS(ops/s)   Net(M/s)   Get_miss   Min(us)  Max(us)    Avg(us)    Std_dev    Geo_dist  
Period   1        20509        20509        2.9        0          236      19346      3324       3296.40    2043.57
Global   35       750414       21440        2.8        0          170      77300      3184       3359.24    1889.33

Set Statistics
Type     Time(s)  Ops          TPS(ops/s)   Net(M/s)   Get_miss   Min(us)  Max(us)    Avg(us)    Std_dev    Geo_dist  
Period   1        203          203          0.0        0          428      11944      3541       3476.19    2160.19
Global   35       7612         217          0.0        0          279      38710      3284       3317.88    1977.23

Total Statistics
Type     Time(s)  Ops          TPS(ops/s)   Net(M/s)   Get_miss   Min(us)  Max(us)    Avg(us)    Std_dev    Geo_dist  
Period   1        20710        20710        3.0        0          236      19346      3326       3298.63    2046.19
Global   35       758026       21657        2.8        0          170      77300      3185       3358.85    1890.20

[1;1H[2J
Get Statistics
Type     Time(s)  Ops          TPS(ops/s)   Net(M/s)   Get_miss   Min(us)  Max(us)    Avg(us)    Std_dev    Geo_dist  
Period   1        20761        20761        2.9        0          237      20216      3286       3281.62    1996.22
Global   36       771175       21421        2.9        0          170      77300      3187       3356.98    1892.13

Set Statistics
Type     Time(s)  Ops          TPS(ops/s)   Net(M/s)   Get_miss   Min(us)  Max(us)    Avg(us)    Std_dev    Geo_dist  
Period   1        212          212          0.0        0          394      11041      3186       3147.94    2004.92
Global   36       7824         217          0.0        0          279      38710      3281       3313.57    1977.98

Total Statistics
Type     Time(s)  Ops          TPS(ops/s)   Net(M/s)   Get_miss   Min(us)  Max(us)    Avg(us)    Std_dev    Geo_dist  
Period   1        20973        20973        3.0        0          237      20216      3285       3280.22    1995.66
Global   36       778999       21638        2.9        0          170      77300      3188       3356.50    1892.96

[1;1H[2J
Get Statistics
Type     Time(s)  Ops          TPS(ops/s)   Net(M/s)   Get_miss   Min(us)  Max(us)    Avg(us)    Std_dev    Geo_dist  
Period   1        21550        21550        2.9        0          251      20280      3178       3245.62    1912.51
Global   37       792725       21425        3.0        0          170      77300      3187       3353.76    1892.68

Set Statistics
Type     Time(s)  Ops          TPS(ops/s)   Net(M/s)   Get_miss   Min(us)  Max(us)    Avg(us)    Std_dev    Geo_dist  
Period   1        217          217          0.0        0          418      17817      3435       3412.11    2055.61
Global   37       8041         217          0.0        0          279      38710      3285       3316.30    1980.04

Total Statistics
Type     Time(s)  Ops          TPS(ops/s)   Net(M/s)   Get_miss   Min(us)  Max(us)    Avg(us)    Std_dev    Geo_dist  
Period   1        21767        21767        3.0        0          251      20280      3181       3246.91    1914.48
Global   37       800766       21642        3.0        0          170      77300      3188       3353.39    1893.54

[1;1H[2J
Get Statistics
Type     Time(s)  Ops          TPS(ops/s)   Net(M/s)   Get_miss   Min(us)  Max(us)    Avg(us)    Std_dev    Geo_dist  
Period   1        21382        21382        2.9        0          227      19193      3180       3030.60    2010.46
Global   38       814107       21423        2.9        0          170      77300      3186       3346.45    1895.69

Set Statistics
Type     Time(s)  Ops          TPS(ops/s)   Net(M/s)   Get_miss   Min(us)  Max(us)    Avg(us)    Std_dev    Geo_dist  
Period   1        217          217          0.0        0          456      11619      3205       3107.79    2009.70
Global   38       8258         217          0.0        0          279      38710      3283       3310.74    1980.81

Total Statistics
Type     Time(s)  Ops          TPS(ops/s)   Net(M/s)   Get_miss   Min(us)  Max(us)    Avg(us)    Std_dev    Geo_dist  
Period   1        21599        21599        3.0        0          227      19193      3180       3031.58    2010.46
Global   38       822365       21641        3.0        0          170      77300      3187       3346.08    1896.52

[1;1H[2J
Get Statistics
Type     Time(s)  Ops          TPS(ops/s)   Net(M/s)   Get_miss   Min(us)  Max(us)    Avg(us)    Std_dev    Geo_dist  
Period   1        20984        20984        2.9        0          220      19561      3241       3351.87    1897.69
Global   39       835091       21412        2.9        0          170      77300      3188       3346.01    1895.74

Set Statistics
Type     Time(s)  Ops          TPS(ops/s)   Net(M/s)   Get_miss   Min(us)  Max(us)    Avg(us)    Std_dev    Geo_dist  
Period   1        209          209          0.0        0          390      19389      3719       3770.81    2159.59
Global   39       8467         217          0.0        0          279      38710      3294       3323.06    1985.04

Total Statistics
Type     Time(s)  Ops          TPS(ops/s)   Net(M/s)   Get_miss   Min(us)  Max(us)    Avg(us)    Std_dev    Geo_dist  
Period   1        21193        21193        3.0        0          220      19561      3246       3356.21    1900.11
Global   39       843558       21629        2.9        0          170      77300      3189       3345.85    1896.61

[1;1H[2J
Get Statistics
Type     Time(s)  Ops          TPS(ops/s)   Net(M/s)   Get_miss   Min(us)  Max(us)    Avg(us)    Std_dev    Geo_dist  
Period   1        20640        20640        2.9        0          202      28301      3313       3303.66    1977.50
Global   40       855731       21393        2.8        0          170      77300      3191       3345.06    1897.67

Set Statistics
Type     Time(s)  Ops          TPS(ops/s)   Net(M/s)   Get_miss   Min(us)  Max(us)    Avg(us)    Std_dev    Geo_dist  
Period   1        212          212          0.0        0          338      10039      2927       3017.70    1823.71
Global   40       8679         216          0.0        0          279      38710      3285       3316.30    1980.93

Total Statistics
Type     Time(s)  Ops          TPS(ops/s)   Net(M/s)   Get_miss   Min(us)  Max(us)    Avg(us)    Std_dev    Geo_dist  
Period   1        20852        20852        3.0        0          202      28301      3309       3301.11    1975.88
Global   40       864410       21610        2.9        0          170      77300      3192       3344.73    1898.49

[1;1H[2J
Get Statistics
Type     Time(s)  Ops          TPS(ops/s)   Net(M/s)   Get_miss   Min(us)  Max(us)    Avg(us)    Std_dev    Geo_dist  
Period   1        21795        21795        2.9        0          222      21093      3122       3193.48    1867.44
Global   41       877526       21403        3.0        0          170      77300      3189       3341.67    1896.91

Set Statistics
Type     Time(s)  Ops          TPS(ops/s)   Net(M/s)   Get_miss   Min(us)  Max(us)    Avg(us)    Std_dev    Geo_dist  
Period   1        215          215          0.0        0          385      10641      2961       3097.77    1779.79
Global   41       8894         216          0.0        0          279      38710      3277       3311.56    1975.81

Total Statistics
Type     Time(s)  Ops          TPS(ops/s)   Net(M/s)   Get_miss   Min(us)  Max(us)    Avg(us)    Std_dev    Geo_dist  
Period   1        22013        22013        3.0        0          222      21093      3121       3193.14    1866.95
Global   41       886423       21620        3.0        0          170      77300      3190       3341.29    1897.70

[1;1H[2J
Get Statistics
Type     Time(s)  Ops          TPS(ops/s)   Net(M/s)   Get_miss   Min(us)  Max(us)    Avg(us)    Std_dev    Geo_dist  
Period   1        21987        21987        2.9        0          240      22310      3110       3303.09    1818.79
Global   42       899513       21416        3.0        0          170      77300      3187       3340.83    1894.98

Set Statistics
Type     Time(s)  Ops          TPS(ops/s)   Net(M/s)   Get_miss   Min(us)  Max(us)    Avg(us)    Std_dev    Geo_dist  
Period   1        226          226          0.0        0          376      11787      3487       3371.94    2062.68
Global   42       9120         217          0.0        0          279      38710      3283       3312.26    1977.92

Total Statistics
Type     Time(s)  Ops          TPS(ops/s)   Net(M/s)   Get_miss   Min(us)  Max(us)    Avg(us)    Std_dev    Geo_dist  
Period   1        22210        22210        3.0        0          240      22310      3114       3303.24    1821.49
Global   42       908633       21634        3.1        0          170      77300      3188       3340.52    1895.80

[1;1H[2J
Get Statistics
Type     Time(s)  Ops          TPS(ops/s)   Net(M/s)   Get_miss   Min(us)  Max(us)    Avg(us)    Std_dev    Geo_dist  
Period   1        21365        21365        2.9        0          251      20916      3200       3346.93    1844.92
Global   43       920878       21415        2.9        0          170      77300      3187       3341.26    1893.81

Set Statistics
Type     Time(s)  Ops          TPS(ops/s)   Net(M/s)   Get_miss   Min(us)  Max(us)    Avg(us)    Std_dev    Geo_dist  
Period   1        218          218          0.0        0          399      10600      3334       3340.03    1936.68
Global   43       9338         217          0.0        0          279      38710      3284       3312.92    1976.95

Total Statistics
Type     Time(s)  Ops          TPS(ops/s)   Net(M/s)   Get_miss   Min(us)  Max(us)    Avg(us)    Std_dev    Geo_dist  
Period   1        21585        21585        3.0        0          251      20916      3202       3345.90    1845.58
Global   43       930218       21632        3.0        0          170      77300      3188       3340.95    1894.62

[1;1H[2J
Get Statistics
Type     Time(s)  Ops          TPS(ops/s)   Net(M/s)   Get_miss   Min(us)  Max(us)    Avg(us)    Std_dev    Geo_dist  
Period   1        22303        22303        2.9        0          254      14604      3060       3156.76    1819.03
Global   44       943181       21435        3.1        0          170      77300      3184       3337.06    1892.02

Set Statistics
Type     Time(s)  Ops          TPS(ops/s)   Net(M/s)   Get_miss   Min(us)  Max(us)    Avg(us)    Std_dev    Geo_dist  
Period   1        223          223          0.0        0          411      14180      2906       3133.59    1728.10
Global   44       9561         217          0.0        0          279      38710      3275       3309.37    1970.75

Total Statistics
Type     Time(s)  Ops          TPS(ops/s)   Net(M/s)   Get_miss   Min(us)  Max(us)    Avg(us)    Std_dev    Geo_dist  
Period   1        22524        22524        3.0        0          254      14604      3059       3156.26    1818.81
Global   44       952742       21653        3.1        0          170      77300      3185       3336.71    1892.79

[1;1H[2J
Get Statistics
Type     Time(s)  Ops          TPS(ops/s)   Net(M/s)   Get_miss   Min(us)  Max(us)    Avg(us)    Std_dev    Geo_dist  
Period   1        22352        22352        2.9        0          257      17787      3067       3124.70    1832.34
Global   45       965533       21456        3.1        0          170      77300      3182       3331.67    1890.61

Set Statistics
Type     Time(s)  Ops          TPS(ops/s)   Net(M/s)   Get_miss   Min(us)  Max(us)    Avg(us)    Std_dev    Geo_dist  
Period   1        222          222          0.0        0          258      10719      3108       3157.46    1860.43
Global   45       9783         217          0.0        0          258      38710      3271       3306.15    1968.18

Total Statistics
Type     Time(s)  Ops          TPS(ops/s)   Net(M/s)   Get_miss   Min(us)  Max(us)    Avg(us)    Std_dev    Geo_dist  
Period   1        22574        22574        3.0        0          257      17787      3067       3125.35    1832.61
Global   45       975316       21673        3.1        0          170      77300      3183       3331.32    1891.37

[1;1H[2J
Get Statistics
Type     Time(s)  Ops          TPS(ops/s)   Net(M/s)   Get_miss   Min(us)  Max(us)    Avg(us)    Std_dev    Geo_dist  
Period   1        21053        21053        2.9        0          226      21026      3254       3396.27    1886.62
Global   46       986586       21447        2.9        0          170      77300      3183       3333.59    1890.53

Set Statistics
Type     Time(s)  Ops          TPS(ops/s)   Net(M/s)   Get_miss   Min(us)  Max(us)    Avg(us)    Std_dev    Geo_dist  
Period   1        216          216          0.0        0          473      11841      3141       3250.50    1876.60
Global   46       9999         217          0.0        0          258      38710      3268       3305.04    1966.15

Total Statistics
Type     Time(s)  Ops          TPS(ops/s)   Net(M/s)   Get_miss   Min(us)  Max(us)    Avg(us)    Std_dev    Geo_dist  
Period   1        21270        21270        3.0        0          226      21026      3253       3394.49    1887.06
Global   46       996586       21664        2.9        0          170      77300      3184       3333.17    1891.27

[1;1H[2J
Get Statistics
Type     Time(s)  Ops          TPS(ops/s)   Net(M/s)   Get_miss   Min(us)  Max(us)    Avg(us)    Std_dev    Geo_dist  
Period   1        20579        20579        2.9        0          237      20255      3317       3399.99    1954.22
Global   47       1007165      21429        2.8        0          170      77300      3186       3334.76    1891.82

Set Statistics
Type     Time(s)  Ops          TPS(ops/s)   Net(M/s)   Get_miss   Min(us)  Max(us)    Avg(us)    Std_dev    Geo_dist  
Period   1        205          205          0.0        0          370      19997      3442       3502.55    2058.65
Global   47       10204        217          0.0        0          258      38710      3272       3308.53    1967.97

Total Statistics
Type     Time(s)  Ops          TPS(ops/s)   Net(M/s)   Get_miss   Min(us)  Max(us)    Avg(us)    Std_dev    Geo_dist  
Period   1        20783        20783        3.0        0          237      20255      3318       3401.33    1955.29
Global   47       1017369      21646        2.9        0          170      77300      3187       3334.38    1892.57

[1;1H[2J
Get Statistics
Type     Time(s)  Ops          TPS(ops/s)   Net(M/s)   Get_miss   Min(us)  Max(us)    Avg(us)    Std_dev    Geo_dist  
Period   1        21630        21630        2.9        0          240      19935      3166       3287.64    1876.90
Global   48       1028795      21433        3.0        0          170      77300      3186       3333.37    1891.51

Set Statistics
Type     Time(s)  Ops          TPS(ops/s)   Net(M/s)   Get_miss   Min(us)  Max(us)    Avg(us)    Std_dev    Geo_dist  
Period   1        220          220          0.0        0          447      12349      2916       3109.95    1764.92
Global   48       10424        217          0.0        0          258      38710      3264       3305.20    1963.45

Total Statistics
Type     Time(s)  Ops          TPS(ops/s)   Net(M/s)   Get_miss   Min(us)  Max(us)    Avg(us)    Std_dev    Geo_dist  
Period   1        21850        21850        3.0        0          240      19935      3164       3285.43    1875.74
Global   48       1039219      21650        3.0        0          170      77300      3186       3333.85    1892.21

[1;1H[2J
Get Statistics
Type     Time(s)  Ops          TPS(ops/s)   Net(M/s)   Get_miss   Min(us)  Max(us)    Avg(us)    Std_dev    Geo_dist  
Period   1        22608        22608        2.9        0          267      16185      3016       3166.09    1782.78
Global   49       1051403      21457        3.1        0          170      77300      3182       3330.28    1889.10

Set Statistics
Type     Time(s)  Ops          TPS(ops/s)   Net(M/s)   Get_miss   Min(us)  Max(us)    Avg(us)    Std_dev    Geo_dist  
Period   1        228          228          0.0        0          391      10790      2869       3067.10    1739.37
Global   49       10652        217          0.0        0          258      38710      3256       3300.20    1958.37

Total Statistics
Type     Time(s)  Ops          TPS(ops/s)   Net(M/s)   Get_miss   Min(us)  Max(us)    Avg(us)    Std_dev    Geo_dist  
Period   1        22836        22836        3.0        0          267      16185      3015       3164.64    1782.34
Global   49       1062055      21674        3.1        0          170      77300      3183       3329.74    1889.78

[1;1H[2J
Get Statistics
Type     Time(s)  Ops          TPS(ops/s)   Net(M/s)   Get_miss   Min(us)  Max(us)    Avg(us)    Std_dev    Geo_dist  
Period   1        21599        21599        2.9        0          246      20686      3169       3268.14    1867.99
Global   50       1073002      21460        3.0        0          170      77300      3182       3328.79    1888.67

Set Statistics
Type     Time(s)  Ops          TPS(ops/s)   Net(M/s)   Get_miss   Min(us)  Max(us)    Avg(us)    Std_dev    Geo_dist  
Period   1        219          219          0.0        0          390      18501      3289       3406.46    1921.42
Global   50       10871        217          0.0        0          258      38710      3256       3302.87    1957.62

Total Statistics
Type     Time(s)  Ops          TPS(ops/s)   Net(M/s)   Get_miss   Min(us)  Max(us)    Avg(us)    Std_dev    Geo_dist  
Period   1        21832        21832        3.0        0          246      21971      3182       3301.83    1871.46
Global   50       1083887      21677        3.0        0          170      77300      3183       3329.16    1889.41

[1;1H[2J
Get Statistics
Type     Time(s)  Ops          TPS(ops/s)   Net(M/s)   Get_miss   Min(us)  Max(us)    Avg(us)    Std_dev    Geo_dist  
Period   1        20789        20789        2.9        0          267      22012      3285       3283.09    1979.91
Global   51       1093791      21446        2.9        0          170      77300      3184       3328.82    1890.61

Set Statistics
Type     Time(s)  Ops          TPS(ops/s)   Net(M/s)   Get_miss   Min(us)  Max(us)    Avg(us)    Std_dev    Geo_dist  
Period   1        212          212          0.0        0          335      9917       3504       3251.76    2181.15
Global   51       11083        217          0.0        0          258      38710      3261       3301.68    1961.67

Total Statistics
Type     Time(s)  Ops          TPS(ops/s)   Net(M/s)   Get_miss   Min(us)  Max(us)    Avg(us)    Std_dev    Geo_dist  
Period   1        20988        20988        3.0        0          267      22012      3289       3283.02    1991.80
Global   51       1104875      21664        2.9        0          170      77300      3185       3328.34    1891.31

[1;1H[2J
Get Statistics
Type     Time(s)  Ops          TPS(ops/s)   Net(M/s)   Get_miss   Min(us)  Max(us)    Avg(us)    Std_dev    Geo_dist  
Period   1        21959        21959        2.9        0          258      19076      3111       3220.81    1840.34
Global   52       1115750      21456        3.0        0          170      77300      3182       3327.28    1889.61

Set Statistics
Type     Time(s)  Ops          TPS(ops/s)   Net(M/s)   Get_miss   Min(us)  Max(us)    Avg(us)    Std_dev    Geo_dist  
Period   1        219          219          0.0        0          421      12944      2865       3080.81    1724.02
Global   52       11302        217          0.0        0          258      38710      3254       3297.20    1956.77

Total Statistics
Type     Time(s)  Ops          TPS(ops/s)   Net(M/s)   Get_miss   Min(us)  Max(us)    Avg(us)    Std_dev    Geo_dist  
Period   1        22177        22177        3.0        0          258      19076      3109       3219.20    1839.24
Global   52       1127052      21674        3.0        0          170      77300      3183       3326.72    1890.27

[1;1H[2J
Get Statistics
Type     Time(s)  Ops          TPS(ops/s)   Net(M/s)   Get_miss   Min(us)  Max(us)    Avg(us)    Std_dev    Geo_dist  
Period   1        21597        21597        2.9        0          245      18126      3161       3167.18    1924.35
Global   53       1137347      21459        3.0        0          170      77300      3182       3323.93    1890.26

Set Statistics
Type     Time(s)  Ops          TPS(ops/s)   Net(M/s)   Get_miss   Min(us)  Max(us)    Avg(us)    Std_dev    Geo_dist  
Period   1        223          223          0.0        0          339      11604      3522       3292.35    2161.43
Global   53       11525        217          0.0        0          258      38710      3259       3297.35    1960.54

Total Statistics
Type     Time(s)  Ops          TPS(ops/s)   Net(M/s)   Get_miss   Min(us)  Max(us)    Avg(us)    Std_dev    Geo_dist  
Period   1        21820        21820        3.0        0          245      18126      3165       3168.30    1926.63
Global   53       1148872      21676        3.0        0          170      77300      3183       3323.45    1890.95

[1;1H[2J
Get Statistics
Type     Time(s)  Ops          TPS(ops/s)   Net(M/s)   Get_miss   Min(us)  Max(us)    Avg(us)    Std_dev    Geo_dist  
Period   1        21143        21143        2.9        0          193      31181      3221       3164.59    1962.06
Global   54       1158490      21453        2.9        0          170      77300      3183       3320.82    1891.55

Set Statistics
Type     Time(s)  Ops          TPS(ops/s)   Net(M/s)   Get_miss   Min(us)  Max(us)    Avg(us)    Std_dev    Geo_dist  
Period   1        212          212          0.0        0          392      13779      3366       3231.14    2059.71
Global   54       11737        217          0.0        0          258      38710      3261       3296.00    1962.28

Total Statistics
Type     Time(s)  Ops          TPS(ops/s)   Net(M/s)   Get_miss   Min(us)  Max(us)    Avg(us)    Std_dev    Geo_dist  
Period   1        21355        21355        3.0        0          193      31181      3223       3164.64    1963.00
Global   54       1170227      21670        2.9        0          170      77300      3184       3320.37    1892.24

[1;1H[2J
Get Statistics
Type     Time(s)  Ops          TPS(ops/s)   Net(M/s)   Get_miss   Min(us)  Max(us)    Avg(us)    Std_dev    Geo_dist  
Period   1        20129        20129        2.9        0          212      19978      3398       3327.87    2058.86
Global   55       1178619      21429        2.8        0          170      77300      3186       3321.70    1894.29

Set Statistics
Type     Time(s)  Ops          TPS(ops/s)   Net(M/s)   Get_miss   Min(us)  Max(us)    Avg(us)    Std_dev    Geo_dist  
Period   1        206          206          0.0        0          367      11569      3458       3379.24    2098.48
Global   55       11943        217          0.0        0          258      38710      3264       3297.80    1964.56

Total Statistics
Type     Time(s)  Ops          TPS(ops/s)   Net(M/s)   Get_miss   Min(us)  Max(us)    Avg(us)    Std_dev    Geo_dist  
Period   1        20335        20335        3.0        0          212      19978      3398       3328.94    2059.26
Global   55       1190562      21646        2.8        0          170      77300      3187       3321.26    1894.98

[1;1H[2J
Get Statistics
Type     Time(s)  Ops          TPS(ops/s)   Net(M/s)   Get_miss   Min(us)  Max(us)    Avg(us)    Std_dev    Geo_dist  
Period   1        20653        20653        2.9        0          221      19244      3324       3242.12    2056.45
Global   56       1199272      21415        2.8        0          170      77300      3189       3319.79    1896.97

Set Statistics
Type     Time(s)  Ops          TPS(ops/s)   Net(M/s)   Get_miss   Min(us)  Max(us)    Avg(us)    Std_dev    Geo_dist  
Period   1        207          207          0.0        0          385      18225      3658       3388.07    2296.58
Global   56       12150        216          0.0        0          258      38710      3271       3299.32    1969.79

Total Statistics
Type     Time(s)  Ops          TPS(ops/s)   Net(M/s)   Get_miss   Min(us)  Max(us)    Avg(us)    Std_dev    Geo_dist  
Period   1        20863        20863        3.0        0          221      19244      3328       3242.54    2058.56
Global   56       1211425      21632        2.9        0          170      77300      3190       3319.42    1897.68

[1;1H[2J
Get Statistics
Type     Time(s)  Ops          TPS(ops/s)   Net(M/s)   Get_miss   Min(us)  Max(us)    Avg(us)    Std_dev    Geo_dist  
Period   1        20549        20549        2.9        0          216      20186      3333       3240.29    2027.45
Global   57       1219821      21400        2.8        0          170      77300      3191       3318.93    1899.13

Set Statistics
Type     Time(s)  Ops          TPS(ops/s)   Net(M/s)   Get_miss   Min(us)  Max(us)    Avg(us)    Std_dev    Geo_dist  
Period   1        208          208          0.0        0          426      9893       3408       3137.99    2159.45
Global   57       12358        216          0.0        0          258      38710      3273       3296.90    1972.84

Total Statistics
Type     Time(s)  Ops          TPS(ops/s)   Net(M/s)   Get_miss   Min(us)  Max(us)    Avg(us)    Std_dev    Geo_dist  
Period   1        20754        20754        3.0        0          216      20186      3334       3239.44    2030.97
Global   57       1232179      21617        2.9        0          170      77300      3192       3318.55    1899.85

[1;1H[2J
Get Statistics
Type     Time(s)  Ops          TPS(ops/s)   Net(M/s)   Get_miss   Min(us)  Max(us)    Avg(us)    Std_dev    Geo_dist  
Period   1        20490        20490        2.9        0          266      12705      3318       3169.08    2071.69
Global   58       1240311      21384        2.8        0          170      77300      3193       3316.64    1901.86

Set Statistics
Type     Time(s)  Ops          TPS(ops/s)   Net(M/s)   Get_miss   Min(us)  Max(us)    Avg(us)    Std_dev    Geo_dist  
Period   1        208          208          0.0        0          482      12074      3485       3243.65    2192.58
Global   58       12566        216          0.0        0          258      38710      3277       3295.52    1976.29

Total Statistics
Type     Time(s)  Ops          TPS(ops/s)   Net(M/s)   Get_miss   Min(us)  Max(us)    Avg(us)    Std_dev    Geo_dist  
Period   1        20698        20698        3.0        0          266      12705      3320       3169.46    2072.87
Global   58       1252877      21601        2.8        0          170      77300      3194       3316.29    1902.59

[1;1H[2J
Get Statistics
Type     Time(s)  Ops          TPS(ops/s)   Net(M/s)   Get_miss   Min(us)  Max(us)    Avg(us)    Std_dev    Geo_dist  
Period   1        20865        20865        2.9        0          287      21945      3283       3206.13    2012.95
Global   59       1261176      21375        2.9        0          170      77300      3195       3314.37    1903.64

Set Statistics
Type     Time(s)  Ops          TPS(ops/s)   Net(M/s)   Get_miss   Min(us)  Max(us)    Avg(us)    Std_dev    Geo_dist  
Period   1        207          207          0.0        0          379      10969      3105       3048.63    1980.59
Global   59       12773        216          0.0        0          258      38710      3274       3291.84    1976.36

Total Statistics
Type     Time(s)  Ops          TPS(ops/s)   Net(M/s)   Get_miss   Min(us)  Max(us)    Avg(us)    Std_dev    Geo_dist  
Period   1        21072        21072        3.0        0          287      21945      3281       3204.85    2012.63
Global   59       1273949      21592        2.9        0          170      77300      3196       3313.95    1904.36

[1;1H[2J
Get Statistics
Type     Time(s)  Ops          TPS(ops/s)   Net(M/s)   Get_miss   Min(us)  Max(us)    Avg(us)    Std_dev    Geo_dist  
Period   1        21047        21047        2.9        0          219      13562      3220       3154.59    1982.42
Global   60       1282223      21370        2.9        0          170      77300      3195       3312.20    1904.91

Set Statistics
Type     Time(s)  Ops          TPS(ops/s)   Net(M/s)   Get_miss   Min(us)  Max(us)    Avg(us)    Std_dev    Geo_dist  
Period   1        216          216          0.0        0          374      10389      3014       3093.89    1870.91
Global   60       12989        216          0.0        0          258      38710      3269       3289.38    1974.56

Total Statistics
Type     Time(s)  Ops          TPS(ops/s)   Net(M/s)   Get_miss   Min(us)  Max(us)    Avg(us)    Std_dev    Geo_dist  
Period   1        21263        21263        3.0        0          219      13562      3217       3154.90    1981.25
Global   60       1295212      21586        2.9        0          170      77300      3196       3311.73    1905.60

Get Statistics (1282292 events)
   Min:       170
   Max:     77300
   Avg:      3196
   Geo:   1905.06
   Std:   3311.57
   Log2 Dist:
       8:      110    28036   456542   346353
      12:    66678   276902   105433     2030
      16:      139       69

Set Statistics (12989 events)
   Min:       258
   Max:     38710
   Avg:      3269
   Geo:   1974.56
   Std:   3289.38
   Log2 Dist:
       8:        0      247     4296     3757
      12:      713     2730     1225       20
      16:        1

Total Statistics (1295281 events)
   Min:       170
   Max:     77300
   Avg:      3196
   Geo:   1905.74
   Std:   3312.07
   Log2 Dist:
       8:      110    28283   460838   350110
      12:    67391   279632   106658     2050
      16:      140       69

cmd_get: 1282361
cmd_set: 12989
get_misses: 0
written_bytes: 30288664
read_bytes: 211682092
object_bytes: 1870416

Run time: 60.3s Ops: 1295350 TPS: 21499 Net_rate: 3.8M/s
