servers : 10.0.0.7:9000
threads count: 116
concurrency: 116
run time: 60s
windows size: 10k
set proportion: set_prop=0.01
get proportion: get_prop=0.99
[1;1H[2J
Get Statistics
Type     Time(s)  Ops          TPS(ops/s)   Net(M/s)   Get_miss   Min(us)  Max(us)    Avg(us)    Std_dev    Geo_dist  
Period   1        23391        23391        3.2        0          297      54659      4759       4441.55    3094.77
Global   1        23391        23391        3.2        0          297      54659      4759       4441.55    3094.77

Set Statistics
Type     Time(s)  Ops          TPS(ops/s)   Net(M/s)   Get_miss   Min(us)  Max(us)    Avg(us)    Std_dev    Geo_dist  
Period   1        290          290          0.0        0          396      45812      5920       6217.24    3867.93
Global   1        290          290          0.0        0          396      45812      5920       6217.24    3867.93

Total Statistics
Type     Time(s)  Ops          TPS(ops/s)   Net(M/s)   Get_miss   Min(us)  Max(us)    Avg(us)    Std_dev    Geo_dist  
Period   1        23681        23681        3.3        0          297      54659      4773       4469.44    3103.23
Global   1        23681        23681        3.3        0          297      54659      4773       4469.44    3103.23

[1;1H[2J
Get Statistics
Type     Time(s)  Ops          TPS(ops/s)   Net(M/s)   Get_miss   Min(us)  Max(us)    Avg(us)    Std_dev    Geo_dist  
Period   1        25041        25041        3.3        0          246      88284      4552       4980.46    2824.83
Global   2        48432        24216        3.4        0          246      88284      4652       4728.92    2952.13

Set Statistics
Type     Time(s)  Ops          TPS(ops/s)   Net(M/s)   Get_miss   Min(us)  Max(us)    Avg(us)    Std_dev    Geo_dist  
Period   1        261          261          0.0        0          463      57979      4562       5062.56    2829.18
Global   2        551          275          0.0        0          396      57979      5277       5734.50    3335.37

Total Statistics
Type     Time(s)  Ops          TPS(ops/s)   Net(M/s)   Get_miss   Min(us)  Max(us)    Avg(us)    Std_dev    Geo_dist  
Period   1        25303        25303        3.4        0          246      88284      4552       4981.39    2824.99
Global   2        48984        24492        3.5        0          246      88284      4659       4741.88    2956.24

[1;1H[2J
Get Statistics
Type     Time(s)  Ops          TPS(ops/s)   Net(M/s)   Get_miss   Min(us)  Max(us)    Avg(us)    Std_dev    Geo_dist  
Period   1        25114        25114        3.4        0          207      101366     4555       4678.76    2857.37
Global   3        73546        24515        3.4        0          207      101366     4619       4712.02    2919.78

Set Statistics
Type     Time(s)  Ops          TPS(ops/s)   Net(M/s)   Get_miss   Min(us)  Max(us)    Avg(us)    Std_dev    Geo_dist  
Period   1        243          243          0.0        0          304      41551      4664       4712.74    3016.37
Global   3        794          264          0.0        0          304      57979      5089       5446.96    3234.31

Total Statistics
Type     Time(s)  Ops          TPS(ops/s)   Net(M/s)   Get_miss   Min(us)  Max(us)    Avg(us)    Std_dev    Geo_dist  
Period   1        25356        25356        3.4        0          207      101366     4556       4678.96    2858.74
Global   3        74340        24780        3.5        0          207      101366     4624       4720.70    2922.97

[1;1H[2J
Get Statistics
Type     Time(s)  Ops          TPS(ops/s)   Net(M/s)   Get_miss   Min(us)  Max(us)    Avg(us)    Std_dev    Geo_dist  
Period   1        24465        24465        3.4        0          231      61986      4653       4808.89    2941.24
Global   4        98011        24502        3.4        0          207      101366     4627       4736.86    2925.12

Set Statistics
Type     Time(s)  Ops          TPS(ops/s)   Net(M/s)   Get_miss   Min(us)  Max(us)    Avg(us)    Std_dev    Geo_dist  
Period   1        251          251          0.0        0          435      54463      4735       5386.83    2958.94
Global   4        1045         261          0.0        0          304      57979      5004       5432.09    3165.92

Total Statistics
Type     Time(s)  Ops          TPS(ops/s)   Net(M/s)   Get_miss   Min(us)  Max(us)    Avg(us)    Std_dev    Geo_dist  
Period   1        24718        24718        3.4        0          231      61986      4655       4814.07    2941.67
Global   4        99058        24764        3.4        0          207      101366     4632       4743.91    2927.63

[1;1H[2J
Get Statistics
Type     Time(s)  Ops          TPS(ops/s)   Net(M/s)   Get_miss   Min(us)  Max(us)    Avg(us)    Std_dev    Geo_dist  
Period   1        24531        24531        3.4        0          240      133629     4675       5442.98    2892.90
Global   5        122542       24508        3.4        0          207      133629     4637       4886.09    2918.86

Set Statistics
Type     Time(s)  Ops          TPS(ops/s)   Net(M/s)   Get_miss   Min(us)  Max(us)    Avg(us)    Std_dev    Geo_dist  
Period   1        253          253          0.0        0          335      23278      4577       3989.96    3012.30
Global   5        1298         259          0.0        0          304      57979      4921       5183.74    3135.37

Total Statistics
Type     Time(s)  Ops          TPS(ops/s)   Net(M/s)   Get_miss   Min(us)  Max(us)    Avg(us)    Std_dev    Geo_dist  
Period   1        24782        24782        3.4        0          240      133629     4673       5430.27    2891.74
Global   5        123840       24768        3.4        0          207      133629     4640       4889.35    2921.05

[1;1H[2J
Get Statistics
Type     Time(s)  Ops          TPS(ops/s)   Net(M/s)   Get_miss   Min(us)  Max(us)    Avg(us)    Std_dev    Geo_dist  
Period   1        25089        25089        3.4        0          165      89446      4536       5206.82    2735.50
Global   6        147631       24605        3.4        0          165      133629     4620       4942.04    2886.85

Set Statistics
Type     Time(s)  Ops          TPS(ops/s)   Net(M/s)   Get_miss   Min(us)  Max(us)    Avg(us)    Std_dev    Geo_dist  
Period   1        248          248          0.0        0          334      33040      4360       4218.34    2838.75
Global   6        1546         257          0.0        0          304      57979      4831       5044.32    3085.78

Total Statistics
Type     Time(s)  Ops          TPS(ops/s)   Net(M/s)   Get_miss   Min(us)  Max(us)    Avg(us)    Std_dev    Geo_dist  
Period   1        25337        25337        3.4        0          165      89446      4535       5197.39    2736.50
Global   6        149177       24862        3.5        0          165      133629     4622       4943.31    2888.85

[1;1H[2J
Get Statistics
Type     Time(s)  Ops          TPS(ops/s)   Net(M/s)   Get_miss   Min(us)  Max(us)    Avg(us)    Std_dev    Geo_dist  
Period   1        24828        24828        3.4        0          263      58993      4572       4522.18    2869.73
Global   7        172459       24637        3.4        0          165      133629     4613       4883.92    2884.38

Set Statistics
Type     Time(s)  Ops          TPS(ops/s)   Net(M/s)   Get_miss   Min(us)  Max(us)    Avg(us)    Std_dev    Geo_dist  
Period   1        253          253          0.0        0          349      34436      4625       4681.45    2989.59
Global   7        1799         257          0.0        0          304      57979      4802       4994.18    3072.07

Total Statistics
Type     Time(s)  Ops          TPS(ops/s)   Net(M/s)   Get_miss   Min(us)  Max(us)    Avg(us)    Std_dev    Geo_dist  
Period   1        25081        25081        3.4        0          263      58993      4572       4524.26    2870.92
Global   7        174258       24894        3.4        0          165      133629     4615       4885.05    2886.26

[1;1H[2J
Get Statistics
Type     Time(s)  Ops          TPS(ops/s)   Net(M/s)   Get_miss   Min(us)  Max(us)    Avg(us)    Std_dev    Geo_dist  
Period   1        23874        23874        3.4        0          198      91861      4711       5212.78    2844.36
Global   8        196333       24541        3.3        0          165      133629     4625       4925.09    2879.49

Set Statistics
Type     Time(s)  Ops          TPS(ops/s)   Net(M/s)   Get_miss   Min(us)  Max(us)    Avg(us)    Std_dev    Geo_dist  
Period   1        240          240          0.0        0          500      53049      5233       5637.05    3151.59
Global   8        2039         254          0.0        0          304      57979      4853       5074.22    3081.33

Total Statistics
Type     Time(s)  Ops          TPS(ops/s)   Net(M/s)   Get_miss   Min(us)  Max(us)    Avg(us)    Std_dev    Geo_dist  
Period   1        24114        24114        3.4        0          198      91861      4716       5217.48    2847.27
Global   8        198372       24796        3.3        0          165      133629     4627       4927.01    2881.49

[1;1H[2J
Get Statistics
Type     Time(s)  Ops          TPS(ops/s)   Net(M/s)   Get_miss   Min(us)  Max(us)    Avg(us)    Std_dev    Geo_dist  
Period   1        24474        24474        3.4        0          278      78632      4673       4762.06    2916.89
Global   9        220807       24534        3.4        0          165      133629     4630       4907.57    2883.49

Set Statistics
Type     Time(s)  Ops          TPS(ops/s)   Net(M/s)   Get_miss   Min(us)  Max(us)    Avg(us)    Std_dev    Geo_dist  
Period   1        249          249          0.0        0          516      51302      5054       5780.86    3169.95
Global   9        2288         254          0.0        0          304      57979      4875       5154.71    3090.85

Total Statistics
Type     Time(s)  Ops          TPS(ops/s)   Net(M/s)   Get_miss   Min(us)  Max(us)    Avg(us)    Std_dev    Geo_dist  
Period   1        24725        24725        3.4        0          278      78632      4677       4773.16    2918.51
Global   9        223097       24788        3.4        0          165      133629     4633       4909.78    2885.57

[1;1H[2J
Get Statistics
Type     Time(s)  Ops          TPS(ops/s)   Net(M/s)   Get_miss   Min(us)  Max(us)    Avg(us)    Std_dev    Geo_dist  
Period   1        21238        21238        3.3        0          237      162865     5379       8041.61    3045.62
Global   10       242045       24204        2.9        0          165      162865     4696       5261.92    2897.58

Set Statistics
Type     Time(s)  Ops          TPS(ops/s)   Net(M/s)   Get_miss   Min(us)  Max(us)    Avg(us)    Std_dev    Geo_dist  
Period   1        216          216          0.0        0          452      80112      5930       9416.52    3089.80
Global   10       2504         250          0.0        0          304      80112      4966       5655.30    3090.76

Total Statistics
Type     Time(s)  Ops          TPS(ops/s)   Net(M/s)   Get_miss   Min(us)  Max(us)    Avg(us)    Std_dev    Geo_dist  
Period   1        21452        21452        3.4        0          237      162865     5385       8056.80    3048.34
Global   10       244549       24454        2.9        0          165      162865     4699       5265.95    2899.49

[1;1H[2J
Get Statistics
Type     Time(s)  Ops          TPS(ops/s)   Net(M/s)   Get_miss   Min(us)  Max(us)    Avg(us)    Std_dev    Geo_dist  
Period   1        24186        24186        3.3        0          273      110931     4724       4635.65    2999.02
Global   11       266231       24202        3.3        0          165      162865     4699       5207.72    2906.65

Set Statistics
Type     Time(s)  Ops          TPS(ops/s)   Net(M/s)   Get_miss   Min(us)  Max(us)    Avg(us)    Std_dev    Geo_dist  
Period   1        241          241          0.0        0          385      31452      5060       4621.81    3230.79
Global   11       2745         249          0.0        0          304      80112      4974       5571.80    3102.81

Total Statistics
Type     Time(s)  Ops          TPS(ops/s)   Net(M/s)   Get_miss   Min(us)  Max(us)    Avg(us)    Std_dev    Geo_dist  
Period   1        24427        24427        3.4        0          273      110931     4728       4634.84    3001.22
Global   11       268976       24452        3.4        0          165      162865     4701       5212.36    2908.59

[1;1H[2J
Get Statistics
Type     Time(s)  Ops          TPS(ops/s)   Net(M/s)   Get_miss   Min(us)  Max(us)    Avg(us)    Std_dev    Geo_dist  
Period   1        23901        23901        3.3        0          226      79300      4737       4523.99    3050.16
Global   12       290132       24177        3.3        0          165      162865     4702       5154.95    2918.21

Set Statistics
Type     Time(s)  Ops          TPS(ops/s)   Net(M/s)   Get_miss   Min(us)  Max(us)    Avg(us)    Std_dev    Geo_dist  
Period   1        238          238          0.0        0          388      26399      5031       3990.45    3400.88
Global   12       2983         248          0.0        0          304      80112      4978       5462.46    3125.60

Total Statistics
Type     Time(s)  Ops          TPS(ops/s)   Net(M/s)   Get_miss   Min(us)  Max(us)    Avg(us)    Std_dev    Geo_dist  
Period   1        24139        24139        3.4        0          226      79300      4740       4518.95    3053.43
Global   12       293115       24426        3.3        0          165      162865     4705       5158.06    2920.25

[1;1H[2J
Get Statistics
Type     Time(s)  Ops          TPS(ops/s)   Net(M/s)   Get_miss   Min(us)  Max(us)    Avg(us)    Std_dev    Geo_dist  
Period   1        23713        23713        3.3        0          256      84191      4828       5104.82    3036.34
Global   13       313845       24141        3.3        0          165      162865     4711       5151.75    2926.98

Set Statistics
Type     Time(s)  Ops          TPS(ops/s)   Net(M/s)   Get_miss   Min(us)  Max(us)    Avg(us)    Std_dev    Geo_dist  
Period   1        246          246          0.0        0          351      28373      4798       4319.49    3118.97
Global   13       3229         248          0.0        0          304      80112      4965       5382.92    3125.09

Total Statistics
Type     Time(s)  Ops          TPS(ops/s)   Net(M/s)   Get_miss   Min(us)  Max(us)    Avg(us)    Std_dev    Geo_dist  
Period   1        23959        23959        3.3        0          256      84191      4827       5097.95    3037.17
Global   13       317074       24390        3.3        0          165      162865     4714       5153.84    2928.93

[1;1H[2J
Get Statistics
Type     Time(s)  Ops          TPS(ops/s)   Net(M/s)   Get_miss   Min(us)  Max(us)    Avg(us)    Std_dev    Geo_dist  
Period   1        23955        23955        3.3        0          253      118631     4692       4959.02    2942.52
Global   14       337800       24128        3.3        0          165      162865     4710       5138.00    2928.08

Set Statistics
Type     Time(s)  Ops          TPS(ops/s)   Net(M/s)   Get_miss   Min(us)  Max(us)    Avg(us)    Std_dev    Geo_dist  
Period   1        242          242          0.0        0          409      32566      4981       4492.18    3207.11
Global   14       3471         247          0.0        0          304      80112      4966       5325.20    3130.74

Total Statistics
Type     Time(s)  Ops          TPS(ops/s)   Net(M/s)   Get_miss   Min(us)  Max(us)    Avg(us)    Std_dev    Geo_dist  
Period   1        24197        24197        3.3        0          253      118631     4695       4954.46    2945.06
Global   14       341271       24376        3.3        0          165      162865     4713       5139.63    2930.07

[1;1H[2J
Get Statistics
Type     Time(s)  Ops          TPS(ops/s)   Net(M/s)   Get_miss   Min(us)  Max(us)    Avg(us)    Std_dev    Geo_dist  
Period   1        25057        25057        3.3        0          222      116341     4634       4547.99    2921.98
Global   15       362857       24190        3.4        0          165      162865     4705       5099.26    2927.65

Set Statistics
Type     Time(s)  Ops          TPS(ops/s)   Net(M/s)   Get_miss   Min(us)  Max(us)    Avg(us)    Std_dev    Geo_dist  
Period   1        253          253          0.0        0          542      26731      4227       3875.86    2805.76
Global   15       3724         248          0.0        0          304      80112      4916       5242.14    3107.52

Total Statistics
Type     Time(s)  Ops          TPS(ops/s)   Net(M/s)   Get_miss   Min(us)  Max(us)    Avg(us)    Std_dev    Geo_dist  
Period   1        25312        25312        3.4        0          222      116341     4629       4542.48    2920.62
Global   15       366583       24438        3.5        0          165      162865     4707       5100.87    2929.42

[1;1H[2J
Get Statistics
Type     Time(s)  Ops          TPS(ops/s)   Net(M/s)   Get_miss   Min(us)  Max(us)    Avg(us)    Std_dev    Geo_dist  
Period   1        24448        24448        3.3        0          247      66658      4694       4306.16    2972.07
Global   16       387305       24206        3.4        0          165      162865     4704       5053.16    2930.49

Set Statistics
Type     Time(s)  Ops          TPS(ops/s)   Net(M/s)   Get_miss   Min(us)  Max(us)    Avg(us)    Std_dev    Geo_dist  
Period   1        245          245          0.0        0          319      22539      4938       4048.29    3216.49
Global   16       3969         248          0.0        0          304      80112      4917       5176.36    3114.14

Total Statistics
Type     Time(s)  Ops          TPS(ops/s)   Net(M/s)   Get_miss   Min(us)  Max(us)    Avg(us)    Std_dev    Geo_dist  
Period   1        24693        24693        3.4        0          247      66658      4698       4303.41    2974.96
Global   16       391276       24454        3.4        0          165      162865     4706       5054.66    2932.32

[1;1H[2J
Get Statistics
Type     Time(s)  Ops          TPS(ops/s)   Net(M/s)   Get_miss   Min(us)  Max(us)    Avg(us)    Std_dev    Geo_dist  
Period   1        22042        22042        3.3        0          229      89624      5018       6099.98    2925.97
Global   17       409347       24079        3.0        0          165      162865     4721       5115.43    2930.32

Set Statistics
Type     Time(s)  Ops          TPS(ops/s)   Net(M/s)   Get_miss   Min(us)  Max(us)    Avg(us)    Std_dev    Geo_dist  
Period   1        225          225          0.0        0          474      56009      5076       6417.00    3040.87
Global   17       4194         246          0.0        0          304      80112      4925       5250.06    3110.16

Total Statistics
Type     Time(s)  Ops          TPS(ops/s)   Net(M/s)   Get_miss   Min(us)  Max(us)    Avg(us)    Std_dev    Geo_dist  
Period   1        22265        22265        3.3        0          229      89624      5019       6102.89    2928.00
Global   17       413541       24325        3.1        0          165      162865     4723       5116.91    2932.09

[1;1H[2J
Get Statistics
Type     Time(s)  Ops          TPS(ops/s)   Net(M/s)   Get_miss   Min(us)  Max(us)    Avg(us)    Std_dev    Geo_dist  
Period   1        23772        23772        3.3        0          209      127218     4800       4892.13    3059.36
Global   18       433119       24062        3.3        0          165      162865     4725       5103.77    2937.26

Set Statistics
Type     Time(s)  Ops          TPS(ops/s)   Net(M/s)   Get_miss   Min(us)  Max(us)    Avg(us)    Std_dev    Geo_dist  
Period   1        240          240          0.0        0          257      33249      5088       4324.03    3337.48
Global   18       4434         246          0.0        0          257      80112      4934       5203.71    3122.06

Total Statistics
Type     Time(s)  Ops          TPS(ops/s)   Net(M/s)   Get_miss   Min(us)  Max(us)    Avg(us)    Std_dev    Geo_dist  
Period   1        24013        24013        3.3        0          209      127218     4803       4886.47    3061.83
Global   18       437554       24308        3.3        0          165      162865     4727       5104.93    2939.06

[1;1H[2J
Get Statistics
Type     Time(s)  Ops          TPS(ops/s)   Net(M/s)   Get_miss   Min(us)  Max(us)    Avg(us)    Std_dev    Geo_dist  
Period   1        25050        25050        3.3        0          273      87932      4563       4530.61    2880.00
Global   19       458169       24114        3.4        0          165      162865     4716       5074.37    2934.10

Set Statistics
Type     Time(s)  Ops          TPS(ops/s)   Net(M/s)   Get_miss   Min(us)  Max(us)    Avg(us)    Std_dev    Geo_dist  
Period   1        253          253          0.0        0          550      28468      4568       4271.05    2946.79
Global   19       4687         246          0.0        0          257      80112      4914       5158.18    3112.34

Total Statistics
Type     Time(s)  Ops          TPS(ops/s)   Net(M/s)   Get_miss   Min(us)  Max(us)    Avg(us)    Std_dev    Geo_dist  
Period   1        25302        25302        3.3        0          273      87932      4564       4527.23    2880.83
Global   19       462856       24360        3.5        0          165      162865     4718       5075.26    2935.85

[1;1H[2J
Get Statistics
Type     Time(s)  Ops          TPS(ops/s)   Net(M/s)   Get_miss   Min(us)  Max(us)    Avg(us)    Std_dev    Geo_dist  
Period   1        23618        23618        3.3        0          229      66490      4787       4402.35    3193.49
Global   20       481787       24089        3.2        0          165      162865     4720       5043.04    2946.31

Set Statistics
Type     Time(s)  Ops          TPS(ops/s)   Net(M/s)   Get_miss   Min(us)  Max(us)    Avg(us)    Std_dev    Geo_dist  
Period   1        240          240          0.0        0          497      46400      4908       4881.12    3145.07
Global   20       4927         246          0.0        0          257      80112      4914       5144.28    3113.92

Total Statistics
Type     Time(s)  Ops          TPS(ops/s)   Net(M/s)   Get_miss   Min(us)  Max(us)    Avg(us)    Std_dev    Geo_dist  
Period   1        23858        23858        3.3        0          229      66490      4788       4407.57    3193.00
Global   20       486714       24335        3.3        0          165      162865     4722       5044.08    2947.96

[1;1H[2J
Get Statistics
Type     Time(s)  Ops          TPS(ops/s)   Net(M/s)   Get_miss   Min(us)  Max(us)    Avg(us)    Std_dev    Geo_dist  
Period   1        23557        23557        3.3        0          267      58341      4875       4280.53    3161.28
Global   21       505344       24064        3.2        0          165      162865     4727       5010.39    2956.00

Set Statistics
Type     Time(s)  Ops          TPS(ops/s)   Net(M/s)   Get_miss   Min(us)  Max(us)    Avg(us)    Std_dev    Geo_dist  
Period   1        237          237          0.0        0          317      40057      5503       5188.63    3510.13
Global   21       5164         245          0.0        0          257      80112      4941       5147.32    3131.09

Total Statistics
Type     Time(s)  Ops          TPS(ops/s)   Net(M/s)   Get_miss   Min(us)  Max(us)    Avg(us)    Std_dev    Geo_dist  
Period   1        23796        23796        3.3        0          267      58341      4881       4290.75    3164.40
Global   21       510510       24310        3.3        0          165      162865     4729       5011.98    2957.71

[1;1H[2J
Get Statistics
Type     Time(s)  Ops          TPS(ops/s)   Net(M/s)   Get_miss   Min(us)  Max(us)    Avg(us)    Std_dev    Geo_dist  
Period   1        24291        24291        3.3        0          315      59792      4669       4512.08    2952.58
Global   22       529635       24074        3.3        0          165      162865     4724       4988.96    2955.88

Set Statistics
Type     Time(s)  Ops          TPS(ops/s)   Net(M/s)   Get_miss   Min(us)  Max(us)    Avg(us)    Std_dev    Geo_dist  
Period   1        249          249          0.0        0          411      26129      4568       4309.31    2861.26
Global   22       5413         246          0.0        0          257      80112      4924       5111.89    3118.13

Total Statistics
Type     Time(s)  Ops          TPS(ops/s)   Net(M/s)   Get_miss   Min(us)  Max(us)    Avg(us)    Std_dev    Geo_dist  
Period   1        24540        24540        3.3        0          315      59792      4669       4510.45    2953.04
Global   22       535050       24320        3.4        0          165      162865     4727       4989.38    2957.50

[1;1H[2J
Get Statistics
Type     Time(s)  Ops          TPS(ops/s)   Net(M/s)   Get_miss   Min(us)  Max(us)    Avg(us)    Std_dev    Geo_dist  
Period   1        23872        23872        3.3        0          262      83883      4745       5376.11    2869.36
Global   23       553507       24065        3.3        0          165      162865     4725       5006.22    2952.15

Set Statistics
Type     Time(s)  Ops          TPS(ops/s)   Net(M/s)   Get_miss   Min(us)  Max(us)    Avg(us)    Std_dev    Geo_dist  
Period   1        237          237          0.0        0          443      39872      5054       5491.21    2995.94
Global   23       5650         245          0.0        0          257      80112      4929       5128.35    3112.91

Total Statistics
Type     Time(s)  Ops          TPS(ops/s)   Net(M/s)   Get_miss   Min(us)  Max(us)    Avg(us)    Std_dev    Geo_dist  
Period   1        24107        24107        3.3        0          262      83883      4748       5377.01    2871.35
Global   23       559157       24311        3.3        0          165      162865     4727       5007.56    2953.73

[1;1H[2J
Get Statistics
Type     Time(s)  Ops          TPS(ops/s)   Net(M/s)   Get_miss   Min(us)  Max(us)    Avg(us)    Std_dev    Geo_dist  
Period   1        24053        24053        3.3        0          250      53608      4765       4633.01    3030.36
Global   24       577560       24065        3.3        0          165      162865     4727       4990.92    2955.36

Set Statistics
Type     Time(s)  Ops          TPS(ops/s)   Net(M/s)   Get_miss   Min(us)  Max(us)    Avg(us)    Std_dev    Geo_dist  
Period   1        243          243          0.0        0          538      19072      4769       3715.93    3248.69
Global   24       5893         245          0.0        0          257      80112      4923       5077.16    3118.40

Total Statistics
Type     Time(s)  Ops          TPS(ops/s)   Net(M/s)   Get_miss   Min(us)  Max(us)    Avg(us)    Std_dev    Geo_dist  
Period   1        24297        24297        3.3        0          250      53608      4765       4624.61    3032.52
Global   24       583454       24310        3.3        0          165      162865     4729       4991.80    2956.97

[1;1H[2J
Get Statistics
Type     Time(s)  Ops          TPS(ops/s)   Net(M/s)   Get_miss   Min(us)  Max(us)    Avg(us)    Std_dev    Geo_dist  
Period   1        23959        23959        3.3        0          231      138272     4723       5064.59    3015.73
Global   25       601519       24060        3.3        0          165      162865     4727       4993.72    2957.74

Set Statistics
Type     Time(s)  Ops          TPS(ops/s)   Net(M/s)   Get_miss   Min(us)  Max(us)    Avg(us)    Std_dev    Geo_dist  
Period   1        239          239          0.0        0          442      37517      4772       4710.84    3123.35
Global   25       6132         245          0.0        0          257      80112      4917       5063.22    3118.59

Total Statistics
Type     Time(s)  Ops          TPS(ops/s)   Net(M/s)   Get_miss   Min(us)  Max(us)    Avg(us)    Std_dev    Geo_dist  
Period   1        24199        24199        3.3        0          231      138272     4724       5061.53    3017.06
Global   25       607653       24306        3.3        0          165      162865     4729       4994.41    2959.34

[1;1H[2J
Get Statistics
Type     Time(s)  Ops          TPS(ops/s)   Net(M/s)   Get_miss   Min(us)  Max(us)    Avg(us)    Std_dev    Geo_dist  
Period   1        23801        23801        3.3        0          296      66170      4809       4844.26    3053.99
Global   26       625320       24050        3.3        0          165      162865     4730       4988.27    2961.40

Set Statistics
Type     Time(s)  Ops          TPS(ops/s)   Net(M/s)   Get_miss   Min(us)  Max(us)    Avg(us)    Std_dev    Geo_dist  
Period   1        244          244          0.0        0          371      26131      5116       4327.19    3548.10
Global   26       6376         245          0.0        0          257      80112      4925       5036.50    3134.03

Total Statistics
Type     Time(s)  Ops          TPS(ops/s)   Net(M/s)   Get_miss   Min(us)  Max(us)    Avg(us)    Std_dev    Geo_dist  
Period   1        24043        24043        3.3        0          296      66170      4812       4839.21    3059.49
Global   26       631696       24296        3.3        0          165      162865     4732       4988.76    2963.09

[1;1H[2J
Get Statistics
Type     Time(s)  Ops          TPS(ops/s)   Net(M/s)   Get_miss   Min(us)  Max(us)    Avg(us)    Std_dev    Geo_dist  
Period   1        23345        23345        3.3        0          224      175625     4849       6892.49    2840.93
Global   27       648665       24024        3.2        0          165      175625     4734       5069.53    2956.97

Set Statistics
Type     Time(s)  Ops          TPS(ops/s)   Net(M/s)   Get_miss   Min(us)  Max(us)    Avg(us)    Std_dev    Geo_dist  
Period   1        238          238          0.0        0          337      47057      4634       5306.30    2839.56
Global   27       6614         244          0.0        0          257      80112      4914       5046.85    3122.92

Total Statistics
Type     Time(s)  Ops          TPS(ops/s)   Net(M/s)   Get_miss   Min(us)  Max(us)    Avg(us)    Std_dev    Geo_dist  
Period   1        23583        23583        3.3        0          224      175625     4847       6878.14    2840.91
Global   27       655279       24269        3.2        0          165      175625     4736       5069.16    2958.60

[1;1H[2J
Get Statistics
Type     Time(s)  Ops          TPS(ops/s)   Net(M/s)   Get_miss   Min(us)  Max(us)    Avg(us)    Std_dev    Geo_dist  
Period   1        22293        22293        3.3        0          236      130177     5162       7315.88    3069.77
Global   28       670958       23962        3.1        0          165      175625     4748       5160.66    2960.65

Set Statistics
Type     Time(s)  Ops          TPS(ops/s)   Net(M/s)   Get_miss   Min(us)  Max(us)    Avg(us)    Std_dev    Geo_dist  
Period   1        222          222          0.0        0          437      130078     5385       9792.49    3229.87
Global   28       6836         244          0.0        0          257      130078     4929       5268.19    3126.34

Total Statistics
Type     Time(s)  Ops          TPS(ops/s)   Net(M/s)   Get_miss   Min(us)  Max(us)    Avg(us)    Std_dev    Geo_dist  
Period   1        22515        22515        3.3        0          236      130177     5164       7344.26    3071.31
Global   28       677794       24206        3.1        0          165      175625     4750       5161.62    2962.28

[1;1H[2J
Get Statistics
Type     Time(s)  Ops          TPS(ops/s)   Net(M/s)   Get_miss   Min(us)  Max(us)    Avg(us)    Std_dev    Geo_dist  
Period   1        23541        23541        3.3        0          256      58549      4773       4409.41    3105.90
Global   29       694499       23948        3.2        0          165      175625     4749       5136.85    2965.46

Set Statistics
Type     Time(s)  Ops          TPS(ops/s)   Net(M/s)   Get_miss   Min(us)  Max(us)    Avg(us)    Std_dev    Geo_dist  
Period   1        234          234          0.0        0          500      28174      5067       4728.14    3309.04
Global   29       7070         243          0.0        0          257      130078     4934       5250.55    3132.22

Total Statistics
Type     Time(s)  Ops          TPS(ops/s)   Net(M/s)   Get_miss   Min(us)  Max(us)    Avg(us)    Std_dev    Geo_dist  
Period   1        23775        23775        3.3        0          256      58549      4776       4412.53    3107.84
Global   29       701569       24192        3.3        0          165      175625     4751       5137.92    2967.10

[1;1H[2J
Get Statistics
Type     Time(s)  Ops          TPS(ops/s)   Net(M/s)   Get_miss   Min(us)  Max(us)    Avg(us)    Std_dev    Geo_dist  
Period   1        23984        23984        3.3        0          262      72449      4768       4996.26    2981.69
Global   30       718483       23949        3.3        0          165      175625     4750       5131.88    2966.00

Set Statistics
Type     Time(s)  Ops          TPS(ops/s)   Net(M/s)   Get_miss   Min(us)  Max(us)    Avg(us)    Std_dev    Geo_dist  
Period   1        242          242          0.0        0          513      23278      4747       4183.21    3136.35
Global   30       7312         243          0.0        0          257      130078     4928       5218.42    3132.35

Total Statistics
Type     Time(s)  Ops          TPS(ops/s)   Net(M/s)   Get_miss   Min(us)  Max(us)    Avg(us)    Std_dev    Geo_dist  
Period   1        24226        24226        3.3        0          262      72449      4768       4988.52    2983.20
Global   30       725795       24193        3.3        0          165      175625     4752       5132.60    2967.64

[1;1H[2J
Get Statistics
Type     Time(s)  Ops          TPS(ops/s)   Net(M/s)   Get_miss   Min(us)  Max(us)    Avg(us)    Std_dev    Geo_dist  
Period   1        22744        22744        3.3        0          205      86499      5023       5746.45    3027.38
Global   31       741227       23910        3.1        0          165      175625     4758       5152.39    2967.87

Set Statistics
Type     Time(s)  Ops          TPS(ops/s)   Net(M/s)   Get_miss   Min(us)  Max(us)    Avg(us)    Std_dev    Geo_dist  
Period   1        233          233          0.0        0          374      59190      5349       7275.57    3106.37
Global   31       7545         243          0.0        0          257      130078     4941       5293.77    3131.55

Total Statistics
Type     Time(s)  Ops          TPS(ops/s)   Net(M/s)   Get_miss   Min(us)  Max(us)    Avg(us)    Std_dev    Geo_dist  
Period   1        22977        22977        3.3        0          205      86499      5026       5764.15    3028.18
Global   31       748772       24153        3.2        0          165      175625     4760       5153.72    2969.48

[1;1H[2J
Get Statistics
Type     Time(s)  Ops          TPS(ops/s)   Net(M/s)   Get_miss   Min(us)  Max(us)    Avg(us)    Std_dev    Geo_dist  
Period   1        24430        24430        3.3        0          217      94556      4692       5617.85    2801.73
Global   32       765657       23926        3.4        0          165      175625     4756       5167.80    2962.42

Set Statistics
Type     Time(s)  Ops          TPS(ops/s)   Net(M/s)   Get_miss   Min(us)  Max(us)    Avg(us)    Std_dev    Geo_dist  
Period   1        245          245          0.0        0          276      57146      4506       6095.58    2673.01
Global   32       7790         243          0.0        0          257      130078     4927       5321.22    3115.99

Total Statistics
Type     Time(s)  Ops          TPS(ops/s)   Net(M/s)   Get_miss   Min(us)  Max(us)    Avg(us)    Std_dev    Geo_dist  
Period   1        24675        24675        3.3        0          217      94556      4690       5622.81    2800.42
Global   32       773447       24170        3.4        0          165      175625     4758       5169.14    2963.93

[1;1H[2J
Get Statistics
Type     Time(s)  Ops          TPS(ops/s)   Net(M/s)   Get_miss   Min(us)  Max(us)    Avg(us)    Std_dev    Geo_dist  
Period   1        23725        23725        3.3        0          269      63545      4806       5012.09    3036.75
Global   33       789382       23920        3.3        0          165      175625     4758       5162.73    2964.63

Set Statistics
Type     Time(s)  Ops          TPS(ops/s)   Net(M/s)   Get_miss   Min(us)  Max(us)    Avg(us)    Std_dev    Geo_dist  
Period   1        237          237          0.0        0          582      28839      5135       4340.69    3516.04
Global   33       8027         243          0.0        0          257      130078     4933       5294.89    3127.13

Total Statistics
Type     Time(s)  Ops          TPS(ops/s)   Net(M/s)   Get_miss   Min(us)  Max(us)    Avg(us)    Std_dev    Geo_dist  
Period   1        23962        23962        3.3        0          269      63545      4809       5006.16    3041.16
Global   33       797409       24163        3.3        0          165      175625     4759       5164.81    2966.22

[1;1H[2J
Get Statistics
Type     Time(s)  Ops          TPS(ops/s)   Net(M/s)   Get_miss   Min(us)  Max(us)    Avg(us)    Std_dev    Geo_dist  
Period   1        24125        24125        3.3        0          303      78092      4681       4888.67    2916.04
Global   34       813507       23926        3.3        0          165      175625     4755       5155.49    2963.17

Set Statistics
Type     Time(s)  Ops          TPS(ops/s)   Net(M/s)   Get_miss   Min(us)  Max(us)    Avg(us)    Std_dev    Geo_dist  
Period   1        247          247          0.0        0          412      44262      5206       5484.68    3374.01
Global   34       8274         243          0.0        0          257      130078     4941       5300.66    3134.23

Total Statistics
Type     Time(s)  Ops          TPS(ops/s)   Net(M/s)   Get_miss   Min(us)  Max(us)    Avg(us)    Std_dev    Geo_dist  
Period   1        24372        24372        3.3        0          303      78092      4687       4894.58    2920.35
Global   34       821781       24170        3.3        0          165      175625     4757       5156.89    2964.85

[1;1H[2J
Get Statistics
Type     Time(s)  Ops          TPS(ops/s)   Net(M/s)   Get_miss   Min(us)  Max(us)    Avg(us)    Std_dev    Geo_dist  
Period   1        25162        25162        3.3        0          262      63063      4552       4346.83    2908.05
Global   35       838669       23961        3.5        0          165      175625     4749       5133.11    2961.51

Set Statistics
Type     Time(s)  Ops          TPS(ops/s)   Net(M/s)   Get_miss   Min(us)  Max(us)    Avg(us)    Std_dev    Geo_dist  
Period   1        253          253          0.0        0          387      37400      4894       4664.73    3114.41
Global   35       8527         243          0.0        0          257      130078     4940       5282.29    3133.64

Total Statistics
Type     Time(s)  Ops          TPS(ops/s)   Net(M/s)   Get_miss   Min(us)  Max(us)    Avg(us)    Std_dev    Geo_dist  
Period   1        25415        25415        3.3        0          262      63063      4556       4349.52    2910.04
Global   35       847196       24205        3.5        0          165      175625     4751       5134.60    2963.19

[1;1H[2J
Get Statistics
Type     Time(s)  Ops          TPS(ops/s)   Net(M/s)   Get_miss   Min(us)  Max(us)    Avg(us)    Std_dev    Geo_dist  
Period   1        24347        24347        3.3        0          347      85472      4702       4911.29    2926.62
Global   36       863016       23972        3.3        0          165      175625     4748       5126.69    2960.52

Set Statistics
Type     Time(s)  Ops          TPS(ops/s)   Net(M/s)   Get_miss   Min(us)  Max(us)    Avg(us)    Std_dev    Geo_dist  
Period   1        247          247          0.0        0          409      38566      4845       4831.79    3013.05
Global   36       8774         243          0.0        0          257      130078     4937       5270.21    3130.18

Total Statistics
Type     Time(s)  Ops          TPS(ops/s)   Net(M/s)   Get_miss   Min(us)  Max(us)    Avg(us)    Std_dev    Geo_dist  
Period   1        24594        24594        3.3        0          347      85472      4704       4909.88    2927.48
Global   36       871790       24216        3.4        0          165      175625     4750       5128.09    2962.18

[1;1H[2J
Get Statistics
Type     Time(s)  Ops          TPS(ops/s)   Net(M/s)   Get_miss   Min(us)  Max(us)    Avg(us)    Std_dev    Geo_dist  
Period   1        23952        23952        3.3        0          225      149361     4795       5636.58    2931.20
Global   37       886968       23972        3.3        0          165      175625     4749       5141.37    2959.72

Set Statistics
Type     Time(s)  Ops          TPS(ops/s)   Net(M/s)   Get_miss   Min(us)  Max(us)    Avg(us)    Std_dev    Geo_dist  
Period   1        246          246          0.0        0          441      24820      4591       4063.11    2960.65
Global   37       9020         243          0.0        0          257      130078     4928       5240.69    3125.43

Total Statistics
Type     Time(s)  Ops          TPS(ops/s)   Net(M/s)   Get_miss   Min(us)  Max(us)    Avg(us)    Std_dev    Geo_dist  
Period   1        24198        24198        3.3        0          225      149361     4793       5622.71    2931.50
Global   37       895988       24215        3.3        0          165      175625     4751       5142.23    2961.34

[1;1H[2J
Get Statistics
Type     Time(s)  Ops          TPS(ops/s)   Net(M/s)   Get_miss   Min(us)  Max(us)    Avg(us)    Std_dev    Geo_dist  
Period   1        24268        24268        3.3        0          276      172500     4717       4748.12    3044.35
Global   38       911236       23979        3.3        0          165      175625     4748       5131.43    2961.94

Set Statistics
Type     Time(s)  Ops          TPS(ops/s)   Net(M/s)   Get_miss   Min(us)  Max(us)    Avg(us)    Std_dev    Geo_dist  
Period   1        244          244          0.0        0          449      49493      5476       5239.40    3580.19
Global   38       9264         243          0.0        0          257      130078     4942       5241.52    3136.63

Total Statistics
Type     Time(s)  Ops          TPS(ops/s)   Net(M/s)   Get_miss   Min(us)  Max(us)    Avg(us)    Std_dev    Geo_dist  
Period   1        24514        24514        3.3        0          276      172500     4724       4753.98    3049.25
Global   38       920502       24223        3.4        0          165      175625     4750       5132.53    2963.65

[1;1H[2J
Get Statistics
Type     Time(s)  Ops          TPS(ops/s)   Net(M/s)   Get_miss   Min(us)  Max(us)    Avg(us)    Std_dev    Geo_dist  
Period   1        24069        24069        3.3        0          250      52159      4681       4216.46    3041.26
Global   39       935305       23982        3.3        0          165      175625     4747       5109.27    2963.98

Set Statistics
Type     Time(s)  Ops          TPS(ops/s)   Net(M/s)   Get_miss   Min(us)  Max(us)    Avg(us)    Std_dev    Geo_dist  
Period   1        244          244          0.0        0          419      33205      5103       4959.93    3238.33
Global   39       9508         243          0.0        0          257      130078     4946       5234.42    3139.20

Total Statistics
Type     Time(s)  Ops          TPS(ops/s)   Net(M/s)   Get_miss   Min(us)  Max(us)    Avg(us)    Std_dev    Geo_dist  
Period   1        24313        24313        3.3        0          250      52159      4685       4225.22    3044.35
Global   39       944815       24226        3.3        0          165      175625     4749       5110.58    2965.70

[1;1H[2J
Get Statistics
Type     Time(s)  Ops          TPS(ops/s)   Net(M/s)   Get_miss   Min(us)  Max(us)    Avg(us)    Std_dev    Geo_dist  
Period   1        24942        24942        3.3        0          231      67342      4588       4873.11    2890.62
Global   40       960247       24006        3.4        0          165      175625     4743       5103.22    2962.11

Set Statistics
Type     Time(s)  Ops          TPS(ops/s)   Net(M/s)   Get_miss   Min(us)  Max(us)    Avg(us)    Std_dev    Geo_dist  
Period   1        250          250          0.0        0          297      28608      4243       4036.47    2797.70
Global   40       9758         243          0.0        0          257      130078     4928       5208.18    3129.95

Total Statistics
Type     Time(s)  Ops          TPS(ops/s)   Net(M/s)   Get_miss   Min(us)  Max(us)    Avg(us)    Std_dev    Geo_dist  
Period   1        25190        25190        3.3        0          231      67342      4584       4866.33    2890.51
Global   40       970005       24250        3.5        0          165      175625     4744       5105.12    2963.75

[1;1H[2J
Get Statistics
Type     Time(s)  Ops          TPS(ops/s)   Net(M/s)   Get_miss   Min(us)  Max(us)    Avg(us)    Std_dev    Geo_dist  
Period   1        24740        24740        3.3        0          248      77141      4582       4786.68    2808.56
Global   41       984987       24024        3.4        0          165      175625     4739       5095.53    2958.15

Set Statistics
Type     Time(s)  Ops          TPS(ops/s)   Net(M/s)   Get_miss   Min(us)  Max(us)    Avg(us)    Std_dev    Geo_dist  
Period   1        254          254          0.0        0          576      32700      4759       4750.04    3017.92
Global   41       10012        244          0.0        0          257      130078     4924       5196.63    3127.06

Total Statistics
Type     Time(s)  Ops          TPS(ops/s)   Net(M/s)   Get_miss   Min(us)  Max(us)    Avg(us)    Std_dev    Geo_dist  
Period   1        24998        24998        3.3        0          248      77141      4585       4785.27    2811.04
Global   41       995003       24268        3.4        0          165      175625     4740       5097.40    2959.81

[1;1H[2J
Get Statistics
Type     Time(s)  Ops          TPS(ops/s)   Net(M/s)   Get_miss   Min(us)  Max(us)    Avg(us)    Std_dev    Geo_dist  
Period   1        25344        25344        3.3        0          255      66882      4536       4407.21    2939.46
Global   42       1010331      24055        3.5        0          165      175625     4733       5080.36    2957.71

Set Statistics
Type     Time(s)  Ops          TPS(ops/s)   Net(M/s)   Get_miss   Min(us)  Max(us)    Avg(us)    Std_dev    Geo_dist  
Period   1        247          247          0.0        0          429      41772      4365       4439.28    2863.00
Global   42       10259        244          0.0        0          257      130078     4911       5179.79    3120.42

Total Statistics
Type     Time(s)  Ops          TPS(ops/s)   Net(M/s)   Get_miss   Min(us)  Max(us)    Avg(us)    Std_dev    Geo_dist  
Period   1        25587        25587        3.3        0          255      66882      4534       4407.58    2938.29
Global   42       1020590      24299        3.5        0          165      175625     4735       5081.20    2959.30

[1;1H[2J
Get Statistics
Type     Time(s)  Ops          TPS(ops/s)   Net(M/s)   Get_miss   Min(us)  Max(us)    Avg(us)    Std_dev    Geo_dist  
Period   1        24463        24463        3.3        0          239      60741      4647       4386.23    3017.72
Global   43       1034794      24064        3.4        0          165      175625     4731       5065.03    2959.11

Set Statistics
Type     Time(s)  Ops          TPS(ops/s)   Net(M/s)   Get_miss   Min(us)  Max(us)    Avg(us)    Std_dev    Geo_dist  
Period   1        250          250          0.0        0          389      35051      4804       4212.02    3216.41
Global   43       10509        244          0.0        0          257      130078     4908       5159.16    3122.67

Total Statistics
Type     Time(s)  Ops          TPS(ops/s)   Net(M/s)   Get_miss   Min(us)  Max(us)    Avg(us)    Std_dev    Geo_dist  
Period   1        24713        24713        3.3        0          239      60741      4649       4384.02    3019.67
Global   43       1045303      24309        3.4        0          165      175625     4733       5065.81    2960.71

[1;1H[2J
Get Statistics
Type     Time(s)  Ops          TPS(ops/s)   Net(M/s)   Get_miss   Min(us)  Max(us)    Avg(us)    Std_dev    Geo_dist  
Period   1        25074        25074        3.3        0          257      70492      4561       4347.84    2950.36
Global   44       1059868      24087        3.4        0          165      175625     4727       5049.28    2958.90

Set Statistics
Type     Time(s)  Ops          TPS(ops/s)   Net(M/s)   Get_miss   Min(us)  Max(us)    Avg(us)    Std_dev    Geo_dist  
Period   1        258          258          0.0        0          319      30645      4939       4306.45    3237.27
Global   44       10767        244          0.0        0          257      130078     4909       5139.97    3125.37

Total Statistics
Type     Time(s)  Ops          TPS(ops/s)   Net(M/s)   Get_miss   Min(us)  Max(us)    Avg(us)    Std_dev    Geo_dist  
Period   1        25332        25332        3.3        0          257      70492      4565       4347.34    2953.15
Global   44       1070635      24332        3.5        0          165      175625     4729       5050.07    2960.53

[1;1H[2J
Get Statistics
Type     Time(s)  Ops          TPS(ops/s)   Net(M/s)   Get_miss   Min(us)  Max(us)    Avg(us)    Std_dev    Geo_dist  
Period   1        24363        24363        3.3        0          253      67041      4715       4699.99    2974.75
Global   45       1084231      24094        3.3        0          165      175625     4727       5041.44    2959.26

Set Statistics
Type     Time(s)  Ops          TPS(ops/s)   Net(M/s)   Get_miss   Min(us)  Max(us)    Avg(us)    Std_dev    Geo_dist  
Period   1        239          239          0.0        0          342      66023      4630       5538.37    2873.31
Global   45       11006        244          0.0        0          257      130078     4903       5148.79    3119.67

Total Statistics
Type     Time(s)  Ops          TPS(ops/s)   Net(M/s)   Get_miss   Min(us)  Max(us)    Avg(us)    Std_dev    Geo_dist  
Period   1        24602        24602        3.3        0          253      67041      4714       4708.90    2973.74
Global   45       1095237      24338        3.4        0          165      175625     4729       5042.35    2960.83

[1;1H[2J
Get Statistics
Type     Time(s)  Ops          TPS(ops/s)   Net(M/s)   Get_miss   Min(us)  Max(us)    Avg(us)    Std_dev    Geo_dist  
Period   1        24561        24561        3.3        0          270      55593      4644       4408.65    2945.54
Global   46       1108792      24104        3.4        0          165      175625     4725       5028.46    2958.95

Set Statistics
Type     Time(s)  Ops          TPS(ops/s)   Net(M/s)   Get_miss   Min(us)  Max(us)    Avg(us)    Std_dev    Geo_dist  
Period   1        246          246          0.0        0          330      23623      4628       4539.70    2850.25
Global   46       11252        244          0.0        0          257      130078     4897       5136.21    3113.52

Total Statistics
Type     Time(s)  Ops          TPS(ops/s)   Net(M/s)   Get_miss   Min(us)  Max(us)    Avg(us)    Std_dev    Geo_dist  
Period   1        24807        24807        3.3        0          270      55593      4644       4409.71    2944.58
Global   46       1120044      24348        3.4        0          165      175625     4727       5029.32    2960.47

[1;1H[2J
Get Statistics
Type     Time(s)  Ops          TPS(ops/s)   Net(M/s)   Get_miss   Min(us)  Max(us)    Avg(us)    Std_dev    Geo_dist  
Period   1        24078        24078        3.3        0          279      69146      4750       4815.63    2997.57
Global   47       1132870      24103        3.3        0          165      175625     4726       5023.58    2959.77

Set Statistics
Type     Time(s)  Ops          TPS(ops/s)   Net(M/s)   Get_miss   Min(us)  Max(us)    Avg(us)    Std_dev    Geo_dist  
Period   1        248          248          0.0        0          451      22751      4816       4564.84    3111.92
Global   47       11500        244          0.0        0          257      130078     4895       5124.64    3113.48

Total Statistics
Type     Time(s)  Ops          TPS(ops/s)   Net(M/s)   Get_miss   Min(us)  Max(us)    Avg(us)    Std_dev    Geo_dist  
Period   1        24326        24326        3.3        0          279      69146      4751       4811.89    2997.54
Global   47       1144370      24348        3.3        0          165      175625     4727       5025.29    2961.28

[1;1H[2J
Get Statistics
Type     Time(s)  Ops          TPS(ops/s)   Net(M/s)   Get_miss   Min(us)  Max(us)    Avg(us)    Std_dev    Geo_dist  
Period   1        24883        24883        3.3        0          256      69169      4561       4518.90    2874.43
Global   48       1157753      24119        3.4        0          165      175625     4722       5013.75    2957.91

Set Statistics
Type     Time(s)  Ops          TPS(ops/s)   Net(M/s)   Get_miss   Min(us)  Max(us)    Avg(us)    Std_dev    Geo_dist  
Period   1        257          257          0.0        0          485      46337      4898       4648.25    3263.90
Global   48       11757        244          0.0        0          257      130078     4895       5114.58    3116.69

Total Statistics
Type     Time(s)  Ops          TPS(ops/s)   Net(M/s)   Get_miss   Min(us)  Max(us)    Avg(us)    Std_dev    Geo_dist  
Period   1        25140        25140        3.3        0          256      69169      4565       4519.71    2878.16
Global   48       1169510      24364        3.5        0          165      175625     4724       5014.56    2959.46

[1;1H[2J
Get Statistics
Type     Time(s)  Ops          TPS(ops/s)   Net(M/s)   Get_miss   Min(us)  Max(us)    Avg(us)    Std_dev    Geo_dist  
Period   1        24500        24500        3.3        0          239      86479      4624       4590.18    2928.88
Global   49       1182253      24127        3.4        0          165      175625     4720       5005.33    2957.30

Set Statistics
Type     Time(s)  Ops          TPS(ops/s)   Net(M/s)   Get_miss   Min(us)  Max(us)    Avg(us)    Std_dev    Geo_dist  
Period   1        243          243          0.0        0          393      29074      4802       4352.46    3162.39
Global   49       12000        244          0.0        0          257      130078     4893       5100.25    3117.61

Total Statistics
Type     Time(s)  Ops          TPS(ops/s)   Net(M/s)   Get_miss   Min(us)  Max(us)    Avg(us)    Std_dev    Geo_dist  
Period   1        24743        24743        3.3        0          239      86479      4625       4588.61    2931.08
Global   49       1194253      24372        3.4        0          165      175625     4722       5006.07    2958.87

[1;1H[2J
Get Statistics
Type     Time(s)  Ops          TPS(ops/s)   Net(M/s)   Get_miss   Min(us)  Max(us)    Avg(us)    Std_dev    Geo_dist  
Period   1        24932        24932        3.3        0          254      58766      4573       4310.21    2922.61
Global   50       1207185      24143        3.4        0          165      175625     4717       4991.96    2956.58

Set Statistics
Type     Time(s)  Ops          TPS(ops/s)   Net(M/s)   Get_miss   Min(us)  Max(us)    Avg(us)    Std_dev    Geo_dist  
Period   1        255          255          0.0        0          246      17719      4785       3876.32    3231.81
Global   50       12255        245          0.0        0          246      130078     4891       5077.45    3119.95

Total Statistics
Type     Time(s)  Ops          TPS(ops/s)   Net(M/s)   Get_miss   Min(us)  Max(us)    Avg(us)    Std_dev    Geo_dist  
Period   1        25187        25187        3.3        0          246      58766      4575       4306.17    2925.59
Global   50       1219440      24388        3.5        0          165      175625     4719       4992.62    2958.18

[1;1H[2J
Get Statistics
Type     Time(s)  Ops          TPS(ops/s)   Net(M/s)   Get_miss   Min(us)  Max(us)    Avg(us)    Std_dev    Geo_dist  
Period   1        24561        24561        3.3        0          313      104615     4640       4499.35    2966.16
Global   51       1231746      24151        3.4        0          165      175625     4716       4982.12    2956.77

Set Statistics
Type     Time(s)  Ops          TPS(ops/s)   Net(M/s)   Get_miss   Min(us)  Max(us)    Avg(us)    Std_dev    Geo_dist  
Period   1        241          241          0.0        0          425      29027      4725       4290.50    3062.78
Global   51       12496        245          0.0        0          246      130078     4888       5063.14    3118.83

Total Statistics
Type     Time(s)  Ops          TPS(ops/s)   Net(M/s)   Get_miss   Min(us)  Max(us)    Avg(us)    Std_dev    Geo_dist  
Period   1        24802        24802        3.4        0          313      104615     4641       4497.11    2967.08
Global   51       1244242      24396        3.4        0          165      175625     4717       4983.65    2958.36

[1;1H[2J
Get Statistics
Type     Time(s)  Ops          TPS(ops/s)   Net(M/s)   Get_miss   Min(us)  Max(us)    Avg(us)    Std_dev    Geo_dist  
Period   1        24880        24880        3.3        0          275      122924     4600       5072.14    2856.11
Global   52       1256626      24165        3.4        0          165      175625     4713       4984.60    2954.75

Set Statistics
Type     Time(s)  Ops          TPS(ops/s)   Net(M/s)   Get_miss   Min(us)  Max(us)    Avg(us)    Std_dev    Geo_dist  
Period   1        256          256          0.0        0          378      48236      4513       4813.45    2880.69
Global   52       12752        245          0.0        0          246      130078     4880       5058.80    3113.87

Total Statistics
Type     Time(s)  Ops          TPS(ops/s)   Net(M/s)   Get_miss   Min(us)  Max(us)    Avg(us)    Std_dev    Geo_dist  
Period   1        25136        25136        3.4        0          275      122924     4599       5069.59    2856.36
Global   52       1269378      24411        3.5        0          165      175625     4715       4985.08    2956.30

[1;1H[2J
Get Statistics
Type     Time(s)  Ops          TPS(ops/s)   Net(M/s)   Get_miss   Min(us)  Max(us)    Avg(us)    Std_dev    Geo_dist  
Period   1        24658        24658        3.3        0          209      83087      4627       4605.44    2959.58
Global   53       1281284      24175        3.4        0          165      175625     4712       4976.97    2954.84

Set Statistics
Type     Time(s)  Ops          TPS(ops/s)   Net(M/s)   Get_miss   Min(us)  Max(us)    Avg(us)    Std_dev    Geo_dist  
Period   1        244          244          0.0        0          480      28978      5042       4717.07    3260.67
Global   53       12996        245          0.0        0          246      130078     4883       5052.51    3116.56

Total Statistics
Type     Time(s)  Ops          TPS(ops/s)   Net(M/s)   Get_miss   Min(us)  Max(us)    Avg(us)    Std_dev    Geo_dist  
Period   1        24902        24902        3.4        0          209      83087      4631       4606.70    2962.39
Global   53       1294280      24420        3.4        0          165      175625     4713       4978.44    2956.42

[1;1H[2J
Get Statistics
Type     Time(s)  Ops          TPS(ops/s)   Net(M/s)   Get_miss   Min(us)  Max(us)    Avg(us)    Std_dev    Geo_dist  
Period   1        23734        23734        3.3        0          266      82147      4769       4767.75    2962.08
Global   54       1305018      24167        3.3        0          165      175625     4713       4973.28    2954.97

Set Statistics
Type     Time(s)  Ops          TPS(ops/s)   Net(M/s)   Get_miss   Min(us)  Max(us)    Avg(us)    Std_dev    Geo_dist  
Period   1        246          246          0.0        0          413      43275      4417       4998.17    2700.28
Global   54       13242        245          0.0        0          246      130078     4875       5051.08    3108.27

Total Statistics
Type     Time(s)  Ops          TPS(ops/s)   Net(M/s)   Get_miss   Min(us)  Max(us)    Avg(us)    Std_dev    Geo_dist  
Period   1        23982        23982        3.4        0          266      82147      4765       4770.19    2959.03
Global   54       1318262      24412        3.3        0          165      175625     4714       4974.68    2956.47

[1;1H[2J
Get Statistics
Type     Time(s)  Ops          TPS(ops/s)   Net(M/s)   Get_miss   Min(us)  Max(us)    Avg(us)    Std_dev    Geo_dist  
Period   1        24808        24808        3.3        0          220      60533      4591       4140.90    2957.60
Global   55       1329826      24178        3.4        0          165      175625     4710       4959.75    2955.04

Set Statistics
Type     Time(s)  Ops          TPS(ops/s)   Net(M/s)   Get_miss   Min(us)  Max(us)    Avg(us)    Std_dev    Geo_dist  
Period   1        246          246          0.0        0          444      20446      4848       4078.24    3203.38
Global   55       13488        245          0.0        0          246      130078     4874       5035.39    3109.98

Total Statistics
Type     Time(s)  Ops          TPS(ops/s)   Net(M/s)   Get_miss   Min(us)  Max(us)    Avg(us)    Std_dev    Geo_dist  
Period   1        25052        25052        3.4        0          220      60533      4594       4140.12    2960.99
Global   55       1343314      24423        3.4        0          165      175625     4712       4960.20    2956.55

[1;1H[2J
Get Statistics
Type     Time(s)  Ops          TPS(ops/s)   Net(M/s)   Get_miss   Min(us)  Max(us)    Avg(us)    Std_dev    Geo_dist  
Period   1        24148        24148        3.3        0          238      74267      4691       4471.41    2929.66
Global   56       1353974      24178        3.3        0          165      175625     4710       4951.14    2954.58

Set Statistics
Type     Time(s)  Ops          TPS(ops/s)   Net(M/s)   Get_miss   Min(us)  Max(us)    Avg(us)    Std_dev    Geo_dist  
Period   1        249          249          0.0        0          455      30871      4411       3854.62    2844.93
Global   56       13737        245          0.0        0          246      130078     4866       5016.35    3104.96

Total Statistics
Type     Time(s)  Ops          TPS(ops/s)   Net(M/s)   Get_miss   Min(us)  Max(us)    Avg(us)    Std_dev    Geo_dist  
Period   1        24397        24397        3.4        0          238      74267      4688       4465.72    2928.78
Global   56       1367711      24423        3.4        0          165      175625     4712       4951.41    2956.06

[1;1H[2J
Get Statistics
Type     Time(s)  Ops          TPS(ops/s)   Net(M/s)   Get_miss   Min(us)  Max(us)    Avg(us)    Std_dev    Geo_dist  
Period   1        23459        23459        3.3        0          286      43539      4811       4325.45    3038.41
Global   57       1377433      24165        3.2        0          165      175625     4712       4940.89    2955.99

Set Statistics
Type     Time(s)  Ops          TPS(ops/s)   Net(M/s)   Get_miss   Min(us)  Max(us)    Avg(us)    Std_dev    Geo_dist  
Period   1        236          236          0.0        0          419      35689      5269       4434.96    3437.31
Global   57       13973        245          0.0        0          246      130078     4873       5007.03    3110.30

Total Statistics
Type     Time(s)  Ops          TPS(ops/s)   Net(M/s)   Get_miss   Min(us)  Max(us)    Avg(us)    Std_dev    Geo_dist  
Period   1        23695        23695        3.4        0          286      43539      4816       4326.21    3042.14
Global   57       1391406      24410        3.3        0          165      175625     4713       4942.18    2957.50

[1;1H[2J
Get Statistics
Type     Time(s)  Ops          TPS(ops/s)   Net(M/s)   Get_miss   Min(us)  Max(us)    Avg(us)    Std_dev    Geo_dist  
Period   1        24141        24141        3.3        0          268      73956      4686       4510.32    2968.90
Global   58       1401574      24165        3.3        0          165      175625     4711       4934.32    2956.21

Set Statistics
Type     Time(s)  Ops          TPS(ops/s)   Net(M/s)   Get_miss   Min(us)  Max(us)    Avg(us)    Std_dev    Geo_dist  
Period   1        252          252          0.0        0          427      32233      5159       4996.63    3198.63
Global   58       14225        245          0.0        0          246      130078     4878       5006.88    3111.84

Total Statistics
Type     Time(s)  Ops          TPS(ops/s)   Net(M/s)   Get_miss   Min(us)  Max(us)    Avg(us)    Std_dev    Geo_dist  
Period   1        24393        24393        3.4        0          268      73956      4691       4515.63    2971.19
Global   58       1415799      24410        3.3        0          165      175625     4713       4934.78    2957.74

[1;1H[2J
Get Statistics
Type     Time(s)  Ops          TPS(ops/s)   Net(M/s)   Get_miss   Min(us)  Max(us)    Avg(us)    Std_dev    Geo_dist  
Period   1        24223        24223        3.3        0          265      67321      4737       4545.52    2952.19
Global   59       1425797      24166        3.3        0          165      175625     4712       4927.44    2956.14

Set Statistics
Type     Time(s)  Ops          TPS(ops/s)   Net(M/s)   Get_miss   Min(us)  Max(us)    Avg(us)    Std_dev    Geo_dist  
Period   1        233          233          0.0        0          385      47904      5207       5086.60    3228.09
Global   59       14458        245          0.0        0          246      130078     4883       5008.46    3113.68

Total Statistics
Type     Time(s)  Ops          TPS(ops/s)   Net(M/s)   Get_miss   Min(us)  Max(us)    Avg(us)    Std_dev    Geo_dist  
Period   1        24458        24458        3.4        0          265      67321      4741       4551.23    2954.60
Global   59       1440257      24411        3.4        0          165      175625     4714       4928.01    2957.68

[1;1H[2J
Get Statistics
Type     Time(s)  Ops          TPS(ops/s)   Net(M/s)   Get_miss   Min(us)  Max(us)    Avg(us)    Std_dev    Geo_dist  
Period   1        24390        24390        3.3        0          285      49413      4657       4191.53    2986.88
Global   60       1450187      24169        3.3        0          165      175625     4711       4916.05    2956.67

Set Statistics
Type     Time(s)  Ops          TPS(ops/s)   Net(M/s)   Get_miss   Min(us)  Max(us)    Avg(us)    Std_dev    Geo_dist  
Period   1        256          256          0.0        0          453      19999      4772       3824.29    3206.78
Global   60       14714        245          0.0        0          246      130078     4881       4990.25    3115.28

Total Statistics
Type     Time(s)  Ops          TPS(ops/s)   Net(M/s)   Get_miss   Min(us)  Max(us)    Avg(us)    Std_dev    Geo_dist  
Period   1        24646        24646        3.4        0          285      49413      4659       4187.55    2988.53
Global   60       1464903      24415        3.4        0          165      175625     4713       4916.55    2958.23

Get Statistics (1450305 events)
   Min:       165
   Max:    175625
   Avg:      4711
   Geo:   2956.86
   Std:   4916.41
   Log2 Dist:
       8:       75    14725   243249   381080
      12:   191464   354370   237878    22659
      16:     4262      518       25

Set Statistics (14714 events)
   Min:       246
   Max:    130078
   Avg:      4881
   Geo:   3115.28
   Std:   4990.25
   Log2 Dist:
       8:        1      124     2101     3897
      12:     2127     3517     2657      234
      16:       51        5

Total Statistics (1465019 events)
   Min:       165
   Max:    175625
   Avg:      4713
   Geo:   2958.41
   Std:   4916.90
   Log2 Dist:
       8:       76    14849   245350   384977
      12:   193591   357887   240535    22893
      16:     4313      523       25

cmd_get: 1450421
cmd_set: 14714
get_misses: 0
written_bytes: 34260950
read_bytes: 239418037
object_bytes: 2118816

Run time: 60.3s Ops: 1465135 TPS: 24316 Net_rate: 4.3M/s
