servers : 10.0.0.7:9000
threads count: 39
concurrency: 39
run time: 60s
windows size: 10k
set proportion: set_prop=0.01
get proportion: get_prop=0.99
[1;1H[2J
Get Statistics
Type     Time(s)  Ops          TPS(ops/s)   Net(M/s)   Get_miss   Min(us)  Max(us)    Avg(us)    Std_dev    Geo_dist  
Period   1        17514        17514        2.4        0          232      15684      2183       2460.38    1384.93
Global   1        17514        17514        2.4        0          232      15684      2183       2460.38    1384.93

Set Statistics
Type     Time(s)  Ops          TPS(ops/s)   Net(M/s)   Get_miss   Min(us)  Max(us)    Avg(us)    Std_dev    Geo_dist  
Period   1        195          195          0.0        0          351      8727       2408       2186.54    1702.28
Global   1        195          195          0.0        0          351      8727       2408       2186.54    1702.28

Total Statistics
Type     Time(s)  Ops          TPS(ops/s)   Net(M/s)   Get_miss   Min(us)  Max(us)    Avg(us)    Std_dev    Geo_dist  
Period   1        17709        17709        2.4        0          232      15684      2185       2458.01    1388.08
Global   1        17709        17709        2.4        0          232      15684      2185       2458.01    1388.08

[1;1H[2J
Get Statistics
Type     Time(s)  Ops          TPS(ops/s)   Net(M/s)   Get_miss   Min(us)  Max(us)    Avg(us)    Std_dev    Geo_dist  
Period   1        18652        18652        2.5        0          239      13431      2063       2332.45    1322.90
Global   2        36166        18083        2.6        0          232      15684      2121       2396.07    1352.58

Set Statistics
Type     Time(s)  Ops          TPS(ops/s)   Net(M/s)   Get_miss   Min(us)  Max(us)    Avg(us)    Std_dev    Geo_dist  
Period   1        194          194          0.0        0          360      8903       2119       2441.49    1318.11
Global   2        389          194          0.0        0          351      8903       2264       2318.60    1498.42

Total Statistics
Type     Time(s)  Ops          TPS(ops/s)   Net(M/s)   Get_miss   Min(us)  Max(us)    Avg(us)    Std_dev    Geo_dist  
Period   1        18846        18846        2.5        0          239      13431      2064       2333.16    1322.85
Global   2        36555        18277        2.6        0          232      15684      2123       2394.85    1354.06

[1;1H[2J
Get Statistics
Type     Time(s)  Ops          TPS(ops/s)   Net(M/s)   Get_miss   Min(us)  Max(us)    Avg(us)    Std_dev    Geo_dist  
Period   1        18014        18014        2.5        0          207      42097      2143       3008.88    1303.27
Global   3        54180        18060        2.5        0          207      42097      2129       2615.23    1335.98

Set Statistics
Type     Time(s)  Ops          TPS(ops/s)   Net(M/s)   Get_miss   Min(us)  Max(us)    Avg(us)    Std_dev    Geo_dist  
Period   1        175          175          0.0        0          290      11924      1785       2097.19    1206.88
Global   3        564          188          0.0        0          290      11924      2115       2261.63    1401.12

Total Statistics
Type     Time(s)  Ops          TPS(ops/s)   Net(M/s)   Get_miss   Min(us)  Max(us)    Avg(us)    Std_dev    Geo_dist  
Period   1        18191        18191        2.5        0          207      42097      2141       3001.57    1302.57
Global   3        54746        18248        2.5        0          207      42097      2129       2612.10    1336.73

[1;1H[2J
Get Statistics
Type     Time(s)  Ops          TPS(ops/s)   Net(M/s)   Get_miss   Min(us)  Max(us)    Avg(us)    Std_dev    Geo_dist  
Period   1        18342        18342        2.5        0          177      12139      2107       2414.28    1329.31
Global   4        72522        18130        2.5        0          177      42097      2123       2566.44    1334.46

Set Statistics
Type     Time(s)  Ops          TPS(ops/s)   Net(M/s)   Get_miss   Min(us)  Max(us)    Avg(us)    Std_dev    Geo_dist  
Period   1        187          187          0.0        0          310      11651      2542       2797.20    1490.89
Global   4        751          187          0.0        0          290      11924      2221       2411.56    1422.96

Total Statistics
Type     Time(s)  Ops          TPS(ops/s)   Net(M/s)   Get_miss   Min(us)  Max(us)    Avg(us)    Std_dev    Geo_dist  
Period   1        18527        18527        2.5        0          177      12139      2111       2418.56    1331.24
Global   4        73273        18318        2.5        0          177      42097      2124       2564.91    1335.34

[1;1H[2J
Get Statistics
Type     Time(s)  Ops          TPS(ops/s)   Net(M/s)   Get_miss   Min(us)  Max(us)    Avg(us)    Std_dev    Geo_dist  
Period   1        18634        18634        2.5        0          188      11332      2075       2345.28    1335.62
Global   5        91156        18231        2.6        0          177      42097      2113       2523.03    1334.70

Set Statistics
Type     Time(s)  Ops          TPS(ops/s)   Net(M/s)   Get_miss   Min(us)  Max(us)    Avg(us)    Std_dev    Geo_dist  
Period   1        190          190          0.0        0          298      9059       1979       2161.48    1346.31
Global   5        941          188          0.0        0          290      11924      2172       2364.22    1407.14

Total Statistics
Type     Time(s)  Ops          TPS(ops/s)   Net(M/s)   Get_miss   Min(us)  Max(us)    Avg(us)    Std_dev    Geo_dist  
Period   1        18824        18824        2.5        0          188      11332      2074       2343.49    1335.73
Global   5        92097        18419        2.6        0          177      42097      2114       2521.12    1335.42

[1;1H[2J
Get Statistics
Type     Time(s)  Ops          TPS(ops/s)   Net(M/s)   Get_miss   Min(us)  Max(us)    Avg(us)    Std_dev    Geo_dist  
Period   1        17941        17941        2.5        0          189      18500      2148       2463.47    1367.68
Global   6        109097       18182        2.5        0          177      42097      2119       2513.15    1340.07

Set Statistics
Type     Time(s)  Ops          TPS(ops/s)   Net(M/s)   Get_miss   Min(us)  Max(us)    Avg(us)    Std_dev    Geo_dist  
Period   1        180          180          0.0        0          249      9283       2342       2501.13    1504.44
Global   6        1121         186          0.0        0          249      11924      2200       2385.75    1422.33

Total Statistics
Type     Time(s)  Ops          TPS(ops/s)   Net(M/s)   Get_miss   Min(us)  Max(us)    Avg(us)    Std_dev    Geo_dist  
Period   1        18123        18123        2.5        0          189      18500      2150       2464.12    1368.56
Global   6        110220       18370        2.5        0          177      42097      2120       2511.79    1340.81

[1;1H[2J
Get Statistics
Type     Time(s)  Ops          TPS(ops/s)   Net(M/s)   Get_miss   Min(us)  Max(us)    Avg(us)    Std_dev    Geo_dist  
Period   1        17615        17615        2.5        0          212      15462      2187       2456.05    1375.26
Global   7        126712       18101        2.4        0          177      42097      2129       2505.00    1345.00

Set Statistics
Type     Time(s)  Ops          TPS(ops/s)   Net(M/s)   Get_miss   Min(us)  Max(us)    Avg(us)    Std_dev    Geo_dist  
Period   1        177          177          0.0        0          318      13458      2353       2655.14    1422.49
Global   7        1298         185          0.0        0          249      13458      2221       2423.60    1422.35

Total Statistics
Type     Time(s)  Ops          TPS(ops/s)   Net(M/s)   Get_miss   Min(us)  Max(us)    Avg(us)    Std_dev    Geo_dist  
Period   1        17790        17790        2.5        0          212      15462      2188       2458.32    1376.16
Global   7        128010       18287        2.4        0          177      42097      2129       2504.99    1345.76

[1;1H[2J
Get Statistics
Type     Time(s)  Ops          TPS(ops/s)   Net(M/s)   Get_miss   Min(us)  Max(us)    Avg(us)    Std_dev    Geo_dist  
Period   1        18569        18569        2.5        0          193      12719      2077       2362.88    1323.78
Global   8        145281       18160        2.6        0          177      42097      2122       2487.65    1342.27

Set Statistics
Type     Time(s)  Ops          TPS(ops/s)   Net(M/s)   Get_miss   Min(us)  Max(us)    Avg(us)    Std_dev    Geo_dist  
Period   1        189          189          0.0        0          315      8985       2075       2298.85    1347.86
Global   8        1487         185          0.0        0          249      13458      2202       2408.25    1412.66

Total Statistics
Type     Time(s)  Ops          TPS(ops/s)   Net(M/s)   Get_miss   Min(us)  Max(us)    Avg(us)    Std_dev    Geo_dist  
Period   1        18758        18758        2.5        0          193      12719      2077       2362.17    1324.02
Global   8        146768       18346        2.6        0          177      42097      2123       2486.70    1342.96

[1;1H[2J
Get Statistics
Type     Time(s)  Ops          TPS(ops/s)   Net(M/s)   Get_miss   Min(us)  Max(us)    Avg(us)    Std_dev    Geo_dist  
Period   1        17511        17511        2.5        0          200      27051      2201       2714.55    1320.93
Global   9        162792       18088        2.4        0          177      42097      2131       2512.72    1339.96

Set Statistics
Type     Time(s)  Ops          TPS(ops/s)   Net(M/s)   Get_miss   Min(us)  Max(us)    Avg(us)    Std_dev    Geo_dist  
Period   1        177          177          0.0        0          319      24545      2591       3216.37    1507.27
Global   9        1664         184          0.0        0          249      24545      2243       2508.65    1422.43

Total Statistics
Type     Time(s)  Ops          TPS(ops/s)   Net(M/s)   Get_miss   Min(us)  Max(us)    Avg(us)    Std_dev    Geo_dist  
Period   1        17688        17688        2.5        0          200      27051      2205       2720.12    1322.67
Global   9        164456       18272        2.4        0          177      42097      2132       2512.81    1340.77

[1;1H[2J
Get Statistics
Type     Time(s)  Ops          TPS(ops/s)   Net(M/s)   Get_miss   Min(us)  Max(us)    Avg(us)    Std_dev    Geo_dist  
Period   1        17797        17797        2.5        0          163      18943      2173       2372.53    1349.96
Global   10       180589       18058        2.4        0          163      42097      2135       2499.40    1340.94

Set Statistics
Type     Time(s)  Ops          TPS(ops/s)   Net(M/s)   Get_miss   Min(us)  Max(us)    Avg(us)    Std_dev    Geo_dist  
Period   1        182          182          0.0        0          256      9173       2155       2231.68    1356.62
Global   10       1846         184          0.0        0          249      24545      2235       2481.69    1415.80

Total Statistics
Type     Time(s)  Ops          TPS(ops/s)   Net(M/s)   Get_miss   Min(us)  Max(us)    Avg(us)    Std_dev    Geo_dist  
Period   1        17979        17979        2.5        0          163      18943      2173       2370.92    1350.02
Global   10       182435       18243        2.5        0          163      42097      2136       2499.24    1341.68

[1;1H[2J
Get Statistics
Type     Time(s)  Ops          TPS(ops/s)   Net(M/s)   Get_miss   Min(us)  Max(us)    Avg(us)    Std_dev    Geo_dist  
Period   1        19024        19024        2.5        0          203      12472      2030       2369.65    1280.47
Global   11       199613       18146        2.6        0          163      42097      2125       2487.50    1335.05

Set Statistics
Type     Time(s)  Ops          TPS(ops/s)   Net(M/s)   Get_miss   Min(us)  Max(us)    Avg(us)    Std_dev    Geo_dist  
Period   1        191          191          0.0        0          369      9126       1963       2282.88    1270.30
Global   11       2037         185          0.0        0          249      24545      2209       2464.92    1401.48

Total Statistics
Type     Time(s)  Ops          TPS(ops/s)   Net(M/s)   Get_miss   Min(us)  Max(us)    Avg(us)    Std_dev    Geo_dist  
Period   1        19215        19215        2.5        0          203      12472      2029       2368.97    1279.85
Global   11       201650       18331        2.6        0          163      42097      2126       2487.16    1335.71

[1;1H[2J
Get Statistics
Type     Time(s)  Ops          TPS(ops/s)   Net(M/s)   Get_miss   Min(us)  Max(us)    Avg(us)    Std_dev    Geo_dist  
Period   1        18720        18720        2.5        0          211      13637      2052       2301.71    1323.78
Global   12       218333       18194        2.6        0          163      42097      2118       2472.84    1334.08

Set Statistics
Type     Time(s)  Ops          TPS(ops/s)   Net(M/s)   Get_miss   Min(us)  Max(us)    Avg(us)    Std_dev    Geo_dist  
Period   1        190          190          0.0        0          372      9208       2197       2356.40    1416.51
Global   12       2227         185          0.0        0          249      24545      2208       2455.32    1402.76

Total Statistics
Type     Time(s)  Ops          TPS(ops/s)   Net(M/s)   Get_miss   Min(us)  Max(us)    Avg(us)    Std_dev    Geo_dist  
Period   1        18910        18910        2.5        0          211      13637      2053       2302.65    1324.68
Global   12       220560       18380        2.6        0          163      42097      2119       2472.59    1334.76

[1;1H[2J
Get Statistics
Type     Time(s)  Ops          TPS(ops/s)   Net(M/s)   Get_miss   Min(us)  Max(us)    Avg(us)    Std_dev    Geo_dist  
Period   1        17468        17468        2.5        0          187      33765      2212       2892.32    1320.69
Global   13       235801       18138        2.4        0          163      42097      2125       2506.40    1333.09

Set Statistics
Type     Time(s)  Ops          TPS(ops/s)   Net(M/s)   Get_miss   Min(us)  Max(us)    Avg(us)    Std_dev    Geo_dist  
Period   1        175          175          0.0        0          329      13328      2351       2795.87    1400.75
Global   13       2402         184          0.0        0          249      24545      2219       2480.82    1402.61

Total Statistics
Type     Time(s)  Ops          TPS(ops/s)   Net(M/s)   Get_miss   Min(us)  Max(us)    Avg(us)    Std_dev    Geo_dist  
Period   1        17644        17644        2.5        0          187      33765      2213       2891.50    1321.40
Global   13       238204       18323        2.4        0          163      42097      2126       2506.10    1333.77

[1;1H[2J
Get Statistics
Type     Time(s)  Ops          TPS(ops/s)   Net(M/s)   Get_miss   Min(us)  Max(us)    Avg(us)    Std_dev    Geo_dist  
Period   1        17698        17698        2.5        0          219      11133      2170       2485.29    1333.67
Global   14       253499       18107        2.4        0          163      42097      2128       2505.08    1333.16

Set Statistics
Type     Time(s)  Ops          TPS(ops/s)   Net(M/s)   Get_miss   Min(us)  Max(us)    Avg(us)    Std_dev    Geo_dist  
Period   1        177          177          0.0        0          351      8867       2461       2681.88    1509.28
Global   14       2579         184          0.0        0          249      24545      2235       2495.88    1409.68

Total Statistics
Type     Time(s)  Ops          TPS(ops/s)   Net(M/s)   Get_miss   Min(us)  Max(us)    Avg(us)    Std_dev    Geo_dist  
Period   1        17874        17874        2.5        0          219      11133      2173       2487.42    1335.36
Global   14       256078       18291        2.5        0          163      42097      2130       2504.22    1333.91

[1;1H[2J
Get Statistics
Type     Time(s)  Ops          TPS(ops/s)   Net(M/s)   Get_miss   Min(us)  Max(us)    Avg(us)    Std_dev    Geo_dist  
Period   1        17715        17715        2.5        0          203      14813      2180       2453.58    1378.90
Global   15       271214       18080        2.4        0          163      42097      2132       2501.26    1336.10

Set Statistics
Type     Time(s)  Ops          TPS(ops/s)   Net(M/s)   Get_miss   Min(us)  Max(us)    Avg(us)    Std_dev    Geo_dist  
Period   1        178          178          0.0        0          349      9222       2040       2267.63    1349.00
Global   15       2757         183          0.0        0          249      24545      2223       2481.33    1405.69

Total Statistics
Type     Time(s)  Ops          TPS(ops/s)   Net(M/s)   Get_miss   Min(us)  Max(us)    Avg(us)    Std_dev    Geo_dist  
Period   1        17893        17893        2.5        0          203      14813      2179       2451.44    1378.60
Global   15       273971       18264        2.5        0          163      42097      2133       2501.00    1336.79

[1;1H[2J
Get Statistics
Type     Time(s)  Ops          TPS(ops/s)   Net(M/s)   Get_miss   Min(us)  Max(us)    Avg(us)    Std_dev    Geo_dist  
Period   1        17369        17369        2.5        0          238      18569      2237       2562.43    1379.40
Global   16       288583       18036        2.4        0          163      42097      2138       2505.38    1338.67

Set Statistics
Type     Time(s)  Ops          TPS(ops/s)   Net(M/s)   Get_miss   Min(us)  Max(us)    Avg(us)    Std_dev    Geo_dist  
Period   1        177          177          0.0        0          272      10601      2365       2593.01    1476.17
Global   16       2934         183          0.0        0          249      24545      2231       2488.49    1409.84

Total Statistics
Type     Time(s)  Ops          TPS(ops/s)   Net(M/s)   Get_miss   Min(us)  Max(us)    Avg(us)    Std_dev    Geo_dist  
Period   1        17546        17546        2.5        0          238      18569      2239       2562.08    1380.34
Global   16       291517       18219        2.4        0          163      42097      2139       2505.17    1339.37

[1;1H[2J
Get Statistics
Type     Time(s)  Ops          TPS(ops/s)   Net(M/s)   Get_miss   Min(us)  Max(us)    Avg(us)    Std_dev    Geo_dist  
Period   1        18356        18356        2.5        0          208      11942      2095       2353.58    1335.22
Global   17       306939       18055        2.5        0          163      42097      2136       2496.09    1338.46

Set Statistics
Type     Time(s)  Ops          TPS(ops/s)   Net(M/s)   Get_miss   Min(us)  Max(us)    Avg(us)    Std_dev    Geo_dist  
Period   1        188          188          0.0        0          299      7897       2194       2308.31    1415.00
Global   17       3122         183          0.0        0          249      24545      2229       2477.48    1410.15

Total Statistics
Type     Time(s)  Ops          TPS(ops/s)   Net(M/s)   Get_miss   Min(us)  Max(us)    Avg(us)    Std_dev    Geo_dist  
Period   1        18544        18544        2.5        0          208      11942      2096       2353.08    1336.01
Global   17       310061       18238        2.5        0          163      42097      2137       2495.86    1339.17

[1;1H[2J
Get Statistics
Type     Time(s)  Ops          TPS(ops/s)   Net(M/s)   Get_miss   Min(us)  Max(us)    Avg(us)    Std_dev    Geo_dist  
Period   1        18805        18805        2.5        0          204      18938      2052       2224.54    1358.96
Global   18       325744       18096        2.6        0          163      42097      2131       2481.42    1339.64

Set Statistics
Type     Time(s)  Ops          TPS(ops/s)   Net(M/s)   Get_miss   Min(us)  Max(us)    Avg(us)    Std_dev    Geo_dist  
Period   1        185          185          0.0        0          372      11068      2126       2283.63    1430.83
Global   18       3307         183          0.0        0          249      24545      2223       2467.04    1411.30

Total Statistics
Type     Time(s)  Ops          TPS(ops/s)   Net(M/s)   Get_miss   Min(us)  Max(us)    Avg(us)    Std_dev    Geo_dist  
Period   1        18990        18990        2.5        0          204      18938      2053       2224.82    1359.64
Global   18       329051       18280        2.6        0          163      42097      2132       2481.23    1340.34

[1;1H[2J
Get Statistics
Type     Time(s)  Ops          TPS(ops/s)   Net(M/s)   Get_miss   Min(us)  Max(us)    Avg(us)    Std_dev    Geo_dist  
Period   1        18045        18045        2.5        0          195      33281      2131       2680.42    1394.43
Global   19       343789       18094        2.5        0          163      42097      2131       2492.26    1342.46

Set Statistics
Type     Time(s)  Ops          TPS(ops/s)   Net(M/s)   Get_miss   Min(us)  Max(us)    Avg(us)    Std_dev    Geo_dist  
Period   1        186          186          0.0        0          367      9926       1861       1979.65    1313.53
Global   19       3493         183          0.0        0          249      24545      2204       2444.40    1405.91

Total Statistics
Type     Time(s)  Ops          TPS(ops/s)   Net(M/s)   Get_miss   Min(us)  Max(us)    Avg(us)    Std_dev    Geo_dist  
Period   1        18231        18231        2.5        0          195      33281      2128       2674.49    1393.57
Global   19       347282       18278        2.5        0          163      42097      2131       2492.42    1343.08

[1;1H[2J
Get Statistics
Type     Time(s)  Ops          TPS(ops/s)   Net(M/s)   Get_miss   Min(us)  Max(us)    Avg(us)    Std_dev    Geo_dist  
Period   1        20110        20110        2.5        0          191      14617      1915       2031.64    1339.49
Global   20       363899       18194        2.8        0          163      42097      2119       2469.59    1342.29

Set Statistics
Type     Time(s)  Ops          TPS(ops/s)   Net(M/s)   Get_miss   Min(us)  Max(us)    Avg(us)    Std_dev    Geo_dist  
Period   1        200          200          0.0        0          492      10160      1990       1956.41    1432.61
Global   20       3693         184          0.0        0          249      24545      2192       2421.13    1407.35

Total Statistics
Type     Time(s)  Ops          TPS(ops/s)   Net(M/s)   Get_miss   Min(us)  Max(us)    Avg(us)    Std_dev    Geo_dist  
Period   1        20310        20310        2.5        0          191      14617      1916       2030.64    1340.38
Global   20       367592       18379        2.8        0          163      42097      2120       2468.89    1342.93

[1;1H[2J
Get Statistics
Type     Time(s)  Ops          TPS(ops/s)   Net(M/s)   Get_miss   Min(us)  Max(us)    Avg(us)    Std_dev    Geo_dist  
Period   1        17904        17904        2.5        0          219      21945      2149       2344.29    1415.03
Global   21       381803       18181        2.5        0          163      42097      2120       2464.21    1345.62

Set Statistics
Type     Time(s)  Ops          TPS(ops/s)   Net(M/s)   Get_miss   Min(us)  Max(us)    Avg(us)    Std_dev    Geo_dist  
Period   1        181          181          0.0        0          360      16159      2118       2392.73    1420.02
Global   21       3874         184          0.0        0          249      24545      2189       2419.14    1407.94

Total Statistics
Type     Time(s)  Ops          TPS(ops/s)   Net(M/s)   Get_miss   Min(us)  Max(us)    Avg(us)    Std_dev    Geo_dist  
Period   1        18085        18085        2.5        0          219      21945      2149       2344.43    1415.08
Global   21       385677       18365        2.5        0          163      42097      2121       2463.51    1346.23

[1;1H[2J
Get Statistics
Type     Time(s)  Ops          TPS(ops/s)   Net(M/s)   Get_miss   Min(us)  Max(us)    Avg(us)    Std_dev    Geo_dist  
Period   1        17271        17271        2.5        0          194      12828      2249       2417.36    1451.42
Global   22       399074       18139        2.4        0          163      42097      2126       2461.98    1350.04

Set Statistics
Type     Time(s)  Ops          TPS(ops/s)   Net(M/s)   Get_miss   Min(us)  Max(us)    Avg(us)    Std_dev    Geo_dist  
Period   1        173          173          0.0        0          319      7525       2222       2187.69    1503.54
Global   22       4047         183          0.0        0          249      24545      2190       2409.84    1411.90

Total Statistics
Type     Time(s)  Ops          TPS(ops/s)   Net(M/s)   Get_miss   Min(us)  Max(us)    Avg(us)    Std_dev    Geo_dist  
Period   1        17446        17446        2.5        0          194      12828      2249       2414.65    1451.86
Global   22       403123       18323        2.4        0          163      42097      2126       2462.01    1350.64

[1;1H[2J
Get Statistics
Type     Time(s)  Ops          TPS(ops/s)   Net(M/s)   Get_miss   Min(us)  Max(us)    Avg(us)    Std_dev    Geo_dist  
Period   1        17696        17696        2.5        0          186      16373      2182       2428.10    1393.83
Global   23       416770       18120        2.4        0          163      42097      2128       2460.90    1351.91

Set Statistics
Type     Time(s)  Ops          TPS(ops/s)   Net(M/s)   Get_miss   Min(us)  Max(us)    Avg(us)    Std_dev    Geo_dist  
Period   1        181          181          0.0        0          371      10007      2052       2401.51    1301.78
Global   23       4228         183          0.0        0          249      24545      2184       2409.45    1407.00

Total Statistics
Type     Time(s)  Ops          TPS(ops/s)   Net(M/s)   Get_miss   Min(us)  Max(us)    Avg(us)    Std_dev    Geo_dist  
Period   1        17875        17875        2.5        0          186      16373      2181       2427.75    1393.46
Global   23       420998       18304        2.5        0          163      42097      2129       2460.02    1352.45

[1;1H[2J
Get Statistics
Type     Time(s)  Ops          TPS(ops/s)   Net(M/s)   Get_miss   Min(us)  Max(us)    Avg(us)    Std_dev    Geo_dist  
Period   1        19785        19785        2.5        0          172      11718      1951       2187.99    1266.05
Global   24       436555       18189        2.7        0          163      42097      2120       2449.45    1347.90

Set Statistics
Type     Time(s)  Ops          TPS(ops/s)   Net(M/s)   Get_miss   Min(us)  Max(us)    Avg(us)    Std_dev    Geo_dist  
Period   1        203          203          0.0        0          322      8388       1734       1934.55    1185.44
Global   24       4431         184          0.0        0          249      24545      2164       2390.87    1395.99

Total Statistics
Type     Time(s)  Ops          TPS(ops/s)   Net(M/s)   Get_miss   Min(us)  Max(us)    Avg(us)    Std_dev    Geo_dist  
Period   1        19988        19988        2.5        0          172      11718      1949       2185.45    1265.20
Global   24       440986       18374        2.7        0          163      42097      2121       2448.38    1348.37

[1;1H[2J
Get Statistics
Type     Time(s)  Ops          TPS(ops/s)   Net(M/s)   Get_miss   Min(us)  Max(us)    Avg(us)    Std_dev    Geo_dist  
Period   1        18433        18433        2.5        0          180      13033      2101       2331.85    1348.68
Global   25       454988       18199        2.5        0          163      42097      2119       2444.99    1347.93

Set Statistics
Type     Time(s)  Ops          TPS(ops/s)   Net(M/s)   Get_miss   Min(us)  Max(us)    Avg(us)    Std_dev    Geo_dist  
Period   1        184          184          0.0        0          356      10106      2432       2518.38    1544.74
Global   25       4615         184          0.0        0          249      24545      2175       2396.08    1401.64

Total Statistics
Type     Time(s)  Ops          TPS(ops/s)   Net(M/s)   Get_miss   Min(us)  Max(us)    Avg(us)    Std_dev    Geo_dist  
Period   1        18617        18617        2.5        0          180      13033      2104       2334.17    1350.49
Global   25       459603       18384        2.6        0          163      42097      2120       2444.13    1348.46

[1;1H[2J
Get Statistics
Type     Time(s)  Ops          TPS(ops/s)   Net(M/s)   Get_miss   Min(us)  Max(us)    Avg(us)    Std_dev    Geo_dist  
Period   1        17871        17871        2.5        0          218      12656      2145       2253.57    1429.98
Global   26       472859       18186        2.5        0          163      42097      2120       2438.02    1350.94

Set Statistics
Type     Time(s)  Ops          TPS(ops/s)   Net(M/s)   Get_miss   Min(us)  Max(us)    Avg(us)    Std_dev    Geo_dist  
Period   1        183          183          0.0        0          360      9726       2466       2529.35    1598.10
Global   26       4798         184          0.0        0          249      24545      2186       2401.76    1408.67

Total Statistics
Type     Time(s)  Ops          TPS(ops/s)   Net(M/s)   Get_miss   Min(us)  Max(us)    Avg(us)    Std_dev    Geo_dist  
Period   1        18054        18054        2.5        0          218      12656      2148       2256.92    1431.60
Global   26       477657       18371        2.5        0          163      42097      2121       2437.37    1351.51

[1;1H[2J
Get Statistics
Type     Time(s)  Ops          TPS(ops/s)   Net(M/s)   Get_miss   Min(us)  Max(us)    Avg(us)    Std_dev    Geo_dist  
Period   1        18016        18016        2.5        0          195      20849      2160       2371.16    1409.75
Global   27       490875       18180        2.5        0          163      42097      2122       2435.14    1353.06

Set Statistics
Type     Time(s)  Ops          TPS(ops/s)   Net(M/s)   Get_miss   Min(us)  Max(us)    Avg(us)    Std_dev    Geo_dist  
Period   1        181          181          0.0        0          315      14851      1934       2110.05    1346.21
Global   27       4979         184          0.0        0          249      24545      2177       2391.91    1406.35

Total Statistics
Type     Time(s)  Ops          TPS(ops/s)   Net(M/s)   Get_miss   Min(us)  Max(us)    Avg(us)    Std_dev    Geo_dist  
Period   1        18198        18198        2.5        0          195      20849      2157       2369.33    1409.07
Global   27       495855       18365        2.5        0          163      42097      2122       2435.20    1353.58

[1;1H[2J
Get Statistics
Type     Time(s)  Ops          TPS(ops/s)   Net(M/s)   Get_miss   Min(us)  Max(us)    Avg(us)    Std_dev    Geo_dist  
Period   1        19098        19098        2.5        0          188      12778      2012       2273.94    1311.87
Global   28       509973       18213        2.6        0          163      42097      2118       2429.28    1351.49

Set Statistics
Type     Time(s)  Ops          TPS(ops/s)   Net(M/s)   Get_miss   Min(us)  Max(us)    Avg(us)    Std_dev    Geo_dist  
Period   1        191          191          0.0        0          325      8565       1983       2138.03    1336.40
Global   28       5170         184          0.0        0          249      24545      2169       2383.86    1403.70

Total Statistics
Type     Time(s)  Ops          TPS(ops/s)   Net(M/s)   Get_miss   Min(us)  Max(us)    Avg(us)    Std_dev    Geo_dist  
Period   1        19288        19288        2.5        0          188      12778      2012       2272.43    1312.14
Global   28       515143       18397        2.6        0          163      42097      2118       2429.28    1352.01

[1;1H[2J
Get Statistics
Type     Time(s)  Ops          TPS(ops/s)   Net(M/s)   Get_miss   Min(us)  Max(us)    Avg(us)    Std_dev    Geo_dist  
Period   1        18745        18745        2.5        0          231      15667      2054       2323.62    1333.39
Global   29       528718       18231        2.6        0          163      42097      2115       2426.28    1350.85

Set Statistics
Type     Time(s)  Ops          TPS(ops/s)   Net(M/s)   Get_miss   Min(us)  Max(us)    Avg(us)    Std_dev    Geo_dist  
Period   1        193          193          0.0        0          301      11182      2275       2560.79    1395.76
Global   29       5363         184          0.0        0          249      24545      2173       2390.12    1403.42

Total Statistics
Type     Time(s)  Ops          TPS(ops/s)   Net(M/s)   Get_miss   Min(us)  Max(us)    Avg(us)    Std_dev    Geo_dist  
Period   1        18938        18938        2.5        0          231      15667      2056       2326.42    1334.01
Global   29       534081       18416        2.6        0          163      42097      2116       2425.56    1351.36

[1;1H[2J
Get Statistics
Type     Time(s)  Ops          TPS(ops/s)   Net(M/s)   Get_miss   Min(us)  Max(us)    Avg(us)    Std_dev    Geo_dist  
Period   1        17722        17722        2.5        0          234      11997      2187       2341.83    1431.83
Global   30       546440       18214        2.4        0          163      42097      2118       2423.04    1353.40

Set Statistics
Type     Time(s)  Ops          TPS(ops/s)   Net(M/s)   Get_miss   Min(us)  Max(us)    Avg(us)    Std_dev    Geo_dist  
Period   1        175          175          0.0        0          241      11594      2541       2578.34    1615.76
Global   30       5538         184          0.0        0          241      24545      2185       2396.57    1409.68

Total Statistics
Type     Time(s)  Ops          TPS(ops/s)   Net(M/s)   Get_miss   Min(us)  Max(us)    Avg(us)    Std_dev    Geo_dist  
Period   1        17897        17897        2.5        0          234      11997      2191       2343.93    1433.52
Global   30       551978       18399        2.5        0          163      42097      2118       2423.37    1353.95

[1;1H[2J
Get Statistics
Type     Time(s)  Ops          TPS(ops/s)   Net(M/s)   Get_miss   Min(us)  Max(us)    Avg(us)    Std_dev    Geo_dist  
Period   1        18138        18138        2.5        0          219      27574      2126       2557.96    1350.52
Global   31       564578       18212        2.5        0          163      42097      2118       2427.71    1353.31

Set Statistics
Type     Time(s)  Ops          TPS(ops/s)   Net(M/s)   Get_miss   Min(us)  Max(us)    Avg(us)    Std_dev    Geo_dist  
Period   1        185          185          0.0        0          341      21673      2090       2728.83    1300.16
Global   31       5723         184          0.0        0          241      24545      2182       2407.75    1406.00

Total Statistics
Type     Time(s)  Ops          TPS(ops/s)   Net(M/s)   Get_miss   Min(us)  Max(us)    Avg(us)    Std_dev    Geo_dist  
Period   1        18323        18323        2.5        0          219      27574      2126       2559.37    1350.01
Global   31       570301       18396        2.5        0          163      42097      2119       2427.21    1353.82

[1;1H[2J
Get Statistics
Type     Time(s)  Ops          TPS(ops/s)   Net(M/s)   Get_miss   Min(us)  Max(us)    Avg(us)    Std_dev    Geo_dist  
Period   1        17846        17846        2.5        0          163      14555      2163       2329.12    1432.38
Global   32       582424       18200        2.5        0          163      42097      2119       2425.09    1355.66

Set Statistics
Type     Time(s)  Ops          TPS(ops/s)   Net(M/s)   Get_miss   Min(us)  Max(us)    Avg(us)    Std_dev    Geo_dist  
Period   1        183          183          0.0        0          346      8445       2419       2375.36    1626.47
Global   32       5906         184          0.0        0          241      24545      2189       2407.22    1412.36

Total Statistics
Type     Time(s)  Ops          TPS(ops/s)   Net(M/s)   Get_miss   Min(us)  Max(us)    Avg(us)    Std_dev    Geo_dist  
Period   1        18031        18031        2.5        0          163      14555      2166       2329.85    1433.79
Global   32       588332       18385        2.5        0          163      42097      2120       2424.68    1356.21

[1;1H[2J
Get Statistics
Type     Time(s)  Ops          TPS(ops/s)   Net(M/s)   Get_miss   Min(us)  Max(us)    Avg(us)    Std_dev    Geo_dist  
Period   1        19283        19283        2.5        0          215      19048      2008       2224.25    1345.13
Global   33       601707       18233        2.6        0          163      42097      2116       2418.53    1355.34

Set Statistics
Type     Time(s)  Ops          TPS(ops/s)   Net(M/s)   Get_miss   Min(us)  Max(us)    Avg(us)    Std_dev    Geo_dist  
Period   1        192          192          0.0        0          289      9034       1896       1900.29    1355.58
Global   33       6098         184          0.0        0          241      24545      2180       2393.11    1410.53

Total Statistics
Type     Time(s)  Ops          TPS(ops/s)   Net(M/s)   Get_miss   Min(us)  Max(us)    Avg(us)    Std_dev    Geo_dist  
Period   1        19473        19473        2.5        0          215      19048      2007       2220.61    1345.61
Global   33       607805       18418        2.7        0          163      42097      2117       2417.97    1355.89

[1;1H[2J
Get Statistics
Type     Time(s)  Ops          TPS(ops/s)   Net(M/s)   Get_miss   Min(us)  Max(us)    Avg(us)    Std_dev    Geo_dist  
Period   1        17775        17775        2.5        0          225      43747      2164       3046.83    1365.20
Global   34       619482       18220        2.4        0          163      43747      2117       2439.15    1355.63

Set Statistics
Type     Time(s)  Ops          TPS(ops/s)   Net(M/s)   Get_miss   Min(us)  Max(us)    Avg(us)    Std_dev    Geo_dist  
Period   1        180          180          0.0        0          305      8804       1970       2070.27    1353.66
Global   34       6278         184          0.0        0          241      24545      2174       2384.56    1408.87

Total Statistics
Type     Time(s)  Ops          TPS(ops/s)   Net(M/s)   Get_miss   Min(us)  Max(us)    Avg(us)    Std_dev    Geo_dist  
Period   1        17957        17957        2.5        0          225      43747      2162       3038.49    1365.14
Global   34       625762       18404        2.5        0          163      43747      2118       2438.24    1356.15

[1;1H[2J
Get Statistics
Type     Time(s)  Ops          TPS(ops/s)   Net(M/s)   Get_miss   Min(us)  Max(us)    Avg(us)    Std_dev    Geo_dist  
Period   1        17748        17748        2.5        0          201      12168      2173       2401.36    1396.54
Global   35       637230       18206        2.4        0          163      43747      2119       2437.74    1356.78

Set Statistics
Type     Time(s)  Ops          TPS(ops/s)   Net(M/s)   Get_miss   Min(us)  Max(us)    Avg(us)    Std_dev    Geo_dist  
Period   1        178          178          0.0        0          405      10447      2148       2306.76    1424.59
Global   35       6456         184          0.0        0          241      24545      2173       2382.53    1409.30

Total Statistics
Type     Time(s)  Ops          TPS(ops/s)   Net(M/s)   Get_miss   Min(us)  Max(us)    Avg(us)    Std_dev    Geo_dist  
Period   1        17924        17924        2.5        0          201      12168      2173       2400.35    1397.35
Global   35       643686       18391        2.5        0          163      43747      2119       2437.67    1357.30

[1;1H[2J
Get Statistics
Type     Time(s)  Ops          TPS(ops/s)   Net(M/s)   Get_miss   Min(us)  Max(us)    Avg(us)    Std_dev    Geo_dist  
Period   1        17277        17277        2.5        0          191      17909      2236       2476.89    1446.29
Global   36       654507       18180        2.4        0          163      43747      2122       2438.93    1359.07

Set Statistics
Type     Time(s)  Ops          TPS(ops/s)   Net(M/s)   Get_miss   Min(us)  Max(us)    Avg(us)    Std_dev    Geo_dist  
Period   1        176          176          0.0        0          390      10839      2433       2597.41    1560.61
Global   36       6632         184          0.0        0          241      24545      2180       2388.55    1413.12

Total Statistics
Type     Time(s)  Ops          TPS(ops/s)   Net(M/s)   Get_miss   Min(us)  Max(us)    Avg(us)    Std_dev    Geo_dist  
Period   1        17453        17453        2.5        0          191      17909      2238       2478.12    1447.40
Global   36       661139       18364        2.4        0          163      43747      2123       2438.07    1359.60

[1;1H[2J
Get Statistics
Type     Time(s)  Ops          TPS(ops/s)   Net(M/s)   Get_miss   Min(us)  Max(us)    Avg(us)    Std_dev    Geo_dist  
Period   1        18644        18644        2.5        0          204      15732      2075       2446.88    1277.02
Global   37       673151       18193        2.6        0          163      43747      2121       2438.90    1356.73

Set Statistics
Type     Time(s)  Ops          TPS(ops/s)   Net(M/s)   Get_miss   Min(us)  Max(us)    Avg(us)    Std_dev    Geo_dist  
Period   1        187          187          0.0        0          299      9401       1868       2215.06    1186.01
Global   37       6819         184          0.0        0          241      24545      2171       2384.76    1406.35

Total Statistics
Type     Time(s)  Ops          TPS(ops/s)   Net(M/s)   Get_miss   Min(us)  Max(us)    Avg(us)    Std_dev    Geo_dist  
Period   1        18833        18833        2.5        0          204      15732      2072       2445.32    1276.06
Global   37       679972       18377        2.6        0          163      43747      2121       2438.80    1357.22

[1;1H[2J
Get Statistics
Type     Time(s)  Ops          TPS(ops/s)   Net(M/s)   Get_miss   Min(us)  Max(us)    Avg(us)    Std_dev    Geo_dist  
Period   1        17573        17573        2.5        0          207      15035      2200       2387.79    1405.23
Global   38       690724       18176        2.4        0          163      43747      2123       2437.65    1357.96

Set Statistics
Type     Time(s)  Ops          TPS(ops/s)   Net(M/s)   Get_miss   Min(us)  Max(us)    Avg(us)    Std_dev    Geo_dist  
Period   1        178          178          0.0        0          299      11045      1997       2311.01    1275.70
Global   38       6997         184          0.0        0          241      24545      2167       2382.52    1402.86

Total Statistics
Type     Time(s)  Ops          TPS(ops/s)   Net(M/s)   Get_miss   Min(us)  Max(us)    Avg(us)    Std_dev    Geo_dist  
Period   1        17751        17751        2.5        0          207      15035      2198       2387.19    1402.98
Global   38       697723       18361        2.4        0          163      43747      2123       2437.49    1358.40

[1;1H[2J
Get Statistics
Type     Time(s)  Ops          TPS(ops/s)   Net(M/s)   Get_miss   Min(us)  Max(us)    Avg(us)    Std_dev    Geo_dist  
Period   1        19359        19359        2.5        0          194      13275      1988       2155.93    1325.50
Global   39       710083       18207        2.7        0          163      43747      2119       2430.78    1357.08

Set Statistics
Type     Time(s)  Ops          TPS(ops/s)   Net(M/s)   Get_miss   Min(us)  Max(us)    Avg(us)    Std_dev    Geo_dist  
Period   1        196          196          0.0        0          303      8531       1866       2007.40    1288.39
Global   39       7193         184          0.0        0          241      24545      2159       2373.29    1399.61

Total Statistics
Type     Time(s)  Ops          TPS(ops/s)   Net(M/s)   Get_miss   Min(us)  Max(us)    Avg(us)    Std_dev    Geo_dist  
Period   1        19553        19553        2.5        0          194      13275      1987       2154.37    1325.55
Global   39       717276       18391        2.7        0          163      43747      2119       2430.56    1357.50

[1;1H[2J
Get Statistics
Type     Time(s)  Ops          TPS(ops/s)   Net(M/s)   Get_miss   Min(us)  Max(us)    Avg(us)    Std_dev    Geo_dist  
Period   1        18392        18392        2.5        0          259      16289      2103       2291.41    1419.88
Global   40       728475       18211        2.5        0          163      43747      2119       2427.01    1358.63

Set Statistics
Type     Time(s)  Ops          TPS(ops/s)   Net(M/s)   Get_miss   Min(us)  Max(us)    Avg(us)    Std_dev    Geo_dist  
Period   1        185          185          0.0        0          382      8052       1905       1894.66    1386.94
Global   40       7378         184          0.0        0          241      24545      2152       2363.27    1399.30

Total Statistics
Type     Time(s)  Ops          TPS(ops/s)   Net(M/s)   Get_miss   Min(us)  Max(us)    Avg(us)    Std_dev    Geo_dist  
Period   1        18577        18577        2.5        0          259      16289      2101       2287.86    1419.55
Global   40       735853       18396        2.6        0          163      43747      2119       2426.67    1359.03

[1;1H[2J
Get Statistics
Type     Time(s)  Ops          TPS(ops/s)   Net(M/s)   Get_miss   Min(us)  Max(us)    Avg(us)    Std_dev    Geo_dist  
Period   1        19577        19577        2.5        0          194      15015      1960       2138.25    1315.38
Global   41       748052       18245        2.7        0          163      43747      2114       2420.76    1357.48

Set Statistics
Type     Time(s)  Ops          TPS(ops/s)   Net(M/s)   Get_miss   Min(us)  Max(us)    Avg(us)    Std_dev    Geo_dist  
Period   1        200          200          0.0        0          337      8204       1885       1966.09    1325.44
Global   41       7578         184          0.0        0          241      24545      2145       2353.89    1397.29

Total Statistics
Type     Time(s)  Ops          TPS(ops/s)   Net(M/s)   Get_miss   Min(us)  Max(us)    Avg(us)    Std_dev    Geo_dist  
Period   1        19777        19777        2.5        0          194      15015      1959       2136.76    1315.48
Global   41       755630       18430        2.7        0          163      43747      2115       2419.49    1357.87

[1;1H[2J
Get Statistics
Type     Time(s)  Ops          TPS(ops/s)   Net(M/s)   Get_miss   Min(us)  Max(us)    Avg(us)    Std_dev    Geo_dist  
Period   1        18357        18357        2.5        0          205      20799      2108       2464.30    1353.26
Global   42       766409       18247        2.5        0          163      43747      2114       2421.68    1357.38

Set Statistics
Type     Time(s)  Ops          TPS(ops/s)   Net(M/s)   Get_miss   Min(us)  Max(us)    Avg(us)    Std_dev    Geo_dist  
Period   1        185          185          0.0        0          407      18442      1900       2362.19    1259.62
Global   42       7763         184          0.0        0          241      24545      2140       2353.47    1393.84

Total Statistics
Type     Time(s)  Ops          TPS(ops/s)   Net(M/s)   Get_miss   Min(us)  Max(us)    Avg(us)    Std_dev    Geo_dist  
Period   1        18542        18542        2.5        0          205      20799      2106       2463.26    1352.29
Global   42       774172       18432        2.5        0          163      43747      2115       2420.36    1357.74

[1;1H[2J
Get Statistics
Type     Time(s)  Ops          TPS(ops/s)   Net(M/s)   Get_miss   Min(us)  Max(us)    Avg(us)    Std_dev    Geo_dist  
Period   1        19244        19244        2.5        0          185      13245      2006       2184.45    1338.45
Global   43       785653       18271        2.6        0          163      43747      2112       2415.64    1356.91

Set Statistics
Type     Time(s)  Ops          TPS(ops/s)   Net(M/s)   Get_miss   Min(us)  Max(us)    Avg(us)    Std_dev    Geo_dist  
Period   1        193          193          0.0        0          377      9007       2059       2268.04    1351.13
Global   43       7956         185          0.0        0          241      24545      2138       2351.36    1392.79

Total Statistics
Type     Time(s)  Ops          TPS(ops/s)   Net(M/s)   Get_miss   Min(us)  Max(us)    Avg(us)    Std_dev    Geo_dist  
Period   1        19437        19437        2.5        0          185      13245      2007       2184.80    1338.57
Global   43       793609       18456        2.7        0          163      43747      2112       2415.23    1357.26

[1;1H[2J
Get Statistics
Type     Time(s)  Ops          TPS(ops/s)   Net(M/s)   Get_miss   Min(us)  Max(us)    Avg(us)    Std_dev    Geo_dist  
Period   1        16728        16728        2.5        0          191      20157      2317       2474.09    1472.16
Global   44       802381       18235        2.3        0          163      43747      2116       2417.29    1359.22

Set Statistics
Type     Time(s)  Ops          TPS(ops/s)   Net(M/s)   Get_miss   Min(us)  Max(us)    Avg(us)    Std_dev    Geo_dist  
Period   1        170          170          0.0        0          319      13673      2121       2542.49    1373.87
Global   44       8126         184          0.0        0          241      24545      2137       2355.94    1392.39

Total Statistics
Type     Time(s)  Ops          TPS(ops/s)   Net(M/s)   Get_miss   Min(us)  Max(us)    Avg(us)    Std_dev    Geo_dist  
Period   1        16898        16898        2.5        0          191      20157      2315       2474.81    1471.14
Global   44       810507       18420        2.3        0          163      43747      2116       2416.87    1359.55

[1;1H[2J
Get Statistics
Type     Time(s)  Ops          TPS(ops/s)   Net(M/s)   Get_miss   Min(us)  Max(us)    Avg(us)    Std_dev    Geo_dist  
Period   1        17930        17930        2.5        0          217      14876      2151       2328.31    1408.31
Global   45       820311       18229        2.5        0          163      43747      2117       2415.18    1360.27

Set Statistics
Type     Time(s)  Ops          TPS(ops/s)   Net(M/s)   Get_miss   Min(us)  Max(us)    Avg(us)    Std_dev    Geo_dist  
Period   1        177          177          0.0        0          380      9058       2105       2224.15    1421.00
Global   45       8303         184          0.0        0          241      24545      2137       2352.46    1393.00

Total Statistics
Type     Time(s)  Ops          TPS(ops/s)   Net(M/s)   Get_miss   Min(us)  Max(us)    Avg(us)    Std_dev    Geo_dist  
Period   1        18107        18107        2.5        0          217      14876      2151       2326.84    1408.44
Global   45       828614       18413        2.5        0          163      43747      2117       2414.73    1360.60

[1;1H[2J
Get Statistics
Type     Time(s)  Ops          TPS(ops/s)   Net(M/s)   Get_miss   Min(us)  Max(us)    Avg(us)    Std_dev    Geo_dist  
Period   1        18430        18430        2.5        0          209      15859      2093       2308.45    1377.16
Global   46       838741       18233        2.5        0          163      43747      2116       2413.30    1360.64

Set Statistics
Type     Time(s)  Ops          TPS(ops/s)   Net(M/s)   Get_miss   Min(us)  Max(us)    Avg(us)    Std_dev    Geo_dist  
Period   1        191          191          0.0        0          332      10316      2287       2485.40    1458.43
Global   46       8494         184          0.0        0          241      24545      2140       2355.82    1394.44

Total Statistics
Type     Time(s)  Ops          TPS(ops/s)   Net(M/s)   Get_miss   Min(us)  Max(us)    Avg(us)    Std_dev    Geo_dist  
Period   1        18621        18621        2.5        0          209      15859      2095       2310.33    1377.97
Global   46       847235       18418        2.6        0          163      43747      2116       2412.94    1360.98

[1;1H[2J
Get Statistics
Type     Time(s)  Ops          TPS(ops/s)   Net(M/s)   Get_miss   Min(us)  Max(us)    Avg(us)    Std_dev    Geo_dist  
Period   1        17027        17027        2.5        0          239      12962      2266       2613.82    1374.27
Global   47       855768       18207        2.3        0          163      43747      2119       2417.53    1360.91

Set Statistics
Type     Time(s)  Ops          TPS(ops/s)   Net(M/s)   Get_miss   Min(us)  Max(us)    Avg(us)    Std_dev    Geo_dist  
Period   1        170          170          0.0        0          311      9722       2423       2805.50    1425.02
Global   47       8664         184          0.0        0          241      24545      2146       2365.20    1395.03

Total Statistics
Type     Time(s)  Ops          TPS(ops/s)   Net(M/s)   Get_miss   Min(us)  Max(us)    Avg(us)    Std_dev    Geo_dist  
Period   1        17197        17197        2.5        0          239      12962      2267       2616.22    1374.76
Global   47       864432       18392        2.4        0          163      43747      2119       2417.24    1361.25

[1;1H[2J
Get Statistics
Type     Time(s)  Ops          TPS(ops/s)   Net(M/s)   Get_miss   Min(us)  Max(us)    Avg(us)    Std_dev    Geo_dist  
Period   1        18057        18057        2.5        0          196      14464      2137       2322.69    1397.10
Global   48       873825       18204        2.5        0          163      43747      2119       2415.93    1361.65

Set Statistics
Type     Time(s)  Ops          TPS(ops/s)   Net(M/s)   Get_miss   Min(us)  Max(us)    Avg(us)    Std_dev    Geo_dist  
Period   1        183          183          0.0        0          414      10132      2242       2311.32    1502.78
Global   48       8847         184          0.0        0          241      24545      2148       2364.00    1397.18

Total Statistics
Type     Time(s)  Ops          TPS(ops/s)   Net(M/s)   Get_miss   Min(us)  Max(us)    Avg(us)    Std_dev    Geo_dist  
Period   1        18240        18240        2.5        0          196      14464      2138       2322.59    1398.12
Global   48       882672       18389        2.5        0          163      43747      2120       2414.79    1362.00

[1;1H[2J
Get Statistics
Type     Time(s)  Ops          TPS(ops/s)   Net(M/s)   Get_miss   Min(us)  Max(us)    Avg(us)    Std_dev    Geo_dist  
Period   1        18306        18306        2.5        0          220      14094      2101       2317.98    1371.71
Global   49       892131       18206        2.5        0          163      43747      2119       2413.64    1361.85

Set Statistics
Type     Time(s)  Ops          TPS(ops/s)   Net(M/s)   Get_miss   Min(us)  Max(us)    Avg(us)    Std_dev    Geo_dist  
Period   1        185          185          0.0        0          322      11691      2255       2550.37    1412.02
Global   49       9032         184          0.0        0          241      24545      2150       2368.03    1397.48

Total Statistics
Type     Time(s)  Ops          TPS(ops/s)   Net(M/s)   Get_miss   Min(us)  Max(us)    Avg(us)    Std_dev    Geo_dist  
Period   1        18491        18491        2.5        0          220      14094      2103       2319.98    1372.10
Global   49       901163       18391        2.5        0          163      43747      2119       2413.46    1362.21

[1;1H[2J
Get Statistics
Type     Time(s)  Ops          TPS(ops/s)   Net(M/s)   Get_miss   Min(us)  Max(us)    Avg(us)    Std_dev    Geo_dist  
Period   1        17627        17627        2.5        0          219      17390      2206       2314.04    1465.15
Global   50       909758       18195        2.4        0          163      43747      2121       2411.50    1363.79

Set Statistics
Type     Time(s)  Ops          TPS(ops/s)   Net(M/s)   Get_miss   Min(us)  Max(us)    Avg(us)    Std_dev    Geo_dist  
Period   1        177          177          0.0        0          379      9428       2074       2200.09    1403.87
Global   50       9209         184          0.0        0          241      24545      2148       2365.32    1397.60

Total Statistics
Type     Time(s)  Ops          TPS(ops/s)   Net(M/s)   Get_miss   Min(us)  Max(us)    Avg(us)    Std_dev    Geo_dist  
Period   1        17804        17804        2.5        0          219      17390      2205       2312.61    1464.53
Global   50       918967       18379        2.4        0          163      43747      2121       2411.28    1364.12

[1;1H[2J
Get Statistics
Type     Time(s)  Ops          TPS(ops/s)   Net(M/s)   Get_miss   Min(us)  Max(us)    Avg(us)    Std_dev    Geo_dist  
Period   1        16770        16770        2.5        0          210      47264      2309       3149.86    1431.77
Global   51       926528       18167        2.3        0          163      47264      2124       2427.34    1364.99

Set Statistics
Type     Time(s)  Ops          TPS(ops/s)   Net(M/s)   Get_miss   Min(us)  Max(us)    Avg(us)    Std_dev    Geo_dist  
Period   1        168          168          0.0        0          308      8757       2085       2293.10    1378.04
Global   51       9377         183          0.0        0          241      24545      2147       2363.82    1397.25

Total Statistics
Type     Time(s)  Ops          TPS(ops/s)   Net(M/s)   Get_miss   Min(us)  Max(us)    Avg(us)    Std_dev    Geo_dist  
Period   1        16940        16940        2.5        0          210      47264      2307       3142.09    1431.01
Global   51       935907       18351        2.3        0          163      47264      2124       2426.91    1365.30

[1;1H[2J
Get Statistics
Type     Time(s)  Ops          TPS(ops/s)   Net(M/s)   Get_miss   Min(us)  Max(us)    Avg(us)    Std_dev    Geo_dist  
Period   1        19208        19208        2.5        0          166      15780      2001       2236.80    1323.53
Global   52       945736       18187        2.6        0          163      47264      2122       2423.24    1364.14

Set Statistics
Type     Time(s)  Ops          TPS(ops/s)   Net(M/s)   Get_miss   Min(us)  Max(us)    Avg(us)    Std_dev    Geo_dist  
Period   1        195          195          0.0        0          291      10626      2135       2395.23    1372.19
Global   52       9572         184          0.0        0          241      24545      2147       2364.12    1396.74

Total Statistics
Type     Time(s)  Ops          TPS(ops/s)   Net(M/s)   Get_miss   Min(us)  Max(us)    Avg(us)    Std_dev    Geo_dist  
Period   1        19401        19401        2.5        0          166      15780      2002       2238.94    1324.58
Global   52       955308       18371        2.7        0          163      47264      2122       2422.88    1364.46

[1;1H[2J
Get Statistics
Type     Time(s)  Ops          TPS(ops/s)   Net(M/s)   Get_miss   Min(us)  Max(us)    Avg(us)    Std_dev    Geo_dist  
Period   1        19331        19331        2.5        0          182      13139      1994       2237.38    1307.74
Global   53       965067       18208        2.7        0          163      47264      2119       2420.11    1362.99

Set Statistics
Type     Time(s)  Ops          TPS(ops/s)   Net(M/s)   Get_miss   Min(us)  Max(us)    Avg(us)    Std_dev    Geo_dist  
Period   1        196          196          0.0        0          272      10955      1984       2257.86    1297.99
Global   53       9768         184          0.0        0          241      24545      2144       2361.79    1394.68

Total Statistics
Type     Time(s)  Ops          TPS(ops/s)   Net(M/s)   Get_miss   Min(us)  Max(us)    Avg(us)    Std_dev    Geo_dist  
Period   1        19527        19527        2.5        0          182      13139      1994       2237.44    1307.64
Global   53       974835       18393        2.7        0          163      47264      2119       2419.75    1363.30

[1;1H[2J
Get Statistics
Type     Time(s)  Ops          TPS(ops/s)   Net(M/s)   Get_miss   Min(us)  Max(us)    Avg(us)    Std_dev    Geo_dist  
Period   1        19636        19636        2.5        0          201      13832      1971       2112.38    1332.36
Global   54       984703       18235        2.7        0          163      47264      2116       2414.48    1362.37

Set Statistics
Type     Time(s)  Ops          TPS(ops/s)   Net(M/s)   Get_miss   Min(us)  Max(us)    Avg(us)    Std_dev    Geo_dist  
Period   1        196          196          0.0        0          280      11352      1896       2107.81    1296.78
Global   54       9964         184          0.0        0          241      24545      2139       2357.32    1392.69

Total Statistics
Type     Time(s)  Ops          TPS(ops/s)   Net(M/s)   Get_miss   Min(us)  Max(us)    Avg(us)    Std_dev    Geo_dist  
Period   1        19832        19832        2.5        0          201      13832      1970       2112.54    1332.01
Global   54       994667       18419        2.7        0          163      47264      2116       2414.12    1362.67

[1;1H[2J
Get Statistics
Type     Time(s)  Ops          TPS(ops/s)   Net(M/s)   Get_miss   Min(us)  Max(us)    Avg(us)    Std_dev    Geo_dist  
Period   1        19239        19239        2.5        0          146      18285      2002       2260.17    1326.08
Global   55       1003942      18253        2.6        0          146      47264      2114       2411.51    1361.66

Set Statistics
Type     Time(s)  Ops          TPS(ops/s)   Net(M/s)   Get_miss   Min(us)  Max(us)    Avg(us)    Std_dev    Geo_dist  
Period   1        195          195          0.0        0          330      17854      1985       2291.02    1352.35
Global   55       10159        184          0.0        0          241      24545      2136       2356.09    1391.90

Total Statistics
Type     Time(s)  Ops          TPS(ops/s)   Net(M/s)   Get_miss   Min(us)  Max(us)    Avg(us)    Std_dev    Geo_dist  
Period   1        19434        19434        2.5        0          146      18285      2002       2260.27    1326.34
Global   55       1014101      18438        2.7        0          146      47264      2114       2411.15    1361.96

[1;1H[2J
Get Statistics
Type     Time(s)  Ops          TPS(ops/s)   Net(M/s)   Get_miss   Min(us)  Max(us)    Avg(us)    Std_dev    Geo_dist  
Period   1        20294        20294        2.5        0          206      22658      1903       2120.80    1293.65
Global   56       1024236      18289        2.8        0          146      47264      2110       2406.11    1360.28

Set Statistics
Type     Time(s)  Ops          TPS(ops/s)   Net(M/s)   Get_miss   Min(us)  Max(us)    Avg(us)    Std_dev    Geo_dist  
Period   1        206          206          0.0        0          320      10745      1676       1917.33    1174.79
Global   56       10365        185          0.0        0          241      24545      2127       2348.84    1387.22

Total Statistics
Type     Time(s)  Ops          TPS(ops/s)   Net(M/s)   Get_miss   Min(us)  Max(us)    Avg(us)    Std_dev    Geo_dist  
Period   1        20500        20500        2.5        0          206      22658      1900       2119.58    1292.40
Global   56       1034601      18475        2.8        0          146      47264      2110       2405.69    1360.55

[1;1H[2J
Get Statistics
Type     Time(s)  Ops          TPS(ops/s)   Net(M/s)   Get_miss   Min(us)  Max(us)    Avg(us)    Std_dev    Geo_dist  
Period   1        18291        18291        2.5        0          209      20160      2131       2332.13    1395.49
Global   57       1042527      18289        2.5        0          146      47264      2110       2405.15    1360.89

Set Statistics
Type     Time(s)  Ops          TPS(ops/s)   Net(M/s)   Get_miss   Min(us)  Max(us)    Avg(us)    Std_dev    Geo_dist  
Period   1        181          181          0.0        0          376      18558      2012       2401.99    1328.27
Global   57       10546        185          0.0        0          241      24545      2125       2349.72    1386.18

Total Statistics
Type     Time(s)  Ops          TPS(ops/s)   Net(M/s)   Get_miss   Min(us)  Max(us)    Avg(us)    Std_dev    Geo_dist  
Period   1        18472        18472        2.5        0          209      20160      2130       2332.63    1394.81
Global   57       1053073      18474        2.5        0          146      47264      2110       2404.74    1361.14

[1;1H[2J
Get Statistics
Type     Time(s)  Ops          TPS(ops/s)   Net(M/s)   Get_miss   Min(us)  Max(us)    Avg(us)    Std_dev    Geo_dist  
Period   1        19550        19550        2.5        0          194      11945      1977       2209.54    1305.65
Global   58       1062077      18311        2.7        0          146      47264      2108       2401.37    1359.86

Set Statistics
Type     Time(s)  Ops          TPS(ops/s)   Net(M/s)   Get_miss   Min(us)  Max(us)    Avg(us)    Std_dev    Geo_dist  
Period   1        200          200          0.0        0          208      8337       1930       2152.55    1278.22
Global   58       10746        185          0.0        0          208      24545      2121       2346.59    1384.09

Total Statistics
Type     Time(s)  Ops          TPS(ops/s)   Net(M/s)   Get_miss   Min(us)  Max(us)    Avg(us)    Std_dev    Geo_dist  
Period   1        19751        19751        2.5        0          194      11945      1977       2208.40    1305.29
Global   58       1072824      18496        2.7        0          146      47264      2108       2400.94    1360.09

[1;1H[2J
Get Statistics
Type     Time(s)  Ops          TPS(ops/s)   Net(M/s)   Get_miss   Min(us)  Max(us)    Avg(us)    Std_dev    Geo_dist  
Period   1        19599        19599        2.5        0          178      13278      1967       2168.67    1321.88
Global   59       1081676      18333        2.7        0          146      47264      2105       2397.82    1359.17

Set Statistics
Type     Time(s)  Ops          TPS(ops/s)   Net(M/s)   Get_miss   Min(us)  Max(us)    Avg(us)    Std_dev    Geo_dist  
Period   1        202          202          0.0        0          262      11594      2162       2436.97    1393.72
Global   59       10948        185          0.0        0          208      24545      2122       2347.96    1384.27

Total Statistics
Type     Time(s)  Ops          TPS(ops/s)   Net(M/s)   Get_miss   Min(us)  Max(us)    Avg(us)    Std_dev    Geo_dist  
Period   1        19802        19802        2.5        0          178      13278      1969       2171.52    1322.64
Global   59       1092626      18519        2.7        0          146      47264      2105       2397.47    1359.41

[1;1H[2J
Get Statistics
Type     Time(s)  Ops          TPS(ops/s)   Net(M/s)   Get_miss   Min(us)  Max(us)    Avg(us)    Std_dev    Geo_dist  
Period   1        19347        19347        2.5        0          190      11897      1991       2235.33    1293.02
Global   60       1101023      18350        2.7        0          146      47264      2103       2395.10    1357.98

Set Statistics
Type     Time(s)  Ops          TPS(ops/s)   Net(M/s)   Get_miss   Min(us)  Max(us)    Avg(us)    Std_dev    Geo_dist  
Period   1        191          191          0.0        0          416      9227       1968       2311.01    1275.48
Global   60       11139        185          0.0        0          208      24545      2119       2347.64    1382.33

Total Statistics
Type     Time(s)  Ops          TPS(ops/s)   Net(M/s)   Get_miss   Min(us)  Max(us)    Avg(us)    Std_dev    Geo_dist  
Period   1        19536        19536        2.5        0          190      11897      1991       2235.97    1291.95
Global   60       1112162      18536        2.7        0          146      47264      2103       2394.77    1358.22

Get Statistics (1101062 events)
   Min:       146
   Max:     47264
   Avg:      2103
   Geo:   1358.00
   Std:   2395.06
   Log2 Dist:
       8:      782    66714   466141   306252
      12:    78689   161137    20852      332
      16:      163

Set Statistics (11139 events)
   Min:       208
   Max:     24545
   Avg:      2119
   Geo:   1382.33
   Std:   2347.64
   Log2 Dist:
       8:        5      570     4720     3134
      12:      858     1647      200        5

Total Statistics (1112201 events)
   Min:       146
   Max:     47264
   Avg:      2103
   Geo:   1358.24
   Std:   2394.73
   Log2 Dist:
       8:      787    67284   470861   309386
      12:    79547   162784    21052      337
      16:      163

cmd_get: 1101101
cmd_set: 11139
get_misses: 0
written_bytes: 26005604
read_bytes: 181764342
object_bytes: 1604016

Run time: 60.2s Ops: 1112240 TPS: 18461 Net_rate: 3.3M/s
