servers : 10.0.0.7:9000
threads count: 71
concurrency: 71
run time: 60s
windows size: 10k
set proportion: set_prop=0.01
get proportion: get_prop=0.99
[1;1H[2J
Get Statistics
Type     Time(s)  Ops          TPS(ops/s)   Net(M/s)   Get_miss   Min(us)  Max(us)    Avg(us)    Std_dev    Geo_dist  
Period   1        22752        22752        3.1        0          197      40321      3060       3031.61    1946.07
Global   1        22752        22752        3.1        0          197      40321      3060       3031.61    1946.07

Set Statistics
Type     Time(s)  Ops          TPS(ops/s)   Net(M/s)   Get_miss   Min(us)  Max(us)    Avg(us)    Std_dev    Geo_dist  
Period   1        268          268          0.0        0          431      20325      3301       2776.31    2273.54
Global   1        268          268          0.0        0          431      20325      3301       2776.31    2273.54

Total Statistics
Type     Time(s)  Ops          TPS(ops/s)   Net(M/s)   Get_miss   Min(us)  Max(us)    Avg(us)    Std_dev    Geo_dist  
Period   1        23020        23020        3.2        0          197      40321      3063       3028.62    1949.60
Global   1        23020        23020        3.2        0          197      40321      3063       3028.62    1949.60

[1;1H[2J
Get Statistics
Type     Time(s)  Ops          TPS(ops/s)   Net(M/s)   Get_miss   Min(us)  Max(us)    Avg(us)    Std_dev    Geo_dist  
Period   1        23122        23122        3.1        0          200      28957      3017       3001.96    1943.78
Global   2        45874        22937        3.2        0          197      40321      3038       3017.07    1944.92

Set Statistics
Type     Time(s)  Ops          TPS(ops/s)   Net(M/s)   Get_miss   Min(us)  Max(us)    Avg(us)    Std_dev    Geo_dist  
Period   1        231          231          0.0        0          387      12954      3034       2949.01    1993.25
Global   2        499          249          0.0        0          387      20325      3177       2858.21    2139.20

Total Statistics
Type     Time(s)  Ops          TPS(ops/s)   Net(M/s)   Get_miss   Min(us)  Max(us)    Avg(us)    Std_dev    Geo_dist  
Period   1        23353        23353        3.2        0          200      28957      3017       3001.55    1944.26
Global   2        46373        23186        3.2        0          197      40321      3040       3014.91    1946.91

[1;1H[2J
Get Statistics
Type     Time(s)  Ops          TPS(ops/s)   Net(M/s)   Get_miss   Min(us)  Max(us)    Avg(us)    Std_dev    Geo_dist  
Period   1        22971        22971        3.2        0          219      26356      3016       3091.05    1890.38
Global   3        68845        22948        3.2        0          197      40321      3031       3041.61    1926.55

Set Statistics
Type     Time(s)  Ops          TPS(ops/s)   Net(M/s)   Get_miss   Min(us)  Max(us)    Avg(us)    Std_dev    Geo_dist  
Period   1        232          232          0.0        0          364      18139      2949       2923.60    1900.95
Global   3        731          243          0.0        0          364      20325      3105       2878.69    2060.51

Total Statistics
Type     Time(s)  Ops          TPS(ops/s)   Net(M/s)   Get_miss   Min(us)  Max(us)    Avg(us)    Std_dev    Geo_dist  
Period   1        23203        23203        3.2        0          219      26356      3015       3089.69    1890.48
Global   3        69576        23192        3.2        0          197      40321      3032       3039.71    1927.91

[1;1H[2J
Get Statistics
Type     Time(s)  Ops          TPS(ops/s)   Net(M/s)   Get_miss   Min(us)  Max(us)    Avg(us)    Std_dev    Geo_dist  
Period   1        21764        21764        3.1        0          222      30530      3224       3143.80    2079.98
Global   4        90609        22652        3.0        0          197      40321      3077       3067.92    1962.34

Set Statistics
Type     Time(s)  Ops          TPS(ops/s)   Net(M/s)   Get_miss   Min(us)  Max(us)    Avg(us)    Std_dev    Geo_dist  
Period   1        218          218          0.0        0          375      30409      3367       3866.33    2096.32
Global   4        949          237          0.0        0          364      30409      3165       3133.10    2068.68

Total Statistics
Type     Time(s)  Ops          TPS(ops/s)   Net(M/s)   Get_miss   Min(us)  Max(us)    Avg(us)    Std_dev    Geo_dist  
Period   1        21982        21982        3.1        0          222      30530      3225       3152.13    2080.14
Global   4        91558        22889        3.0        0          197      40321      3078       3068.51    1963.41

[1;1H[2J
Get Statistics
Type     Time(s)  Ops          TPS(ops/s)   Net(M/s)   Get_miss   Min(us)  Max(us)    Avg(us)    Std_dev    Geo_dist  
Period   1        22212        22212        3.1        0          238      36822      3156       3172.55    2038.65
Global   5        112821       22564        3.1        0          197      40321      3093       3088.50    1977.13

Set Statistics
Type     Time(s)  Ops          TPS(ops/s)   Net(M/s)   Get_miss   Min(us)  Max(us)    Avg(us)    Std_dev    Geo_dist  
Period   1        222          222          0.0        0          477      11104      3372       2927.87    2311.38
Global   5        1171         234          0.0        0          364      30409      3204       3095.34    2112.65

Total Statistics
Type     Time(s)  Ops          TPS(ops/s)   Net(M/s)   Get_miss   Min(us)  Max(us)    Avg(us)    Std_dev    Geo_dist  
Period   1        22436        22436        3.1        0          238      36822      3159       3169.80    2041.41
Global   5        113994       22798        3.1        0          197      40321      3094       3088.80    1978.52

[1;1H[2J
Get Statistics
Type     Time(s)  Ops          TPS(ops/s)   Net(M/s)   Get_miss   Min(us)  Max(us)    Avg(us)    Std_dev    Geo_dist  
Period   1        22654        22654        3.1        0          198      45577      3081       3017.86    1988.10
Global   6        135475       22579        3.1        0          197      45577      3091       3076.84    1979.09

Set Statistics
Type     Time(s)  Ops          TPS(ops/s)   Net(M/s)   Get_miss   Min(us)  Max(us)    Avg(us)    Std_dev    Geo_dist  
Period   1        232          232          0.0        0          375      14114      3599       3196.49    2273.05
Global   6        1403         233          0.0        0          364      30409      3270       3113.88    2138.37

Total Statistics
Type     Time(s)  Ops          TPS(ops/s)   Net(M/s)   Get_miss   Min(us)  Max(us)    Avg(us)    Std_dev    Geo_dist  
Period   1        22884        22884        3.1        0          198      45577      3086       3020.26    1991.35
Global   6        136878       22813        3.1        0          197      45577      3093       3077.10    1980.66

[1;1H[2J
Get Statistics
Type     Time(s)  Ops          TPS(ops/s)   Net(M/s)   Get_miss   Min(us)  Max(us)    Avg(us)    Std_dev    Geo_dist  
Period   1        22122        22122        3.1        0          246      31214      3125       3128.96    2022.37
Global   7        157597       22513        3.0        0          197      45577      3096       3084.00    1985.11

Set Statistics
Type     Time(s)  Ops          TPS(ops/s)   Net(M/s)   Get_miss   Min(us)  Max(us)    Avg(us)    Std_dev    Geo_dist  
Period   1        227          227          0.0        0          460      25678      3387       3375.36    2238.91
Global   7        1630         232          0.0        0          364      30409      3286       3151.07    2152.10

Total Statistics
Type     Time(s)  Ops          TPS(ops/s)   Net(M/s)   Get_miss   Min(us)  Max(us)    Avg(us)    Std_dev    Geo_dist  
Period   1        22349        22349        3.1        0          246      31214      3128       3131.25    2024.46
Global   7        159227       22746        3.1        0          197      45577      3098       3084.68    1986.75

[1;1H[2J
Get Statistics
Type     Time(s)  Ops          TPS(ops/s)   Net(M/s)   Get_miss   Min(us)  Max(us)    Avg(us)    Std_dev    Geo_dist  
Period   1        22428        22428        3.1        0          220      21825      3137       3173.60    1984.02
Global   8        180025       22503        3.1        0          197      45577      3101       3095.43    1984.97

Set Statistics
Type     Time(s)  Ops          TPS(ops/s)   Net(M/s)   Get_miss   Min(us)  Max(us)    Avg(us)    Std_dev    Geo_dist  
Period   1        222          222          0.0        0          336      9976       3106       2892.68    2025.69
Global   8        1852         231          0.0        0          336      30409      3265       3120.43    2136.54

Total Statistics
Type     Time(s)  Ops          TPS(ops/s)   Net(M/s)   Get_miss   Min(us)  Max(us)    Avg(us)    Std_dev    Geo_dist  
Period   1        22650        22650        3.1        0          220      21825      3137       3170.61    1984.42
Global   8        181877       22734        3.1        0          197      45577      3103       3095.39    1986.46

[1;1H[2J
Get Statistics
Type     Time(s)  Ops          TPS(ops/s)   Net(M/s)   Get_miss   Min(us)  Max(us)    Avg(us)    Std_dev    Geo_dist  
Period   1        23274        23274        3.1        0          243      30625      3014       2933.11    1950.04
Global   9        203299       22588        3.2        0          197      45577      3091       3077.44    1980.94

Set Statistics
Type     Time(s)  Ops          TPS(ops/s)   Net(M/s)   Get_miss   Min(us)  Max(us)    Avg(us)    Std_dev    Geo_dist  
Period   1        234          234          0.0        0          437      12572      3512       3232.08    2288.15
Global   9        2086         231          0.0        0          336      30409      3292       3134.07    2153.03

Total Statistics
Type     Time(s)  Ops          TPS(ops/s)   Net(M/s)   Get_miss   Min(us)  Max(us)    Avg(us)    Std_dev    Geo_dist  
Period   1        23508        23508        3.1        0          243      30625      3019       2936.53    1953.14
Global   9        205385       22820        3.2        0          197      45577      3093       3078.12    1982.62

[1;1H[2J
Get Statistics
Type     Time(s)  Ops          TPS(ops/s)   Net(M/s)   Get_miss   Min(us)  Max(us)    Avg(us)    Std_dev    Geo_dist  
Period   1        22428        22428        3.1        0          188      23102      3131       3081.61    1998.88
Global   10       225727       22572        3.1        0          188      45577      3095       3077.84    1982.72

Set Statistics
Type     Time(s)  Ops          TPS(ops/s)   Net(M/s)   Get_miss   Min(us)  Max(us)    Avg(us)    Std_dev    Geo_dist  
Period   1        234          234          0.0        0          458      12585      3226       2989.22    2112.55
Global   10       2320         232          0.0        0          336      30409      3286       3118.52    2148.91

Total Statistics
Type     Time(s)  Ops          TPS(ops/s)   Net(M/s)   Get_miss   Min(us)  Max(us)    Avg(us)    Std_dev    Geo_dist  
Period   1        22663        22663        3.1        0          188      23102      3132       3080.44    1999.33
Global   10       228048       22804        3.1        0          188      45577      3097       3078.25    1984.34

[1;1H[2J
Get Statistics
Type     Time(s)  Ops          TPS(ops/s)   Net(M/s)   Get_miss   Min(us)  Max(us)    Avg(us)    Std_dev    Geo_dist  
Period   1        22153        22153        3.1        0          233      27464      3129       2968.89    2043.47
Global   11       247880       22534        3.0        0          188      45577      3098       3068.31    1988.07

Set Statistics
Type     Time(s)  Ops          TPS(ops/s)   Net(M/s)   Get_miss   Min(us)  Max(us)    Avg(us)    Std_dev    Geo_dist  
Period   1        223          223          0.0        0          344      15396      3506       3235.71    2331.60
Global   11       2543         231          0.0        0          336      30409      3305       3129.24    2164.35

Total Statistics
Type     Time(s)  Ops          TPS(ops/s)   Net(M/s)   Get_miss   Min(us)  Max(us)    Avg(us)    Std_dev    Geo_dist  
Period   1        22375        22375        3.1        0          233      27464      3133       2971.69    2046.16
Global   11       250423       22765        3.1        0          188      45577      3100       3069.11    1989.79

[1;1H[2J
Get Statistics
Type     Time(s)  Ops          TPS(ops/s)   Net(M/s)   Get_miss   Min(us)  Max(us)    Avg(us)    Std_dev    Geo_dist  
Period   1        23357        23357        3.1        0          202      19340      3002       2948.37    1912.61
Global   12       271237       22603        3.2        0          188      45577      3090       3058.01    1981.46

Set Statistics
Type     Time(s)  Ops          TPS(ops/s)   Net(M/s)   Get_miss   Min(us)  Max(us)    Avg(us)    Std_dev    Geo_dist  
Period   1        234          234          0.0        0          407      10720      3059       2911.50    1953.25
Global   12       2777         231          0.0        0          336      30409      3284       3112.02    2145.71

Total Statistics
Type     Time(s)  Ops          TPS(ops/s)   Net(M/s)   Get_miss   Min(us)  Max(us)    Avg(us)    Std_dev    Geo_dist  
Period   1        23591        23591        3.1        0          202      19340      3003       2947.51    1913.01
Global   12       274014       22834        3.2        0          188      45577      3092       3058.59    1983.06

[1;1H[2J
Get Statistics
Type     Time(s)  Ops          TPS(ops/s)   Net(M/s)   Get_miss   Min(us)  Max(us)    Avg(us)    Std_dev    Geo_dist  
Period   1        23021        23021        3.1        0          241      30231      3062       3047.26    1959.40
Global   13       294258       22635        3.2        0          188      45577      3088       3056.99    1979.72

Set Statistics
Type     Time(s)  Ops          TPS(ops/s)   Net(M/s)   Get_miss   Min(us)  Max(us)    Avg(us)    Std_dev    Geo_dist  
Period   1        229          229          0.0        0          283      22145      2993       3096.19    1932.04
Global   13       3006         231          0.0        0          283      30409      3262       3111.09    2128.63

Total Statistics
Type     Time(s)  Ops          TPS(ops/s)   Net(M/s)   Get_miss   Min(us)  Max(us)    Avg(us)    Std_dev    Geo_dist  
Period   1        23251        23251        3.1        0          241      30231      3061       3047.90    1959.12
Global   13       297265       22866        3.2        0          188      45577      3089       3058.34    1981.18

[1;1H[2J
Get Statistics
Type     Time(s)  Ops          TPS(ops/s)   Net(M/s)   Get_miss   Min(us)  Max(us)    Avg(us)    Std_dev    Geo_dist  
Period   1        22283        22283        3.1        0          236      26104      3121       3067.54    1983.64
Global   14       316541       22610        3.1        0          188      45577      3090       3058.06    1980.05

Set Statistics
Type     Time(s)  Ops          TPS(ops/s)   Net(M/s)   Get_miss   Min(us)  Max(us)    Avg(us)    Std_dev    Geo_dist  
Period   1        227          227          0.0        0          361      13264      3109       2974.54    2011.65
Global   14       3233         230          0.0        0          283      30409      3251       3101.77    2120.20

Total Statistics
Type     Time(s)  Ops          TPS(ops/s)   Net(M/s)   Get_miss   Min(us)  Max(us)    Avg(us)    Std_dev    Geo_dist  
Period   1        22509        22509        3.1        0          236      26104      3121       3066.55    1983.95
Global   14       319774       22841        3.1        0          188      45577      3092       3058.17    1981.42

[1;1H[2J
Get Statistics
Type     Time(s)  Ops          TPS(ops/s)   Net(M/s)   Get_miss   Min(us)  Max(us)    Avg(us)    Std_dev    Geo_dist  
Period   1        21976        21976        3.1        0          202      52785      3194       4032.36    1957.40
Global   15       338517       22567        3.0        0          188      52785      3097       3130.38    1978.57

Set Statistics
Type     Time(s)  Ops          TPS(ops/s)   Net(M/s)   Get_miss   Min(us)  Max(us)    Avg(us)    Std_dev    Geo_dist  
Period   1        222          222          0.0        0          341      51867      3686       5733.90    2058.14
Global   15       3455         230          0.0        0          283      51867      3279       3334.26    2116.16

Total Statistics
Type     Time(s)  Ops          TPS(ops/s)   Net(M/s)   Get_miss   Min(us)  Max(us)    Avg(us)    Std_dev    Geo_dist  
Period   1        22198        22198        3.1        0          202      52785      3199       4052.97    1958.38
Global   15       341972       22798        3.0        0          188      52785      3099       3132.40    1979.91

[1;1H[2J
Get Statistics
Type     Time(s)  Ops          TPS(ops/s)   Net(M/s)   Get_miss   Min(us)  Max(us)    Avg(us)    Std_dev    Geo_dist  
Period   1        22669        22669        3.1        0          172      20784      3092       3026.17    1951.65
Global   16       361186       22574        3.1        0          172      52785      3096       3124.62    1976.87

Set Statistics
Type     Time(s)  Ops          TPS(ops/s)   Net(M/s)   Get_miss   Min(us)  Max(us)    Avg(us)    Std_dev    Geo_dist  
Period   1        225          225          0.0        0          294      11336      3000       3021.08    1875.37
Global   16       3680         230          0.0        0          283      51867      3262       3316.20    2100.59

Total Statistics
Type     Time(s)  Ops          TPS(ops/s)   Net(M/s)   Get_miss   Min(us)  Max(us)    Avg(us)    Std_dev    Geo_dist  
Period   1        22894        22894        3.1        0          172      20784      3091       3026.16    1950.88
Global   16       364866       22804        3.1        0          172      52785      3098       3126.33    1978.08

[1;1H[2J
Get Statistics
Type     Time(s)  Ops          TPS(ops/s)   Net(M/s)   Get_miss   Min(us)  Max(us)    Avg(us)    Std_dev    Geo_dist  
Period   1        22698        22698        3.1        0          241      41077      3022       3176.84    1924.99
Global   17       383884       22581        3.1        0          172      52785      3092       3127.41    1973.76

Set Statistics
Type     Time(s)  Ops          TPS(ops/s)   Net(M/s)   Get_miss   Min(us)  Max(us)    Avg(us)    Std_dev    Geo_dist  
Period   1        234          234          0.0        0          431      24943      3151       3327.44    1991.25
Global   17       3914         230          0.0        0          283      51867      3255       3316.91    2093.88

Total Statistics
Type     Time(s)  Ops          TPS(ops/s)   Net(M/s)   Get_miss   Min(us)  Max(us)    Avg(us)    Std_dev    Geo_dist  
Period   1        22932        22932        3.1        0          241      41077      3023       3178.66    1925.65
Global   17       387798       22811        3.1        0          172      52785      3094       3129.06    1974.94

[1;1H[2J
Get Statistics
Type     Time(s)  Ops          TPS(ops/s)   Net(M/s)   Get_miss   Min(us)  Max(us)    Avg(us)    Std_dev    Geo_dist  
Period   1        22215        22215        3.1        0          194      26284      3158       3131.78    2005.03
Global   18       406099       22561        3.1        0          172      52785      3096       3127.29    1975.46

Set Statistics
Type     Time(s)  Ops          TPS(ops/s)   Net(M/s)   Get_miss   Min(us)  Max(us)    Avg(us)    Std_dev    Geo_dist  
Period   1        228          228          0.0        0          413      18475      3520       3423.74    2189.78
Global   18       4142         230          0.0        0          283      51867      3270       3322.59    2099.05

Total Statistics
Type     Time(s)  Ops          TPS(ops/s)   Net(M/s)   Get_miss   Min(us)  Max(us)    Avg(us)    Std_dev    Geo_dist  
Period   1        22443        22443        3.1        0          194      26284      3162       3134.68    2006.83
Global   18       410241       22791        3.1        0          172      52785      3097       3130.12    1976.67

[1;1H[2J
Get Statistics
Type     Time(s)  Ops          TPS(ops/s)   Net(M/s)   Get_miss   Min(us)  Max(us)    Avg(us)    Std_dev    Geo_dist  
Period   1        22915        22915        3.1        0          220      30115      3043       2986.25    1940.26
Global   19       429014       22579        3.1        0          172      52785      3093       3120.11    1973.56

Set Statistics
Type     Time(s)  Ops          TPS(ops/s)   Net(M/s)   Get_miss   Min(us)  Max(us)    Avg(us)    Std_dev    Geo_dist  
Period   1        229          229          0.0        0          276      10783      3075       2950.46    1937.35
Global   19       4371         230          0.0        0          276      51867      3260       3303.91    2090.25

Total Statistics
Type     Time(s)  Ops          TPS(ops/s)   Net(M/s)   Get_miss   Min(us)  Max(us)    Avg(us)    Std_dev    Geo_dist  
Period   1        23144        23144        3.1        0          220      30115      3043       2986.16    1940.23
Global   19       433385       22809        3.2        0          172      52785      3094       3122.73    1974.71

[1;1H[2J
Get Statistics
Type     Time(s)  Ops          TPS(ops/s)   Net(M/s)   Get_miss   Min(us)  Max(us)    Avg(us)    Std_dev    Geo_dist  
Period   1        22534        22534        3.1        0          228      34685      3114       3307.00    1953.05
Global   20       451548       22577        3.1        0          172      52785      3094       3129.75    1972.53

Set Statistics
Type     Time(s)  Ops          TPS(ops/s)   Net(M/s)   Get_miss   Min(us)  Max(us)    Avg(us)    Std_dev    Geo_dist  
Period   1        226          226          0.0        0          348      23583      3283       3299.85    2115.88
Global   20       4597         229          0.0        0          276      51867      3261       3303.48    2091.51

Total Statistics
Type     Time(s)  Ops          TPS(ops/s)   Net(M/s)   Get_miss   Min(us)  Max(us)    Avg(us)    Std_dev    Geo_dist  
Period   1        22761        22761        3.1        0          228      34685      3116       3306.99    1954.73
Global   20       456146       22807        3.1        0          172      52785      3096       3131.29    1973.71

[1;1H[2J
Get Statistics
Type     Time(s)  Ops          TPS(ops/s)   Net(M/s)   Get_miss   Min(us)  Max(us)    Avg(us)    Std_dev    Geo_dist  
Period   1        22326        22326        3.1        0          269      30427      3163       3087.60    2010.68
Global   21       473874       22565        3.1        0          172      52785      3097       3128.08    1974.32

Set Statistics
Type     Time(s)  Ops          TPS(ops/s)   Net(M/s)   Get_miss   Min(us)  Max(us)    Avg(us)    Std_dev    Geo_dist  
Period   1        222          222          0.0        0          309      12492      2893       2738.79    1951.58
Global   21       4819         229          0.0        0          276      51867      3244       3280.32    2084.85

Total Statistics
Type     Time(s)  Ops          TPS(ops/s)   Net(M/s)   Get_miss   Min(us)  Max(us)    Avg(us)    Std_dev    Geo_dist  
Period   1        22549        22549        3.1        0          269      30427      3161       3083.61    2009.78
Global   21       478695       22795        3.1        0          172      52785      3099       3129.15    1975.39

[1;1H[2J
Get Statistics
Type     Time(s)  Ops          TPS(ops/s)   Net(M/s)   Get_miss   Min(us)  Max(us)    Avg(us)    Std_dev    Geo_dist  
Period   1        23192        23192        3.1        0          252      26467      3019       3000.09    1949.03
Global   22       497066       22593        3.2        0          172      52785      3093       3122.62    1973.15

Set Statistics
Type     Time(s)  Ops          TPS(ops/s)   Net(M/s)   Get_miss   Min(us)  Max(us)    Avg(us)    Std_dev    Geo_dist  
Period   1        240          240          0.0        0          475      16746      2882       2766.45    1966.46
Global   22       5059         229          0.0        0          276      51867      3227       3258.27    2079.07

Total Statistics
Type     Time(s)  Ops          TPS(ops/s)   Net(M/s)   Get_miss   Min(us)  Max(us)    Avg(us)    Std_dev    Geo_dist  
Period   1        23430        23430        3.1        0          252      26467      3018       2997.61    1949.92
Global   22       502125       22823        3.2        0          172      52785      3095       3123.40    1974.19

[1;1H[2J
Get Statistics
Type     Time(s)  Ops          TPS(ops/s)   Net(M/s)   Get_miss   Min(us)  Max(us)    Avg(us)    Std_dev    Geo_dist  
Period   1        22611        22611        3.1        0          237      20557      3103       3045.55    1969.78
Global   23       519677       22594        3.1        0          172      52785      3094       3118.75    1973.01

Set Statistics
Type     Time(s)  Ops          TPS(ops/s)   Net(M/s)   Get_miss   Min(us)  Max(us)    Avg(us)    Std_dev    Geo_dist  
Period   1        231          231          0.0        0          338      11561      3049       2964.44    1968.35
Global   23       5290         230          0.0        0          276      51867      3219       3246.17    2074.11

Total Statistics
Type     Time(s)  Ops          TPS(ops/s)   Net(M/s)   Get_miss   Min(us)  Max(us)    Avg(us)    Std_dev    Geo_dist  
Period   1        22842        22842        3.1        0          237      20557      3102       3045.14    1969.77
Global   23       524967       22824        3.1        0          172      52785      3095       3120.33    1974.00

[1;1H[2J
Get Statistics
Type     Time(s)  Ops          TPS(ops/s)   Net(M/s)   Get_miss   Min(us)  Max(us)    Avg(us)    Std_dev    Geo_dist  
Period   1        21989        21989        3.1        0          179      23938      3192       3131.95    2036.03
Global   24       541666       22569        3.0        0          172      52785      3098       3119.32    1975.53

Set Statistics
Type     Time(s)  Ops          TPS(ops/s)   Net(M/s)   Get_miss   Min(us)  Max(us)    Avg(us)    Std_dev    Geo_dist  
Period   1        219          219          0.0        0          375      13264      3179       3060.75    2051.91
Global   24       5509         229          0.0        0          276      51867      3218       3238.16    2073.22

Total Statistics
Type     Time(s)  Ops          TPS(ops/s)   Net(M/s)   Get_miss   Min(us)  Max(us)    Avg(us)    Std_dev    Geo_dist  
Period   1        22208        22208        3.1        0          179      23938      3192       3131.06    2036.19
Global   24       547175       22798        3.0        0          172      52785      3099       3120.76    1976.49

[1;1H[2J
Get Statistics
Type     Time(s)  Ops          TPS(ops/s)   Net(M/s)   Get_miss   Min(us)  Max(us)    Avg(us)    Std_dev    Geo_dist  
Period   1        22792        22792        3.1        0          174      27846      3074       3025.57    1967.66
Global   25       564458       22578        3.1        0          172      52785      3097       3115.62    1975.21

Set Statistics
Type     Time(s)  Ops          TPS(ops/s)   Net(M/s)   Get_miss   Min(us)  Max(us)    Avg(us)    Std_dev    Geo_dist  
Period   1        225          225          0.0        0          325      12524      3418       3192.67    2197.79
Global   25       5734         229          0.0        0          276      51867      3225       3237.19    2077.97

Total Statistics
Type     Time(s)  Ops          TPS(ops/s)   Net(M/s)   Get_miss   Min(us)  Max(us)    Avg(us)    Std_dev    Geo_dist  
Period   1        23019        23019        3.1        0          174      27846      3078       3026.47    1969.69
Global   25       570194       22807        3.2        0          172      52785      3098       3117.16    1976.21

[1;1H[2J
Get Statistics
Type     Time(s)  Ops          TPS(ops/s)   Net(M/s)   Get_miss   Min(us)  Max(us)    Avg(us)    Std_dev    Geo_dist  
Period   1        22197        22197        3.1        0          238      29314      3169       3084.93    2044.93
Global   26       586655       22563        3.0        0          172      52785      3100       3114.22    1977.83

Set Statistics
Type     Time(s)  Ops          TPS(ops/s)   Net(M/s)   Get_miss   Min(us)  Max(us)    Avg(us)    Std_dev    Geo_dist  
Period   1        225          225          0.0        0          365      24029      2839       3138.37    1831.72
Global   26       5959         229          0.0        0          276      51867      3211       3233.52    2068.10

Total Statistics
Type     Time(s)  Ops          TPS(ops/s)   Net(M/s)   Get_miss   Min(us)  Max(us)    Avg(us)    Std_dev    Geo_dist  
Period   1        22420        22420        3.1        0          238      29314      3166       3085.53    2043.42
Global   26       592614       22792        3.1        0          172      52785      3101       3115.57    1978.72

[1;1H[2J
Get Statistics
Type     Time(s)  Ops          TPS(ops/s)   Net(M/s)   Get_miss   Min(us)  Max(us)    Avg(us)    Std_dev    Geo_dist  
Period   1        23032        23032        3.1        0          198      22666      3064       2957.60    1999.27
Global   27       609687       22581        3.2        0          172      52785      3098       3109.09    1978.63

Set Statistics
Type     Time(s)  Ops          TPS(ops/s)   Net(M/s)   Get_miss   Min(us)  Max(us)    Avg(us)    Std_dev    Geo_dist  
Period   1        229          229          0.0        0          398      21616      3453       3386.17    2211.51
Global   27       6188         229          0.0        0          276      51867      3220       3239.29    2073.24

Total Statistics
Type     Time(s)  Ops          TPS(ops/s)   Net(M/s)   Get_miss   Min(us)  Max(us)    Avg(us)    Std_dev    Geo_dist  
Period   1        23261        23261        3.1        0          198      22666      3068       2962.11    2001.25
Global   27       615875       22810        3.2        0          172      52785      3100       3109.67    1979.56

[1;1H[2J
Get Statistics
Type     Time(s)  Ops          TPS(ops/s)   Net(M/s)   Get_miss   Min(us)  Max(us)    Avg(us)    Std_dev    Geo_dist  
Period   1        22622        22622        3.1        0          264      33311      3089       3131.51    1971.95
Global   28       632309       22582        3.1        0          172      52785      3098       3109.57    1978.39

Set Statistics
Type     Time(s)  Ops          TPS(ops/s)   Net(M/s)   Get_miss   Min(us)  Max(us)    Avg(us)    Std_dev    Geo_dist  
Period   1        237          237          0.0        0          343      13898      3145       3060.76    2040.48
Global   28       6425         229          0.0        0          276      51867      3217       3232.92    2072.02

Total Statistics
Type     Time(s)  Ops          TPS(ops/s)   Net(M/s)   Get_miss   Min(us)  Max(us)    Avg(us)    Std_dev    Geo_dist  
Period   1        22859        22859        3.1        0          264      33311      3090       3130.31    1972.65
Global   28       638734       22811        3.1        0          172      52785      3099       3111.05    1979.31

[1;1H[2J
Get Statistics
Type     Time(s)  Ops          TPS(ops/s)   Net(M/s)   Get_miss   Min(us)  Max(us)    Avg(us)    Std_dev    Geo_dist  
Period   1        24171        24171        3.1        0          182      28313      2904       2955.58    1857.16
Global   29       656480       22637        3.3        0          172      52785      3091       3104.11    1973.79

Set Statistics
Type     Time(s)  Ops          TPS(ops/s)   Net(M/s)   Get_miss   Min(us)  Max(us)    Avg(us)    Std_dev    Geo_dist  
Period   1        244          244          0.0        0          317      12252      3076       2961.23    1967.39
Global   29       6669         229          0.0        0          276      51867      3212       3223.13    2068.10

Total Statistics
Type     Time(s)  Ops          TPS(ops/s)   Net(M/s)   Get_miss   Min(us)  Max(us)    Avg(us)    Std_dev    Geo_dist  
Period   1        24416        24416        3.1        0          182      28313      2906       2955.25    1858.22
Global   29       663150       22867        3.4        0          172      52785      3092       3105.56    1974.72

[1;1H[2J
Get Statistics
Type     Time(s)  Ops          TPS(ops/s)   Net(M/s)   Get_miss   Min(us)  Max(us)    Avg(us)    Std_dev    Geo_dist  
Period   1        22343        22343        3.1        0          222      24342      3157       3029.61    2024.52
Global   30       678823       22627        3.1        0          172      52785      3093       3101.87    1975.46

Set Statistics
Type     Time(s)  Ops          TPS(ops/s)   Net(M/s)   Get_miss   Min(us)  Max(us)    Avg(us)    Std_dev    Geo_dist  
Period   1        221          221          0.0        0          354      12472      3293       3008.22    2116.87
Global   30       6890         229          0.0        0          276      51867      3214       3216.88    2069.64

Total Statistics
Type     Time(s)  Ops          TPS(ops/s)   Net(M/s)   Get_miss   Min(us)  Max(us)    Avg(us)    Std_dev    Geo_dist  
Period   1        22563        22563        3.1        0          222      24342      3158       3029.84    2025.43
Global   30       685713       22857        3.1        0          172      52785      3094       3103.29    1976.39

[1;1H[2J
Get Statistics
Type     Time(s)  Ops          TPS(ops/s)   Net(M/s)   Get_miss   Min(us)  Max(us)    Avg(us)    Std_dev    Geo_dist  
Period   1        22807        22807        3.1        0          177      34630      3081       2943.31    1995.58
Global   31       701630       22633        3.1        0          172      52785      3093       3096.46    1976.11

Set Statistics
Type     Time(s)  Ops          TPS(ops/s)   Net(M/s)   Get_miss   Min(us)  Max(us)    Avg(us)    Std_dev    Geo_dist  
Period   1        231          231          0.0        0          298      21861      3285       3100.81    2121.34
Global   31       7121         229          0.0        0          276      51867      3217       3212.30    2071.30

Total Statistics
Type     Time(s)  Ops          TPS(ops/s)   Net(M/s)   Get_miss   Min(us)  Max(us)    Avg(us)    Std_dev    Geo_dist  
Period   1        23039        23039        3.1        0          177      34630      3083       2945.29    1996.92
Global   31       708752       22862        3.2        0          172      52785      3094       3097.92    1977.05

[1;1H[2J
Get Statistics
Type     Time(s)  Ops          TPS(ops/s)   Net(M/s)   Get_miss   Min(us)  Max(us)    Avg(us)    Std_dev    Geo_dist  
Period   1        22718        22718        3.1        0          264      31219      3097       3108.26    1989.18
Global   32       724348       22635        3.1        0          172      52785      3093       3096.96    1976.52

Set Statistics
Type     Time(s)  Ops          TPS(ops/s)   Net(M/s)   Get_miss   Min(us)  Max(us)    Avg(us)    Std_dev    Geo_dist  
Period   1        228          228          0.0        0          405      13415      3013       2851.50    1996.44
Global   32       7349         229          0.0        0          276      51867      3210       3202.41    2068.94

Total Statistics
Type     Time(s)  Ops          TPS(ops/s)   Net(M/s)   Get_miss   Min(us)  Max(us)    Avg(us)    Std_dev    Geo_dist  
Period   1        22945        22945        3.1        0          264      31219      3097       3105.07    1989.13
Global   32       731697       22865        3.2        0          172      52785      3094       3098.24    1977.43

[1;1H[2J
Get Statistics
Type     Time(s)  Ops          TPS(ops/s)   Net(M/s)   Get_miss   Min(us)  Max(us)    Avg(us)    Std_dev    Geo_dist  
Period   1        22045        22045        3.1        0          220      24473      3196       3112.28    2012.28
Global   33       746393       22617        3.0        0          172      52785      3096       3097.51    1977.57

Set Statistics
Type     Time(s)  Ops          TPS(ops/s)   Net(M/s)   Get_miss   Min(us)  Max(us)    Avg(us)    Std_dev    Geo_dist  
Period   1        223          223          0.0        0          356      11342      3208       2992.05    2085.34
Global   33       7572         229          0.0        0          276      51867      3210       3196.17    2069.42

Total Statistics
Type     Time(s)  Ops          TPS(ops/s)   Net(M/s)   Get_miss   Min(us)  Max(us)    Avg(us)    Std_dev    Geo_dist  
Period   1        22268        22268        3.1        0          220      24473      3196       3111.16    2013.00
Global   33       753965       22847        3.1        0          172      52785      3097       3098.68    1978.47

[1;1H[2J
Get Statistics
Type     Time(s)  Ops          TPS(ops/s)   Net(M/s)   Get_miss   Min(us)  Max(us)    Avg(us)    Std_dev    Geo_dist  
Period   1        23459        23459        3.1        0          241      22551      2946       2795.71    1975.08
Global   34       769852       22642        3.2        0          172      52785      3091       3089.28    1977.49

Set Statistics
Type     Time(s)  Ops          TPS(ops/s)   Net(M/s)   Get_miss   Min(us)  Max(us)    Avg(us)    Std_dev    Geo_dist  
Period   1        240          240          0.0        0          433      14003      2963       2884.30    2006.23
Global   34       7812         229          0.0        0          276      51867      3203       3186.56    2067.45

Total Statistics
Type     Time(s)  Ops          TPS(ops/s)   Net(M/s)   Get_miss   Min(us)  Max(us)    Avg(us)    Std_dev    Geo_dist  
Period   1        23699        23699        3.1        0          241      22551      2946       2796.74    1975.39
Global   34       777664       22872        3.3        0          172      52785      3092       3090.42    1978.38

[1;1H[2J
Get Statistics
Type     Time(s)  Ops          TPS(ops/s)   Net(M/s)   Get_miss   Min(us)  Max(us)    Avg(us)    Std_dev    Geo_dist  
Period   1        22755        22755        3.1        0          215      23127      3108       3046.61    1975.34
Global   35       792607       22645        3.1        0          172      52785      3092       3087.55    1977.43

Set Statistics
Type     Time(s)  Ops          TPS(ops/s)   Net(M/s)   Get_miss   Min(us)  Max(us)    Avg(us)    Std_dev    Geo_dist  
Period   1        235          235          0.0        0          457      12141      3184       3000.89    2061.66
Global   35       8047         229          0.0        0          276      51867      3202       3181.57    2067.28

Total Statistics
Type     Time(s)  Ops          TPS(ops/s)   Net(M/s)   Get_miss   Min(us)  Max(us)    Avg(us)    Std_dev    Geo_dist  
Period   1        22990        22990        3.1        0          215      23127      3109       3045.86    1976.20
Global   35       800654       22875        3.2        0          172      52785      3093       3088.63    1978.32

[1;1H[2J
Get Statistics
Type     Time(s)  Ops          TPS(ops/s)   Net(M/s)   Get_miss   Min(us)  Max(us)    Avg(us)    Std_dev    Geo_dist  
Period   1        23720        23720        3.1        0          193      25422      2945       2976.32    1925.69
Global   36       816327       22675        3.3        0          172      52785      3087       3085.20    1975.91

Set Statistics
Type     Time(s)  Ops          TPS(ops/s)   Net(M/s)   Get_miss   Min(us)  Max(us)    Avg(us)    Std_dev    Geo_dist  
Period   1        237          237          0.0        0          358      18935      3335       3087.51    2239.79
Global   36       8284         230          0.0        0          276      51867      3206       3178.62    2072.02

Total Statistics
Type     Time(s)  Ops          TPS(ops/s)   Net(M/s)   Get_miss   Min(us)  Max(us)    Avg(us)    Std_dev    Geo_dist  
Period   1        23957        23957        3.1        0          193      25422      2949       2977.48    1928.57
Global   36       824611       22905        3.3        0          172      52785      3089       3085.37    1976.85

[1;1H[2J
Get Statistics
Type     Time(s)  Ops          TPS(ops/s)   Net(M/s)   Get_miss   Min(us)  Max(us)    Avg(us)    Std_dev    Geo_dist  
Period   1        23290        23290        3.1        0          175      33725      3002       3029.57    1930.18
Global   37       839617       22692        3.2        0          172      52785      3085       3083.34    1974.63

Set Statistics
Type     Time(s)  Ops          TPS(ops/s)   Net(M/s)   Get_miss   Min(us)  Max(us)    Avg(us)    Std_dev    Geo_dist  
Period   1        232          232          0.0        0          395      10835      2985       2736.12    2034.24
Global   37       8516         230          0.0        0          276      51867      3200       3167.42    2070.98

Total Statistics
Type     Time(s)  Ops          TPS(ops/s)   Net(M/s)   Get_miss   Min(us)  Max(us)    Avg(us)    Std_dev    Geo_dist  
Period   1        23522        23522        3.1        0          175      33725      3002       3026.59    1931.18
Global   37       848133       22922        3.2        0          172      52785      3086       3084.37    1975.57

[1;1H[2J
Get Statistics
Type     Time(s)  Ops          TPS(ops/s)   Net(M/s)   Get_miss   Min(us)  Max(us)    Avg(us)    Std_dev    Geo_dist  
Period   1        22473        22473        3.1        0          234      23399      3105       2973.40    1987.64
Global   38       862090       22686        3.1        0          172      52785      3086       3080.05    1974.96

Set Statistics
Type     Time(s)  Ops          TPS(ops/s)   Net(M/s)   Get_miss   Min(us)  Max(us)    Avg(us)    Std_dev    Geo_dist  
Period   1        229          229          0.0        0          352      13760      3508       3116.61    2246.90
Global   38       8745         230          0.0        0          276      51867      3208       3166.38    2075.41

Total Statistics
Type     Time(s)  Ops          TPS(ops/s)   Net(M/s)   Get_miss   Min(us)  Max(us)    Avg(us)    Std_dev    Geo_dist  
Period   1        22702        22702        3.1        0          234      23399      3109       2975.15    1990.10
Global   38       870835       22916        3.1        0          172      52785      3087       3081.18    1975.95

[1;1H[2J
Get Statistics
Type     Time(s)  Ops          TPS(ops/s)   Net(M/s)   Get_miss   Min(us)  Max(us)    Avg(us)    Std_dev    Geo_dist  
Period   1        22664        22664        3.1        0          237      22084      3119       3034.61    1963.79
Global   39       884754       22686        3.1        0          172      52785      3086       3079.74    1974.68

Set Statistics
Type     Time(s)  Ops          TPS(ops/s)   Net(M/s)   Get_miss   Min(us)  Max(us)    Avg(us)    Std_dev    Geo_dist  
Period   1        227          227          0.0        0          318      13816      3028       2976.01    1921.96
Global   39       8972         230          0.0        0          276      51867      3203       3162.12    2071.38

Total Statistics
Type     Time(s)  Ops          TPS(ops/s)   Net(M/s)   Get_miss   Min(us)  Max(us)    Avg(us)    Std_dev    Geo_dist  
Period   1        22891        22891        3.1        0          237      22084      3118       3034.08    1963.37
Global   39       893726       22916        3.1        0          172      52785      3088       3079.77    1975.63

[1;1H[2J
Get Statistics
Type     Time(s)  Ops          TPS(ops/s)   Net(M/s)   Get_miss   Min(us)  Max(us)    Avg(us)    Std_dev    Geo_dist  
Period   1        22476        22476        3.1        0          237      24540      3140       3178.14    1939.61
Global   40       907230       22680        3.1        0          172      52785      3088       3081.56    1973.80

Set Statistics
Type     Time(s)  Ops          TPS(ops/s)   Net(M/s)   Get_miss   Min(us)  Max(us)    Avg(us)    Std_dev    Geo_dist  
Period   1        227          227          0.0        0          449      15178      3770       3386.27    2371.49
Global   40       9199         229          0.0        0          276      51867      3217       3168.86    2078.31

Total Statistics
Type     Time(s)  Ops          TPS(ops/s)   Net(M/s)   Get_miss   Min(us)  Max(us)    Avg(us)    Std_dev    Geo_dist  
Period   1        22703        22703        3.1        0          237      24540      3147       3180.13    1943.52
Global   40       916429       22910        3.1        0          172      52785      3089       3082.77    1974.82

[1;1H[2J
Get Statistics
Type     Time(s)  Ops          TPS(ops/s)   Net(M/s)   Get_miss   Min(us)  Max(us)    Avg(us)    Std_dev    Geo_dist  
Period   1        22445        22445        3.1        0          196      22105      3120       3073.84    1944.53
Global   41       929675       22675        3.1        0          172      52785      3089       3081.15    1973.09

Set Statistics
Type     Time(s)  Ops          TPS(ops/s)   Net(M/s)   Get_miss   Min(us)  Max(us)    Avg(us)    Std_dev    Geo_dist  
Period   1        230          230          0.0        0          437      12248      3093       3029.99    1972.92
Global   41       9429         229          0.0        0          276      51867      3214       3165.43    2075.67

Total Statistics
Type     Time(s)  Ops          TPS(ops/s)   Net(M/s)   Get_miss   Min(us)  Max(us)    Avg(us)    Std_dev    Geo_dist  
Period   1        22675        22675        3.1        0          196      22105      3120       3073.06    1944.82
Global   41       939104       22904        3.1        0          172      52785      3090       3082.29    1974.09

[1;1H[2J
Get Statistics
Type     Time(s)  Ops          TPS(ops/s)   Net(M/s)   Get_miss   Min(us)  Max(us)    Avg(us)    Std_dev    Geo_dist  
Period   1        22573        22573        3.1        0          234      34738      3133       3038.60    2028.46
Global   42       952248       22672        3.1        0          172      52785      3090       3080.20    1974.38

Set Statistics
Type     Time(s)  Ops          TPS(ops/s)   Net(M/s)   Get_miss   Min(us)  Max(us)    Avg(us)    Std_dev    Geo_dist  
Period   1        225          225          0.0        0          440      14975      3202       3011.97    2098.46
Global   42       9654         229          0.0        0          276      51867      3214       3161.50    2076.20

Total Statistics
Type     Time(s)  Ops          TPS(ops/s)   Net(M/s)   Get_miss   Min(us)  Max(us)    Avg(us)    Std_dev    Geo_dist  
Period   1        22798        22798        3.1        0          234      34738      3134       3037.96    2029.14
Global   42       961902       22902        3.1        0          172      52785      3091       3081.30    1975.38

[1;1H[2J
Get Statistics
Type     Time(s)  Ops          TPS(ops/s)   Net(M/s)   Get_miss   Min(us)  Max(us)    Avg(us)    Std_dev    Geo_dist  
Period   1        22120        22120        3.1        0          231      30373      3173       3184.22    1961.55
Global   43       974368       22659        3.0        0          172      52785      3092       3082.51    1974.09

Set Statistics
Type     Time(s)  Ops          TPS(ops/s)   Net(M/s)   Get_miss   Min(us)  Max(us)    Avg(us)    Std_dev    Geo_dist  
Period   1        221          221          0.0        0          271      11707      3357       3047.86    2155.31
Global   43       9875         229          0.0        0          271      51867      3217       3159.13    2077.94

Total Statistics
Type     Time(s)  Ops          TPS(ops/s)   Net(M/s)   Get_miss   Min(us)  Max(us)    Avg(us)    Std_dev    Geo_dist  
Period   1        22341        22341        3.1        0          231      30373      3174       3183.70    1963.38
Global   43       984243       22889        3.1        0          172      52785      3093       3083.56    1975.11

[1;1H[2J
Get Statistics
Type     Time(s)  Ops          TPS(ops/s)   Net(M/s)   Get_miss   Min(us)  Max(us)    Avg(us)    Std_dev    Geo_dist  
Period   1        22066        22066        3.1        0          232      21092      3136       3134.92    2010.35
Global   44       996434       22646        3.0        0          172      52785      3093       3083.66    1974.89

Set Statistics
Type     Time(s)  Ops          TPS(ops/s)   Net(M/s)   Get_miss   Min(us)  Max(us)    Avg(us)    Std_dev    Geo_dist  
Period   1        225          225          0.0        0          333      13660      3266       3040.21    2139.60
Global   44       10100        229          0.0        0          271      51867      3218       3156.48    2079.29

Total Statistics
Type     Time(s)  Ops          TPS(ops/s)   Net(M/s)   Get_miss   Min(us)  Max(us)    Avg(us)    Std_dev    Geo_dist  
Period   1        22291        22291        3.1        0          232      21092      3137       3134.25    2011.61
Global   44       1006534      22875        3.1        0          172      52785      3094       3084.68    1975.91

[1;1H[2J
Get Statistics
Type     Time(s)  Ops          TPS(ops/s)   Net(M/s)   Get_miss   Min(us)  Max(us)    Avg(us)    Std_dev    Geo_dist  
Period   1        22003        22003        3.1        0          281      20760      3189       3067.36    2048.80
Global   45       1018437      22631        3.0        0          172      52785      3095       3083.41    1976.46

Set Statistics
Type     Time(s)  Ops          TPS(ops/s)   Net(M/s)   Get_miss   Min(us)  Max(us)    Avg(us)    Std_dev    Geo_dist  
Period   1        222          222          0.0        0          475      18015      3042       2975.66    2039.09
Global   45       10322        229          0.0        0          271      51867      3215       3151.87    2078.42

Total Statistics
Type     Time(s)  Ops          TPS(ops/s)   Net(M/s)   Get_miss   Min(us)  Max(us)    Avg(us)    Std_dev    Geo_dist  
Period   1        22225        22225        3.1        0          281      20760      3187       3066.98    2048.70
Global   45       1028759      22861        3.1        0          172      52785      3096       3084.33    1977.45

[1;1H[2J
Get Statistics
Type     Time(s)  Ops          TPS(ops/s)   Net(M/s)   Get_miss   Min(us)  Max(us)    Avg(us)    Std_dev    Geo_dist  
Period   1        22503        22503        3.1        0          201      25541      3113       3106.08    1931.91
Global   46       1040940      22629        3.1        0          172      52785      3095       3084.29    1975.48

Set Statistics
Type     Time(s)  Ops          TPS(ops/s)   Net(M/s)   Get_miss   Min(us)  Max(us)    Avg(us)    Std_dev    Geo_dist  
Period   1        223          223          0.0        0          312      18166      3313       3266.64    2052.89
Global   46       10545        229          0.0        0          271      51867      3217       3154.29    2077.88

Total Statistics
Type     Time(s)  Ops          TPS(ops/s)   Net(M/s)   Get_miss   Min(us)  Max(us)    Avg(us)    Std_dev    Geo_dist  
Period   1        22726        22726        3.1        0          201      25541      3115       3107.64    1933.06
Global   46       1051485      22858        3.1        0          172      52785      3096       3085.25    1976.48

[1;1H[2J
Get Statistics
Type     Time(s)  Ops          TPS(ops/s)   Net(M/s)   Get_miss   Min(us)  Max(us)    Avg(us)    Std_dev    Geo_dist  
Period   1        22851        22851        3.1        0          204      40622      3078       3100.91    1905.08
Global   47       1063791      22633        3.1        0          172      52785      3095       3084.28    1973.94

Set Statistics
Type     Time(s)  Ops          TPS(ops/s)   Net(M/s)   Get_miss   Min(us)  Max(us)    Avg(us)    Std_dev    Geo_dist  
Period   1        233          233          0.0        0          403      14736      3159       3260.59    1912.49
Global   47       10778        229          0.0        0          271      51867      3215       3157.24    2074.15

Total Statistics
Type     Time(s)  Ops          TPS(ops/s)   Net(M/s)   Get_miss   Min(us)  Max(us)    Avg(us)    Std_dev    Geo_dist  
Period   1        23085        23085        3.1        0          204      40622      3079       3102.20    1905.15
Global   47       1074570      22863        3.2        0          172      52785      3096       3085.25    1974.92

[1;1H[2J
Get Statistics
Type     Time(s)  Ops          TPS(ops/s)   Net(M/s)   Get_miss   Min(us)  Max(us)    Avg(us)    Std_dev    Geo_dist  
Period   1        23469        23469        3.1        0          203      27591      2985       2983.38    1921.22
Global   48       1087260      22651        3.2        0          172      52785      3092       3082.81    1972.80

Set Statistics
Type     Time(s)  Ops          TPS(ops/s)   Net(M/s)   Get_miss   Min(us)  Max(us)    Avg(us)    Std_dev    Geo_dist  
Period   1        239          239          0.0        0          407      10707      2732       2653.94    1844.00
Global   48       11017        229          0.0        0          271      51867      3205       3147.37    2068.87

Total Statistics
Type     Time(s)  Ops          TPS(ops/s)   Net(M/s)   Get_miss   Min(us)  Max(us)    Avg(us)    Std_dev    Geo_dist  
Period   1        23707        23707        3.1        0          203      27591      2982       2980.85    1920.43
Global   48       1098277      22880        3.3        0          172      52785      3093       3083.62    1973.74

[1;1H[2J
Get Statistics
Type     Time(s)  Ops          TPS(ops/s)   Net(M/s)   Get_miss   Min(us)  Max(us)    Avg(us)    Std_dev    Geo_dist  
Period   1        22172        22172        3.1        0          243      40418      3179       3175.31    1980.56
Global   49       1109432      22641        3.0        0          172      52785      3094       3084.44    1972.96

Set Statistics
Type     Time(s)  Ops          TPS(ops/s)   Net(M/s)   Get_miss   Min(us)  Max(us)    Avg(us)    Std_dev    Geo_dist  
Period   1        225          225          0.0        0          333      23168      3283       3281.26    2086.72
Global   49       11242        229          0.0        0          271      51867      3207       3149.53    2069.22

Total Statistics
Type     Time(s)  Ops          TPS(ops/s)   Net(M/s)   Get_miss   Min(us)  Max(us)    Avg(us)    Std_dev    Geo_dist  
Period   1        22397        22397        3.1        0          243      40418      3180       3176.38    1981.60
Global   49       1120674      22870        3.1        0          172      52785      3095       3085.26    1973.90

[1;1H[2J
Get Statistics
Type     Time(s)  Ops          TPS(ops/s)   Net(M/s)   Get_miss   Min(us)  Max(us)    Avg(us)    Std_dev    Geo_dist  
Period   1        22659        22659        3.1        0          251      26354      3130       3058.36    1985.62
Global   50       1132091      22641        3.1        0          172      52785      3095       3083.65    1973.21

Set Statistics
Type     Time(s)  Ops          TPS(ops/s)   Net(M/s)   Get_miss   Min(us)  Max(us)    Avg(us)    Std_dev    Geo_dist  
Period   1        227          227          0.0        0          449      12191      2998       2895.90    1944.44
Global   50       11469        229          0.0        0          271      51867      3202       3145.60    2066.68

Total Statistics
Type     Time(s)  Ops          TPS(ops/s)   Net(M/s)   Get_miss   Min(us)  Max(us)    Avg(us)    Std_dev    Geo_dist  
Period   1        22886        22886        3.1        0          251      26354      3129       3056.44    1985.21
Global   50       1143560      22871        3.1        0          172      52785      3096       3084.36    1974.13

[1;1H[2J
Get Statistics
Type     Time(s)  Ops          TPS(ops/s)   Net(M/s)   Get_miss   Min(us)  Max(us)    Avg(us)    Std_dev    Geo_dist  
Period   1        22748        22748        3.1        0          218      24623      3065       3076.26    1927.18
Global   51       1154839      22643        3.1        0          172      52785      3094       3083.91    1972.29

Set Statistics
Type     Time(s)  Ops          TPS(ops/s)   Net(M/s)   Get_miss   Min(us)  Max(us)    Avg(us)    Std_dev    Geo_dist  
Period   1        229          229          0.0        0          314      13236      3275       3124.50    2060.00
Global   51       11698        229          0.0        0          271      51867      3204       3144.49    2066.55

Total Statistics
Type     Time(s)  Ops          TPS(ops/s)   Net(M/s)   Get_miss   Min(us)  Max(us)    Avg(us)    Std_dev    Geo_dist  
Period   1        22977        22977        3.1        0          218      24623      3067       3076.83    1928.46
Global   51       1166537      22873        3.2        0          172      52785      3095       3084.65    1973.22

[1;1H[2J
Get Statistics
Type     Time(s)  Ops          TPS(ops/s)   Net(M/s)   Get_miss   Min(us)  Max(us)    Avg(us)    Std_dev    Geo_dist  
Period   1        22745        22745        3.1        0          252      29768      3090       2942.05    2039.10
Global   52       1177584      22645        3.1        0          172      52785      3094       3081.16    1973.56

Set Statistics
Type     Time(s)  Ops          TPS(ops/s)   Net(M/s)   Get_miss   Min(us)  Max(us)    Avg(us)    Std_dev    Geo_dist  
Period   1        235          235          0.0        0          423      11839      3099       2891.50    2053.24
Global   52       11933        229          0.0        0          271      51867      3202       3139.56    2066.29

Total Statistics
Type     Time(s)  Ops          TPS(ops/s)   Net(M/s)   Get_miss   Min(us)  Max(us)    Avg(us)    Std_dev    Geo_dist  
Period   1        22980        22980        3.1        0          252      29768      3090       2941.57    2039.24
Global   52       1189517      22875        3.2        0          172      52785      3095       3081.85    1974.47

[1;1H[2J
Get Statistics
Type     Time(s)  Ops          TPS(ops/s)   Net(M/s)   Get_miss   Min(us)  Max(us)    Avg(us)    Std_dev    Geo_dist  
Period   1        22520        22520        3.1        0          237      26036      3106       3131.16    1970.81
Global   53       1200104      22643        3.1        0          172      52785      3094       3082.33    1973.51

Set Statistics
Type     Time(s)  Ops          TPS(ops/s)   Net(M/s)   Get_miss   Min(us)  Max(us)    Avg(us)    Std_dev    Geo_dist  
Period   1        228          228          0.0        0          319      20656      3633       3683.39    2180.62
Global   53       12161        229          0.0        0          271      51867      3210       3151.07    2068.37

Total Statistics
Type     Time(s)  Ops          TPS(ops/s)   Net(M/s)   Get_miss   Min(us)  Max(us)    Avg(us)    Std_dev    Geo_dist  
Period   1        22748        22748        3.1        0          237      26036      3111       3137.80    1972.81
Global   53       1212265      22872        3.1        0          172      52785      3095       3083.21    1974.44

[1;1H[2J
Get Statistics
Type     Time(s)  Ops          TPS(ops/s)   Net(M/s)   Get_miss   Min(us)  Max(us)    Avg(us)    Std_dev    Geo_dist  
Period   1        22259        22259        3.1        0          203      28894      3176       3091.01    2012.39
Global   54       1222363      22636        3.1        0          172      52785      3096       3081.99    1974.21

Set Statistics
Type     Time(s)  Ops          TPS(ops/s)   Net(M/s)   Get_miss   Min(us)  Max(us)    Avg(us)    Std_dev    Geo_dist  
Period   1        226          226          0.0        0          280      12599      3040       2978.29    1924.02
Global   54       12387        229          0.0        0          271      51867      3207       3147.86    2065.64

Total Statistics
Type     Time(s)  Ops          TPS(ops/s)   Net(M/s)   Get_miss   Min(us)  Max(us)    Avg(us)    Std_dev    Geo_dist  
Period   1        22485        22485        3.1        0          203      28894      3175       3089.48    2011.49
Global   54       1234750      22865        3.1        0          172      52785      3097       3082.80    1975.11

[1;1H[2J
Get Statistics
Type     Time(s)  Ops          TPS(ops/s)   Net(M/s)   Get_miss   Min(us)  Max(us)    Avg(us)    Std_dev    Geo_dist  
Period   1        22401        22401        3.1        0          242      26464      3104       3046.49    1975.03
Global   55       1244764      22632        3.1        0          172      52785      3096       3081.50    1974.23

Set Statistics
Type     Time(s)  Ops          TPS(ops/s)   Net(M/s)   Get_miss   Min(us)  Max(us)    Avg(us)    Std_dev    Geo_dist  
Period   1        224          224          0.0        0          430      22094      3447       3341.93    2173.81
Global   55       12611        229          0.0        0          271      51867      3211       3151.70    2067.52

Total Statistics
Type     Time(s)  Ops          TPS(ops/s)   Net(M/s)   Get_miss   Min(us)  Max(us)    Avg(us)    Std_dev    Geo_dist  
Period   1        22625        22625        3.1        0          242      26464      3107       3050.07    1976.91
Global   55       1257375      22861        3.1        0          172      52785      3097       3082.39    1975.14

[1;1H[2J
Get Statistics
Type     Time(s)  Ops          TPS(ops/s)   Net(M/s)   Get_miss   Min(us)  Max(us)    Avg(us)    Std_dev    Geo_dist  
Period   1        23041        23041        3.1        0          229      30200      3047       2896.14    1993.64
Global   56       1267805      22639        3.2        0          172      52785      3095       3078.35    1974.58

Set Statistics
Type     Time(s)  Ops          TPS(ops/s)   Net(M/s)   Get_miss   Min(us)  Max(us)    Avg(us)    Std_dev    Geo_dist  
Period   1        235          235          0.0        0          417      11608      3064       2849.99    2025.43
Global   56       12846        229          0.0        0          271      51867      3208       3146.72    2066.74

Total Statistics
Type     Time(s)  Ops          TPS(ops/s)   Net(M/s)   Get_miss   Min(us)  Max(us)    Avg(us)    Std_dev    Geo_dist  
Period   1        23276        23276        3.1        0          229      30200      3047       2895.80    1993.96
Global   56       1280651      22868        3.2        0          172      52785      3096       3079.20    1975.48

[1;1H[2J
Get Statistics
Type     Time(s)  Ops          TPS(ops/s)   Net(M/s)   Get_miss   Min(us)  Max(us)    Avg(us)    Std_dev    Geo_dist  
Period   1        22678        22678        3.1        0          225      35733      3063       3360.80    1908.94
Global   57       1290483      22640        3.1        0          172      52785      3094       3083.98    1973.41

Set Statistics
Type     Time(s)  Ops          TPS(ops/s)   Net(M/s)   Get_miss   Min(us)  Max(us)    Avg(us)    Std_dev    Geo_dist  
Period   1        227          227          0.0        0          472      35655      3041       3640.96    1923.53
Global   57       13073        229          0.0        0          271      51867      3205       3155.98    2064.16

Total Statistics
Type     Time(s)  Ops          TPS(ops/s)   Net(M/s)   Get_miss   Min(us)  Max(us)    Avg(us)    Std_dev    Geo_dist  
Period   1        22905        22905        3.1        0          225      35733      3063       3363.41    1909.08
Global   57       1303556      22869        3.1        0          172      52785      3096       3083.84    1974.30

[1;1H[2J
Get Statistics
Type     Time(s)  Ops          TPS(ops/s)   Net(M/s)   Get_miss   Min(us)  Max(us)    Avg(us)    Std_dev    Geo_dist  
Period   1        22664        22664        3.1        0          201      25744      3095       3036.03    1966.26
Global   58       1313147      22640        3.1        0          172      52785      3094       3083.17    1973.28

Set Statistics
Type     Time(s)  Ops          TPS(ops/s)   Net(M/s)   Get_miss   Min(us)  Max(us)    Avg(us)    Std_dev    Geo_dist  
Period   1        226          226          0.0        0          442      32775      3130       3522.32    1952.93
Global   58       13299        229          0.0        0          271      51867      3204       3162.15    2062.22

Total Statistics
Type     Time(s)  Ops          TPS(ops/s)   Net(M/s)   Get_miss   Min(us)  Max(us)    Avg(us)    Std_dev    Geo_dist  
Period   1        22890        22890        3.1        0          201      32775      3095       3041.47    1966.13
Global   58       1326446      22869        3.1        0          172      52785      3096       3083.09    1974.15

[1;1H[2J
Get Statistics
Type     Time(s)  Ops          TPS(ops/s)   Net(M/s)   Get_miss   Min(us)  Max(us)    Avg(us)    Std_dev    Geo_dist  
Period   1        22006        22006        3.1        0          192      35023      3172       3145.33    2010.34
Global   59       1335153      22629        3.0        0          172      52785      3096       3083.50    1973.89

Set Statistics
Type     Time(s)  Ops          TPS(ops/s)   Net(M/s)   Get_miss   Min(us)  Max(us)    Avg(us)    Std_dev    Geo_dist  
Period   1        223          223          0.0        0          343      18985      3708       3616.64    2270.57
Global   59       13522        229          0.0        0          271      51867      3212       3170.99    2065.50

Total Statistics
Type     Time(s)  Ops          TPS(ops/s)   Net(M/s)   Get_miss   Min(us)  Max(us)    Avg(us)    Std_dev    Geo_dist  
Period   1        22231        22231        3.1        0          192      35023      3177       3151.58    2013.02
Global   59       1348677      22858        3.1        0          172      52785      3097       3084.59    1974.79

[1;1H[2J
Get Statistics
Type     Time(s)  Ops          TPS(ops/s)   Net(M/s)   Get_miss   Min(us)  Max(us)    Avg(us)    Std_dev    Geo_dist  
Period   1        23341        23341        3.1        0          191      21345      3001       2934.88    1922.61
Global   60       1358494      22641        3.2        0          172      52785      3094       3081.41    1973.01

Set Statistics
Type     Time(s)  Ops          TPS(ops/s)   Net(M/s)   Get_miss   Min(us)  Max(us)    Avg(us)    Std_dev    Geo_dist  
Period   1        236          236          0.0        0          302      11247      2877       2838.80    1846.13
Global   60       13758        229          0.0        0          271      51867      3207       3165.03    2061.52

Total Statistics
Type     Time(s)  Ops          TPS(ops/s)   Net(M/s)   Get_miss   Min(us)  Max(us)    Avg(us)    Std_dev    Geo_dist  
Period   1        23575        23575        3.1        0          191      21345      2999       2934.57    1922.34
Global   60       1372252      22870        3.2        0          172      52785      3095       3082.41    1973.88

Get Statistics (1358565 events)
   Min:       172
   Max:     52785
   Avg:      3094
   Geo:   1973.16
   Std:   3081.96
   Log2 Dist:
       8:      250    32329   381184   413497
      12:   153745   286253    88402     2771
      16:      134

Set Statistics (13758 events)
   Min:       271
   Max:     51867
   Avg:      3207
   Geo:   2061.52
   Std:   3165.03
   Log2 Dist:
       8:        0      291     3563     4245
      12:     1693     2965      970       27
      16:        4

Total Statistics (1372323 events)
   Min:       172
   Max:     52785
   Avg:      3096
   Geo:   1974.03
   Std:   3081.95
   Log2 Dist:
       8:      250    32620   384747   417742
      12:   155438   289218    89372     2798
      16:      138

cmd_get: 1358636
cmd_set: 13758
get_misses: 0
written_bytes: 32089710
read_bytes: 224273289
object_bytes: 1981152

Run time: 60.3s Ops: 1372394 TPS: 22767 Net_rate: 4.1M/s
