servers : 10.0.0.7:9000
threads count: 2
concurrency: 2
run time: 60s
windows size: 10k
set proportion: set_prop=0.01
get proportion: get_prop=0.99
[1;1H[2J
Get Statistics
Type     Time(s)  Ops          TPS(ops/s)   Net(M/s)   Get_miss   Min(us)  Max(us)    Avg(us)    Std_dev    Geo_dist  
Period   1        2550         2550         0.4        0          161      5285       774        539.87     665.07
Global   1        2550         2550         0.4        0          161      5285       774        539.87     665.07

Set Statistics
Type     Time(s)  Ops          TPS(ops/s)   Net(M/s)   Get_miss   Min(us)  Max(us)    Avg(us)    Std_dev    Geo_dist  
Period   1        26           26           0.0        0          384      3739       906        710.99     761.71
Global   1        26           26           0.0        0          384      3739       906        710.99     761.71

Total Statistics
Type     Time(s)  Ops          TPS(ops/s)   Net(M/s)   Get_miss   Min(us)  Max(us)    Avg(us)    Std_dev    Geo_dist  
Period   1        2576         2576         0.4        0          161      5285       775        542.32     665.99
Global   1        2576         2576         0.4        0          161      5285       775        542.32     665.99

[1;1H[2J
Get Statistics
Type     Time(s)  Ops          TPS(ops/s)   Net(M/s)   Get_miss   Min(us)  Max(us)    Avg(us)    Std_dev    Geo_dist  
Period   1        2749         2749         0.4        0          154      6801       719        507.10     619.44
Global   2        5299         2649         0.4        0          154      6801       745        524.46     641.00

Set Statistics
Type     Time(s)  Ops          TPS(ops/s)   Net(M/s)   Get_miss   Min(us)  Max(us)    Avg(us)    Std_dev    Geo_dist  
Period   1        28           28           0.0        0          323      2015       760        410.15     679.24
Global   2        54           27           0.0        0          323      3739       831        573.04     717.77

Total Statistics
Type     Time(s)  Ops          TPS(ops/s)   Net(M/s)   Get_miss   Min(us)  Max(us)    Avg(us)    Std_dev    Geo_dist  
Period   1        2777         2777         0.4        0          154      6801       719        506.76     620.02
Global   2        5353         2676         0.4        0          154      6801       746        524.80     641.73

[1;1H[2J
Get Statistics
Type     Time(s)  Ops          TPS(ops/s)   Net(M/s)   Get_miss   Min(us)  Max(us)    Avg(us)    Std_dev    Geo_dist  
Period   1        2610         2610         0.4        0          195      10509      761        561.90     641.22
Global   3        7909         2636         0.4        0          154      10509      750        537.51     641.07

Set Statistics
Type     Time(s)  Ops          TPS(ops/s)   Net(M/s)   Get_miss   Min(us)  Max(us)    Avg(us)    Std_dev    Geo_dist  
Period   1        27           27           0.0        0          245      1193       583        260.31     535.31
Global   3        81           27           0.0        0          245      3739       748        503.90     650.91

Total Statistics
Type     Time(s)  Ops          TPS(ops/s)   Net(M/s)   Get_miss   Min(us)  Max(us)    Avg(us)    Std_dev    Geo_dist  
Period   1        2637         2637         0.4        0          195      10509      759        560.14     640.03
Global   3        7990         2663         0.4        0          154      10509      750        537.13     641.17

[1;1H[2J
Get Statistics
Type     Time(s)  Ops          TPS(ops/s)   Net(M/s)   Get_miss   Min(us)  Max(us)    Avg(us)    Std_dev    Geo_dist  
Period   1        2675         2675         0.4        0          174      4827       741        506.84     639.70
Global   4        10584        2646         0.4        0          154      10509      748        529.53     640.72

Set Statistics
Type     Time(s)  Ops          TPS(ops/s)   Net(M/s)   Get_miss   Min(us)  Max(us)    Avg(us)    Std_dev    Geo_dist  
Period   1        27           27           0.0        0          241      2578       727        540.86     607.58
Global   4        108          27           0.0        0          241      3739       743        510.52     639.80

Total Statistics
Type     Time(s)  Ops          TPS(ops/s)   Net(M/s)   Get_miss   Min(us)  Max(us)    Avg(us)    Std_dev    Geo_dist  
Period   1        2702         2702         0.4        0          174      4827       741        506.88     639.37
Global   4        10692        2673         0.4        0          154      10509      748        529.25     640.71

[1;1H[2J
Get Statistics
Type     Time(s)  Ops          TPS(ops/s)   Net(M/s)   Get_miss   Min(us)  Max(us)    Avg(us)    Std_dev    Geo_dist  
Period   1        2608         2608         0.4        0          195      5001       760        559.63     645.67
Global   5        13192        2638         0.4        0          154      10509      750        536.14     641.70

Set Statistics
Type     Time(s)  Ops          TPS(ops/s)   Net(M/s)   Get_miss   Min(us)  Max(us)    Avg(us)    Std_dev    Geo_dist  
Period   1        26           26           0.0        0          310      2216       724        384.34     661.22
Global   5        134          26           0.0        0          241      3739       739        487.82     643.90

Total Statistics
Type     Time(s)  Ops          TPS(ops/s)   Net(M/s)   Get_miss   Min(us)  Max(us)    Avg(us)    Std_dev    Geo_dist  
Period   1        2634         2634         0.4        0          195      5001       760        557.64     645.82
Global   5        13326        2665         0.4        0          154      10509      750        535.50     641.72

[1;1H[2J
Get Statistics
Type     Time(s)  Ops          TPS(ops/s)   Net(M/s)   Get_miss   Min(us)  Max(us)    Avg(us)    Std_dev    Geo_dist  
Period   1        2646         2646         0.4        0          190      6851       747        528.71     643.24
Global   6        15838        2639         0.4        0          154      10509      750        534.19     641.95

Set Statistics
Type     Time(s)  Ops          TPS(ops/s)   Net(M/s)   Get_miss   Min(us)  Max(us)    Avg(us)    Std_dev    Geo_dist  
Period   1        27           27           0.0        0          322      2643       843        556.44     714.35
Global   6        161          26           0.0        0          241      3739       756        500.32     655.21

Total Statistics
Type     Time(s)  Ops          TPS(ops/s)   Net(M/s)   Get_miss   Min(us)  Max(us)    Avg(us)    Std_dev    Geo_dist  
Period   1        2673         2673         0.4        0          190      6851       748        528.93     643.92
Global   6        15999        2666         0.4        0          154      10509      750        533.93     642.09

[1;1H[2J
Get Statistics
Type     Time(s)  Ops          TPS(ops/s)   Net(M/s)   Get_miss   Min(us)  Max(us)    Avg(us)    Std_dev    Geo_dist  
Period   1        2750         2750         0.4        0          178      7832       719        503.78     618.01
Global   7        18588        2655         0.4        0          154      10509      745        530.48     638.35

Set Statistics
Type     Time(s)  Ops          TPS(ops/s)   Net(M/s)   Get_miss   Min(us)  Max(us)    Avg(us)    Std_dev    Geo_dist  
Period   1        28           28           0.0        0          272      2519       808        505.24     698.04
Global   7        189          27           0.0        0          241      3739       764        499.59     661.38

Total Statistics
Type     Time(s)  Ops          TPS(ops/s)   Net(M/s)   Get_miss   Min(us)  Max(us)    Avg(us)    Std_dev    Geo_dist  
Period   1        2778         2778         0.4        0          178      7832       720        503.64     618.77
Global   7        18777        2682         0.4        0          154      10509      746        529.03     638.58

[1;1H[2J
Get Statistics
Type     Time(s)  Ops          TPS(ops/s)   Net(M/s)   Get_miss   Min(us)  Max(us)    Avg(us)    Std_dev    Geo_dist  
Period   1        2661         2661         0.4        0          189      4411       745        497.36     644.49
Global   8        21249        2656         0.4        0          154      10509      745        526.44     639.12

Set Statistics
Type     Time(s)  Ops          TPS(ops/s)   Net(M/s)   Get_miss   Min(us)  Max(us)    Avg(us)    Std_dev    Geo_dist  
Period   1        27           27           0.0        0          340      1413       695        264.92     653.52
Global   8        216          27           0.0        0          241      3739       755        477.31     660.40

Total Statistics
Type     Time(s)  Ops          TPS(ops/s)   Net(M/s)   Get_miss   Min(us)  Max(us)    Avg(us)    Std_dev    Geo_dist  
Period   1        2688         2688         0.4        0          189      4411       745        494.81     644.58
Global   8        21465        2683         0.4        0          154      10509      745        526.10     639.33

[1;1H[2J
Get Statistics
Type     Time(s)  Ops          TPS(ops/s)   Net(M/s)   Get_miss   Min(us)  Max(us)    Avg(us)    Std_dev    Geo_dist  
Period   1        2577         2577         0.4        0          189      5157       766        602.42     644.62
Global   9        23826        2647         0.4        0          154      10509      748        534.18     639.71

Set Statistics
Type     Time(s)  Ops          TPS(ops/s)   Net(M/s)   Get_miss   Min(us)  Max(us)    Avg(us)    Std_dev    Geo_dist  
Period   1        26           26           0.0        0          295      4363       968        810.59     774.75
Global   9        242          26           0.0        0          241      4363       778        524.97     671.83

Total Statistics
Type     Time(s)  Ops          TPS(ops/s)   Net(M/s)   Get_miss   Min(us)  Max(us)    Avg(us)    Std_dev    Geo_dist  
Period   1        2603         2603         0.4        0          189      5157       768        605.00     645.81
Global   9        24068        2674         0.4        0          154      10509      748        534.51     640.03

[1;1H[2J
Get Statistics
Type     Time(s)  Ops          TPS(ops/s)   Net(M/s)   Get_miss   Min(us)  Max(us)    Avg(us)    Std_dev    Geo_dist  
Period   1        2604         2604         0.4        0          180      5523       760        500.62     657.95
Global   10       26430        2643         0.4        0          154      10509      749        531.23     641.49

Set Statistics
Type     Time(s)  Ops          TPS(ops/s)   Net(M/s)   Get_miss   Min(us)  Max(us)    Avg(us)    Std_dev    Geo_dist  
Period   1        26           26           0.0        0          350      1850       744        384.34     672.10
Global   10       268          26           0.0        0          241      4363       775        512.08     671.85

Total Statistics
Type     Time(s)  Ops          TPS(ops/s)   Net(M/s)   Get_miss   Min(us)  Max(us)    Avg(us)    Std_dev    Geo_dist  
Period   1        2630         2630         0.4        0          180      5523       760        499.31     658.09
Global   10       26698        2669         0.4        0          154      10509      749        531.40     641.78

[1;1H[2J
Get Statistics
Type     Time(s)  Ops          TPS(ops/s)   Net(M/s)   Get_miss   Min(us)  Max(us)    Avg(us)    Std_dev    Geo_dist  
Period   1        2739         2739         0.4        0          179      7978       723        500.90     621.59
Global   11       29169        2651         0.4        0          154      10509      746        529.29     639.59

Set Statistics
Type     Time(s)  Ops          TPS(ops/s)   Net(M/s)   Get_miss   Min(us)  Max(us)    Avg(us)    Std_dev    Geo_dist  
Period   1        27           27           0.0        0          364      2550       820        511.26     717.35
Global   11       295          26           0.0        0          241      4363       779        511.48     675.89

Total Statistics
Type     Time(s)  Ops          TPS(ops/s)   Net(M/s)   Get_miss   Min(us)  Max(us)    Avg(us)    Std_dev    Geo_dist  
Period   1        2766         2766         0.4        0          179      7978       724        500.92     622.46
Global   11       29464        2678         0.4        0          154      10509      747        528.17     639.95

[1;1H[2J
Get Statistics
Type     Time(s)  Ops          TPS(ops/s)   Net(M/s)   Get_miss   Min(us)  Max(us)    Avg(us)    Std_dev    Geo_dist  
Period   1        2695         2695         0.4        0          174      8629       734        534.52     629.41
Global   12       31864        2655         0.4        0          154      10509      745        529.72     638.72

Set Statistics
Type     Time(s)  Ops          TPS(ops/s)   Net(M/s)   Get_miss   Min(us)  Max(us)    Avg(us)    Std_dev    Geo_dist  
Period   1        28           28           0.0        0          377      4139       828        706.47     701.45
Global   12       323          26           0.0        0          241      4363       783        530.37     678.07

Total Statistics
Type     Time(s)  Ops          TPS(ops/s)   Net(M/s)   Get_miss   Min(us)  Max(us)    Avg(us)    Std_dev    Geo_dist  
Period   1        2723         2723         0.4        0          174      8629       735        536.44     630.11
Global   12       32187        2682         0.4        0          154      10509      746        528.86     639.11

[1;1H[2J
Get Statistics
Type     Time(s)  Ops          TPS(ops/s)   Net(M/s)   Get_miss   Min(us)  Max(us)    Avg(us)    Std_dev    Geo_dist  
Period   1        2875         2875         0.4        0          170      7395       689        445.32     605.19
Global   13       34739        2672         0.4        0          154      10509      741        522.57     635.88

Set Statistics
Type     Time(s)  Ops          TPS(ops/s)   Net(M/s)   Get_miss   Min(us)  Max(us)    Avg(us)    Std_dev    Geo_dist  
Period   1        28           28           0.0        0          287      1281       656        237.96     619.19
Global   13       351          27           0.0        0          241      4363       773        513.95     673.18

Total Statistics
Type     Time(s)  Ops          TPS(ops/s)   Net(M/s)   Get_miss   Min(us)  Max(us)    Avg(us)    Std_dev    Geo_dist  
Period   1        2903         2903         0.4        0          170      7395       689        443.28     605.33
Global   13       35090        2699         0.4        0          154      10509      741        522.94     636.24

[1;1H[2J
Get Statistics
Type     Time(s)  Ops          TPS(ops/s)   Net(M/s)   Get_miss   Min(us)  Max(us)    Avg(us)    Std_dev    Geo_dist  
Period   1        2672         2672         0.4        0          187      4818       742        500.56     639.24
Global   14       37411        2672         0.4        0          154      10509      741        521.12     636.12

Set Statistics
Type     Time(s)  Ops          TPS(ops/s)   Net(M/s)   Get_miss   Min(us)  Max(us)    Avg(us)    Std_dev    Geo_dist  
Period   1        28           28           0.0        0          260      1980       678        399.26     591.49
Global   14       379          27           0.0        0          241      4363       766        506.51     666.77

Total Statistics
Type     Time(s)  Ops          TPS(ops/s)   Net(M/s)   Get_miss   Min(us)  Max(us)    Avg(us)    Std_dev    Geo_dist  
Period   1        2700         2700         0.4        0          187      4818       741        500.10     638.72
Global   14       37790        2699         0.4        0          154      10509      741        521.34     636.42

[1;1H[2J
Get Statistics
Type     Time(s)  Ops          TPS(ops/s)   Net(M/s)   Get_miss   Min(us)  Max(us)    Avg(us)    Std_dev    Geo_dist  
Period   1        2774         2774         0.4        0          180      3978       713        445.19     622.90
Global   15       40185        2679         0.4        0          154      10509      739        516.38     635.20

Set Statistics
Type     Time(s)  Ops          TPS(ops/s)   Net(M/s)   Get_miss   Min(us)  Max(us)    Avg(us)    Std_dev    Geo_dist  
Period   1        28           28           0.0        0          282      4021       783        759.32     603.73
Global   15       407          27           0.0        0          241      4363       767        526.76     662.23

Total Statistics
Type     Time(s)  Ops          TPS(ops/s)   Net(M/s)   Get_miss   Min(us)  Max(us)    Avg(us)    Std_dev    Geo_dist  
Period   1        2802         2802         0.4        0          180      4021       713        450.36     622.71
Global   15       40592        2706         0.4        0          154      10509      739        516.89     635.46

[1;1H[2J
Get Statistics
Type     Time(s)  Ops          TPS(ops/s)   Net(M/s)   Get_miss   Min(us)  Max(us)    Avg(us)    Std_dev    Geo_dist  
Period   1        2692         2692         0.4        0          189      7014       735        487.18     640.35
Global   16       42877        2679         0.4        0          154      10509      739        514.23     635.52

Set Statistics
Type     Time(s)  Ops          TPS(ops/s)   Net(M/s)   Get_miss   Min(us)  Max(us)    Avg(us)    Std_dev    Geo_dist  
Period   1        28           28           0.0        0          304      2213       856        457.00     754.25
Global   16       435          27           0.0        0          241      4363       773        522.14     667.80

Total Statistics
Type     Time(s)  Ops          TPS(ops/s)   Net(M/s)   Get_miss   Min(us)  Max(us)    Avg(us)    Std_dev    Geo_dist  
Period   1        2720         2720         0.4        0          189      7014       736        487.33     641.43
Global   16       43312        2707         0.4        0          154      10509      739        514.81     635.84

[1;1H[2J
Get Statistics
Type     Time(s)  Ops          TPS(ops/s)   Net(M/s)   Get_miss   Min(us)  Max(us)    Avg(us)    Std_dev    Geo_dist  
Period   1        2719         2719         0.4        0          173      7361       729        551.50     615.67
Global   17       45596        2682         0.4        0          154      10509      738        517.11     634.32

Set Statistics
Type     Time(s)  Ops          TPS(ops/s)   Net(M/s)   Get_miss   Min(us)  Max(us)    Avg(us)    Std_dev    Geo_dist  
Period   1        26           26           0.0        0          247      1441       633        308.40     574.40
Global   17       461          27           0.0        0          241      4363       765        513.41     662.15

Total Statistics
Type     Time(s)  Ops          TPS(ops/s)   Net(M/s)   Get_miss   Min(us)  Max(us)    Avg(us)    Std_dev    Geo_dist  
Period   1        2745         2745         0.4        0          173      7361       728        549.87     615.26
Global   17       46057        2709         0.4        0          154      10509      738        517.46     634.59

[1;1H[2J
Get Statistics
Type     Time(s)  Ops          TPS(ops/s)   Net(M/s)   Get_miss   Min(us)  Max(us)    Avg(us)    Std_dev    Geo_dist  
Period   1        2684         2684         0.4        0          168      6195       737        513.96     635.43
Global   18       48280        2682         0.4        0          154      10509      738        516.85     634.38

Set Statistics
Type     Time(s)  Ops          TPS(ops/s)   Net(M/s)   Get_miss   Min(us)  Max(us)    Avg(us)    Std_dev    Geo_dist  
Period   1        28           28           0.0        0          386      2481       735        412.27     667.19
Global   18       489          27           0.0        0          241      4363       763        508.29     662.44

Total Statistics
Type     Time(s)  Ops          TPS(ops/s)   Net(M/s)   Get_miss   Min(us)  Max(us)    Avg(us)    Std_dev    Geo_dist  
Period   1        2712         2712         0.4        0          168      6195       737        512.93     635.75
Global   18       48769        2709         0.4        0          154      10509      738        517.12     634.66

[1;1H[2J
Get Statistics
Type     Time(s)  Ops          TPS(ops/s)   Net(M/s)   Get_miss   Min(us)  Max(us)    Avg(us)    Std_dev    Geo_dist  
Period   1        2670         2670         0.4        0          185      6364       742        473.83     648.29
Global   19       50950        2681         0.4        0          154      10509      738        514.98     635.10

Set Statistics
Type     Time(s)  Ops          TPS(ops/s)   Net(M/s)   Get_miss   Min(us)  Max(us)    Avg(us)    Std_dev    Geo_dist  
Period   1        26           26           0.0        0          264      2811       770        513.44     668.07
Global   19       515          27           0.0        0          241      4363       764        507.07     662.72

Total Statistics
Type     Time(s)  Ops          TPS(ops/s)   Net(M/s)   Get_miss   Min(us)  Max(us)    Avg(us)    Std_dev    Geo_dist  
Period   1        2696         2696         0.4        0          185      6364       742        474.56     648.48
Global   19       51465        2708         0.4        0          154      10509      738        515.27     635.37

[1;1H[2J
Get Statistics
Type     Time(s)  Ops          TPS(ops/s)   Net(M/s)   Get_miss   Min(us)  Max(us)    Avg(us)    Std_dev    Geo_dist  
Period   1        2669         2669         0.4        0          196      4143       743        421.80     656.41
Global   20       53619        2680         0.4        0          154      10509      738        511.10     636.15

Set Statistics
Type     Time(s)  Ops          TPS(ops/s)   Net(M/s)   Get_miss   Min(us)  Max(us)    Avg(us)    Std_dev    Geo_dist  
Period   1        28           28           0.0        0          265      962        587        201.51     553.51
Global   20       543          27           0.0        0          241      4363       755        497.20     656.60

Total Statistics
Type     Time(s)  Ops          TPS(ops/s)   Net(M/s)   Get_miss   Min(us)  Max(us)    Avg(us)    Std_dev    Geo_dist  
Period   1        2697         2697         0.4        0          196      4143       741        421.06     655.25
Global   20       54162        2708         0.4        0          154      10509      739        509.76     636.35

[1;1H[2J
Get Statistics
Type     Time(s)  Ops          TPS(ops/s)   Net(M/s)   Get_miss   Min(us)  Max(us)    Avg(us)    Std_dev    Geo_dist  
Period   1        2535         2535         0.4        0          172      8102       777        600.53     654.60
Global   21       56154        2674         0.3        0          154      10509      740        515.19     636.97

Set Statistics
Type     Time(s)  Ops          TPS(ops/s)   Net(M/s)   Get_miss   Min(us)  Max(us)    Avg(us)    Std_dev    Geo_dist  
Period   1        26           26           0.0        0          257      1536       730        309.32     673.50
Global   21       569          27           0.0        0          241      4363       754        489.81     657.36

Total Statistics
Type     Time(s)  Ops          TPS(ops/s)   Net(M/s)   Get_miss   Min(us)  Max(us)    Avg(us)    Std_dev    Geo_dist  
Period   1        2561         2561         0.4        0          172      8102       777        597.65     654.79
Global   21       56723        2701         0.4        0          154      10509      740        515.14     637.17

[1;1H[2J
Get Statistics
Type     Time(s)  Ops          TPS(ops/s)   Net(M/s)   Get_miss   Min(us)  Max(us)    Avg(us)    Std_dev    Geo_dist  
Period   1        2588         2588         0.4        0          186      6579       768        569.40     647.74
Global   22       58742        2670         0.4        0          154      10509      741        518.05     637.44

Set Statistics
Type     Time(s)  Ops          TPS(ops/s)   Net(M/s)   Get_miss   Min(us)  Max(us)    Avg(us)    Std_dev    Geo_dist  
Period   1        26           26           0.0        0          373      3795       892        904.33     689.54
Global   22       595          27           0.0        0          241      4363       760        514.46     658.73

Total Statistics
Type     Time(s)  Ops          TPS(ops/s)   Net(M/s)   Get_miss   Min(us)  Max(us)    Avg(us)    Std_dev    Geo_dist  
Period   1        2614         2614         0.4        0          186      6579       769        573.86     648.14
Global   22       59337        2697         0.4        0          154      10509      742        516.86     637.65

[1;1H[2J
Get Statistics
Type     Time(s)  Ops          TPS(ops/s)   Net(M/s)   Get_miss   Min(us)  Max(us)    Avg(us)    Std_dev    Geo_dist  
Period   1        2830         2830         0.4        0          181      5884       700        460.45     608.64
Global   23       61572        2677         0.4        0          154      10509      739        515.78     636.09

Set Statistics
Type     Time(s)  Ops          TPS(ops/s)   Net(M/s)   Get_miss   Min(us)  Max(us)    Avg(us)    Std_dev    Geo_dist  
Period   1        28           28           0.0        0          218      2413       696        534.97     576.78
Global   23       623          27           0.0        0          218      4363       757        515.31     654.81

Total Statistics
Type     Time(s)  Ops          TPS(ops/s)   Net(M/s)   Get_miss   Min(us)  Max(us)    Avg(us)    Std_dev    Geo_dist  
Period   1        2858         2858         0.4        0          181      5884       700        461.07     608.32
Global   23       62195        2704         0.4        0          154      10509      740        514.60     636.27

[1;1H[2J
Get Statistics
Type     Time(s)  Ops          TPS(ops/s)   Net(M/s)   Get_miss   Min(us)  Max(us)    Avg(us)    Std_dev    Geo_dist  
Period   1        2625         2625         0.4        0          166      8699       752        567.02     634.38
Global   24       64197        2674         0.4        0          154      10509      740        517.31     636.02

Set Statistics
Type     Time(s)  Ops          TPS(ops/s)   Net(M/s)   Get_miss   Min(us)  Max(us)    Avg(us)    Std_dev    Geo_dist  
Period   1        27           27           0.0        0          340      2775       867        515.99     765.21
Global   24       650          27           0.0        0          218      4363       761        516.25     659.06

Total Statistics
Type     Time(s)  Ops          TPS(ops/s)   Net(M/s)   Get_miss   Min(us)  Max(us)    Avg(us)    Std_dev    Geo_dist  
Period   1        2652         2652         0.4        0          166      8699       754        565.45     635.60
Global   24       64847        2701         0.4        0          154      10509      740        517.60     636.24

[1;1H[2J
Get Statistics
Type     Time(s)  Ops          TPS(ops/s)   Net(M/s)   Get_miss   Min(us)  Max(us)    Avg(us)    Std_dev    Geo_dist  
Period   1        2540         2540         0.4        0          163      6161       781        584.71     655.18
Global   25       66737        2669         0.3        0          154      10509      742        519.46     636.73

Set Statistics
Type     Time(s)  Ops          TPS(ops/s)   Net(M/s)   Get_miss   Min(us)  Max(us)    Avg(us)    Std_dev    Geo_dist  
Period   1        25           25           0.0        0          252      1342       698        294.23     640.58
Global   25       675          27           0.0        0          218      4363       759        509.26     658.37

Total Statistics
Type     Time(s)  Ops          TPS(ops/s)   Net(M/s)   Get_miss   Min(us)  Max(us)    Avg(us)    Std_dev    Geo_dist  
Period   1        2565         2565         0.4        0          163      6161       780        582.86     655.03
Global   25       67412        2696         0.4        0          154      10509      742        519.60     636.95

[1;1H[2J
Get Statistics
Type     Time(s)  Ops          TPS(ops/s)   Net(M/s)   Get_miss   Min(us)  Max(us)    Avg(us)    Std_dev    Geo_dist  
Period   1        2594         2594         0.4        0          157      7120       760        516.83     653.46
Global   26       69331        2666         0.4        0          154      10509      742        520.33     637.35

Set Statistics
Type     Time(s)  Ops          TPS(ops/s)   Net(M/s)   Get_miss   Min(us)  Max(us)    Avg(us)    Std_dev    Geo_dist  
Period   1        26           26           0.0        0          274      1465       703        329.69     633.80
Global   26       701          26           0.0        0          218      4363       757        503.58     657.44

Total Statistics
Type     Time(s)  Ops          TPS(ops/s)   Net(M/s)   Get_miss   Min(us)  Max(us)    Avg(us)    Std_dev    Geo_dist  
Period   1        2620         2620         0.4        0          157      7120       760        514.46     653.26
Global   26       70032        2693         0.4        0          154      10509      742        520.38     637.55

[1;1H[2J
Get Statistics
Type     Time(s)  Ops          TPS(ops/s)   Net(M/s)   Get_miss   Min(us)  Max(us)    Avg(us)    Std_dev    Geo_dist  
Period   1        2606         2606         0.4        0          164      6942       762        592.63     642.22
Global   27       71937        2664         0.4        0          154      10509      743        522.74     637.53

Set Statistics
Type     Time(s)  Ops          TPS(ops/s)   Net(M/s)   Get_miss   Min(us)  Max(us)    Avg(us)    Std_dev    Geo_dist  
Period   1        27           27           0.0        0          205      1792       840        428.67     729.95
Global   27       728          26           0.0        0          205      4363       760        501.11     660.00

Total Statistics
Type     Time(s)  Ops          TPS(ops/s)   Net(M/s)   Get_miss   Min(us)  Max(us)    Avg(us)    Std_dev    Geo_dist  
Period   1        2633         2633         0.4        0          164      6942       763        590.91     643.06
Global   27       72665        2691         0.4        0          154      10509      743        522.77     637.75

[1;1H[2J
Get Statistics
Type     Time(s)  Ops          TPS(ops/s)   Net(M/s)   Get_miss   Min(us)  Max(us)    Avg(us)    Std_dev    Geo_dist  
Period   1        2600         2600         0.4        0          199      6554       759        558.02     644.55
Global   28       74537        2662         0.4        0          154      10509      744        523.39     637.77

Set Statistics
Type     Time(s)  Ops          TPS(ops/s)   Net(M/s)   Get_miss   Min(us)  Max(us)    Avg(us)    Std_dev    Geo_dist  
Period   1        26           26           0.0        0          213      4084       1036       866.27     818.39
Global   28       754          26           0.0        0          205      4363       769        520.28     664.91

Total Statistics
Type     Time(s)  Ops          TPS(ops/s)   Net(M/s)   Get_miss   Min(us)  Max(us)    Avg(us)    Std_dev    Geo_dist  
Period   1        2626         2626         0.4        0          199      6554       762        561.97     646.08
Global   28       75291        2688         0.4        0          154      10509      744        523.72     638.04

[1;1H[2J
Get Statistics
Type     Time(s)  Ops          TPS(ops/s)   Net(M/s)   Get_miss   Min(us)  Max(us)    Avg(us)    Std_dev    Geo_dist  
Period   1        2564         2564         0.4        0          164      3983       775        522.30     664.48
Global   29       77101        2658         0.4        0          154      10509      745        523.42     638.64

Set Statistics
Type     Time(s)  Ops          TPS(ops/s)   Net(M/s)   Get_miss   Min(us)  Max(us)    Avg(us)    Std_dev    Geo_dist  
Period   1        26           26           0.0        0          276      1290       556        243.31     514.70
Global   29       780          26           0.0        0          205      4363       762        514.65     659.26

Total Statistics
Type     Time(s)  Ops          TPS(ops/s)   Net(M/s)   Get_miss   Min(us)  Max(us)    Avg(us)    Std_dev    Geo_dist  
Period   1        2590         2590         0.4        0          164      3983       773        520.21     661.11
Global   29       77881        2685         0.4        0          154      10509      745        523.58     638.85

[1;1H[2J
Get Statistics
Type     Time(s)  Ops          TPS(ops/s)   Net(M/s)   Get_miss   Min(us)  Max(us)    Avg(us)    Std_dev    Geo_dist  
Period   1        2456         2456         0.4        0          192      6027       808        630.37     679.09
Global   30       79557        2651         0.3        0          154      10509      747        527.08     639.85

Set Statistics
Type     Time(s)  Ops          TPS(ops/s)   Net(M/s)   Get_miss   Min(us)  Max(us)    Avg(us)    Std_dev    Geo_dist  
Period   1        24           24           0.0        0          285      1768       661        372.63     585.69
Global   30       804          26           0.0        0          205      4363       759        511.08     656.94

Total Statistics
Type     Time(s)  Ops          TPS(ops/s)   Net(M/s)   Get_miss   Min(us)  Max(us)    Avg(us)    Std_dev    Geo_dist  
Period   1        2481         2481         0.4        0          192      6027       807        627.78     678.12
Global   30       80362        2678         0.3        0          154      10509      747        527.09     640.02

[1;1H[2J
Get Statistics
Type     Time(s)  Ops          TPS(ops/s)   Net(M/s)   Get_miss   Min(us)  Max(us)    Avg(us)    Std_dev    Geo_dist  
Period   1        2593         2593         0.4        0          189      5903       763        518.71     655.38
Global   31       82150        2650         0.4        0          154      10509      747        527.54     640.39

Set Statistics
Type     Time(s)  Ops          TPS(ops/s)   Net(M/s)   Get_miss   Min(us)  Max(us)    Avg(us)    Std_dev    Geo_dist  
Period   1        26           26           0.0        0          267      1260       663        276.50     607.40
Global   31       830          26           0.0        0          205      4363       756        505.55     655.32

Total Statistics
Type     Time(s)  Ops          TPS(ops/s)   Net(M/s)   Get_miss   Min(us)  Max(us)    Avg(us)    Std_dev    Geo_dist  
Period   1        2618         2618         0.4        0          189      5903       762        517.25     656.51
Global   31       82980        2676         0.4        0          154      10509      747        527.45     640.54

[1;1H[2J
Get Statistics
Type     Time(s)  Ops          TPS(ops/s)   Net(M/s)   Get_miss   Min(us)  Max(us)    Avg(us)    Std_dev    Geo_dist  
Period   1        2635         2635         0.4        0          181      8138       751        570.00     638.28
Global   32       84785        2649         0.4        0          154      10509      747        529.08     640.32

Set Statistics
Type     Time(s)  Ops          TPS(ops/s)   Net(M/s)   Get_miss   Min(us)  Max(us)    Avg(us)    Std_dev    Geo_dist  
Period   1        28           28           0.0        0          272      7132       958        1240.89    733.99
Global   32       858          26           0.0        0          205      7132       763        544.44     657.75

Total Statistics
Type     Time(s)  Ops          TPS(ops/s)   Net(M/s)   Get_miss   Min(us)  Max(us)    Avg(us)    Std_dev    Geo_dist  
Period   1        2664         2664         0.4        0          181      8138       753        581.08     640.80
Global   32       85644        2676         0.4        0          154      10509      747        529.46     640.55

[1;1H[2J
Get Statistics
Type     Time(s)  Ops          TPS(ops/s)   Net(M/s)   Get_miss   Min(us)  Max(us)    Avg(us)    Std_dev    Geo_dist  
Period   1        2746         2746         0.4        0          189      8483       723        513.80     618.85
Global   33       87531        2652         0.4        0          154      10509      746        528.98     639.69

Set Statistics
Type     Time(s)  Ops          TPS(ops/s)   Net(M/s)   Get_miss   Min(us)  Max(us)    Avg(us)    Std_dev    Geo_dist  
Period   1        27           27           0.0        0          235      1271       621        269.68     571.04
Global   33       885          26           0.0        0          205      7132       759        538.14     654.92

Total Statistics
Type     Time(s)  Ops          TPS(ops/s)   Net(M/s)   Get_miss   Min(us)  Max(us)    Avg(us)    Std_dev    Geo_dist  
Period   1        2772         2772         0.4        0          189      8483       722        512.17     618.34
Global   33       88416        2679         0.4        0          154      10509      747        527.84     639.84

[1;1H[2J
Get Statistics
Type     Time(s)  Ops          TPS(ops/s)   Net(M/s)   Get_miss   Min(us)  Max(us)    Avg(us)    Std_dev    Geo_dist  
Period   1        2764         2764         0.4        0          152      7522       716        541.57     605.97
Global   34       90295        2655         0.4        0          152      10509      745        529.50     638.63

Set Statistics
Type     Time(s)  Ops          TPS(ops/s)   Net(M/s)   Get_miss   Min(us)  Max(us)    Avg(us)    Std_dev    Geo_dist  
Period   1        28           28           0.0        0          270      1596       663        353.77     587.06
Global   34       913          26           0.0        0          205      7132       756        533.63     652.73

Total Statistics
Type     Time(s)  Ops          TPS(ops/s)   Net(M/s)   Get_miss   Min(us)  Max(us)    Avg(us)    Std_dev    Geo_dist  
Period   1        2792         2792         0.4        0          152      7522       715        540.62     605.78
Global   34       91208        2682         0.4        0          152      10509      746        528.29     638.77

[1;1H[2J
Get Statistics
Type     Time(s)  Ops          TPS(ops/s)   Net(M/s)   Get_miss   Min(us)  Max(us)    Avg(us)    Std_dev    Geo_dist  
Period   1        2636         2636         0.4        0          180      7574       752        570.49     633.31
Global   35       92931        2655         0.4        0          152      10509      746        529.58     638.48

Set Statistics
Type     Time(s)  Ops          TPS(ops/s)   Net(M/s)   Get_miss   Min(us)  Max(us)    Avg(us)    Std_dev    Geo_dist  
Period   1        27           27           0.0        0          325      1712       709        350.16     644.67
Global   35       940          26           0.0        0          205      7132       754        530.11     652.50

Total Statistics
Type     Time(s)  Ops          TPS(ops/s)   Net(M/s)   Get_miss   Min(us)  Max(us)    Avg(us)    Std_dev    Geo_dist  
Period   1        2664         2664         0.4        0          180      7574       752        568.84     633.67
Global   35       93872        2682         0.4        0          152      10509      746        529.72     638.62

[1;1H[2J
Get Statistics
Type     Time(s)  Ops          TPS(ops/s)   Net(M/s)   Get_miss   Min(us)  Max(us)    Avg(us)    Std_dev    Geo_dist  
Period   1        2584         2584         0.4        0          191      4996       767        552.43     649.20
Global   36       95515        2653         0.4        0          152      10509      746        531.05     638.81

Set Statistics
Type     Time(s)  Ops          TPS(ops/s)   Net(M/s)   Get_miss   Min(us)  Max(us)    Avg(us)    Std_dev    Geo_dist  
Period   1        26           26           0.0        0          207      1441       588        292.71     531.71
Global   36       966          26           0.0        0          205      7132       750        525.05     648.91

Total Statistics
Type     Time(s)  Ops          TPS(ops/s)   Net(M/s)   Get_miss   Min(us)  Max(us)    Avg(us)    Std_dev    Geo_dist  
Period   1        2609         2609         0.4        0          191      4996       766        549.92     649.52
Global   36       96481        2680         0.4        0          152      10509      746        531.04     638.91

[1;1H[2J
Get Statistics
Type     Time(s)  Ops          TPS(ops/s)   Net(M/s)   Get_miss   Min(us)  Max(us)    Avg(us)    Std_dev    Geo_dist  
Period   1        2659         2659         0.4        0          183      4521       747        506.42     643.47
Global   37       98174        2653         0.4        0          152      10509      746        530.43     638.94

Set Statistics
Type     Time(s)  Ops          TPS(ops/s)   Net(M/s)   Get_miss   Min(us)  Max(us)    Avg(us)    Std_dev    Geo_dist  
Period   1        26           26           0.0        0          262      3241       670        613.04     547.31
Global   37       992          26           0.0        0          205      7132       748        527.21     646.02

Total Statistics
Type     Time(s)  Ops          TPS(ops/s)   Net(M/s)   Get_miss   Min(us)  Max(us)    Avg(us)    Std_dev    Geo_dist  
Period   1        2685         2685         0.4        0          183      4521       746        507.85     642.47
Global   37       99166        2680         0.4        0          152      10509      746        530.43     639.01

[1;1H[2J
Get Statistics
Type     Time(s)  Ops          TPS(ops/s)   Net(M/s)   Get_miss   Min(us)  Max(us)    Avg(us)    Std_dev    Geo_dist  
Period   1        2758         2758         0.4        0          217      6705       719        484.12     625.62
Global   38       100932       2656         0.4        0          152      10509      746        528.20     638.57

Set Statistics
Type     Time(s)  Ops          TPS(ops/s)   Net(M/s)   Get_miss   Min(us)  Max(us)    Avg(us)    Std_dev    Geo_dist  
Period   1        28           28           0.0        0          271      1982       632        359.88     566.77
Global   38       1020         26           0.0        0          205      7132       745        523.28     643.70

Total Statistics
Type     Time(s)  Ops          TPS(ops/s)   Net(M/s)   Get_miss   Min(us)  Max(us)    Avg(us)    Std_dev    Geo_dist  
Period   1        2786         2786         0.4        0          217      6705       718        483.25     625.00
Global   38       101952       2682         0.4        0          152      10509      746        528.13     638.62

[1;1H[2J
Get Statistics
Type     Time(s)  Ops          TPS(ops/s)   Net(M/s)   Get_miss   Min(us)  Max(us)    Avg(us)    Std_dev    Geo_dist  
Period   1        2669         2669         0.4        0          174      7419       743        504.68     642.76
Global   39       103601       2656         0.4        0          152      10509      745        528.90     638.68

Set Statistics
Type     Time(s)  Ops          TPS(ops/s)   Net(M/s)   Get_miss   Min(us)  Max(us)    Avg(us)    Std_dev    Geo_dist  
Period   1        28           28           0.0        0          253      1407       653        274.04     599.20
Global   39       1048         26           0.0        0          205      7132       742        519.10     642.47

Total Statistics
Type     Time(s)  Ops          TPS(ops/s)   Net(M/s)   Get_miss   Min(us)  Max(us)    Avg(us)    Std_dev    Geo_dist  
Period   1        2697         2697         0.4        0          174      7419       742        502.98     642.29
Global   39       104649       2683         0.4        0          152      10509      745        528.76     638.72

[1;1H[2J
Get Statistics
Type     Time(s)  Ops          TPS(ops/s)   Net(M/s)   Get_miss   Min(us)  Max(us)    Avg(us)    Std_dev    Geo_dist  
Period   1        2528         2528         0.4        0          185      7531       783        574.79     673.39
Global   40       106129       2653         0.3        0          152      10509      746        529.94     639.49

Set Statistics
Type     Time(s)  Ops          TPS(ops/s)   Net(M/s)   Get_miss   Min(us)  Max(us)    Avg(us)    Std_dev    Geo_dist  
Period   1        25           25           0.0        0          305      3199       857        602.23     735.80
Global   40       1073         26           0.0        0          205      7132       745        520.70     644.51

Total Statistics
Type     Time(s)  Ops          TPS(ops/s)   Net(M/s)   Get_miss   Min(us)  Max(us)    Avg(us)    Std_dev    Geo_dist  
Period   1        2553         2553         0.4        0          185      7531       784        574.61     673.98
Global   40       107202       2680         0.4        0          152      10509      746        529.83     639.54

[1;1H[2J
Get Statistics
Type     Time(s)  Ops          TPS(ops/s)   Net(M/s)   Get_miss   Min(us)  Max(us)    Avg(us)    Std_dev    Geo_dist  
Period   1        2691         2691         0.4        0          192      4938       737        440.98     648.13
Global   41       108820       2654         0.4        0          152      10509      746        527.61     639.70

Set Statistics
Type     Time(s)  Ops          TPS(ops/s)   Net(M/s)   Get_miss   Min(us)  Max(us)    Avg(us)    Std_dev    Geo_dist  
Period   1        27           27           0.0        0          253      1161       633        286.98     571.68
Global   41       1100         26           0.0        0          205      7132       742        516.80     642.61

Total Statistics
Type     Time(s)  Ops          TPS(ops/s)   Net(M/s)   Get_miss   Min(us)  Max(us)    Avg(us)    Std_dev    Geo_dist  
Period   1        2718         2718         0.4        0          192      4938       736        439.75     647.32
Global   41       109920       2680         0.4        0          152      10509      746        527.44     639.73

[1;1H[2J
Get Statistics
Type     Time(s)  Ops          TPS(ops/s)   Net(M/s)   Get_miss   Min(us)  Max(us)    Avg(us)    Std_dev    Geo_dist  
Period   1        2680         2680         0.4        0          195      6745       739        533.48     639.31
Global   42       111500       2654         0.4        0          152      10509      746        527.51     639.69

Set Statistics
Type     Time(s)  Ops          TPS(ops/s)   Net(M/s)   Get_miss   Min(us)  Max(us)    Avg(us)    Std_dev    Geo_dist  
Period   1        28           28           0.0        0          308      1642       700        340.99     631.42
Global   42       1128         26           0.0        0          205      7132       741        513.05     642.33

Total Statistics
Type     Time(s)  Ops          TPS(ops/s)   Net(M/s)   Get_miss   Min(us)  Max(us)    Avg(us)    Std_dev    Geo_dist  
Period   1        2708         2708         0.4        0          195      6745       739        531.25     639.23
Global   42       112628       2681         0.4        0          152      10509      746        527.29     639.71

[1;1H[2J
Get Statistics
Type     Time(s)  Ops          TPS(ops/s)   Net(M/s)   Get_miss   Min(us)  Max(us)    Avg(us)    Std_dev    Geo_dist  
Period   1        2608         2608         0.4        0          182      4640       757        504.38     655.98
Global   43       114108       2653         0.4        0          152      10509      746        527.35     640.06

Set Statistics
Type     Time(s)  Ops          TPS(ops/s)   Net(M/s)   Get_miss   Min(us)  Max(us)    Avg(us)    Std_dev    Geo_dist  
Period   1        26           26           0.0        0          262      3348       1019       833.54     770.87
Global   43       1154         26           0.0        0          205      7132       747        523.87     644.98

Total Statistics
Type     Time(s)  Ops          TPS(ops/s)   Net(M/s)   Get_miss   Min(us)  Max(us)    Avg(us)    Std_dev    Geo_dist  
Period   1        2634         2634         0.4        0          182      4640       760        508.46     657.03
Global   43       115262       2680         0.4        0          152      10509      746        527.32     640.11

[1;1H[2J
Get Statistics
Type     Time(s)  Ops          TPS(ops/s)   Net(M/s)   Get_miss   Min(us)  Max(us)    Avg(us)    Std_dev    Geo_dist  
Period   1        2595         2595         0.4        0          178      6688       761        518.03     657.59
Global   44       116703       2652         0.4        0          152      10509      747        526.20     640.44

Set Statistics
Type     Time(s)  Ops          TPS(ops/s)   Net(M/s)   Get_miss   Min(us)  Max(us)    Avg(us)    Std_dev    Geo_dist  
Period   1        26           26           0.0        0          371      2828       979        739.39     784.65
Global   44       1180         26           0.0        0          205      7132       752        530.39     647.77

Total Statistics
Type     Time(s)  Ops          TPS(ops/s)   Net(M/s)   Get_miss   Min(us)  Max(us)    Avg(us)    Std_dev    Geo_dist  
Period   1        2621         2621         0.4        0          178      6688       764        519.71     658.74
Global   44       117883       2679         0.4        0          152      10509      747        526.31     640.51

[1;1H[2J
Get Statistics
Type     Time(s)  Ops          TPS(ops/s)   Net(M/s)   Get_miss   Min(us)  Max(us)    Avg(us)    Std_dev    Geo_dist  
Period   1        2651         2651         0.4        0          180      3740       748        453.40     656.31
Global   45       119354       2652         0.4        0          152      10509      747        524.72     640.79

Set Statistics
Type     Time(s)  Ops          TPS(ops/s)   Net(M/s)   Get_miss   Min(us)  Max(us)    Avg(us)    Std_dev    Geo_dist  
Period   1        26           26           0.0        0          340      921        595        198.25     563.96
Global   45       1206         26           0.0        0          205      7132       749        525.36     645.84

Total Statistics
Type     Time(s)  Ops          TPS(ops/s)   Net(M/s)   Get_miss   Min(us)  Max(us)    Avg(us)    Std_dev    Geo_dist  
Period   1        2677         2677         0.4        0          180      3740       747        451.05     655.35
Global   45       120560       2679         0.4        0          152      10509      747        524.75     640.84

[1;1H[2J
Get Statistics
Type     Time(s)  Ops          TPS(ops/s)   Net(M/s)   Get_miss   Min(us)  Max(us)    Avg(us)    Std_dev    Geo_dist  
Period   1        2686         2686         0.4        0          190      7502       739        543.86     641.01
Global   46       122040       2653         0.4        0          152      10509      746        526.32     640.79

Set Statistics
Type     Time(s)  Ops          TPS(ops/s)   Net(M/s)   Get_miss   Min(us)  Max(us)    Avg(us)    Std_dev    Geo_dist  
Period   1        28           28           0.0        0          230      2942       673        511.13     577.68
Global   46       1234         26           0.0        0          205      7132       747        525.35     644.21

Total Statistics
Type     Time(s)  Ops          TPS(ops/s)   Net(M/s)   Get_miss   Min(us)  Max(us)    Avg(us)    Std_dev    Geo_dist  
Period   1        2714         2714         0.4        0          190      7502       738        543.91     640.33
Global   46       123274       2679         0.4        0          152      10509      746        526.32     640.83

[1;1H[2J
Get Statistics
Type     Time(s)  Ops          TPS(ops/s)   Net(M/s)   Get_miss   Min(us)  Max(us)    Avg(us)    Std_dev    Geo_dist  
Period   1        2609         2609         0.4        0          188      7465       759        538.46     648.12
Global   47       124649       2652         0.4        0          152      10509      747        525.54     640.95

Set Statistics
Type     Time(s)  Ops          TPS(ops/s)   Net(M/s)   Get_miss   Min(us)  Max(us)    Avg(us)    Std_dev    Geo_dist  
Period   1        26           26           0.0        0          235      2114       754        473.05     641.60
Global   47       1260         26           0.0        0          205      7132       747        524.36     644.15

Total Statistics
Type     Time(s)  Ops          TPS(ops/s)   Net(M/s)   Get_miss   Min(us)  Max(us)    Avg(us)    Std_dev    Geo_dist  
Period   1        2635         2635         0.4        0          188      7465       759        537.71     648.05
Global   47       125909       2678         0.4        0          152      10509      747        525.53     640.98

[1;1H[2J
Get Statistics
Type     Time(s)  Ops          TPS(ops/s)   Net(M/s)   Get_miss   Min(us)  Max(us)    Avg(us)    Std_dev    Geo_dist  
Period   1        2734         2734         0.4        0          173      7335       724        498.70     631.04
Global   48       127383       2653         0.4        0          152      10509      746        525.71     640.73

Set Statistics
Type     Time(s)  Ops          TPS(ops/s)   Net(M/s)   Get_miss   Min(us)  Max(us)    Avg(us)    Std_dev    Geo_dist  
Period   1        28           28           0.0        0          255      1479       761        286.01     711.03
Global   48       1288         26           0.0        0          205      7132       748        519.28     645.54

Total Statistics
Type     Time(s)  Ops          TPS(ops/s)   Net(M/s)   Get_miss   Min(us)  Max(us)    Avg(us)    Std_dev    Geo_dist  
Period   1        2762         2762         0.4        0          173      7335       724        497.53     631.80
Global   48       128671       2680         0.4        0          152      10509      746        525.67     640.78

[1;1H[2J
Get Statistics
Type     Time(s)  Ops          TPS(ops/s)   Net(M/s)   Get_miss   Min(us)  Max(us)    Avg(us)    Std_dev    Geo_dist  
Period   1        2647         2647         0.4        0          131      5508       749        460.84     655.10
Global   49       130030       2653         0.4        0          131      10509      746        524.56     641.02

Set Statistics
Type     Time(s)  Ops          TPS(ops/s)   Net(M/s)   Get_miss   Min(us)  Max(us)    Avg(us)    Std_dev    Geo_dist  
Period   1        26           26           0.0        0          287      1558       699        341.40     632.42
Global   49       1314         26           0.0        0          205      7132       747        516.36     645.27

Total Statistics
Type     Time(s)  Ops          TPS(ops/s)   Net(M/s)   Get_miss   Min(us)  Max(us)    Avg(us)    Std_dev    Geo_dist  
Period   1        2673         2673         0.4        0          131      5508       749        459.01     654.87
Global   49       131344       2680         0.4        0          131      10509      746        524.49     641.06

[1;1H[2J
Get Statistics
Type     Time(s)  Ops          TPS(ops/s)   Net(M/s)   Get_miss   Min(us)  Max(us)    Avg(us)    Std_dev    Geo_dist  
Period   1        2727         2727         0.4        0          176      9385       725        512.20     627.65
Global   50       132757       2655         0.4        0          131      10509      746        523.70     640.74

Set Statistics
Type     Time(s)  Ops          TPS(ops/s)   Net(M/s)   Get_miss   Min(us)  Max(us)    Avg(us)    Std_dev    Geo_dist  
Period   1        28           28           0.0        0          203      2024       741        412.86     646.44
Global   50       1342         26           0.0        0          203      7132       747        514.10     645.30

Total Statistics
Type     Time(s)  Ops          TPS(ops/s)   Net(M/s)   Get_miss   Min(us)  Max(us)    Avg(us)    Std_dev    Geo_dist  
Period   1        2755         2755         0.4        0          176      9385       726        510.04     627.84
Global   50       134099       2681         0.4        0          131      10509      746        523.61     640.79

[1;1H[2J
Get Statistics
Type     Time(s)  Ops          TPS(ops/s)   Net(M/s)   Get_miss   Min(us)  Max(us)    Avg(us)    Std_dev    Geo_dist  
Period   1        2684         2684         0.4        0          183      6250       739        462.14     646.87
Global   51       135441       2655         0.4        0          131      10509      746        522.35     640.87

Set Statistics
Type     Time(s)  Ops          TPS(ops/s)   Net(M/s)   Get_miss   Min(us)  Max(us)    Avg(us)    Std_dev    Geo_dist  
Period   1        27           27           0.0        0          332      1302       626        300.98     566.37
Global   51       1369         26           0.0        0          203      7132       744        511.86     643.64

Total Statistics
Type     Time(s)  Ops          TPS(ops/s)   Net(M/s)   Get_miss   Min(us)  Max(us)    Avg(us)    Std_dev    Geo_dist  
Period   1        2711         2711         0.4        0          183      6250       737        462.31     646.02
Global   51       136810       2682         0.4        0          131      10509      746        522.22     640.89

[1;1H[2J
Get Statistics
Type     Time(s)  Ops          TPS(ops/s)   Net(M/s)   Get_miss   Min(us)  Max(us)    Avg(us)    Std_dev    Geo_dist  
Period   1        2571         2571         0.4        0          204      9056       769        599.17     653.98
Global   52       138012       2654         0.4        0          131      10509      746        524.50     641.11

Set Statistics
Type     Time(s)  Ops          TPS(ops/s)   Net(M/s)   Get_miss   Min(us)  Max(us)    Avg(us)    Std_dev    Geo_dist  
Period   1        26           26           0.0        0          280      2141       907        410.59     821.68
Global   52       1395         26           0.0        0          203      7132       747        510.57     646.58

Total Statistics
Type     Time(s)  Ops          TPS(ops/s)   Net(M/s)   Get_miss   Min(us)  Max(us)    Avg(us)    Std_dev    Geo_dist  
Period   1        2597         2597         0.4        0          204      9056       770        598.17     655.48
Global   52       139407       2680         0.4        0          131      10509      746        524.38     641.16

[1;1H[2J
Get Statistics
Type     Time(s)  Ops          TPS(ops/s)   Net(M/s)   Get_miss   Min(us)  Max(us)    Avg(us)    Std_dev    Geo_dist  
Period   1        2662         2662         0.4        0          196      4189       745        459.02     651.32
Global   53       140674       2654         0.4        0          131      10509      746        523.31     641.30

Set Statistics
Type     Time(s)  Ops          TPS(ops/s)   Net(M/s)   Get_miss   Min(us)  Max(us)    Avg(us)    Std_dev    Geo_dist  
Period   1        27           27           0.0        0          289      1832       728        400.64     647.29
Global   53       1422         26           0.0        0          203      7132       747        508.07     646.59

Total Statistics
Type     Time(s)  Ops          TPS(ops/s)   Net(M/s)   Get_miss   Min(us)  Max(us)    Avg(us)    Std_dev    Geo_dist  
Period   1        2689         2689         0.4        0          196      4189       744        459.76     651.28
Global   53       142096       2681         0.4        0          131      10509      746        523.17     641.35

[1;1H[2J
Get Statistics
Type     Time(s)  Ops          TPS(ops/s)   Net(M/s)   Get_miss   Min(us)  Max(us)    Avg(us)    Std_dev    Geo_dist  
Period   1        2638         2638         0.4        0          180      4111       752        469.55     653.88
Global   54       143312       2653         0.4        0          131      10509      746        522.53     641.53

Set Statistics
Type     Time(s)  Ops          TPS(ops/s)   Net(M/s)   Get_miss   Min(us)  Max(us)    Avg(us)    Std_dev    Geo_dist  
Period   1        27           27           0.0        0          294      1183       680        262.74     631.54
Global   54       1449         26           0.0        0          203      7132       746        504.26     646.31

Total Statistics
Type     Time(s)  Ops          TPS(ops/s)   Net(M/s)   Get_miss   Min(us)  Max(us)    Avg(us)    Std_dev    Geo_dist  
Period   1        2665         2665         0.4        0          180      4111       751        468.37     653.65
Global   54       144761       2680         0.4        0          131      10509      746        522.34     641.58

[1;1H[2J
Get Statistics
Type     Time(s)  Ops          TPS(ops/s)   Net(M/s)   Get_miss   Min(us)  Max(us)    Avg(us)    Std_dev    Geo_dist  
Period   1        2481         2481         0.4        0          197      5306       799        566.24     682.60
Global   55       145793       2650         0.3        0          131      10509      747        523.20     642.21

Set Statistics
Type     Time(s)  Ops          TPS(ops/s)   Net(M/s)   Get_miss   Min(us)  Max(us)    Avg(us)    Std_dev    Geo_dist  
Period   1        25           25           0.0        0          280      1598       757        340.16     689.44
Global   55       1474         26           0.0        0          203      7132       746        502.12     647.01

Total Statistics
Type     Time(s)  Ops          TPS(ops/s)   Net(M/s)   Get_miss   Min(us)  Max(us)    Avg(us)    Std_dev    Geo_dist  
Period   1        2506         2506         0.4        0          197      5306       799        563.82     682.67
Global   55       147267       2677         0.3        0          131      10509      747        522.98     642.25

[1;1H[2J
Get Statistics
Type     Time(s)  Ops          TPS(ops/s)   Net(M/s)   Get_miss   Min(us)  Max(us)    Avg(us)    Std_dev    Geo_dist  
Period   1        2631         2631         0.4        0          183      6045       753        521.08     646.52
Global   56       148424       2650         0.4        0          131      10509      747        523.32     642.28

Set Statistics
Type     Time(s)  Ops          TPS(ops/s)   Net(M/s)   Get_miss   Min(us)  Max(us)    Avg(us)    Std_dev    Geo_dist  
Period   1        26           26           0.0        0          300      1904       690        388.03     610.35
Global   56       1500         26           0.0        0          203      7132       745        500.36     646.36

Total Statistics
Type     Time(s)  Ops          TPS(ops/s)   Net(M/s)   Get_miss   Min(us)  Max(us)    Avg(us)    Std_dev    Geo_dist  
Period   1        2657         2657         0.4        0          183      6045       753        519.03     646.16
Global   56       149924       2677         0.4        0          131      10509      747        523.06     642.32

[1;1H[2J
Get Statistics
Type     Time(s)  Ops          TPS(ops/s)   Net(M/s)   Get_miss   Min(us)  Max(us)    Avg(us)    Std_dev    Geo_dist  
Period   1        2819         2819         0.4        0          186      3538       703        416.86     622.76
Global   57       151243       2653         0.4        0          131      10509      746        521.82     641.91

Set Statistics
Type     Time(s)  Ops          TPS(ops/s)   Net(M/s)   Get_miss   Min(us)  Max(us)    Avg(us)    Std_dev    Geo_dist  
Period   1        29           29           0.0        0          327      1602       630        296.70     578.82
Global   57       1529         26           0.0        0          203      7132       743        497.19     645.01

Total Statistics
Type     Time(s)  Ops          TPS(ops/s)   Net(M/s)   Get_miss   Min(us)  Max(us)    Avg(us)    Std_dev    Geo_dist  
Period   1        2848         2848         0.4        0          186      3538       703        414.58     622.29
Global   57       152772       2680         0.4        0          131      10509      746        521.54     641.94

[1;1H[2J
Get Statistics
Type     Time(s)  Ops          TPS(ops/s)   Net(M/s)   Get_miss   Min(us)  Max(us)    Avg(us)    Std_dev    Geo_dist  
Period   1        2693         2693         0.4        0          177      5994       736        490.09     640.40
Global   58       153936       2654         0.4        0          131      10509      746        521.03     641.89

Set Statistics
Type     Time(s)  Ops          TPS(ops/s)   Net(M/s)   Get_miss   Min(us)  Max(us)    Avg(us)    Std_dev    Geo_dist  
Period   1        27           27           0.0        0          220      1737       715        392.68     623.37
Global   58       1556         26           0.0        0          203      7132       742        496.25     644.63

Total Statistics
Type     Time(s)  Ops          TPS(ops/s)   Net(M/s)   Get_miss   Min(us)  Max(us)    Avg(us)    Std_dev    Geo_dist  
Period   1        2720         2720         0.4        0          177      5994       736        488.85     640.23
Global   58       155492       2680         0.4        0          131      10509      746        520.73     641.91

[1;1H[2J
Get Statistics
Type     Time(s)  Ops          TPS(ops/s)   Net(M/s)   Get_miss   Min(us)  Max(us)    Avg(us)    Std_dev    Geo_dist  
Period   1        2394         2394         0.4        0          182      4923       828        655.04     686.43
Global   59       156330       2649         0.3        0          131      10509      747        523.80     642.55

Set Statistics
Type     Time(s)  Ops          TPS(ops/s)   Net(M/s)   Get_miss   Min(us)  Max(us)    Avg(us)    Std_dev    Geo_dist  
Period   1        24           24           0.0        0          213      2908       827        676.90     668.57
Global   59       1580         26           0.0        0          203      7132       743        499.73     644.98

Total Statistics
Type     Time(s)  Ops          TPS(ops/s)   Net(M/s)   Get_miss   Min(us)  Max(us)    Avg(us)    Std_dev    Geo_dist  
Period   1        2418         2418         0.4        0          182      4923       828        655.10     686.25
Global   59       157910       2676         0.3        0          131      10509      747        523.51     642.57

[1;1H[2J
Get Statistics
Type     Time(s)  Ops          TPS(ops/s)   Net(M/s)   Get_miss   Min(us)  Max(us)    Avg(us)    Std_dev    Geo_dist  
Period   1        2653         2653         0.4        0          172      5147       747        508.51     640.41
Global   60       158983       2649         0.4        0          131      10509      747        523.55     642.51

Set Statistics
Type     Time(s)  Ops          TPS(ops/s)   Net(M/s)   Get_miss   Min(us)  Max(us)    Avg(us)    Std_dev    Geo_dist  
Period   1        27           27           0.0        0          258      1608       751        312.13     688.24
Global   60       1607         26           0.0        0          203      7132       744        495.81     645.69

Total Statistics
Type     Time(s)  Ops          TPS(ops/s)   Net(M/s)   Get_miss   Min(us)  Max(us)    Avg(us)    Std_dev    Geo_dist  
Period   1        2680         2680         0.4        0          172      5147       747        506.94     640.88
Global   60       160590       2676         0.4        0          131      10509      747        523.23     642.54

Get Statistics (158985 events)
   Min:       131
   Max:     10509
   Avg:       747
   Geo:    642.51
   Std:    523.54
   Log2 Dist:
       8:     2677    54378    75033    22709
      12:     3677      500       11

Set Statistics (1607 events)
   Min:       203
   Max:      7132
   Avg:       744
   Geo:    645.69
   Std:    495.81
   Log2 Dist:
       8:       21      538      774      237
      12:       34        3

Total Statistics (160592 events)
   Min:       131
   Max:     10509
   Avg:       747
   Geo:    642.54
   Std:    523.23
   Log2 Dist:
       8:     2698    54916    75807    22946
      12:     3711      503       11

cmd_get: 158987
cmd_set: 1607
get_misses: 0
written_bytes: 3754790
read_bytes: 26245381
object_bytes: 231408

Run time: 60.2s Ops: 160594 TPS: 2666 Net_rate: 0.5M/s
