servers : 10.0.0.7:9000
threads count: 26
concurrency: 26
run time: 60s
windows size: 10k
set proportion: set_prop=0.01
get proportion: get_prop=0.99
[1;1H[2J
Get Statistics
Type     Time(s)  Ops          TPS(ops/s)   Net(M/s)   Get_miss   Min(us)  Max(us)    Avg(us)    Std_dev    Geo_dist  
Period   1        15812        15812        2.2        0          175      11665      1623       1841.70    1116.87
Global   1        15812        15812        2.2        0          175      11665      1623       1841.70    1116.87

Set Statistics
Type     Time(s)  Ops          TPS(ops/s)   Net(M/s)   Get_miss   Min(us)  Max(us)    Avg(us)    Std_dev    Geo_dist  
Period   1        176          176          0.0        0          238      8387       1612       1786.25    1127.90
Global   1        176          176          0.0        0          238      8387       1612       1786.25    1127.90

Total Statistics
Type     Time(s)  Ops          TPS(ops/s)   Net(M/s)   Get_miss   Min(us)  Max(us)    Avg(us)    Std_dev    Geo_dist  
Period   1        15990        15990        2.2        0          175      11665      1622       1841.73    1117.06
Global   1        15990        15990        2.2        0          175      11665      1622       1841.73    1117.06

[1;1H[2J
Get Statistics
Type     Time(s)  Ops          TPS(ops/s)   Net(M/s)   Get_miss   Min(us)  Max(us)    Avg(us)    Std_dev    Geo_dist  
Period   1        15570        15570        2.2        0          184      11100      1654       1878.33    1122.54
Global   2        31382        15691        2.1        0          175      11665      1638       1860.37    1119.94

Set Statistics
Type     Time(s)  Ops          TPS(ops/s)   Net(M/s)   Get_miss   Min(us)  Max(us)    Avg(us)    Std_dev    Geo_dist  
Period   1        154          154          0.0        0          264      9016       1425       1677.96    1013.55
Global   2        330          165          0.0        0          238      9016       1525       1736.22    1073.02

Total Statistics
Type     Time(s)  Ops          TPS(ops/s)   Net(M/s)   Get_miss   Min(us)  Max(us)    Avg(us)    Std_dev    Geo_dist  
Period   1        15723        15723        2.2        0          184      11100      1652       1877.10    1122.01
Global   2        31713        15856        2.2        0          175      11665      1637       1859.27    1119.51

[1;1H[2J
Get Statistics
Type     Time(s)  Ops          TPS(ops/s)   Net(M/s)   Get_miss   Min(us)  Max(us)    Avg(us)    Std_dev    Geo_dist  
Period   1        15671        15671        2.2        0          184      16105      1660       1934.15    1106.93
Global   3        47053        15684        2.2        0          175      16105      1645       1885.79    1115.80

Set Statistics
Type     Time(s)  Ops          TPS(ops/s)   Net(M/s)   Get_miss   Min(us)  Max(us)    Avg(us)    Std_dev    Geo_dist  
Period   1        157          157          0.0        0          301      7193       1423       1509.84    1035.85
Global   3        487          162          0.0        0          238      9016       1492       1665.83    1060.89

Total Statistics
Type     Time(s)  Ops          TPS(ops/s)   Net(M/s)   Get_miss   Min(us)  Max(us)    Avg(us)    Std_dev    Geo_dist  
Period   1        15827        15827        2.2        0          184      16105      1657       1931.17    1106.69
Global   3        47540        15846        2.2        0          175      16105      1644       1883.22    1115.22

[1;1H[2J
Get Statistics
Type     Time(s)  Ops          TPS(ops/s)   Net(M/s)   Get_miss   Min(us)  Max(us)    Avg(us)    Std_dev    Geo_dist  
Period   1        15480        15480        2.1        0          232      37812      1661       2243.98    1118.99
Global   4        62533        15633        2.1        0          175      37812      1649       1980.46    1116.59

Set Statistics
Type     Time(s)  Ops          TPS(ops/s)   Net(M/s)   Get_miss   Min(us)  Max(us)    Avg(us)    Std_dev    Geo_dist  
Period   1        157          157          0.0        0          349      7937       1869       2022.55    1222.64
Global   4        644          161          0.0        0          238      9016       1584       1765.18    1098.23

Total Statistics
Type     Time(s)  Ops          TPS(ops/s)   Net(M/s)   Get_miss   Min(us)  Max(us)    Avg(us)    Std_dev    Geo_dist  
Period   1        15637        15637        2.2        0          232      37812      1663       2241.97    1119.98
Global   4        63177        15794        2.1        0          175      37812      1649       1977.83    1116.40

[1;1H[2J
Get Statistics
Type     Time(s)  Ops          TPS(ops/s)   Net(M/s)   Get_miss   Min(us)  Max(us)    Avg(us)    Std_dev    Geo_dist  
Period   1        15889        15889        2.2        0          183      12532      1623       1819.76    1125.53
Global   5        78422        15684        2.2        0          175      37812      1644       1948.76    1118.40

Set Statistics
Type     Time(s)  Ops          TPS(ops/s)   Net(M/s)   Get_miss   Min(us)  Max(us)    Avg(us)    Std_dev    Geo_dist  
Period   1        159          159          0.0        0          260      9091       1680       1837.81    1177.14
Global   5        803          160          0.0        0          238      9091       1603       1779.05    1113.43

Total Statistics
Type     Time(s)  Ops          TPS(ops/s)   Net(M/s)   Get_miss   Min(us)  Max(us)    Avg(us)    Std_dev    Geo_dist  
Period   1        16048        16048        2.2        0          183      12532      1623       1820.39    1126.03
Global   5        79225        15845        2.2        0          175      37812      1644       1946.76    1118.34

[1;1H[2J
Get Statistics
Type     Time(s)  Ops          TPS(ops/s)   Net(M/s)   Get_miss   Min(us)  Max(us)    Avg(us)    Std_dev    Geo_dist  
Period   1        15765        15765        2.2        0          188      11322      1646       1867.92    1125.10
Global   6        94187        15697        2.2        0          175      37812      1644       1935.74    1119.51

Set Statistics
Type     Time(s)  Ops          TPS(ops/s)   Net(M/s)   Get_miss   Min(us)  Max(us)    Avg(us)    Std_dev    Geo_dist  
Period   1        160          160          0.0        0          274      8873       1584       1793.77    1123.20
Global   6        963          160          0.0        0          238      9091       1600       1780.44    1115.04

Total Statistics
Type     Time(s)  Ops          TPS(ops/s)   Net(M/s)   Get_miss   Min(us)  Max(us)    Avg(us)    Std_dev    Geo_dist  
Period   1        15925        15925        2.2        0          188      11322      1646       1866.60    1125.08
Global   6        95150        15858        2.2        0          175      37812      1644       1933.85    1119.47

[1;1H[2J
Get Statistics
Type     Time(s)  Ops          TPS(ops/s)   Net(M/s)   Get_miss   Min(us)  Max(us)    Avg(us)    Std_dev    Geo_dist  
Period   1        15166        15166        2.1        0          188      13401      1697       1982.30    1137.85
Global   7        109353       15621        2.1        0          175      37812      1652       1941.79    1122.04

Set Statistics
Type     Time(s)  Ops          TPS(ops/s)   Net(M/s)   Get_miss   Min(us)  Max(us)    Avg(us)    Std_dev    Geo_dist  
Period   1        151          151          0.0        0          286      13302      1708       2224.69    1122.56
Global   7        1114         159          0.0        0          238      13302      1614       1846.71    1116.06

Total Statistics
Type     Time(s)  Ops          TPS(ops/s)   Net(M/s)   Get_miss   Min(us)  Max(us)    Avg(us)    Std_dev    Geo_dist  
Period   1        15317        15317        2.2        0          188      13401      1698       1983.99    1137.70
Global   7        110467       15781        2.1        0          175      37812      1651       1941.37    1121.98

[1;1H[2J
Get Statistics
Type     Time(s)  Ops          TPS(ops/s)   Net(M/s)   Get_miss   Min(us)  Max(us)    Avg(us)    Std_dev    Geo_dist  
Period   1        16468        16468        2.2        0          182      9071       1558       1785.28    1079.50
Global   8        125821       15727        2.3        0          175      37812      1639       1922.88    1116.38

Set Statistics
Type     Time(s)  Ops          TPS(ops/s)   Net(M/s)   Get_miss   Min(us)  Max(us)    Avg(us)    Std_dev    Geo_dist  
Period   1        171          171          0.0        0          319      9025       1712       2009.90    1137.01
Global   8        1285         160          0.0        0          238      13302      1627       1868.76    1118.83

Total Statistics
Type     Time(s)  Ops          TPS(ops/s)   Net(M/s)   Get_miss   Min(us)  Max(us)    Avg(us)    Std_dev    Geo_dist  
Period   1        16645        16645        2.2        0          182      9071       1561       1790.20    1080.78
Global   8        127112       15889        2.3        0          175      37812      1640       1921.82    1116.50

[1;1H[2J
Get Statistics
Type     Time(s)  Ops          TPS(ops/s)   Net(M/s)   Get_miss   Min(us)  Max(us)    Avg(us)    Std_dev    Geo_dist  
Period   1        16476        16476        2.2        0          179      12620      1576       1787.81    1105.76
Global   9        142297       15810        2.3        0          175      37812      1632       1907.66    1115.28

Set Statistics
Type     Time(s)  Ops          TPS(ops/s)   Net(M/s)   Get_miss   Min(us)  Max(us)    Avg(us)    Std_dev    Geo_dist  
Period   1        163          163          0.0        0          325      7899       1431       1567.07    1054.72
Global   9        1448         160          0.0        0          238      13302      1605       1837.78    1111.42

Total Statistics
Type     Time(s)  Ops          TPS(ops/s)   Net(M/s)   Get_miss   Min(us)  Max(us)    Avg(us)    Std_dev    Geo_dist  
Period   1        16636        16636        2.2        0          179      12620      1573       1785.30    1105.47
Global   9        143748       15972        2.3        0          175      37812      1632       1906.92    1115.28

[1;1H[2J
Get Statistics
Type     Time(s)  Ops          TPS(ops/s)   Net(M/s)   Get_miss   Min(us)  Max(us)    Avg(us)    Std_dev    Geo_dist  
Period   1        15696        15696        2.2        0          163      12022      1648       1855.06    1136.71
Global   10       157993       15799        2.2        0          163      37812      1634       1902.28    1117.52

Set Statistics
Type     Time(s)  Ops          TPS(ops/s)   Net(M/s)   Get_miss   Min(us)  Max(us)    Avg(us)    Std_dev    Geo_dist  
Period   1        158          158          0.0        0          375      11743      1982       2231.76    1293.66
Global   10       1606         160          0.0        0          238      13302      1642       1882.84    1128.15

Total Statistics
Type     Time(s)  Ops          TPS(ops/s)   Net(M/s)   Get_miss   Min(us)  Max(us)    Avg(us)    Std_dev    Geo_dist  
Period   1        15851        15851        2.2        0          163      12022      1651       1859.31    1139.07
Global   10       159599       15959        2.2        0          163      37812      1634       1902.15    1117.62

[1;1H[2J
Get Statistics
Type     Time(s)  Ops          TPS(ops/s)   Net(M/s)   Get_miss   Min(us)  Max(us)    Avg(us)    Std_dev    Geo_dist  
Period   1        15910        15910        2.2        0          173      14437      1617       1865.18    1108.73
Global   11       173903       15809        2.2        0          163      37812      1632       1899.30    1116.67

Set Statistics
Type     Time(s)  Ops          TPS(ops/s)   Net(M/s)   Get_miss   Min(us)  Max(us)    Avg(us)    Std_dev    Geo_dist  
Period   1        167          167          0.0        0          291      8959       1579       1728.60    1137.12
Global   11       1773         161          0.0        0          238      13302      1636       1868.54    1128.99

Total Statistics
Type     Time(s)  Ops          TPS(ops/s)   Net(M/s)   Get_miss   Min(us)  Max(us)    Avg(us)    Std_dev    Geo_dist  
Period   1        16079        16079        2.2        0          173      14437      1617       1863.23    1108.52
Global   11       175678       15970        2.2        0          163      37812      1632       1899.01    1116.79

[1;1H[2J
Get Statistics
Type     Time(s)  Ops          TPS(ops/s)   Net(M/s)   Get_miss   Min(us)  Max(us)    Avg(us)    Std_dev    Geo_dist  
Period   1        17388        17388        2.2        0          197      10651      1480       1577.58    1086.92
Global   12       191291       15940        2.4        0          163      37812      1618       1873.01    1114.01

Set Statistics
Type     Time(s)  Ops          TPS(ops/s)   Net(M/s)   Get_miss   Min(us)  Max(us)    Avg(us)    Std_dev    Geo_dist  
Period   1        170          170          0.0        0          354      7485       1604       1587.57    1207.46
Global   12       1943         161          0.0        0          238      13302      1634       1844.62    1135.65

Total Statistics
Type     Time(s)  Ops          TPS(ops/s)   Net(M/s)   Get_miss   Min(us)  Max(us)    Avg(us)    Std_dev    Geo_dist  
Period   1        17560        17560        2.2        0          197      10651      1482       1577.82    1088.75
Global   12       193238       16103        2.4        0          163      37812      1619       1872.04    1114.25

[1;1H[2J
Get Statistics
Type     Time(s)  Ops          TPS(ops/s)   Net(M/s)   Get_miss   Min(us)  Max(us)    Avg(us)    Std_dev    Geo_dist  
Period   1        17550        17550        2.2        0          137      11968      1475       1662.73    1048.97
Global   13       208841       16064        2.4        0          137      37812      1606       1856.69    1108.51

Set Statistics
Type     Time(s)  Ops          TPS(ops/s)   Net(M/s)   Get_miss   Min(us)  Max(us)    Avg(us)    Std_dev    Geo_dist  
Period   1        179          179          0.0        0          303      7944       1664       1859.00    1138.69
Global   13       2122         163          0.0        0          238      13302      1636       1845.88    1135.90

Total Statistics
Type     Time(s)  Ops          TPS(ops/s)   Net(M/s)   Get_miss   Min(us)  Max(us)    Avg(us)    Std_dev    Geo_dist  
Period   1        17727        17727        2.2        0          137      11968      1477       1664.37    1051.01
Global   13       210965       16228        2.4        0          137      37812      1607       1855.96    1108.79

[1;1H[2J
Get Statistics
Type     Time(s)  Ops          TPS(ops/s)   Net(M/s)   Get_miss   Min(us)  Max(us)    Avg(us)    Std_dev    Geo_dist  
Period   1        16971        16971        2.2        0          182      9897       1526       1681.76    1076.15
Global   14       225812       16129        2.3        0          137      37812      1600       1844.22    1106.05

Set Statistics
Type     Time(s)  Ops          TPS(ops/s)   Net(M/s)   Get_miss   Min(us)  Max(us)    Avg(us)    Std_dev    Geo_dist  
Period   1        174          174          0.0        0          289      7398       1540       1817.40    1053.24
Global   14       2296         164          0.0        0          238      13302      1629       1843.28    1129.42

Total Statistics
Type     Time(s)  Ops          TPS(ops/s)   Net(M/s)   Get_miss   Min(us)  Max(us)    Avg(us)    Std_dev    Geo_dist  
Period   1        17143        17143        2.2        0          182      9897       1526       1683.32    1075.41
Global   14       228108       16293        2.4        0          137      37812      1601       1843.60    1106.28

[1;1H[2J
Get Statistics
Type     Time(s)  Ops          TPS(ops/s)   Net(M/s)   Get_miss   Min(us)  Max(us)    Avg(us)    Std_dev    Geo_dist  
Period   1        16339        16339        2.2        0          181      13882      1577       1766.00    1103.15
Global   15       242151       16143        2.2        0          137      37812      1599       1838.57    1105.85

Set Statistics
Type     Time(s)  Ops          TPS(ops/s)   Net(M/s)   Get_miss   Min(us)  Max(us)    Avg(us)    Std_dev    Geo_dist  
Period   1        164          164          0.0        0          282      7154       1501       1656.21    1074.37
Global   15       2460         164          0.0        0          238      13302      1620       1831.78    1125.66

Total Statistics
Type     Time(s)  Ops          TPS(ops/s)   Net(M/s)   Get_miss   Min(us)  Max(us)    Avg(us)    Std_dev    Geo_dist  
Period   1        16503        16503        2.2        0          181      13882      1576       1765.13    1102.86
Global   15       244611       16307        2.3        0          137      37812      1599       1838.69    1106.05

[1;1H[2J
Get Statistics
Type     Time(s)  Ops          TPS(ops/s)   Net(M/s)   Get_miss   Min(us)  Max(us)    Avg(us)    Std_dev    Geo_dist  
Period   1        16602        16602        2.2        0          164      12080      1553       1748.30    1085.78
Global   16       258753       16172        2.3        0          137      37812      1596       1832.99    1104.55

Set Statistics
Type     Time(s)  Ops          TPS(ops/s)   Net(M/s)   Get_miss   Min(us)  Max(us)    Avg(us)    Std_dev    Geo_dist  
Period   1        167          167          0.0        0          264      7675       1206       1188.83    956.13
Global   16       2627         164          0.0        0          238      13302      1594       1800.16    1114.04

Total Statistics
Type     Time(s)  Ops          TPS(ops/s)   Net(M/s)   Get_miss   Min(us)  Max(us)    Avg(us)    Std_dev    Geo_dist  
Period   1        16770        16770        2.2        0          164      12080      1550       1744.17    1084.52
Global   16       261381       16336        2.3        0          137      37812      1596       1832.68    1104.66

[1;1H[2J
Get Statistics
Type     Time(s)  Ops          TPS(ops/s)   Net(M/s)   Get_miss   Min(us)  Max(us)    Avg(us)    Std_dev    Geo_dist  
Period   1        17245        17245        2.2        0          197      12251      1504       1664.12    1076.46
Global   17       275998       16235        2.4        0          137      37812      1590       1823.29    1102.81

Set Statistics
Type     Time(s)  Ops          TPS(ops/s)   Net(M/s)   Get_miss   Min(us)  Max(us)    Avg(us)    Std_dev    Geo_dist  
Period   1        173          173          0.0        0          263      8328       1336       1445.25    996.66
Global   17       2800         164          0.0        0          238      13302      1578       1781.20    1106.40

Total Statistics
Type     Time(s)  Ops          TPS(ops/s)   Net(M/s)   Get_miss   Min(us)  Max(us)    Avg(us)    Std_dev    Geo_dist  
Period   1        17418        17418        2.3        0          197      12251      1502       1662.33    1075.63
Global   17       278799       16399        2.4        0          137      37812      1590       1822.80    1102.86

[1;1H[2J
Get Statistics
Type     Time(s)  Ops          TPS(ops/s)   Net(M/s)   Get_miss   Min(us)  Max(us)    Avg(us)    Std_dev    Geo_dist  
Period   1        16301        16301        2.2        0          155      13114      1584       1762.48    1106.79
Global   18       292299       16238        2.2        0          137      37812      1590       1819.69    1103.07

Set Statistics
Type     Time(s)  Ops          TPS(ops/s)   Net(M/s)   Get_miss   Min(us)  Max(us)    Avg(us)    Std_dev    Geo_dist  
Period   1        166          166          0.0        0          309      7447       1658       1747.82    1187.48
Global   18       2966         164          0.0        0          238      13302      1582       1779.58    1110.79

Total Statistics
Type     Time(s)  Ops          TPS(ops/s)   Net(M/s)   Get_miss   Min(us)  Max(us)    Avg(us)    Std_dev    Geo_dist  
Period   1        16467        16467        2.3        0          155      13114      1585       1761.86    1108.09
Global   18       295266       16403        2.3        0          137      37812      1590       1819.24    1103.18

[1;1H[2J
Get Statistics
Type     Time(s)  Ops          TPS(ops/s)   Net(M/s)   Get_miss   Min(us)  Max(us)    Avg(us)    Std_dev    Geo_dist  
Period   1        16883        16883        2.2        0          204      11231      1537       1714.68    1085.18
Global   19       309182       16272        2.3        0          137      37812      1587       1814.26    1102.11

Set Statistics
Type     Time(s)  Ops          TPS(ops/s)   Net(M/s)   Get_miss   Min(us)  Max(us)    Avg(us)    Std_dev    Geo_dist  
Period   1        172          172          0.0        0          351      7016       1458       1592.85    1049.03
Global   19       3138         165          0.0        0          238      13302      1576       1769.14    1107.31

Total Statistics
Type     Time(s)  Ops          TPS(ops/s)   Net(M/s)   Get_miss   Min(us)  Max(us)    Avg(us)    Std_dev    Geo_dist  
Period   1        17080        17080        2.3        0          204      11231      1544       1724.96    1087.79
Global   19       312346       16439        2.3        0          137      37812      1587       1814.66    1102.33

[1;1H[2J
Get Statistics
Type     Time(s)  Ops          TPS(ops/s)   Net(M/s)   Get_miss   Min(us)  Max(us)    Avg(us)    Std_dev    Geo_dist  
Period   1        16714        16714        2.2        0          193      10944      1553       1747.82    1080.80
Global   20       325896       16294        2.3        0          137      37812      1585       1811.15    1101.01

Set Statistics
Type     Time(s)  Ops          TPS(ops/s)   Net(M/s)   Get_miss   Min(us)  Max(us)    Avg(us)    Std_dev    Geo_dist  
Period   1        169          169          0.0        0          362      7582       1680       1899.81    1124.25
Global   20       3307         165          0.0        0          238      13302      1581       1776.17    1108.17

Total Statistics
Type     Time(s)  Ops          TPS(ops/s)   Net(M/s)   Get_miss   Min(us)  Max(us)    Avg(us)    Std_dev    Geo_dist  
Period   1        16857        16857        2.3        0          193      10944      1546       1738.24    1078.14
Global   20       329203       16460        2.3        0          137      37812      1585       1810.76    1101.08

[1;1H[2J
Get Statistics
Type     Time(s)  Ops          TPS(ops/s)   Net(M/s)   Get_miss   Min(us)  Max(us)    Avg(us)    Std_dev    Geo_dist  
Period   1        16211        16211        2.2        0          189      12324      1585       1779.43    1098.39
Global   21       342107       16290        2.2        0          137      37812      1585       1809.66    1100.88

Set Statistics
Type     Time(s)  Ops          TPS(ops/s)   Net(M/s)   Get_miss   Min(us)  Max(us)    Avg(us)    Std_dev    Geo_dist  
Period   1        162          162          0.0        0          295      8838       1629       1848.84    1099.61
Global   21       3469         165          0.0        0          238      13302      1583       1779.60    1107.77

Total Statistics
Type     Time(s)  Ops          TPS(ops/s)   Net(M/s)   Get_miss   Min(us)  Max(us)    Avg(us)    Std_dev    Geo_dist  
Period   1        16374        16374        2.3        0          189      12324      1585       1781.05    1098.52
Global   21       345577       16456        2.2        0          137      37812      1585       1809.36    1100.96

[1;1H[2J
Get Statistics
Type     Time(s)  Ops          TPS(ops/s)   Net(M/s)   Get_miss   Min(us)  Max(us)    Avg(us)    Std_dev    Geo_dist  
Period   1        16032        16032        2.2        0          176      15069      1619       1975.65    1076.32
Global   22       358139       16279        2.2        0          137      37812      1587       1817.00    1099.77

Set Statistics
Type     Time(s)  Ops          TPS(ops/s)   Net(M/s)   Get_miss   Min(us)  Max(us)    Avg(us)    Std_dev    Geo_dist  
Period   1        162          162          0.0        0          260      10966      1667       2024.14    1092.79
Global   22       3631         165          0.0        0          238      13302      1587       1790.77    1107.10

Total Statistics
Type     Time(s)  Ops          TPS(ops/s)   Net(M/s)   Get_miss   Min(us)  Max(us)    Avg(us)    Std_dev    Geo_dist  
Period   1        16195        16195        2.3        0          176      15069      1619       1976.80    1076.58
Global   22       361772       16444        2.2        0          137      37812      1587       1816.78    1099.86

[1;1H[2J
Get Statistics
Type     Time(s)  Ops          TPS(ops/s)   Net(M/s)   Get_miss   Min(us)  Max(us)    Avg(us)    Std_dev    Geo_dist  
Period   1        16261        16261        2.2        0          176      11689      1591       1708.68    1128.52
Global   23       374400       16278        2.2        0          137      37812      1587       1812.60    1101.03

Set Statistics
Type     Time(s)  Ops          TPS(ops/s)   Net(M/s)   Get_miss   Min(us)  Max(us)    Avg(us)    Std_dev    Geo_dist  
Period   1        164          164          0.0        0          314      9148       1419       1498.44    1078.24
Global   23       3795         165          0.0        0          238      13302      1580       1779.06    1105.84

Total Statistics
Type     Time(s)  Ops          TPS(ops/s)   Net(M/s)   Get_miss   Min(us)  Max(us)    Avg(us)    Std_dev    Geo_dist  
Period   1        16426        16426        2.3        0          176      11689      1590       1705.55    1128.56
Global   23       378198       16443        2.3        0          137      37812      1587       1812.20    1101.09

[1;1H[2J
Get Statistics
Type     Time(s)  Ops          TPS(ops/s)   Net(M/s)   Get_miss   Min(us)  Max(us)    Avg(us)    Std_dev    Geo_dist  
Period   1        15944        15944        2.2        0          178      9246       1622       1904.92    1085.32
Global   24       390344       16264        2.2        0          137      37812      1588       1816.86    1100.45

Set Statistics
Type     Time(s)  Ops          TPS(ops/s)   Net(M/s)   Get_miss   Min(us)  Max(us)    Avg(us)    Std_dev    Geo_dist  
Period   1        159          159          0.0        0          245      8031       1666       1865.61    1147.94
Global   24       3954         164          0.0        0          238      13302      1583       1782.86    1107.50

Total Statistics
Type     Time(s)  Ops          TPS(ops/s)   Net(M/s)   Get_miss   Min(us)  Max(us)    Avg(us)    Std_dev    Geo_dist  
Period   1        16102        16102        2.3        0          178      9246       1623       1905.46    1087.04
Global   24       394300       16429        2.2        0          137      37812      1588       1816.53    1100.53

[1;1H[2J
Get Statistics
Type     Time(s)  Ops          TPS(ops/s)   Net(M/s)   Get_miss   Min(us)  Max(us)    Avg(us)    Std_dev    Geo_dist  
Period   1        16218        16218        2.2        0          175      13572      1612       1806.47    1131.47
Global   25       406562       16262        2.2        0          137      37812      1589       1816.45    1101.70

Set Statistics
Type     Time(s)  Ops          TPS(ops/s)   Net(M/s)   Get_miss   Min(us)  Max(us)    Avg(us)    Std_dev    Geo_dist  
Period   1        164          164          0.0        0          331      9839       1755       2075.47    1156.58
Global   25       4118         164          0.0        0          238      13302      1590       1795.32    1109.41

Total Statistics
Type     Time(s)  Ops          TPS(ops/s)   Net(M/s)   Get_miss   Min(us)  Max(us)    Avg(us)    Std_dev    Geo_dist  
Period   1        16380        16380        2.3        0          175      13572      1613       1809.16    1132.08
Global   25       410680       16427        2.2        0          137      37812      1589       1816.24    1101.77

[1;1H[2J
Get Statistics
Type     Time(s)  Ops          TPS(ops/s)   Net(M/s)   Get_miss   Min(us)  Max(us)    Avg(us)    Std_dev    Geo_dist  
Period   1        16607        16607        2.2        0          171      12415      1552       1809.53    1063.59
Global   26       423169       16275        2.3        0          137      37812      1588       1815.79    1100.18

Set Statistics
Type     Time(s)  Ops          TPS(ops/s)   Net(M/s)   Get_miss   Min(us)  Max(us)    Avg(us)    Std_dev    Geo_dist  
Period   1        169          169          0.0        0          265      8861       1611       1885.21    1084.00
Global   26       4287         164          0.0        0          238      13302      1591       1798.57    1108.40

Total Statistics
Type     Time(s)  Ops          TPS(ops/s)   Net(M/s)   Get_miss   Min(us)  Max(us)    Avg(us)    Std_dev    Geo_dist  
Period   1        16777        16777        2.3        0          171      12415      1552       1810.69    1063.79
Global   26       427457       16440        2.3        0          137      37812      1588       1815.64    1100.26

[1;1H[2J
Get Statistics
Type     Time(s)  Ops          TPS(ops/s)   Net(M/s)   Get_miss   Min(us)  Max(us)    Avg(us)    Std_dev    Geo_dist  
Period   1        15637        15637        2.2        0          167      9967       1653       1951.42    1102.60
Global   27       438806       16252        2.1        0          137      37812      1590       1821.11    1100.26

Set Statistics
Type     Time(s)  Ops          TPS(ops/s)   Net(M/s)   Get_miss   Min(us)  Max(us)    Avg(us)    Std_dev    Geo_dist  
Period   1        159          159          0.0        0          321      9052       1631       1906.04    1123.99
Global   27       4446         164          0.0        0          238      13302      1592       1802.70    1108.95

Total Statistics
Type     Time(s)  Ops          TPS(ops/s)   Net(M/s)   Get_miss   Min(us)  Max(us)    Avg(us)    Std_dev    Geo_dist  
Period   1        15796        15796        2.3        0          167      9967       1653       1950.76    1101.46
Global   27       443253       16416        2.2        0          137      37812      1590       1820.94    1100.35

[1;1H[2J
Get Statistics
Type     Time(s)  Ops          TPS(ops/s)   Net(M/s)   Get_miss   Min(us)  Max(us)    Avg(us)    Std_dev    Geo_dist  
Period   1        16010        16010        2.2        0          171      10671      1617       1764.10    1146.33
Global   28       454816       16243        2.2        0          137      37812      1591       1819.10    1101.85

Set Statistics
Type     Time(s)  Ops          TPS(ops/s)   Net(M/s)   Get_miss   Min(us)  Max(us)    Avg(us)    Std_dev    Geo_dist  
Period   1        160          160          0.0        0          334      9086       1505       1562.16    1125.85
Global   28       4606         164          0.0        0          238      13302      1589       1794.78    1109.54

Total Statistics
Type     Time(s)  Ops          TPS(ops/s)   Net(M/s)   Get_miss   Min(us)  Max(us)    Avg(us)    Std_dev    Geo_dist  
Period   1        16169        16169        2.3        0          171      10671      1616       1762.11    1146.07
Global   28       459422       16407        2.2        0          137      37812      1591       1818.84    1101.93

[1;1H[2J
Get Statistics
Type     Time(s)  Ops          TPS(ops/s)   Net(M/s)   Get_miss   Min(us)  Max(us)    Avg(us)    Std_dev    Geo_dist  
Period   1        15970        15970        2.2        0          191      8864       1614       1839.51    1092.85
Global   29       470786       16234        2.2        0          137      37812      1592       1819.60    1101.55

Set Statistics
Type     Time(s)  Ops          TPS(ops/s)   Net(M/s)   Get_miss   Min(us)  Max(us)    Avg(us)    Std_dev    Geo_dist  
Period   1        163          163          0.0        0          303      8748       1511       1764.86    1056.63
Global   29       4769         164          0.0        0          238      13302      1587       1793.05    1107.68

Total Statistics
Type     Time(s)  Ops          TPS(ops/s)   Net(M/s)   Get_miss   Min(us)  Max(us)    Avg(us)    Std_dev    Geo_dist  
Period   1        16133        16133        2.3        0          191      8864       1613       1838.71    1092.48
Global   29       475555       16398        2.2        0          137      37812      1592       1819.29    1101.61

[1;1H[2J
Get Statistics
Type     Time(s)  Ops          TPS(ops/s)   Net(M/s)   Get_miss   Min(us)  Max(us)    Avg(us)    Std_dev    Geo_dist  
Period   1        16178        16178        2.2        0          191      13121      1598       1867.39    1097.49
Global   30       486964       16232        2.2        0          137      37812      1592       1821.38    1101.41

Set Statistics
Type     Time(s)  Ops          TPS(ops/s)   Net(M/s)   Get_miss   Min(us)  Max(us)    Avg(us)    Std_dev    Geo_dist  
Period   1        163          163          0.0        0          197      12661      1679       2057.72    1128.71
Global   30       4932         164          0.0        0          197      13302      1590       1802.30    1108.37

Total Statistics
Type     Time(s)  Ops          TPS(ops/s)   Net(M/s)   Get_miss   Min(us)  Max(us)    Avg(us)    Std_dev    Geo_dist  
Period   1        16341        16341        2.3        0          191      13121      1599       1869.17    1097.79
Global   30       491896       16396        2.2        0          137      37812      1592       1821.18    1101.48

[1;1H[2J
Get Statistics
Type     Time(s)  Ops          TPS(ops/s)   Net(M/s)   Get_miss   Min(us)  Max(us)    Avg(us)    Std_dev    Geo_dist  
Period   1        15962        15962        2.2        0          187      13205      1619       1911.00    1100.73
Global   31       502926       16223        2.2        0          137      37812      1593       1824.18    1101.39

Set Statistics
Type     Time(s)  Ops          TPS(ops/s)   Net(M/s)   Get_miss   Min(us)  Max(us)    Avg(us)    Std_dev    Geo_dist  
Period   1        160          160          0.0        0          328      8428       1797       2005.09    1228.44
Global   31       5092         164          0.0        0          197      13302      1596       1809.60    1111.96

Total Statistics
Type     Time(s)  Ops          TPS(ops/s)   Net(M/s)   Get_miss   Min(us)  Max(us)    Avg(us)    Std_dev    Geo_dist  
Period   1        16123        16123        2.3        0          187      13205      1621       1911.70    1101.95
Global   31       508019       16387        2.2        0          137      37812      1593       1824.05    1101.49

[1;1H[2J
Get Statistics
Type     Time(s)  Ops          TPS(ops/s)   Net(M/s)   Get_miss   Min(us)  Max(us)    Avg(us)    Std_dev    Geo_dist  
Period   1        16147        16147        2.2        0          187      9941       1599       1808.49    1119.04
Global   32       519073       16221        2.2        0          137      37812      1593       1823.85    1101.95

Set Statistics
Type     Time(s)  Ops          TPS(ops/s)   Net(M/s)   Get_miss   Min(us)  Max(us)    Avg(us)    Std_dev    Geo_dist  
Period   1        168          168          0.0        0          417      7912       1572       1674.17    1166.81
Global   32       5260         164          0.0        0          197      13302      1595       1805.50    1113.67

Total Statistics
Type     Time(s)  Ops          TPS(ops/s)   Net(M/s)   Get_miss   Min(us)  Max(us)    Avg(us)    Std_dev    Geo_dist  
Period   1        16315        16315        2.3        0          187      9941       1599       1806.86    1120.03
Global   32       524334       16385        2.2        0          137      37812      1593       1823.68    1102.07

[1;1H[2J
Get Statistics
Type     Time(s)  Ops          TPS(ops/s)   Net(M/s)   Get_miss   Min(us)  Max(us)    Avg(us)    Std_dev    Geo_dist  
Period   1        16068        16068        2.2        0          204      11942      1608       1792.87    1126.86
Global   33       535141       16216        2.2        0          137      37812      1594       1822.45    1102.70

Set Statistics
Type     Time(s)  Ops          TPS(ops/s)   Net(M/s)   Get_miss   Min(us)  Max(us)    Avg(us)    Std_dev    Geo_dist  
Period   1        160          160          0.0        0          282      8821       1686       1912.38    1149.19
Global   33       5420         164          0.0        0          197      13302      1598       1808.35    1114.71

Total Statistics
Type     Time(s)  Ops          TPS(ops/s)   Net(M/s)   Get_miss   Min(us)  Max(us)    Avg(us)    Std_dev    Geo_dist  
Period   1        16228        16228        2.2        0          204      11942      1609       1794.44    1127.16
Global   33       540562       16380        2.2        0          137      37812      1594       1822.36    1102.83

[1;1H[2J
Get Statistics
Type     Time(s)  Ops          TPS(ops/s)   Net(M/s)   Get_miss   Min(us)  Max(us)    Avg(us)    Std_dev    Geo_dist  
Period   1        15729        15729        2.2        0          183      10230      1645       1837.90    1132.97
Global   34       550870       16202        2.2        0          137      37812      1595       1823.33    1103.57

Set Statistics
Type     Time(s)  Ops          TPS(ops/s)   Net(M/s)   Get_miss   Min(us)  Max(us)    Avg(us)    Std_dev    Geo_dist  
Period   1        159          159          0.0        0          309      8394       1666       1754.63    1184.54
Global   34       5579         164          0.0        0          197      13302      1600       1806.66    1116.64

Total Statistics
Type     Time(s)  Ops          TPS(ops/s)   Net(M/s)   Get_miss   Min(us)  Max(us)    Avg(us)    Std_dev    Geo_dist  
Period   1        15891        15891        2.2        0          183      10230      1647       1838.26    1134.49
Global   34       556453       16366        2.2        0          137      37812      1595       1823.28    1103.72

[1;1H[2J
Get Statistics
Type     Time(s)  Ops          TPS(ops/s)   Net(M/s)   Get_miss   Min(us)  Max(us)    Avg(us)    Std_dev    Geo_dist  
Period   1        17058        17058        2.2        0          166      13349      1520       1749.50    1070.10
Global   35       567928       16226        2.3        0          137      37812      1593       1821.04    1102.61

Set Statistics
Type     Time(s)  Ops          TPS(ops/s)   Net(M/s)   Get_miss   Min(us)  Max(us)    Avg(us)    Std_dev    Geo_dist  
Period   1        171          171          0.0        0          327      10562      1463       1612.81    1071.98
Global   35       5750         164          0.0        0          197      13302      1596       1801.16    1115.28

Total Statistics
Type     Time(s)  Ops          TPS(ops/s)   Net(M/s)   Get_miss   Min(us)  Max(us)    Avg(us)    Std_dev    Geo_dist  
Period   1        17227        17227        2.3        0          166      13349      1520       1748.86    1071.54
Global   35       573680       16390        2.4        0          137      37812      1593       1820.92    1102.74

[1;1H[2J
Get Statistics
Type     Time(s)  Ops          TPS(ops/s)   Net(M/s)   Get_miss   Min(us)  Max(us)    Avg(us)    Std_dev    Geo_dist  
Period   1        15366        15366        2.2        0          136      12697      1690       1991.99    1120.03
Global   36       583294       16202        2.1        0          136      37812      1595       1826.33    1103.08

Set Statistics
Type     Time(s)  Ops          TPS(ops/s)   Net(M/s)   Get_miss   Min(us)  Max(us)    Avg(us)    Std_dev    Geo_dist  
Period   1        154          154          0.0        0          289      7829       1588       1803.42    1098.10
Global   36       5904         164          0.0        0          197      13302      1596       1800.88    1114.83

Total Statistics
Type     Time(s)  Ops          TPS(ops/s)   Net(M/s)   Get_miss   Min(us)  Max(us)    Avg(us)    Std_dev    Geo_dist  
Period   1        15518        15518        2.2        0          136      12697      1689       1989.53    1120.18
Global   36       589198       16366        2.1        0          136      37812      1595       1826.08    1103.19

[1;1H[2J
Get Statistics
Type     Time(s)  Ops          TPS(ops/s)   Net(M/s)   Get_miss   Min(us)  Max(us)    Avg(us)    Std_dev    Geo_dist  
Period   1        14350        14350        2.2        0          221      11379      1799       2081.98    1184.59
Global   37       597644       16152        2.0        0          136      37812      1600       1833.06    1104.97

Set Statistics
Type     Time(s)  Ops          TPS(ops/s)   Net(M/s)   Get_miss   Min(us)  Max(us)    Avg(us)    Std_dev    Geo_dist  
Period   1        145          145          0.0        0          341      10471      1881       2261.27    1212.84
Global   37       6049         163          0.0        0          197      13302      1603       1813.43    1117.08

Total Statistics
Type     Time(s)  Ops          TPS(ops/s)   Net(M/s)   Get_miss   Min(us)  Max(us)    Avg(us)    Std_dev    Geo_dist  
Period   1        14495        14495        2.2        0          221      11379      1800       2083.63    1184.87
Global   37       603693       16316        2.0        0          136      37812      1600       1832.89    1105.09

[1;1H[2J
Get Statistics
Type     Time(s)  Ops          TPS(ops/s)   Net(M/s)   Get_miss   Min(us)  Max(us)    Avg(us)    Std_dev    Geo_dist  
Period   1        16929        16929        2.2        0          146      12991      1526       1763.32    1055.06
Global   38       614573       16172        2.3        0          136      37812      1598       1831.18    1103.56

Set Statistics
Type     Time(s)  Ops          TPS(ops/s)   Net(M/s)   Get_miss   Min(us)  Max(us)    Avg(us)    Std_dev    Geo_dist  
Period   1        172          172          0.0        0          326      7010       1207       1220.15    944.25
Global   38       6221         163          0.0        0          197      13302      1592       1800.80    1111.91

Total Statistics
Type     Time(s)  Ops          TPS(ops/s)   Net(M/s)   Get_miss   Min(us)  Max(us)    Avg(us)    Std_dev    Geo_dist  
Period   1        17101        17101        2.2        0          146      12991      1523       1758.78    1053.88
Global   38       620794       16336        2.3        0          136      37812      1598       1830.82    1103.64

[1;1H[2J
Get Statistics
Type     Time(s)  Ops          TPS(ops/s)   Net(M/s)   Get_miss   Min(us)  Max(us)    Avg(us)    Std_dev    Geo_dist  
Period   1        15409        15409        2.2        0          225      11033      1677       1836.46    1159.87
Global   39       629982       16153        2.1        0          136      37812      1600       1831.29    1104.91

Set Statistics
Type     Time(s)  Ops          TPS(ops/s)   Net(M/s)   Get_miss   Min(us)  Max(us)    Avg(us)    Std_dev    Geo_dist  
Period   1        153          153          0.0        0          276      8897       1814       1970.04    1214.01
Global   39       6374         163          0.0        0          197      13302      1597       1805.49    1114.25

Total Statistics
Type     Time(s)  Ops          TPS(ops/s)   Net(M/s)   Get_miss   Min(us)  Max(us)    Avg(us)    Std_dev    Geo_dist  
Period   1        15562        15562        2.2        0          225      11033      1678       1838.12    1160.39
Global   39       636356       16316        2.1        0          136      37812      1600       1831.00    1105.00

[1;1H[2J
Get Statistics
Type     Time(s)  Ops          TPS(ops/s)   Net(M/s)   Get_miss   Min(us)  Max(us)    Avg(us)    Std_dev    Geo_dist  
Period   1        15063        15063        2.2        0          191      13339      1720       2021.42    1131.57
Global   40       645045       16126        2.1        0          136      37812      1603       1835.87    1105.52

Set Statistics
Type     Time(s)  Ops          TPS(ops/s)   Net(M/s)   Get_miss   Min(us)  Max(us)    Avg(us)    Std_dev    Geo_dist  
Period   1        155          155          0.0        0          373      9815       1758       2081.52    1147.44
Global   40       6529         163          0.0        0          197      13302      1601       1812.36    1115.03

Total Statistics
Type     Time(s)  Ops          TPS(ops/s)   Net(M/s)   Get_miss   Min(us)  Max(us)    Avg(us)    Std_dev    Geo_dist  
Period   1        15218        15218        2.2        0          191      13339      1720       2022.30    1131.73
Global   40       651574       16289        2.1        0          136      37812      1603       1835.61    1105.62

[1;1H[2J
Get Statistics
Type     Time(s)  Ops          TPS(ops/s)   Net(M/s)   Get_miss   Min(us)  Max(us)    Avg(us)    Std_dev    Geo_dist  
Period   1        15707        15707        2.2        0          167      11029      1646       1911.87    1113.02
Global   41       660752       16115        2.2        0          136      37812      1604       1837.74    1105.70

Set Statistics
Type     Time(s)  Ops          TPS(ops/s)   Net(M/s)   Get_miss   Min(us)  Max(us)    Avg(us)    Std_dev    Geo_dist  
Period   1        159          159          0.0        0          357      7315       1807       1885.82    1240.36
Global   41       6688         163          0.0        0          197      13302      1606       1814.18    1117.86

Total Statistics
Type     Time(s)  Ops          TPS(ops/s)   Net(M/s)   Get_miss   Min(us)  Max(us)    Avg(us)    Std_dev    Geo_dist  
Period   1        15866        15866        2.2        0          167      11029      1647       1912.15    1114.23
Global   41       667440       16279        2.2        0          136      37812      1604       1837.52    1105.82

[1;1H[2J
Get Statistics
Type     Time(s)  Ops          TPS(ops/s)   Net(M/s)   Get_miss   Min(us)  Max(us)    Avg(us)    Std_dev    Geo_dist  
Period   1        14923        14923        2.2        0          183      10873      1721       2027.39    1135.34
Global   42       675675       16087        2.0        0          136      37812      1607       1841.86    1106.34

Set Statistics
Type     Time(s)  Ops          TPS(ops/s)   Net(M/s)   Get_miss   Min(us)  Max(us)    Avg(us)    Std_dev    Geo_dist  
Period   1        150          150          0.0        0          318      10500      2012       2350.21    1263.60
Global   42       6838         162          0.0        0          197      13302      1615       1828.29    1120.87

Total Statistics
Type     Time(s)  Ops          TPS(ops/s)   Net(M/s)   Get_miss   Min(us)  Max(us)    Avg(us)    Std_dev    Geo_dist  
Period   1        15074        15074        2.2        0          183      10873      1724       2031.45    1136.68
Global   42       682514       16250        2.1        0          136      37812      1607       1841.80    1106.49

[1;1H[2J
Get Statistics
Type     Time(s)  Ops          TPS(ops/s)   Net(M/s)   Get_miss   Min(us)  Max(us)    Avg(us)    Std_dev    Geo_dist  
Period   1        15599        15599        2.2        0          167      8860       1665       1866.42    1129.93
Global   43       691274       16076        2.1        0          136      37812      1608       1842.70    1106.87

Set Statistics
Type     Time(s)  Ops          TPS(ops/s)   Net(M/s)   Get_miss   Min(us)  Max(us)    Avg(us)    Std_dev    Geo_dist  
Period   1        158          158          0.0        0          282      8145       1614       1798.34    1121.23
Global   43       6996         162          0.0        0          197      13302      1615       1827.47    1120.87

Total Statistics
Type     Time(s)  Ops          TPS(ops/s)   Net(M/s)   Get_miss   Min(us)  Max(us)    Avg(us)    Std_dev    Geo_dist  
Period   1        15757        15757        2.2        0          167      8860       1664       1865.46    1129.72
Global   43       698271       16238        2.2        0          136      37812      1608       1842.61    1107.01

[1;1H[2J
Get Statistics
Type     Time(s)  Ops          TPS(ops/s)   Net(M/s)   Get_miss   Min(us)  Max(us)    Avg(us)    Std_dev    Geo_dist  
Period   1        14863        14863        2.2        0          197      18779      1737       2088.61    1131.54
Global   44       706137       16048        2.0        0          136      37812      1611       1848.06    1107.40

Set Statistics
Type     Time(s)  Ops          TPS(ops/s)   Net(M/s)   Get_miss   Min(us)  Max(us)    Avg(us)    Std_dev    Geo_dist  
Period   1        148          148          0.0        0          326      7976       1680       1869.39    1152.91
Global   44       7144         162          0.0        0          197      13302      1616       1828.54    1121.53

Total Statistics
Type     Time(s)  Ops          TPS(ops/s)   Net(M/s)   Get_miss   Min(us)  Max(us)    Avg(us)    Std_dev    Geo_dist  
Period   1        15010        15010        2.2        0          197      18779      1737       2086.16    1132.28
Global   44       713281       16210        2.1        0          136      37812      1611       1847.91    1107.54

[1;1H[2J
Get Statistics
Type     Time(s)  Ops          TPS(ops/s)   Net(M/s)   Get_miss   Min(us)  Max(us)    Avg(us)    Std_dev    Geo_dist  
Period   1        14963        14963        2.2        0          202      9846       1728       1992.28    1150.82
Global   45       721100       16024        2.1        0          136      37812      1613       1851.61    1108.28

Set Statistics
Type     Time(s)  Ops          TPS(ops/s)   Net(M/s)   Get_miss   Min(us)  Max(us)    Avg(us)    Std_dev    Geo_dist  
Period   1        156          156          0.0        0          307      7931       1548       1576.34    1136.15
Global   45       7300         162          0.0        0          197      13302      1614       1823.94    1121.84

Total Statistics
Type     Time(s)  Ops          TPS(ops/s)   Net(M/s)   Get_miss   Min(us)  Max(us)    Avg(us)    Std_dev    Geo_dist  
Period   1        15119        15119        2.2        0          202      9846       1726       1988.59    1150.67
Global   45       728400       16186        2.1        0          136      37812      1613       1851.34    1108.42

[1;1H[2J
Get Statistics
Type     Time(s)  Ops          TPS(ops/s)   Net(M/s)   Get_miss   Min(us)  Max(us)    Avg(us)    Std_dev    Geo_dist  
Period   1        15281        15281        2.2        0          184      12811      1690       1941.52    1150.34
Global   46       736381       16008        2.1        0          136      37812      1615       1853.20    1109.14

Set Statistics
Type     Time(s)  Ops          TPS(ops/s)   Net(M/s)   Get_miss   Min(us)  Max(us)    Avg(us)    Std_dev    Geo_dist  
Period   1        152          152          0.0        0          239      8628       1578       1774.46    1124.27
Global   46       7452         162          0.0        0          197      13302      1614       1822.18    1121.89

Total Statistics
Type     Time(s)  Ops          TPS(ops/s)   Net(M/s)   Get_miss   Min(us)  Max(us)    Avg(us)    Std_dev    Geo_dist  
Period   1        15433        15433        2.2        0          184      12811      1689       1939.83    1150.08
Global   46       743833       16170        2.1        0          136      37812      1615       1852.88    1109.26

[1;1H[2J
Get Statistics
Type     Time(s)  Ops          TPS(ops/s)   Net(M/s)   Get_miss   Min(us)  Max(us)    Avg(us)    Std_dev    Geo_dist  
Period   1        16099        16099        2.2        0          174      12779      1593       1875.72    1085.09
Global   47       752480       16010        2.2        0          136      37812      1614       1854.15    1108.62

Set Statistics
Type     Time(s)  Ops          TPS(ops/s)   Net(M/s)   Get_miss   Min(us)  Max(us)    Avg(us)    Std_dev    Geo_dist  
Period   1        164          164          0.0        0          352      11412      1778       1994.27    1206.06
Global   47       7616         162          0.0        0          197      13302      1617       1826.54    1123.64

Total Statistics
Type     Time(s)  Ops          TPS(ops/s)   Net(M/s)   Get_miss   Min(us)  Max(us)    Avg(us)    Std_dev    Geo_dist  
Period   1        16264        16264        2.2        0          174      12779      1596       1876.76    1086.37
Global   47       760097       16172        2.2        0          136      37812      1614       1853.92    1108.77

[1;1H[2J
Get Statistics
Type     Time(s)  Ops          TPS(ops/s)   Net(M/s)   Get_miss   Min(us)  Max(us)    Avg(us)    Std_dev    Geo_dist  
Period   1        15828        15828        2.2        0          168      10618      1626       1886.63    1074.29
Global   48       768308       16006        2.2        0          136      37812      1614       1855.06    1107.91

Set Statistics
Type     Time(s)  Ops          TPS(ops/s)   Net(M/s)   Get_miss   Min(us)  Max(us)    Avg(us)    Std_dev    Geo_dist  
Period   1        159          159          0.0        0          273      10023      1814       2092.34    1170.60
Global   48       7775         161          0.0        0          197      13302      1621       1832.45    1124.58

Total Statistics
Type     Time(s)  Ops          TPS(ops/s)   Net(M/s)   Get_miss   Min(us)  Max(us)    Avg(us)    Std_dev    Geo_dist  
Period   1        15986        15986        2.2        0          168      10618      1627       1888.79    1075.08
Global   48       776083       16168        2.2        0          136      37812      1614       1854.89    1108.08

[1;1H[2J
Get Statistics
Type     Time(s)  Ops          TPS(ops/s)   Net(M/s)   Get_miss   Min(us)  Max(us)    Avg(us)    Std_dev    Geo_dist  
Period   1        15964        15964        2.2        0          198      12466      1623       1875.24    1111.54
Global   49       784272       16005        2.2        0          136      37812      1615       1854.76    1107.99

Set Statistics
Type     Time(s)  Ops          TPS(ops/s)   Net(M/s)   Get_miss   Min(us)  Max(us)    Avg(us)    Std_dev    Geo_dist  
Period   1        160          160          0.0        0          389      7880       1612       1806.21    1138.11
Global   49       7935         161          0.0        0          197      13302      1621       1831.65    1124.85

Total Statistics
Type     Time(s)  Ops          TPS(ops/s)   Net(M/s)   Get_miss   Min(us)  Max(us)    Avg(us)    Std_dev    Geo_dist  
Period   1        16124        16124        2.2        0          198      12466      1623       1874.42    1111.81
Global   49       792207       16167        2.2        0          136      37812      1615       1854.58    1108.15

[1;1H[2J
Get Statistics
Type     Time(s)  Ops          TPS(ops/s)   Net(M/s)   Get_miss   Min(us)  Max(us)    Avg(us)    Std_dev    Geo_dist  
Period   1        15768        15768        2.2        0          206      10329      1639       1809.77    1158.76
Global   50       800040       16000        2.2        0          136      37812      1615       1854.30    1108.96

Set Statistics
Type     Time(s)  Ops          TPS(ops/s)   Net(M/s)   Get_miss   Min(us)  Max(us)    Avg(us)    Std_dev    Geo_dist  
Period   1        158          158          0.0        0          396      9646       1586       1701.54    1165.25
Global   50       8093         161          0.0        0          197      13302      1620       1829.39    1125.63

Total Statistics
Type     Time(s)  Ops          TPS(ops/s)   Net(M/s)   Get_miss   Min(us)  Max(us)    Avg(us)    Std_dev    Geo_dist  
Period   1        15926        15926        2.2        0          206      10329      1638       1809.11    1158.83
Global   50       808133       16162        2.2        0          136      37812      1615       1854.09    1109.13

[1;1H[2J
Get Statistics
Type     Time(s)  Ops          TPS(ops/s)   Net(M/s)   Get_miss   Min(us)  Max(us)    Avg(us)    Std_dev    Geo_dist  
Period   1        16086        16086        2.2        0          178      11586      1606       1834.14    1099.65
Global   51       816126       16002        2.2        0          136      37812      1615       1853.75    1108.78

Set Statistics
Type     Time(s)  Ops          TPS(ops/s)   Net(M/s)   Get_miss   Min(us)  Max(us)    Avg(us)    Std_dev    Geo_dist  
Period   1        167          167          0.0        0          351      8808       1606       1896.24    1100.27
Global   51       8260         161          0.0        0          197      13302      1620       1830.39    1125.11

Total Statistics
Type     Time(s)  Ops          TPS(ops/s)   Net(M/s)   Get_miss   Min(us)  Max(us)    Avg(us)    Std_dev    Geo_dist  
Period   1        16253        16253        2.2        0          178      11586      1606       1834.73    1099.66
Global   51       824386       16164        2.2        0          136      37812      1615       1853.56    1108.94

[1;1H[2J
Get Statistics
Type     Time(s)  Ops          TPS(ops/s)   Net(M/s)   Get_miss   Min(us)  Max(us)    Avg(us)    Std_dev    Geo_dist  
Period   1        15119        15119        2.2        0          199      10052      1701       1943.94    1151.45
Global   52       831245       15985        2.1        0          136      37812      1616       1855.95    1109.54

Set Statistics
Type     Time(s)  Ops          TPS(ops/s)   Net(M/s)   Get_miss   Min(us)  Max(us)    Avg(us)    Std_dev    Geo_dist  
Period   1        150          150          0.0        0          322      8364       2180       2255.65    1439.87
Global   52       8410         161          0.0        0          197      13302      1630       1840.16    1130.07

Total Statistics
Type     Time(s)  Ops          TPS(ops/s)   Net(M/s)   Get_miss   Min(us)  Max(us)    Avg(us)    Std_dev    Geo_dist  
Period   1        15276        15276        2.2        0          199      10052      1708       1949.91    1154.90
Global   52       839662       16147        2.1        0          136      37812      1617       1855.13    1109.76

[1;1H[2J
Get Statistics
Type     Time(s)  Ops          TPS(ops/s)   Net(M/s)   Get_miss   Min(us)  Max(us)    Avg(us)    Std_dev    Geo_dist  
Period   1        15889        15889        2.2        0          203      12167      1630       1859.86    1137.89
Global   53       847134       15983        2.2        0          136      37812      1617       1855.48    1110.15

Set Statistics
Type     Time(s)  Ops          TPS(ops/s)   Net(M/s)   Get_miss   Min(us)  Max(us)    Avg(us)    Std_dev    Geo_dist  
Period   1        159          159          0.0        0          271      7896       1902       2064.58    1287.45
Global   53       8569         161          0.0        0          197      13302      1635       1844.85    1132.81

Total Statistics
Type     Time(s)  Ops          TPS(ops/s)   Net(M/s)   Get_miss   Min(us)  Max(us)    Avg(us)    Std_dev    Geo_dist  
Period   1        16041        16041        2.2        0          203      12167      1634       1861.69    1142.79
Global   53       855703       16145        2.2        0          136      37812      1617       1855.53    1110.37

[1;1H[2J
Get Statistics
Type     Time(s)  Ops          TPS(ops/s)   Net(M/s)   Get_miss   Min(us)  Max(us)    Avg(us)    Std_dev    Geo_dist  
Period   1        15079        15079        2.2        0          200      11266      1714       1945.96    1161.63
Global   54       862213       15966        2.1        0          136      37812      1618       1857.75    1111.03

Set Statistics
Type     Time(s)  Ops          TPS(ops/s)   Net(M/s)   Get_miss   Min(us)  Max(us)    Avg(us)    Std_dev    Geo_dist  
Period   1        152          152          0.0        0          306      9415       1680       1873.88    1170.64
Global   54       8721         161          0.0        0          197      13302      1636       1845.07    1133.45

Total Statistics
Type     Time(s)  Ops          TPS(ops/s)   Net(M/s)   Get_miss   Min(us)  Max(us)    Avg(us)    Std_dev    Geo_dist  
Period   1        15231        15231        2.2        0          200      11266      1714       1944.89    1161.72
Global   54       870934       16128        2.1        0          136      37812      1619       1856.90    1111.25

[1;1H[2J
Get Statistics
Type     Time(s)  Ops          TPS(ops/s)   Net(M/s)   Get_miss   Min(us)  Max(us)    Avg(us)    Std_dev    Geo_dist  
Period   1        15500        15500        2.2        0          173      10889      1673       1909.62    1123.31
Global   55       877713       15958        2.1        0          136      37812      1619       1858.66    1111.24

Set Statistics
Type     Time(s)  Ops          TPS(ops/s)   Net(M/s)   Get_miss   Min(us)  Max(us)    Avg(us)    Std_dev    Geo_dist  
Period   1        158          158          0.0        0          247      8360       1678       1928.60    1137.06
Global   55       8879         161          0.0        0          197      13302      1637       1846.26    1133.52

Total Statistics
Type     Time(s)  Ops          TPS(ops/s)   Net(M/s)   Get_miss   Min(us)  Max(us)    Avg(us)    Std_dev    Geo_dist  
Period   1        15658        15658        2.2        0          173      10889      1673       1909.79    1123.44
Global   55       886592       16119        2.2        0          136      37812      1620       1857.82    1111.46

[1;1H[2J
Get Statistics
Type     Time(s)  Ops          TPS(ops/s)   Net(M/s)   Get_miss   Min(us)  Max(us)    Avg(us)    Std_dev    Geo_dist  
Period   1        15226        15226        2.2        0          143      10493      1693       1918.19    1152.01
Global   56       892939       15945        2.1        0          136      37812      1621       1859.07    1111.93

Set Statistics
Type     Time(s)  Ops          TPS(ops/s)   Net(M/s)   Get_miss   Min(us)  Max(us)    Avg(us)    Std_dev    Geo_dist  
Period   1        151          151          0.0        0          245      9877       1820       1961.40    1274.39
Global   56       9030         161          0.0        0          197      13302      1640       1848.33    1135.74

Total Statistics
Type     Time(s)  Ops          TPS(ops/s)   Net(M/s)   Get_miss   Min(us)  Max(us)    Avg(us)    Std_dev    Geo_dist  
Period   1        15377        15377        2.2        0          143      10493      1694       1918.82    1153.15
Global   56       901969       16106        2.1        0          136      37812      1621       1859.13    1112.16

[1;1H[2J
Get Statistics
Type     Time(s)  Ops          TPS(ops/s)   Net(M/s)   Get_miss   Min(us)  Max(us)    Avg(us)    Std_dev    Geo_dist  
Period   1        17237        17237        2.2        0          179      12289      1498       1764.01    1033.79
Global   57       910176       15968        2.4        0          136      37812      1618       1857.98    1110.39

Set Statistics
Type     Time(s)  Ops          TPS(ops/s)   Net(M/s)   Get_miss   Min(us)  Max(us)    Avg(us)    Std_dev    Geo_dist  
Period   1        178          178          0.0        0          253      7912       1597       1894.19    1065.63
Global   57       9208         161          0.0        0          197      13302      1639       1849.28    1134.34

Total Statistics
Type     Time(s)  Ops          TPS(ops/s)   Net(M/s)   Get_miss   Min(us)  Max(us)    Avg(us)    Std_dev    Geo_dist  
Period   1        17417        17417        2.2        0          179      12289      1498       1766.03    1033.63
Global   57       919386       16129        2.4        0          136      37812      1619       1857.20    1110.63

[1;1H[2J
Get Statistics
Type     Time(s)  Ops          TPS(ops/s)   Net(M/s)   Get_miss   Min(us)  Max(us)    Avg(us)    Std_dev    Geo_dist  
Period   1        15729        15729        2.2        0          178      12225      1632       2009.89    1078.68
Global   58       925905       15963        2.2        0          136      37812      1619       1859.98    1109.84

Set Statistics
Type     Time(s)  Ops          TPS(ops/s)   Net(M/s)   Get_miss   Min(us)  Max(us)    Avg(us)    Std_dev    Geo_dist  
Period   1        156          156          0.0        0          293      8620       1774       2012.32    1198.88
Global   58       9364         161          0.0        0          197      13302      1641       1852.30    1135.39

Total Statistics
Type     Time(s)  Ops          TPS(ops/s)   Net(M/s)   Get_miss   Min(us)  Max(us)    Avg(us)    Std_dev    Geo_dist  
Period   1        15885        15885        2.2        0          178      12225      1634       2010.13    1079.96
Global   58       935271       16125        2.2        0          136      37812      1619       1860.12    1110.10

[1;1H[2J
Get Statistics
Type     Time(s)  Ops          TPS(ops/s)   Net(M/s)   Get_miss   Min(us)  Max(us)    Avg(us)    Std_dev    Geo_dist  
Period   1        15431        15431        2.2        0          219      13365      1671       1964.62    1135.55
Global   59       941336       15954        2.1        0          136      37812      1619       1862.53    1110.28

Set Statistics
Type     Time(s)  Ops          TPS(ops/s)   Net(M/s)   Get_miss   Min(us)  Max(us)    Avg(us)    Std_dev    Geo_dist  
Period   1        158          158          0.0        0          276      7770       1712       2021.83    1145.77
Global   59       9522         161          0.0        0          197      13302      1642       1855.30    1135.56

Total Statistics
Type     Time(s)  Ops          TPS(ops/s)   Net(M/s)   Get_miss   Min(us)  Max(us)    Avg(us)    Std_dev    Geo_dist  
Period   1        15588        15588        2.2        0          219      13365      1671       1965.53    1136.16
Global   59       950859       16116        2.1        0          136      37812      1620       1861.79    1110.53

[1;1H[2J
Get Statistics
Type     Time(s)  Ops          TPS(ops/s)   Net(M/s)   Get_miss   Min(us)  Max(us)    Avg(us)    Std_dev    Geo_dist  
Period   1        15538        15538        2.2        0          206      10670      1670       1956.00    1129.90
Global   60       956874       15947        2.1        0          136      37812      1620       1863.94    1110.60

Set Statistics
Type     Time(s)  Ops          TPS(ops/s)   Net(M/s)   Get_miss   Min(us)  Max(us)    Avg(us)    Std_dev    Geo_dist  
Period   1        157          157          0.0        0          345      8268       1561       1766.19    1124.01
Global   60       9679         161          0.0        0          197      13302      1641       1853.55    1135.37

Total Statistics
Type     Time(s)  Ops          TPS(ops/s)   Net(M/s)   Get_miss   Min(us)  Max(us)    Avg(us)    Std_dev    Geo_dist  
Period   1        15694        15694        2.2        0          206      10670      1667       1953.30    1127.82
Global   60       966553       16109        2.2        0          136      37812      1620       1864.02    1110.84

Get Statistics (956900 events)
   Min:       136
   Max:     37812
   Avg:      1620
   Geo:   1110.59
   Std:   1863.90
   Log2 Dist:
       8:     1644    97115   448018   253930
      12:    56988    93339     5816       33
      16:       17

Set Statistics (9679 events)
   Min:       197
   Max:     13302
   Avg:      1641
   Geo:   1135.37
   Std:   1853.55
   Log2 Dist:
       8:        7      867     4515     2685
      12:      592      955       58

Total Statistics (966579 events)
   Min:       136
   Max:     37812
   Avg:      1620
   Geo:   1110.83
   Std:   1863.98
   Log2 Dist:
       8:     1651    97982   452533   256615
      12:    57580    94294     5874       33
      16:       17

cmd_get: 956926
cmd_set: 9679
get_misses: 0
written_bytes: 22600440
read_bytes: 157965932
object_bytes: 1393776

Run time: 60.5s Ops: 966605 TPS: 15985 Net_rate: 2.8M/s
