servers : 10.0.0.7:9000
threads count: 69
concurrency: 69
run time: 60s
windows size: 10k
set proportion: set_prop=0.01
get proportion: get_prop=0.99
[1;1H[2J
Get Statistics
Type     Time(s)  Ops          TPS(ops/s)   Net(M/s)   Get_miss   Min(us)  Max(us)    Avg(us)    Std_dev    Geo_dist  
Period   1        19793        19793        2.7        0          230      65576      3414       4458.89    2013.68
Global   1        19793        19793        2.7        0          230      65576      3414       4458.89    2013.68

Set Statistics
Type     Time(s)  Ops          TPS(ops/s)   Net(M/s)   Get_miss   Min(us)  Max(us)    Avg(us)    Std_dev    Geo_dist  
Period   1        232          232          0.0        0          330      20667      3822       3620.36    2375.66
Global   1        232          232          0.0        0          330      20667      3822       3620.36    2375.66

Total Statistics
Type     Time(s)  Ops          TPS(ops/s)   Net(M/s)   Get_miss   Min(us)  Max(us)    Avg(us)    Std_dev    Geo_dist  
Period   1        20025        20025        2.8        0          230      65576      3418       4450.77    2017.54
Global   1        20025        20025        2.8        0          230      65576      3418       4450.77    2017.54

[1;1H[2J
Get Statistics
Type     Time(s)  Ops          TPS(ops/s)   Net(M/s)   Get_miss   Min(us)  Max(us)    Avg(us)    Std_dev    Geo_dist  
Period   1        22513        22513        2.9        0          216      21422      3030       2933.75    1950.94
Global   2        42306        21153        3.1        0          216      65576      3209       3731.27    1980.04

Set Statistics
Type     Time(s)  Ops          TPS(ops/s)   Net(M/s)   Get_miss   Min(us)  Max(us)    Avg(us)    Std_dev    Geo_dist  
Period   1        235          235          0.0        0          320      14408      3228       3008.62    2097.65
Global   2        467          233          0.0        0          320      20667      3523       3336.41    2231.44

Total Statistics
Type     Time(s)  Ops          TPS(ops/s)   Net(M/s)   Get_miss   Min(us)  Max(us)    Avg(us)    Std_dev    Geo_dist  
Period   1        22750        22750        2.9        0          216      21422      3032       2934.86    1952.59
Global   2        42775        21387        3.1        0          216      65576      3213       3726.88    1982.73

[1;1H[2J
Get Statistics
Type     Time(s)  Ops          TPS(ops/s)   Net(M/s)   Get_miss   Min(us)  Max(us)    Avg(us)    Std_dev    Geo_dist  
Period   1        21890        21890        2.9        0          245      39395      3107       3064.02    1990.92
Global   3        64196        21398        3.0        0          216      65576      3175       3517.68    1984.02

Set Statistics
Type     Time(s)  Ops          TPS(ops/s)   Net(M/s)   Get_miss   Min(us)  Max(us)    Avg(us)    Std_dev    Geo_dist  
Period   1        216          216          0.0        0          321      21745      3229       3348.64    1998.39
Global   3        683          227          0.0        0          320      21745      3430       3340.65    2154.94

Total Statistics
Type     Time(s)  Ops          TPS(ops/s)   Net(M/s)   Get_miss   Min(us)  Max(us)    Avg(us)    Std_dev    Geo_dist  
Period   1        22104        22104        3.0        0          245      39395      3108       3067.07    1991.58
Global   3        64879        21626        3.0        0          216      65576      3177       3516.55    1985.74

[1;1H[2J
Get Statistics
Type     Time(s)  Ops          TPS(ops/s)   Net(M/s)   Get_miss   Min(us)  Max(us)    Avg(us)    Std_dev    Geo_dist  
Period   1        21376        21376        2.9        0          241      39883      3185       3210.40    1990.91
Global   4        85572        21393        2.9        0          216      65576      3177       3443.93    1985.73

Set Statistics
Type     Time(s)  Ops          TPS(ops/s)   Net(M/s)   Get_miss   Min(us)  Max(us)    Avg(us)    Std_dev    Geo_dist  
Period   1        218          218          0.0        0          326      18208      3363       3291.62    2080.40
Global   4        901          225          0.0        0          320      21745      3414       3326.94    2136.66

Total Statistics
Type     Time(s)  Ops          TPS(ops/s)   Net(M/s)   Get_miss   Min(us)  Max(us)    Avg(us)    Std_dev    Geo_dist  
Period   1        21595        21595        3.0        0          241      39883      3187       3210.86    1991.73
Global   4        86474        21618        3.0        0          216      65576      3180       3442.28    1987.24

[1;1H[2J
Get Statistics
Type     Time(s)  Ops          TPS(ops/s)   Net(M/s)   Get_miss   Min(us)  Max(us)    Avg(us)    Std_dev    Geo_dist  
Period   1        22943        22943        3.0        0          271      28394      2960       2833.56    1972.88
Global   5        108515       21703        3.2        0          216      65576      3131       3325.52    1983.14

Set Statistics
Type     Time(s)  Ops          TPS(ops/s)   Net(M/s)   Get_miss   Min(us)  Max(us)    Avg(us)    Std_dev    Geo_dist  
Period   1        228          228          0.0        0          440      10689      2967       2790.47    1985.00
Global   5        1129         225          0.0        0          320      21745      3324       3229.35    2105.13

Total Statistics
Type     Time(s)  Ops          TPS(ops/s)   Net(M/s)   Get_miss   Min(us)  Max(us)    Avg(us)    Std_dev    Geo_dist  
Period   1        23170        23170        3.0        0          271      28394      2960       2833.19    1971.74
Global   5        109644       21928        3.2        0          216      65576      3133       3324.58    1984.36

[1;1H[2J
Get Statistics
Type     Time(s)  Ops          TPS(ops/s)   Net(M/s)   Get_miss   Min(us)  Max(us)    Avg(us)    Std_dev    Geo_dist  
Period   1        22676        22676        3.0        0          230      25944      2987       2952.81    1910.46
Global   6        131191       21865        3.1        0          216      65576      3106       3264.69    1970.38

Set Statistics
Type     Time(s)  Ops          TPS(ops/s)   Net(M/s)   Get_miss   Min(us)  Max(us)    Avg(us)    Std_dev    Geo_dist  
Period   1        232          232          0.0        0          298      16623      3549       3445.72    2194.30
Global   6        1361         226          0.0        0          298      21745      3362       3267.40    2120.07

Total Statistics
Type     Time(s)  Ops          TPS(ops/s)   Net(M/s)   Get_miss   Min(us)  Max(us)    Avg(us)    Std_dev    Geo_dist  
Period   1        22908        22908        3.0        0          230      25944      2993       2958.35    1913.15
Global   6        132552       22092        3.1        0          216      65576      3109       3264.46    1971.86

[1;1H[2J
Get Statistics
Type     Time(s)  Ops          TPS(ops/s)   Net(M/s)   Get_miss   Min(us)  Max(us)    Avg(us)    Std_dev    Geo_dist  
Period   1        22560        22560        3.0        0          212      22840      3001       2934.35    1949.16
Global   7        153751       21964        3.1        0          212      65576      3091       3218.16    1967.25

Set Statistics
Type     Time(s)  Ops          TPS(ops/s)   Net(M/s)   Get_miss   Min(us)  Max(us)    Avg(us)    Std_dev    Geo_dist  
Period   1        226          226          0.0        0          304      15978      3321       3296.23    2050.65
Global   7        1587         226          0.0        0          298      21745      3356       3270.67    2110.04

Total Statistics
Type     Time(s)  Ops          TPS(ops/s)   Net(M/s)   Get_miss   Min(us)  Max(us)    Avg(us)    Std_dev    Geo_dist  
Period   1        22786        22786        3.0        0          212      22840      3004       2938.43    1950.14
Global   7        155338       22191        3.1        0          212      65576      3094       3218.52    1968.66

[1;1H[2J
Get Statistics
Type     Time(s)  Ops          TPS(ops/s)   Net(M/s)   Get_miss   Min(us)  Max(us)    Avg(us)    Std_dev    Geo_dist  
Period   1        21539        21539        3.0        0          230      30797      3125       3049.31    1989.84
Global   8        175290       21911        3.0        0          212      65576      3095       3198.08    1970.01

Set Statistics
Type     Time(s)  Ops          TPS(ops/s)   Net(M/s)   Get_miss   Min(us)  Max(us)    Avg(us)    Std_dev    Geo_dist  
Period   1        220          220          0.0        0          434      15751      2982       3179.78    1811.77
Global   8        1807         225          0.0        0          298      21745      3311       3260.63    2071.25

Total Statistics
Type     Time(s)  Ops          TPS(ops/s)   Net(M/s)   Get_miss   Min(us)  Max(us)    Avg(us)    Std_dev    Geo_dist  
Period   1        21759        21759        3.0        0          230      30797      3124       3050.15    1987.96
Global   8        177097       22137        3.0        0          212      65576      3097       3198.98    1971.02

[1;1H[2J
Get Statistics
Type     Time(s)  Ops          TPS(ops/s)   Net(M/s)   Get_miss   Min(us)  Max(us)    Avg(us)    Std_dev    Geo_dist  
Period   1        21989        21989        3.0        0          220      37086      3055       3179.51    1922.53
Global   9        197279       21919        3.0        0          212      65576      3091       3195.58    1964.66

Set Statistics
Type     Time(s)  Ops          TPS(ops/s)   Net(M/s)   Get_miss   Min(us)  Max(us)    Avg(us)    Std_dev    Geo_dist  
Period   1        223          223          0.0        0          247      12232      3128       3099.79    1955.92
Global   9        2030         225          0.0        0          247      21745      3291       3243.01    2058.26

Total Statistics
Type     Time(s)  Ops          TPS(ops/s)   Net(M/s)   Get_miss   Min(us)  Max(us)    Avg(us)    Std_dev    Geo_dist  
Period   1        22212        22212        3.0        0          220      37086      3055       3179.36    1922.86
Global   9        199309       22145        3.1        0          212      65576      3093       3196.16    1965.60

[1;1H[2J
Get Statistics
Type     Time(s)  Ops          TPS(ops/s)   Net(M/s)   Get_miss   Min(us)  Max(us)    Avg(us)    Std_dev    Geo_dist  
Period   1        22121        22121        3.0        0          233      37350      3106       3195.13    1964.49
Global   10       219400       21940        3.0        0          212      65576      3092       3196.03    1964.65

Set Statistics
Type     Time(s)  Ops          TPS(ops/s)   Net(M/s)   Get_miss   Min(us)  Max(us)    Avg(us)    Std_dev    Geo_dist  
Period   1        218          218          0.0        0          490      15152      3170       2969.54    2103.75
Global   10       2248         224          0.0        0          247      21745      3279       3217.36    2062.62

Total Statistics
Type     Time(s)  Ops          TPS(ops/s)   Net(M/s)   Get_miss   Min(us)  Max(us)    Avg(us)    Std_dev    Geo_dist  
Period   1        22339        22339        3.0        0          233      37350      3107       3192.58    1965.80
Global   10       221648       22164        3.1        0          212      65576      3094       3196.19    1965.62

[1;1H[2J
Get Statistics
Type     Time(s)  Ops          TPS(ops/s)   Net(M/s)   Get_miss   Min(us)  Max(us)    Avg(us)    Std_dev    Geo_dist  
Period   1        21767        21767        3.0        0          248      35117      3094       3307.98    1989.83
Global   11       241167       21924        3.0        0          212      65576      3092       3206.46    1966.91

Set Statistics
Type     Time(s)  Ops          TPS(ops/s)   Net(M/s)   Get_miss   Min(us)  Max(us)    Avg(us)    Std_dev    Geo_dist  
Period   1        219          219          0.0        0          424      18122      3029       2885.90    2049.07
Global   11       2467         224          0.0        0          247      21745      3257       3189.38    2061.42

Total Statistics
Type     Time(s)  Ops          TPS(ops/s)   Net(M/s)   Get_miss   Min(us)  Max(us)    Avg(us)    Std_dev    Geo_dist  
Period   1        21986        21986        3.0        0          248      35117      3094       3303.38    1990.41
Global   11       243634       22148        3.0        0          212      65576      3094       3206.01    1967.84

[1;1H[2J
Get Statistics
Type     Time(s)  Ops          TPS(ops/s)   Net(M/s)   Get_miss   Min(us)  Max(us)    Avg(us)    Std_dev    Geo_dist  
Period   1        20955        20955        3.0        0          216      27734      3254       3410.16    2014.36
Global   12       262122       21843        2.9        0          212      65576      3105       3223.47    1970.66

Set Statistics
Type     Time(s)  Ops          TPS(ops/s)   Net(M/s)   Get_miss   Min(us)  Max(us)    Avg(us)    Std_dev    Geo_dist  
Period   1        214          214          0.0        0          331      20551      3267       3355.48    2048.98
Global   12       2681         223          0.0        0          247      21745      3258       3202.10    2060.42

Total Statistics
Type     Time(s)  Ops          TPS(ops/s)   Net(M/s)   Get_miss   Min(us)  Max(us)    Avg(us)    Std_dev    Geo_dist  
Period   1        21169        21169        3.0        0          216      27734      3254       3409.66    2014.70
Global   12       264803       22066        2.9        0          212      65576      3107       3222.85    1971.55

[1;1H[2J
Get Statistics
Type     Time(s)  Ops          TPS(ops/s)   Net(M/s)   Get_miss   Min(us)  Max(us)    Avg(us)    Std_dev    Geo_dist  
Period   1        21736        21736        3.0        0          230      20534      3149       3118.03    1927.17
Global   13       283858       21835        3.0        0          212      65576      3109       3214.92    1967.29

Set Statistics
Type     Time(s)  Ops          TPS(ops/s)   Net(M/s)   Get_miss   Min(us)  Max(us)    Avg(us)    Std_dev    Geo_dist  
Period   1        218          218          0.0        0          349      13436      3291       3320.88    1972.95
Global   13       2899         223          0.0        0          247      21745      3260       3211.10    2053.71

Total Statistics
Type     Time(s)  Ops          TPS(ops/s)   Net(M/s)   Get_miss   Min(us)  Max(us)    Avg(us)    Std_dev    Geo_dist  
Period   1        21954        21954        3.0        0          230      20534      3150       3120.47    1927.62
Global   13       286757       22058        3.0        0          212      65576      3110       3215.42    1968.15

[1;1H[2J
Get Statistics
Type     Time(s)  Ops          TPS(ops/s)   Net(M/s)   Get_miss   Min(us)  Max(us)    Avg(us)    Std_dev    Geo_dist  
Period   1        21812        21812        3.0        0          252      21655      3131       3157.06    1924.64
Global   14       305670       21833        3.0        0          212      65576      3110       3211.38    1964.22

Set Statistics
Type     Time(s)  Ops          TPS(ops/s)   Net(M/s)   Get_miss   Min(us)  Max(us)    Avg(us)    Std_dev    Geo_dist  
Period   1        223          223          0.0        0          351      13289      3239       3258.49    1967.36
Global   14       3122         223          0.0        0          247      21745      3258       3214.49    2047.42

Total Statistics
Type     Time(s)  Ops          TPS(ops/s)   Net(M/s)   Get_miss   Min(us)  Max(us)    Avg(us)    Std_dev    Geo_dist  
Period   1        22035        22035        3.0        0          252      21655      3132       3158.13    1925.07
Global   14       308792       22056        3.0        0          212      65576      3112       3210.95    1965.04

[1;1H[2J
Get Statistics
Type     Time(s)  Ops          TPS(ops/s)   Net(M/s)   Get_miss   Min(us)  Max(us)    Avg(us)    Std_dev    Geo_dist  
Period   1        22005        22005        3.0        0          162      40714      3117       3166.10    1942.75
Global   15       327675       21845        3.0        0          162      65576      3111       3207.84    1962.77

Set Statistics
Type     Time(s)  Ops          TPS(ops/s)   Net(M/s)   Get_miss   Min(us)  Max(us)    Avg(us)    Std_dev    Geo_dist  
Period   1        223          223          0.0        0          402      16434      3203       3070.61    2038.74
Global   15       3345         223          0.0        0          247      21745      3255       3204.01    2046.84

Total Statistics
Type     Time(s)  Ops          TPS(ops/s)   Net(M/s)   Get_miss   Min(us)  Max(us)    Avg(us)    Std_dev    Geo_dist  
Period   1        22228        22228        3.0        0          162      40714      3118       3164.97    1943.69
Global   15       331020       22068        3.1        0          162      65576      3112       3208.27    1963.60

[1;1H[2J
Get Statistics
Type     Time(s)  Ops          TPS(ops/s)   Net(M/s)   Get_miss   Min(us)  Max(us)    Avg(us)    Std_dev    Geo_dist  
Period   1        22151        22151        3.0        0          193      24752      3074       3125.41    1904.09
Global   16       349826       21864        3.0        0          162      65576      3108       3203.33    1959.00

Set Statistics
Type     Time(s)  Ops          TPS(ops/s)   Net(M/s)   Get_miss   Min(us)  Max(us)    Avg(us)    Std_dev    Geo_dist  
Period   1        221          221          0.0        0          394      13670      3398       3234.21    2126.14
Global   16       3566         222          0.0        0          247      21745      3264       3205.48    2051.67

Total Statistics
Type     Time(s)  Ops          TPS(ops/s)   Net(M/s)   Get_miss   Min(us)  Max(us)    Avg(us)    Std_dev    Geo_dist  
Period   1        22372        22372        3.0        0          193      24752      3077       3126.79    1906.16
Global   16       353392       22087        3.1        0          162      65576      3110       3202.97    1959.92

[1;1H[2J
Get Statistics
Type     Time(s)  Ops          TPS(ops/s)   Net(M/s)   Get_miss   Min(us)  Max(us)    Avg(us)    Std_dev    Geo_dist  
Period   1        22081        22081        3.0        0          248      30843      3073       3070.15    1914.37
Global   17       371907       21876        3.0        0          162      65576      3106       3195.51    1956.32

Set Statistics
Type     Time(s)  Ops          TPS(ops/s)   Net(M/s)   Get_miss   Min(us)  Max(us)    Avg(us)    Std_dev    Geo_dist  
Period   1        225          225          0.0        0          408      16554      3142       3145.10    1938.36
Global   17       3791         223          0.0        0          247      21745      3256       3202.42    2044.76

Total Statistics
Type     Time(s)  Ops          TPS(ops/s)   Net(M/s)   Get_miss   Min(us)  Max(us)    Avg(us)    Std_dev    Geo_dist  
Period   1        22306        22306        3.0        0          248      30843      3074       3070.55    1914.61
Global   17       375698       22099        3.1        0          162      65576      3108       3195.13    1957.20

[1;1H[2J
Get Statistics
Type     Time(s)  Ops          TPS(ops/s)   Net(M/s)   Get_miss   Min(us)  Max(us)    Avg(us)    Std_dev    Geo_dist  
Period   1        21979        21979        3.0        0          194      23506      3108       3098.44    1965.34
Global   18       393886       21882        3.0        0          162      65576      3106       3190.27    1956.82

Set Statistics
Type     Time(s)  Ops          TPS(ops/s)   Net(M/s)   Get_miss   Min(us)  Max(us)    Avg(us)    Std_dev    Geo_dist  
Period   1        220          220          0.0        0          330      14370      2940       3021.70    1887.05
Global   18       4011         222          0.0        0          247      21745      3239       3192.89    2035.78

Total Statistics
Type     Time(s)  Ops          TPS(ops/s)   Net(M/s)   Get_miss   Min(us)  Max(us)    Avg(us)    Std_dev    Geo_dist  
Period   1        22199        22199        3.0        0          194      23506      3106       3098.01    1964.55
Global   18       397897       22105        3.0        0          162      65576      3108       3189.68    1957.60

[1;1H[2J
Get Statistics
Type     Time(s)  Ops          TPS(ops/s)   Net(M/s)   Get_miss   Min(us)  Max(us)    Avg(us)    Std_dev    Geo_dist  
Period   1        21811        21811        3.0        0          241      31800      3120       3241.53    1882.58
Global   19       415697       21878        3.0        0          162      65576      3107       3192.72    1952.86

Set Statistics
Type     Time(s)  Ops          TPS(ops/s)   Net(M/s)   Get_miss   Min(us)  Max(us)    Avg(us)    Std_dev    Geo_dist  
Period   1        223          223          0.0        0          416      16748      3199       3401.29    1891.20
Global   19       4234         222          0.0        0          247      21745      3237       3203.68    2027.89

Total Statistics
Type     Time(s)  Ops          TPS(ops/s)   Net(M/s)   Get_miss   Min(us)  Max(us)    Avg(us)    Std_dev    Geo_dist  
Period   1        22034        22034        3.0        0          241      31800      3121       3242.92    1882.67
Global   19       419931       22101        3.0        0          162      65576      3108       3193.16    1953.60

[1;1H[2J
Get Statistics
Type     Time(s)  Ops          TPS(ops/s)   Net(M/s)   Get_miss   Min(us)  Max(us)    Avg(us)    Std_dev    Geo_dist  
Period   1        22122        22122        3.0        0          173      27662      3096       3006.59    1944.38
Global   20       437819       21890        3.0        0          162      65576      3106       3184.01    1952.43

Set Statistics
Type     Time(s)  Ops          TPS(ops/s)   Net(M/s)   Get_miss   Min(us)  Max(us)    Avg(us)    Std_dev    Geo_dist  
Period   1        222          222          0.0        0          331      10893      3175       2920.25    2068.45
Global   20       4456         222          0.0        0          247      21745      3234       3189.79    2029.90

Total Statistics
Type     Time(s)  Ops          TPS(ops/s)   Net(M/s)   Get_miss   Min(us)  Max(us)    Avg(us)    Std_dev    Geo_dist  
Period   1        22344        22344        3.0        0          173      27662      3096       3006.50    1945.58
Global   20       442275       22113        3.1        0          162      65576      3108       3183.40    1953.19

[1;1H[2J
Get Statistics
Type     Time(s)  Ops          TPS(ops/s)   Net(M/s)   Get_miss   Min(us)  Max(us)    Avg(us)    Std_dev    Geo_dist  
Period   1        21221        21221        3.0        0          240      29443      3216       3265.95    1997.16
Global   21       459040       21859        2.9        0          162      65576      3112       3187.03    1954.47

Set Statistics
Type     Time(s)  Ops          TPS(ops/s)   Net(M/s)   Get_miss   Min(us)  Max(us)    Avg(us)    Std_dev    Geo_dist  
Period   1        216          216          0.0        0          332      13241      3138       3095.35    1956.70
Global   21       4672         222          0.0        0          247      21745      3229       3185.80    2026.45

Total Statistics
Type     Time(s)  Ops          TPS(ops/s)   Net(M/s)   Get_miss   Min(us)  Max(us)    Avg(us)    Std_dev    Geo_dist  
Period   1        21437        21437        3.0        0          240      29443      3215       3264.43    1996.75
Global   21       463712       22081        2.9        0          162      65576      3113       3187.21    1955.19

[1;1H[2J
Get Statistics
Type     Time(s)  Ops          TPS(ops/s)   Net(M/s)   Get_miss   Min(us)  Max(us)    Avg(us)    Std_dev    Geo_dist  
Period   1        21351        21351        3.0        0          203      29565      3157       3164.22    1937.52
Global   22       480391       21835        2.9        0          162      65576      3114       3186.03    1953.72

Set Statistics
Type     Time(s)  Ops          TPS(ops/s)   Net(M/s)   Get_miss   Min(us)  Max(us)    Avg(us)    Std_dev    Geo_dist  
Period   1        221          221          0.0        0          295      15719      3244       3361.76    1930.15
Global   22       4893         222          0.0        0          247      21745      3230       3193.27    2022.00

Total Statistics
Type     Time(s)  Ops          TPS(ops/s)   Net(M/s)   Get_miss   Min(us)  Max(us)    Avg(us)    Std_dev    Geo_dist  
Period   1        21572        21572        3.0        0          203      29565      3158       3166.13    1937.45
Global   22       485284       22058        3.0        0          162      65576      3115       3186.29    1954.39

[1;1H[2J
Get Statistics
Type     Time(s)  Ops          TPS(ops/s)   Net(M/s)   Get_miss   Min(us)  Max(us)    Avg(us)    Std_dev    Geo_dist  
Period   1        21217        21217        3.0        0          238      30100      3206       3260.17    1956.04
Global   23       501608       21809        2.9        0          162      65576      3117       3190.12    1953.82

Set Statistics
Type     Time(s)  Ops          TPS(ops/s)   Net(M/s)   Get_miss   Min(us)  Max(us)    Avg(us)    Std_dev    Geo_dist  
Period   1        207          207          0.0        0          396      12793      3470       3235.80    2166.66
Global   23       5100         221          0.0        0          247      21745      3240       3194.77    2027.68

Total Statistics
Type     Time(s)  Ops          TPS(ops/s)   Net(M/s)   Get_miss   Min(us)  Max(us)    Avg(us)    Std_dev    Geo_dist  
Period   1        21428        21428        3.0        0          238      30100      3210       3259.44    1958.45
Global   23       506712       22030        2.9        0          162      65576      3119       3189.49    1954.57

[1;1H[2J
Get Statistics
Type     Time(s)  Ops          TPS(ops/s)   Net(M/s)   Get_miss   Min(us)  Max(us)    Avg(us)    Std_dev    Geo_dist  
Period   1        22263        22263        3.0        0          219      28415      3083       3411.59    1862.59
Global   24       523871       21827        3.1        0          162      65576      3116       3199.47    1949.95

Set Statistics
Type     Time(s)  Ops          TPS(ops/s)   Net(M/s)   Get_miss   Min(us)  Max(us)    Avg(us)    Std_dev    Geo_dist  
Period   1        224          224          0.0        0          414      13160      3106       3107.39    1907.54
Global   24       5324         221          0.0        0          247      21745      3234       3191.34    2022.48

Total Statistics
Type     Time(s)  Ops          TPS(ops/s)   Net(M/s)   Get_miss   Min(us)  Max(us)    Avg(us)    Std_dev    Geo_dist  
Period   1        22483        22483        3.0        0          219      28415      3083       3409.06    1864.79
Global   24       529195       22049        3.1        0          162      65576      3117       3199.58    1950.66

[1;1H[2J
Get Statistics
Type     Time(s)  Ops          TPS(ops/s)   Net(M/s)   Get_miss   Min(us)  Max(us)    Avg(us)    Std_dev    Geo_dist  
Period   1        22148        22148        3.0        0          230      28691      3077       3047.65    1936.32
Global   25       546019       21840        3.0        0          162      65576      3114       3193.86    1949.39

Set Statistics
Type     Time(s)  Ops          TPS(ops/s)   Net(M/s)   Get_miss   Min(us)  Max(us)    Avg(us)    Std_dev    Geo_dist  
Period   1        227          227          0.0        0          530      17662      3688       3690.46    2205.29
Global   25       5551         222          0.0        0          247      21745      3253       3213.71    2029.65

Total Statistics
Type     Time(s)  Ops          TPS(ops/s)   Net(M/s)   Get_miss   Min(us)  Max(us)    Avg(us)    Std_dev    Geo_dist  
Period   1        22375        22375        3.0        0          230      28691      3083       3055.56    1938.27
Global   25       551570       22062        3.1        0          162      65576      3116       3193.50    1950.16

[1;1H[2J
Get Statistics
Type     Time(s)  Ops          TPS(ops/s)   Net(M/s)   Get_miss   Min(us)  Max(us)    Avg(us)    Std_dev    Geo_dist  
Period   1        21968        21968        3.0        0          249      19524      3065       2970.36    1952.87
Global   26       567987       21845        3.0        0          162      65576      3113       3184.65    1949.53

Set Statistics
Type     Time(s)  Ops          TPS(ops/s)   Net(M/s)   Get_miss   Min(us)  Max(us)    Avg(us)    Std_dev    Geo_dist  
Period   1        218          218          0.0        0          335      12213      3101       2995.96    1987.78
Global   26       5769         221          0.0        0          247      21745      3247       3205.90    2028.05

Total Statistics
Type     Time(s)  Ops          TPS(ops/s)   Net(M/s)   Get_miss   Min(us)  Max(us)    Avg(us)    Std_dev    Geo_dist  
Period   1        22186        22186        3.0        0          249      19524      3065       2970.91    1953.82
Global   26       573756       22067        3.0        0          162      65576      3114       3185.22    1950.30

[1;1H[2J
Get Statistics
Type     Time(s)  Ops          TPS(ops/s)   Net(M/s)   Get_miss   Min(us)  Max(us)    Avg(us)    Std_dev    Geo_dist  
Period   1        21935        21935        3.0        0          218      45559      3109       3291.50    1925.91
Global   27       589922       21848        3.0        0          162      65576      3112       3189.51    1948.64

Set Statistics
Type     Time(s)  Ops          TPS(ops/s)   Net(M/s)   Get_miss   Min(us)  Max(us)    Avg(us)    Std_dev    Geo_dist  
Period   1        224          224          0.0        0          347      24172      3433       3988.54    1985.30
Global   27       5993         221          0.0        0          247      24172      3254       3238.30    2026.43

Total Statistics
Type     Time(s)  Ops          TPS(ops/s)   Net(M/s)   Get_miss   Min(us)  Max(us)    Avg(us)    Std_dev    Geo_dist  
Period   1        22159        22159        3.0        0          218      45559      3112       3299.59    1926.50
Global   27       595915       22070        3.0        0          162      65576      3114       3189.48    1949.41

[1;1H[2J
Get Statistics
Type     Time(s)  Ops          TPS(ops/s)   Net(M/s)   Get_miss   Min(us)  Max(us)    Avg(us)    Std_dev    Geo_dist  
Period   1        21631        21631        3.0        0          237      23131      3155       3041.38    2037.40
Global   28       611553       21841        3.0        0          162      65576      3114       3183.93    1951.72

Set Statistics
Type     Time(s)  Ops          TPS(ops/s)   Net(M/s)   Get_miss   Min(us)  Max(us)    Avg(us)    Std_dev    Geo_dist  
Period   1        219          219          0.0        0          425      19245      3026       2894.93    2005.77
Global   28       6212         221          0.0        0          247      24172      3246       3226.84    2025.70

Total Statistics
Type     Time(s)  Ops          TPS(ops/s)   Net(M/s)   Get_miss   Min(us)  Max(us)    Avg(us)    Std_dev    Geo_dist  
Period   1        21850        21850        3.0        0          237      23131      3154       3039.61    2036.46
Global   28       617765       22063        3.0        0          162      65576      3115       3184.71    1952.45

[1;1H[2J
Get Statistics
Type     Time(s)  Ops          TPS(ops/s)   Net(M/s)   Get_miss   Min(us)  Max(us)    Avg(us)    Std_dev    Geo_dist  
Period   1        22404        22404        3.0        0          256      30447      3030       3000.65    1961.67
Global   29       633957       21860        3.1        0          162      65576      3111       3177.70    1952.07

Set Statistics
Type     Time(s)  Ops          TPS(ops/s)   Net(M/s)   Get_miss   Min(us)  Max(us)    Avg(us)    Std_dev    Geo_dist  
Period   1        227          227          0.0        0          488      11320      3272       2992.01    2125.32
Global   29       6439         222          0.0        0          247      24172      3247       3218.55    2029.13

Total Statistics
Type     Time(s)  Ops          TPS(ops/s)   Net(M/s)   Get_miss   Min(us)  Max(us)    Avg(us)    Std_dev    Geo_dist  
Period   1        22631        22631        3.0        0          256      30447      3033       3000.01    1963.25
Global   29       640396       22082        3.1        0          162      65576      3112       3178.50    1952.83

[1;1H[2J
Get Statistics
Type     Time(s)  Ops          TPS(ops/s)   Net(M/s)   Get_miss   Min(us)  Max(us)    Avg(us)    Std_dev    Geo_dist  
Period   1        22565        22565        3.0        0          217      34099      3029       3083.70    1891.59
Global   30       656522       21884        3.1        0          162      65576      3108       3174.72    1949.96

Set Statistics
Type     Time(s)  Ops          TPS(ops/s)   Net(M/s)   Get_miss   Min(us)  Max(us)    Avg(us)    Std_dev    Geo_dist  
Period   1        223          223          0.0        0          350      9761       3129       2920.53    2024.27
Global   30       6662         222          0.0        0          247      24172      3243       3208.95    2028.97

Total Statistics
Type     Time(s)  Ops          TPS(ops/s)   Net(M/s)   Get_miss   Min(us)  Max(us)    Avg(us)    Std_dev    Geo_dist  
Period   1        22788        22788        3.0        0          217      34099      3030       3082.08    1892.85
Global   30       663184       22106        3.1        0          162      65576      3109       3175.44    1950.74

[1;1H[2J
Get Statistics
Type     Time(s)  Ops          TPS(ops/s)   Net(M/s)   Get_miss   Min(us)  Max(us)    Avg(us)    Std_dev    Geo_dist  
Period   1        21685        21685        3.0        0          257      35922      3159       3171.91    2005.62
Global   31       678207       21877        3.0        0          162      65576      3110       3174.28    1951.71

Set Statistics
Type     Time(s)  Ops          TPS(ops/s)   Net(M/s)   Get_miss   Min(us)  Max(us)    Avg(us)    Std_dev    Geo_dist  
Period   1        217          217          0.0        0          385      13176      3138       2945.16    2040.45
Global   31       6879         221          0.0        0          247      24172      3240       3200.49    2029.33

Total Statistics
Type     Time(s)  Ops          TPS(ops/s)   Net(M/s)   Get_miss   Min(us)  Max(us)    Avg(us)    Std_dev    Geo_dist  
Period   1        21903        21903        3.0        0          257      35922      3158       3170.33    2005.89
Global   31       685087       22099        3.0        0          162      65576      3111       3174.87    1952.48

[1;1H[2J
Get Statistics
Type     Time(s)  Ops          TPS(ops/s)   Net(M/s)   Get_miss   Min(us)  Max(us)    Avg(us)    Std_dev    Geo_dist  
Period   1        21811        21811        3.0        0          213      34844      3113       3314.21    1914.98
Global   32       700018       21875        3.0        0          162      65576      3110       3178.82    1950.58

Set Statistics
Type     Time(s)  Ops          TPS(ops/s)   Net(M/s)   Get_miss   Min(us)  Max(us)    Avg(us)    Std_dev    Geo_dist  
Period   1        227          227          0.0        0          409      13438      2959       3260.83    1811.55
Global   32       7106         222          0.0        0          247      24172      3231       3202.61    2021.99

Total Statistics
Type     Time(s)  Ops          TPS(ops/s)   Net(M/s)   Get_miss   Min(us)  Max(us)    Avg(us)    Std_dev    Geo_dist  
Period   1        22037        22037        3.0        0          213      34844      3112       3313.21    1913.94
Global   32       707124       22097        3.0        0          162      65576      3111       3179.30    1951.28

[1;1H[2J
Get Statistics
Type     Time(s)  Ops          TPS(ops/s)   Net(M/s)   Get_miss   Min(us)  Max(us)    Avg(us)    Std_dev    Geo_dist  
Period   1        22341        22341        3.0        0          248      19435      3031       2893.01    1977.12
Global   33       722359       21889        3.1        0          162      65576      3107       3170.94    1951.39

Set Statistics
Type     Time(s)  Ops          TPS(ops/s)   Net(M/s)   Get_miss   Min(us)  Max(us)    Avg(us)    Std_dev    Geo_dist  
Period   1        224          224          0.0        0          304      10081      2968       2819.14    1951.86
Global   33       7330         222          0.0        0          247      24172      3223       3191.69    2019.81

Total Statistics
Type     Time(s)  Ops          TPS(ops/s)   Net(M/s)   Get_miss   Min(us)  Max(us)    Avg(us)    Std_dev    Geo_dist  
Period   1        22564        22564        3.0        0          248      19435      3030       2892.72    1977.53
Global   33       729688       22111        3.1        0          162      65576      3109       3170.36    1952.09

[1;1H[2J
Get Statistics
Type     Time(s)  Ops          TPS(ops/s)   Net(M/s)   Get_miss   Min(us)  Max(us)    Avg(us)    Std_dev    Geo_dist  
Period   1        22271        22271        3.0        0          246      39966      3048       3162.43    1911.86
Global   34       744630       21900        3.1        0          162      65576      3106       3169.95    1950.20

Set Statistics
Type     Time(s)  Ops          TPS(ops/s)   Net(M/s)   Get_miss   Min(us)  Max(us)    Avg(us)    Std_dev    Geo_dist  
Period   1        223          223          0.0        0          385      25560      3299       3452.88    2021.87
Global   34       7553         222          0.0        0          247      25560      3225       3199.73    2019.87

Total Statistics
Type     Time(s)  Ops          TPS(ops/s)   Net(M/s)   Get_miss   Min(us)  Max(us)    Avg(us)    Std_dev    Geo_dist  
Period   1        22495        22495        3.0        0          246      39966      3050       3165.83    1912.28
Global   34       752183       22123        3.1        0          162      65576      3107       3170.47    1950.89

[1;1H[2J
Get Statistics
Type     Time(s)  Ops          TPS(ops/s)   Net(M/s)   Get_miss   Min(us)  Max(us)    Avg(us)    Std_dev    Geo_dist  
Period   1        21504        21504        3.0        0          246      31073      3166       3285.32    1941.89
Global   35       766134       21889        3.0        0          162      65576      3107       3173.93    1949.96

Set Statistics
Type     Time(s)  Ops          TPS(ops/s)   Net(M/s)   Get_miss   Min(us)  Max(us)    Avg(us)    Std_dev    Geo_dist  
Period   1        219          219          0.0        0          325      31059      3410       3658.92    2061.12
Global   35       7772         222          0.0        0          247      31059      3230       3213.66    2021.02

Total Statistics
Type     Time(s)  Ops          TPS(ops/s)   Net(M/s)   Get_miss   Min(us)  Max(us)    Avg(us)    Std_dev    Geo_dist  
Period   1        21723        21723        3.0        0          246      31073      3169       3288.77    1943.06
Global   35       773906       22111        3.0        0          162      65576      3109       3173.61    1950.67

[1;1H[2J
Get Statistics
Type     Time(s)  Ops          TPS(ops/s)   Net(M/s)   Get_miss   Min(us)  Max(us)    Avg(us)    Std_dev    Geo_dist  
Period   1        22397        22397        3.0        0          230      24126      3035       3077.46    1906.52
Global   36       788531       21903        3.1        0          162      65576      3105       3171.21    1948.72

Set Statistics
Type     Time(s)  Ops          TPS(ops/s)   Net(M/s)   Get_miss   Min(us)  Max(us)    Avg(us)    Std_dev    Geo_dist  
Period   1        227          227          0.0        0          387      12911      2857       2913.47    1829.99
Global   36       7999         222          0.0        0          247      31059      3220       3205.37    2015.33

Total Statistics
Type     Time(s)  Ops          TPS(ops/s)   Net(M/s)   Get_miss   Min(us)  Max(us)    Avg(us)    Std_dev    Geo_dist  
Period   1        22624        22624        3.0        0          230      24126      3034       3075.08    1905.74
Global   36       796530       22125        3.1        0          162      65576      3106       3171.73    1949.38

[1;1H[2J
Get Statistics
Type     Time(s)  Ops          TPS(ops/s)   Net(M/s)   Get_miss   Min(us)  Max(us)    Avg(us)    Std_dev    Geo_dist  
Period   1        22356        22356        3.0        0          232      28713      3033       2987.44    1967.71
Global   37       810887       21915        3.1        0          162      65576      3103       3166.32    1949.24

Set Statistics
Type     Time(s)  Ops          TPS(ops/s)   Net(M/s)   Get_miss   Min(us)  Max(us)    Avg(us)    Std_dev    Geo_dist  
Period   1        229          229          0.0        0          428      17631      3136       3105.67    2020.98
Global   37       8228         222          0.0        0          247      31059      3217       3203.15    2015.49

Total Statistics
Type     Time(s)  Ops          TPS(ops/s)   Net(M/s)   Get_miss   Min(us)  Max(us)    Avg(us)    Std_dev    Geo_dist  
Period   1        22585        22585        3.0        0          232      28713      3034       2988.65    1968.24
Global   37       819115       22138        3.1        0          162      65576      3104       3166.85    1949.89

[1;1H[2J
Get Statistics
Type     Time(s)  Ops          TPS(ops/s)   Net(M/s)   Get_miss   Min(us)  Max(us)    Avg(us)    Std_dev    Geo_dist  
Period   1        21220        21220        3.0        0          199      39358      3222       3282.61    2030.29
Global   38       832107       21897        2.9        0          162      65576      3106       3169.43    1951.26

Set Statistics
Type     Time(s)  Ops          TPS(ops/s)   Net(M/s)   Get_miss   Min(us)  Max(us)    Avg(us)    Std_dev    Geo_dist  
Period   1        217          217          0.0        0          307      18752      3159       3190.75    1961.68
Global   38       8445         222          0.0        0          247      31059      3216       3202.17    2014.09

Total Statistics
Type     Time(s)  Ops          TPS(ops/s)   Net(M/s)   Get_miss   Min(us)  Max(us)    Avg(us)    Std_dev    Geo_dist  
Period   1        21436        21436        3.0        0          199      39358      3220       3281.10    2026.08
Global   38       840551       22119        2.9        0          162      65576      3107       3169.88    1951.90

[1;1H[2J
Get Statistics
Type     Time(s)  Ops          TPS(ops/s)   Net(M/s)   Get_miss   Min(us)  Max(us)    Avg(us)    Std_dev    Geo_dist  
Period   1        21889        21889        3.0        0          230      51220      3117       3050.93    2001.42
Global   39       853996       21897        3.0        0          162      65576      3107       3165.74    1952.53

Set Statistics
Type     Time(s)  Ops          TPS(ops/s)   Net(M/s)   Get_miss   Min(us)  Max(us)    Avg(us)    Std_dev    Geo_dist  
Period   1        215          215          0.0        0          371      11130      3122       2832.31    2073.83
Global   39       8660         222          0.0        0          247      31059      3213       3194.06    2015.55

Total Statistics
Type     Time(s)  Ops          TPS(ops/s)   Net(M/s)   Get_miss   Min(us)  Max(us)    Avg(us)    Std_dev    Geo_dist  
Period   1        22106        22106        3.0        0          230      51220      3118       3047.91    2001.54
Global   39       862657       22119        3.0        0          162      65576      3108       3166.11    1953.16

[1;1H[2J
Get Statistics
Type     Time(s)  Ops          TPS(ops/s)   Net(M/s)   Get_miss   Min(us)  Max(us)    Avg(us)    Std_dev    Geo_dist  
Period   1        21660        21660        3.0        0          236      54263      3134       3243.97    1978.65
Global   40       875656       21891        3.0        0          162      65576      3107       3168.36    1953.20

Set Statistics
Type     Time(s)  Ops          TPS(ops/s)   Net(M/s)   Get_miss   Min(us)  Max(us)    Avg(us)    Std_dev    Geo_dist  
Period   1        217          217          0.0        0          279      18457      3130       3183.05    1959.96
Global   40       8877         221          0.0        0          247      31059      3211       3193.61    2014.17

Total Statistics
Type     Time(s)  Ops          TPS(ops/s)   Net(M/s)   Get_miss   Min(us)  Max(us)    Avg(us)    Std_dev    Geo_dist  
Period   1        21876        21876        3.0        0          236      54263      3134       3243.40    1979.15
Global   40       884533       22113        3.0        0          162      65576      3108       3168.67    1953.80

[1;1H[2J
Get Statistics
Type     Time(s)  Ops          TPS(ops/s)   Net(M/s)   Get_miss   Min(us)  Max(us)    Avg(us)    Std_dev    Geo_dist  
Period   1        22153        22153        3.0        0          218      42346      3090       3162.21    1956.46
Global   41       897809       21897        3.0        0          162      65576      3107       3167.80    1953.28

Set Statistics
Type     Time(s)  Ops          TPS(ops/s)   Net(M/s)   Get_miss   Min(us)  Max(us)    Avg(us)    Std_dev    Geo_dist  
Period   1        226          226          0.0        0          353      19076      3169       3131.68    2004.48
Global   41       9103         222          0.0        0          247      31059      3210       3191.88    2013.93

Total Statistics
Type     Time(s)  Ops          TPS(ops/s)   Net(M/s)   Get_miss   Min(us)  Max(us)    Avg(us)    Std_dev    Geo_dist  
Period   1        22379        22379        3.0        0          218      42346      3091       3161.65    1956.94
Global   41       906912       22119        3.1        0          162      65576      3108       3168.09    1953.88

[1;1H[2J
Get Statistics
Type     Time(s)  Ops          TPS(ops/s)   Net(M/s)   Get_miss   Min(us)  Max(us)    Avg(us)    Std_dev    Geo_dist  
Period   1        22535        22535        3.0        0          230      32042      3004       3121.79    1877.21
Global   42       920344       21912        3.1        0          162      65576      3104       3167.19    1951.38

Set Statistics
Type     Time(s)  Ops          TPS(ops/s)   Net(M/s)   Get_miss   Min(us)  Max(us)    Avg(us)    Std_dev    Geo_dist  
Period   1        229          229          0.0        0          280      15223      3230       3204.83    1954.41
Global   42       9332         222          0.0        0          247      31059      3211       3191.52    2012.45

Total Statistics
Type     Time(s)  Ops          TPS(ops/s)   Net(M/s)   Get_miss   Min(us)  Max(us)    Avg(us)    Std_dev    Geo_dist  
Period   1        22764        22764        3.0        0          230      32042      3006       3122.91    1877.97
Global   42       929676       22135        3.1        0          162      65576      3105       3167.52    1951.98

[1;1H[2J
Get Statistics
Type     Time(s)  Ops          TPS(ops/s)   Net(M/s)   Get_miss   Min(us)  Max(us)    Avg(us)    Std_dev    Geo_dist  
Period   1        21466        21466        3.0        0          198      31812      3139       3130.78    1966.84
Global   43       941810       21902        2.9        0          162      65576      3105       3166.17    1951.73

Set Statistics
Type     Time(s)  Ops          TPS(ops/s)   Net(M/s)   Get_miss   Min(us)  Max(us)    Avg(us)    Std_dev    Geo_dist  
Period   1        216          216          0.0        0          367      19478      3170       3244.47    1944.67
Global   43       9548         222          0.0        0          247      31059      3210       3192.63    2010.89

Total Statistics
Type     Time(s)  Ops          TPS(ops/s)   Net(M/s)   Get_miss   Min(us)  Max(us)    Avg(us)    Std_dev    Geo_dist  
Period   1        21682        21682        3.0        0          198      31812      3139       3132.16    1966.61
Global   43       951358       22124        3.0        0          162      65576      3106       3166.50    1952.31

[1;1H[2J
Get Statistics
Type     Time(s)  Ops          TPS(ops/s)   Net(M/s)   Get_miss   Min(us)  Max(us)    Avg(us)    Std_dev    Geo_dist  
Period   1        22076        22076        3.0        0          175      38947      3135       3353.50    2000.72
Global   44       963886       21906        3.0        0          162      65576      3106       3170.28    1952.84

Set Statistics
Type     Time(s)  Ops          TPS(ops/s)   Net(M/s)   Get_miss   Min(us)  Max(us)    Avg(us)    Std_dev    Geo_dist  
Period   1        225          225          0.0        0          389      29836      3197       3264.33    2131.13
Global   44       9773         222          0.0        0          247      31059      3210       3193.83    2013.58

Total Statistics
Type     Time(s)  Ops          TPS(ops/s)   Net(M/s)   Get_miss   Min(us)  Max(us)    Avg(us)    Std_dev    Geo_dist  
Period   1        22377        22377        3.0        0          175      38947      3144       3354.77    2005.99
Global   44       973735       22130        3.1        0          162      65576      3107       3170.83    1953.53

[1;1H[2J
Get Statistics
Type     Time(s)  Ops          TPS(ops/s)   Net(M/s)   Get_miss   Min(us)  Max(us)    Avg(us)    Std_dev    Geo_dist  
Period   1        22577        22577        3.0        0          197      34361      2999       3002.62    1888.20
Global   45       986463       21921        3.1        0          162      65576      3104       3166.63    1952.55

Set Statistics
Type     Time(s)  Ops          TPS(ops/s)   Net(M/s)   Get_miss   Min(us)  Max(us)    Avg(us)    Std_dev    Geo_dist  
Period   1        223          223          0.0        0          344      22402      2861       3080.82    1789.88
Global   45       9996         222          0.0        0          247      31059      3202       3191.83    2008.30

Total Statistics
Type     Time(s)  Ops          TPS(ops/s)   Net(M/s)   Get_miss   Min(us)  Max(us)    Avg(us)    Std_dev    Geo_dist  
Period   1        22724        22724        3.0        0          197      34361      3008       3003.03    1934.83
Global   45       996459       22143        3.1        0          162      65576      3105       3166.88    1953.10

[1;1H[2J
Get Statistics
Type     Time(s)  Ops          TPS(ops/s)   Net(M/s)   Get_miss   Min(us)  Max(us)    Avg(us)    Std_dev    Geo_dist  
Period   1        21293        21293        3.0        0          158      39218      3184       3471.57    1982.61
Global   46       1007756      21907        2.9        0          158      65576      3105       3174.07    1953.18

Set Statistics
Type     Time(s)  Ops          TPS(ops/s)   Net(M/s)   Get_miss   Min(us)  Max(us)    Avg(us)    Std_dev    Geo_dist  
Period   1        218          218          0.0        0          301      14354      3074       2968.41    1991.48
Global   46       10214        222          0.0        0          247      31059      3199       3187.42    2007.94

Total Statistics
Type     Time(s)  Ops          TPS(ops/s)   Net(M/s)   Get_miss   Min(us)  Max(us)    Avg(us)    Std_dev    Geo_dist  
Period   1        21511        21511        3.0        0          158      39218      3183       3466.69    1982.70
Global   46       1017970      22129        3.0        0          158      65576      3106       3174.17    1953.72

[1;1H[2J
Get Statistics
Type     Time(s)  Ops          TPS(ops/s)   Net(M/s)   Get_miss   Min(us)  Max(us)    Avg(us)    Std_dev    Geo_dist  
Period   1        22116        22116        3.0        0          214      30027      3087       3106.08    1988.81
Global   47       1029872      21912        3.0        0          158      65576      3105       3172.25    1953.94

Set Statistics
Type     Time(s)  Ops          TPS(ops/s)   Net(M/s)   Get_miss   Min(us)  Max(us)    Avg(us)    Std_dev    Geo_dist  
Period   1        222          222          0.0        0          376      26475      3470       3782.31    2195.57
Global   47       10436        222          0.0        0          247      31059      3205       3201.01    2011.76

Total Statistics
Type     Time(s)  Ops          TPS(ops/s)   Net(M/s)   Get_miss   Min(us)  Max(us)    Avg(us)    Std_dev    Geo_dist  
Period   1        22338        22338        3.0        0          214      30027      3091       3113.46    1990.76
Global   47       1040308      22134        3.1        0          158      65576      3106       3172.56    1954.51

[1;1H[2J
Get Statistics
Type     Time(s)  Ops          TPS(ops/s)   Net(M/s)   Get_miss   Min(us)  Max(us)    Avg(us)    Std_dev    Geo_dist  
Period   1        22059        22059        3.0        0          208      45702      3080       3270.30    1906.19
Global   48       1051931      21915        3.0        0          158      65576      3105       3173.83    1952.93

Set Statistics
Type     Time(s)  Ops          TPS(ops/s)   Net(M/s)   Get_miss   Min(us)  Max(us)    Avg(us)    Std_dev    Geo_dist  
Period   1        222          222          0.0        0          295      10489      3024       2942.40    1955.53
Global   48       10658        222          0.0        0          247      31059      3201       3196.05    2010.57

Total Statistics
Type     Time(s)  Ops          TPS(ops/s)   Net(M/s)   Get_miss   Min(us)  Max(us)    Avg(us)    Std_dev    Geo_dist  
Period   1        22281        22281        3.0        0          208      45702      3080       3266.61    1906.67
Global   48       1062589      22137        3.1        0          158      65576      3106       3174.03    1953.50

[1;1H[2J
Get Statistics
Type     Time(s)  Ops          TPS(ops/s)   Net(M/s)   Get_miss   Min(us)  Max(us)    Avg(us)    Std_dev    Geo_dist  
Period   1        20513        20513        3.0        0          198      49571      3314       3715.44    2014.21
Global   49       1072444      21886        2.8        0          158      65576      3109       3185.17    1954.08

Set Statistics
Type     Time(s)  Ops          TPS(ops/s)   Net(M/s)   Get_miss   Min(us)  Max(us)    Avg(us)    Std_dev    Geo_dist  
Period   1        211          211          0.0        0          388      52868      3814       6146.34    2094.36
Global   49       10869        221          0.0        0          247      52868      3213       3279.16    2012.16

Total Statistics
Type     Time(s)  Ops          TPS(ops/s)   Net(M/s)   Get_miss   Min(us)  Max(us)    Avg(us)    Std_dev    Geo_dist  
Period   1        20726        20726        3.0        0          198      52868      3319       3748.43    2015.21
Global   49       1083315      22108        2.8        0          158      65576      3110       3186.19    1954.66

[1;1H[2J
Get Statistics
Type     Time(s)  Ops          TPS(ops/s)   Net(M/s)   Get_miss   Min(us)  Max(us)    Avg(us)    Std_dev    Geo_dist  
Period   1        21740        21740        3.0        0          238      21866      3127       3072.19    1967.97
Global   50       1094184      21883        3.0        0          158      65576      3109       3183.32    1954.37

Set Statistics
Type     Time(s)  Ops          TPS(ops/s)   Net(M/s)   Get_miss   Min(us)  Max(us)    Avg(us)    Std_dev    Geo_dist  
Period   1        214          214          0.0        0          456      14063      3451       3232.47    2190.10
Global   50       11083        221          0.0        0          247      52868      3218       3277.88    2015.46

Total Statistics
Type     Time(s)  Ops          TPS(ops/s)   Net(M/s)   Get_miss   Min(us)  Max(us)    Avg(us)    Std_dev    Geo_dist  
Period   1        21952        21952        3.0        0          238      21866      3131       3073.06    1970.61
Global   50       1105267      22105        3.0        0          158      65576      3110       3184.39    1954.97

[1;1H[2J
Get Statistics
Type     Time(s)  Ops          TPS(ops/s)   Net(M/s)   Get_miss   Min(us)  Max(us)    Avg(us)    Std_dev    Geo_dist  
Period   1        22588        22588        3.0        0          180      35806      3009       2925.64    1970.22
Global   51       1116772      21897        3.1        0          158      65576      3107       3178.32    1954.69

Set Statistics
Type     Time(s)  Ops          TPS(ops/s)   Net(M/s)   Get_miss   Min(us)  Max(us)    Avg(us)    Std_dev    Geo_dist  
Period   1        234          234          0.0        0          416      27529      2866       3092.03    1899.94
Global   51       11317        221          0.0        0          247      52868      3210       3275.11    2013.00

Total Statistics
Type     Time(s)  Ops          TPS(ops/s)   Net(M/s)   Get_miss   Min(us)  Max(us)    Avg(us)    Std_dev    Geo_dist  
Period   1        22822        22822        3.0        0          180      35806      3007       2927.91    1969.49
Global   51       1128089      22119        3.1        0          158      65576      3108       3179.36    1955.27

[1;1H[2J
Get Statistics
Type     Time(s)  Ops          TPS(ops/s)   Net(M/s)   Get_miss   Min(us)  Max(us)    Avg(us)    Std_dev    Geo_dist  
Period   1        21795        21795        3.0        0          210      36955      3140       3084.26    1992.39
Global   52       1138567      21895        3.0        0          158      65576      3108       3176.19    1955.41

Set Statistics
Type     Time(s)  Ops          TPS(ops/s)   Net(M/s)   Get_miss   Min(us)  Max(us)    Avg(us)    Std_dev    Geo_dist  
Period   1        221          221          0.0        0          352      11428      3214       2988.56    2060.39
Global   52       11538        221          0.0        0          247      52868      3210       3269.81    2013.90

Total Statistics
Type     Time(s)  Ops          TPS(ops/s)   Net(M/s)   Get_miss   Min(us)  Max(us)    Avg(us)    Std_dev    Geo_dist  
Period   1        22020        22020        3.0        0          210      36955      3141       3082.49    1992.96
Global   52       1150109      22117        3.0        0          158      65576      3109       3177.17    1955.98

[1;1H[2J
Get Statistics
Type     Time(s)  Ops          TPS(ops/s)   Net(M/s)   Get_miss   Min(us)  Max(us)    Avg(us)    Std_dev    Geo_dist  
Period   1        23057        23057        3.0        0          186      28480      2941       2910.85    1918.12
Global   53       1161624      21917        3.2        0          158      65576      3104       3171.90    1954.68

Set Statistics
Type     Time(s)  Ops          TPS(ops/s)   Net(M/s)   Get_miss   Min(us)  Max(us)    Avg(us)    Std_dev    Geo_dist  
Period   1        229          229          0.0        0          344      14565      3161       3148.21    1979.10
Global   53       11767        222          0.0        0          247      52868      3209       3267.41    2013.21

Total Statistics
Type     Time(s)  Ops          TPS(ops/s)   Net(M/s)   Get_miss   Min(us)  Max(us)    Avg(us)    Std_dev    Geo_dist  
Period   1        23282        23282        3.0        0          186      28480      2944       2912.91    1920.00
Global   53       1173391      22139        3.2        0          158      65576      3105       3172.94    1955.26

[1;1H[2J
Get Statistics
Type     Time(s)  Ops          TPS(ops/s)   Net(M/s)   Get_miss   Min(us)  Max(us)    Avg(us)    Std_dev    Geo_dist  
Period   1        21497        21497        3.0        0          191      27838      3175       3178.83    2015.43
Global   54       1183121      21909        3.0        0          158      65576      3106       3171.34    1955.77

Set Statistics
Type     Time(s)  Ops          TPS(ops/s)   Net(M/s)   Get_miss   Min(us)  Max(us)    Avg(us)    Std_dev    Geo_dist  
Period   1        217          217          0.0        0          407      11350      3428       3099.46    2223.57
Global   54       11984        221          0.0        0          247      52868      3213       3264.42    2016.84

Total Statistics
Type     Time(s)  Ops          TPS(ops/s)   Net(M/s)   Get_miss   Min(us)  Max(us)    Avg(us)    Std_dev    Geo_dist  
Period   1        21714        21714        3.0        0          191      27838      3178       3177.61    2017.42
Global   54       1195105      22131        3.0        0          158      65576      3107       3172.38    1956.37

[1;1H[2J
Get Statistics
Type     Time(s)  Ops          TPS(ops/s)   Net(M/s)   Get_miss   Min(us)  Max(us)    Avg(us)    Std_dev    Geo_dist  
Period   1        21321        21321        3.0        0          257      24758      3202       3132.90    2037.05
Global   55       1204442      21898        2.9        0          158      65576      3107       3171.37    1957.18

Set Statistics
Type     Time(s)  Ops          TPS(ops/s)   Net(M/s)   Get_miss   Min(us)  Max(us)    Avg(us)    Std_dev    Geo_dist  
Period   1        220          220          0.0        0          297      12264      3253       3143.13    2047.20
Global   55       12204        221          0.0        0          247      52868      3214       3261.88    2017.38

Total Statistics
Type     Time(s)  Ops          TPS(ops/s)   Net(M/s)   Get_miss   Min(us)  Max(us)    Avg(us)    Std_dev    Geo_dist  
Period   1        21541        21541        3.0        0          257      24758      3202       3133.46    2037.15
Global   55       1216646      22120        3.0        0          158      65576      3108       3172.38    1957.78

[1;1H[2J
Get Statistics
Type     Time(s)  Ops          TPS(ops/s)   Net(M/s)   Get_miss   Min(us)  Max(us)    Avg(us)    Std_dev    Geo_dist  
Period   1        20153        20153        3.0        0          205      46381      3370       3571.11    2068.85
Global   56       1224595      21867        2.8        0          158      65576      3112       3177.88    1958.97

Set Statistics
Type     Time(s)  Ops          TPS(ops/s)   Net(M/s)   Get_miss   Min(us)  Max(us)    Avg(us)    Std_dev    Geo_dist  
Period   1        198          198          0.0        0          367      39559      4021       4483.03    2391.48
Global   56       12402        221          0.0        0          247      52868      3227       3286.14    2022.87

Total Statistics
Type     Time(s)  Ops          TPS(ops/s)   Net(M/s)   Get_miss   Min(us)  Max(us)    Avg(us)    Std_dev    Geo_dist  
Period   1        20351        20351        3.0        0          205      46381      3376       3581.85    2071.77
Global   56       1236997      22089        2.8        0          158      65576      3113       3179.15    1959.60

[1;1H[2J
Get Statistics
Type     Time(s)  Ops          TPS(ops/s)   Net(M/s)   Get_miss   Min(us)  Max(us)    Avg(us)    Std_dev    Geo_dist  
Period   1        19866        19866        3.0        0          194      41638      3443       3513.68    2058.86
Global   57       1244461      21832        2.7        0          158      65576      3117       3184.06    1960.52

Set Statistics
Type     Time(s)  Ops          TPS(ops/s)   Net(M/s)   Get_miss   Min(us)  Max(us)    Avg(us)    Std_dev    Geo_dist  
Period   1        209          209          0.0        0          442      32653      3745       4008.00    2257.34
Global   57       12611        221          0.0        0          247      52868      3236       3299.46    2026.55

Total Statistics
Type     Time(s)  Ops          TPS(ops/s)   Net(M/s)   Get_miss   Min(us)  Max(us)    Avg(us)    Std_dev    Geo_dist  
Period   1        20075        20075        3.0        0          194      41638      3446       3519.34    2060.83
Global   57       1257072      22053        2.8        0          158      65576      3118       3185.45    1961.18

[1;1H[2J
Get Statistics
Type     Time(s)  Ops          TPS(ops/s)   Net(M/s)   Get_miss   Min(us)  Max(us)    Avg(us)    Std_dev    Geo_dist  
Period   1        20657        20657        3.0        0          248      37005      3281       3287.50    1960.09
Global   58       1265118      21812        2.8        0          158      65576      3120       3185.53    1960.52

Set Statistics
Type     Time(s)  Ops          TPS(ops/s)   Net(M/s)   Get_miss   Min(us)  Max(us)    Avg(us)    Std_dev    Geo_dist  
Period   1        203          203          0.0        0          350      12215      3265       3318.94    1965.22
Global   58       12814        220          0.0        0          247      52868      3236       3300.09    2025.56

Total Statistics
Type     Time(s)  Ops          TPS(ops/s)   Net(M/s)   Get_miss   Min(us)  Max(us)    Avg(us)    Std_dev    Geo_dist  
Period   1        20860        20860        3.0        0          248      37005      3281       3287.58    1960.14
Global   58       1277932      22033        2.9        0          158      65576      3121       3186.88    1961.16

[1;1H[2J
Get Statistics
Type     Time(s)  Ops          TPS(ops/s)   Net(M/s)   Get_miss   Min(us)  Max(us)    Avg(us)    Std_dev    Geo_dist  
Period   1        20999        20999        3.0        0          252      36982      3255       3324.20    1974.05
Global   59       1286117      21798        2.9        0          158      65576      3122       3188.09    1960.74

Set Statistics
Type     Time(s)  Ops          TPS(ops/s)   Net(M/s)   Get_miss   Min(us)  Max(us)    Avg(us)    Std_dev    Geo_dist  
Period   1        210          210          0.0        0          473      12555      3608       3224.47    2287.49
Global   59       13024        220          0.0        0          247      52868      3242       3299.09    2029.54

Total Statistics
Type     Time(s)  Ops          TPS(ops/s)   Net(M/s)   Get_miss   Min(us)  Max(us)    Avg(us)    Std_dev    Geo_dist  
Period   1        21211        21211        3.0        0          252      36982      3259       3323.63    1977.21
Global   59       1299143      22019        2.9        0          158      65576      3123       3189.45    1961.42

[1;1H[2J
Get Statistics
Type     Time(s)  Ops          TPS(ops/s)   Net(M/s)   Get_miss   Min(us)  Max(us)    Avg(us)    Std_dev    Geo_dist  
Period   1        22266        22266        3.0        0          257      19099      3055       2987.95    1902.44
Global   60       1308383      21806        3.1        0          158      65576      3121       3184.67    1959.74

Set Statistics
Type     Time(s)  Ops          TPS(ops/s)   Net(M/s)   Get_miss   Min(us)  Max(us)    Avg(us)    Std_dev    Geo_dist  
Period   1        226          226          0.0        0          354      10661      2885       2770.14    1877.49
Global   60       13250        220          0.0        0          247      52868      3236       3290.93    2026.84

Total Statistics
Type     Time(s)  Ops          TPS(ops/s)   Net(M/s)   Get_miss   Min(us)  Max(us)    Avg(us)    Std_dev    Geo_dist  
Period   1        22490        22490        3.0        0          257      19099      3053       2985.83    1902.69
Global   60       1321633      22027        3.1        0          158      65576      3122       3185.92    1960.41

Get Statistics (1308452 events)
   Min:       158
   Max:     65576
   Avg:      3121
   Geo:   1959.89
   Std:   3185.02
   Log2 Dist:
       8:      255    33644   381243   387712
      12:   135865   280226    85488     3697
      16:      319        3

Set Statistics (13250 events)
   Min:       247
   Max:     52868
   Avg:      3236
   Geo:   2026.84
   Std:   3290.93
   Log2 Dist:
       8:        1      312     3663     4005
      12:     1354     2853     1019       39
      16:        4

Total Statistics (1321702 events)
   Min:       158
   Max:     65576
   Avg:      3122
   Geo:   1960.55
   Std:   3186.27
   Log2 Dist:
       8:      256    33956   384906   391717
      12:   137219   283079    86507     3736
      16:      323        3

cmd_get: 1308519
cmd_set: 13252
get_misses: 0
written_bytes: 30905944
read_bytes: 216000580
object_bytes: 1908288

Run time: 60.3s Ops: 1321771 TPS: 21937 Net_rate: 3.9M/s
