servers : 10.0.0.7:9000
threads count: 78
concurrency: 78
run time: 60s
windows size: 10k
set proportion: set_prop=0.01
get proportion: get_prop=0.99
[1;1H[2J
Get Statistics
Type     Time(s)  Ops          TPS(ops/s)   Net(M/s)   Get_miss   Min(us)  Max(us)    Avg(us)    Std_dev    Geo_dist  
Period   1        23491        23491        3.2        0          223      27431      3282       3042.40    2150.77
Global   1        23491        23491        3.2        0          223      27431      3282       3042.16    2149.98

Set Statistics
Type     Time(s)  Ops          TPS(ops/s)   Net(M/s)   Get_miss   Min(us)  Max(us)    Avg(us)    Std_dev    Geo_dist  
Period   1        276          276          0.0        0          405      11850      3047       2728.10    2131.58
Global   1        276          276          0.0        0          405      11850      3047       2728.10    2131.58

Total Statistics
Type     Time(s)  Ops          TPS(ops/s)   Net(M/s)   Get_miss   Min(us)  Max(us)    Avg(us)    Std_dev    Geo_dist  
Period   1        23770        23770        3.3        0          223      27431      3280       3038.27    2150.04
Global   1        23770        23770        3.3        0          223      27431      3280       3038.27    2150.04

[1;1H[2J
Get Statistics
Type     Time(s)  Ops          TPS(ops/s)   Net(M/s)   Get_miss   Min(us)  Max(us)    Avg(us)    Std_dev    Geo_dist  
Period   1        23113        23113        3.2        0          247      47465      3324       3164.94    2141.00
Global   2        46604        23302        3.2        0          223      47465      3303       3103.75    2146.32

Set Statistics
Type     Time(s)  Ops          TPS(ops/s)   Net(M/s)   Get_miss   Min(us)  Max(us)    Avg(us)    Std_dev    Geo_dist  
Period   1        236          236          0.0        0          304      47468      3047       4162.73    1918.44
Global   2        512          256          0.0        0          304      47468      3047       3460.38    2030.55

Total Statistics
Type     Time(s)  Ops          TPS(ops/s)   Net(M/s)   Get_miss   Min(us)  Max(us)    Avg(us)    Std_dev    Geo_dist  
Period   1        23347        23347        3.2        0          247      47468      3321       3176.88    2139.92
Global   2        47117        23558        3.2        0          223      47468      3300       3108.09    2145.02

[1;1H[2J
Get Statistics
Type     Time(s)  Ops          TPS(ops/s)   Net(M/s)   Get_miss   Min(us)  Max(us)    Avg(us)    Std_dev    Geo_dist  
Period   1        22547        22547        3.2        0          248      33209      3414       3290.06    2194.56
Global   3        69151        23050        3.1        0          223      47465      3339       3165.26    2161.85

Set Statistics
Type     Time(s)  Ops          TPS(ops/s)   Net(M/s)   Get_miss   Min(us)  Max(us)    Avg(us)    Std_dev    Geo_dist  
Period   1        225          225          0.0        0          476      22480      3788       3622.32    2438.99
Global   3        737          245          0.0        0          304      47468      3273       3524.93    2147.40

Total Statistics
Type     Time(s)  Ops          TPS(ops/s)   Net(M/s)   Get_miss   Min(us)  Max(us)    Avg(us)    Std_dev    Geo_dist  
Period   1        22773        22773        3.2        0          248      33209      3417       3294.18    2196.05
Global   3        69890        23296        3.1        0          223      47468      3338       3170.52    2161.74

[1;1H[2J
Get Statistics
Type     Time(s)  Ops          TPS(ops/s)   Net(M/s)   Get_miss   Min(us)  Max(us)    Avg(us)    Std_dev    Geo_dist  
Period   1        22625        22625        3.2        0          200      36141      3442       3736.56    2116.31
Global   4        91776        22944        3.1        0          200      47465      3365       3315.68    2150.93

Set Statistics
Type     Time(s)  Ops          TPS(ops/s)   Net(M/s)   Get_miss   Min(us)  Max(us)    Avg(us)    Std_dev    Geo_dist  
Period   1        228          228          0.0        0          298      35609      3339       3744.31    2017.81
Global   4        965          241          0.0        0          298      47468      3289       3575.73    2116.05

Total Statistics
Type     Time(s)  Ops          TPS(ops/s)   Net(M/s)   Get_miss   Min(us)  Max(us)    Avg(us)    Std_dev    Geo_dist  
Period   1        22851        22851        3.2        0          200      36141      3441       3736.83    2116.05
Global   4        92741        23185        3.1        0          200      47468      3364       3318.69    2150.56

[1;1H[2J
Get Statistics
Type     Time(s)  Ops          TPS(ops/s)   Net(M/s)   Get_miss   Min(us)  Max(us)    Avg(us)    Std_dev    Geo_dist  
Period   1        22691        22691        3.1        0          244      33610      3396       3386.46    2135.63
Global   5        114467       22893        3.1        0          200      47465      3371       3329.98    2147.89

Set Statistics
Type     Time(s)  Ops          TPS(ops/s)   Net(M/s)   Get_miss   Min(us)  Max(us)    Avg(us)    Std_dev    Geo_dist  
Period   1        229          229          0.0        0          361      33136      3482       3872.04    2151.55
Global   5        1194         238          0.0        0          298      47468      3326       3633.57    2122.81

Total Statistics
Type     Time(s)  Ops          TPS(ops/s)   Net(M/s)   Get_miss   Min(us)  Max(us)    Avg(us)    Std_dev    Geo_dist  
Period   1        22921        22921        3.2        0          244      33610      3397       3391.30    2136.39
Global   5        115662       23132        3.1        0          200      47468      3370       3333.76    2147.62

[1;1H[2J
Get Statistics
Type     Time(s)  Ops          TPS(ops/s)   Net(M/s)   Get_miss   Min(us)  Max(us)    Avg(us)    Std_dev    Geo_dist  
Period   1        22923        22923        3.1        0          214      36925      3382       3360.25    2077.94
Global   6        137390       22898        3.1        0          200      47465      3373       3334.82    2136.03

Set Statistics
Type     Time(s)  Ops          TPS(ops/s)   Net(M/s)   Get_miss   Min(us)  Max(us)    Avg(us)    Std_dev    Geo_dist  
Period   1        231          231          0.0        0          339      12954      3480       3351.79    2165.92
Global   6        1425         237          0.0        0          298      47468      3351       3588.68    2129.74

Total Statistics
Type     Time(s)  Ops          TPS(ops/s)   Net(M/s)   Get_miss   Min(us)  Max(us)    Avg(us)    Std_dev    Geo_dist  
Period   1        23155        23155        3.2        0          214      36925      3383       3360.05    2078.25
Global   6        138817       23136        3.2        0          200      47468      3372       3338.32    2136.00

[1;1H[2J
Get Statistics
Type     Time(s)  Ops          TPS(ops/s)   Net(M/s)   Get_miss   Min(us)  Max(us)    Avg(us)    Std_dev    Geo_dist  
Period   1        23324        23324        3.2        0          259      29009      3364       3437.04    2057.23
Global   7        160714       22959        3.2        0          200      47465      3371       3350.60    2124.64

Set Statistics
Type     Time(s)  Ops          TPS(ops/s)   Net(M/s)   Get_miss   Min(us)  Max(us)    Avg(us)    Std_dev    Geo_dist  
Period   1        243          243          0.0        0          285      19911      3396       3388.25    2085.60
Global   7        1668         238          0.0        0          285      47468      3357       3559.75    2123.26

Total Statistics
Type     Time(s)  Ops          TPS(ops/s)   Net(M/s)   Get_miss   Min(us)  Max(us)    Avg(us)    Std_dev    Geo_dist  
Period   1        23565        23565        3.2        0          259      29009      3365       3436.11    2058.85
Global   7        162382       23197        3.2        0          200      47468      3371       3352.66    2124.62

[1;1H[2J
Get Statistics
Type     Time(s)  Ops          TPS(ops/s)   Net(M/s)   Get_miss   Min(us)  Max(us)    Avg(us)    Std_dev    Geo_dist  
Period   1        23266        23266        3.2        0          220      40713      3381       3486.46    2112.97
Global   8        183980       22997        3.2        0          200      47465      3373       3367.34    2123.16

Set Statistics
Type     Time(s)  Ops          TPS(ops/s)   Net(M/s)   Get_miss   Min(us)  Max(us)    Avg(us)    Std_dev    Geo_dist  
Period   1        232          232          0.0        0          471      19088      3399       3448.03    2115.63
Global   8        1900         237          0.0        0          285      47468      3362       3545.56    2122.32

Total Statistics
Type     Time(s)  Ops          TPS(ops/s)   Net(M/s)   Get_miss   Min(us)  Max(us)    Avg(us)    Std_dev    Geo_dist  
Period   1        23502        23502        3.2        0          220      40713      3382       3485.88    2113.44
Global   8        185884       23235        3.2        0          200      47468      3373       3369.18    2123.21

[1;1H[2J
Get Statistics
Type     Time(s)  Ops          TPS(ops/s)   Net(M/s)   Get_miss   Min(us)  Max(us)    Avg(us)    Std_dev    Geo_dist  
Period   1        22921        22921        3.2        0          195      30636      3341       3158.51    2153.68
Global   9        206901       22989        3.1        0          195      47465      3369       3345.35    2126.61

Set Statistics
Type     Time(s)  Ops          TPS(ops/s)   Net(M/s)   Get_miss   Min(us)  Max(us)    Avg(us)    Std_dev    Geo_dist  
Period   1        226          226          0.0        0          384      11702      3597       3264.64    2302.92
Global   9        2126         236          0.0        0          285      47468      3387       3516.76    2140.83

Total Statistics
Type     Time(s)  Ops          TPS(ops/s)   Net(M/s)   Get_miss   Min(us)  Max(us)    Avg(us)    Std_dev    Geo_dist  
Period   1        23144        23144        3.2        0          195      30636      3343       3159.46    2154.75
Global   9        209028       23225        3.2        0          195      47468      3369       3347.33    2126.77

[1;1H[2J
Get Statistics
Type     Time(s)  Ops          TPS(ops/s)   Net(M/s)   Get_miss   Min(us)  Max(us)    Avg(us)    Std_dev    Geo_dist  
Period   1        22518        22518        3.2        0          211      29941      3447       3336.31    2143.10
Global   10       229419       22941        3.1        0          195      47465      3377       3344.19    2128.22

Set Statistics
Type     Time(s)  Ops          TPS(ops/s)   Net(M/s)   Get_miss   Min(us)  Max(us)    Avg(us)    Std_dev    Geo_dist  
Period   1        237          237          0.0        0          428      14023      3724       3464.86    2296.58
Global   10       2363         236          0.0        0          285      47468      3421       3512.13    2155.96

Total Statistics
Type     Time(s)  Ops          TPS(ops/s)   Net(M/s)   Get_miss   Min(us)  Max(us)    Avg(us)    Std_dev    Geo_dist  
Period   1        22756        22756        3.2        0          211      29941      3450       3337.85    2144.77
Global   10       231784       23178        3.1        0          195      47468      3377       3346.44    2128.53

[1;1H[2J
Get Statistics
Type     Time(s)  Ops          TPS(ops/s)   Net(M/s)   Get_miss   Min(us)  Max(us)    Avg(us)    Std_dev    Geo_dist  
Period   1        21822        21822        3.1        0          217      42937      3544       4002.18    2143.39
Global   11       251241       22840        3.0        0          195      47465      3391       3407.24    2129.61

Set Statistics
Type     Time(s)  Ops          TPS(ops/s)   Net(M/s)   Get_miss   Min(us)  Max(us)    Avg(us)    Std_dev    Geo_dist  
Period   1        210          210          0.0        0          369      40179      4165       4292.88    2515.00
Global   11       2573         233          0.0        0          285      47468      3482       3586.78    2183.24

Total Statistics
Type     Time(s)  Ops          TPS(ops/s)   Net(M/s)   Get_miss   Min(us)  Max(us)    Avg(us)    Std_dev    Geo_dist  
Period   1        22033        22033        3.2        0          217      42937      3550       4004.67    2146.41
Global   11       253817       23074        3.0        0          195      47468      3392       3409.00    2130.15

[1;1H[2J
Get Statistics
Type     Time(s)  Ops          TPS(ops/s)   Net(M/s)   Get_miss   Min(us)  Max(us)    Avg(us)    Std_dev    Geo_dist  
Period   1        22680        22680        3.1        0          245      39783      3399       3162.58    2168.74
Global   12       273921       22826        3.1        0          195      47465      3392       3387.32    2132.95

Set Statistics
Type     Time(s)  Ops          TPS(ops/s)   Net(M/s)   Get_miss   Min(us)  Max(us)    Avg(us)    Std_dev    Geo_dist  
Period   1        235          235          0.0        0          367      38837      3622       3976.28    2266.81
Global   12       2808         234          0.0        0          285      47468      3494       3620.16    2190.11

Total Statistics
Type     Time(s)  Ops          TPS(ops/s)   Net(M/s)   Get_miss   Min(us)  Max(us)    Avg(us)    Std_dev    Geo_dist  
Period   1        22912        22912        3.2        0          245      39783      3401       3172.70    2171.21
Global   12       276729       23060        3.1        0          195      47468      3393       3389.80    2133.52

[1;1H[2J
Get Statistics
Type     Time(s)  Ops          TPS(ops/s)   Net(M/s)   Get_miss   Min(us)  Max(us)    Avg(us)    Std_dev    Geo_dist  
Period   1        23463        23463        3.1        0          256      30800      3305       3247.89    2082.08
Global   13       297384       22875        3.2        0          195      47465      3385       3376.74    2128.89

Set Statistics
Type     Time(s)  Ops          TPS(ops/s)   Net(M/s)   Get_miss   Min(us)  Max(us)    Avg(us)    Std_dev    Geo_dist  
Period   1        234          234          0.0        0          361      14323      2995       2735.25    2006.88
Global   13       3042         234          0.0        0          285      47468      3455       3562.62    2175.44

Total Statistics
Type     Time(s)  Ops          TPS(ops/s)   Net(M/s)   Get_miss   Min(us)  Max(us)    Avg(us)    Std_dev    Geo_dist  
Period   1        23699        23699        3.2        0          256      30800      3301       3244.00    2081.07
Global   13       300428       23109        3.3        0          195      47468      3386       3378.36    2129.33

[1;1H[2J
Get Statistics
Type     Time(s)  Ops          TPS(ops/s)   Net(M/s)   Get_miss   Min(us)  Max(us)    Avg(us)    Std_dev    Geo_dist  
Period   1        22970        22970        3.1        0          224      38254      3338       3208.84    2107.53
Global   14       320354       22882        3.2        0          195      47465      3382       3364.62    2127.39

Set Statistics
Type     Time(s)  Ops          TPS(ops/s)   Net(M/s)   Get_miss   Min(us)  Max(us)    Avg(us)    Std_dev    Geo_dist  
Period   1        231          231          0.0        0          489      34010      3357       3903.63    2108.63
Global   14       3273         233          0.0        0          285      47468      3448       3587.28    2170.66

Total Statistics
Type     Time(s)  Ops          TPS(ops/s)   Net(M/s)   Get_miss   Min(us)  Max(us)    Avg(us)    Std_dev    Geo_dist  
Period   1        23201        23201        3.2        0          224      38254      3339       3217.01    2108.66
Global   14       323629       23116        3.2        0          195      47468      3382       3367.70    2127.84

[1;1H[2J
Get Statistics
Type     Time(s)  Ops          TPS(ops/s)   Net(M/s)   Get_miss   Min(us)  Max(us)    Avg(us)    Std_dev    Geo_dist  
Period   1        23156        23156        3.1        0          205      23554      3364       3150.36    2144.85
Global   15       343510       22900        3.2        0          195      47465      3381       3350.44    2128.62

Set Statistics
Type     Time(s)  Ops          TPS(ops/s)   Net(M/s)   Get_miss   Min(us)  Max(us)    Avg(us)    Std_dev    Geo_dist  
Period   1        232          232          0.0        0          419      16208      3601       3204.28    2358.75
Global   15       3505         233          0.0        0          285      47468      3458       3563.11    2182.63

Total Statistics
Type     Time(s)  Ops          TPS(ops/s)   Net(M/s)   Get_miss   Min(us)  Max(us)    Avg(us)    Std_dev    Geo_dist  
Period   1        23388        23388        3.2        0          205      23554      3366       3150.62    2147.44
Global   15       347017       23134        3.2        0          195      47468      3381       3353.43    2129.16

[1;1H[2J
Get Statistics
Type     Time(s)  Ops          TPS(ops/s)   Net(M/s)   Get_miss   Min(us)  Max(us)    Avg(us)    Std_dev    Geo_dist  
Period   1        23118        23118        3.1        0          252      28857      3332       3142.63    2141.23
Global   16       366628       22914        3.2        0          195      47465      3378       3337.63    2129.45

Set Statistics
Type     Time(s)  Ops          TPS(ops/s)   Net(M/s)   Get_miss   Min(us)  Max(us)    Avg(us)    Std_dev    Geo_dist  
Period   1        242          242          0.0        0          328      17683      3645       3262.25    2376.33
Global   16       3747         234          0.0        0          285      47468      3470       3544.42    2194.65

Total Statistics
Type     Time(s)  Ops          TPS(ops/s)   Net(M/s)   Get_miss   Min(us)  Max(us)    Avg(us)    Std_dev    Geo_dist  
Period   1        23360        23360        3.2        0          252      28857      3335       3144.26    2142.14
Global   16       370377       23148        3.2        0          195      47468      3378       3340.76    2130.12

[1;1H[2J
Get Statistics
Type     Time(s)  Ops          TPS(ops/s)   Net(M/s)   Get_miss   Min(us)  Max(us)    Avg(us)    Std_dev    Geo_dist  
Period   1        22892        22892        3.1        0          269      45258      3381       3343.58    2083.85
Global   17       389520       22912        3.1        0          195      47465      3378       3338.19    2126.84

Set Statistics
Type     Time(s)  Ops          TPS(ops/s)   Net(M/s)   Get_miss   Min(us)  Max(us)    Avg(us)    Std_dev    Geo_dist  
Period   1        227          227          0.0        0          415      16706      3616       3610.85    2094.04
Global   17       3974         233          0.0        0          285      47468      3479       3547.30    2188.77

Total Statistics
Type     Time(s)  Ops          TPS(ops/s)   Net(M/s)   Get_miss   Min(us)  Max(us)    Avg(us)    Std_dev    Geo_dist  
Period   1        23117        23117        3.2        0          269      45258      3384       3345.58    2084.53
Global   17       393494       23146        3.2        0          195      47468      3379       3340.40    2127.46

[1;1H[2J
Get Statistics
Type     Time(s)  Ops          TPS(ops/s)   Net(M/s)   Get_miss   Min(us)  Max(us)    Avg(us)    Std_dev    Geo_dist  
Period   1        21565        21565        3.1        0          163      48092      3571       4166.88    2097.56
Global   18       411085       22838        3.0        0          163      48092      3388       3387.10    2125.29

Set Statistics
Type     Time(s)  Ops          TPS(ops/s)   Net(M/s)   Get_miss   Min(us)  Max(us)    Avg(us)    Std_dev    Geo_dist  
Period   1        218          218          0.0        0          459      47836      3900       5421.40    2187.07
Global   18       4192         232          0.0        0          285      47836      3501       3668.60    2188.68

Total Statistics
Type     Time(s)  Ops          TPS(ops/s)   Net(M/s)   Get_miss   Min(us)  Max(us)    Avg(us)    Std_dev    Geo_dist  
Period   1        21784        21784        3.2        0          163      48092      3575       4180.87    2098.56
Global   18       415278       23071        3.0        0          163      48092      3389       3390.23    2125.93

[1;1H[2J
Get Statistics
Type     Time(s)  Ops          TPS(ops/s)   Net(M/s)   Get_miss   Min(us)  Max(us)    Avg(us)    Std_dev    Geo_dist  
Period   1        23694        23694        3.1        0          261      27455      3276       3217.64    2081.00
Global   19       434779       22883        3.3        0          163      48092      3382       3378.10    2122.90

Set Statistics
Type     Time(s)  Ops          TPS(ops/s)   Net(M/s)   Get_miss   Min(us)  Max(us)    Avg(us)    Std_dev    Geo_dist  
Period   1        236          236          0.0        0          441      19477      3288       3209.89    2111.30
Global   19       4428         233          0.0        0          285      47836      3489       3646.22    2184.49

Total Statistics
Type     Time(s)  Ops          TPS(ops/s)   Net(M/s)   Get_miss   Min(us)  Max(us)    Avg(us)    Std_dev    Geo_dist  
Period   1        23933        23933        3.2        0          261      27455      3276       3216.98    2081.29
Global   19       439211       23116        3.3        0          163      48092      3383       3380.98    2123.52

[1;1H[2J
Get Statistics
Type     Time(s)  Ops          TPS(ops/s)   Net(M/s)   Get_miss   Min(us)  Max(us)    Avg(us)    Std_dev    Geo_dist  
Period   1        23472        23472        3.1        0          208      31287      3283       3322.56    2061.30
Global   20       458251       22912        3.2        0          163      48092      3377       3375.27    2119.74

Set Statistics
Type     Time(s)  Ops          TPS(ops/s)   Net(M/s)   Get_miss   Min(us)  Max(us)    Avg(us)    Std_dev    Geo_dist  
Period   1        240          240          0.0        0          227      20993      3154       3279.65    1938.32
Global   20       4668         233          0.0        0          227      47836      3472       3628.49    2171.10

Total Statistics
Type     Time(s)  Ops          TPS(ops/s)   Net(M/s)   Get_miss   Min(us)  Max(us)    Avg(us)    Std_dev    Geo_dist  
Period   1        23712        23712        3.2        0          208      31287      3282       3321.69    2060.37
Global   20       462923       23146        3.3        0          163      48092      3378       3377.86    2120.24

[1;1H[2J
Get Statistics
Type     Time(s)  Ops          TPS(ops/s)   Net(M/s)   Get_miss   Min(us)  Max(us)    Avg(us)    Std_dev    Geo_dist  
Period   1        23209        23209        3.1        0          207      41414      3308       3338.00    2070.39
Global   21       481460       22926        3.2        0          163      48092      3374       3373.19    2117.40

Set Statistics
Type     Time(s)  Ops          TPS(ops/s)   Net(M/s)   Get_miss   Min(us)  Max(us)    Avg(us)    Std_dev    Geo_dist  
Period   1        235          235          0.0        0          439      29652      3482       3792.78    2108.26
Global   21       4903         233          0.0        0          227      47836      3473       3635.64    2168.05

Total Statistics
Type     Time(s)  Ops          TPS(ops/s)   Net(M/s)   Get_miss   Min(us)  Max(us)    Avg(us)    Std_dev    Geo_dist  
Period   1        23442        23442        3.2        0          207      41414      3310       3343.37    2072.52
Global   21       486365       23160        3.2        0          163      48092      3375       3375.96    2117.91

[1;1H[2J
Get Statistics
Type     Time(s)  Ops          TPS(ops/s)   Net(M/s)   Get_miss   Min(us)  Max(us)    Avg(us)    Std_dev    Geo_dist  
Period   1        24195        24195        3.2        0          228      38957      3191       3157.66    2038.99
Global   22       505655       22984        3.3        0          163      48092      3365       3363.67    2113.62

Set Statistics
Type     Time(s)  Ops          TPS(ops/s)   Net(M/s)   Get_miss   Min(us)  Max(us)    Avg(us)    Std_dev    Geo_dist  
Period   1        243          243          0.0        0          333      14057      3270       3073.37    2103.63
Global   22       5146         233          0.0        0          227      47836      3463       3611.45    2164.96

Total Statistics
Type     Time(s)  Ops          TPS(ops/s)   Net(M/s)   Get_miss   Min(us)  Max(us)    Avg(us)    Std_dev    Geo_dist  
Period   1        24437        24437        3.2        0          228      38957      3191       3157.46    2040.16
Global   22       510802       23218        3.4        0          163      48092      3366       3366.25    2114.13

[1;1H[2J
Get Statistics
Type     Time(s)  Ops          TPS(ops/s)   Net(M/s)   Get_miss   Min(us)  Max(us)    Avg(us)    Std_dev    Geo_dist  
Period   1        23890        23890        3.2        0          215      42994      3229       3268.20    2057.27
Global   23       529545       23023        3.3        0          163      48092      3359       3359.40    2111.04

Set Statistics
Type     Time(s)  Ops          TPS(ops/s)   Net(M/s)   Get_miss   Min(us)  Max(us)    Avg(us)    Std_dev    Geo_dist  
Period   1        239          239          0.0        0          413      21131      3223       3322.86    2049.12
Global   23       5385         234          0.0        0          227      47836      3452       3599.52    2159.69

Total Statistics
Type     Time(s)  Ops          TPS(ops/s)   Net(M/s)   Get_miss   Min(us)  Max(us)    Avg(us)    Std_dev    Geo_dist  
Period   1        24128        24128        3.2        0          215      42994      3229       3268.73    2057.19
Global   23       534930       23257        3.3        0          163      48092      3360       3361.85    2111.52

[1;1H[2J
Get Statistics
Type     Time(s)  Ops          TPS(ops/s)   Net(M/s)   Get_miss   Min(us)  Max(us)    Avg(us)    Std_dev    Geo_dist  
Period   1        22363        22363        3.2        0          241      69796      3465       3491.88    2185.43
Global   24       551908       22996        3.1        0          163      69796      3363       3365.23    2114.00

Set Statistics
Type     Time(s)  Ops          TPS(ops/s)   Net(M/s)   Get_miss   Min(us)  Max(us)    Avg(us)    Std_dev    Geo_dist  
Period   1        225          225          0.0        0          498      19330      3801       3369.29    2481.67
Global   24       5610         233          0.0        0          227      47836      3466       3590.94    2171.76

Total Statistics
Type     Time(s)  Ops          TPS(ops/s)   Net(M/s)   Get_miss   Min(us)  Max(us)    Avg(us)    Std_dev    Geo_dist  
Period   1        22588        22588        3.2        0          241      69796      3468       3491.11    2188.20
Global   24       557518       23229        3.1        0          163      69796      3364       3367.62    2114.58

[1;1H[2J
Get Statistics
Type     Time(s)  Ops          TPS(ops/s)   Net(M/s)   Get_miss   Min(us)  Max(us)    Avg(us)    Std_dev    Geo_dist  
Period   1        23086        23086        3.2        0          219      32188      3313       3296.99    2100.03
Global   25       574994       22999        3.2        0          163      69796      3361       3362.52    2113.44

Set Statistics
Type     Time(s)  Ops          TPS(ops/s)   Net(M/s)   Get_miss   Min(us)  Max(us)    Avg(us)    Std_dev    Geo_dist  
Period   1        234          234          0.0        0          443      18116      3673       3392.13    2307.35
Global   25       5844         233          0.0        0          227      47836      3475       3582.45    2177.03

Total Statistics
Type     Time(s)  Ops          TPS(ops/s)   Net(M/s)   Get_miss   Min(us)  Max(us)    Avg(us)    Std_dev    Geo_dist  
Period   1        23320        23320        3.2        0          219      32188      3317       3297.69    2102.01
Global   25       580838       23233        3.2        0          163      69796      3362       3364.97    2114.07

[1;1H[2J
Get Statistics
Type     Time(s)  Ops          TPS(ops/s)   Net(M/s)   Get_miss   Min(us)  Max(us)    Avg(us)    Std_dev    Geo_dist  
Period   1        23626        23626        3.2        0          250      55491      3248       3137.55    2094.98
Global   26       598620       23023        3.2        0          163      69796      3357       3353.54    2112.71

Set Statistics
Type     Time(s)  Ops          TPS(ops/s)   Net(M/s)   Get_miss   Min(us)  Max(us)    Avg(us)    Std_dev    Geo_dist  
Period   1        239          239          0.0        0          389      10197      3317       2889.83    2206.42
Global   26       6083         233          0.0        0          227      47836      3468       3558.49    2178.18

Total Statistics
Type     Time(s)  Ops          TPS(ops/s)   Net(M/s)   Get_miss   Min(us)  Max(us)    Avg(us)    Std_dev    Geo_dist  
Period   1        23867        23867        3.2        0          250      55491      3249       3134.53    2095.78
Global   26       604705       23257        3.3        0          163      69796      3358       3355.78    2113.35

[1;1H[2J
Get Statistics
Type     Time(s)  Ops          TPS(ops/s)   Net(M/s)   Get_miss   Min(us)  Max(us)    Avg(us)    Std_dev    Geo_dist  
Period   1        23925        23925        3.2        0          216      32244      3178       3057.48    2084.93
Global   27       622545       23057        3.3        0          163      69796      3350       3342.94    2111.66

Set Statistics
Type     Time(s)  Ops          TPS(ops/s)   Net(M/s)   Get_miss   Min(us)  Max(us)    Avg(us)    Std_dev    Geo_dist  
Period   1        243          243          0.0        0          382      14558      3126       3129.19    2052.93
Global   27       6326         234          0.0        0          227      47836      3455       3543.22    2173.23

Total Statistics
Type     Time(s)  Ops          TPS(ops/s)   Net(M/s)   Get_miss   Min(us)  Max(us)    Avg(us)    Std_dev    Geo_dist  
Period   1        24167        24167        3.2        0          216      32244      3176       3058.83    2075.69
Global   27       628872       23291        3.3        0          163      69796      3351       3345.09    2112.27

[1;1H[2J
Get Statistics
Type     Time(s)  Ops          TPS(ops/s)   Net(M/s)   Get_miss   Min(us)  Max(us)    Avg(us)    Std_dev    Geo_dist  
Period   1        22416        22416        3.2        0          257      52914      3457       3641.54    2159.89
Global   28       644961       23034        3.1        0          163      69796      3353       3354.55    2113.34

Set Statistics
Type     Time(s)  Ops          TPS(ops/s)   Net(M/s)   Get_miss   Min(us)  Max(us)    Avg(us)    Std_dev    Geo_dist  
Period   1        226          226          0.0        0          392      10613      3065       2832.28    2009.31
Global   28       6552         234          0.0        0          227      47836      3442       3521.19    2167.36

Total Statistics
Type     Time(s)  Ops          TPS(ops/s)   Net(M/s)   Get_miss   Min(us)  Max(us)    Avg(us)    Std_dev    Geo_dist  
Period   1        22642        22642        3.2        0          257      52914      3453       3634.62    2158.33
Global   28       651514       23268        3.1        0          163      69796      3354       3356.17    2113.88

[1;1H[2J
Get Statistics
Type     Time(s)  Ops          TPS(ops/s)   Net(M/s)   Get_miss   Min(us)  Max(us)    Avg(us)    Std_dev    Geo_dist  
Period   1        22843        22843        3.2        0          242      32491      3395       3315.37    2152.53
Global   29       667804       23027        3.1        0          163      69796      3355       3352.67    2114.70

Set Statistics
Type     Time(s)  Ops          TPS(ops/s)   Net(M/s)   Get_miss   Min(us)  Max(us)    Avg(us)    Std_dev    Geo_dist  
Period   1        234          234          0.0        0          416      25571      3354       3457.34    2161.30
Global   29       6786         234          0.0        0          227      47836      3439       3518.76    2167.15

Total Statistics
Type     Time(s)  Ops          TPS(ops/s)   Net(M/s)   Get_miss   Min(us)  Max(us)    Avg(us)    Std_dev    Geo_dist  
Period   1        23077        23077        3.2        0          242      32491      3394       3317.35    2152.61
Global   29       674591       23261        3.2        0          163      69796      3356       3354.24    2115.22

[1;1H[2J
Get Statistics
Type     Time(s)  Ops          TPS(ops/s)   Net(M/s)   Get_miss   Min(us)  Max(us)    Avg(us)    Std_dev    Geo_dist  
Period   1        23252        23252        3.2        0          263      40227      3333       3313.23    2117.51
Global   30       691056       23035        3.2        0          163      69796      3354       3351.62    2114.82

Set Statistics
Type     Time(s)  Ops          TPS(ops/s)   Net(M/s)   Get_miss   Min(us)  Max(us)    Avg(us)    Std_dev    Geo_dist  
Period   1        232          232          0.0        0          457      18766      3979       3713.41    2497.76
Global   30       7018         233          0.0        0          227      47836      3457       3526.26    2177.34

Total Statistics
Type     Time(s)  Ops          TPS(ops/s)   Net(M/s)   Get_miss   Min(us)  Max(us)    Avg(us)    Std_dev    Geo_dist  
Period   1        23486        23486        3.2        0          263      40227      3339       3317.76    2121.14
Global   30       698077       23269        3.2        0          163      69796      3355       3353.45    2115.43

[1;1H[2J
Get Statistics
Type     Time(s)  Ops          TPS(ops/s)   Net(M/s)   Get_miss   Min(us)  Max(us)    Avg(us)    Std_dev    Geo_dist  
Period   1        23392        23392        3.2        0          220      30850      3292       3193.64    2109.72
Global   31       714448       23046        3.2        0          163      69796      3352       3346.55    2114.67

Set Statistics
Type     Time(s)  Ops          TPS(ops/s)   Net(M/s)   Get_miss   Min(us)  Max(us)    Avg(us)    Std_dev    Geo_dist  
Period   1        233          233          0.0        0          344      11979      3400       3157.19    2176.94
Global   31       7251         233          0.0        0          227      47836      3455       3514.99    2177.33

Total Statistics
Type     Time(s)  Ops          TPS(ops/s)   Net(M/s)   Get_miss   Min(us)  Max(us)    Avg(us)    Std_dev    Geo_dist  
Period   1        23623        23623        3.2        0          220      30850      3294       3192.54    2110.58
Global   31       721700       23280        3.2        0          163      69796      3353       3348.33    2115.29

[1;1H[2J
Get Statistics
Type     Time(s)  Ops          TPS(ops/s)   Net(M/s)   Get_miss   Min(us)  Max(us)    Avg(us)    Std_dev    Geo_dist  
Period   1        23280        23280        3.2        0          238      33745      3293       3299.03    2069.13
Global   32       737728       23054        3.2        0          163      69796      3350       3345.21    2113.24

Set Statistics
Type     Time(s)  Ops          TPS(ops/s)   Net(M/s)   Get_miss   Min(us)  Max(us)    Avg(us)    Std_dev    Geo_dist  
Period   1        245          245          0.0        0          412      16521      3599       3338.65    2287.86
Global   32       7496         234          0.0        0          227      47836      3460       3508.95    2180.86

Total Statistics
Type     Time(s)  Ops          TPS(ops/s)   Net(M/s)   Get_miss   Min(us)  Max(us)    Avg(us)    Std_dev    Geo_dist  
Period   1        23526        23526        3.2        0          238      33745      3297       3299.14    2072.18
Global   32       745226       23288        3.2        0          163      69796      3351       3347.03    2113.92

[1;1H[2J
Get Statistics
Type     Time(s)  Ops          TPS(ops/s)   Net(M/s)   Get_miss   Min(us)  Max(us)    Avg(us)    Std_dev    Geo_dist  
Period   1        22075        22075        3.2        0          229      32891      3481       3398.72    2240.38
Global   33       759803       23024        3.0        0          163      69796      3354       3346.66    2116.85

Set Statistics
Type     Time(s)  Ops          TPS(ops/s)   Net(M/s)   Get_miss   Min(us)  Max(us)    Avg(us)    Std_dev    Geo_dist  
Period   1        217          217          0.0        0          456      18232      3603       3383.39    2338.37
Global   33       7713         233          0.0        0          227      47836      3464       3505.37    2185.14

Total Statistics
Type     Time(s)  Ops          TPS(ops/s)   Net(M/s)   Get_miss   Min(us)  Max(us)    Avg(us)    Std_dev    Geo_dist  
Period   1        22292        22292        3.2        0          229      32891      3483       3397.92    2242.19
Global   33       767518       23258        3.1        0          163      69796      3355       3348.42    2117.54

[1;1H[2J
Get Statistics
Type     Time(s)  Ops          TPS(ops/s)   Net(M/s)   Get_miss   Min(us)  Max(us)    Avg(us)    Std_dev    Geo_dist  
Period   1        22771        22771        3.2        0          199      32967      3362       3224.04    2136.36
Global   34       782574       23016        3.1        0          163      69796      3354       3343.40    2117.44

Set Statistics
Type     Time(s)  Ops          TPS(ops/s)   Net(M/s)   Get_miss   Min(us)  Max(us)    Avg(us)    Std_dev    Geo_dist  
Period   1        229          229          0.0        0          310      20723      3817       3633.76    2386.40
Global   34       7942         233          0.0        0          227      47836      3474       3509.58    2190.70

Total Statistics
Type     Time(s)  Ops          TPS(ops/s)   Net(M/s)   Get_miss   Min(us)  Max(us)    Avg(us)    Std_dev    Geo_dist  
Period   1        23001        23001        3.2        0          199      32967      3367       3228.70    2139.66
Global   34       790519       23250        3.2        0          163      69796      3356       3344.35    2118.18

[1;1H[2J
Get Statistics
Type     Time(s)  Ops          TPS(ops/s)   Net(M/s)   Get_miss   Min(us)  Max(us)    Avg(us)    Std_dev    Geo_dist  
Period   1        22711        22711        3.2        0          201      29379      3407       3266.26    2123.57
Global   35       805285       23008        3.1        0          163      69796      3356       3340.78    2117.69

Set Statistics
Type     Time(s)  Ops          TPS(ops/s)   Net(M/s)   Get_miss   Min(us)  Max(us)    Avg(us)    Std_dev    Geo_dist  
Period   1        228          228          0.0        0          496      22352      3990       3542.86    2537.66
Global   35       8170         233          0.0        0          227      47836      3488       3511.72    2199.70

Total Statistics
Type     Time(s)  Ops          TPS(ops/s)   Net(M/s)   Get_miss   Min(us)  Max(us)    Avg(us)    Std_dev    Geo_dist  
Period   1        22937        22937        3.2        0          201      29379      3413       3269.65    2128.76
Global   35       813456       23241        3.1        0          163      69796      3357       3342.89    2118.50

[1;1H[2J
Get Statistics
Type     Time(s)  Ops          TPS(ops/s)   Net(M/s)   Get_miss   Min(us)  Max(us)    Avg(us)    Std_dev    Geo_dist  
Period   1        22462        22462        3.2        0          288      31484      3438       3354.42    2137.59
Global   36       827747       22992        3.1        0          163      69796      3358       3341.41    2118.25

Set Statistics
Type     Time(s)  Ops          TPS(ops/s)   Net(M/s)   Get_miss   Min(us)  Max(us)    Avg(us)    Std_dev    Geo_dist  
Period   1        231          231          0.0        0          416      17330      3802       3502.69    2369.23
Global   36       8401         233          0.0        0          227      47836      3497       3511.27    2204.20

Total Statistics
Type     Time(s)  Ops          TPS(ops/s)   Net(M/s)   Get_miss   Min(us)  Max(us)    Avg(us)    Std_dev    Geo_dist  
Period   1        22692        22692        3.2        0          288      31484      3442       3355.93    2140.55
Global   36       836148       23226        3.1        0          163      69796      3359       3343.58    2119.09

[1;1H[2J
Get Statistics
Type     Time(s)  Ops          TPS(ops/s)   Net(M/s)   Get_miss   Min(us)  Max(us)    Avg(us)    Std_dev    Geo_dist  
Period   1        21886        21886        3.2        0          225      63310      3529       4321.41    2128.03
Global   37       849633       22963        3.0        0          163      69796      3362       3370.74    2118.50

Set Statistics
Type     Time(s)  Ops          TPS(ops/s)   Net(M/s)   Get_miss   Min(us)  Max(us)    Avg(us)    Std_dev    Geo_dist  
Period   1        220          220          0.0        0          418      57542      3853       5025.62    2335.29
Global   37       8621         233          0.0        0          227      57542      3506       3558.06    2207.45

Total Statistics
Type     Time(s)  Ops          TPS(ops/s)   Net(M/s)   Get_miss   Min(us)  Max(us)    Avg(us)    Std_dev    Geo_dist  
Period   1        22107        22107        3.2        0          225      63310      3532       4329.09    2130.06
Global   37       858255       23196        3.0        0          163      69796      3364       3372.15    2119.37

[1;1H[2J
Get Statistics
Type     Time(s)  Ops          TPS(ops/s)   Net(M/s)   Get_miss   Min(us)  Max(us)    Avg(us)    Std_dev    Geo_dist  
Period   1        22574        22574        3.2        0          221      27726      3427       3260.63    2202.44
Global   38       872207       22952        3.1        0          163      69796      3364       3367.64    2120.65

Set Statistics
Type     Time(s)  Ops          TPS(ops/s)   Net(M/s)   Get_miss   Min(us)  Max(us)    Avg(us)    Std_dev    Geo_dist  
Period   1        224          224          0.0        0          291      13954      3100       2910.12    2053.58
Global   38       8845         232          0.0        0          227      57542      3496       3543.28    2203.42

Total Statistics
Type     Time(s)  Ops          TPS(ops/s)   Net(M/s)   Get_miss   Min(us)  Max(us)    Avg(us)    Std_dev    Geo_dist  
Period   1        22797        22797        3.2        0          221      27726      3423       3257.59    2199.13
Global   38       881052       23185        3.1        0          163      69796      3365       3369.79    2121.46

[1;1H[2J
Get Statistics
Type     Time(s)  Ops          TPS(ops/s)   Net(M/s)   Get_miss   Min(us)  Max(us)    Avg(us)    Std_dev    Geo_dist  
Period   1        22933        22933        3.2        0          181      38379      3385       3358.75    2143.95
Global   39       895140       22952        3.1        0          163      69796      3365       3366.95    2121.24

Set Statistics
Type     Time(s)  Ops          TPS(ops/s)   Net(M/s)   Get_miss   Min(us)  Max(us)    Avg(us)    Std_dev    Geo_dist  
Period   1        235          235          0.0        0          456      15622      3450       3081.73    2276.07
Global   39       9080         232          0.0        0          227      57542      3494       3532.75    2205.27

Total Statistics
Type     Time(s)  Ops          TPS(ops/s)   Net(M/s)   Get_miss   Min(us)  Max(us)    Avg(us)    Std_dev    Geo_dist  
Period   1        23169        23169        3.2        0          181      38379      3386       3355.84    2145.36
Global   39       904221       23185        3.2        0          163      69796      3366       3368.97    2122.07

[1;1H[2J
Get Statistics
Type     Time(s)  Ops          TPS(ops/s)   Net(M/s)   Get_miss   Min(us)  Max(us)    Avg(us)    Std_dev    Geo_dist  
Period   1        21767        21767        3.1        0          228      35274      3526       3704.92    2124.57
Global   40       916907       22922        3.0        0          163      69796      3368       3376.27    2121.32

Set Statistics
Type     Time(s)  Ops          TPS(ops/s)   Net(M/s)   Get_miss   Min(us)  Max(us)    Avg(us)    Std_dev    Geo_dist  
Period   1        219          219          0.0        0          359      31700      3972       4232.40    2397.67
Global   40       9299         232          0.0        0          227      57542      3506       3550.55    2209.62

Total Statistics
Type     Time(s)  Ops          TPS(ops/s)   Net(M/s)   Get_miss   Min(us)  Max(us)    Avg(us)    Std_dev    Geo_dist  
Period   1        21987        21987        3.2        0          228      35274      3531       3710.27    2127.24
Global   40       926208       23155        3.0        0          163      69796      3370       3377.48    2122.20

[1;1H[2J
Get Statistics
Type     Time(s)  Ops          TPS(ops/s)   Net(M/s)   Get_miss   Min(us)  Max(us)    Avg(us)    Std_dev    Geo_dist  
Period   1        23379        23379        3.1        0          232      28591      3305       3165.62    2103.78
Global   41       940286       22933        3.2        0          163      69796      3367       3370.65    2120.92

Set Statistics
Type     Time(s)  Ops          TPS(ops/s)   Net(M/s)   Get_miss   Min(us)  Max(us)    Avg(us)    Std_dev    Geo_dist  
Period   1        237          237          0.0        0          337      13698      3554       3343.73    2269.12
Global   41       9536         232          0.0        0          227      57542      3507       3545.59    2211.08

Total Statistics
Type     Time(s)  Ops          TPS(ops/s)   Net(M/s)   Get_miss   Min(us)  Max(us)    Avg(us)    Std_dev    Geo_dist  
Period   1        23619        23619        3.2        0          232      28591      3308       3167.56    2106.44
Global   41       949827       23166        3.2        0          163      69796      3368       3372.90    2121.82

[1;1H[2J
Get Statistics
Type     Time(s)  Ops          TPS(ops/s)   Net(M/s)   Get_miss   Min(us)  Max(us)    Avg(us)    Std_dev    Geo_dist  
Period   1        22702        22702        3.1        0          219      30791      3450       3290.74    2171.40
Global   42       962988       22928        3.1        0          163      69796      3369       3368.78    2122.12

Set Statistics
Type     Time(s)  Ops          TPS(ops/s)   Net(M/s)   Get_miss   Min(us)  Max(us)    Avg(us)    Std_dev    Geo_dist  
Period   1        235          235          0.0        0          467      26886      3505       3417.42    2233.51
Global   42       9771         232          0.0        0          227      57542      3507       3542.34    2211.61

Total Statistics
Type     Time(s)  Ops          TPS(ops/s)   Net(M/s)   Get_miss   Min(us)  Max(us)    Avg(us)    Std_dev    Geo_dist  
Period   1        22932        22932        3.2        0          219      30791      3450       3292.27    2172.35
Global   42       972759       23160        3.1        0          163      69796      3370       3370.98    2123.00

[1;1H[2J
Get Statistics
Type     Time(s)  Ops          TPS(ops/s)   Net(M/s)   Get_miss   Min(us)  Max(us)    Avg(us)    Std_dev    Geo_dist  
Period   1        23099        23099        3.1        0          188      30738      3313       3315.82    2059.32
Global   43       986087       22932        3.2        0          163      69796      3368       3367.24    2120.63

Set Statistics
Type     Time(s)  Ops          TPS(ops/s)   Net(M/s)   Get_miss   Min(us)  Max(us)    Avg(us)    Std_dev    Geo_dist  
Period   1        227          227          0.0        0          434      23383      3370       3237.79    2190.44
Global   43       9998         232          0.0        0          227      57542      3504       3535.52    2211.13

Total Statistics
Type     Time(s)  Ops          TPS(ops/s)   Net(M/s)   Get_miss   Min(us)  Max(us)    Avg(us)    Std_dev    Geo_dist  
Period   1        23326        23326        3.2        0          188      30738      3313       3315.56    2060.56
Global   43       996085       23164        3.2        0          163      69796      3369       3369.36    2121.52

[1;1H[2J
Get Statistics
Type     Time(s)  Ops          TPS(ops/s)   Net(M/s)   Get_miss   Min(us)  Max(us)    Avg(us)    Std_dev    Geo_dist  
Period   1        23603        23603        3.2        0          217      33613      3282       3120.97    2115.03
Global   44       1009690      22947        3.2        0          163      69796      3366       3361.70    2120.50

Set Statistics
Type     Time(s)  Ops          TPS(ops/s)   Net(M/s)   Get_miss   Min(us)  Max(us)    Avg(us)    Std_dev    Geo_dist  
Period   1        239          239          0.0        0          464      12643      3363       3076.65    2201.44
Global   44       10237        232          0.0        0          227      57542      3500       3526.12    2210.90

Total Statistics
Type     Time(s)  Ops          TPS(ops/s)   Net(M/s)   Get_miss   Min(us)  Max(us)    Avg(us)    Std_dev    Geo_dist  
Period   1        23843        23843        3.2        0          217      33613      3283       3120.45    2115.99
Global   44       1019928      23180        3.3        0          163      69796      3367       3363.77    2121.39

[1;1H[2J
Get Statistics
Type     Time(s)  Ops          TPS(ops/s)   Net(M/s)   Get_miss   Min(us)  Max(us)    Avg(us)    Std_dev    Geo_dist  
Period   1        22653        22653        3.2        0          235      30170      3405       3190.28    2140.28
Global   45       1032343      22940        3.1        0          163      69796      3366       3358.90    2120.95

Set Statistics
Type     Time(s)  Ops          TPS(ops/s)   Net(M/s)   Get_miss   Min(us)  Max(us)    Avg(us)    Std_dev    Geo_dist  
Period   1        232          232          0.0        0          434      13277      3473       3171.75    2180.31
Global   45       10469        232          0.0        0          227      57542      3500       3517.93    2210.22

Total Statistics
Type     Time(s)  Ops          TPS(ops/s)   Net(M/s)   Get_miss   Min(us)  Max(us)    Avg(us)    Std_dev    Geo_dist  
Period   1        22888        22888        3.2        0          235      30170      3406       3190.08    2140.99
Global   45       1042816      23173        3.1        0          163      69796      3368       3359.92    2121.83

[1;1H[2J
Get Statistics
Type     Time(s)  Ops          TPS(ops/s)   Net(M/s)   Get_miss   Min(us)  Max(us)    Avg(us)    Std_dev    Geo_dist  
Period   1        22843        22843        3.2        0          190      30722      3413       3312.35    2130.98
Global   46       1055186      22938        3.1        0          163      69796      3367       3357.94    2121.22

Set Statistics
Type     Time(s)  Ops          TPS(ops/s)   Net(M/s)   Get_miss   Min(us)  Max(us)    Avg(us)    Std_dev    Geo_dist  
Period   1        228          228          0.0        0          308      13876      3402       3277.68    2125.54
Global   46       10697        232          0.0        0          227      57542      3498       3512.77    2208.38

Total Statistics
Type     Time(s)  Ops          TPS(ops/s)   Net(M/s)   Get_miss   Min(us)  Max(us)    Avg(us)    Std_dev    Geo_dist  
Period   1        23068        23068        3.2        0          190      30722      3413       3312.01    2132.87
Global   46       1065884      23171        3.2        0          163      69796      3369       3358.87    2122.07

[1;1H[2J
Get Statistics
Type     Time(s)  Ops          TPS(ops/s)   Net(M/s)   Get_miss   Min(us)  Max(us)    Avg(us)    Std_dev    Geo_dist  
Period   1        22485        22485        3.1        0          172      39437      3467       3447.44    2150.11
Global   47       1077671      22929        3.1        0          163      69796      3370       3358.95    2121.81

Set Statistics
Type     Time(s)  Ops          TPS(ops/s)   Net(M/s)   Get_miss   Min(us)  Max(us)    Avg(us)    Std_dev    Geo_dist  
Period   1        225          225          0.0        0          333      22091      3747       3389.35    2412.72
Global   47       10922        232          0.0        0          227      57542      3503       3510.43    2212.41

Total Statistics
Type     Time(s)  Ops          TPS(ops/s)   Net(M/s)   Get_miss   Min(us)  Max(us)    Avg(us)    Std_dev    Geo_dist  
Period   1        22711        22711        3.2        0          172      39437      3470       3446.93    2152.84
Global   47       1088595      23161        3.1        0          163      69796      3371       3360.86    2122.71

[1;1H[2J
Get Statistics
Type     Time(s)  Ops          TPS(ops/s)   Net(M/s)   Get_miss   Min(us)  Max(us)    Avg(us)    Std_dev    Geo_dist  
Period   1        22788        22788        3.1        0          256      42301      3394       3217.03    2145.98
Global   48       1100459      22926        3.1        0          163      69796      3370       3356.57    2122.33

Set Statistics
Type     Time(s)  Ops          TPS(ops/s)   Net(M/s)   Get_miss   Min(us)  Max(us)    Avg(us)    Std_dev    Geo_dist  
Period   1        230          230          0.0        0          337      14664      3376       3154.71    2105.64
Global   48       11152        232          0.0        0          227      57542      3500       3503.76    2210.15

Total Statistics
Type     Time(s)  Ops          TPS(ops/s)   Net(M/s)   Get_miss   Min(us)  Max(us)    Avg(us)    Std_dev    Geo_dist  
Period   1        23016        23016        3.2        0          256      42301      3394       3216.23    2146.20
Global   48       1111611      23158        3.2        0          163      69796      3371       3358.41    2123.19

[1;1H[2J
Get Statistics
Type     Time(s)  Ops          TPS(ops/s)   Net(M/s)   Get_miss   Min(us)  Max(us)    Avg(us)    Std_dev    Geo_dist  
Period   1        23070        23070        3.1        0          248      27910      3345       3259.32    2113.20
Global   49       1123529      22929        3.2        0          163      69796      3370       3354.09    2122.14

Set Statistics
Type     Time(s)  Ops          TPS(ops/s)   Net(M/s)   Get_miss   Min(us)  Max(us)    Avg(us)    Std_dev    Geo_dist  
Period   1        239          239          0.0        0          442      20180      3521       3606.09    2153.46
Global   49       11391        232          0.0        0          227      57542      3501       3505.22    2208.95

Total Statistics
Type     Time(s)  Ops          TPS(ops/s)   Net(M/s)   Get_miss   Min(us)  Max(us)    Avg(us)    Std_dev    Geo_dist  
Period   1        23311        23311        3.2        0          248      27910      3347       3262.61    2113.63
Global   49       1134922      23161        3.2        0          163      69796      3371       3355.98    2123.00

[1;1H[2J
Get Statistics
Type     Time(s)  Ops          TPS(ops/s)   Net(M/s)   Get_miss   Min(us)  Max(us)    Avg(us)    Std_dev    Geo_dist  
Period   1        23526        23526        3.2        0          225      29810      3278       3061.89    2149.83
Global   50       1147055      22941        3.2        0          163      69796      3368       3348.49    2122.72

Set Statistics
Type     Time(s)  Ops          TPS(ops/s)   Net(M/s)   Get_miss   Min(us)  Max(us)    Avg(us)    Std_dev    Geo_dist  
Period   1        235          235          0.0        0          397      14762      3177       3041.20    2039.11
Global   50       11626        232          0.0        0          227      57542      3494       3497.08    2205.38

Total Statistics
Type     Time(s)  Ops          TPS(ops/s)   Net(M/s)   Get_miss   Min(us)  Max(us)    Avg(us)    Std_dev    Geo_dist  
Period   1        23760        23760        3.2        0          225      29810      3277       3062.06    2149.50
Global   50       1158682      23173        3.3        0          163      69796      3369       3350.31    2123.54

[1;1H[2J
Get Statistics
Type     Time(s)  Ops          TPS(ops/s)   Net(M/s)   Get_miss   Min(us)  Max(us)    Avg(us)    Std_dev    Geo_dist  
Period   1        21838        21838        3.1        0          222      40584      3548       3523.10    2217.41
Global   51       1168893      22919        3.0        0          163      69796      3371       3352.29    2124.47

Set Statistics
Type     Time(s)  Ops          TPS(ops/s)   Net(M/s)   Get_miss   Min(us)  Max(us)    Avg(us)    Std_dev    Geo_dist  
Period   1        222          222          0.0        0          337      18437      3815       3411.63    2436.61
Global   51       11848        232          0.0        0          227      57542      3500       3495.64    2209.50

Total Statistics
Type     Time(s)  Ops          TPS(ops/s)   Net(M/s)   Get_miss   Min(us)  Max(us)    Avg(us)    Std_dev    Geo_dist  
Period   1        22059        22059        3.2        0          222      40584      3551       3521.56    2219.40
Global   51       1180741      23151        3.0        0          163      69796      3372       3354.08    2125.30

[1;1H[2J
Get Statistics
Type     Time(s)  Ops          TPS(ops/s)   Net(M/s)   Get_miss   Min(us)  Max(us)    Avg(us)    Std_dev    Geo_dist  
Period   1        23518        23518        3.1        0          226      38314      3249       3257.31    2083.56
Global   52       1192411      22930        3.2        0          163      69796      3369       3350.08    2123.65

Set Statistics
Type     Time(s)  Ops          TPS(ops/s)   Net(M/s)   Get_miss   Min(us)  Max(us)    Avg(us)    Std_dev    Geo_dist  
Period   1        235          235          0.0        0          408      28518      3514       3657.07    2305.56
Global   52       12083        232          0.0        0          227      57542      3500       3498.97    2211.33

Total Statistics
Type     Time(s)  Ops          TPS(ops/s)   Net(M/s)   Get_miss   Min(us)  Max(us)    Avg(us)    Std_dev    Geo_dist  
Period   1        23757        23757        3.2        0          226      38314      3252       3260.77    2085.72
Global   52       1204498      23163        3.3        0          163      69796      3370       3351.94    2124.52

[1;1H[2J
Get Statistics
Type     Time(s)  Ops          TPS(ops/s)   Net(M/s)   Get_miss   Min(us)  Max(us)    Avg(us)    Std_dev    Geo_dist  
Period   1        23480        23480        3.2        0          224      37662      3261       3152.79    2122.80
Global   53       1215891      22941        3.2        0          163      69796      3367       3346.33    2123.65

Set Statistics
Type     Time(s)  Ops          TPS(ops/s)   Net(M/s)   Get_miss   Min(us)  Max(us)    Avg(us)    Std_dev    Geo_dist  
Period   1        237          237          0.0        0          406      23065      3768       3399.60    2460.66
Global   53       12320        232          0.0        0          227      57542      3506       3496.38    2217.30

Total Statistics
Type     Time(s)  Ops          TPS(ops/s)   Net(M/s)   Get_miss   Min(us)  Max(us)    Avg(us)    Std_dev    Geo_dist  
Period   1        23713        23713        3.2        0          224      37662      3267       3155.17    2127.27
Global   53       1228211      23173        3.3        0          163      69796      3368       3348.29    2124.57

[1;1H[2J
Get Statistics
Type     Time(s)  Ops          TPS(ops/s)   Net(M/s)   Get_miss   Min(us)  Max(us)    Avg(us)    Std_dev    Geo_dist  
Period   1        23378        23378        3.2        0          219      29709      3281       3153.35    2124.80
Global   54       1239269      22949        3.2        0          163      69796      3365       3343.19    2123.67

Set Statistics
Type     Time(s)  Ops          TPS(ops/s)   Net(M/s)   Get_miss   Min(us)  Max(us)    Avg(us)    Std_dev    Geo_dist  
Period   1        237          237          0.0        0          491      16672      3328       3097.32    2198.15
Global   54       12557        232          0.0        0          227      57542      3502       3489.88    2216.93

Total Statistics
Type     Time(s)  Ops          TPS(ops/s)   Net(M/s)   Get_miss   Min(us)  Max(us)    Avg(us)    Std_dev    Geo_dist  
Period   1        23615        23615        3.2        0          219      29709      3282       3152.18    2125.52
Global   54       1251826      23181        3.2        0          163      69796      3366       3345.10    2124.59

[1;1H[2J
Get Statistics
Type     Time(s)  Ops          TPS(ops/s)   Net(M/s)   Get_miss   Min(us)  Max(us)    Avg(us)    Std_dev    Geo_dist  
Period   1        23859        23859        3.2        0          244      40309      3252       3129.50    2113.33
Global   55       1263128      22965        3.3        0          163      69796      3363       3339.18    2123.48

Set Statistics
Type     Time(s)  Ops          TPS(ops/s)   Net(M/s)   Get_miss   Min(us)  Max(us)    Avg(us)    Std_dev    Geo_dist  
Period   1        240          240          0.0        0          331      12565      3268       3052.89    2096.84
Global   55       12797        232          0.0        0          227      57542      3498       3481.84    2214.62

Total Statistics
Type     Time(s)  Ops          TPS(ops/s)   Net(M/s)   Get_miss   Min(us)  Max(us)    Avg(us)    Std_dev    Geo_dist  
Period   1        24100        24100        3.2        0          244      40309      3252       3129.00    2113.27
Global   55       1275926      23198        3.3        0          163      69796      3364       3341.02    2124.37

[1;1H[2J
Get Statistics
Type     Time(s)  Ops          TPS(ops/s)   Net(M/s)   Get_miss   Min(us)  Max(us)    Avg(us)    Std_dev    Geo_dist  
Period   1        23229        23229        3.2        0          187      29716      3312       3103.19    2145.38
Global   56       1286357      22970        3.2        0          163      69796      3362       3335.16    2123.88

Set Statistics
Type     Time(s)  Ops          TPS(ops/s)   Net(M/s)   Get_miss   Min(us)  Max(us)    Avg(us)    Std_dev    Geo_dist  
Period   1        237          237          0.0        0          213      14399      3583       3181.41    2339.74
Global   56       13034        232          0.0        0          213      57542      3500       3476.06    2216.83

Total Statistics
Type     Time(s)  Ops          TPS(ops/s)   Net(M/s)   Get_miss   Min(us)  Max(us)    Avg(us)    Std_dev    Geo_dist  
Period   1        23469        23469        3.2        0          187      29716      3315       3103.25    2147.25
Global   56       1299395      23203        3.2        0          163      69796      3363       3337.01    2124.80

[1;1H[2J
Get Statistics
Type     Time(s)  Ops          TPS(ops/s)   Net(M/s)   Get_miss   Min(us)  Max(us)    Avg(us)    Std_dev    Geo_dist  
Period   1        23685        23685        3.2        0          234      36913      3239       3146.44    2054.71
Global   57       1310042      22983        3.3        0          163      69796      3360       3331.65    2122.65

Set Statistics
Type     Time(s)  Ops          TPS(ops/s)   Net(M/s)   Get_miss   Min(us)  Max(us)    Avg(us)    Std_dev    Geo_dist  
Period   1        234          234          0.0        0          397      11701      3423       3113.61    2195.55
Global   57       13268        232          0.0        0          213      57542      3498       3470.55    2216.46

Total Statistics
Type     Time(s)  Ops          TPS(ops/s)   Net(M/s)   Get_miss   Min(us)  Max(us)    Avg(us)    Std_dev    Geo_dist  
Period   1        23916        23916        3.2        0          234      36913      3241       3146.65    2058.10
Global   57       1323311      23215        3.3        0          163      69796      3361       3333.49    2123.57

[1;1H[2J
Get Statistics
Type     Time(s)  Ops          TPS(ops/s)   Net(M/s)   Get_miss   Min(us)  Max(us)    Avg(us)    Std_dev    Geo_dist  
Period   1        23977        23977        3.2        0          229      26005      3224       3177.13    2032.49
Global   58       1334019      23000        3.3        0          163      69796      3357       3329.56    2121.01

Set Statistics
Type     Time(s)  Ops          TPS(ops/s)   Net(M/s)   Get_miss   Min(us)  Max(us)    Avg(us)    Std_dev    Geo_dist  
Period   1        245          245          0.0        0          369      25690      3858       3635.06    2482.97
Global   58       13513        232          0.0        0          213      57542      3505       3473.32    2221.02

Total Statistics
Type     Time(s)  Ops          TPS(ops/s)   Net(M/s)   Get_miss   Min(us)  Max(us)    Avg(us)    Std_dev    Geo_dist  
Period   1        24232        24232        3.2        0          229      26005      3230       3181.52    2036.08
Global   58       1347543      23233        3.3        0          163      69796      3359       3330.51    2121.98

[1;1H[2J
Get Statistics
Type     Time(s)  Ops          TPS(ops/s)   Net(M/s)   Get_miss   Min(us)  Max(us)    Avg(us)    Std_dev    Geo_dist  
Period   1        23157        23157        3.2        0          214      45007      3299       3154.21    2117.73
Global   59       1357176      23002        3.2        0          163      69796      3356       3326.66    2121.07

Set Statistics
Type     Time(s)  Ops          TPS(ops/s)   Net(M/s)   Get_miss   Min(us)  Max(us)    Avg(us)    Std_dev    Geo_dist  
Period   1        233          233          0.0        0          324      11964      3188       2986.95    2055.91
Global   59       13746        232          0.0        0          213      57542      3499       3466.42    2218.12

Total Statistics
Type     Time(s)  Ops          TPS(ops/s)   Net(M/s)   Get_miss   Min(us)  Max(us)    Avg(us)    Std_dev    Geo_dist  
Period   1        23380        23380        3.2        0          214      45007      3300       3152.06    2123.85
Global   59       1370923      23235        3.2        0          163      69796      3358       3327.55    2122.02

[1;1H[2J
Get Statistics
Type     Time(s)  Ops          TPS(ops/s)   Net(M/s)   Get_miss   Min(us)  Max(us)    Avg(us)    Std_dev    Geo_dist  
Period   1        22855        22855        3.2        0          205      25228      3378       3138.94    2210.93
Global   60       1380031      23000        3.1        0          163      69796      3357       3323.00    2122.54

Set Statistics
Type     Time(s)  Ops          TPS(ops/s)   Net(M/s)   Get_miss   Min(us)  Max(us)    Avg(us)    Std_dev    Geo_dist  
Period   1        230          230          0.0        0          379      18105      3267       3054.77    2193.42
Global   60       13976        232          0.0        0          213      57542      3496       3459.25    2217.71

Total Statistics
Type     Time(s)  Ops          TPS(ops/s)   Net(M/s)   Get_miss   Min(us)  Max(us)    Avg(us)    Std_dev    Geo_dist  
Period   1        23086        23086        3.2        0          205      25228      3378       3137.31    2211.69
Global   60       1394009      23233        3.2        0          163      69796      3358       3324.83    2123.48

Get Statistics (1380111 events)
   Min:       163
   Max:     69796
   Avg:      3357
   Geo:   2122.69
   Std:   3323.29
   Log2 Dist:
       8:      231    30033   358201   409409
      12:   155480   313275   108191     4870
      16:      418        3

Set Statistics (13976 events)
   Min:       213
   Max:     57542
   Avg:      3496
   Geo:   2217.71
   Std:   3459.25
   Log2 Dist:
       8:        2      247     3410     4203
      12:     1601     3207     1241       56
      16:        9

Total Statistics (1394087 events)
   Min:       163
   Max:     69796
   Avg:      3358
   Geo:   2123.62
   Std:   3325.11
   Log2 Dist:
       8:      233    30280   361611   413612
      12:   157081   316482   109432     4926
      16:      427        3

cmd_get: 1380188
cmd_set: 13977
get_misses: 0
written_bytes: 32598602
read_bytes: 227830123
object_bytes: 2012688

Run time: 60.6s Ops: 1394165 TPS: 23017 Net_rate: 4.1M/s
