servers : 10.0.0.7:9000
threads count: 96
concurrency: 96
run time: 60s
windows size: 10k
set proportion: set_prop=0.01
get proportion: get_prop=0.99
[1;1H[2J
Get Statistics
Type     Time(s)  Ops          TPS(ops/s)   Net(M/s)   Get_miss   Min(us)  Max(us)    Avg(us)    Std_dev    Geo_dist  
Period   1        22303        22303        3.1        0          232      34449      4216       3661.07    2803.59
Global   1        22303        22303        3.1        0          232      34449      4216       3661.07    2803.59

Set Statistics
Type     Time(s)  Ops          TPS(ops/s)   Net(M/s)   Get_miss   Min(us)  Max(us)    Avg(us)    Std_dev    Geo_dist  
Period   1        283          283          0.0        0          650      17123      5835       3773.64    4308.15
Global   1        283          283          0.0        0          650      17123      5835       3773.64    4308.15

Total Statistics
Type     Time(s)  Ops          TPS(ops/s)   Net(M/s)   Get_miss   Min(us)  Max(us)    Avg(us)    Std_dev    Geo_dist  
Period   1        22586        22586        3.1        0          232      34449      4236       3667.17    2818.72
Global   1        22586        22586        3.1        0          232      34449      4236       3667.17    2818.72

[1;1H[2J
Get Statistics
Type     Time(s)  Ops          TPS(ops/s)   Net(M/s)   Get_miss   Min(us)  Max(us)    Avg(us)    Std_dev    Geo_dist  
Period   1        23293        23293        3.1        0          281      35437      4073       3627.24    2717.24
Global   2        45596        22798        3.2        0          232      35437      4143       3644.42    2758.68

Set Statistics
Type     Time(s)  Ops          TPS(ops/s)   Net(M/s)   Get_miss   Min(us)  Max(us)    Avg(us)    Std_dev    Geo_dist  
Period   1        225          225          0.0        0          557      17601      3939       3477.90    2625.24
Global   2        508          254          0.0        0          557      17601      4995       3762.43    3459.48

Total Statistics
Type     Time(s)  Ops          TPS(ops/s)   Net(M/s)   Get_miss   Min(us)  Max(us)    Avg(us)    Std_dev    Geo_dist  
Period   1        23520        23520        3.2        0          281      35437      4072       3625.15    2715.38
Global   2        46106        23053        3.2        0          232      35437      4152       3647.06    2765.52

[1;1H[2J
Get Statistics
Type     Time(s)  Ops          TPS(ops/s)   Net(M/s)   Get_miss   Min(us)  Max(us)    Avg(us)    Std_dev    Geo_dist  
Period   1        23614        23614        3.2        0          309      38712      4025       3642.43    2641.29
Global   3        69210        23070        3.2        0          232      38712      4103       3643.76    2718.30

Set Statistics
Type     Time(s)  Ops          TPS(ops/s)   Net(M/s)   Get_miss   Min(us)  Max(us)    Avg(us)    Std_dev    Geo_dist  
Period   1        238          238          0.0        0          540      23836      4019       3677.67    2628.07
Global   3        746          248          0.0        0          540      23836      4684       3760.31    3169.03

Total Statistics
Type     Time(s)  Ops          TPS(ops/s)   Net(M/s)   Get_miss   Min(us)  Max(us)    Avg(us)    Std_dev    Geo_dist  
Period   1        23851        23851        3.2        0          309      38712      4025       3642.79    2641.20
Global   3        69957        23319        3.3        0          232      38712      4109       3645.75    2722.79

[1;1H[2J
Get Statistics
Type     Time(s)  Ops          TPS(ops/s)   Net(M/s)   Get_miss   Min(us)  Max(us)    Avg(us)    Std_dev    Geo_dist  
Period   1        19244        19244        3.0        0          328      155625     4957       11221.06   2848.19
Global   4        88454        22113        2.6        0          232      155625     4289       6156.59    2746.32

Set Statistics
Type     Time(s)  Ops          TPS(ops/s)   Net(M/s)   Get_miss   Min(us)  Max(us)    Avg(us)    Std_dev    Geo_dist  
Period   1        200          200          0.0        0          392      27755      4734       3911.53    3169.58
Global   4        946          236          0.0        0          392      27755      4694       3791.45    3169.14

Total Statistics
Type     Time(s)  Ops          TPS(ops/s)   Net(M/s)   Get_miss   Min(us)  Max(us)    Avg(us)    Std_dev    Geo_dist  
Period   1        19445        19445        3.1        0          328      155625     4955       11170.09   2854.05
Global   4        89402        22350        2.7        0          232      155625     4293       6136.65    2750.54

[1;1H[2J
Get Statistics
Type     Time(s)  Ops          TPS(ops/s)   Net(M/s)   Get_miss   Min(us)  Max(us)    Avg(us)    Std_dev    Geo_dist  
Period   1        21262        21262        3.0        0          310      59694      4533       4580.69    2885.26
Global   5        109716       21943        2.9        0          232      155625     4336       5885.28    2772.93

Set Statistics
Type     Time(s)  Ops          TPS(ops/s)   Net(M/s)   Get_miss   Min(us)  Max(us)    Avg(us)    Std_dev    Geo_dist  
Period   1        211          211          0.0        0          438      28003      4274       4339.91    2768.87
Global   5        1157         231          0.0        0          392      28003      4618       3897.90    3092.06

Total Statistics
Type     Time(s)  Ops          TPS(ops/s)   Net(M/s)   Get_miss   Min(us)  Max(us)    Avg(us)    Std_dev    Geo_dist  
Period   1        21471        21471        3.0        0          310      59694      4529       4579.23    2881.48
Global   5        110873       22174        2.9        0          232      155625     4339       5868.03    2776.09

[1;1H[2J
Get Statistics
Type     Time(s)  Ops          TPS(ops/s)   Net(M/s)   Get_miss   Min(us)  Max(us)    Avg(us)    Std_dev    Geo_dist  
Period   1        23127        23127        3.0        0          340      37237      4138       3579.68    2806.17
Global   6        132843       22140        3.2        0          232      155625     4301       5554.02    2778.51

Set Statistics
Type     Time(s)  Ops          TPS(ops/s)   Net(M/s)   Get_miss   Min(us)  Max(us)    Avg(us)    Std_dev    Geo_dist  
Period   1        240          240          0.0        0          413      37154      4127       4311.41    2674.07
Global   6        1397         232          0.0        0          392      37154      4533       3975.44    3015.86

Total Statistics
Type     Time(s)  Ops          TPS(ops/s)   Net(M/s)   Get_miss   Min(us)  Max(us)    Avg(us)    Std_dev    Geo_dist  
Period   1        23369        23369        3.1        0          340      37237      4138       3587.57    2803.92
Global   6        134242       22373        3.2        0          232      155625     4304       5539.48    2780.91

[1;1H[2J
Get Statistics
Type     Time(s)  Ops          TPS(ops/s)   Net(M/s)   Get_miss   Min(us)  Max(us)    Avg(us)    Std_dev    Geo_dist  
Period   1        21919        21919        3.0        0          276      66693      4335       5197.63    2845.67
Global   7        154762       22108        3.0        0          232      155625     4306       5504.84    2788.24

Set Statistics
Type     Time(s)  Ops          TPS(ops/s)   Net(M/s)   Get_miss   Min(us)  Max(us)    Avg(us)    Std_dev    Geo_dist  
Period   1        212          212          0.0        0          526      18846      4108       3287.21    2871.00
Global   7        1609         229          0.0        0          392      37154      4477       3893.47    2996.37

Total Statistics
Type     Time(s)  Ops          TPS(ops/s)   Net(M/s)   Get_miss   Min(us)  Max(us)    Avg(us)    Std_dev    Geo_dist  
Period   1        22129        22129        3.1        0          276      66693      4333       5182.77    2846.84
Global   7        156371       22338        3.0        0          232      155625     4308       5490.50    2790.30

[1;1H[2J
Get Statistics
Type     Time(s)  Ops          TPS(ops/s)   Net(M/s)   Get_miss   Min(us)  Max(us)    Avg(us)    Std_dev    Geo_dist  
Period   1        22044        22044        3.0        0          258      74232      4317       4213.60    2827.41
Global   8        176806       22100        3.0        0          232      155625     4308       5360.34    2793.09

Set Statistics
Type     Time(s)  Ops          TPS(ops/s)   Net(M/s)   Get_miss   Min(us)  Max(us)    Avg(us)    Std_dev    Geo_dist  
Period   1        226          226          0.0        0          352      24635      4761       4121.16    3206.26
Global   8        1835         229          0.0        0          352      37154      4512       3922.15    3021.46

Total Statistics
Type     Time(s)  Ops          TPS(ops/s)   Net(M/s)   Get_miss   Min(us)  Max(us)    Avg(us)    Std_dev    Geo_dist  
Period   1        22277        22277        3.1        0          258      74232      4321       4212.03    2830.27
Global   8        178648       22331        3.1        0          232      155625     4310       5347.47    2795.26

[1;1H[2J
Get Statistics
Type     Time(s)  Ops          TPS(ops/s)   Net(M/s)   Get_miss   Min(us)  Max(us)    Avg(us)    Std_dev    Geo_dist  
Period   1        21566        21566        3.0        0          328      59782      4390       3797.66    2995.21
Global   9        198372       22041        3.0        0          232      155625     4317       5213.18    2814.79

Set Statistics
Type     Time(s)  Ops          TPS(ops/s)   Net(M/s)   Get_miss   Min(us)  Max(us)    Avg(us)    Std_dev    Geo_dist  
Period   1        218          218          0.0        0          603      30848      4821       4394.88    3319.26
Global   9        2053         228          0.0        0          352      37154      4545       3974.78    3051.77

Total Statistics
Type     Time(s)  Ops          TPS(ops/s)   Net(M/s)   Get_miss   Min(us)  Max(us)    Avg(us)    Std_dev    Geo_dist  
Period   1        21777        21777        3.1        0          328      59782      4396       3803.68    3002.12
Global   9        200425       22269        3.0        0          232      155625     4319       5202.31    2817.12

[1;1H[2J
Get Statistics
Type     Time(s)  Ops          TPS(ops/s)   Net(M/s)   Get_miss   Min(us)  Max(us)    Avg(us)    Std_dev    Geo_dist  
Period   1        23249        23249        3.0        0          231      26959      4102       3427.89    2774.51
Global   10       221621       22162        3.2        0          231      155625     4294       5056.39    2810.54

Set Statistics
Type     Time(s)  Ops          TPS(ops/s)   Net(M/s)   Get_miss   Min(us)  Max(us)    Avg(us)    Std_dev    Geo_dist  
Period   1        233          233          0.0        0          348      13177      4105       3247.67    2841.88
Global   10       2286         228          0.0        0          348      37154      4500       3908.69    3029.68

Total Statistics
Type     Time(s)  Ops          TPS(ops/s)   Net(M/s)   Get_miss   Min(us)  Max(us)    Avg(us)    Std_dev    Geo_dist  
Period   1        23484        23484        3.1        0          231      26959      4102       3426.54    2775.41
Global   10       223909       22390        3.2        0          231      155625     4296       5046.13    2812.72

[1;1H[2J
Get Statistics
Type     Time(s)  Ops          TPS(ops/s)   Net(M/s)   Get_miss   Min(us)  Max(us)    Avg(us)    Std_dev    Geo_dist  
Period   1        22868        22868        3.1        0          322      33667      4149       4041.64    2753.22
Global   11       244489       22226        3.1        0          231      155625     4281       4970.00    2805.33

Set Statistics
Type     Time(s)  Ops          TPS(ops/s)   Net(M/s)   Get_miss   Min(us)  Max(us)    Avg(us)    Std_dev    Geo_dist  
Period   1        233          233          0.0        0          336      33357      4464       4742.17    2907.79
Global   11       2519         229          0.0        0          336      37154      4497       3991.65    3018.20

Total Statistics
Type     Time(s)  Ops          TPS(ops/s)   Net(M/s)   Get_miss   Min(us)  Max(us)    Avg(us)    Std_dev    Geo_dist  
Period   1        23100        23100        3.1        0          322      33667      4152       4049.33    2755.45
Global   11       247009       22455        3.2        0          231      155625     4283       4961.20    2807.42

[1;1H[2J
Get Statistics
Type     Time(s)  Ops          TPS(ops/s)   Net(M/s)   Get_miss   Min(us)  Max(us)    Avg(us)    Std_dev    Geo_dist  
Period   1        21228        21228        3.0        0          354      41023      4504       4661.40    2967.19
Global   12       265717       22143        2.9        0          231      155625     4298       4947.13    2818.01

Set Statistics
Type     Time(s)  Ops          TPS(ops/s)   Net(M/s)   Get_miss   Min(us)  Max(us)    Avg(us)    Std_dev    Geo_dist  
Period   1        214          214          0.0        0          577      42044      4686       6251.67    2865.76
Global   12       2733         227          0.0        0          336      42044      4512       4211.07    3005.97

Total Statistics
Type     Time(s)  Ops          TPS(ops/s)   Net(M/s)   Get_miss   Min(us)  Max(us)    Avg(us)    Std_dev    Geo_dist  
Period   1        21445        21445        3.1        0          354      42044      4507       4679.11    2966.80
Global   12       268454       22371        2.9        0          231      155625     4301       4939.53    2819.90

[1;1H[2J
Get Statistics
Type     Time(s)  Ops          TPS(ops/s)   Net(M/s)   Get_miss   Min(us)  Max(us)    Avg(us)    Std_dev    Geo_dist  
Period   1        22753        22753        3.0        0          245      46671      4215       4269.80    2846.44
Global   13       288470       22190        3.1        0          231      155625     4292       4896.73    2820.50

Set Statistics
Type     Time(s)  Ops          TPS(ops/s)   Net(M/s)   Get_miss   Min(us)  Max(us)    Avg(us)    Std_dev    Geo_dist  
Period   1        231          231          0.0        0          386      15259      3989       3224.29    2800.70
Global   13       2964         228          0.0        0          336      42044      4471       4144.80    2989.45

Total Statistics
Type     Time(s)  Ops          TPS(ops/s)   Net(M/s)   Get_miss   Min(us)  Max(us)    Avg(us)    Std_dev    Geo_dist  
Period   1        22981        22981        3.1        0          245      46671      4213       4260.58    2848.71
Global   13       291435       22418        3.2        0          231      155625     4294       4889.52    2822.16

[1;1H[2J
Get Statistics
Type     Time(s)  Ops          TPS(ops/s)   Net(M/s)   Get_miss   Min(us)  Max(us)    Avg(us)    Std_dev    Geo_dist  
Period   1        22248        22248        3.0        0          261      85597      4247       5892.56    2737.77
Global   14       310718       22194        3.1        0          231      155625     4289       4974.48    2814.56

Set Statistics
Type     Time(s)  Ops          TPS(ops/s)   Net(M/s)   Get_miss   Min(us)  Max(us)    Avg(us)    Std_dev    Geo_dist  
Period   1        225          225          0.0        0          499      78770      4887       8055.70    2935.94
Global   14       3189         227          0.0        0          336      78770      4500       4532.23    2985.64

Total Statistics
Type     Time(s)  Ops          TPS(ops/s)   Net(M/s)   Get_miss   Min(us)  Max(us)    Avg(us)    Std_dev    Geo_dist  
Period   1        22472        22472        3.1        0          261      85597      4254       5918.01    2739.79
Global   14       313907       22421        3.1        0          231      155625     4291       4970.34    2816.25

[1;1H[2J
Get Statistics
Type     Time(s)  Ops          TPS(ops/s)   Net(M/s)   Get_miss   Min(us)  Max(us)    Avg(us)    Std_dev    Geo_dist  
Period   1        23665        23665        3.1        0          194      44436      4017       3700.86    2589.36
Global   15       334383       22292        3.2        0          194      155625     4270       4895.52    2798.00

Set Statistics
Type     Time(s)  Ops          TPS(ops/s)   Net(M/s)   Get_miss   Min(us)  Max(us)    Avg(us)    Std_dev    Geo_dist  
Period   1        233          233          0.0        0          384      19970      4011       3554.67    2647.37
Global   15       3422         228          0.0        0          336      78770      4467       4473.43    2961.30

Total Statistics
Type     Time(s)  Ops          TPS(ops/s)   Net(M/s)   Get_miss   Min(us)  Max(us)    Avg(us)    Std_dev    Geo_dist  
Period   1        23900        23900        3.1        0          194      44436      4018       3699.42    2590.25
Global   15       337807       22520        3.3        0          194      155625     4272       4891.51    2799.63

[1;1H[2J
Get Statistics
Type     Time(s)  Ops          TPS(ops/s)   Net(M/s)   Get_miss   Min(us)  Max(us)    Avg(us)    Std_dev    Geo_dist  
Period   1        22723        22723        3.1        0          249      65298      4188       3886.76    2750.81
Global   16       357106       22319        3.1        0          194      155625     4264       4838.37    2795.04

Set Statistics
Type     Time(s)  Ops          TPS(ops/s)   Net(M/s)   Get_miss   Min(us)  Max(us)    Avg(us)    Std_dev    Geo_dist  
Period   1        235          235          0.0        0          457      12809      3848       3197.26    2666.51
Global   16       3657         228          0.0        0          336      78770      4427       4405.06    2941.41

Total Statistics
Type     Time(s)  Ops          TPS(ops/s)   Net(M/s)   Get_miss   Min(us)  Max(us)    Avg(us)    Std_dev    Geo_dist  
Period   1        22958        22958        3.1        0          249      65298      4177       3877.35    2733.19
Global   16       360765       22547        3.2        0          194      155625     4266       4833.88    2796.50

[1;1H[2J
Get Statistics
Type     Time(s)  Ops          TPS(ops/s)   Net(M/s)   Get_miss   Min(us)  Max(us)    Avg(us)    Std_dev    Geo_dist  
Period   1        23034        23034        3.1        0          290      74495      4169       4491.10    2610.90
Global   17       380140       22361        3.2        0          194      155625     4259       4817.42    2783.59

Set Statistics
Type     Time(s)  Ops          TPS(ops/s)   Net(M/s)   Get_miss   Min(us)  Max(us)    Avg(us)    Std_dev    Geo_dist  
Period   1        236          236          0.0        0          443      73510      4445       5858.96    2732.11
Global   17       3893         229          0.0        0          336      78770      4428       4505.71    2928.28

Total Statistics
Type     Time(s)  Ops          TPS(ops/s)   Net(M/s)   Get_miss   Min(us)  Max(us)    Avg(us)    Std_dev    Geo_dist  
Period   1        23270        23270        3.1        0          290      74495      4172       4507.19    2613.15
Global   17       384035       22590        3.2        0          194      155625     4260       4815.03    2785.03

[1;1H[2J
Get Statistics
Type     Time(s)  Ops          TPS(ops/s)   Net(M/s)   Get_miss   Min(us)  Max(us)    Avg(us)    Std_dev    Geo_dist  
Period   1        22872        22872        3.1        0          274      45349      4153       3664.85    2751.83
Global   18       403012       22389        3.1        0          194      155625     4253       4759.55    2781.84

Set Statistics
Type     Time(s)  Ops          TPS(ops/s)   Net(M/s)   Get_miss   Min(us)  Max(us)    Avg(us)    Std_dev    Geo_dist  
Period   1        225          225          0.0        0          343      19517      3669       3286.52    2492.34
Global   18       4118         228          0.0        0          336      78770      4387       4450.31    2902.60

Total Statistics
Type     Time(s)  Ops          TPS(ops/s)   Net(M/s)   Get_miss   Min(us)  Max(us)    Avg(us)    Std_dev    Geo_dist  
Period   1        23097        23097        3.1        0          274      45349      4148       3662.02    2750.19
Global   18       407132       22618        3.2        0          194      155625     4254       4756.85    2783.04

[1;1H[2J
Get Statistics
Type     Time(s)  Ops          TPS(ops/s)   Net(M/s)   Get_miss   Min(us)  Max(us)    Avg(us)    Std_dev    Geo_dist  
Period   1        22693        22693        3.1        0          261      51638      4163       3814.99    2744.86
Global   19       425705       22405        3.1        0          194      155625     4248       4714.21    2779.91

Set Statistics
Type     Time(s)  Ops          TPS(ops/s)   Net(M/s)   Get_miss   Min(us)  Max(us)    Avg(us)    Std_dev    Geo_dist  
Period   1        238          238          0.0        0          429      21260      4185       3497.46    2849.15
Global   19       4356         229          0.0        0          336      78770      4376       4403.45    2899.65

Total Statistics
Type     Time(s)  Ops          TPS(ops/s)   Net(M/s)   Get_miss   Min(us)  Max(us)    Avg(us)    Std_dev    Geo_dist  
Period   1        22933        22933        3.1        0          261      51638      4164       3811.44    2747.21
Global   19       430065       22635        3.1        0          194      155625     4249       4711.45    2781.12

[1;1H[2J
Get Statistics
Type     Time(s)  Ops          TPS(ops/s)   Net(M/s)   Get_miss   Min(us)  Max(us)    Avg(us)    Std_dev    Geo_dist  
Period   1        22102        22102        3.1        0          308      52642      4324       4437.74    2749.44
Global   20       447807       22390        3.0        0          194      155625     4252       4700.75    2778.45

Set Statistics
Type     Time(s)  Ops          TPS(ops/s)   Net(M/s)   Get_miss   Min(us)  Max(us)    Avg(us)    Std_dev    Geo_dist  
Period   1        214          214          0.0        0          412      39554      5191       5464.74    3186.70
Global   20       4570         228          0.0        0          336      78770      4414       4461.55    2912.50

Total Statistics
Type     Time(s)  Ops          TPS(ops/s)   Net(M/s)   Get_miss   Min(us)  Max(us)    Avg(us)    Std_dev    Geo_dist  
Period   1        22314        22314        3.1        0          308      52642      4332       4449.33    2752.95
Global   20       452379       22618        3.1        0          194      155625     4253       4698.99    2779.78

[1;1H[2J
Get Statistics
Type     Time(s)  Ops          TPS(ops/s)   Net(M/s)   Get_miss   Min(us)  Max(us)    Avg(us)    Std_dev    Geo_dist  
Period   1        21788        21788        3.1        0          255      110811     4358       4711.05    2774.61
Global   21       469595       22361        3.0        0          194      155625     4257       4701.21    2778.32

Set Statistics
Type     Time(s)  Ops          TPS(ops/s)   Net(M/s)   Get_miss   Min(us)  Max(us)    Avg(us)    Std_dev    Geo_dist  
Period   1        224          224          0.0        0          553      45791      4969       5976.95    3059.71
Global   21       4794         228          0.0        0          336      78770      4440       4544.27    2919.22

Total Statistics
Type     Time(s)  Ops          TPS(ops/s)   Net(M/s)   Get_miss   Min(us)  Max(us)    Avg(us)    Std_dev    Geo_dist  
Period   1        22011        22011        3.1        0          255      110811     4365       4725.29    2778.36
Global   21       474390       22590        3.0        0          194      155625     4258       4700.45    2779.71

[1;1H[2J
Get Statistics
Type     Time(s)  Ops          TPS(ops/s)   Net(M/s)   Get_miss   Min(us)  Max(us)    Avg(us)    Std_dev    Geo_dist  
Period   1        22485        22485        3.1        0          291      46293      4255       3967.40    2755.86
Global   22       492080       22367        3.1        0          194      155625     4257       4670.11    2777.34

Set Statistics
Type     Time(s)  Ops          TPS(ops/s)   Net(M/s)   Get_miss   Min(us)  Max(us)    Avg(us)    Std_dev    Geo_dist  
Period   1        221          221          0.0        0          369      35421      4808       4519.81    3168.98
Global   22       5015         227          0.0        0          336      78770      4456       4543.59    2929.80

Total Statistics
Type     Time(s)  Ops          TPS(ops/s)   Net(M/s)   Get_miss   Min(us)  Max(us)    Avg(us)    Std_dev    Geo_dist  
Period   1        22707        22707        3.1        0          291      46293      4260       3973.38    2759.34
Global   22       497097       22595        3.1        0          194      155625     4259       4668.88    2778.83

[1;1H[2J
Get Statistics
Type     Time(s)  Ops          TPS(ops/s)   Net(M/s)   Get_miss   Min(us)  Max(us)    Avg(us)    Std_dev    Geo_dist  
Period   1        22088        22088        3.1        0          336      67225      4340       3978.12    2894.80
Global   23       514168       22355        3.0        0          194      155625     4260       4643.05    2782.32

Set Statistics
Type     Time(s)  Ops          TPS(ops/s)   Net(M/s)   Get_miss   Min(us)  Max(us)    Avg(us)    Std_dev    Geo_dist  
Period   1        222          222          0.0        0          416      31926      4624       4127.86    3117.50
Global   23       5237         227          0.0        0          336      78770      4463       4526.62    2937.52

Total Statistics
Type     Time(s)  Ops          TPS(ops/s)   Net(M/s)   Get_miss   Min(us)  Max(us)    Avg(us)    Std_dev    Geo_dist  
Period   1        22308        22308        3.1        0          336      67225      4343       3979.82    2898.03
Global   23       519405       22582        3.1        0          194      155625     4262       4641.97    2783.85

[1;1H[2J
Get Statistics
Type     Time(s)  Ops          TPS(ops/s)   Net(M/s)   Get_miss   Min(us)  Max(us)    Avg(us)    Std_dev    Geo_dist  
Period   1        21813        21813        3.1        0          276      67519      4356       4656.55    2742.91
Global   24       535981       22332        3.0        0          194      155625     4264       4643.55    2780.71

Set Statistics
Type     Time(s)  Ops          TPS(ops/s)   Net(M/s)   Get_miss   Min(us)  Max(us)    Avg(us)    Std_dev    Geo_dist  
Period   1        223          223          0.0        0          433      65744      5182       5973.16    3256.06
Global   24       5460         227          0.0        0          336      78770      4493       4595.52    2949.90

Total Statistics
Type     Time(s)  Ops          TPS(ops/s)   Net(M/s)   Get_miss   Min(us)  Max(us)    Avg(us)    Std_dev    Geo_dist  
Period   1        22038        22038        3.1        0          276      67519      4364       4672.66    2747.89
Global   24       541443       22560        3.0        0          194      155625     4266       4643.41    2782.37

[1;1H[2J
Get Statistics
Type     Time(s)  Ops          TPS(ops/s)   Net(M/s)   Get_miss   Min(us)  Max(us)    Avg(us)    Std_dev    Geo_dist  
Period   1        22294        22294        3.1        0          225      64493      4264       4062.72    2743.15
Global   25       558275       22331        3.1        0          194      155625     4264       4621.76    2779.24

Set Statistics
Type     Time(s)  Ops          TPS(ops/s)   Net(M/s)   Get_miss   Min(us)  Max(us)    Avg(us)    Std_dev    Geo_dist  
Period   1        232          232          0.0        0          570      17986      4159       3547.05    2758.25
Global   25       5692         227          0.0        0          336      78770      4479       4558.11    2941.83

Total Statistics
Type     Time(s)  Ops          TPS(ops/s)   Net(M/s)   Get_miss   Min(us)  Max(us)    Avg(us)    Std_dev    Geo_dist  
Period   1        22526        22526        3.1        0          225      64493      4264       4056.91    2744.40
Global   25       563969       22558        3.1        0          194      155625     4266       4621.33    2780.85

[1;1H[2J
Get Statistics
Type     Time(s)  Ops          TPS(ops/s)   Net(M/s)   Get_miss   Min(us)  Max(us)    Avg(us)    Std_dev    Geo_dist  
Period   1        23572        23572        3.1        0          284      29711      4015       3432.99    2725.99
Global   26       581847       22378        3.2        0          194      155625     4254       4579.79    2777.11

Set Statistics
Type     Time(s)  Ops          TPS(ops/s)   Net(M/s)   Get_miss   Min(us)  Max(us)    Avg(us)    Std_dev    Geo_dist  
Period   1        230          230          0.0        0          565      16533      4277       3521.68    2915.65
Global   26       5922         227          0.0        0          336      78770      4471       4522.38    2940.81

Total Statistics
Type     Time(s)  Ops          TPS(ops/s)   Net(M/s)   Get_miss   Min(us)  Max(us)    Avg(us)    Std_dev    Geo_dist  
Period   1        23801        23801        3.1        0          284      29711      4017       3434.34    2728.48
Global   26       587770       22606        3.3        0          194      155625     4256       4579.43    2778.71

[1;1H[2J
Get Statistics
Type     Time(s)  Ops          TPS(ops/s)   Net(M/s)   Get_miss   Min(us)  Max(us)    Avg(us)    Std_dev    Geo_dist  
Period   1        23166        23166        3.1        0          205      47615      4093       3866.58    2662.92
Global   27       605013       22407        3.2        0          194      155625     4248       4554.49    2772.68

Set Statistics
Type     Time(s)  Ops          TPS(ops/s)   Net(M/s)   Get_miss   Min(us)  Max(us)    Avg(us)    Std_dev    Geo_dist  
Period   1        241          241          0.0        0          654      22695      4595       4077.95    2969.39
Global   27       6163         228          0.0        0          336      78770      4476       4505.43    2941.92

Total Statistics
Type     Time(s)  Ops          TPS(ops/s)   Net(M/s)   Get_miss   Min(us)  Max(us)    Avg(us)    Std_dev    Geo_dist  
Period   1        23409        23409        3.1        0          205      47615      4097       3869.93    2662.53
Global   27       611179       22636        3.2        0          194      155625     4250       4554.31    2774.33

[1;1H[2J
Get Statistics
Type     Time(s)  Ops          TPS(ops/s)   Net(M/s)   Get_miss   Min(us)  Max(us)    Avg(us)    Std_dev    Geo_dist  
Period   1        21063        21063        3.1        0          239      112114     4556       8119.47    2834.02
Global   28       626076       22359        2.9        0          194      155625     4258       4719.06    2774.79

Set Statistics
Type     Time(s)  Ops          TPS(ops/s)   Net(M/s)   Get_miss   Min(us)  Max(us)    Avg(us)    Std_dev    Geo_dist  
Period   1        206          206          0.0        0          537      31950      4362       3853.27    2994.13
Global   28       6369         227          0.0        0          336      78770      4472       4485.92    2943.60

Total Statistics
Type     Time(s)  Ops          TPS(ops/s)   Net(M/s)   Get_miss   Min(us)  Max(us)    Avg(us)    Std_dev    Geo_dist  
Period   1        21266        21266        3.1        0          239      112114     4555       8089.17    2837.71
Global   28       632445       22587        2.9        0          194      155625     4260       4716.95    2776.44

[1;1H[2J
Get Statistics
Type     Time(s)  Ops          TPS(ops/s)   Net(M/s)   Get_miss   Min(us)  Max(us)    Avg(us)    Std_dev    Geo_dist  
Period   1        23144        23144        3.1        0          223      50222      4120       3938.08    2718.49
Global   29       649220       22386        3.2        0          194      155625     4253       4693.59    2772.76

Set Statistics
Type     Time(s)  Ops          TPS(ops/s)   Net(M/s)   Get_miss   Min(us)  Max(us)    Avg(us)    Std_dev    Geo_dist  
Period   1        237          237          0.0        0          396      26925      4249       3851.19    2800.99
Global   29       6606         227          0.0        0          336      78770      4464       4464.64    2938.36

Total Statistics
Type     Time(s)  Ops          TPS(ops/s)   Net(M/s)   Get_miss   Min(us)  Max(us)    Avg(us)    Std_dev    Geo_dist  
Period   1        23385        23385        3.1        0          223      50222      4121       3936.88    2719.24
Global   29       655830       22614        3.2        0          194      155625     4255       4691.48    2774.38

[1;1H[2J
Get Statistics
Type     Time(s)  Ops          TPS(ops/s)   Net(M/s)   Get_miss   Min(us)  Max(us)    Avg(us)    Std_dev    Geo_dist  
Period   1        21502        21502        3.1        0          295      57491      4418       4193.76    2926.66
Global   30       670722       22357        3.0        0          194      155625     4259       4677.84    2777.66

Set Statistics
Type     Time(s)  Ops          TPS(ops/s)   Net(M/s)   Get_miss   Min(us)  Max(us)    Avg(us)    Std_dev    Geo_dist  
Period   1        217          217          0.0        0          423      31928      4534       4244.08    2878.44
Global   30       6823         227          0.0        0          336      78770      4467       4456.83    2939.76

Total Statistics
Type     Time(s)  Ops          TPS(ops/s)   Net(M/s)   Get_miss   Min(us)  Max(us)    Avg(us)    Std_dev    Geo_dist  
Period   1        21737        21737        3.1        0          295      57491      4421       4193.36    2932.14
Global   30       677567       22585        3.0        0          194      155625     4261       4675.79    2779.31

[1;1H[2J
Get Statistics
Type     Time(s)  Ops          TPS(ops/s)   Net(M/s)   Get_miss   Min(us)  Max(us)    Avg(us)    Std_dev    Geo_dist  
Period   1        21264        21264        3.1        0          265      67306      4479       5428.91    2917.40
Global   31       691986       22322        2.9        0          194      155625     4265       4703.55    2781.89

Set Statistics
Type     Time(s)  Ops          TPS(ops/s)   Net(M/s)   Get_miss   Min(us)  Max(us)    Avg(us)    Std_dev    Geo_dist  
Period   1        211          211          0.0        0          649      31230      4234       4067.49    2882.70
Global   31       7034         226          0.0        0          336      78770      4460       4445.57    2938.04

Total Statistics
Type     Time(s)  Ops          TPS(ops/s)   Net(M/s)   Get_miss   Min(us)  Max(us)    Avg(us)    Std_dev    Geo_dist  
Period   1        21455        21455        3.1        0          265      67306      4475       5419.74    2915.90
Global   31       699022       22549        2.9        0          194      155625     4267       4701.04    2783.43

[1;1H[2J
Get Statistics
Type     Time(s)  Ops          TPS(ops/s)   Net(M/s)   Get_miss   Min(us)  Max(us)    Avg(us)    Std_dev    Geo_dist  
Period   1        21232        21232        3.1        0          309      43617      4466       4155.13    3025.82
Global   32       713218       22288        2.9        0          194      155625     4271       4688.27    2788.90

Set Statistics
Type     Time(s)  Ops          TPS(ops/s)   Net(M/s)   Get_miss   Min(us)  Max(us)    Avg(us)    Std_dev    Geo_dist  
Period   1        218          218          0.0        0          466      32698      4822       4365.70    3347.11
Global   32       7252         226          0.0        0          336      78770      4471       4443.20    2949.57

Total Statistics
Type     Time(s)  Ops          TPS(ops/s)   Net(M/s)   Get_miss   Min(us)  Max(us)    Avg(us)    Std_dev    Geo_dist  
Period   1        21448        21448        3.1        0          309      43617      4470       4157.01    3029.91
Global   32       720470       22514        2.9        0          194      155625     4273       4685.92    2790.47

[1;1H[2J
Get Statistics
Type     Time(s)  Ops          TPS(ops/s)   Net(M/s)   Get_miss   Min(us)  Max(us)    Avg(us)    Std_dev    Geo_dist  
Period   1        19999        19999        3.1        0          268      85570      4753       4978.69    3090.07
Global   33       733217       22218        2.7        0          194      155625     4284       4697.21    2796.71

Set Statistics
Type     Time(s)  Ops          TPS(ops/s)   Net(M/s)   Get_miss   Min(us)  Max(us)    Avg(us)    Std_dev    Geo_dist  
Period   1        204          204          0.0        0          628      26817      5007       4248.62    3410.34
Global   33       7456         225          0.0        0          336      78770      4485       4439.25    2961.31

Total Statistics
Type     Time(s)  Ops          TPS(ops/s)   Net(M/s)   Get_miss   Min(us)  Max(us)    Avg(us)    Std_dev    Geo_dist  
Period   1        20203        20203        3.1        0          268      85570      4755       4972.37    3093.15
Global   33       740673       22444        2.8        0          194      155625     4286       4694.75    2798.32

[1;1H[2J
Get Statistics
Type     Time(s)  Ops          TPS(ops/s)   Net(M/s)   Get_miss   Min(us)  Max(us)    Avg(us)    Std_dev    Geo_dist  
Period   1        21066        21066        3.0        0          286      64820      4470       4074.28    3021.13
Global   34       754283       22184        2.9        0          194      155625     4290       4680.30    2802.74

Set Statistics
Type     Time(s)  Ops          TPS(ops/s)   Net(M/s)   Get_miss   Min(us)  Max(us)    Avg(us)    Std_dev    Geo_dist  
Period   1        211          211          0.0        0          567      33538      4740       4383.52    3225.45
Global   34       7667         225          0.0        0          336      78770      4492       4437.66    2968.28

Total Statistics
Type     Time(s)  Ops          TPS(ops/s)   Net(M/s)   Get_miss   Min(us)  Max(us)    Avg(us)    Std_dev    Geo_dist  
Period   1        21281        21281        3.1        0          286      64820      4473       4078.35    3023.75
Global   34       761954       22410        2.9        0          194      155625     4292       4678.02    2804.38

[1;1H[2J
Get Statistics
Type     Time(s)  Ops          TPS(ops/s)   Net(M/s)   Get_miss   Min(us)  Max(us)    Avg(us)    Std_dev    Geo_dist  
Period   1        20672        20672        3.0        0          251      90000      4641       6683.27    3022.98
Global   35       774955       22141        2.8        0          194      155625     4299       4745.43    2808.54

Set Statistics
Type     Time(s)  Ops          TPS(ops/s)   Net(M/s)   Get_miss   Min(us)  Max(us)    Avg(us)    Std_dev    Geo_dist  
Period   1        205          205          0.0        0          421      12297      4240       3222.45    3067.27
Global   35       7872         224          0.0        0          336      78770      4486       4409.72    2970.82

Total Statistics
Type     Time(s)  Ops          TPS(ops/s)   Net(M/s)   Get_miss   Min(us)  Max(us)    Avg(us)    Std_dev    Geo_dist  
Period   1        20882        20882        3.1        0          251      90000      4637       6656.76    3026.09
Global   35       782836       22366        2.9        0          194      155625     4301       4742.05    2810.11

[1;1H[2J
Get Statistics
Type     Time(s)  Ops          TPS(ops/s)   Net(M/s)   Get_miss   Min(us)  Max(us)    Avg(us)    Std_dev    Geo_dist  
Period   1        22270        22270        3.0        0          259      37019      4244       3900.82    2752.34
Global   36       797225       22145        3.1        0          194      155625     4298       4723.41    2807.19

Set Statistics
Type     Time(s)  Ops          TPS(ops/s)   Net(M/s)   Get_miss   Min(us)  Max(us)    Avg(us)    Std_dev    Geo_dist  
Period   1        230          230          0.0        0          518      45013      4351       4684.14    2775.73
Global   36       8102         225          0.0        0          336      78770      4482       4417.67    2965.09

Total Statistics
Type     Time(s)  Ops          TPS(ops/s)   Net(M/s)   Get_miss   Min(us)  Max(us)    Avg(us)    Std_dev    Geo_dist  
Period   1        22491        22491        3.1        0          259      45013      4246       3910.22    2760.45
Global   36       805327       22370        3.1        0          194      155625     4299       4721.24    2808.74

[1;1H[2J
Get Statistics
Type     Time(s)  Ops          TPS(ops/s)   Net(M/s)   Get_miss   Min(us)  Max(us)    Avg(us)    Std_dev    Geo_dist  
Period   1        21855        21855        3.0        0          251      54465      4330       4301.33    2778.34
Global   37       819080       22137        3.0        0          194      155625     4298       4713.42    2806.42

Set Statistics
Type     Time(s)  Ops          TPS(ops/s)   Net(M/s)   Get_miss   Min(us)  Max(us)    Avg(us)    Std_dev    Geo_dist  
Period   1        222          222          0.0        0          474      29255      4727       4810.24    2933.42
Global   37       8324         224          0.0        0          336      78770      4489       4427.98    2964.24

Total Statistics
Type     Time(s)  Ops          TPS(ops/s)   Net(M/s)   Get_miss   Min(us)  Max(us)    Avg(us)    Std_dev    Geo_dist  
Period   1        22077        22077        3.1        0          251      54465      4334       4306.80    2779.86
Global   37       827404       22362        3.0        0          194      155625     4300       4710.60    2807.96

[1;1H[2J
Get Statistics
Type     Time(s)  Ops          TPS(ops/s)   Net(M/s)   Get_miss   Min(us)  Max(us)    Avg(us)    Std_dev    Geo_dist  
Period   1        23426        23426        3.0        0          241      41434      4056       3866.05    2594.05
Global   38       842506       22171        3.2        0          194      155625     4292       4691.43    2800.28

Set Statistics
Type     Time(s)  Ops          TPS(ops/s)   Net(M/s)   Get_miss   Min(us)  Max(us)    Avg(us)    Std_dev    Geo_dist  
Period   1        229          229          0.0        0          419      28468      4556       4549.30    2829.18
Global   38       8553         225          0.0        0          336      78770      4490       4431.81    2960.55

Total Statistics
Type     Time(s)  Ops          TPS(ops/s)   Net(M/s)   Get_miss   Min(us)  Max(us)    Avg(us)    Std_dev    Geo_dist  
Period   1        23655        23655        3.1        0          241      41434      4061       3873.28    2596.23
Global   38       851059       22396        3.2        0          194      155625     4294       4688.92    2801.85

[1;1H[2J
Get Statistics
Type     Time(s)  Ops          TPS(ops/s)   Net(M/s)   Get_miss   Min(us)  Max(us)    Avg(us)    Std_dev    Geo_dist  
Period   1        23496        23496        3.0        0          256      34922      4050       3749.49    2596.83
Global   39       866002       22205        3.2        0          194      155625     4285       4668.94    2794.56

Set Statistics
Type     Time(s)  Ops          TPS(ops/s)   Net(M/s)   Get_miss   Min(us)  Max(us)    Avg(us)    Std_dev    Geo_dist  
Period   1        243          243          0.0        0          335      23412      4295       4051.64    2707.76
Global   39       8796         225          0.0        0          335      78770      4485       4421.26    2953.25

Total Statistics
Type     Time(s)  Ops          TPS(ops/s)   Net(M/s)   Get_miss   Min(us)  Max(us)    Avg(us)    Std_dev    Geo_dist  
Period   1        23739        23739        3.1        0          256      34922      4053       3752.17    2597.95
Global   39       874798       22430        3.3        0          194      155625     4287       4666.57    2796.11

[1;1H[2J
Get Statistics
Type     Time(s)  Ops          TPS(ops/s)   Net(M/s)   Get_miss   Min(us)  Max(us)    Avg(us)    Std_dev    Geo_dist  
Period   1        23544        23544        3.1        0          260      58466      4030       3902.49    2571.36
Global   40       889546       22238        3.2        0          194      155625     4278       4650.69    2788.41

Set Statistics
Type     Time(s)  Ops          TPS(ops/s)   Net(M/s)   Get_miss   Min(us)  Max(us)    Avg(us)    Std_dev    Geo_dist  
Period   1        236          236          0.0        0          441      13889      3984       3412.87    2639.65
Global   40       9032         225          0.0        0          335      78770      4472       4398.34    2944.60

Total Statistics
Type     Time(s)  Ops          TPS(ops/s)   Net(M/s)   Get_miss   Min(us)  Max(us)    Avg(us)    Std_dev    Geo_dist  
Period   1        23780        23780        3.1        0          260      58466      4029       3898.44    2572.03
Global   40       898578       22464        3.3        0          194      155625     4280       4648.22    2789.94

[1;1H[2J
Get Statistics
Type     Time(s)  Ops          TPS(ops/s)   Net(M/s)   Get_miss   Min(us)  Max(us)    Avg(us)    Std_dev    Geo_dist  
Period   1        23446        23446        3.1        0          191      75670      4039       3812.12    2719.97
Global   41       912992       22268        3.2        0          191      155625     4272       4631.08    2786.63

Set Statistics
Type     Time(s)  Ops          TPS(ops/s)   Net(M/s)   Get_miss   Min(us)  Max(us)    Avg(us)    Std_dev    Geo_dist  
Period   1        236          236          0.0        0          404      17098      3833       3123.59    2706.80
Global   41       9268         226          0.0        0          335      78770      4456       4371.25    2938.30

Total Statistics
Type     Time(s)  Ops          TPS(ops/s)   Net(M/s)   Get_miss   Min(us)  Max(us)    Avg(us)    Std_dev    Geo_dist  
Period   1        23682        23682        3.1        0          191      75670      4037       3805.82    2719.84
Global   41       922260       22494        3.3        0          191      155625     4274       4628.44    2788.11

[1;1H[2J
Get Statistics
Type     Time(s)  Ops          TPS(ops/s)   Net(M/s)   Get_miss   Min(us)  Max(us)    Avg(us)    Std_dev    Geo_dist  
Period   1        23051        23051        3.1        0          275      49628      4089       3728.65    2709.62
Global   42       936043       22286        3.2        0          191      155625     4268       4610.60    2784.71

Set Statistics
Type     Time(s)  Ops          TPS(ops/s)   Net(M/s)   Get_miss   Min(us)  Max(us)    Avg(us)    Std_dev    Geo_dist  
Period   1        232          232          0.0        0          453      49541      4718       5626.01    2959.77
Global   42       9500         226          0.0        0          335      78770      4462       4406.37    2938.82

Total Statistics
Type     Time(s)  Ops          TPS(ops/s)   Net(M/s)   Get_miss   Min(us)  Max(us)    Avg(us)    Std_dev    Geo_dist  
Period   1        23285        23285        3.1        0          275      49628      4095       3753.15    2712.23
Global   42       945545       22512        3.2        0          191      155625     4270       4608.58    2786.22

[1;1H[2J
Get Statistics
Type     Time(s)  Ops          TPS(ops/s)   Net(M/s)   Get_miss   Min(us)  Max(us)    Avg(us)    Std_dev    Geo_dist  
Period   1        23915        23915        3.1        0          230      45352      3929       3693.83    2525.77
Global   43       959958       22324        3.3        0          191      155625     4259       4590.80    2777.97

Set Statistics
Type     Time(s)  Ops          TPS(ops/s)   Net(M/s)   Get_miss   Min(us)  Max(us)    Avg(us)    Std_dev    Geo_dist  
Period   1        240          240          0.0        0          461      23418      4294       3827.94    2812.96
Global   43       9740         226          0.0        0          335      78770      4458       4392.80    2935.65

Total Statistics
Type     Time(s)  Ops          TPS(ops/s)   Net(M/s)   Get_miss   Min(us)  Max(us)    Avg(us)    Std_dev    Geo_dist  
Period   1        24155        24155        3.1        0          230      45352      3933       3694.90    2529.41
Global   43       969700       22551        3.3        0          191      155625     4261       4588.90    2779.52

[1;1H[2J
Get Statistics
Type     Time(s)  Ops          TPS(ops/s)   Net(M/s)   Get_miss   Min(us)  Max(us)    Avg(us)    Std_dev    Geo_dist  
Period   1        23905        23905        3.1        0          222      72764      3910       3885.93    2567.29
Global   44       983863       22360        3.3        0          191      155625     4251       4574.84    2772.70

Set Statistics
Type     Time(s)  Ops          TPS(ops/s)   Net(M/s)   Get_miss   Min(us)  Max(us)    Avg(us)    Std_dev    Geo_dist  
Period   1        246          246          0.0        0          253      18561      4255       3512.70    2868.57
Global   44       9986         226          0.0        0          253      78770      4453       4373.21    2933.98

Total Statistics
Type     Time(s)  Ops          TPS(ops/s)   Net(M/s)   Get_miss   Min(us)  Max(us)    Avg(us)    Std_dev    Geo_dist  
Period   1        24151        24151        3.1        0          222      72764      3914       3882.06    2571.11
Global   44       993851       22587        3.3        0          191      155625     4253       4572.93    2774.28

[1;1H[2J
Get Statistics
Type     Time(s)  Ops          TPS(ops/s)   Net(M/s)   Get_miss   Min(us)  Max(us)    Avg(us)    Std_dev    Geo_dist  
Period   1        22645        22645        3.1        0          243      67550      4227       3828.59    2772.74
Global   45       1006508      22366        3.1        0          191      155625     4250       4559.83    2772.73

Set Statistics
Type     Time(s)  Ops          TPS(ops/s)   Net(M/s)   Get_miss   Min(us)  Max(us)    Avg(us)    Std_dev    Geo_dist  
Period   1        223          223          0.0        0          501      18979      3930       3545.37    2590.03
Global   45       10209        226          0.0        0          253      78770      4441       4357.93    2926.00

Total Statistics
Type     Time(s)  Ops          TPS(ops/s)   Net(M/s)   Get_miss   Min(us)  Max(us)    Avg(us)    Std_dev    Geo_dist  
Period   1        22866        22866        3.1        0          243      67550      4225       3825.12    2771.75
Global   45       1016717      22593        3.1        0          191      155625     4252       4557.81    2774.23

[1;1H[2J
Get Statistics
Type     Time(s)  Ops          TPS(ops/s)   Net(M/s)   Get_miss   Min(us)  Max(us)    Avg(us)    Std_dev    Geo_dist  
Period   1        24126        24126        3.1        0          231      92672      3934       4019.88    2517.65
Global   46       1030634      22405        3.3        0          191      155625     4243       4547.80    2766.47

Set Statistics
Type     Time(s)  Ops          TPS(ops/s)   Net(M/s)   Get_miss   Min(us)  Max(us)    Avg(us)    Std_dev    Geo_dist  
Period   1        255          255          0.0        0          341      30733      4287       4185.05    2686.35
Global   46       10464        227          0.0        0          253      78770      4438       4352.90    2919.91

Total Statistics
Type     Time(s)  Ops          TPS(ops/s)   Net(M/s)   Get_miss   Min(us)  Max(us)    Avg(us)    Std_dev    Geo_dist  
Period   1        24383        24383        3.1        0          231      92672      3938       4021.56    2519.57
Global   46       1041100      22632        3.3        0          191      155625     4245       4545.89    2767.98

[1;1H[2J
Get Statistics
Type     Time(s)  Ops          TPS(ops/s)   Net(M/s)   Get_miss   Min(us)  Max(us)    Avg(us)    Std_dev    Geo_dist  
Period   1        23057        23057        3.1        0          285      43414      4133       3758.73    2698.89
Global   47       1053691      22418        3.2        0          191      155625     4240       4532.59    2765.00

Set Statistics
Type     Time(s)  Ops          TPS(ops/s)   Net(M/s)   Get_miss   Min(us)  Max(us)    Avg(us)    Std_dev    Geo_dist  
Period   1        230          230          0.0        0          484      31683      4208       3839.91    2801.42
Global   47       10694        227          0.0        0          253      78770      4433       4342.53    2917.31

Total Statistics
Type     Time(s)  Ops          TPS(ops/s)   Net(M/s)   Get_miss   Min(us)  Max(us)    Avg(us)    Std_dev    Geo_dist  
Period   1        23287        23287        3.1        0          285      43414      4133       3759.84    2699.66
Global   47       1064387      22646        3.2        0          191      155625     4242       4530.70    2766.49

[1;1H[2J
Get Statistics
Type     Time(s)  Ops          TPS(ops/s)   Net(M/s)   Get_miss   Min(us)  Max(us)    Avg(us)    Std_dev    Geo_dist  
Period   1        23252        23252        3.1        0          263      46700      4040       3623.36    2695.26
Global   48       1076943      22436        3.2        0          191      155625     4236       4514.69    2763.49

Set Statistics
Type     Time(s)  Ops          TPS(ops/s)   Net(M/s)   Get_miss   Min(us)  Max(us)    Avg(us)    Std_dev    Geo_dist  
Period   1        232          232          0.0        0          485      20748      4174       3698.99    2815.98
Global   48       10926        227          0.0        0          253      78770      4427       4330.38    2915.12

Total Statistics
Type     Time(s)  Ops          TPS(ops/s)   Net(M/s)   Get_miss   Min(us)  Max(us)    Avg(us)    Std_dev    Geo_dist  
Period   1        23482        23482        3.1        0          263      46700      4041       3624.51    2693.67
Global   48       1087869      22663        3.2        0          191      155625     4238       4512.84    2764.98

[1;1H[2J
Get Statistics
Type     Time(s)  Ops          TPS(ops/s)   Net(M/s)   Get_miss   Min(us)  Max(us)    Avg(us)    Std_dev    Geo_dist  
Period   1        23585        23585        3.1        0          268      68861      4034       3839.64    2613.93
Global   49       1100528      22459        3.2        0          191      155625     4232       4501.07    2760.20

Set Statistics
Type     Time(s)  Ops          TPS(ops/s)   Net(M/s)   Get_miss   Min(us)  Max(us)    Avg(us)    Std_dev    Geo_dist  
Period   1        235          235          0.0        0          537      22853      4286       3641.66    2896.52
Global   49       11161        227          0.0        0          253      78770      4424       4316.95    2914.73

Total Statistics
Type     Time(s)  Ops          TPS(ops/s)   Net(M/s)   Get_miss   Min(us)  Max(us)    Avg(us)    Std_dev    Geo_dist  
Period   1        23822        23822        3.1        0          268      68861      4037       3837.37    2616.79
Global   49       1111691      22687        3.3        0          191      155625     4234       4499.23    2761.71

[1;1H[2J
Get Statistics
Type     Time(s)  Ops          TPS(ops/s)   Net(M/s)   Get_miss   Min(us)  Max(us)    Avg(us)    Std_dev    Geo_dist  
Period   1        23900        23900        3.1        0          204      64741      3977       3629.12    2643.86
Global   50       1124428      22488        3.3        0          191      155625     4226       4485.00    2757.70

Set Statistics
Type     Time(s)  Ops          TPS(ops/s)   Net(M/s)   Get_miss   Min(us)  Max(us)    Avg(us)    Std_dev    Geo_dist  
Period   1        248          248          0.0        0          399      21062      3981       3610.53    2648.81
Global   50       11409        228          0.0        0          253      78770      4415       4302.54    2908.68

Total Statistics
Type     Time(s)  Ops          TPS(ops/s)   Net(M/s)   Get_miss   Min(us)  Max(us)    Avg(us)    Std_dev    Geo_dist  
Period   1        24146        24146        3.1        0          204      64741      3977       3628.96    2644.67
Global   50       1135837      22716        3.3        0          191      155625     4228       4483.14    2759.17

[1;1H[2J
Get Statistics
Type     Time(s)  Ops          TPS(ops/s)   Net(M/s)   Get_miss   Min(us)  Max(us)    Avg(us)    Std_dev    Geo_dist  
Period   1        23072        23072        3.1        0          250      51997      4121       3820.81    2686.22
Global   51       1147500      22500        3.2        0          191      155625     4224       4472.53    2756.24

Set Statistics
Type     Time(s)  Ops          TPS(ops/s)   Net(M/s)   Get_miss   Min(us)  Max(us)    Avg(us)    Std_dev    Geo_dist  
Period   1        225          225          0.0        0          568      34208      4569       3881.81    3067.92
Global   51       11634        228          0.0        0          253      78770      4418       4294.67    2911.68

Total Statistics
Type     Time(s)  Ops          TPS(ops/s)   Net(M/s)   Get_miss   Min(us)  Max(us)    Avg(us)    Std_dev    Geo_dist  
Period   1        23297        23297        3.1        0          250      51997      4125       3821.92    2689.67
Global   51       1159134      22728        3.2        0          191      155625     4226       4470.77    2757.76

[1;1H[2J
Get Statistics
Type     Time(s)  Ops          TPS(ops/s)   Net(M/s)   Get_miss   Min(us)  Max(us)    Avg(us)    Std_dev    Geo_dist  
Period   1        23814        23814        3.1        0          248      42437      3975       3624.23    2632.18
Global   52       1171314      22525        3.3        0          191      155625     4219       4456.97    2753.66

Set Statistics
Type     Time(s)  Ops          TPS(ops/s)   Net(M/s)   Get_miss   Min(us)  Max(us)    Avg(us)    Std_dev    Geo_dist  
Period   1        245          245          0.0        0          297      19928      4033       3322.64    2717.22
Global   52       11879        228          0.0        0          253      78770      4410       4277.15    2907.53

Total Statistics
Type     Time(s)  Ops          TPS(ops/s)   Net(M/s)   Get_miss   Min(us)  Max(us)    Avg(us)    Std_dev    Geo_dist  
Period   1        24059        24059        3.1        0          248      42437      3975       3621.88    2633.03
Global   52       1183193      22753        3.3        0          191      155625     4221       4455.16    2755.16

[1;1H[2J
Get Statistics
Type     Time(s)  Ops          TPS(ops/s)   Net(M/s)   Get_miss   Min(us)  Max(us)    Avg(us)    Std_dev    Geo_dist  
Period   1        23947        23947        3.1        0          249      29915      3949       3599.98    2552.49
Global   53       1195261      22552        3.3        0          191      155625     4214       4441.20    2749.48

Set Statistics
Type     Time(s)  Ops          TPS(ops/s)   Net(M/s)   Get_miss   Min(us)  Max(us)    Avg(us)    Std_dev    Geo_dist  
Period   1        238          238          0.0        0          413      24257      4283       3798.91    2820.22
Global   53       12117        228          0.0        0          253      78770      4407       4268.70    2905.79

Total Statistics
Type     Time(s)  Ops          TPS(ops/s)   Net(M/s)   Get_miss   Min(us)  Max(us)    Avg(us)    Std_dev    Geo_dist  
Period   1        24185        24185        3.1        0          249      29915      3952       3602.37    2554.99
Global   53       1207378      22780        3.3        0          191      155625     4216       4439.48    2751.00

[1;1H[2J
Get Statistics
Type     Time(s)  Ops          TPS(ops/s)   Net(M/s)   Get_miss   Min(us)  Max(us)    Avg(us)    Std_dev    Geo_dist  
Period   1        23794        23794        3.1        0          303      37530      3999       3731.65    2568.42
Global   54       1219055      22575        3.3        0          191      155625     4210       4428.35    2745.82

Set Statistics
Type     Time(s)  Ops          TPS(ops/s)   Net(M/s)   Get_miss   Min(us)  Max(us)    Avg(us)    Std_dev    Geo_dist  
Period   1        242          242          0.0        0          417      12986      4642       3594.40    3157.51
Global   54       12359        228          0.0        0          253      78770      4412       4256.10    2910.52

Total Statistics
Type     Time(s)  Ops          TPS(ops/s)   Net(M/s)   Get_miss   Min(us)  Max(us)    Avg(us)    Std_dev    Geo_dist  
Period   1        24038        24038        3.1        0          303      37530      4005       3730.97    2573.64
Global   54       1231416      22804        3.3        0          191      155625     4212       4426.72    2747.43

[1;1H[2J
Get Statistics
Type     Time(s)  Ops          TPS(ops/s)   Net(M/s)   Get_miss   Min(us)  Max(us)    Avg(us)    Std_dev    Geo_dist  
Period   1        24167        24167        3.1        0          267      56626      3936       3830.90    2572.71
Global   55       1243222      22604        3.3        0          191      155625     4204       4418.31    2742.38

Set Statistics
Type     Time(s)  Ops          TPS(ops/s)   Net(M/s)   Get_miss   Min(us)  Max(us)    Avg(us)    Std_dev    Geo_dist  
Period   1        251          251          0.0        0          335      55703      4248       4618.95    2823.04
Global   55       12610        229          0.0        0          253      78770      4409       4263.22    2908.75

Total Statistics
Type     Time(s)  Ops          TPS(ops/s)   Net(M/s)   Get_miss   Min(us)  Max(us)    Avg(us)    Std_dev    Geo_dist  
Period   1        24418        24418        3.1        0          267      56626      3940       3839.53    2577.03
Global   55       1255834      22833        3.4        0          191      155625     4206       4416.88    2744.01

[1;1H[2J
Get Statistics
Type     Time(s)  Ops          TPS(ops/s)   Net(M/s)   Get_miss   Min(us)  Max(us)    Avg(us)    Std_dev    Geo_dist  
Period   1        24381        24381        3.1        0          245      48552      3919       3519.41    2599.01
Global   56       1267603      22635        3.3        0          191      155625     4199       4402.47    2739.57

Set Statistics
Type     Time(s)  Ops          TPS(ops/s)   Net(M/s)   Get_miss   Min(us)  Max(us)    Avg(us)    Std_dev    Geo_dist  
Period   1        241          241          0.0        0          483      18407      3914       3557.08    2588.84
Global   56       12851        229          0.0        0          253      78770      4399       4252.21    2902.40

Total Statistics
Type     Time(s)  Ops          TPS(ops/s)   Net(M/s)   Get_miss   Min(us)  Max(us)    Avg(us)    Std_dev    Geo_dist  
Period   1        24624        24624        3.1        0          245      48552      3920       3518.87    2600.01
Global   56       1280458      22865        3.4        0          191      155625     4201       4401.04    2741.17

[1;1H[2J
Get Statistics
Type     Time(s)  Ops          TPS(ops/s)   Net(M/s)   Get_miss   Min(us)  Max(us)    Avg(us)    Std_dev    Geo_dist  
Period   1        22546        22546        3.1        0          264      62327      4199       5013.39    2628.00
Global   57       1290149      22634        3.1        0          191      155625     4199       4413.88    2737.66

Set Statistics
Type     Time(s)  Ops          TPS(ops/s)   Net(M/s)   Get_miss   Min(us)  Max(us)    Avg(us)    Std_dev    Geo_dist  
Period   1        227          227          0.0        0          405      31951      4240       4125.15    2722.75
Global   57       13078        229          0.0        0          253      78770      4396       4250.18    2899.19

Total Statistics
Type     Time(s)  Ops          TPS(ops/s)   Net(M/s)   Get_miss   Min(us)  Max(us)    Avg(us)    Std_dev    Geo_dist  
Period   1        22771        22771        3.1        0          264      62327      4200       5005.33    2632.66
Global   57       1303229      22863        3.1        0          191      155625     4201       4412.29    2739.23

[1;1H[2J
Get Statistics
Type     Time(s)  Ops          TPS(ops/s)   Net(M/s)   Get_miss   Min(us)  Max(us)    Avg(us)    Std_dev    Geo_dist  
Period   1        23983        23983        3.1        0          235      62205      3980       3856.97    2512.56
Global   58       1314132      22657        3.3        0          191      155625     4195       4404.45    2733.39

Set Statistics
Type     Time(s)  Ops          TPS(ops/s)   Net(M/s)   Get_miss   Min(us)  Max(us)    Avg(us)    Std_dev    Geo_dist  
Period   1        245          245          0.0        0          311      26711      4429       3963.45    2842.16
Global   58       13323        229          0.0        0          253      78770      4397       4244.54    2898.13

Total Statistics
Type     Time(s)  Ops          TPS(ops/s)   Net(M/s)   Get_miss   Min(us)  Max(us)    Avg(us)    Std_dev    Geo_dist  
Period   1        24227        24227        3.1        0          235      62205      3985       3858.46    2516.66
Global   58       1327456      22887        3.3        0          191      155625     4197       4402.95    2735.00

[1;1H[2J
Get Statistics
Type     Time(s)  Ops          TPS(ops/s)   Net(M/s)   Get_miss   Min(us)  Max(us)    Avg(us)    Std_dev    Geo_dist  
Period   1        23526        23526        3.1        0          262      43704      4019       3685.55    2572.86
Global   59       1337658      22672        3.2        0          191      155625     4192       4392.80    2730.50

Set Statistics
Type     Time(s)  Ops          TPS(ops/s)   Net(M/s)   Get_miss   Min(us)  Max(us)    Avg(us)    Std_dev    Geo_dist  
Period   1        233          233          0.0        0          510      23610      3829       3409.50    2518.11
Global   59       13556        229          0.0        0          253      78770      4387       4232.37    2891.13

Total Statistics
Type     Time(s)  Ops          TPS(ops/s)   Net(M/s)   Get_miss   Min(us)  Max(us)    Avg(us)    Std_dev    Geo_dist  
Period   1        23760        23760        3.1        0          262      43704      4017       3682.91    2572.99
Global   59       1351216      22901        3.3        0          191      155625     4194       4391.22    2732.06

[1;1H[2J
Get Statistics
Type     Time(s)  Ops          TPS(ops/s)   Net(M/s)   Get_miss   Min(us)  Max(us)    Avg(us)    Std_dev    Geo_dist  
Period   1        23018        23018        3.1        0          217      36773      4070       3717.66    2593.71
Global   60       1360676      22677        3.2        0          191      155625     4190       4382.21    2728.14

Set Statistics
Type     Time(s)  Ops          TPS(ops/s)   Net(M/s)   Get_miss   Min(us)  Max(us)    Avg(us)    Std_dev    Geo_dist  
Period   1        239          239          0.0        0          589      20371      4214       3769.27    2739.48
Global   60       13795        229          0.0        0          253      78770      4384       4224.72    2888.44

Total Statistics
Type     Time(s)  Ops          TPS(ops/s)   Net(M/s)   Get_miss   Min(us)  Max(us)    Avg(us)    Std_dev    Geo_dist  
Period   1        23256        23256        3.1        0          217      36773      4071       3719.15    2593.91
Global   60       1374472      22907        3.2        0          191      155625     4192       4380.65    2729.71

Get Statistics (1360773 events)
   Min:       191
   Max:    155625
   Avg:      4190
   Geo:   2728.38
   Std:   4384.49
   Log2 Dist:
       8:       71    11796   218913   406967
      12:   202140   334092   173047    11437
      16:     1791      423       96

Set Statistics (13795 events)
   Min:       253
   Max:     78770
   Avg:      4384
   Geo:   2888.44
   Std:   4224.72
   Log2 Dist:
       8:        1       74     1973     4118
      12:     2048     3474     1959      123
      16:       21        4

Total Statistics (1374568 events)
   Min:       191
   Max:    155625
   Avg:      4192
   Geo:   2729.95
   Std:   4382.91
   Log2 Dist:
       8:       72    11870   220886   411085
      12:   204188   337566   175006    11560
      16:     1812      427       96

cmd_get: 1360868
cmd_set: 13796
get_misses: 0
written_bytes: 32144206
read_bytes: 224637905
object_bytes: 1986624

Run time: 60.6s Ops: 1374664 TPS: 22689 Net_rate: 4.0M/s
