servers : 10.0.0.7:9000
threads count: 12
concurrency: 12
run time: 60s
windows size: 10k
set proportion: set_prop=0.01
get proportion: get_prop=0.99
[1;1H[2J
Get Statistics
Type     Time(s)  Ops          TPS(ops/s)   Net(M/s)   Get_miss   Min(us)  Max(us)    Avg(us)    Std_dev    Geo_dist  
Period   1        11846        11846        1.6        0          208      9620       1006       804.16     847.83
Global   1        11846        11846        1.6        0          208      9620       1006       804.16     847.83

Set Statistics
Type     Time(s)  Ops          TPS(ops/s)   Net(M/s)   Get_miss   Min(us)  Max(us)    Avg(us)    Std_dev    Geo_dist  
Period   1        127          127          0.0        0          194      2873       900        425.75     820.01
Global   1        127          127          0.0        0          194      2873       900        425.75     820.01

Total Statistics
Type     Time(s)  Ops          TPS(ops/s)   Net(M/s)   Get_miss   Min(us)  Max(us)    Avg(us)    Std_dev    Geo_dist  
Period   1        11974        11974        1.6        0          194      9620       1005       803.52     847.68
Global   1        11974        11974        1.6        0          194      9620       1005       803.52     847.68

[1;1H[2J
Get Statistics
Type     Time(s)  Ops          TPS(ops/s)   Net(M/s)   Get_miss   Min(us)  Max(us)    Avg(us)    Std_dev    Geo_dist  
Period   1        11647        11647        1.6        0          181      10910      1029       867.57     866.51
Global   2        23493        11746        1.6        0          181      10910      1017       838.02     857.36

Set Statistics
Type     Time(s)  Ops          TPS(ops/s)   Net(M/s)   Get_miss   Min(us)  Max(us)    Avg(us)    Std_dev    Geo_dist  
Period   1        116          116          0.0        0          328      7447       1077       985.40     894.48
Global   2        243          121          0.0        0          194      7447       984        751.42     854.75

Total Statistics
Type     Time(s)  Ops          TPS(ops/s)   Net(M/s)   Get_miss   Min(us)  Max(us)    Avg(us)    Std_dev    Geo_dist  
Period   1        11762        11762        1.6        0          181      10910      1029       869.43     867.28
Global   2        23736        11868        1.6        0          181      10910      1017       836.77     857.33

[1;1H[2J
Get Statistics
Type     Time(s)  Ops          TPS(ops/s)   Net(M/s)   Get_miss   Min(us)  Max(us)    Avg(us)    Std_dev    Geo_dist  
Period   1        12069        12069        1.6        0          169      7844       988        742.41     832.88
Global   3        35562        11854        1.7        0          169      10910      1007       807.15     848.97

Set Statistics
Type     Time(s)  Ops          TPS(ops/s)   Net(M/s)   Get_miss   Min(us)  Max(us)    Avg(us)    Std_dev    Geo_dist  
Period   1        122          122          0.0        0          287      7844       1121       1077.86    875.30
Global   3        365          121          0.0        0          194      7844       1030       874.84     861.56

Total Statistics
Type     Time(s)  Ops          TPS(ops/s)   Net(M/s)   Get_miss   Min(us)  Max(us)    Avg(us)    Std_dev    Geo_dist  
Period   1        12192        12192        1.6        0          169      7844       989        747.07     833.34
Global   3        35928        11976        1.7        0          169      10910      1008       806.92     849.12

[1;1H[2J
Get Statistics
Type     Time(s)  Ops          TPS(ops/s)   Net(M/s)   Get_miss   Min(us)  Max(us)    Avg(us)    Std_dev    Geo_dist  
Period   1        12119        12119        1.6        0          166      8512       984        907.66     807.52
Global   4        47681        11920        1.7        0          166      10910      1001       834.12     838.37

Set Statistics
Type     Time(s)  Ops          TPS(ops/s)   Net(M/s)   Get_miss   Min(us)  Max(us)    Avg(us)    Std_dev    Geo_dist  
Period   1        122          122          0.0        0          282      6698       1022       875.81     838.25
Global   4        487          121          0.0        0          194      7844       1028       874.18     855.66

Total Statistics
Type     Time(s)  Ops          TPS(ops/s)   Net(M/s)   Get_miss   Min(us)  Max(us)    Avg(us)    Std_dev    Geo_dist  
Period   1        12240        12240        1.7        0          166      8512       984        907.81     808.26
Global   4        48168        12042        1.7        0          166      10910      1002       833.65     838.54

[1;1H[2J
Get Statistics
Type     Time(s)  Ops          TPS(ops/s)   Net(M/s)   Get_miss   Min(us)  Max(us)    Avg(us)    Std_dev    Geo_dist  
Period   1        11734        11734        1.6        0          180      8657       1018       836.07     855.82
Global   5        59415        11883        1.6        0          166      10910      1005       833.75     841.79

Set Statistics
Type     Time(s)  Ops          TPS(ops/s)   Net(M/s)   Get_miss   Min(us)  Max(us)    Avg(us)    Std_dev    Geo_dist  
Period   1        119          119          0.0        0          247      6996       1060       1007.74    855.38
Global   5        606          121          0.0        0          194      7844       1034       901.50     855.61

Total Statistics
Type     Time(s)  Ops          TPS(ops/s)   Net(M/s)   Get_miss   Min(us)  Max(us)    Avg(us)    Std_dev    Geo_dist  
Period   1        11853        11853        1.6        0          180      8657       1018       838.44     855.82
Global   5        60021        12004        1.6        0          166      10910      1005       834.81     841.93

[1;1H[2J
Get Statistics
Type     Time(s)  Ops          TPS(ops/s)   Net(M/s)   Get_miss   Min(us)  Max(us)    Avg(us)    Std_dev    Geo_dist  
Period   1        11704        11704        1.6        0          169      8419       1019       836.83     854.69
Global   6        71119        11853        1.6        0          166      10910      1007       834.63     843.90

Set Statistics
Type     Time(s)  Ops          TPS(ops/s)   Net(M/s)   Get_miss   Min(us)  Max(us)    Avg(us)    Std_dev    Geo_dist  
Period   1        118          118          0.0        0          282      6751       994        885.96     822.19
Global   6        724          120          0.0        0          194      7844       1028       897.90     850.07

Total Statistics
Type     Time(s)  Ops          TPS(ops/s)   Net(M/s)   Get_miss   Min(us)  Max(us)    Avg(us)    Std_dev    Geo_dist  
Period   1        11822        11822        1.6        0          169      8419       1019       837.00     854.35
Global   6        71843        11973        1.6        0          166      10910      1007       835.55     843.96

[1;1H[2J
Get Statistics
Type     Time(s)  Ops          TPS(ops/s)   Net(M/s)   Get_miss   Min(us)  Max(us)    Avg(us)    Std_dev    Geo_dist  
Period   1        11934        11934        1.6        0          158      7854       999        887.09     825.82
Global   7        83053        11864        1.6        0          158      10910      1006       842.19     841.28

Set Statistics
Type     Time(s)  Ops          TPS(ops/s)   Net(M/s)   Get_miss   Min(us)  Max(us)    Avg(us)    Std_dev    Geo_dist  
Period   1        121          121          0.0        0          235      7727       1092       1134.77    866.28
Global   7        845          120          0.0        0          194      7844       1037       935.19     852.37

Total Statistics
Type     Time(s)  Ops          TPS(ops/s)   Net(M/s)   Get_miss   Min(us)  Max(us)    Avg(us)    Std_dev    Geo_dist  
Period   1        12056        12056        1.6        0          158      7854       1000       889.83     826.25
Global   7        83899        11985        1.7        0          158      10910      1006       843.55     841.39

[1;1H[2J
Get Statistics
Type     Time(s)  Ops          TPS(ops/s)   Net(M/s)   Get_miss   Min(us)  Max(us)    Avg(us)    Std_dev    Geo_dist  
Period   1        12049        12049        1.6        0          137      7715       990        926.04     811.83
Global   8        95102        11887        1.7        0          137      10910      1004       853.26     837.55

Set Statistics
Type     Time(s)  Ops          TPS(ops/s)   Net(M/s)   Get_miss   Min(us)  Max(us)    Avg(us)    Std_dev    Geo_dist  
Period   1        122          122          0.0        0          202      7361       1054       1056.12    842.12
Global   8        967          120          0.0        0          194      7844       1039       950.88     851.07

Total Statistics
Type     Time(s)  Ops          TPS(ops/s)   Net(M/s)   Get_miss   Min(us)  Max(us)    Avg(us)    Std_dev    Geo_dist  
Period   1        12170        12170        1.6        0          137      7715       991        927.10     812.57
Global   8        96069        12008        1.7        0          137      10910      1004       854.72     837.68

[1;1H[2J
Get Statistics
Type     Time(s)  Ops          TPS(ops/s)   Net(M/s)   Get_miss   Min(us)  Max(us)    Avg(us)    Std_dev    Geo_dist  
Period   1        12106        12106        1.6        0          148      7927       987        952.14     801.63
Global   9        107208       11912        1.7        0          137      10910      1002       865.10     833.41

Set Statistics
Type     Time(s)  Ops          TPS(ops/s)   Net(M/s)   Get_miss   Min(us)  Max(us)    Avg(us)    Std_dev    Geo_dist  
Period   1        121          121          0.0        0          343      6816       965        912.14     794.26
Global   9        1088         120          0.0        0          194      7844       1031       946.28     844.56

Total Statistics
Type     Time(s)  Ops          TPS(ops/s)   Net(M/s)   Get_miss   Min(us)  Max(us)    Avg(us)    Std_dev    Geo_dist  
Period   1        12227        12227        1.7        0          148      7927       986        952.53     801.56
Global   9        108296       12032        1.7        0          137      10910      1002       866.29     833.53

[1;1H[2J
Get Statistics
Type     Time(s)  Ops          TPS(ops/s)   Net(M/s)   Get_miss   Min(us)  Max(us)    Avg(us)    Std_dev    Geo_dist  
Period   1        12720        12720        1.6        0          155      11618      940        854.28     777.45
Global   10       119928       11992        1.7        0          137      11618      995        864.65     827.29

Set Statistics
Type     Time(s)  Ops          TPS(ops/s)   Net(M/s)   Get_miss   Min(us)  Max(us)    Avg(us)    Std_dev    Geo_dist  
Period   1        130          130          0.0        0          251      2466       785        394.01     705.21
Global   10       1218         121          0.0        0          194      7844       1005       906.37     828.46

Total Statistics
Type     Time(s)  Ops          TPS(ops/s)   Net(M/s)   Get_miss   Min(us)  Max(us)    Avg(us)    Std_dev    Geo_dist  
Period   1        12850        12850        1.7        0          155      11618      938        851.48     776.68
Global   10       121146       12114        1.8        0          137      11618      995        865.20     827.30

[1;1H[2J
Get Statistics
Type     Time(s)  Ops          TPS(ops/s)   Net(M/s)   Get_miss   Min(us)  Max(us)    Avg(us)    Std_dev    Geo_dist  
Period   1        12855        12855        1.7        0          146      9231       929        861.73     758.91
Global   11       132783       12071        1.8        0          137      11618      989        864.14     820.41

Set Statistics
Type     Time(s)  Ops          TPS(ops/s)   Net(M/s)   Get_miss   Min(us)  Max(us)    Avg(us)    Std_dev    Geo_dist  
Period   1        130          130          0.0        0          260      7276       868        834.29     717.11
Global   11       1348         122          0.0        0          194      7844       991        901.15     817.01

Total Statistics
Type     Time(s)  Ops          TPS(ops/s)   Net(M/s)   Get_miss   Min(us)  Max(us)    Avg(us)    Std_dev    Geo_dist  
Period   1        12985        12985        1.7        0          146      9231       929        860.79     758.48
Global   11       134131       12193        1.8        0          137      11618      989        864.54     820.38

[1;1H[2J
Get Statistics
Type     Time(s)  Ops          TPS(ops/s)   Net(M/s)   Get_miss   Min(us)  Max(us)    Avg(us)    Std_dev    Geo_dist  
Period   1        10615        10615        1.6        0          143      28278      1123       1483.52    823.11
Global   12       143398       11949        1.5        0          137      28278      999        924.90     820.61

Set Statistics
Type     Time(s)  Ops          TPS(ops/s)   Net(M/s)   Get_miss   Min(us)  Max(us)    Avg(us)    Std_dev    Geo_dist  
Period   1        106          106          0.0        0          194      7439       1129       1352.87    825.76
Global   12       1454         121          0.0        0          194      7844       1001       941.54     817.64

Total Statistics
Type     Time(s)  Ops          TPS(ops/s)   Net(M/s)   Get_miss   Min(us)  Max(us)    Avg(us)    Std_dev    Geo_dist  
Period   1        10721        10721        1.7        0          143      28278      1123       1482.27    823.13
Global   12       144852       12071        1.5        0          137      28278      999        925.08     820.58

[1;1H[2J
Get Statistics
Type     Time(s)  Ops          TPS(ops/s)   Net(M/s)   Get_miss   Min(us)  Max(us)    Avg(us)    Std_dev    Geo_dist  
Period   1        11751        11751        1.6        0          169      8817       1018       967.69     830.06
Global   13       155149       11934        1.6        0          137      28278      1000       928.69     821.32

Set Statistics
Type     Time(s)  Ops          TPS(ops/s)   Net(M/s)   Get_miss   Min(us)  Max(us)    Avg(us)    Std_dev    Geo_dist  
Period   1        119          119          0.0        0          292      6962       913        761.11     777.28
Global   13       1573         121          0.0        0          194      7844       995        928.50     814.52

Total Statistics
Type     Time(s)  Ops          TPS(ops/s)   Net(M/s)   Get_miss   Min(us)  Max(us)    Avg(us)    Std_dev    Geo_dist  
Period   1        11870        11870        1.7        0          169      8817       1017       965.82     829.52
Global   13       156722       12055        1.6        0          137      28278      1000       928.63     821.25

[1;1H[2J
Get Statistics
Type     Time(s)  Ops          TPS(ops/s)   Net(M/s)   Get_miss   Min(us)  Max(us)    Avg(us)    Std_dev    Geo_dist  
Period   1        11677        11677        1.6        0          158      10795      1021       1051.84    804.66
Global   14       166826       11916        1.6        0          137      28278      1002       937.28     820.15

Set Statistics
Type     Time(s)  Ops          TPS(ops/s)   Net(M/s)   Get_miss   Min(us)  Max(us)    Avg(us)    Std_dev    Geo_dist  
Period   1        115          115          0.0        0          261      7226       1095       1290.59    821.48
Global   14       1688         120          0.0        0          194      7844       1002       957.16     814.99

Total Statistics
Type     Time(s)  Ops          TPS(ops/s)   Net(M/s)   Get_miss   Min(us)  Max(us)    Avg(us)    Std_dev    Geo_dist  
Period   1        11792        11792        1.7        0          158      10795      1022       1054.12    804.82
Global   14       168514       12036        1.6        0          137      28278      1002       937.48     820.09

[1;1H[2J
Get Statistics
Type     Time(s)  Ops          TPS(ops/s)   Net(M/s)   Get_miss   Min(us)  Max(us)    Avg(us)    Std_dev    Geo_dist  
Period   1        11850        11850        1.6        0          158      8646       1007       915.61     822.86
Global   15       178676       11911        1.6        0          137      28278      1002       936.21     820.32

Set Statistics
Type     Time(s)  Ops          TPS(ops/s)   Net(M/s)   Get_miss   Min(us)  Max(us)    Avg(us)    Std_dev    Geo_dist  
Period   1        121          121          0.0        0          272      6747       999        876.98     827.31
Global   15       1809         120          0.0        0          194      7844       1001       952.63     815.81

Total Statistics
Type     Time(s)  Ops          TPS(ops/s)   Net(M/s)   Get_miss   Min(us)  Max(us)    Avg(us)    Std_dev    Geo_dist  
Period   1        11971        11971        1.7        0          158      8646       1007       915.11     822.90
Global   15       180485       12032        1.6        0          137      28278      1002       936.37     820.28

[1;1H[2J
Get Statistics
Type     Time(s)  Ops          TPS(ops/s)   Net(M/s)   Get_miss   Min(us)  Max(us)    Avg(us)    Std_dev    Geo_dist  
Period   1        11121        11121        1.6        0          144      9020       1071       1210.54    809.29
Global   16       189797       11862        1.5        0          137      28278      1006       954.64     819.67

Set Statistics
Type     Time(s)  Ops          TPS(ops/s)   Net(M/s)   Get_miss   Min(us)  Max(us)    Avg(us)    Std_dev    Geo_dist  
Period   1        116          116          0.0        0          198      7227       1181       1461.36    839.78
Global   16       1925         120          0.0        0          194      7844       1012       990.94     817.23

Total Statistics
Type     Time(s)  Ops          TPS(ops/s)   Net(M/s)   Get_miss   Min(us)  Max(us)    Avg(us)    Std_dev    Geo_dist  
Period   1        11237        11237        1.6        0          144      9020       1072       1213.49    809.59
Global   16       191722       11982        1.5        0          137      28278      1006       955.08     819.65

[1;1H[2J
Get Statistics
Type     Time(s)  Ops          TPS(ops/s)   Net(M/s)   Get_miss   Min(us)  Max(us)    Avg(us)    Std_dev    Geo_dist  
Period   1        11845        11845        1.6        0          160      7566       1006       905.93     828.98
Global   17       201642       11861        1.6        0          137      28278      1006       951.85     820.22

Set Statistics
Type     Time(s)  Ops          TPS(ops/s)   Net(M/s)   Get_miss   Min(us)  Max(us)    Avg(us)    Std_dev    Geo_dist  
Period   1        117          117          0.0        0          303      7433       1190       1360.29    879.21
Global   17       2042         120          0.0        0          194      7844       1022       1016.34    820.66

Total Statistics
Type     Time(s)  Ops          TPS(ops/s)   Net(M/s)   Get_miss   Min(us)  Max(us)    Avg(us)    Std_dev    Geo_dist  
Period   1        11962        11962        1.6        0          160      7566       1008       911.34     829.46
Global   17       203684       11981        1.6        0          137      28278      1006       952.69     820.22

[1;1H[2J
Get Statistics
Type     Time(s)  Ops          TPS(ops/s)   Net(M/s)   Get_miss   Min(us)  Max(us)    Avg(us)    Std_dev    Geo_dist  
Period   1        11867        11867        1.6        0          147      13063      1007       1045.16    797.62
Global   18       213509       11861        1.6        0          137      28278      1006       957.33     818.95

Set Statistics
Type     Time(s)  Ops          TPS(ops/s)   Net(M/s)   Get_miss   Min(us)  Max(us)    Avg(us)    Std_dev    Geo_dist  
Period   1        120          120          0.0        0          259      6960       945        924.67     770.04
Global   18       2162         120          0.0        0          194      7844       1018       1011.15    817.77

Total Statistics
Type     Time(s)  Ops          TPS(ops/s)   Net(M/s)   Get_miss   Min(us)  Max(us)    Avg(us)    Std_dev    Geo_dist  
Period   1        11987        11987        1.6        0          147      13063      1006       1044.37    797.34
Global   18       215671       11981        1.6        0          137      28278      1006       958.01     818.93

[1;1H[2J
Get Statistics
Type     Time(s)  Ops          TPS(ops/s)   Net(M/s)   Get_miss   Min(us)  Max(us)    Avg(us)    Std_dev    Geo_dist  
Period   1        11885        11885        1.6        0          174      8314       1005       952.03     815.68
Global   19       225394       11862        1.6        0          137      28278      1006       956.99     818.77

Set Statistics
Type     Time(s)  Ops          TPS(ops/s)   Net(M/s)   Get_miss   Min(us)  Max(us)    Avg(us)    Std_dev    Geo_dist  
Period   1        119          119          0.0        0          256      7370       982        921.34     798.53
Global   19       2281         120          0.0        0          194      7844       1016       1006.63    816.75

Total Statistics
Type     Time(s)  Ops          TPS(ops/s)   Net(M/s)   Get_miss   Min(us)  Max(us)    Avg(us)    Std_dev    Geo_dist  
Period   1        12007        12007        1.6        0          174      8314       1005       951.26     815.47
Global   19       227678       11983        1.6        0          137      28278      1006       957.60     818.75

[1;1H[2J
Get Statistics
Type     Time(s)  Ops          TPS(ops/s)   Net(M/s)   Get_miss   Min(us)  Max(us)    Avg(us)    Std_dev    Geo_dist  
Period   1        12055        12055        1.6        0          163      7802       988        993.14     792.65
Global   20       237449       11872        1.7        0          137      28278      1005       958.96     817.45

Set Statistics
Type     Time(s)  Ops          TPS(ops/s)   Net(M/s)   Get_miss   Min(us)  Max(us)    Avg(us)    Std_dev    Geo_dist  
Period   1        122          122          0.0        0          262      6756       1015       1113.91    773.82
Global   20       2403         120          0.0        0          194      7844       1016       1012.05    814.52

Total Statistics
Type     Time(s)  Ops          TPS(ops/s)   Net(M/s)   Get_miss   Min(us)  Max(us)    Avg(us)    Std_dev    Geo_dist  
Period   1        12174        12174        1.6        0          163      7802       988        994.85     792.92
Global   20       239852       11992        1.7        0          137      28278      1005       959.62     817.42

[1;1H[2J
Get Statistics
Type     Time(s)  Ops          TPS(ops/s)   Net(M/s)   Get_miss   Min(us)  Max(us)    Avg(us)    Std_dev    Geo_dist  
Period   1        11184        11184        1.6        0          171      15963      1067       1128.97    844.46
Global   21       248633       11839        1.5        0          137      28278      1008       967.11     818.64

Set Statistics
Type     Time(s)  Ops          TPS(ops/s)   Net(M/s)   Get_miss   Min(us)  Max(us)    Avg(us)    Std_dev    Geo_dist  
Period   1        115          115          0.0        0          339      6973       1083       1053.75    865.23
Global   21       2518         119          0.0        0          194      7844       1019       1013.93    816.77

Total Statistics
Type     Time(s)  Ops          TPS(ops/s)   Net(M/s)   Get_miss   Min(us)  Max(us)    Avg(us)    Std_dev    Geo_dist  
Period   1        11299        11299        1.6        0          171      15963      1067       1128.34    844.67
Global   21       251151       11959        1.6        0          137      28278      1008       967.71     818.63

[1;1H[2J
Get Statistics
Type     Time(s)  Ops          TPS(ops/s)   Net(M/s)   Get_miss   Min(us)  Max(us)    Avg(us)    Std_dev    Geo_dist  
Period   1        11644        11644        1.6        0          142      7906       1022       896.02     851.39
Global   22       260277       11830        1.6        0          137      28278      1009       963.65     820.08

Set Statistics
Type     Time(s)  Ops          TPS(ops/s)   Net(M/s)   Get_miss   Min(us)  Max(us)    Avg(us)    Std_dev    Geo_dist  
Period   1        119          119          0.0        0          273      6871       1049       972.17     858.64
Global   22       2637         119          0.0        0          194      7844       1020       1012.28    818.61

Total Statistics
Type     Time(s)  Ops          TPS(ops/s)   Net(M/s)   Get_miss   Min(us)  Max(us)    Avg(us)    Std_dev    Geo_dist  
Period   1        11763        11763        1.6        0          142      7906       1022       897.10     851.47
Global   22       262914       11950        1.6        0          137      28278      1009       964.27     820.07

[1;1H[2J
Get Statistics
Type     Time(s)  Ops          TPS(ops/s)   Net(M/s)   Get_miss   Min(us)  Max(us)    Avg(us)    Std_dev    Geo_dist  
Period   1        11491        11491        1.6        0          206      8671       1037       995.69     840.40
Global   23       271768       11816        1.6        0          137      28278      1010       965.16     820.93

Set Statistics
Type     Time(s)  Ops          TPS(ops/s)   Net(M/s)   Get_miss   Min(us)  Max(us)    Avg(us)    Std_dev    Geo_dist  
Period   1        115          115          0.0        0          290      6620       1018       892.71     854.67
Global   23       2752         119          0.0        0          194      7844       1020       1007.34    820.09

Total Statistics
Type     Time(s)  Ops          TPS(ops/s)   Net(M/s)   Get_miss   Min(us)  Max(us)    Avg(us)    Std_dev    Geo_dist  
Period   1        11607        11607        1.6        0          206      8671       1036       995.44     840.68
Global   23       274521       11935        1.6        0          137      28278      1010       965.77     820.93

[1;1H[2J
Get Statistics
Type     Time(s)  Ops          TPS(ops/s)   Net(M/s)   Get_miss   Min(us)  Max(us)    Avg(us)    Std_dev    Geo_dist  
Period   1        11551        11551        1.6        0          171      11105      1038       963.50     842.15
Global   24       283319       11804        1.6        0          137      28278      1011       965.33     821.81

Set Statistics
Type     Time(s)  Ops          TPS(ops/s)   Net(M/s)   Get_miss   Min(us)  Max(us)    Avg(us)    Std_dev    Geo_dist  
Period   1        117          117          0.0        0          227      7439       1031       883.29     847.98
Global   24       2869         119          0.0        0          194      7844       1021       1001.88    821.21

Total Statistics
Type     Time(s)  Ops          TPS(ops/s)   Net(M/s)   Get_miss   Min(us)  Max(us)    Avg(us)    Std_dev    Geo_dist  
Period   1        11667        11667        1.6        0          171      11105      1038       962.71     842.70
Global   24       286188       11924        1.6        0          137      28278      1011       965.81     821.81

[1;1H[2J
Get Statistics
Type     Time(s)  Ops          TPS(ops/s)   Net(M/s)   Get_miss   Min(us)  Max(us)    Avg(us)    Std_dev    Geo_dist  
Period   1        11904        11904        1.6        0          190      8409       995        888.40     819.47
Global   25       295223       11808        1.6        0          137      28278      1010       962.72     821.72

Set Statistics
Type     Time(s)  Ops          TPS(ops/s)   Net(M/s)   Get_miss   Min(us)  Max(us)    Avg(us)    Std_dev    Geo_dist  
Period   1        118          118          0.0        0          308      6864       990        996.33     782.04
Global   25       2987         119          0.0        0          194      7844       1020       1001.29    819.62

Total Statistics
Type     Time(s)  Ops          TPS(ops/s)   Net(M/s)   Get_miss   Min(us)  Max(us)    Avg(us)    Std_dev    Geo_dist  
Period   1        12022        12022        1.6        0          190      8409       995        889.42     819.09
Global   25       298210       11928        1.7        0          137      28278      1010       963.22     821.70

[1;1H[2J
Get Statistics
Type     Time(s)  Ops          TPS(ops/s)   Net(M/s)   Get_miss   Min(us)  Max(us)    Avg(us)    Std_dev    Geo_dist  
Period   1        12329        12329        1.6        0          181      14346      974        806.33     816.05
Global   26       307552       11828        1.7        0          137      28278      1009       956.50     821.49

Set Statistics
Type     Time(s)  Ops          TPS(ops/s)   Net(M/s)   Get_miss   Min(us)  Max(us)    Avg(us)    Std_dev    Geo_dist  
Period   1        125          125          0.0        0          307      7080       1043       883.59     860.87
Global   26       3112         119          0.0        0          194      7844       1021       996.63     821.24

Total Statistics
Type     Time(s)  Ops          TPS(ops/s)   Net(M/s)   Get_miss   Min(us)  Max(us)    Avg(us)    Std_dev    Geo_dist  
Period   1        12456        12456        1.6        0          181      14346      974        805.63     815.87
Global   26       310666       11948        1.7        0          137      28278      1009       957.03     821.48

[1;1H[2J
Get Statistics
Type     Time(s)  Ops          TPS(ops/s)   Net(M/s)   Get_miss   Min(us)  Max(us)    Avg(us)    Std_dev    Geo_dist  
Period   1        12135        12135        1.6        0          147      7995       983        803.05     821.63
Global   27       319687       11840        1.7        0          137      28278      1008       951.16     821.51

Set Statistics
Type     Time(s)  Ops          TPS(ops/s)   Net(M/s)   Get_miss   Min(us)  Max(us)    Avg(us)    Std_dev    Geo_dist  
Period   1        122          122          0.0        0          292      6488       1021       770.95     858.65
Global   27       3234         119          0.0        0          194      7844       1021       988.96     822.62

Total Statistics
Type     Time(s)  Ops          TPS(ops/s)   Net(M/s)   Get_miss   Min(us)  Max(us)    Avg(us)    Std_dev    Geo_dist  
Period   1        12255        12255        1.6        0          147      7995       984        802.10     822.46
Global   27       322921       11960        1.7        0          137      28278      1008       951.68     821.52

[1;1H[2J
Get Statistics
Type     Time(s)  Ops          TPS(ops/s)   Net(M/s)   Get_miss   Min(us)  Max(us)    Avg(us)    Std_dev    Geo_dist  
Period   1        12175        12175        1.6        0          192      7520       981        767.37     829.36
Global   28       331862       11852        1.7        0          137      28278      1007       945.07     821.80

Set Statistics
Type     Time(s)  Ops          TPS(ops/s)   Net(M/s)   Get_miss   Min(us)  Max(us)    Avg(us)    Std_dev    Geo_dist  
Period   1        126          126          0.0        0          274      7403       902        773.32     753.90
Global   28       3360         120          0.0        0          194      7844       1016       982.45     819.93

Total Statistics
Type     Time(s)  Ops          TPS(ops/s)   Net(M/s)   Get_miss   Min(us)  Max(us)    Avg(us)    Std_dev    Geo_dist  
Period   1        12301        12301        1.6        0          192      7520       980        767.68     828.55
Global   28       335222       11972        1.7        0          137      28278      1007       945.55     821.78

[1;1H[2J
Get Statistics
Type     Time(s)  Ops          TPS(ops/s)   Net(M/s)   Get_miss   Min(us)  Max(us)    Avg(us)    Std_dev    Geo_dist  
Period   1        12359        12359        1.6        0          167      7927       966        807.27     807.28
Global   29       344221       11869        1.7        0          137      28278      1005       941.06     821.27

Set Statistics
Type     Time(s)  Ops          TPS(ops/s)   Net(M/s)   Get_miss   Min(us)  Max(us)    Avg(us)    Std_dev    Geo_dist  
Period   1        121          121          0.0        0          251      6427       977        758.48     832.82
Global   29       3481         120          0.0        0          194      7844       1015       975.10     820.38

Total Statistics
Type     Time(s)  Ops          TPS(ops/s)   Net(M/s)   Get_miss   Min(us)  Max(us)    Avg(us)    Std_dev    Geo_dist  
Period   1        12480        12480        1.6        0          167      7927       966        806.91     807.52
Global   29       347702       11989        1.7        0          137      28278      1006       940.45     821.26

[1;1H[2J
Get Statistics
Type     Time(s)  Ops          TPS(ops/s)   Net(M/s)   Get_miss   Min(us)  Max(us)    Avg(us)    Std_dev    Geo_dist  
Period   1        12083        12083        1.6        0          168      7713       986        749.31     833.16
Global   30       356304       11876        1.7        0          137      28278      1005       934.51     821.67

Set Statistics
Type     Time(s)  Ops          TPS(ops/s)   Net(M/s)   Get_miss   Min(us)  Max(us)    Avg(us)    Std_dev    Geo_dist  
Period   1        124          124          0.0        0          259      7711       1068       990.26     860.64
Global   30       3605         120          0.0        0          194      7844       1017       975.35     821.73

Total Statistics
Type     Time(s)  Ops          TPS(ops/s)   Net(M/s)   Get_miss   Min(us)  Max(us)    Avg(us)    Std_dev    Geo_dist  
Period   1        12209        12209        1.6        0          168      7713       987        752.14     833.59
Global   30       359911       11997        1.7        0          137      28278      1005       935.07     821.68

[1;1H[2J
Get Statistics
Type     Time(s)  Ops          TPS(ops/s)   Net(M/s)   Get_miss   Min(us)  Max(us)    Avg(us)    Std_dev    Geo_dist  
Period   1        12110        12110        1.6        0          171      7884       987        727.64     849.76
Global   31       368414       11884        1.7        0          137      28278      1004       928.90     822.60

Set Statistics
Type     Time(s)  Ops          TPS(ops/s)   Net(M/s)   Get_miss   Min(us)  Max(us)    Avg(us)    Std_dev    Geo_dist  
Period   1        122          122          0.0        0          341      3278       949        494.22     853.29
Global   31       3727         120          0.0        0          194      7844       1014       964.26     822.75

Total Statistics
Type     Time(s)  Ops          TPS(ops/s)   Net(M/s)   Get_miss   Min(us)  Max(us)    Avg(us)    Std_dev    Geo_dist  
Period   1        12230        12230        1.6        0          171      7884       987        724.93     850.18
Global   31       372141       12004        1.7        0          137      28278      1004       929.37     822.60

[1;1H[2J
Get Statistics
Type     Time(s)  Ops          TPS(ops/s)   Net(M/s)   Get_miss   Min(us)  Max(us)    Avg(us)    Std_dev    Geo_dist  
Period   1        12724        12724        1.6        0          203      8249       940        668.44     815.89
Global   32       381138       11910        1.7        0          137      28278      1002       921.31     822.37

Set Statistics
Type     Time(s)  Ops          TPS(ops/s)   Net(M/s)   Get_miss   Min(us)  Max(us)    Avg(us)    Std_dev    Geo_dist  
Period   1        128          128          0.0        0          339      2849       866        410.48     791.81
Global   32       3855         120          0.0        0          194      7844       1009       951.50     821.70

Total Statistics
Type     Time(s)  Ops          TPS(ops/s)   Net(M/s)   Get_miss   Min(us)  Max(us)    Avg(us)    Std_dev    Geo_dist  
Period   1        12852        12852        1.7        0          203      8249       939        666.77     815.64
Global   32       384993       12031        1.8        0          137      28278      1002       921.70     822.37

[1;1H[2J
Get Statistics
Type     Time(s)  Ops          TPS(ops/s)   Net(M/s)   Get_miss   Min(us)  Max(us)    Avg(us)    Std_dev    Geo_dist  
Period   1        12312        12312        1.6        0          143      11037      969        740.38     829.04
Global   33       393450       11922        1.7        0          137      28278      1001       916.18     822.58

Set Statistics
Type     Time(s)  Ops          TPS(ops/s)   Net(M/s)   Get_miss   Min(us)  Max(us)    Avg(us)    Std_dev    Geo_dist  
Period   1        126          126          0.0        0          276      6827       967        852.08     807.74
Global   33       3981         120          0.0        0          194      7844       1008       948.09     821.25

Total Statistics
Type     Time(s)  Ops          TPS(ops/s)   Net(M/s)   Get_miss   Min(us)  Max(us)    Avg(us)    Std_dev    Geo_dist  
Period   1        12438        12438        1.7        0          143      11037      969        741.53     828.82
Global   33       397431       12043        1.7        0          137      28278      1001       916.58     822.57

[1;1H[2J
Get Statistics
Type     Time(s)  Ops          TPS(ops/s)   Net(M/s)   Get_miss   Min(us)  Max(us)    Avg(us)    Std_dev    Geo_dist  
Period   1        12725        12725        1.6        0          151      9053       933        796.90     781.58
Global   34       406175       11946        1.7        0          137      28278      999        912.61     821.26

Set Statistics
Type     Time(s)  Ops          TPS(ops/s)   Net(M/s)   Get_miss   Min(us)  Max(us)    Avg(us)    Std_dev    Geo_dist  
Period   1        128          128          0.0        0          228      7154       974        942.85     801.02
Global   34       4109         120          0.0        0          194      7844       1007       947.77     820.62

Total Statistics
Type     Time(s)  Ops          TPS(ops/s)   Net(M/s)   Get_miss   Min(us)  Max(us)    Avg(us)    Std_dev    Geo_dist  
Period   1        12853        12853        1.7        0          151      9053       933        798.93     781.77
Global   34       410284       12067        1.8        0          137      28278      999        913.05     821.26

[1;1H[2J
Get Statistics
Type     Time(s)  Ops          TPS(ops/s)   Net(M/s)   Get_miss   Min(us)  Max(us)    Avg(us)    Std_dev    Geo_dist  
Period   1        11947        11947        1.6        0          170      8208       999        756.81     846.19
Global   35       418122       11946        1.6        0          137      28278      999        908.53     821.97

Set Statistics
Type     Time(s)  Ops          TPS(ops/s)   Net(M/s)   Get_miss   Min(us)  Max(us)    Avg(us)    Std_dev    Geo_dist  
Period   1        120          120          0.0        0          286      8175       1067       935.46     888.67
Global   35       4229         120          0.0        0          194      8175       1009       947.05     822.47

Total Statistics
Type     Time(s)  Ops          TPS(ops/s)   Net(M/s)   Get_miss   Min(us)  Max(us)    Avg(us)    Std_dev    Geo_dist  
Period   1        12068        12068        1.7        0          170      8208       999        759.59     846.55
Global   35       422352       12067        1.7        0          137      28278      999        909.03     821.97

[1;1H[2J
Get Statistics
Type     Time(s)  Ops          TPS(ops/s)   Net(M/s)   Get_miss   Min(us)  Max(us)    Avg(us)    Std_dev    Geo_dist  
Period   1        12582        12582        1.6        0          172      11969      948        742.05     814.25
Global   36       430704       11964        1.7        0          137      28278      997        904.70     821.75

Set Statistics
Type     Time(s)  Ops          TPS(ops/s)   Net(M/s)   Get_miss   Min(us)  Max(us)    Avg(us)    Std_dev    Geo_dist  
Period   1        127          127          0.0        0          304      7468       995        893.84     835.87
Global   36       4356         121          0.0        0          194      8175       1008       946.08     822.86

Total Statistics
Type     Time(s)  Ops          TPS(ops/s)   Net(M/s)   Get_miss   Min(us)  Max(us)    Avg(us)    Std_dev    Geo_dist  
Period   1        12708        12708        1.7        0          172      11969      948        744.37     814.90
Global   36       435060       12085        1.7        0          137      28278      997        905.25     821.76

[1;1H[2J
Get Statistics
Type     Time(s)  Ops          TPS(ops/s)   Net(M/s)   Get_miss   Min(us)  Max(us)    Avg(us)    Std_dev    Geo_dist  
Period   1        12514        12514        1.6        0          187      9390       955        681.80     827.45
Global   37       443218       11978        1.7        0          137      28278      996        898.99     821.91

Set Statistics
Type     Time(s)  Ops          TPS(ops/s)   Net(M/s)   Get_miss   Min(us)  Max(us)    Avg(us)    Std_dev    Geo_dist  
Period   1        128          128          0.0        0          267      1997       866        396.20     781.14
Global   37       4484         121          0.0        0          194      8175       1004       935.10     821.64

Total Statistics
Type     Time(s)  Ops          TPS(ops/s)   Net(M/s)   Get_miss   Min(us)  Max(us)    Avg(us)    Std_dev    Geo_dist  
Period   1        12644        12644        1.7        0          187      9390       954        679.59     826.95
Global   37       447704       12100        1.7        0          137      28278      996        899.44     821.91

[1;1H[2J
Get Statistics
Type     Time(s)  Ops          TPS(ops/s)   Net(M/s)   Get_miss   Min(us)  Max(us)    Avg(us)    Std_dev    Geo_dist  
Period   1        12366        12366        1.6        0          163      7563       966        689.03     827.20
Global   38       455584       11989        1.7        0          137      28278      995        894.16     822.07

Set Statistics
Type     Time(s)  Ops          TPS(ops/s)   Net(M/s)   Get_miss   Min(us)  Max(us)    Avg(us)    Std_dev    Geo_dist  
Period   1        123          123          0.0        0          344      3869       922        519.19     822.26
Global   38       4607         121          0.0        0          194      8175       1002       926.28     821.66

Total Statistics
Type     Time(s)  Ops          TPS(ops/s)   Net(M/s)   Get_miss   Min(us)  Max(us)    Avg(us)    Std_dev    Geo_dist  
Period   1        12488        12488        1.7        0          163      7563       965        688.40     827.16
Global   38       460192       12110        1.7        0          137      28278      995        894.56     822.06

[1;1H[2J
Get Statistics
Type     Time(s)  Ops          TPS(ops/s)   Net(M/s)   Get_miss   Min(us)  Max(us)    Avg(us)    Std_dev    Geo_dist  
Period   1        11840        11840        1.6        0          185      8649       1008       879.54     832.27
Global   39       467424       11985        1.6        0          137      28278      996        893.05     822.32

Set Statistics
Type     Time(s)  Ops          TPS(ops/s)   Net(M/s)   Get_miss   Min(us)  Max(us)    Avg(us)    Std_dev    Geo_dist  
Period   1        120          120          0.0        0          235      7261       956        754.20     822.10
Global   39       4727         121          0.0        0          194      8175       1001       922.09     821.67

Total Statistics
Type     Time(s)  Ops          TPS(ops/s)   Net(M/s)   Get_miss   Min(us)  Max(us)    Avg(us)    Std_dev    Geo_dist  
Period   1        11959        11959        1.7        0          185      8649       1007       878.97     832.18
Global   39       472151       12106        1.6        0          137      28278      996        893.40     822.32

[1;1H[2J
Get Statistics
Type     Time(s)  Ops          TPS(ops/s)   Net(M/s)   Get_miss   Min(us)  Max(us)    Avg(us)    Std_dev    Geo_dist  
Period   1        12258        12258        1.6        0          148      13661      975        849.34     818.42
Global   40       479682       11992        1.7        0          137      28278      995        892.48     822.22

Set Statistics
Type     Time(s)  Ops          TPS(ops/s)   Net(M/s)   Get_miss   Min(us)  Max(us)    Avg(us)    Std_dev    Geo_dist  
Period   1        123          123          0.0        0          243      5072       917        594.96     797.92
Global   40       4850         121          0.0        0          194      8175       999        915.15     821.06

Total Statistics
Type     Time(s)  Ops          TPS(ops/s)   Net(M/s)   Get_miss   Min(us)  Max(us)    Avg(us)    Std_dev    Geo_dist  
Period   1        12381        12381        1.7        0          148      13661      974        847.68     818.22
Global   40       484532       12113        1.7        0          137      28278      995        892.75     822.21

[1;1H[2J
Get Statistics
Type     Time(s)  Ops          TPS(ops/s)   Net(M/s)   Get_miss   Min(us)  Max(us)    Avg(us)    Std_dev    Geo_dist  
Period   1        11869        11869        1.6        0          164      8000       1005       911.24     817.27
Global   41       491551       11989        1.6        0          137      28278      995        893.20     822.10

Set Statistics
Type     Time(s)  Ops          TPS(ops/s)   Net(M/s)   Get_miss   Min(us)  Max(us)    Avg(us)    Std_dev    Geo_dist  
Period   1        121          121          0.0        0          235      6196       1007       753.87     848.54
Global   41       4971         121          0.0        0          194      8175       999        911.71     821.72

Total Statistics
Type     Time(s)  Ops          TPS(ops/s)   Net(M/s)   Get_miss   Min(us)  Max(us)    Avg(us)    Std_dev    Geo_dist  
Period   1        11992        11992        1.7        0          164      8000       1005       909.83     815.62
Global   41       496524       12110        1.6        0          137      28278      995        893.44     822.10

[1;1H[2J
Get Statistics
Type     Time(s)  Ops          TPS(ops/s)   Net(M/s)   Get_miss   Min(us)  Max(us)    Avg(us)    Std_dev    Geo_dist  
Period   1        12700        12700        1.6        0          162      7703       941        665.48     810.21
Global   42       504251       12005        1.7        0          137      28278      994        887.83     821.80

Set Statistics
Type     Time(s)  Ops          TPS(ops/s)   Net(M/s)   Get_miss   Min(us)  Max(us)    Avg(us)    Std_dev    Geo_dist  
Period   1        129          129          0.0        0          227      7663       915        755.12     785.67
Global   42       5100         121          0.0        0          194      8175       997        907.98     820.78

Total Statistics
Type     Time(s)  Ops          TPS(ops/s)   Net(M/s)   Get_miss   Min(us)  Max(us)    Avg(us)    Std_dev    Geo_dist  
Period   1        12829        12829        1.7        0          162      7703       940        667.32     809.90
Global   42       509353       12127        1.8        0          137      28278      994        888.06     821.79

[1;1H[2J
Get Statistics
Type     Time(s)  Ops          TPS(ops/s)   Net(M/s)   Get_miss   Min(us)  Max(us)    Avg(us)    Std_dev    Geo_dist  
Period   1        12175        12175        1.6        0          189      8846       982        740.42     834.92
Global   43       516426       12009        1.7        0          137      28278      994        884.32     822.13

Set Statistics
Type     Time(s)  Ops          TPS(ops/s)   Net(M/s)   Get_miss   Min(us)  Max(us)    Avg(us)    Std_dev    Geo_dist  
Period   1        123          123          0.0        0          224      7125       853        691.27     737.66
Global   43       5223         121          0.0        0          194      8175       993        904.36     818.72

Total Statistics
Type     Time(s)  Ops          TPS(ops/s)   Net(M/s)   Get_miss   Min(us)  Max(us)    Avg(us)    Std_dev    Geo_dist  
Period   1        12296        12296        1.7        0          189      8846       980        741.11     834.36
Global   43       521649       12131        1.7        0          137      28278      994        884.51     822.10

[1;1H[2J
Get Statistics
Type     Time(s)  Ops          TPS(ops/s)   Net(M/s)   Get_miss   Min(us)  Max(us)    Avg(us)    Std_dev    Geo_dist  
Period   1        12501        12501        1.7        0          179      9088       953        767.79     809.30
Global   44       528927       12021        1.7        0          137      28278      993        881.80     821.82

Set Statistics
Type     Time(s)  Ops          TPS(ops/s)   Net(M/s)   Get_miss   Min(us)  Max(us)    Avg(us)    Std_dev    Geo_dist  
Period   1        127          127          0.0        0          231      7243       1062       995.09     850.87
Global   44       5350         121          0.0        0          194      8175       995        906.18     819.47

Total Statistics
Type     Time(s)  Ops          TPS(ops/s)   Net(M/s)   Get_miss   Min(us)  Max(us)    Avg(us)    Std_dev    Geo_dist  
Period   1        12628        12628        1.7        0          179      9088       954        770.56     809.70
Global   44       534277       12142        1.7        0          137      28278      993        882.07     821.80

[1;1H[2J
Get Statistics
Type     Time(s)  Ops          TPS(ops/s)   Net(M/s)   Get_miss   Min(us)  Max(us)    Avg(us)    Std_dev    Geo_dist  
Period   1        12660        12660        1.7        0          148      7684       938        773.53     791.94
Global   45       541587       12035        1.7        0          137      28278      991        880.26     821.11

Set Statistics
Type     Time(s)  Ops          TPS(ops/s)   Net(M/s)   Get_miss   Min(us)  Max(us)    Avg(us)    Std_dev    Geo_dist  
Period   1        125          125          0.0        0          251      3204       895        489.57     792.84
Global   45       5475         121          0.0        0          194      8175       993        898.61     818.85

Total Statistics
Type     Time(s)  Ops          TPS(ops/s)   Net(M/s)   Get_miss   Min(us)  Max(us)    Avg(us)    Std_dev    Geo_dist  
Period   1        12785        12785        1.7        0          148      7684       938        770.75     791.95
Global   45       547062       12156        1.8        0          137      28278      991        880.47     821.09

[1;1H[2J
Get Statistics
Type     Time(s)  Ops          TPS(ops/s)   Net(M/s)   Get_miss   Min(us)  Max(us)    Avg(us)    Std_dev    Geo_dist  
Period   1        12293        12293        1.7        0          156      10387      971        773.04     817.40
Global   46       553880       12040        1.7        0          137      28278      991        877.53     821.03

Set Statistics
Type     Time(s)  Ops          TPS(ops/s)   Net(M/s)   Get_miss   Min(us)  Max(us)    Avg(us)    Std_dev    Geo_dist  
Period   1        125          125          0.0        0          364      7698       996        904.26     848.18
Global   46       5600         121          0.0        0          194      8175       993        898.73     819.50

Total Statistics
Type     Time(s)  Ops          TPS(ops/s)   Net(M/s)   Get_miss   Min(us)  Max(us)    Avg(us)    Std_dev    Geo_dist  
Period   1        12418        12418        1.7        0          156      10387      972        773.49     817.71
Global   46       559480       12162        1.7        0          137      28278      991        877.76     821.02

[1;1H[2J
Get Statistics
Type     Time(s)  Ops          TPS(ops/s)   Net(M/s)   Get_miss   Min(us)  Max(us)    Avg(us)    Std_dev    Geo_dist  
Period   1        12824        12824        1.7        0          139      7649       931        600.23     813.75
Global   47       566704       12057        1.8        0          137      28278      990        871.87     820.87

Set Statistics
Type     Time(s)  Ops          TPS(ops/s)   Net(M/s)   Get_miss   Min(us)  Max(us)    Avg(us)    Std_dev    Geo_dist  
Period   1        130          130          0.0        0          284      4911       955        652.05     815.79
Global   47       5730         121          0.0        0          194      8175       992        894.02     819.41

Total Statistics
Type     Time(s)  Ops          TPS(ops/s)   Net(M/s)   Get_miss   Min(us)  Max(us)    Avg(us)    Std_dev    Geo_dist  
Period   1        12954        12954        1.7        0          139      7649       931        601.12     813.77
Global   47       572434       12179        1.8        0          137      28278      990        872.11     820.85

[1;1H[2J
Get Statistics
Type     Time(s)  Ops          TPS(ops/s)   Net(M/s)   Get_miss   Min(us)  Max(us)    Avg(us)    Std_dev    Geo_dist  
Period   1        12502        12502        1.7        0          168      9058       951        717.36     814.52
Global   48       579206       12066        1.7        0          137      28278      989        869.02     820.73

Set Statistics
Type     Time(s)  Ops          TPS(ops/s)   Net(M/s)   Get_miss   Min(us)  Max(us)    Avg(us)    Std_dev    Geo_dist  
Period   1        128          128          0.0        0          270      6698       957        691.90     832.26
Global   48       5858         122          0.0        0          194      8175       991        890.32     819.69

Total Statistics
Type     Time(s)  Ops          TPS(ops/s)   Net(M/s)   Get_miss   Min(us)  Max(us)    Avg(us)    Std_dev    Geo_dist  
Period   1        12631        12631        1.7        0          168      9058       951        719.53     814.84
Global   48       585065       12188        1.7        0          137      28278      989        869.30     820.72

[1;1H[2J
Get Statistics
Type     Time(s)  Ops          TPS(ops/s)   Net(M/s)   Get_miss   Min(us)  Max(us)    Avg(us)    Std_dev    Geo_dist  
Period   1        12105        12105        1.7        0          156      8682       992        913.42     819.92
Global   49       591311       12067        1.7        0          137      28278      989        870.02     820.71

Set Statistics
Type     Time(s)  Ops          TPS(ops/s)   Net(M/s)   Get_miss   Min(us)  Max(us)    Avg(us)    Std_dev    Geo_dist  
Period   1        121          121          0.0        0          344      7139       1193       1180.67    951.31
Global   49       5979         122          0.0        0          194      8175       995        897.55     822.17

Total Statistics
Type     Time(s)  Ops          TPS(ops/s)   Net(M/s)   Get_miss   Min(us)  Max(us)    Avg(us)    Std_dev    Geo_dist  
Period   1        12227        12227        1.7        0          156      8682       993        915.66     820.97
Global   49       597292       12189        1.7        0          137      28278      989        870.37     820.73

[1;1H[2J
Get Statistics
Type     Time(s)  Ops          TPS(ops/s)   Net(M/s)   Get_miss   Min(us)  Max(us)    Avg(us)    Std_dev    Geo_dist  
Period   1        12451        12451        1.7        0          157      7902       956        781.04     802.32
Global   50       603762       12075        1.7        0          137      28278      988        868.66     820.35

Set Statistics
Type     Time(s)  Ops          TPS(ops/s)   Net(M/s)   Get_miss   Min(us)  Max(us)    Avg(us)    Std_dev    Geo_dist  
Period   1        125          125          0.0        0          207      7068       917        720.42     791.14
Global   50       6104         122          0.0        0          194      8175       994        893.63     821.52

Total Statistics
Type     Time(s)  Ops          TPS(ops/s)   Net(M/s)   Get_miss   Min(us)  Max(us)    Avg(us)    Std_dev    Geo_dist  
Period   1        12577        12577        1.7        0          157      7902       956        780.43     803.23
Global   50       609869       12197        1.7        0          137      28278      988        868.98     820.36

[1;1H[2J
Get Statistics
Type     Time(s)  Ops          TPS(ops/s)   Net(M/s)   Get_miss   Min(us)  Max(us)    Avg(us)    Std_dev    Geo_dist  
Period   1        12614        12614        1.7        0          157      13379      947        901.73     779.69
Global   51       616376       12085        1.7        0          137      28278      987        869.56     819.52

Set Statistics
Type     Time(s)  Ops          TPS(ops/s)   Net(M/s)   Get_miss   Min(us)  Max(us)    Avg(us)    Std_dev    Geo_dist  
Period   1        129          129          0.0        0          263      7164       948        828.59     791.12
Global   51       6233         122          0.0        0          194      8175       993        892.35     820.88

Total Statistics
Type     Time(s)  Ops          TPS(ops/s)   Net(M/s)   Get_miss   Min(us)  Max(us)    Avg(us)    Std_dev    Geo_dist  
Period   1        12740        12740        1.7        0          157      13379      947        901.23     781.03
Global   51       622609       12208        1.7        0          137      28278      987        869.85     819.54

[1;1H[2J
Get Statistics
Type     Time(s)  Ops          TPS(ops/s)   Net(M/s)   Get_miss   Min(us)  Max(us)    Avg(us)    Std_dev    Geo_dist  
Period   1        12333        12333        1.7        0          205      7755       964        734.67     823.89
Global   52       628709       12090        1.7        0          137      28278      987        866.60     819.61

Set Statistics
Type     Time(s)  Ops          TPS(ops/s)   Net(M/s)   Get_miss   Min(us)  Max(us)    Avg(us)    Std_dev    Geo_dist  
Period   1        122          122          0.0        0          314      4309       1032       690.74     888.10
Global   52       6355         122          0.0        0          194      8175       993        889.72     822.12

Total Statistics
Type     Time(s)  Ops          TPS(ops/s)   Net(M/s)   Get_miss   Min(us)  Max(us)    Avg(us)    Std_dev    Geo_dist  
Period   1        12455        12455        1.7        0          205      7755       965        733.82     824.50
Global   52       635064       12212        1.7        0          137      28278      987        866.91     819.63

[1;1H[2J
Get Statistics
Type     Time(s)  Ops          TPS(ops/s)   Net(M/s)   Get_miss   Min(us)  Max(us)    Avg(us)    Std_dev    Geo_dist  
Period   1        12149        12149        1.7        0          176      8711       980        701.62     845.66
Global   53       640858       12091        1.7        0          137      28278      987        863.62     820.10

Set Statistics
Type     Time(s)  Ops          TPS(ops/s)   Net(M/s)   Get_miss   Min(us)  Max(us)    Avg(us)    Std_dev    Geo_dist  
Period   1        123          123          0.0        0          315      4167       969        557.79     856.21
Global   53       6478         122          0.0        0          194      8175       993        884.04     822.75

Total Statistics
Type     Time(s)  Ops          TPS(ops/s)   Net(M/s)   Get_miss   Min(us)  Max(us)    Avg(us)    Std_dev    Geo_dist  
Period   1        12272        12272        1.7        0          176      8711       979        701.55     845.77
Global   53       647336       12213        1.7        0          137      28278      987        863.89     820.12

[1;1H[2J
Get Statistics
Type     Time(s)  Ops          TPS(ops/s)   Net(M/s)   Get_miss   Min(us)  Max(us)    Avg(us)    Std_dev    Geo_dist  
Period   1        12293        12293        1.7        0          176      7333       965        746.98     823.14
Global   54       653151       12095        1.7        0          137      28278      986        862.24     820.15

Set Statistics
Type     Time(s)  Ops          TPS(ops/s)   Net(M/s)   Get_miss   Min(us)  Max(us)    Avg(us)    Std_dev    Geo_dist  
Period   1        123          123          0.0        0          346      6904       1113       926.27     920.98
Global   54       6601         122          0.0        0          194      8175       995        885.19     824.48

Total Statistics
Type     Time(s)  Ops          TPS(ops/s)   Net(M/s)   Get_miss   Min(us)  Max(us)    Avg(us)    Std_dev    Geo_dist  
Period   1        12416        12416        1.7        0          176      7333       967        748.37     824.05
Global   54       659752       12217        1.7        0          137      28278      986        862.58     820.20

[1;1H[2J
Get Statistics
Type     Time(s)  Ops          TPS(ops/s)   Net(M/s)   Get_miss   Min(us)  Max(us)    Avg(us)    Std_dev    Geo_dist  
Period   1        12304        12304        1.7        0          170      8246       971        820.92     810.65
Global   55       665455       12099        1.7        0          137      28278      986        861.18     819.98

Set Statistics
Type     Time(s)  Ops          TPS(ops/s)   Net(M/s)   Get_miss   Min(us)  Max(us)    Avg(us)    Std_dev    Geo_dist  
Period   1        125          125          0.0        0          215      8174       954        1002.66    774.53
Global   55       6726         122          0.0        0          194      8175       994        887.71     823.53

Total Statistics
Type     Time(s)  Ops          TPS(ops/s)   Net(M/s)   Get_miss   Min(us)  Max(us)    Avg(us)    Std_dev    Geo_dist  
Period   1        12429        12429        1.7        0          170      8246       971        822.70     810.28
Global   55       672181       12221        1.7        0          137      28278      986        861.54     820.01

[1;1H[2J
Get Statistics
Type     Time(s)  Ops          TPS(ops/s)   Net(M/s)   Get_miss   Min(us)  Max(us)    Avg(us)    Std_dev    Geo_dist  
Period   1        12608        12608        1.7        0          145      6482       947        662.21     816.53
Global   56       678063       12108        1.7        0          137      28278      985        858.23     819.91

Set Statistics
Type     Time(s)  Ops          TPS(ops/s)   Net(M/s)   Get_miss   Min(us)  Max(us)    Avg(us)    Std_dev    Geo_dist  
Period   1        130          130          0.0        0          300      6381       883        710.07     762.66
Global   56       6856         122          0.0        0          194      8175       992        884.65     822.33

Total Statistics
Type     Time(s)  Ops          TPS(ops/s)   Net(M/s)   Get_miss   Min(us)  Max(us)    Avg(us)    Std_dev    Geo_dist  
Period   1        12738        12738        1.7        0          145      6482       946        663.22     815.97
Global   56       684919       12230        1.7        0          137      28278      985        858.58     819.94

[1;1H[2J
Get Statistics
Type     Time(s)  Ops          TPS(ops/s)   Net(M/s)   Get_miss   Min(us)  Max(us)    Avg(us)    Std_dev    Geo_dist  
Period   1        12490        12490        1.7        0          177      8713       956        726.06     819.81
Global   57       690553       12114        1.7        0          137      28278      985        855.43     819.91

Set Statistics
Type     Time(s)  Ops          TPS(ops/s)   Net(M/s)   Get_miss   Min(us)  Max(us)    Avg(us)    Std_dev    Geo_dist  
Period   1        126          126          0.0        0          282      7210       1001       831.48     841.50
Global   57       6982         122          0.0        0          194      8175       993        882.72     822.67

Total Statistics
Type     Time(s)  Ops          TPS(ops/s)   Net(M/s)   Get_miss   Min(us)  Max(us)    Avg(us)    Std_dev    Geo_dist  
Period   1        12617        12617        1.7        0          177      8713       956        727.72     820.02
Global   57       697536       12237        1.7        0          137      28278      985        855.80     819.94

[1;1H[2J
Get Statistics
Type     Time(s)  Ops          TPS(ops/s)   Net(M/s)   Get_miss   Min(us)  Max(us)    Avg(us)    Std_dev    Geo_dist  
Period   1        12160        12160        1.7        0          160      10347      982        727.32     848.46
Global   58       702713       12115        1.7        0          137      28278      985        853.32     820.40

Set Statistics
Type     Time(s)  Ops          TPS(ops/s)   Net(M/s)   Get_miss   Min(us)  Max(us)    Avg(us)    Std_dev    Geo_dist  
Period   1        122          122          0.0        0          295      6092       1000       779.75     845.82
Global   58       7104         122          0.0        0          194      8175       993        881.14     823.06

Total Statistics
Type     Time(s)  Ops          TPS(ops/s)   Net(M/s)   Get_miss   Min(us)  Max(us)    Avg(us)    Std_dev    Geo_dist  
Period   1        12282        12282        1.7        0          160      10347      982        728.08     848.87
Global   58       709818       12238        1.7        0          137      28278      985        853.69     820.43

[1;1H[2J
Get Statistics
Type     Time(s)  Ops          TPS(ops/s)   Net(M/s)   Get_miss   Min(us)  Max(us)    Avg(us)    Std_dev    Geo_dist  
Period   1        11439        11439        1.7        0          174      7936       1041       906.11     850.95
Global   59       714152       12104        1.6        0          137      28278      986        854.10     820.89

Set Statistics
Type     Time(s)  Ops          TPS(ops/s)   Net(M/s)   Get_miss   Min(us)  Max(us)    Avg(us)    Std_dev    Geo_dist  
Period   1        116          116          0.0        0          250      5314       1018       852.65     829.48
Global   59       7220         122          0.0        0          194      8175       993        881.09     823.17

Total Statistics
Type     Time(s)  Ops          TPS(ops/s)   Net(M/s)   Get_miss   Min(us)  Max(us)    Avg(us)    Std_dev    Geo_dist  
Period   1        11554        11554        1.7        0          174      7936       1040       906.53     851.23
Global   59       721372       12226        1.6        0          137      28278      986        854.45     820.91

[1;1H[2J
Get Statistics
Type     Time(s)  Ops          TPS(ops/s)   Net(M/s)   Get_miss   Min(us)  Max(us)    Avg(us)    Std_dev    Geo_dist  
Period   1        11800        11800        1.7        0          182      13816      1010       886.98     833.96
Global   60       725952       12099        1.6        0          137      28278      986        855.10     821.10

Set Statistics
Type     Time(s)  Ops          TPS(ops/s)   Net(M/s)   Get_miss   Min(us)  Max(us)    Avg(us)    Std_dev    Geo_dist  
Period   1        119          119          0.0        0          259      11629      1105       1242.68    860.70
Global   60       7339         122          0.0        0          194      11629      995        887.92     823.76

Total Statistics
Type     Time(s)  Ops          TPS(ops/s)   Net(M/s)   Get_miss   Min(us)  Max(us)    Avg(us)    Std_dev    Geo_dist  
Period   1        11919        11919        1.7        0          182      13816      1011       891.15     834.22
Global   60       733291       12221        1.6        0          137      28278      986        855.54     821.13

Get Statistics (725963 events)
   Min:       137
   Max:     28278
   Avg:       986
   Geo:    821.11
   Std:    855.09
   Log2 Dist:
       8:     3638   120917   393961   167266
      12:    28891    10881      399       10

Set Statistics (7340 events)
   Min:       194
   Max:     11629
   Avg:       995
   Geo:    823.78
   Std:    887.86
   Log2 Dist:
       8:       28     1249     3981     1683
      12:      268      130        1

Total Statistics (733303 events)
   Min:       137
   Max:     28278
   Avg:       986
   Geo:    821.13
   Std:    855.53
   Log2 Dist:
       8:     3666   122166   397942   168949
      12:    29159    11011      400       10

cmd_get: 725975
cmd_set: 7340
get_misses: 0
written_bytes: 17145586
read_bytes: 119842615
object_bytes: 1056960

Run time: 60.5s Ops: 733315 TPS: 12129 Net_rate: 2.2M/s
