servers : 10.0.0.7:9000
threads count: 97
concurrency: 97
run time: 60s
windows size: 10k
set proportion: set_prop=0.01
get proportion: get_prop=0.99
[1;1H[2J
Get Statistics
Type     Time(s)  Ops          TPS(ops/s)   Net(M/s)   Get_miss   Min(us)  Max(us)    Avg(us)    Std_dev    Geo_dist  
Period   1        24037        24037        3.3        0          262      62607      3966       3803.55    2572.63
Global   1        24037        24037        3.3        0          262      62607      3966       3803.55    2572.63

Set Statistics
Type     Time(s)  Ops          TPS(ops/s)   Net(M/s)   Get_miss   Min(us)  Max(us)    Avg(us)    Std_dev    Geo_dist  
Period   1        293          293          0.0        0          453      17374      3617       2903.49    2588.28
Global   1        293          293          0.0        0          453      17374      3617       2903.49    2588.28

Total Statistics
Type     Time(s)  Ops          TPS(ops/s)   Net(M/s)   Get_miss   Min(us)  Max(us)    Avg(us)    Std_dev    Geo_dist  
Period   1        24330        24330        3.3        0          262      62607      3962       3793.92    2572.82
Global   1        24330        24330        3.3        0          262      62607      3962       3793.92    2572.82

[1;1H[2J
Get Statistics
Type     Time(s)  Ops          TPS(ops/s)   Net(M/s)   Get_miss   Min(us)  Max(us)    Avg(us)    Std_dev    Geo_dist  
Period   1        23183        23183        3.2        0          293      30959      4118       3636.46    2662.82
Global   2        47220        23610        3.2        0          262      62607      4041       3722.78    2616.52

Set Statistics
Type     Time(s)  Ops          TPS(ops/s)   Net(M/s)   Get_miss   Min(us)  Max(us)    Avg(us)    Std_dev    Geo_dist  
Period   1        229          229          0.0        0          565      30994      4782       3892.63    3275.03
Global   2        522          261          0.0        0          453      30994      4128       3419.27    2869.78

Total Statistics
Type     Time(s)  Ops          TPS(ops/s)   Net(M/s)   Get_miss   Min(us)  Max(us)    Avg(us)    Std_dev    Geo_dist  
Period   1        23412        23412        3.3        0          293      30994      4125       3638.98    2668.22
Global   2        47742        23871        3.2        0          262      62607      4042       3719.52    2619.17

[1;1H[2J
Get Statistics
Type     Time(s)  Ops          TPS(ops/s)   Net(M/s)   Get_miss   Min(us)  Max(us)    Avg(us)    Std_dev    Geo_dist  
Period   1        22888        22888        3.2        0          231      57114      4188       4017.59    2670.96
Global   3        70108        23369        3.1        0          231      62607      4089       3822.11    2634.17

Set Statistics
Type     Time(s)  Ops          TPS(ops/s)   Net(M/s)   Get_miss   Min(us)  Max(us)    Avg(us)    Std_dev    Geo_dist  
Period   1        235          235          0.0        0          481      37177      4422       4337.64    2801.38
Global   3        757          252          0.0        0          453      37177      4219       3728.50    2848.37

Total Statistics
Type     Time(s)  Ops          TPS(ops/s)   Net(M/s)   Get_miss   Min(us)  Max(us)    Avg(us)    Std_dev    Geo_dist  
Period   1        23123        23123        3.2        0          231      57114      4191       4020.29    2672.25
Global   3        70865        23621        3.2        0          231      62607      4090       3821.54    2636.37

[1;1H[2J
Get Statistics
Type     Time(s)  Ops          TPS(ops/s)   Net(M/s)   Get_miss   Min(us)  Max(us)    Avg(us)    Std_dev    Geo_dist  
Period   1        23538        23538        3.2        0          220      39638      4064       3736.96    2596.14
Global   4        93646        23411        3.2        0          220      62607      4083       3800.58    2624.56

Set Statistics
Type     Time(s)  Ops          TPS(ops/s)   Net(M/s)   Get_miss   Min(us)  Max(us)    Avg(us)    Std_dev    Geo_dist  
Period   1        234          234          0.0        0          407      20277      4215       3762.06    2722.34
Global   4        991          247          0.0        0          407      37177      4218       3734.61    2818.09

Total Statistics
Type     Time(s)  Ops          TPS(ops/s)   Net(M/s)   Get_miss   Min(us)  Max(us)    Avg(us)    Std_dev    Geo_dist  
Period   1        23772        23772        3.2        0          220      39638      4065       3737.69    2597.35
Global   4        94637        23659        3.3        0          220      62607      4084       3800.34    2626.52

[1;1H[2J
Get Statistics
Type     Time(s)  Ops          TPS(ops/s)   Net(M/s)   Get_miss   Min(us)  Max(us)    Avg(us)    Std_dev    Geo_dist  
Period   1        23469        23469        3.2        0          213      47801      4019       3914.37    2521.34
Global   5        117115       23423        3.2        0          213      62607      4070       3823.91    2603.54

Set Statistics
Type     Time(s)  Ops          TPS(ops/s)   Net(M/s)   Get_miss   Min(us)  Max(us)    Avg(us)    Std_dev    Geo_dist  
Period   1        242          242          0.0        0          502      16241      4413       3662.91    2919.68
Global   5        1233         246          0.0        0          407      37177      4257       3719.14    2837.75

Total Statistics
Type     Time(s)  Ops          TPS(ops/s)   Net(M/s)   Get_miss   Min(us)  Max(us)    Avg(us)    Std_dev    Geo_dist  
Period   1        23711        23711        3.3        0          213      47801      4024       3911.00    2525.12
Global   5        118348       23669        3.3        0          213      62607      4072       3822.81    2605.88

[1;1H[2J
Get Statistics
Type     Time(s)  Ops          TPS(ops/s)   Net(M/s)   Get_miss   Min(us)  Max(us)    Avg(us)    Std_dev    Geo_dist  
Period   1        22430        22430        3.2        0          212      42438      4242       3868.27    2657.14
Global   6        139545       23257        3.1        0          212      62607      4098       3831.20    2612.08

Set Statistics
Type     Time(s)  Ops          TPS(ops/s)   Net(M/s)   Get_miss   Min(us)  Max(us)    Avg(us)    Std_dev    Geo_dist  
Period   1        229          229          0.0        0          333      31714      4285       3848.75    2735.95
Global   6        1462         243          0.0        0          333      37177      4261       3738.85    2821.56

Total Statistics
Type     Time(s)  Ops          TPS(ops/s)   Net(M/s)   Get_miss   Min(us)  Max(us)    Avg(us)    Std_dev    Geo_dist  
Period   1        22659        22659        3.2        0          212      42438      4243       3867.37    2657.93
Global   6        141007       23501        3.1        0          212      62607      4099       3831.02    2614.17

[1;1H[2J
Get Statistics
Type     Time(s)  Ops          TPS(ops/s)   Net(M/s)   Get_miss   Min(us)  Max(us)    Avg(us)    Std_dev    Geo_dist  
Period   1        23069        23069        3.2        0          189      31128      4096       3753.63    2649.69
Global   7        162614       23230        3.2        0          189      62607      4097       3821.05    2617.39

Set Statistics
Type     Time(s)  Ops          TPS(ops/s)   Net(M/s)   Get_miss   Min(us)  Max(us)    Avg(us)    Std_dev    Geo_dist  
Period   1        230          230          0.0        0          462      27124      4223       3892.02    2692.36
Global   7        1692         241          0.0        0          333      37177      4256       3758.70    2803.64

Total Statistics
Type     Time(s)  Ops          TPS(ops/s)   Net(M/s)   Get_miss   Min(us)  Max(us)    Avg(us)    Std_dev    Geo_dist  
Period   1        23299        23299        3.2        0          189      31128      4097       3755.24    2650.11
Global   7        164306       23472        3.2        0          189      62607      4099       3820.05    2619.24

[1;1H[2J
Get Statistics
Type     Time(s)  Ops          TPS(ops/s)   Net(M/s)   Get_miss   Min(us)  Max(us)    Avg(us)    Std_dev    Geo_dist  
Period   1        23183        23183        3.2        0          270      54930      4105       3892.78    2630.80
Global   8        185797       23224        3.2        0          189      62607      4098       3830.06    2619.06

Set Statistics
Type     Time(s)  Ops          TPS(ops/s)   Net(M/s)   Get_miss   Min(us)  Max(us)    Avg(us)    Std_dev    Geo_dist  
Period   1        237          237          0.0        0          498      21314      3795       3563.61    2448.60
Global   8        1929         241          0.0        0          333      37177      4199       3737.86    2757.38

Total Statistics
Type     Time(s)  Ops          TPS(ops/s)   Net(M/s)   Get_miss   Min(us)  Max(us)    Avg(us)    Std_dev    Geo_dist  
Period   1        23420        23420        3.2        0          270      54930      4102       3889.50    2628.89
Global   8        187726       23465        3.2        0          189      62607      4099       3829.17    2620.44

[1;1H[2J
Get Statistics
Type     Time(s)  Ops          TPS(ops/s)   Net(M/s)   Get_miss   Min(us)  Max(us)    Avg(us)    Std_dev    Geo_dist  
Period   1        24087        24087        3.2        0          267      59579      3971       3821.76    2484.62
Global   9        209884       23320        3.3        0          189      62607      4084       3828.70    2603.27

Set Statistics
Type     Time(s)  Ops          TPS(ops/s)   Net(M/s)   Get_miss   Min(us)  Max(us)    Avg(us)    Std_dev    Geo_dist  
Period   1        236          236          0.0        0          413      20011      3974       3772.19    2460.03
Global   9        2165         240          0.0        0          333      37177      4175       3740.81    2723.30

Total Statistics
Type     Time(s)  Ops          TPS(ops/s)   Net(M/s)   Get_miss   Min(us)  Max(us)    Avg(us)    Std_dev    Geo_dist  
Period   1        24323        24323        3.2        0          267      59579      3971       3821.23    2484.38
Global   9        212049       23561        3.3        0          189      62607      4085       3827.74    2604.46

[1;1H[2J
Get Statistics
Type     Time(s)  Ops          TPS(ops/s)   Net(M/s)   Get_miss   Min(us)  Max(us)    Avg(us)    Std_dev    Geo_dist  
Period   1        23462        23462        3.2        0          222      36507      4010       3617.41    2602.54
Global   10       233346       23334        3.2        0          189      62607      4076       3808.64    2603.19

Set Statistics
Type     Time(s)  Ops          TPS(ops/s)   Net(M/s)   Get_miss   Min(us)  Max(us)    Avg(us)    Std_dev    Geo_dist  
Period   1        238          238          0.0        0          442      12621      3921       3212.12    2682.34
Global   10       2403         240          0.0        0          333      37177      4150       3691.82    2719.21

Total Statistics
Type     Time(s)  Ops          TPS(ops/s)   Net(M/s)   Get_miss   Min(us)  Max(us)    Avg(us)    Std_dev    Geo_dist  
Period   1        23700        23700        3.2        0          222      36507      4009       3613.63    2603.33
Global   10       235749       23574        3.3        0          189      62607      4077       3807.21    2604.35

[1;1H[2J
Get Statistics
Type     Time(s)  Ops          TPS(ops/s)   Net(M/s)   Get_miss   Min(us)  Max(us)    Avg(us)    Std_dev    Geo_dist  
Period   1        22558        22558        3.2        0          247      52118      4234       4043.46    2649.91
Global   11       255904       23264        3.1        0          189      62607      4090       3830.10    2607.28

Set Statistics
Type     Time(s)  Ops          TPS(ops/s)   Net(M/s)   Get_miss   Min(us)  Max(us)    Avg(us)    Std_dev    Geo_dist  
Period   1        231          231          0.0        0          288      19165      4091       3659.05    2596.20
Global   11       2634         239          0.0        0          288      37177      4144       3689.24    2708.19

Total Statistics
Type     Time(s)  Ops          TPS(ops/s)   Net(M/s)   Get_miss   Min(us)  Max(us)    Avg(us)    Std_dev    Geo_dist  
Period   1        22789        22789        3.2        0          247      52118      4233       4039.22    2649.36
Global   11       258538       23503        3.1        0          189      62607      4091       3828.21    2608.29

[1;1H[2J
Get Statistics
Type     Time(s)  Ops          TPS(ops/s)   Net(M/s)   Get_miss   Min(us)  Max(us)    Avg(us)    Std_dev    Geo_dist  
Period   1        23368        23368        3.2        0          213      69382      4116       4089.48    2565.89
Global   12       279272       23272        3.2        0          189      69382      4092       3852.66    2603.79

Set Statistics
Type     Time(s)  Ops          TPS(ops/s)   Net(M/s)   Get_miss   Min(us)  Max(us)    Avg(us)    Std_dev    Geo_dist  
Period   1        229          229          0.0        0          294      24094      4112       4047.44    2532.84
Global   12       2863         238          0.0        0          288      37177      4142       3717.78    2693.73

Total Statistics
Type     Time(s)  Ops          TPS(ops/s)   Net(M/s)   Get_miss   Min(us)  Max(us)    Avg(us)    Std_dev    Geo_dist  
Period   1        23597        23597        3.2        0          213      69382      4116       4088.95    2565.57
Global   12       282135       23511        3.2        0          189      69382      4093       3850.79    2604.69

[1;1H[2J
Get Statistics
Type     Time(s)  Ops          TPS(ops/s)   Net(M/s)   Get_miss   Min(us)  Max(us)    Avg(us)    Std_dev    Geo_dist  
Period   1        23694        23694        3.2        0          228      38335      4054       3576.72    2614.26
Global   13       302966       23305        3.3        0          189      69382      4089       3831.83    2604.61

Set Statistics
Type     Time(s)  Ops          TPS(ops/s)   Net(M/s)   Get_miss   Min(us)  Max(us)    Avg(us)    Std_dev    Geo_dist  
Period   1        243          243          0.0        0          421      21034      4251       3759.80    2724.66
Global   13       3106         238          0.0        0          288      37177      4150       3721.18    2696.14

Total Statistics
Type     Time(s)  Ops          TPS(ops/s)   Net(M/s)   Get_miss   Min(us)  Max(us)    Avg(us)    Std_dev    Geo_dist  
Period   1        23937        23937        3.2        0          228      38335      4056       3578.60    2615.36
Global   13       306072       23544        3.3        0          189      69382      4090       3830.32    2605.52

[1;1H[2J
Get Statistics
Type     Time(s)  Ops          TPS(ops/s)   Net(M/s)   Get_miss   Min(us)  Max(us)    Avg(us)    Std_dev    Geo_dist  
Period   1        23098        23098        3.2        0          209      27588      4161       3520.52    2754.70
Global   14       326064       23290        3.2        0          189      69382      4094       3810.76    2614.96

Set Statistics
Type     Time(s)  Ops          TPS(ops/s)   Net(M/s)   Get_miss   Min(us)  Max(us)    Avg(us)    Std_dev    Geo_dist  
Period   1        239          239          0.0        0          502      22658      4475       3778.75    2945.74
Global   14       3345         238          0.0        0          288      37177      4174       3724.82    2713.25

Total Statistics
Type     Time(s)  Ops          TPS(ops/s)   Net(M/s)   Get_miss   Min(us)  Max(us)    Avg(us)    Std_dev    Geo_dist  
Period   1        23337        23337        3.2        0          209      27588      4164       3523.57    2756.60
Global   14       329409       23529        3.2        0          189      69382      4095       3809.70    2615.94

[1;1H[2J
Get Statistics
Type     Time(s)  Ops          TPS(ops/s)   Net(M/s)   Get_miss   Min(us)  Max(us)    Avg(us)    Std_dev    Geo_dist  
Period   1        23332        23332        3.2        0          208      67793      4065       4286.08    2528.42
Global   15       349396       23293        3.2        0          189      69382      4092       3844.40    2609.09

Set Statistics
Type     Time(s)  Ops          TPS(ops/s)   Net(M/s)   Get_miss   Min(us)  Max(us)    Avg(us)    Std_dev    Geo_dist  
Period   1        234          234          0.0        0          552      47847      4600       4979.15    2871.23
Global   15       3579         238          0.0        0          288      47847      4201       3820.95    2723.31

Total Statistics
Type     Time(s)  Ops          TPS(ops/s)   Net(M/s)   Get_miss   Min(us)  Max(us)    Avg(us)    Std_dev    Geo_dist  
Period   1        23566        23566        3.2        0          208      67793      4070       4294.02    2531.62
Global   15       352975       23531        3.2        0          189      69382      4094       3843.22    2610.23

[1;1H[2J
Get Statistics
Type     Time(s)  Ops          TPS(ops/s)   Net(M/s)   Get_miss   Min(us)  Max(us)    Avg(us)    Std_dev    Geo_dist  
Period   1        21892        21892        3.2        0          208      93862      4358       4658.95    2602.80
Global   16       371288       23205        3.0        0          189      93862      4108       3897.32    2608.72

Set Statistics
Type     Time(s)  Ops          TPS(ops/s)   Net(M/s)   Get_miss   Min(us)  Max(us)    Avg(us)    Std_dev    Geo_dist  
Period   1        220          220          0.0        0          392      41715      4535       5158.37    2676.98
Global   16       3799         237          0.0        0          288      47847      4221       3910.09    2720.60

Total Statistics
Type     Time(s)  Ops          TPS(ops/s)   Net(M/s)   Get_miss   Min(us)  Max(us)    Avg(us)    Std_dev    Geo_dist  
Period   1        22112        22112        3.2        0          208      93862      4360       4663.87    2603.53
Global   16       375087       23442        3.0        0          189      93862      4109       3897.61    2609.83

[1;1H[2J
Get Statistics
Type     Time(s)  Ops          TPS(ops/s)   Net(M/s)   Get_miss   Min(us)  Max(us)    Avg(us)    Std_dev    Geo_dist  
Period   1        23338        23338        3.2        0          308      47598      4114       3909.22    2623.87
Global   17       394626       23213        3.2        0          189      93862      4109       3897.34    2609.62

Set Statistics
Type     Time(s)  Ops          TPS(ops/s)   Net(M/s)   Get_miss   Min(us)  Max(us)    Avg(us)    Std_dev    Geo_dist  
Period   1        235          235          0.0        0          524      28208      4413       4492.14    2720.91
Global   17       4034         237          0.0        0          288      47847      4232       3946.18    2720.62

Total Statistics
Type     Time(s)  Ops          TPS(ops/s)   Net(M/s)   Get_miss   Min(us)  Max(us)    Avg(us)    Std_dev    Geo_dist  
Period   1        23573        23573        3.2        0          308      47598      4117       3915.44    2624.82
Global   17       398660       23450        3.2        0          189      93862      4110       3898.11    2610.72

[1;1H[2J
Get Statistics
Type     Time(s)  Ops          TPS(ops/s)   Net(M/s)   Get_miss   Min(us)  Max(us)    Avg(us)    Std_dev    Geo_dist  
Period   1        23865        23865        3.2        0          268      56003      4024       3747.27    2612.53
Global   18       418491       23249        3.3        0          189      93862      4104       3889.14    2609.78

Set Statistics
Type     Time(s)  Ops          TPS(ops/s)   Net(M/s)   Get_miss   Min(us)  Max(us)    Avg(us)    Std_dev    Geo_dist  
Period   1        242          242          0.0        0          472      21719      4231       4016.35    2703.90
Global   18       4276         237          0.0        0          288      47847      4232       3949.65    2719.67

Total Statistics
Type     Time(s)  Ops          TPS(ops/s)   Net(M/s)   Get_miss   Min(us)  Max(us)    Avg(us)    Std_dev    Geo_dist  
Period   1        24107        24107        3.2        0          268      56003      4026       3750.12    2613.43
Global   18       422767       23487        3.3        0          189      93862      4105       3890.09    2610.87

[1;1H[2J
Get Statistics
Type     Time(s)  Ops          TPS(ops/s)   Net(M/s)   Get_miss   Min(us)  Max(us)    Avg(us)    Std_dev    Geo_dist  
Period   1        23342        23342        3.2        0          212      60193      4069       3925.23    2530.28
Global   19       441833       23254        3.2        0          189      93862      4102       3891.22    2605.52

Set Statistics
Type     Time(s)  Ops          TPS(ops/s)   Net(M/s)   Get_miss   Min(us)  Max(us)    Avg(us)    Std_dev    Geo_dist  
Period   1        238          238          0.0        0          453      61098      4761       5509.27    2841.13
Global   19       4514         237          0.0        0          288      61098      4260       4047.72    2725.94

Total Statistics
Type     Time(s)  Ops          TPS(ops/s)   Net(M/s)   Get_miss   Min(us)  Max(us)    Avg(us)    Std_dev    Geo_dist  
Period   1        23580        23580        3.2        0          212      61098      4076       3944.82    2533.25
Global   19       446347       23491        3.2        0          189      93862      4103       3893.49    2606.71

[1;1H[2J
Get Statistics
Type     Time(s)  Ops          TPS(ops/s)   Net(M/s)   Get_miss   Min(us)  Max(us)    Avg(us)    Std_dev    Geo_dist  
Period   1        23593        23593        3.2        0          230      45993      4065       3805.04    2587.37
Global   20       465426       23271        3.2        0          189      93862      4100       3887.04    2604.60

Set Statistics
Type     Time(s)  Ops          TPS(ops/s)   Net(M/s)   Get_miss   Min(us)  Max(us)    Avg(us)    Std_dev    Geo_dist  
Period   1        240          240          0.0        0          468      17561      3925       3636.94    2518.43
Global   20       4754         237          0.0        0          288      61098      4243       4028.40    2715.07

Total Statistics
Type     Time(s)  Ops          TPS(ops/s)   Net(M/s)   Get_miss   Min(us)  Max(us)    Avg(us)    Std_dev    Geo_dist  
Period   1        23833        23833        3.2        0          230      45993      4064       3802.90    2586.66
Global   20       470180       23509        3.3        0          189      93862      4101       3888.98    2605.69

[1;1H[2J
Get Statistics
Type     Time(s)  Ops          TPS(ops/s)   Net(M/s)   Get_miss   Min(us)  Max(us)    Avg(us)    Std_dev    Geo_dist  
Period   1        23184        23184        3.2        0          225      57550      4147       4015.49    2628.00
Global   21       488610       23267        3.2        0          189      93862      4102       3893.48    2605.70

Set Statistics
Type     Time(s)  Ops          TPS(ops/s)   Net(M/s)   Get_miss   Min(us)  Max(us)    Avg(us)    Std_dev    Geo_dist  
Period   1        232          232          0.0        0          426      21485      4232       3899.03    2698.85
Global   21       4986         237          0.0        0          288      61098      4242       4022.61    2714.31

Total Statistics
Type     Time(s)  Ops          TPS(ops/s)   Net(M/s)   Get_miss   Min(us)  Max(us)    Avg(us)    Std_dev    Geo_dist  
Period   1        23416        23416        3.2        0          225      57550      4147       4015.15    2628.70
Global   21       493596       23504        3.2        0          189      93862      4104       3894.21    2606.78

[1;1H[2J
Get Statistics
Type     Time(s)  Ops          TPS(ops/s)   Net(M/s)   Get_miss   Min(us)  Max(us)    Avg(us)    Std_dev    Geo_dist  
Period   1        23889        23889        3.2        0          220      42503      3975       3561.23    2586.88
Global   22       512499       23295        3.3        0          189      93862      4096       3878.80    2604.82

Set Statistics
Type     Time(s)  Ops          TPS(ops/s)   Net(M/s)   Get_miss   Min(us)  Max(us)    Avg(us)    Std_dev    Geo_dist  
Period   1        242          242          0.0        0          210      20077      4042       3566.33    2607.00
Global   22       5228         237          0.0        0          210      61098      4233       4002.27    2709.25

Total Statistics
Type     Time(s)  Ops          TPS(ops/s)   Net(M/s)   Get_miss   Min(us)  Max(us)    Avg(us)    Std_dev    Geo_dist  
Period   1        24131        24131        3.2        0          210      42503      3975       3561.96    2587.08
Global   22       517727       23533        3.3        0          189      93862      4098       3879.43    2605.86

[1;1H[2J
Get Statistics
Type     Time(s)  Ops          TPS(ops/s)   Net(M/s)   Get_miss   Min(us)  Max(us)    Avg(us)    Std_dev    Geo_dist  
Period   1        22627        22627        3.2        0          207      37926      4214       4248.07    2627.51
Global   23       535126       23266        3.1        0          189      93862      4101       3895.18    2605.78

Set Statistics
Type     Time(s)  Ops          TPS(ops/s)   Net(M/s)   Get_miss   Min(us)  Max(us)    Avg(us)    Std_dev    Geo_dist  
Period   1        225          225          0.0        0          425      28232      4169       3854.61    2678.03
Global   23       5453         237          0.0        0          210      61098      4230       3996.35    2707.95

Total Statistics
Type     Time(s)  Ops          TPS(ops/s)   Net(M/s)   Get_miss   Min(us)  Max(us)    Avg(us)    Std_dev    Geo_dist  
Period   1        22856        22856        3.2        0          207      37926      4214       4244.27    2628.48
Global   23       540583       23503        3.1        0          189      93862      4103       3895.51    2606.81

[1;1H[2J
Get Statistics
Type     Time(s)  Ops          TPS(ops/s)   Net(M/s)   Get_miss   Min(us)  Max(us)    Avg(us)    Std_dev    Geo_dist  
Period   1        22737        22737        3.2        0          258      37368      4174       3856.36    2712.90
Global   24       557863       23244        3.1        0          189      93862      4104       3893.64    2610.19

Set Statistics
Type     Time(s)  Ops          TPS(ops/s)   Net(M/s)   Get_miss   Min(us)  Max(us)    Avg(us)    Std_dev    Geo_dist  
Period   1        227          227          0.0        0          592      22256      4265       3742.58    2832.68
Global   24       5680         236          0.0        0          210      61098      4232       3985.57    2712.83

Total Statistics
Type     Time(s)  Ops          TPS(ops/s)   Net(M/s)   Get_miss   Min(us)  Max(us)    Avg(us)    Std_dev    Geo_dist  
Period   1        22960        22960        3.2        0          258      37368      4175       3855.52    2716.75
Global   24       563543       23480        3.2        0          189      93862      4106       3893.84    2611.20

[1;1H[2J
Get Statistics
Type     Time(s)  Ops          TPS(ops/s)   Net(M/s)   Get_miss   Min(us)  Max(us)    Avg(us)    Std_dev    Geo_dist  
Period   1        23237        23237        3.2        0          319      55566      4090       3794.64    2684.62
Global   25       581100       23244        3.2        0          189      93862      4104       3889.14    2613.12

Set Statistics
Type     Time(s)  Ops          TPS(ops/s)   Net(M/s)   Get_miss   Min(us)  Max(us)    Avg(us)    Std_dev    Geo_dist  
Period   1        234          234          0.0        0          417      23774      4356       3953.34    2808.02
Global   25       5914         236          0.0        0          210      61098      4237       3983.94    2716.54

Total Statistics
Type     Time(s)  Ops          TPS(ops/s)   Net(M/s)   Get_miss   Min(us)  Max(us)    Avg(us)    Std_dev    Geo_dist  
Period   1        23471        23471        3.2        0          319      55566      4093       3795.88    2685.82
Global   25       587014       23480        3.2        0          189      93862      4105       3890.48    2614.14

[1;1H[2J
Get Statistics
Type     Time(s)  Ops          TPS(ops/s)   Net(M/s)   Get_miss   Min(us)  Max(us)    Avg(us)    Std_dev    Geo_dist  
Period   1        23433        23433        3.2        0          249      61041      4105       4266.69    2593.51
Global   26       604533       23251        3.2        0          189      93862      4104       3904.49    2612.36

Set Statistics
Type     Time(s)  Ops          TPS(ops/s)   Net(M/s)   Get_miss   Min(us)  Max(us)    Avg(us)    Std_dev    Geo_dist  
Period   1        237          237          0.0        0          515      33652      4581       4131.15    3030.96
Global   26       6151         236          0.0        0          210      61098      4250       3990.19    2728.02

Total Statistics
Type     Time(s)  Ops          TPS(ops/s)   Net(M/s)   Get_miss   Min(us)  Max(us)    Avg(us)    Std_dev    Geo_dist  
Period   1        23670        23670        3.2        0          249      61041      4110       4265.31    2597.56
Global   26       610684       23487        3.3        0          189      93862      4105       3905.88    2613.50

[1;1H[2J
Get Statistics
Type     Time(s)  Ops          TPS(ops/s)   Net(M/s)   Get_miss   Min(us)  Max(us)    Avg(us)    Std_dev    Geo_dist  
Period   1        22752        22752        3.2        0          275      64142      4186       4010.13    2653.02
Global   27       627285       23232        3.1        0          189      93862      4107       3908.37    2613.82

Set Statistics
Type     Time(s)  Ops          TPS(ops/s)   Net(M/s)   Get_miss   Min(us)  Max(us)    Avg(us)    Std_dev    Geo_dist  
Period   1        236          236          0.0        0          446      14868      4288       3574.40    2840.33
Global   27       6387         236          0.0        0          210      61098      4251       3975.78    2732.09

Total Statistics
Type     Time(s)  Ops          TPS(ops/s)   Net(M/s)   Get_miss   Min(us)  Max(us)    Avg(us)    Std_dev    Geo_dist  
Period   1        22988        22988        3.2        0          275      64142      4187       4005.89    2654.88
Global   27       633672       23469        3.2        0          189      93862      4108       3909.55    2614.99

[1;1H[2J
Get Statistics
Type     Time(s)  Ops          TPS(ops/s)   Net(M/s)   Get_miss   Min(us)  Max(us)    Avg(us)    Std_dev    Geo_dist  
Period   1        22339        22339        3.2        0          281      61455      4289       4754.84    2700.38
Global   28       649624       23200        3.1        0          189      93862      4113       3940.90    2616.75

Set Statistics
Type     Time(s)  Ops          TPS(ops/s)   Net(M/s)   Get_miss   Min(us)  Max(us)    Avg(us)    Std_dev    Geo_dist  
Period   1        223          223          0.0        0          427      23108      4291       3709.65    2825.88
Global   28       6610         236          0.0        0          210      61098      4253       3966.14    2735.21

Total Statistics
Type     Time(s)  Ops          TPS(ops/s)   Net(M/s)   Get_miss   Min(us)  Max(us)    Avg(us)    Std_dev    Geo_dist  
Period   1        22562        22562        3.2        0          281      61455      4289       4745.59    2701.59
Global   28       656234       23436        3.1        0          189      93862      4114       3941.61    2617.92

[1;1H[2J
Get Statistics
Type     Time(s)  Ops          TPS(ops/s)   Net(M/s)   Get_miss   Min(us)  Max(us)    Avg(us)    Std_dev    Geo_dist  
Period   1        21937        21937        3.2        0          274      69206      4351       3890.25    2915.30
Global   29       671561       23157        3.0        0          189      93862      4121       3939.25    2626.00

Set Statistics
Type     Time(s)  Ops          TPS(ops/s)   Net(M/s)   Get_miss   Min(us)  Max(us)    Avg(us)    Std_dev    Geo_dist  
Period   1        226          226          0.0        0          414      25027      4465       3803.39    3057.71
Global   29       6836         235          0.0        0          210      61098      4260       3960.79    2745.30

Total Statistics
Type     Time(s)  Ops          TPS(ops/s)   Net(M/s)   Get_miss   Min(us)  Max(us)    Avg(us)    Std_dev    Geo_dist  
Period   1        22163        22163        3.2        0          274      69206      4352       3889.48    2916.72
Global   29       678397       23393        3.0        0          189      93862      4122       3939.90    2627.18

[1;1H[2J
Get Statistics
Type     Time(s)  Ops          TPS(ops/s)   Net(M/s)   Get_miss   Min(us)  Max(us)    Avg(us)    Std_dev    Geo_dist  
Period   1        23328        23328        3.2        0          286      220118     4134       4141.58    2700.13
Global   30       694889       23162        3.2        0          189      220118     4121       3946.66    2628.46

Set Statistics
Type     Time(s)  Ops          TPS(ops/s)   Net(M/s)   Get_miss   Min(us)  Max(us)    Avg(us)    Std_dev    Geo_dist  
Period   1        227          227          0.0        0          548      21774      4025       3585.84    2688.69
Global   30       7063         235          0.0        0          210      61098      4252       3949.76    2743.47

Total Statistics
Type     Time(s)  Ops          TPS(ops/s)   Net(M/s)   Get_miss   Min(us)  Max(us)    Avg(us)    Std_dev    Geo_dist  
Period   1        23565        23565        3.2        0          286      220118     4134       4136.08    2701.07
Global   30       701962       23398        3.2        0          189      220118     4123       3946.02    2629.63

[1;1H[2J
Get Statistics
Type     Time(s)  Ops          TPS(ops/s)   Net(M/s)   Get_miss   Min(us)  Max(us)    Avg(us)    Std_dev    Geo_dist  
Period   1        23839        23839        3.2        0          294      41122      3987       3697.22    2612.19
Global   31       718728       23184        3.3        0          189      220118     4117       3938.25    2627.95

Set Statistics
Type     Time(s)  Ops          TPS(ops/s)   Net(M/s)   Get_miss   Min(us)  Max(us)    Avg(us)    Std_dev    Geo_dist  
Period   1        242          242          0.0        0          402      21343      4141       3677.65    2771.95
Global   31       7305         235          0.0        0          210      61098      4249       3940.13    2744.40

Total Statistics
Type     Time(s)  Ops          TPS(ops/s)   Net(M/s)   Get_miss   Min(us)  Max(us)    Avg(us)    Std_dev    Geo_dist  
Period   1        24071        24071        3.2        0          294      41122      3987       3697.61    2612.70
Global   31       726033       23420        3.3        0          189      220118     4118       3938.63    2629.10

[1;1H[2J
Get Statistics
Type     Time(s)  Ops          TPS(ops/s)   Net(M/s)   Get_miss   Min(us)  Max(us)    Avg(us)    Std_dev    Geo_dist  
Period   1        23488        23488        3.2        0          265      61597      4054       4175.48    2584.09
Global   32       742216       23194        3.2        0          189      220118     4115       3946.00    2626.55

Set Statistics
Type     Time(s)  Ops          TPS(ops/s)   Net(M/s)   Get_miss   Min(us)  Max(us)    Avg(us)    Std_dev    Geo_dist  
Period   1        239          239          0.0        0          443      47302      4570       5153.64    2848.99
Global   32       7544         235          0.0        0          210      61098      4259       3984.39    2747.66

Total Statistics
Type     Time(s)  Ops          TPS(ops/s)   Net(M/s)   Get_miss   Min(us)  Max(us)    Avg(us)    Std_dev    Geo_dist  
Period   1        23727        23727        3.2        0          265      61597      4059       4186.85    2586.63
Global   32       749760       23430        3.3        0          189      220118     4116       3946.88    2627.74

[1;1H[2J
Get Statistics
Type     Time(s)  Ops          TPS(ops/s)   Net(M/s)   Get_miss   Min(us)  Max(us)    Avg(us)    Std_dev    Geo_dist  
Period   1        23652        23652        3.2        0          259      91001      4012       4320.29    2539.75
Global   33       765868       23208        3.2        0          189      220118     4112       3957.93    2623.83

Set Statistics
Type     Time(s)  Ops          TPS(ops/s)   Net(M/s)   Get_miss   Min(us)  Max(us)    Avg(us)    Std_dev    Geo_dist  
Period   1        241          241          0.0        0          307      33984      4012       4120.71    2560.68
Global   33       7785         235          0.0        0          210      61098      4251       3989.02    2741.67

Total Statistics
Type     Time(s)  Ops          TPS(ops/s)   Net(M/s)   Get_miss   Min(us)  Max(us)    Avg(us)    Std_dev    Geo_dist  
Period   1        23893        23893        3.2        0          259      91001      4012       4318.24    2539.96
Global   33       773653       23444        3.3        0          189      220118     4113       3958.68    2624.99

[1;1H[2J
Get Statistics
Type     Time(s)  Ops          TPS(ops/s)   Net(M/s)   Get_miss   Min(us)  Max(us)    Avg(us)    Std_dev    Geo_dist  
Period   1        23011        23011        3.2        0          216      33765      4141       3674.74    2766.59
Global   34       788879       23202        3.2        0          189      220118     4112       3950.84    2627.88

Set Statistics
Type     Time(s)  Ops          TPS(ops/s)   Net(M/s)   Get_miss   Min(us)  Max(us)    Avg(us)    Std_dev    Geo_dist  
Period   1        236          236          0.0        0          428      43233      4707       4667.73    3058.83
Global   34       8021         235          0.0        0          210      61098      4264       4011.47    2750.52

Total Statistics
Type     Time(s)  Ops          TPS(ops/s)   Net(M/s)   Get_miss   Min(us)  Max(us)    Avg(us)    Std_dev    Geo_dist  
Period   1        23247        23247        3.2        0          216      43233      4147       3686.18    2769.42
Global   34       796900       23438        3.2        0          189      220118     4114       3951.00    2629.09

[1;1H[2J
Get Statistics
Type     Time(s)  Ops          TPS(ops/s)   Net(M/s)   Get_miss   Min(us)  Max(us)    Avg(us)    Std_dev    Geo_dist  
Period   1        23066        23066        3.2        0          259      59718      4134       4064.72    2669.87
Global   35       811945       23198        3.2        0          189      220118     4113       3953.73    2629.07

Set Statistics
Type     Time(s)  Ops          TPS(ops/s)   Net(M/s)   Get_miss   Min(us)  Max(us)    Avg(us)    Std_dev    Geo_dist  
Period   1        228          228          0.0        0          387      30864      4064       4028.61    2605.12
Global   35       8249         235          0.0        0          210      61098      4259       4011.28    2746.39

Total Statistics
Type     Time(s)  Ops          TPS(ops/s)   Net(M/s)   Get_miss   Min(us)  Max(us)    Avg(us)    Std_dev    Geo_dist  
Period   1        23294        23294        3.2        0          259      59718      4133       4064.60    2669.23
Global   35       820194       23434        3.2        0          189      220118     4115       3953.79    2630.22

[1;1H[2J
Get Statistics
Type     Time(s)  Ops          TPS(ops/s)   Net(M/s)   Get_miss   Min(us)  Max(us)    Avg(us)    Std_dev    Geo_dist  
Period   1        23719        23719        3.2        0          251      43105      4032       3734.23    2680.66
Global   36       835664       23212        3.3        0          189      220118     4111       3947.38    2630.52

Set Statistics
Type     Time(s)  Ops          TPS(ops/s)   Net(M/s)   Get_miss   Min(us)  Max(us)    Avg(us)    Std_dev    Geo_dist  
Period   1        239          239          0.0        0          523      16072      4152       3734.86    2764.26
Global   36       8488         235          0.0        0          210      61098      4256       4003.57    2746.89

Total Statistics
Type     Time(s)  Ops          TPS(ops/s)   Net(M/s)   Get_miss   Min(us)  Max(us)    Avg(us)    Std_dev    Geo_dist  
Period   1        23958        23958        3.2        0          251      43105      4034       3733.31    2681.48
Global   36       844152       23448        3.3        0          189      220118     4112       3948.45    2631.66

[1;1H[2J
Get Statistics
Type     Time(s)  Ops          TPS(ops/s)   Net(M/s)   Get_miss   Min(us)  Max(us)    Avg(us)    Std_dev    Geo_dist  
Period   1        23209        23209        3.2        0          247      72351      4115       4491.38    2546.53
Global   37       858873       23212        3.2        0          189      220118     4111       3963.17    2628.21

Set Statistics
Type     Time(s)  Ops          TPS(ops/s)   Net(M/s)   Get_miss   Min(us)  Max(us)    Avg(us)    Std_dev    Geo_dist  
Period   1        240          240          0.0        0          352      38766      4659       4818.47    2918.62
Global   37       8728         235          0.0        0          210      61098      4267       4028.48    2751.48

Total Statistics
Type     Time(s)  Ops          TPS(ops/s)   Net(M/s)   Get_miss   Min(us)  Max(us)    Avg(us)    Std_dev    Geo_dist  
Period   1        23449        23449        3.2        0          247      72351      4120       4495.59    2550.09
Global   37       867601       23448        3.2        0          189      220118     4112       3964.45    2629.42

[1;1H[2J
Get Statistics
Type     Time(s)  Ops          TPS(ops/s)   Net(M/s)   Get_miss   Min(us)  Max(us)    Avg(us)    Std_dev    Geo_dist  
Period   1        23544        23544        3.2        0          201      53373      4062       3995.40    2608.27
Global   38       882417       23221        3.2        0          189      220118     4110       3963.72    2627.68

Set Statistics
Type     Time(s)  Ops          TPS(ops/s)   Net(M/s)   Get_miss   Min(us)  Max(us)    Avg(us)    Std_dev    Geo_dist  
Period   1        226          226          0.0        0          410      23532      4153       4024.40    2687.82
Global   38       8954         235          0.0        0          210      61098      4264       4028.33    2749.85

Total Statistics
Type     Time(s)  Ops          TPS(ops/s)   Net(M/s)   Get_miss   Min(us)  Max(us)    Avg(us)    Std_dev    Geo_dist  
Period   1        23770        23770        3.2        0          201      53373      4062       3996.48    2609.01
Global   38       891371       23457        3.3        0          189      220118     4111       3964.97    2628.88

[1;1H[2J
Get Statistics
Type     Time(s)  Ops          TPS(ops/s)   Net(M/s)   Get_miss   Min(us)  Max(us)    Avg(us)    Std_dev    Geo_dist  
Period   1        23818        23818        3.2        0          245      59384      3996       4129.72    2503.11
Global   39       906235       23236        3.3        0          189      220118     4107       3968.22    2624.33

Set Statistics
Type     Time(s)  Ops          TPS(ops/s)   Net(M/s)   Get_miss   Min(us)  Max(us)    Avg(us)    Std_dev    Geo_dist  
Period   1        256          256          0.0        0          491      25847      4099       3851.48    2662.06
Global   39       9210         236          0.0        0          210      61098      4260       4022.78    2747.37

Total Statistics
Type     Time(s)  Ops          TPS(ops/s)   Net(M/s)   Get_miss   Min(us)  Max(us)    Avg(us)    Std_dev    Geo_dist  
Period   1        24075        24075        3.2        0          245      59384      3997       4127.05    2504.87
Global   39       915446       23472        3.3        0          189      220118     4108       3969.36    2625.54

[1;1H[2J
Get Statistics
Type     Time(s)  Ops          TPS(ops/s)   Net(M/s)   Get_miss   Min(us)  Max(us)    Avg(us)    Std_dev    Geo_dist  
Period   1        22484        22484        3.2        0          228      61357      4184       4070.70    2691.55
Global   40       928719       23217        3.1        0          189      220118     4108       3971.65    2625.96

Set Statistics
Type     Time(s)  Ops          TPS(ops/s)   Net(M/s)   Get_miss   Min(us)  Max(us)    Avg(us)    Std_dev    Geo_dist  
Period   1        219          219          0.0        0          435      32979      4625       4429.74    2977.57
Global   40       9429         235          0.0        0          210      61098      4268       4033.33    2752.51

Total Statistics
Type     Time(s)  Ops          TPS(ops/s)   Net(M/s)   Get_miss   Min(us)  Max(us)    Avg(us)    Std_dev    Geo_dist  
Period   1        22702        22702        3.2        0          228      61357      4188       4074.56    2694.04
Global   40       938148       23453        3.1        0          189      220118     4110       3971.90    2627.20

[1;1H[2J
Get Statistics
Type     Time(s)  Ops          TPS(ops/s)   Net(M/s)   Get_miss   Min(us)  Max(us)    Avg(us)    Std_dev    Geo_dist  
Period   1        24146        24146        3.2        0          222      35032      3952       3547.43    2588.77
Global   41       952865       23240        3.3        0          189      220118     4105       3960.54    2625.01

Set Statistics
Type     Time(s)  Ops          TPS(ops/s)   Net(M/s)   Get_miss   Min(us)  Max(us)    Avg(us)    Std_dev    Geo_dist  
Period   1        245          245          0.0        0          363      18078      3731       3304.54    2491.05
Global   41       9674         235          0.0        0          210      61098      4254       4017.67    2745.56

Total Statistics
Type     Time(s)  Ops          TPS(ops/s)   Net(M/s)   Get_miss   Min(us)  Max(us)    Avg(us)    Std_dev    Geo_dist  
Period   1        24395        24395        3.2        0          222      35032      3949       3545.33    2587.41
Global   41       962543       23476        3.4        0          189      220118     4106       3961.65    2626.19

[1;1H[2J
Get Statistics
Type     Time(s)  Ops          TPS(ops/s)   Net(M/s)   Get_miss   Min(us)  Max(us)    Avg(us)    Std_dev    Geo_dist  
Period   1        23688        23688        3.2        0          217      40153      4017       3694.50    2614.99
Global   42       976553       23251        3.3        0          189      220118     4102       3955.22    2624.79

Set Statistics
Type     Time(s)  Ops          TPS(ops/s)   Net(M/s)   Get_miss   Min(us)  Max(us)    Avg(us)    Std_dev    Geo_dist  
Period   1        240          240          0.0        0          669      16818      4276       3606.32    2815.14
Global   42       9914         236          0.0        0          210      61098      4255       4007.57    2749.18

Total Statistics
Type     Time(s)  Ops          TPS(ops/s)   Net(M/s)   Get_miss   Min(us)  Max(us)    Avg(us)    Std_dev    Geo_dist  
Period   1        23925        23925        3.2        0          217      40153      4020       3694.02    2618.95
Global   42       986468       23487        3.3        0          189      220118     4104       3955.30    2626.01

[1;1H[2J
Get Statistics
Type     Time(s)  Ops          TPS(ops/s)   Net(M/s)   Get_miss   Min(us)  Max(us)    Avg(us)    Std_dev    Geo_dist  
Period   1        23469        23469        3.2        0          286      49401      4097       3905.45    2679.74
Global   43       1000022      23256        3.2        0          189      220118     4102       3953.95    2626.09

Set Statistics
Type     Time(s)  Ops          TPS(ops/s)   Net(M/s)   Get_miss   Min(us)  Max(us)    Avg(us)    Std_dev    Geo_dist  
Period   1        235          235          0.0        0          529      29908      4480       4205.78    2914.53
Global   43       10149        236          0.0        0          210      61098      4260       4012.42    2752.90

Total Statistics
Type     Time(s)  Ops          TPS(ops/s)   Net(M/s)   Get_miss   Min(us)  Max(us)    Avg(us)    Std_dev    Geo_dist  
Period   1        23703        23703        3.2        0          286      49401      4101       3908.28    2681.86
Global   43       1010171      23492        3.3        0          189      220118     4104       3954.14    2627.33

[1;1H[2J
Get Statistics
Type     Time(s)  Ops          TPS(ops/s)   Net(M/s)   Get_miss   Min(us)  Max(us)    Avg(us)    Std_dev    Geo_dist  
Period   1        24168        24168        3.2        0          250      52299      3948       3709.23    2554.45
Global   44       1024190      23277        3.3        0          189      220118     4099       3947.75    2624.37

Set Statistics
Type     Time(s)  Ops          TPS(ops/s)   Net(M/s)   Get_miss   Min(us)  Max(us)    Avg(us)    Std_dev    Geo_dist  
Period   1        239          239          0.0        0          311      23756      3914       3582.46    2534.86
Global   44       10388        236          0.0        0          210      61098      4252       4003.27    2747.68

Total Statistics
Type     Time(s)  Ops          TPS(ops/s)   Net(M/s)   Get_miss   Min(us)  Max(us)    Avg(us)    Std_dev    Geo_dist  
Period   1        24407        24407        3.2        0          250      52299      3947       3708.65    2554.26
Global   44       1034578      23513        3.4        0          189      220118     4100       3948.90    2625.58

[1;1H[2J
Get Statistics
Type     Time(s)  Ops          TPS(ops/s)   Net(M/s)   Get_miss   Min(us)  Max(us)    Avg(us)    Std_dev    Geo_dist  
Period   1        23764        23764        3.2        0          245      50501      3985       3824.54    2564.28
Global   45       1047954      23287        3.3        0          189      220118     4096       3945.47    2622.99

Set Statistics
Type     Time(s)  Ops          TPS(ops/s)   Net(M/s)   Get_miss   Min(us)  Max(us)    Avg(us)    Std_dev    Geo_dist  
Period   1        246          246          0.0        0          376      24851      3940       3883.07    2508.71
Global   45       10634        236          0.0        0          210      61098      4245       4000.39    2741.90

Total Statistics
Type     Time(s)  Ops          TPS(ops/s)   Net(M/s)   Get_miss   Min(us)  Max(us)    Avg(us)    Std_dev    Geo_dist  
Period   1        24012        24012        3.2        0          245      50501      3984       3825.32    2563.57
Global   45       1058590      23524        3.3        0          189      220118     4098       3945.52    2624.16

[1;1H[2J
Get Statistics
Type     Time(s)  Ops          TPS(ops/s)   Net(M/s)   Get_miss   Min(us)  Max(us)    Avg(us)    Std_dev    Geo_dist  
Period   1        23519        23519        3.2        0          187      49261      4025       3770.23    2617.28
Global   46       1071473      23292        3.2        0          187      220118     4094       3942.18    2622.90

Set Statistics
Type     Time(s)  Ops          TPS(ops/s)   Net(M/s)   Get_miss   Min(us)  Max(us)    Avg(us)    Std_dev    Geo_dist  
Period   1        241          241          0.0        0          410      17975      4147       3532.93    2808.77
Global   46       10875        236          0.0        0          210      61098      4243       3990.33    2743.37

Total Statistics
Type     Time(s)  Ops          TPS(ops/s)   Net(M/s)   Get_miss   Min(us)  Max(us)    Avg(us)    Std_dev    Geo_dist  
Period   1        23763        23763        3.2        0          187      49261      4027       3767.95    2621.45
Global   46       1082353      23529        3.3        0          187      220118     4096       3942.18    2624.10

[1;1H[2J
Get Statistics
Type     Time(s)  Ops          TPS(ops/s)   Net(M/s)   Get_miss   Min(us)  Max(us)    Avg(us)    Std_dev    Geo_dist  
Period   1        23610        23610        3.2        0          281      35356      4068       3784.63    2657.67
Global   47       1095083      23299        3.2        0          187      220118     4094       3938.29    2623.76

Set Statistics
Type     Time(s)  Ops          TPS(ops/s)   Net(M/s)   Get_miss   Min(us)  Max(us)    Avg(us)    Std_dev    Geo_dist  
Period   1        232          232          0.0        0          433      23207      3905       3550.62    2585.71
Global   47       11107        236          0.0        0          210      61098      4236       3981.72    2739.98

Total Statistics
Type     Time(s)  Ops          TPS(ops/s)   Net(M/s)   Get_miss   Min(us)  Max(us)    Avg(us)    Std_dev    Geo_dist  
Period   1        23837        23837        3.2        0          281      35356      4067       3782.36    2660.38
Global   47       1106190      23535        3.3        0          187      220118     4095       3939.20    2624.90

[1;1H[2J
Get Statistics
Type     Time(s)  Ops          TPS(ops/s)   Net(M/s)   Get_miss   Min(us)  Max(us)    Avg(us)    Std_dev    Geo_dist  
Period   1        23556        23556        3.2        0          255      56330      4073       3831.91    2617.40
Global   48       1118639      23304        3.2        0          187      220118     4094       3935.62    2623.62

Set Statistics
Type     Time(s)  Ops          TPS(ops/s)   Net(M/s)   Get_miss   Min(us)  Max(us)    Avg(us)    Std_dev    Geo_dist  
Period   1        245          245          0.0        0          402      62241      4311       5200.75    2680.51
Global   48       11352        236          0.0        0          210      62241      4237       4012.32    2738.68

Total Statistics
Type     Time(s)  Ops          TPS(ops/s)   Net(M/s)   Get_miss   Min(us)  Max(us)    Avg(us)    Std_dev    Geo_dist  
Period   1        23801        23801        3.2        0          255      62241      4075       3848.88    2618.04
Global   48       1129991      23541        3.3        0          187      220118     4095       3936.88    2624.75

[1;1H[2J
Get Statistics
Type     Time(s)  Ops          TPS(ops/s)   Net(M/s)   Get_miss   Min(us)  Max(us)    Avg(us)    Std_dev    Geo_dist  
Period   1        23662        23662        3.2        0          220      44621      4040       3845.66    2631.84
Global   49       1142301      23312        3.2        0          187      220118     4092       3934.70    2623.79

Set Statistics
Type     Time(s)  Ops          TPS(ops/s)   Net(M/s)   Get_miss   Min(us)  Max(us)    Avg(us)    Std_dev    Geo_dist  
Period   1        234          234          0.0        0          431      13106      4422       3260.26    3085.59
Global   49       11586        236          0.0        0          210      62241      4241       3998.22    2745.29

Total Statistics
Type     Time(s)  Ops          TPS(ops/s)   Net(M/s)   Get_miss   Min(us)  Max(us)    Avg(us)    Std_dev    Geo_dist  
Period   1        23896        23896        3.2        0          220      44621      4044       3840.21    2635.94
Global   49       1153887      23548        3.3        0          187      220118     4094       3934.85    2624.98

[1;1H[2J
Get Statistics
Type     Time(s)  Ops          TPS(ops/s)   Net(M/s)   Get_miss   Min(us)  Max(us)    Avg(us)    Std_dev    Geo_dist  
Period   1        23147        23147        3.2        0          233      45589      4117       3824.56    2707.27
Global   50       1165448      23308        3.2        0          187      220118     4093       3932.02    2625.42

Set Statistics
Type     Time(s)  Ops          TPS(ops/s)   Net(M/s)   Get_miss   Min(us)  Max(us)    Avg(us)    Std_dev    Geo_dist  
Period   1        236          236          0.0        0          398      17924      4229       3307.96    2923.28
Global   50       11822        236          0.0        0          210      62241      4241       3985.24    2748.73

Total Statistics
Type     Time(s)  Ops          TPS(ops/s)   Net(M/s)   Get_miss   Min(us)  Max(us)    Avg(us)    Std_dev    Geo_dist  
Period   1        23383        23383        3.2        0          233      45589      4118       3819.79    2709.37
Global   50       1177270      23545        3.2        0          187      220118     4094       3933.09    2626.63

[1;1H[2J
Get Statistics
Type     Time(s)  Ops          TPS(ops/s)   Net(M/s)   Get_miss   Min(us)  Max(us)    Avg(us)    Std_dev    Geo_dist  
Period   1        23777        23777        3.2        0          239      58003      3946       3693.88    2567.20
Global   51       1189225      23318        3.3        0          187      220118     4090       3927.52    2624.25

Set Statistics
Type     Time(s)  Ops          TPS(ops/s)   Net(M/s)   Get_miss   Min(us)  Max(us)    Avg(us)    Std_dev    Geo_dist  
Period   1        236          236          0.0        0          407      22419      4461       3895.71    2960.52
Global   51       12058        236          0.0        0          210      62241      4245       3983.79    2752.73

Total Statistics
Type     Time(s)  Ops          TPS(ops/s)   Net(M/s)   Get_miss   Min(us)  Max(us)    Avg(us)    Std_dev    Geo_dist  
Period   1        24013        24013        3.2        0          239      58003      3951       3696.24    2570.80
Global   51       1201283      23554        3.3        0          187      220118     4092       3927.65    2625.51

[1;1H[2J
Get Statistics
Type     Time(s)  Ops          TPS(ops/s)   Net(M/s)   Get_miss   Min(us)  Max(us)    Avg(us)    Std_dev    Geo_dist  
Period   1        23509        23509        3.2        0          263      49004      4059       3927.95    2664.06
Global   52       1212734      23321        3.2        0          187      220118     4089       3927.94    2625.01

Set Statistics
Type     Time(s)  Ops          TPS(ops/s)   Net(M/s)   Get_miss   Min(us)  Max(us)    Avg(us)    Std_dev    Geo_dist  
Period   1        240          240          0.0        0          503      40410      4349       4407.71    2879.08
Global   52       12298        236          0.0        0          210      62241      4247       3992.35    2755.14

Total Statistics
Type     Time(s)  Ops          TPS(ops/s)   Net(M/s)   Get_miss   Min(us)  Max(us)    Avg(us)    Std_dev    Geo_dist  
Period   1        23749        23749        3.2        0          263      49004      4062       3933.03    2666.15
Global   52       1225032      23558        3.3        0          187      220118     4091       3928.19    2626.29

[1;1H[2J
Get Statistics
Type     Time(s)  Ops          TPS(ops/s)   Net(M/s)   Get_miss   Min(us)  Max(us)    Avg(us)    Std_dev    Geo_dist  
Period   1        23389        23389        3.2        0          285      38746      4059       3777.78    2669.50
Global   53       1236123      23323        3.2        0          187      220118     4089       3924.56    2625.85

Set Statistics
Type     Time(s)  Ops          TPS(ops/s)   Net(M/s)   Get_miss   Min(us)  Max(us)    Avg(us)    Std_dev    Geo_dist  
Period   1        239          239          0.0        0          404      28454      4413       4127.16    2939.52
Global   53       12537        236          0.0        0          210      62241      4250       3995.03    2758.54

Total Statistics
Type     Time(s)  Ops          TPS(ops/s)   Net(M/s)   Get_miss   Min(us)  Max(us)    Avg(us)    Std_dev    Geo_dist  
Period   1        23628        23628        3.2        0          285      38746      4062       3782.17    2672.10
Global   53       1248660      23559        3.2        0          187      220118     4090       3925.95    2627.15

[1;1H[2J
Get Statistics
Type     Time(s)  Ops          TPS(ops/s)   Net(M/s)   Get_miss   Min(us)  Max(us)    Avg(us)    Std_dev    Geo_dist  
Period   1        21499        21499        3.2        0          262      106396     4437       6879.22    2605.30
Global   54       1257622      23289        3.0        0          187      220118     4095       3993.68    2625.50

Set Statistics
Type     Time(s)  Ops          TPS(ops/s)   Net(M/s)   Get_miss   Min(us)  Max(us)    Avg(us)    Std_dev    Geo_dist  
Period   1        213          213          0.0        0          419      32919      4415       3996.33    2878.14
Global   54       12750        236          0.0        0          210      62241      4253       3994.70    2760.50

Total Statistics
Type     Time(s)  Ops          TPS(ops/s)   Net(M/s)   Get_miss   Min(us)  Max(us)    Avg(us)    Std_dev    Geo_dist  
Period   1        21711        21711        3.2        0          262      106396     4437       6856.77    2608.79
Global   54       1270371      23525        3.0        0          187      220118     4096       3994.32    2626.83

[1;1H[2J
Get Statistics
Type     Time(s)  Ops          TPS(ops/s)   Net(M/s)   Get_miss   Min(us)  Max(us)    Avg(us)    Std_dev    Geo_dist  
Period   1        22914        22914        3.2        0          235      51668      4079       3771.83    2584.79
Global   55       1280536      23282        3.1        0          187      220118     4094       3990.55    2624.76

Set Statistics
Type     Time(s)  Ops          TPS(ops/s)   Net(M/s)   Get_miss   Min(us)  Max(us)    Avg(us)    Std_dev    Geo_dist  
Period   1        233          233          0.0        0          502      18445      4027       3673.89    2550.54
Global   55       12983        236          0.0        0          210      62241      4249       3989.09    2756.58

Total Statistics
Type     Time(s)  Ops          TPS(ops/s)   Net(M/s)   Get_miss   Min(us)  Max(us)    Avg(us)    Std_dev    Geo_dist  
Period   1        23148        23148        3.2        0          235      51668      4079       3770.19    2583.56
Global   55       1293519      23518        3.2        0          187      220118     4096       3990.11    2626.05

[1;1H[2J
Get Statistics
Type     Time(s)  Ops          TPS(ops/s)   Net(M/s)   Get_miss   Min(us)  Max(us)    Avg(us)    Std_dev    Geo_dist  
Period   1        23008        23008        3.2        0          246      88941      4178       4448.50    2654.87
Global   56       1303544      23277        3.2        0          187      220118     4096       3998.57    2625.29

Set Statistics
Type     Time(s)  Ops          TPS(ops/s)   Net(M/s)   Get_miss   Min(us)  Max(us)    Avg(us)    Std_dev    Geo_dist  
Period   1        228          228          0.0        0          490      19009      4038       3496.81    2663.49
Global   56       13211        235          0.0        0          210      62241      4245       3981.47    2754.95

Total Statistics
Type     Time(s)  Ops          TPS(ops/s)   Net(M/s)   Get_miss   Min(us)  Max(us)    Avg(us)    Std_dev    Geo_dist  
Period   1        23236        23236        3.2        0          246      88941      4177       4439.77    2654.96
Global   56       1316755      23513        3.2        0          187      220118     4097       3998.93    2626.56

[1;1H[2J
Get Statistics
Type     Time(s)  Ops          TPS(ops/s)   Net(M/s)   Get_miss   Min(us)  Max(us)    Avg(us)    Std_dev    Geo_dist  
Period   1        23721        23721        3.2        0          280      40709      4061       3696.11    2601.20
Global   57       1327265      23285        3.3        0          187      220118     4095       3993.75    2624.86

Set Statistics
Type     Time(s)  Ops          TPS(ops/s)   Net(M/s)   Get_miss   Min(us)  Max(us)    Avg(us)    Std_dev    Geo_dist  
Period   1        244          244          0.0        0          421      17258      4053       3511.53    2634.49
Global   57       13455        236          0.0        0          210      62241      4242       3972.89    2752.72

Total Statistics
Type     Time(s)  Ops          TPS(ops/s)   Net(M/s)   Get_miss   Min(us)  Max(us)    Avg(us)    Std_dev    Geo_dist  
Period   1        23965        23965        3.2        0          280      40709      4061       3694.12    2601.54
Global   57       1340720      23521        3.3        0          187      220118     4097       3993.03    2626.11

[1;1H[2J
Get Statistics
Type     Time(s)  Ops          TPS(ops/s)   Net(M/s)   Get_miss   Min(us)  Max(us)    Avg(us)    Std_dev    Geo_dist  
Period   1        22879        22879        3.2        0          223      46856      4174       3928.39    2620.66
Global   58       1350144      23278        3.1        0          187      220118     4097       3991.99    2624.79

Set Statistics
Type     Time(s)  Ops          TPS(ops/s)   Net(M/s)   Get_miss   Min(us)  Max(us)    Avg(us)    Std_dev    Geo_dist  
Period   1        231          231          0.0        0          354      26818      4429       4206.93    2747.87
Global   58       13686        235          0.0        0          210      62241      4245       3977.04    2752.63

Total Statistics
Type     Time(s)  Ops          TPS(ops/s)   Net(M/s)   Get_miss   Min(us)  Max(us)    Avg(us)    Std_dev    Geo_dist  
Period   1        23110        23110        3.2        0          223      46856      4176       3931.84    2621.91
Global   58       1363830      23514        3.2        0          187      220118     4098       3992.36    2626.04

[1;1H[2J
Get Statistics
Type     Time(s)  Ops          TPS(ops/s)   Net(M/s)   Get_miss   Min(us)  Max(us)    Avg(us)    Std_dev    Geo_dist  
Period   1        22925        22925        3.2        0          203      64708      4176       4117.61    2630.70
Global   59       1373069      23272        3.1        0          187      220118     4098       3994.45    2624.88

Set Statistics
Type     Time(s)  Ops          TPS(ops/s)   Net(M/s)   Get_miss   Min(us)  Max(us)    Avg(us)    Std_dev    Geo_dist  
Period   1        234          234          0.0        0          477      19221      4431       3941.64    2832.39
Global   59       13920        235          0.0        0          210      62241      4248       3976.51    2753.96

Total Statistics
Type     Time(s)  Ops          TPS(ops/s)   Net(M/s)   Get_miss   Min(us)  Max(us)    Avg(us)    Std_dev    Geo_dist  
Period   1        23159        23159        3.2        0          203      64708      4179       4115.44    2632.66
Global   59       1386989      23508        3.2        0          187      220118     4099       3994.82    2626.15

[1;1H[2J
Get Statistics
Type     Time(s)  Ops          TPS(ops/s)   Net(M/s)   Get_miss   Min(us)  Max(us)    Avg(us)    Std_dev    Geo_dist  
Period   1        22941        22941        3.2        0          247      95973      4157       4408.19    2602.70
Global   60       1396010      23266        3.2        0          187      220118     4099       4001.57    2624.52

Set Statistics
Type     Time(s)  Ops          TPS(ops/s)   Net(M/s)   Get_miss   Min(us)  Max(us)    Avg(us)    Std_dev    Geo_dist  
Period   1        233          233          0.0        0          393      27369      4381       3853.76    2950.76
Global   60       14153        235          0.0        0          210      62241      4250       3974.63    2757.09

Total Statistics
Type     Time(s)  Ops          TPS(ops/s)   Net(M/s)   Get_miss   Min(us)  Max(us)    Avg(us)    Std_dev    Geo_dist  
Period   1        23174        23174        3.2        0          247      95973      4159       4403.19    2605.99
Global   60       1410163      23502        3.2        0          187      220118     4100       4001.86    2625.82

Get Statistics (1396106 events)
   Min:       187
   Max:    220118
   Avg:      4099
   Geo:   2624.70
   Std:   4002.81
   Log2 Dist:
       8:       87    15855   265183   399884
      12:   185682   340761   174351    12798
      16:     1363      141        1

Set Statistics (14154 events)
   Min:       210
   Max:     62241
   Avg:      4251
   Geo:   2757.30
   Std:   3973.88
   Log2 Dist:
       8:        1      120     2356     4179
      12:     1902     3411     2039      132
      16:       14

Total Statistics (1410260 events)
   Min:       187
   Max:    220118
   Avg:      4101
   Geo:   2626.00
   Std:   4002.06
   Log2 Dist:
       8:       88    15975   267539   404063
      12:   187584   344172   176390    12930
      16:     1377      141        1

cmd_get: 1396202
cmd_set: 14155
get_misses: 0
written_bytes: 32978972
read_bytes: 230470722
object_bytes: 2038320

Run time: 60.3s Ops: 1410357 TPS: 23398 Net_rate: 4.2M/s
