servers : 10.0.0.7:9000
threads count: 41
concurrency: 41
run time: 60s
windows size: 10k
set proportion: set_prop=0.01
get proportion: get_prop=0.99
[1;1H[2J
Get Statistics
Type     Time(s)  Ops          TPS(ops/s)   Net(M/s)   Get_miss   Min(us)  Max(us)    Avg(us)    Std_dev    Geo_dist  
Period   1        19889        19889        2.7        0          222      11251      2030       2230.58    1349.27
Global   1        19889        19889        2.7        0          222      11251      2030       2230.08    1348.68

Set Statistics
Type     Time(s)  Ops          TPS(ops/s)   Net(M/s)   Get_miss   Min(us)  Max(us)    Avg(us)    Std_dev    Geo_dist  
Period   1        220          220          0.0        0          333      9205       2105       2204.70    1458.30
Global   1        220          220          0.0        0          333      9205       2105       2204.70    1458.30

Total Statistics
Type     Time(s)  Ops          TPS(ops/s)   Net(M/s)   Get_miss   Min(us)  Max(us)    Avg(us)    Std_dev    Geo_dist  
Period   1        20112        20112        2.8        0          222      11251      2031       2230.76    1350.15
Global   1        20112        20112        2.8        0          222      11251      2031       2230.76    1350.15

[1;1H[2J
Get Statistics
Type     Time(s)  Ops          TPS(ops/s)   Net(M/s)   Get_miss   Min(us)  Max(us)    Avg(us)    Std_dev    Geo_dist  
Period   1        19739        19739        2.7        0          185      13653      2066       2273.95    1379.64
Global   2        39628        19814        2.7        0          185      13653      2048       2252.51    1364.62

Set Statistics
Type     Time(s)  Ops          TPS(ops/s)   Net(M/s)   Get_miss   Min(us)  Max(us)    Avg(us)    Std_dev    Geo_dist  
Period   1        201          201          0.0        0          353      10590      1912       2098.43    1320.49
Global   2        421          210          0.0        0          333      10590      2013       2154.09    1390.79

Total Statistics
Type     Time(s)  Ops          TPS(ops/s)   Net(M/s)   Get_miss   Min(us)  Max(us)    Avg(us)    Std_dev    Geo_dist  
Period   1        19937        19937        2.7        0          185      13653      2064       2272.01    1379.31
Global   2        40049        20024        2.7        0          185      13653      2048       2251.14    1364.89

[1;1H[2J
Get Statistics
Type     Time(s)  Ops          TPS(ops/s)   Net(M/s)   Get_miss   Min(us)  Max(us)    Avg(us)    Std_dev    Geo_dist  
Period   1        19412        19412        2.7        0          189      12496      2090       2246.93    1379.78
Global   3        59040        19680        2.7        0          185      13653      2062       2250.57    1369.58

Set Statistics
Type     Time(s)  Ops          TPS(ops/s)   Net(M/s)   Get_miss   Min(us)  Max(us)    Avg(us)    Std_dev    Geo_dist  
Period   1        196          196          0.0        0          219      8477       2203       2273.02    1451.81
Global   3        617          205          0.0        0          219      10590      2073       2192.85    1409.89

Total Statistics
Type     Time(s)  Ops          TPS(ops/s)   Net(M/s)   Get_miss   Min(us)  Max(us)    Avg(us)    Std_dev    Geo_dist  
Period   1        19610        19610        2.7        0          189      12496      2092       2247.12    1380.70
Global   3        59659        19886        2.7        0          185      13653      2062       2250.32    1370.07

[1;1H[2J
Get Statistics
Type     Time(s)  Ops          TPS(ops/s)   Net(M/s)   Get_miss   Min(us)  Max(us)    Avg(us)    Std_dev    Geo_dist  
Period   1        20156        20156        2.7        0          202      13518      2026       2356.89    1285.78
Global   4        79196        19799        2.8        0          185      13653      2053       2278.11    1347.90

Set Statistics
Type     Time(s)  Ops          TPS(ops/s)   Net(M/s)   Get_miss   Min(us)  Max(us)    Avg(us)    Std_dev    Geo_dist  
Period   1        203          203          0.0        0          281      9249       1910       2113.45    1272.62
Global   4        820          205          0.0        0          219      10590      2033       2172.99    1374.59

Total Statistics
Type     Time(s)  Ops          TPS(ops/s)   Net(M/s)   Get_miss   Min(us)  Max(us)    Avg(us)    Std_dev    Geo_dist  
Period   1        20358        20358        2.7        0          202      13518      2025       2354.10    1286.00
Global   4        80017        20004        2.8        0          185      13653      2053       2276.84    1348.17

[1;1H[2J
Get Statistics
Type     Time(s)  Ops          TPS(ops/s)   Net(M/s)   Get_miss   Min(us)  Max(us)    Avg(us)    Std_dev    Geo_dist  
Period   1        19447        19447        2.7        0          195      19503      2094       2312.03    1387.99
Global   5        98643        19728        2.7        0          185      19503      2061       2284.97    1355.81

Set Statistics
Type     Time(s)  Ops          TPS(ops/s)   Net(M/s)   Get_miss   Min(us)  Max(us)    Avg(us)    Std_dev    Geo_dist  
Period   1        198          198          0.0        0          364      12309      1952       2203.73    1338.05
Global   5        1018         203          0.0        0          219      12309      2017       2178.38    1367.40

Total Statistics
Type     Time(s)  Ops          TPS(ops/s)   Net(M/s)   Get_miss   Min(us)  Max(us)    Avg(us)    Std_dev    Geo_dist  
Period   1        19645        19645        2.7        0          195      19503      2093       2310.82    1388.07
Global   5        99662        19932        2.7        0          185      19503      2061       2283.52    1355.94

[1;1H[2J
Get Statistics
Type     Time(s)  Ops          TPS(ops/s)   Net(M/s)   Get_miss   Min(us)  Max(us)    Avg(us)    Std_dev    Geo_dist  
Period   1        19049        19049        2.7        0          203      15263      2129       2415.88    1372.56
Global   6        117692       19615        2.6        0          185      19503      2072       2306.83    1358.60

Set Statistics
Type     Time(s)  Ops          TPS(ops/s)   Net(M/s)   Get_miss   Min(us)  Max(us)    Avg(us)    Std_dev    Geo_dist  
Period   1        190          190          0.0        0          340      9732       2274       2386.17    1485.53
Global   6        1208         201          0.0        0          219      12309      2058       2212.76    1385.34

Total Statistics
Type     Time(s)  Ops          TPS(ops/s)   Net(M/s)   Get_miss   Min(us)  Max(us)    Avg(us)    Std_dev    Geo_dist  
Period   1        19239        19239        2.7        0          203      15263      2131       2415.28    1373.65
Global   6        118901       19816        2.6        0          185      19503      2072       2305.82    1358.89

[1;1H[2J
Get Statistics
Type     Time(s)  Ops          TPS(ops/s)   Net(M/s)   Get_miss   Min(us)  Max(us)    Avg(us)    Std_dev    Geo_dist  
Period   1        18967        18967        2.7        0          227      13224      2150       2379.89    1375.27
Global   7        136659       19522        2.6        0          185      19503      2083       2317.17    1360.99

Set Statistics
Type     Time(s)  Ops          TPS(ops/s)   Net(M/s)   Get_miss   Min(us)  Max(us)    Avg(us)    Std_dev    Geo_dist  
Period   1        193          193          0.0        0          293      9474       2515       2726.01    1526.99
Global   7        1401         200          0.0        0          219      12309      2121       2294.58    1404.04

Total Statistics
Type     Time(s)  Ops          TPS(ops/s)   Net(M/s)   Get_miss   Min(us)  Max(us)    Avg(us)    Std_dev    Geo_dist  
Period   1        19161        19161        2.7        0          227      13224      2155       2383.62    1377.47
Global   7        138062       19723        2.6        0          185      19503      2084       2316.51    1361.45

[1;1H[2J
Get Statistics
Type     Time(s)  Ops          TPS(ops/s)   Net(M/s)   Get_miss   Min(us)  Max(us)    Avg(us)    Std_dev    Geo_dist  
Period   1        19315        19315        2.7        0          222      22447      2104       2357.42    1348.83
Global   8        155974       19496        2.7        0          185      22447      2086       2321.83    1359.48

Set Statistics
Type     Time(s)  Ops          TPS(ops/s)   Net(M/s)   Get_miss   Min(us)  Max(us)    Avg(us)    Std_dev    Geo_dist  
Period   1        197          197          0.0        0          376      11739      2113       2428.72    1344.01
Global   8        1598         199          0.0        0          219      12309      2120       2310.76    1396.50

Total Statistics
Type     Time(s)  Ops          TPS(ops/s)   Net(M/s)   Get_miss   Min(us)  Max(us)    Avg(us)    Std_dev    Geo_dist  
Period   1        19514        19514        2.7        0          222      22447      2104       2358.58    1348.40
Global   8        157576       19697        2.7        0          185      22447      2086       2322.26    1359.91

[1;1H[2J
Get Statistics
Type     Time(s)  Ops          TPS(ops/s)   Net(M/s)   Get_miss   Min(us)  Max(us)    Avg(us)    Std_dev    Geo_dist  
Period   1        19650        19650        2.7        0          199      16328      2065       2299.50    1345.94
Global   9        175624       19513        2.7        0          185      22447      2084       2319.16    1358.09

Set Statistics
Type     Time(s)  Ops          TPS(ops/s)   Net(M/s)   Get_miss   Min(us)  Max(us)    Avg(us)    Std_dev    Geo_dist  
Period   1        196          196          0.0        0          327      15570      2222       2487.12    1440.32
Global   9        1794         199          0.0        0          219      15570      2131       2330.30    1401.22

Total Statistics
Type     Time(s)  Ops          TPS(ops/s)   Net(M/s)   Get_miss   Min(us)  Max(us)    Avg(us)    Std_dev    Geo_dist  
Period   1        19842        19842        2.7        0          199      16328      2066       2300.59    1346.99
Global   9        177418       19713        2.7        0          185      22447      2084       2319.70    1358.52

[1;1H[2J
Get Statistics
Type     Time(s)  Ops          TPS(ops/s)   Net(M/s)   Get_miss   Min(us)  Max(us)    Avg(us)    Std_dev    Geo_dist  
Period   1        19738        19738        2.7        0          188      12589      2045       2280.36    1337.43
Global   10       195362       19536        2.7        0          185      22447      2080       2315.35    1355.99

Set Statistics
Type     Time(s)  Ops          TPS(ops/s)   Net(M/s)   Get_miss   Min(us)  Max(us)    Avg(us)    Std_dev    Geo_dist  
Period   1        199          199          0.0        0          344      9938       2169       2354.37    1426.84
Global   10       1993         199          0.0        0          219      15570      2135       2331.96    1403.76

Total Statistics
Type     Time(s)  Ops          TPS(ops/s)   Net(M/s)   Get_miss   Min(us)  Max(us)    Avg(us)    Std_dev    Geo_dist  
Period   1        19938        19938        2.7        0          188      12589      2046       2281.65    1338.40
Global   10       197356       19735        2.7        0          185      22447      2080       2316.05    1356.48

[1;1H[2J
Get Statistics
Type     Time(s)  Ops          TPS(ops/s)   Net(M/s)   Get_miss   Min(us)  Max(us)    Avg(us)    Std_dev    Geo_dist  
Period   1        19367        19367        2.7        0          184      16625      2100       2343.13    1375.42
Global   11       214729       19520        2.7        0          184      22447      2081       2318.63    1357.79

Set Statistics
Type     Time(s)  Ops          TPS(ops/s)   Net(M/s)   Get_miss   Min(us)  Max(us)    Avg(us)    Std_dev    Geo_dist  
Period   1        198          198          0.0        0          262      8890       2107       2256.80    1380.91
Global   11       2191         199          0.0        0          219      15570      2132       2325.20    1401.68

Total Statistics
Type     Time(s)  Ops          TPS(ops/s)   Net(M/s)   Get_miss   Min(us)  Max(us)    Avg(us)    Std_dev    Geo_dist  
Period   1        19564        19564        2.7        0          184      16625      2100       2341.94    1375.37
Global   11       216920       19720        2.7        0          184      22447      2082       2318.26    1358.23

[1;1H[2J
Get Statistics
Type     Time(s)  Ops          TPS(ops/s)   Net(M/s)   Get_miss   Min(us)  Max(us)    Avg(us)    Std_dev    Geo_dist  
Period   1        19141        19141        2.7        0          217      13155      2110       2326.98    1366.57
Global   12       233870       19489        2.6        0          184      22447      2084       2318.69    1358.45

Set Statistics
Type     Time(s)  Ops          TPS(ops/s)   Net(M/s)   Get_miss   Min(us)  Max(us)    Avg(us)    Std_dev    Geo_dist  
Period   1        191          191          0.0        0          290      9423       2168       2453.96    1360.68
Global   12       2382         198          0.0        0          219      15570      2135       2335.17    1398.35

Total Statistics
Type     Time(s)  Ops          TPS(ops/s)   Net(M/s)   Get_miss   Min(us)  Max(us)    Avg(us)    Std_dev    Geo_dist  
Period   1        19336        19336        2.7        0          217      13155      2111       2329.26    1366.35
Global   12       236256       19688        2.7        0          184      22447      2084       2319.51    1358.89

[1;1H[2J
Get Statistics
Type     Time(s)  Ops          TPS(ops/s)   Net(M/s)   Get_miss   Min(us)  Max(us)    Avg(us)    Std_dev    Geo_dist  
Period   1        18558        18558        2.7        0          139      15283      2189       2426.90    1423.02
Global   13       252428       19417        2.5        0          139      22447      2092       2326.93    1363.29

Set Statistics
Type     Time(s)  Ops          TPS(ops/s)   Net(M/s)   Get_miss   Min(us)  Max(us)    Avg(us)    Std_dev    Geo_dist  
Period   1        185          185          0.0        0          447      12189      2185       2431.84    1444.54
Global   13       2567         197          0.0        0          219      15570      2139       2341.46    1401.63

Total Statistics
Type     Time(s)  Ops          TPS(ops/s)   Net(M/s)   Get_miss   Min(us)  Max(us)    Avg(us)    Std_dev    Geo_dist  
Period   1        18739        18739        2.7        0          139      15283      2189       2427.32    1425.44
Global   13       254995       19615        2.6        0          139      22447      2092       2327.51    1363.67

[1;1H[2J
Get Statistics
Type     Time(s)  Ops          TPS(ops/s)   Net(M/s)   Get_miss   Min(us)  Max(us)    Avg(us)    Std_dev    Geo_dist  
Period   1        20262        20262        2.7        0          208      12985      1993       2240.95    1308.48
Global   14       272690       19477        2.8        0          139      22447      2084       2321.37    1359.14

Set Statistics
Type     Time(s)  Ops          TPS(ops/s)   Net(M/s)   Get_miss   Min(us)  Max(us)    Avg(us)    Std_dev    Geo_dist  
Period   1        209          209          0.0        0          376      12963      1976       2294.28    1329.18
Global   14       2776         198          0.0        0          219      15570      2126       2338.59    1396.04

Total Statistics
Type     Time(s)  Ops          TPS(ops/s)   Net(M/s)   Get_miss   Min(us)  Max(us)    Avg(us)    Std_dev    Geo_dist  
Period   1        20473        20473        2.7        0          208      12985      1993       2242.23    1308.90
Global   14       275468       19676        2.8        0          139      22447      2085       2321.10    1359.52

[1;1H[2J
Get Statistics
Type     Time(s)  Ops          TPS(ops/s)   Net(M/s)   Get_miss   Min(us)  Max(us)    Avg(us)    Std_dev    Geo_dist  
Period   1        19143        19143        2.7        0          210      12088      2129       2452.18    1331.91
Global   15       291833       19455        2.6        0          139      22447      2087       2330.20    1357.38

Set Statistics
Type     Time(s)  Ops          TPS(ops/s)   Net(M/s)   Get_miss   Min(us)  Max(us)    Avg(us)    Std_dev    Geo_dist  
Period   1        191          191          0.0        0          301      9867       2177       2443.41    1390.55
Global   15       2967         197          0.0        0          219      15570      2130       2344.43    1395.68

Total Statistics
Type     Time(s)  Ops          TPS(ops/s)   Net(M/s)   Get_miss   Min(us)  Max(us)    Avg(us)    Std_dev    Geo_dist  
Period   1        19333        19333        2.7        0          210      12088      2129       2452.02    1332.84
Global   15       294801       19653        2.7        0          139      22447      2088       2329.83    1357.76

[1;1H[2J
Get Statistics
Type     Time(s)  Ops          TPS(ops/s)   Net(M/s)   Get_miss   Min(us)  Max(us)    Avg(us)    Std_dev    Geo_dist  
Period   1        19705        19705        2.7        0          222      11089      2050       2234.10    1355.44
Global   16       311538       19471        2.7        0          139      22447      2085       2323.95    1357.29

Set Statistics
Type     Time(s)  Ops          TPS(ops/s)   Net(M/s)   Get_miss   Min(us)  Max(us)    Avg(us)    Std_dev    Geo_dist  
Period   1        199          199          0.0        0          335      8762       1999       2205.70    1330.42
Global   16       3166         197          0.0        0          219      15570      2121       2336.54    1391.49

Total Statistics
Type     Time(s)  Ops          TPS(ops/s)   Net(M/s)   Get_miss   Min(us)  Max(us)    Avg(us)    Std_dev    Geo_dist  
Period   1        19904        19904        2.7        0          222      11089      2049       2234.82    1354.38
Global   16       314705       19669        2.7        0          139      22447      2085       2324.43    1357.63

[1;1H[2J
Get Statistics
Type     Time(s)  Ops          TPS(ops/s)   Net(M/s)   Get_miss   Min(us)  Max(us)    Avg(us)    Std_dev    Geo_dist  
Period   1        19680        19680        2.7        0          196      11457      2083       2304.04    1361.23
Global   17       331218       19483        2.7        0          139      22447      2085       2322.69    1357.56

Set Statistics
Type     Time(s)  Ops          TPS(ops/s)   Net(M/s)   Get_miss   Min(us)  Max(us)    Avg(us)    Std_dev    Geo_dist  
Period   1        198          198          0.0        0          286      8863       1783       1973.64    1228.43
Global   17       3364         197          0.0        0          219      15570      2102       2317.05    1381.32

Total Statistics
Type     Time(s)  Ops          TPS(ops/s)   Net(M/s)   Get_miss   Min(us)  Max(us)    Avg(us)    Std_dev    Geo_dist  
Period   1        19878        19878        2.7        0          196      11457      2080       2301.07    1359.84
Global   17       334583       19681        2.7        0          139      22447      2085       2322.81    1357.80

[1;1H[2J
Get Statistics
Type     Time(s)  Ops          TPS(ops/s)   Net(M/s)   Get_miss   Min(us)  Max(us)    Avg(us)    Std_dev    Geo_dist  
Period   1        20173        20173        2.7        0          191      11985      2024       2197.01    1355.36
Global   18       351391       19521        2.8        0          139      22447      2081       2316.18    1357.47

Set Statistics
Type     Time(s)  Ops          TPS(ops/s)   Net(M/s)   Get_miss   Min(us)  Max(us)    Avg(us)    Std_dev    Geo_dist  
Period   1        203          203          0.0        0          319      9678       2088       2315.05    1367.74
Global   18       3567         198          0.0        0          219      15570      2101       2316.80    1380.54

Total Statistics
Type     Time(s)  Ops          TPS(ops/s)   Net(M/s)   Get_miss   Min(us)  Max(us)    Avg(us)    Std_dev    Geo_dist  
Period   1        20377        20377        2.7        0          191      11985      2025       2198.27    1355.59
Global   18       354960       19720        2.8        0          139      22447      2081       2316.42    1357.71

[1;1H[2J
Get Statistics
Type     Time(s)  Ops          TPS(ops/s)   Net(M/s)   Get_miss   Min(us)  Max(us)    Avg(us)    Std_dev    Geo_dist  
Period   1        20523        20523        2.7        0          216      12039      1986       2265.75    1280.12
Global   19       371914       19574        2.8        0          139      22447      2076       2313.34    1353.11

Set Statistics
Type     Time(s)  Ops          TPS(ops/s)   Net(M/s)   Get_miss   Min(us)  Max(us)    Avg(us)    Std_dev    Geo_dist  
Period   1        211          211          0.0        0          281      8127       1542       1746.19    1117.33
Global   19       3778         198          0.0        0          219      15570      2070       2291.90    1364.33

Total Statistics
Type     Time(s)  Ops          TPS(ops/s)   Net(M/s)   Get_miss   Min(us)  Max(us)    Avg(us)    Std_dev    Geo_dist  
Period   1        20735        20735        2.7        0          216      12039      1982       2261.90    1278.99
Global   19       375695       19773        2.8        0          139      22447      2076       2313.13    1353.24

[1;1H[2J
Get Statistics
Type     Time(s)  Ops          TPS(ops/s)   Net(M/s)   Get_miss   Min(us)  Max(us)    Avg(us)    Std_dev    Geo_dist  
Period   1        19957        19957        2.7        0          175      16368      2035       2322.81    1302.65
Global   20       391871       19593        2.7        0          139      22447      2074       2313.79    1350.52

Set Statistics
Type     Time(s)  Ops          TPS(ops/s)   Net(M/s)   Get_miss   Min(us)  Max(us)    Avg(us)    Std_dev    Geo_dist  
Period   1        202          202          0.0        0          247      9533       2439       2698.46    1480.25
Global   20       3980         199          0.0        0          219      15570      2088       2315.94    1369.99

Total Statistics
Type     Time(s)  Ops          TPS(ops/s)   Net(M/s)   Get_miss   Min(us)  Max(us)    Avg(us)    Std_dev    Geo_dist  
Period   1        20158        20158        2.7        0          175      16368      2039       2325.78    1303.90
Global   20       395853       19792        2.8        0          139      22447      2074       2313.92    1350.71

[1;1H[2J
Get Statistics
Type     Time(s)  Ops          TPS(ops/s)   Net(M/s)   Get_miss   Min(us)  Max(us)    Avg(us)    Std_dev    Geo_dist  
Period   1        19667        19667        2.7        0          164      12223      2054       2315.34    1313.25
Global   21       411538       19597        2.7        0          139      22447      2073       2313.90    1348.74

Set Statistics
Type     Time(s)  Ops          TPS(ops/s)   Net(M/s)   Get_miss   Min(us)  Max(us)    Avg(us)    Std_dev    Geo_dist  
Period   1        201          201          0.0        0          225      8653       2110       2296.56    1373.86
Global   21       4181         199          0.0        0          219      15570      2089       2314.80    1370.17

Total Statistics
Type     Time(s)  Ops          TPS(ops/s)   Net(M/s)   Get_miss   Min(us)  Max(us)    Avg(us)    Std_dev    Geo_dist  
Period   1        19867        19867        2.7        0          164      12223      2054       2316.12    1314.48
Global   21       415720       19796        2.7        0          139      22447      2073       2314.07    1348.96

[1;1H[2J
Get Statistics
Type     Time(s)  Ops          TPS(ops/s)   Net(M/s)   Get_miss   Min(us)  Max(us)    Avg(us)    Std_dev    Geo_dist  
Period   1        19585        19585        2.7        0          199      15367      2080       2254.33    1361.45
Global   22       431123       19596        2.7        0          139      22447      2073       2311.53    1349.34

Set Statistics
Type     Time(s)  Ops          TPS(ops/s)   Net(M/s)   Get_miss   Min(us)  Max(us)    Avg(us)    Std_dev    Geo_dist  
Period   1        193          193          0.0        0          278      9804       2206       2317.02    1419.77
Global   22       4374         198          0.0        0          219      15570      2094       2314.90    1372.32

Total Statistics
Type     Time(s)  Ops          TPS(ops/s)   Net(M/s)   Get_miss   Min(us)  Max(us)    Avg(us)    Std_dev    Geo_dist  
Period   1        19777        19777        2.7        0          199      15367      2081       2254.81    1361.90
Global   22       435497       19795        2.7        0          139      22447      2074       2310.85    1349.57

[1;1H[2J
Get Statistics
Type     Time(s)  Ops          TPS(ops/s)   Net(M/s)   Get_miss   Min(us)  Max(us)    Avg(us)    Std_dev    Geo_dist  
Period   1        19432        19432        2.7        0          177      12879      2095       2344.84    1346.97
Global   23       450555       19589        2.7        0          139      22447      2074       2312.93    1349.24

Set Statistics
Type     Time(s)  Ops          TPS(ops/s)   Net(M/s)   Get_miss   Min(us)  Max(us)    Avg(us)    Std_dev    Geo_dist  
Period   1        198          198          0.0        0          345      8188       1914       2187.79    1249.52
Global   23       4572         198          0.0        0          219      15570      2087       2308.88    1366.76

Total Statistics
Type     Time(s)  Ops          TPS(ops/s)   Net(M/s)   Get_miss   Min(us)  Max(us)    Avg(us)    Std_dev    Geo_dist  
Period   1        19633        19633        2.7        0          177      12879      2094       2343.76    1346.28
Global   23       455130       19788        2.7        0          139      22447      2074       2313.06    1349.43

[1;1H[2J
Get Statistics
Type     Time(s)  Ops          TPS(ops/s)   Net(M/s)   Get_miss   Min(us)  Max(us)    Avg(us)    Std_dev    Geo_dist  
Period   1        20111        20111        2.7        0          209      11801      2030       2281.38    1332.97
Global   24       470666       19611        2.8        0          139      22447      2072       2311.76    1348.59

Set Statistics
Type     Time(s)  Ops          TPS(ops/s)   Net(M/s)   Get_miss   Min(us)  Max(us)    Avg(us)    Std_dev    Geo_dist  
Period   1        203          203          0.0        0          365      11386      2046       2438.99    1315.76
Global   24       4775         198          0.0        0          219      15570      2085       2314.54    1364.55

Total Statistics
Type     Time(s)  Ops          TPS(ops/s)   Net(M/s)   Get_miss   Min(us)  Max(us)    Avg(us)    Std_dev    Geo_dist  
Period   1        20311        20311        2.7        0          209      11801      2030       2283.40    1334.21
Global   24       475441       19810        2.8        0          139      22447      2073       2311.00    1348.75

[1;1H[2J
Get Statistics
Type     Time(s)  Ops          TPS(ops/s)   Net(M/s)   Get_miss   Min(us)  Max(us)    Avg(us)    Std_dev    Geo_dist  
Period   1        18780        18780        2.7        0          202      42489      2167       2912.78    1351.47
Global   25       489446       19577        2.6        0          139      42489      2076       2337.42    1348.70

Set Statistics
Type     Time(s)  Ops          TPS(ops/s)   Net(M/s)   Get_miss   Min(us)  Max(us)    Avg(us)    Std_dev    Geo_dist  
Period   1        189          189          0.0        0          352      10157      2318       2595.76    1457.37
Global   25       4964         198          0.0        0          219      15570      2094       2325.89    1367.98

Total Statistics
Type     Time(s)  Ops          TPS(ops/s)   Net(M/s)   Get_miss   Min(us)  Max(us)    Avg(us)    Std_dev    Geo_dist  
Period   1        18970        18970        2.7        0          202      42489      2168       2909.63    1351.87
Global   25       494411       19776        2.6        0          139      42489      2076       2337.46    1348.89

[1;1H[2J
Get Statistics
Type     Time(s)  Ops          TPS(ops/s)   Net(M/s)   Get_miss   Min(us)  Max(us)    Avg(us)    Std_dev    Geo_dist  
Period   1        19825        19825        2.7        0          192      17814      2034       2228.22    1366.81
Global   26       509271       19587        2.7        0          139      42489      2074       2333.61    1349.42

Set Statistics
Type     Time(s)  Ops          TPS(ops/s)   Net(M/s)   Get_miss   Min(us)  Max(us)    Avg(us)    Std_dev    Geo_dist  
Period   1        201          201          0.0        0          364      10366      2348       2505.01    1540.94
Global   26       5165         198          0.0        0          219      15570      2104       2333.28    1374.33

Total Statistics
Type     Time(s)  Ops          TPS(ops/s)   Net(M/s)   Get_miss   Min(us)  Max(us)    Avg(us)    Std_dev    Geo_dist  
Period   1        20027        20027        2.7        0          192      17814      2038       2230.45    1368.85
Global   26       514438       19786        2.8        0          139      42489      2075       2332.97    1349.67

[1;1H[2J
Get Statistics
Type     Time(s)  Ops          TPS(ops/s)   Net(M/s)   Get_miss   Min(us)  Max(us)    Avg(us)    Std_dev    Geo_dist  
Period   1        20261        20261        2.7        0          178      12561      1998       2337.87    1249.70
Global   27       529532       19612        2.8        0          139      42489      2071       2333.89    1345.50

Set Statistics
Type     Time(s)  Ops          TPS(ops/s)   Net(M/s)   Get_miss   Min(us)  Max(us)    Avg(us)    Std_dev    Geo_dist  
Period   1        204          204          0.0        0          297      11935      1905       2405.93    1158.92
Global   27       5369         198          0.0        0          219      15570      2096       2336.55    1365.46

Total Statistics
Type     Time(s)  Ops          TPS(ops/s)   Net(M/s)   Get_miss   Min(us)  Max(us)    Avg(us)    Std_dev    Geo_dist  
Period   1        20465        20465        2.7        0          178      12561      1998       2338.73    1248.65
Global   27       534903       19811        2.8        0          139      42489      2072       2333.29    1345.70

[1;1H[2J
Get Statistics
Type     Time(s)  Ops          TPS(ops/s)   Net(M/s)   Get_miss   Min(us)  Max(us)    Avg(us)    Std_dev    Geo_dist  
Period   1        19107        19107        2.7        0          208      27125      2130       2448.54    1359.22
Global   28       548639       19594        2.6        0          139      42489      2074       2337.18    1345.99

Set Statistics
Type     Time(s)  Ops          TPS(ops/s)   Net(M/s)   Get_miss   Min(us)  Max(us)    Avg(us)    Std_dev    Geo_dist  
Period   1        194          194          0.0        0          265      8772       2096       2316.68    1331.62
Global   28       5563         198          0.0        0          219      15570      2096       2335.65    1364.26

Total Statistics
Type     Time(s)  Ops          TPS(ops/s)   Net(M/s)   Get_miss   Min(us)  Max(us)    Avg(us)    Std_dev    Geo_dist  
Period   1        19300        19300        2.7        0          208      27125      2130       2446.98    1359.45
Global   28       554203       19792        2.7        0          139      42489      2074       2337.38    1346.18

[1;1H[2J
Get Statistics
Type     Time(s)  Ops          TPS(ops/s)   Net(M/s)   Get_miss   Min(us)  Max(us)    Avg(us)    Std_dev    Geo_dist  
Period   1        19278        19278        2.7        0          165      13195      2111       2287.70    1392.92
Global   29       567917       19583        2.6        0          139      42489      2075       2335.77    1347.58

Set Statistics
Type     Time(s)  Ops          TPS(ops/s)   Net(M/s)   Get_miss   Min(us)  Max(us)    Avg(us)    Std_dev    Geo_dist  
Period   1        193          193          0.0        0          347      10905      2155       2334.78    1417.31
Global   29       5756         198          0.0        0          219      15570      2098       2335.43    1366.01

Total Statistics
Type     Time(s)  Ops          TPS(ops/s)   Net(M/s)   Get_miss   Min(us)  Max(us)    Avg(us)    Std_dev    Geo_dist  
Period   1        19471        19471        2.7        0          165      13195      2111       2288.39    1393.15
Global   29       573674       19781        2.7        0          139      42489      2075       2335.99    1347.77

[1;1H[2J
Get Statistics
Type     Time(s)  Ops          TPS(ops/s)   Net(M/s)   Get_miss   Min(us)  Max(us)    Avg(us)    Std_dev    Geo_dist  
Period   1        19555        19555        2.7        0          193      11846      2089       2243.80    1391.29
Global   30       587472       19582        2.7        0          139      42489      2075       2333.19    1349.01

Set Statistics
Type     Time(s)  Ops          TPS(ops/s)   Net(M/s)   Get_miss   Min(us)  Max(us)    Avg(us)    Std_dev    Geo_dist  
Period   1        202          202          0.0        0          244      9580       1981       2189.13    1338.85
Global   30       5958         198          0.0        0          219      15570      2094       2330.57    1365.08

Total Statistics
Type     Time(s)  Ops          TPS(ops/s)   Net(M/s)   Get_miss   Min(us)  Max(us)    Avg(us)    Std_dev    Geo_dist  
Period   1        19760        19760        2.7        0          193      11846      2087       2243.39    1390.62
Global   30       593434       19781        2.7        0          139      42489      2075       2333.32    1349.17

[1;1H[2J
Get Statistics
Type     Time(s)  Ops          TPS(ops/s)   Net(M/s)   Get_miss   Min(us)  Max(us)    Avg(us)    Std_dev    Geo_dist  
Period   1        19004        19004        2.7        0          203      15099      2121       2370.07    1355.48
Global   31       606476       19563        2.6        0          139      42489      2077       2333.87    1349.23

Set Statistics
Type     Time(s)  Ops          TPS(ops/s)   Net(M/s)   Get_miss   Min(us)  Max(us)    Avg(us)    Std_dev    Geo_dist  
Period   1        189          189          0.0        0          354      8977       1692       1931.76    1169.86
Global   31       6147         198          0.0        0          219      15570      2082       2319.91    1358.62

Total Statistics
Type     Time(s)  Ops          TPS(ops/s)   Net(M/s)   Get_miss   Min(us)  Max(us)    Avg(us)    Std_dev    Geo_dist  
Period   1        19191        19191        2.7        0          203      15099      2118       2366.45    1354.27
Global   31       612625       19762        2.6        0          139      42489      2077       2333.79    1349.33

[1;1H[2J
Get Statistics
Type     Time(s)  Ops          TPS(ops/s)   Net(M/s)   Get_miss   Min(us)  Max(us)    Avg(us)    Std_dev    Geo_dist  
Period   1        19281        19281        2.7        0          203      11936      2118       2334.73    1373.68
Global   32       625757       19554        2.6        0          139      42489      2078       2334.15    1350.00

Set Statistics
Type     Time(s)  Ops          TPS(ops/s)   Net(M/s)   Get_miss   Min(us)  Max(us)    Avg(us)    Std_dev    Geo_dist  
Period   1        197          197          0.0        0          329      9769       2151       2335.49    1407.73
Global   32       6344         198          0.0        0          219      15570      2084       2320.37    1360.12

Total Statistics
Type     Time(s)  Ops          TPS(ops/s)   Net(M/s)   Get_miss   Min(us)  Max(us)    Avg(us)    Std_dev    Geo_dist  
Period   1        19476        19476        2.7        0          203      11936      2118       2334.75    1374.42
Global   32       632101       19753        2.7        0          139      42489      2078       2334.06    1350.10

[1;1H[2J
Get Statistics
Type     Time(s)  Ops          TPS(ops/s)   Net(M/s)   Get_miss   Min(us)  Max(us)    Avg(us)    Std_dev    Geo_dist  
Period   1        19092        19092        2.7        0          184      13621      2102       2267.60    1393.92
Global   33       644849       19540        2.6        0          139      42489      2079       2331.95    1351.28

Set Statistics
Type     Time(s)  Ops          TPS(ops/s)   Net(M/s)   Get_miss   Min(us)  Max(us)    Avg(us)    Std_dev    Geo_dist  
Period   1        193          193          0.0        0          318      10483      1909       2077.04    1298.74
Global   33       6537         198          0.0        0          219      15570      2079       2313.45    1358.26

Total Statistics
Type     Time(s)  Ops          TPS(ops/s)   Net(M/s)   Get_miss   Min(us)  Max(us)    Avg(us)    Std_dev    Geo_dist  
Period   1        19287        19287        2.7        0          184      13621      2101       2265.88    1393.17
Global   33       651388       19739        2.6        0          139      42489      2079       2331.79    1351.35

[1;1H[2J
Get Statistics
Type     Time(s)  Ops          TPS(ops/s)   Net(M/s)   Get_miss   Min(us)  Max(us)    Avg(us)    Std_dev    Geo_dist  
Period   1        20353        20353        2.7        0          189      15982      2003       2176.44    1342.69
Global   34       665202       19564        2.8        0          139      42489      2076       2328.00    1351.03

Set Statistics
Type     Time(s)  Ops          TPS(ops/s)   Net(M/s)   Get_miss   Min(us)  Max(us)    Avg(us)    Std_dev    Geo_dist  
Period   1        204          204          0.0        0          277      9635       1961       2075.52    1343.14
Global   34       6741         198          0.0        0          219      15570      2075       2306.94    1357.80

Total Statistics
Type     Time(s)  Ops          TPS(ops/s)   Net(M/s)   Get_miss   Min(us)  Max(us)    Avg(us)    Std_dev    Geo_dist  
Period   1        20559        20559        2.7        0          189      15982      2003       2176.05    1343.46
Global   34       671947       19763        2.8        0          139      42489      2076       2327.82    1351.11

[1;1H[2J
Get Statistics
Type     Time(s)  Ops          TPS(ops/s)   Net(M/s)   Get_miss   Min(us)  Max(us)    Avg(us)    Std_dev    Geo_dist  
Period   1        18582        18582        2.7        0          211      26775      2194       2628.97    1377.20
Global   35       683784       19536        2.6        0          139      42489      2080       2336.11    1351.81

Set Statistics
Type     Time(s)  Ops          TPS(ops/s)   Net(M/s)   Get_miss   Min(us)  Max(us)    Avg(us)    Std_dev    Geo_dist  
Period   1        189          189          0.0        0          374      11774      2110       2442.38    1367.97
Global   35       6930         198          0.0        0          219      15570      2076       2310.52    1358.08

Total Statistics
Type     Time(s)  Ops          TPS(ops/s)   Net(M/s)   Get_miss   Min(us)  Max(us)    Avg(us)    Std_dev    Geo_dist  
Period   1        18767        18767        2.7        0          211      26775      2193       2627.71    1379.23
Global   35       690714       19734        2.6        0          139      42489      2080       2335.82    1351.87

[1;1H[2J
Get Statistics
Type     Time(s)  Ops          TPS(ops/s)   Net(M/s)   Get_miss   Min(us)  Max(us)    Avg(us)    Std_dev    Geo_dist  
Period   1        19714        19714        2.7        0          201      19166      2076       2267.57    1376.48
Global   36       703498       19541        2.7        0          139      42489      2080       2334.12    1352.49

Set Statistics
Type     Time(s)  Ops          TPS(ops/s)   Net(M/s)   Get_miss   Min(us)  Max(us)    Avg(us)    Std_dev    Geo_dist  
Period   1        195          195          0.0        0          358      10938      2357       2433.85    1556.20
Global   36       7125         197          0.0        0          219      15570      2084       2313.98    1363.15

Total Statistics
Type     Time(s)  Ops          TPS(ops/s)   Net(M/s)   Get_miss   Min(us)  Max(us)    Avg(us)    Std_dev    Geo_dist  
Period   1        19909        19909        2.7        0          201      19166      2079       2269.13    1378.13
Global   36       710623       19739        2.7        0          139      42489      2080       2333.95    1352.60

[1;1H[2J
Get Statistics
Type     Time(s)  Ops          TPS(ops/s)   Net(M/s)   Get_miss   Min(us)  Max(us)    Avg(us)    Std_dev    Geo_dist  
Period   1        18478        18478        2.7        0          220      11278      2206       2379.14    1435.70
Global   37       721976       19512        2.5        0          139      42489      2083       2335.56    1354.56

Set Statistics
Type     Time(s)  Ops          TPS(ops/s)   Net(M/s)   Get_miss   Min(us)  Max(us)    Avg(us)    Std_dev    Geo_dist  
Period   1        189          189          0.0        0          351      10076      2359       2443.30    1547.62
Global   37       7314         197          0.0        0          219      15570      2091       2317.75    1367.63

Total Statistics
Type     Time(s)  Ops          TPS(ops/s)   Net(M/s)   Get_miss   Min(us)  Max(us)    Avg(us)    Std_dev    Geo_dist  
Period   1        18672        18672        2.7        0          220      11278      2207       2379.72    1436.42
Global   37       729295       19710        2.6        0          139      42489      2083       2335.44    1354.68

[1;1H[2J
Get Statistics
Type     Time(s)  Ops          TPS(ops/s)   Net(M/s)   Get_miss   Min(us)  Max(us)    Avg(us)    Std_dev    Geo_dist  
Period   1        19241        19241        2.7        0          217      14619      2094       2359.23    1339.23
Global   38       741217       19505        2.6        0          139      42489      2083       2336.43    1354.22

Set Statistics
Type     Time(s)  Ops          TPS(ops/s)   Net(M/s)   Get_miss   Min(us)  Max(us)    Avg(us)    Std_dev    Geo_dist  
Period   1        194          194          0.0        0          287      8943       2224       2321.79    1456.49
Global   38       7508         197          0.0        0          219      15570      2094       2318.19    1369.85

Total Statistics
Type     Time(s)  Ops          TPS(ops/s)   Net(M/s)   Get_miss   Min(us)  Max(us)    Avg(us)    Std_dev    Geo_dist  
Period   1        19430        19430        2.7        0          217      14619      2096       2358.75    1341.55
Global   38       748725       19703        2.7        0          139      42489      2083       2336.35    1354.37

[1;1H[2J
Get Statistics
Type     Time(s)  Ops          TPS(ops/s)   Net(M/s)   Get_miss   Min(us)  Max(us)    Avg(us)    Std_dev    Geo_dist  
Period   1        19109        19109        2.7        0          194      13708      2137       2315.81    1402.56
Global   39       760326       19495        2.6        0          139      42489      2084       2336.25    1355.41

Set Statistics
Type     Time(s)  Ops          TPS(ops/s)   Net(M/s)   Get_miss   Min(us)  Max(us)    Avg(us)    Std_dev    Geo_dist  
Period   1        191          191          0.0        0          296      13705      2151       2442.18    1397.18
Global   39       7699         197          0.0        0          219      15570      2096       2320.66    1370.53

Total Statistics
Type     Time(s)  Ops          TPS(ops/s)   Net(M/s)   Get_miss   Min(us)  Max(us)    Avg(us)    Std_dev    Geo_dist  
Period   1        19304        19304        2.7        0          194      13708      2138       2317.92    1402.97
Global   39       768029       19693        2.7        0          139      42489      2085       2335.35    1355.57

[1;1H[2J
Get Statistics
Type     Time(s)  Ops          TPS(ops/s)   Net(M/s)   Get_miss   Min(us)  Max(us)    Avg(us)    Std_dev    Geo_dist  
Period   1        19002        19002        2.7        0          199      12631      2150       2276.00    1419.57
Global   40       779328       19483        2.6        0          139      42489      2086       2334.48    1356.96

Set Statistics
Type     Time(s)  Ops          TPS(ops/s)   Net(M/s)   Get_miss   Min(us)  Max(us)    Avg(us)    Std_dev    Geo_dist  
Period   1        194          194          0.0        0          323      10374      2385       2542.78    1517.65
Global   40       7893         197          0.0        0          219      15570      2103       2326.73    1373.97

Total Statistics
Type     Time(s)  Ops          TPS(ops/s)   Net(M/s)   Get_miss   Min(us)  Max(us)    Avg(us)    Std_dev    Geo_dist  
Period   1        19192        19192        2.7        0          199      12631      2152       2277.99    1420.71
Global   40       787221       19680        2.6        0          139      42489      2086       2334.56    1357.13

[1;1H[2J
Get Statistics
Type     Time(s)  Ops          TPS(ops/s)   Net(M/s)   Get_miss   Min(us)  Max(us)    Avg(us)    Std_dev    Geo_dist  
Period   1        18746        18746        2.7        0          162      14198      2154       2334.16    1421.29
Global   41       798074       19465        2.6        0          139      42489      2088       2334.14    1358.43

Set Statistics
Type     Time(s)  Ops          TPS(ops/s)   Net(M/s)   Get_miss   Min(us)  Max(us)    Avg(us)    Std_dev    Geo_dist  
Period   1        186          186          0.0        0          312      14197      2468       2694.70    1555.59
Global   41       8079         197          0.0        0          219      15570      2111       2336.66    1377.90

Total Statistics
Type     Time(s)  Ops          TPS(ops/s)   Net(M/s)   Get_miss   Min(us)  Max(us)    Avg(us)    Std_dev    Geo_dist  
Period   1        18932        18932        2.7        0          162      14198      2158       2337.25    1422.55
Global   41       806153       19662        2.6        0          139      42489      2088       2334.37    1358.63

[1;1H[2J
Get Statistics
Type     Time(s)  Ops          TPS(ops/s)   Net(M/s)   Get_miss   Min(us)  Max(us)    Avg(us)    Std_dev    Geo_dist  
Period   1        19066        19066        2.7        0          222      18734      2145       2314.32    1405.83
Global   42       817140       19455        2.6        0          139      42489      2089       2333.99    1359.52

Set Statistics
Type     Time(s)  Ops          TPS(ops/s)   Net(M/s)   Get_miss   Min(us)  Max(us)    Avg(us)    Std_dev    Geo_dist  
Period   1        197          197          0.0        0          302      9171       2122       2294.18    1366.27
Global   42       8276         197          0.0        0          219      15570      2112       2334.86    1377.62

Total Statistics
Type     Time(s)  Ops          TPS(ops/s)   Net(M/s)   Get_miss   Min(us)  Max(us)    Avg(us)    Std_dev    Geo_dist  
Period   1        19263        19263        2.7        0          222      18734      2144       2314.76    1405.42
Global   42       825416       19652        2.6        0          139      42489      2089       2334.20    1359.70

[1;1H[2J
Get Statistics
Type     Time(s)  Ops          TPS(ops/s)   Net(M/s)   Get_miss   Min(us)  Max(us)    Avg(us)    Std_dev    Geo_dist  
Period   1        17578        17578        2.7        0          182      19311      2294       2602.67    1400.33
Global   43       834718       19412        2.4        0          139      42489      2093       2340.43    1360.37

Set Statistics
Type     Time(s)  Ops          TPS(ops/s)   Net(M/s)   Get_miss   Min(us)  Max(us)    Avg(us)    Std_dev    Geo_dist  
Period   1        178          178          0.0        0          440      9754       2652       2759.40    1657.63
Global   43       8454         196          0.0        0          219      15570      2123       2346.02    1383.00

Total Statistics
Type     Time(s)  Ops          TPS(ops/s)   Net(M/s)   Get_miss   Min(us)  Max(us)    Avg(us)    Std_dev    Geo_dist  
Period   1        17757        17757        2.7        0          182      19311      2298       2604.31    1402.81
Global   43       843173       19608        2.4        0          139      42489      2094       2339.87    1360.59

[1;1H[2J
Get Statistics
Type     Time(s)  Ops          TPS(ops/s)   Net(M/s)   Get_miss   Min(us)  Max(us)    Avg(us)    Std_dev    Geo_dist  
Period   1        17894        17894        2.7        0          194      14677      2273       2508.39    1461.62
Global   44       852612       19377        2.5        0          139      42489      2097       2344.03    1362.43

Set Statistics
Type     Time(s)  Ops          TPS(ops/s)   Net(M/s)   Get_miss   Min(us)  Max(us)    Avg(us)    Std_dev    Geo_dist  
Period   1        178          178          0.0        0          419      13775      2311       2697.64    1445.64
Global   44       8632         196          0.0        0          219      15570      2127       2353.66    1384.26

Total Statistics
Type     Time(s)  Ops          TPS(ops/s)   Net(M/s)   Get_miss   Min(us)  Max(us)    Avg(us)    Std_dev    Geo_dist  
Period   1        18071        18071        2.7        0          194      14677      2274       2509.81    1462.05
Global   44       861244       19573        2.5        0          139      42489      2097       2344.39    1362.65

[1;1H[2J
Get Statistics
Type     Time(s)  Ops          TPS(ops/s)   Net(M/s)   Get_miss   Min(us)  Max(us)    Avg(us)    Std_dev    Geo_dist  
Period   1        19232        19232        2.7        0          219      18902      2100       2395.18    1361.15
Global   45       871844       19374        2.6        0          139      42489      2097       2345.23    1362.40

Set Statistics
Type     Time(s)  Ops          TPS(ops/s)   Net(M/s)   Get_miss   Min(us)  Max(us)    Avg(us)    Std_dev    Geo_dist  
Period   1        196          196          0.0        0          340      8802       1976       2191.10    1317.48
Global   45       8828         196          0.0        0          219      15570      2123       2350.75    1382.74

Total Statistics
Type     Time(s)  Ops          TPS(ops/s)   Net(M/s)   Get_miss   Min(us)  Max(us)    Avg(us)    Std_dev    Geo_dist  
Period   1        19432        19432        2.7        0          219      18902      2098       2393.58    1360.81
Global   45       880676       19570        2.7        0          139      42489      2097       2345.51    1362.61

[1;1H[2J
Get Statistics
Type     Time(s)  Ops          TPS(ops/s)   Net(M/s)   Get_miss   Min(us)  Max(us)    Avg(us)    Std_dev    Geo_dist  
Period   1        19505        19505        2.7        0          226      11698      2067       2362.02    1333.18
Global   46       891349       19377        2.7        0          139      42489      2096       2345.91    1361.80

Set Statistics
Type     Time(s)  Ops          TPS(ops/s)   Net(M/s)   Get_miss   Min(us)  Max(us)    Avg(us)    Std_dev    Geo_dist  
Period   1        197          197          0.0        0          231      9796       2208       2474.92    1395.30
Global   46       9025         196          0.0        0          219      15570      2125       2353.28    1383.02

Total Statistics
Type     Time(s)  Ops          TPS(ops/s)   Net(M/s)   Get_miss   Min(us)  Max(us)    Avg(us)    Std_dev    Geo_dist  
Period   1        19700        19700        2.7        0          226      11698      2070       2362.87    1335.45
Global   46       900376       19573        2.7        0          139      42489      2097       2345.36    1362.02

[1;1H[2J
Get Statistics
Type     Time(s)  Ops          TPS(ops/s)   Net(M/s)   Get_miss   Min(us)  Max(us)    Avg(us)    Std_dev    Geo_dist  
Period   1        18088        18088        2.7        0          157      14220      2256       2501.28    1403.82
Global   47       909437       19349        2.5        0          139      42489      2100       2348.48    1362.64

Set Statistics
Type     Time(s)  Ops          TPS(ops/s)   Net(M/s)   Get_miss   Min(us)  Max(us)    Avg(us)    Std_dev    Geo_dist  
Period   1        182          182          0.0        0          302      11008      2390       2528.51    1495.45
Global   47       9207         195          0.0        0          219      15570      2131       2356.33    1385.15

Total Statistics
Type     Time(s)  Ops          TPS(ops/s)   Net(M/s)   Get_miss   Min(us)  Max(us)    Avg(us)    Std_dev    Geo_dist  
Period   1        18268        18268        2.7        0          157      14220      2257       2501.60    1405.14
Global   47       918644       19545        2.5        0          139      42489      2100       2348.84    1362.86

[1;1H[2J
Get Statistics
Type     Time(s)  Ops          TPS(ops/s)   Net(M/s)   Get_miss   Min(us)  Max(us)    Avg(us)    Std_dev    Geo_dist  
Period   1        18933        18933        2.7        0          184      17952      2146       2372.45    1386.94
Global   48       928370       19341        2.6        0          139      42489      2101       2348.93    1363.13

Set Statistics
Type     Time(s)  Ops          TPS(ops/s)   Net(M/s)   Get_miss   Min(us)  Max(us)    Avg(us)    Std_dev    Geo_dist  
Period   1        192          192          0.0        0          396      10787      2370       2558.19    1496.61
Global   48       9399         195          0.0        0          219      15570      2135       2361.52    1387.35

Total Statistics
Type     Time(s)  Ops          TPS(ops/s)   Net(M/s)   Get_miss   Min(us)  Max(us)    Avg(us)    Std_dev    Geo_dist  
Period   1        19127        19127        2.7        0          184      17952      2149       2374.00    1387.59
Global   48       937771       19536        2.6        0          139      42489      2101       2349.37    1363.38

[1;1H[2J
Get Statistics
Type     Time(s)  Ops          TPS(ops/s)   Net(M/s)   Get_miss   Min(us)  Max(us)    Avg(us)    Std_dev    Geo_dist  
Period   1        19228        19228        2.7        0          180      12345      2122       2291.68    1394.14
Global   49       947598       19338        2.6        0          139      42489      2101       2348.17    1363.77

Set Statistics
Type     Time(s)  Ops          TPS(ops/s)   Net(M/s)   Get_miss   Min(us)  Max(us)    Avg(us)    Std_dev    Geo_dist  
Period   1        195          195          0.0        0          326      9009       2119       2295.17    1371.02
Global   49       9594         195          0.0        0          219      15570      2135       2359.78    1387.01

Total Statistics
Type     Time(s)  Ops          TPS(ops/s)   Net(M/s)   Get_miss   Min(us)  Max(us)    Avg(us)    Std_dev    Geo_dist  
Period   1        19423        19423        2.7        0          180      12345      2122       2290.59    1392.64
Global   49       957194       19534        2.7        0          139      42489      2101       2348.61    1364.00

[1;1H[2J
Get Statistics
Type     Time(s)  Ops          TPS(ops/s)   Net(M/s)   Get_miss   Min(us)  Max(us)    Avg(us)    Std_dev    Geo_dist  
Period   1        18675        18675        2.7        0          207      29245      2169       2618.76    1361.72
Global   50       966273       19325        2.6        0          139      42489      2102       2354.00    1363.74

Set Statistics
Type     Time(s)  Ops          TPS(ops/s)   Net(M/s)   Get_miss   Min(us)  Max(us)    Avg(us)    Std_dev    Geo_dist  
Period   1        190          190          0.0        0          351      8225       2287       2425.75    1478.27
Global   50       9784         195          0.0        0          219      15570      2138       2361.00    1388.73

Total Statistics
Type     Time(s)  Ops          TPS(ops/s)   Net(M/s)   Get_miss   Min(us)  Max(us)    Avg(us)    Std_dev    Geo_dist  
Period   1        18865        18865        2.7        0          207      29245      2170       2617.30    1362.87
Global   50       976059       19521        2.6        0          139      42489      2103       2353.52    1363.99

[1;1H[2J
Get Statistics
Type     Time(s)  Ops          TPS(ops/s)   Net(M/s)   Get_miss   Min(us)  Max(us)    Avg(us)    Std_dev    Geo_dist  
Period   1        19539        19539        2.7        0          232      12568      2091       2248.30    1392.09
Global   51       985812       19329        2.7        0          139      42489      2102       2351.77    1364.31

Set Statistics
Type     Time(s)  Ops          TPS(ops/s)   Net(M/s)   Get_miss   Min(us)  Max(us)    Avg(us)    Std_dev    Geo_dist  
Period   1        195          195          0.0        0          391      8604       2042       2113.97    1399.62
Global   51       9979         195          0.0        0          219      15570      2136       2356.47    1388.94

Total Statistics
Type     Time(s)  Ops          TPS(ops/s)   Net(M/s)   Get_miss   Min(us)  Max(us)    Avg(us)    Std_dev    Geo_dist  
Period   1        19734        19734        2.7        0          232      12568      2090       2247.80    1392.78
Global   51       995793       19525        2.7        0          139      42489      2102       2352.14    1364.56

[1;1H[2J
Get Statistics
Type     Time(s)  Ops          TPS(ops/s)   Net(M/s)   Get_miss   Min(us)  Max(us)    Avg(us)    Std_dev    Geo_dist  
Period   1        18443        18443        2.7        0          241      19055      2214       2459.44    1423.43
Global   52       1004255      19312        2.5        0          139      42489      2104       2353.90    1365.38

Set Statistics
Type     Time(s)  Ops          TPS(ops/s)   Net(M/s)   Get_miss   Min(us)  Max(us)    Avg(us)    Std_dev    Geo_dist  
Period   1        184          184          0.0        0          427      11450      2178       2466.74    1419.53
Global   52       10163        195          0.0        0          219      15570      2137       2358.18    1389.49

Total Statistics
Type     Time(s)  Ops          TPS(ops/s)   Net(M/s)   Get_miss   Min(us)  Max(us)    Avg(us)    Std_dev    Geo_dist  
Period   1        18625        18625        2.7        0          241      19055      2214       2458.89    1423.83
Global   52       1014418      19508        2.6        0          139      42489      2105       2353.34    1365.62

[1;1H[2J
Get Statistics
Type     Time(s)  Ops          TPS(ops/s)   Net(M/s)   Get_miss   Min(us)  Max(us)    Avg(us)    Std_dev    Geo_dist  
Period   1        18925        18925        2.7        0          225      15651      2142       2345.28    1392.56
Global   53       1023180      19305        2.6        0          139      42489      2105       2353.48    1365.88

Set Statistics
Type     Time(s)  Ops          TPS(ops/s)   Net(M/s)   Get_miss   Min(us)  Max(us)    Avg(us)    Std_dev    Geo_dist  
Period   1        195          195          0.0        0          364      9224       2100       2271.52    1410.77
Global   53       10358        195          0.0        0          219      15570      2136       2356.75    1389.89

Total Statistics
Type     Time(s)  Ops          TPS(ops/s)   Net(M/s)   Get_miss   Min(us)  Max(us)    Avg(us)    Std_dev    Geo_dist  
Period   1        19122        19122        2.7        0          225      15651      2142       2344.07    1392.86
Global   53       1033540      19500        2.6        0          139      42489      2105       2353.79    1366.12

[1;1H[2J
Get Statistics
Type     Time(s)  Ops          TPS(ops/s)   Net(M/s)   Get_miss   Min(us)  Max(us)    Avg(us)    Std_dev    Geo_dist  
Period   1        18580        18580        2.6        0          197      23215      2190       2429.96    1415.07
Global   54       1041760      19291        2.6        0          139      42489      2106       2355.35    1366.75

Set Statistics
Type     Time(s)  Ops          TPS(ops/s)   Net(M/s)   Get_miss   Min(us)  Max(us)    Avg(us)    Std_dev    Geo_dist  
Period   1        187          187          0.0        0          278      12795      2012       2262.95    1336.97
Global   54       10545        195          0.0        0          219      15570      2134       2354.89    1388.93

Total Statistics
Type     Time(s)  Ops          TPS(ops/s)   Net(M/s)   Get_miss   Min(us)  Max(us)    Avg(us)    Std_dev    Geo_dist  
Period   1        18766        18766        2.7        0          197      23215      2189       2427.82    1414.83
Global   54       1052306      19487        2.6        0          139      42489      2107       2354.71    1366.98

[1;1H[2J
Get Statistics
Type     Time(s)  Ops          TPS(ops/s)   Net(M/s)   Get_miss   Min(us)  Max(us)    Avg(us)    Std_dev    Geo_dist  
Period   1        19346        19346        2.6        0          177      26949      2095       2566.11    1324.01
Global   55       1061106      19292        2.7        0          139      42489      2106       2359.19    1365.97

Set Statistics
Type     Time(s)  Ops          TPS(ops/s)   Net(M/s)   Get_miss   Min(us)  Max(us)    Avg(us)    Std_dev    Geo_dist  
Period   1        194          194          0.0        0          421      8879       2122       2407.92    1349.59
Global   55       10739        195          0.0        0          219      15570      2134       2355.55    1388.21

Total Statistics
Type     Time(s)  Ops          TPS(ops/s)   Net(M/s)   Get_miss   Min(us)  Max(us)    Avg(us)    Std_dev    Geo_dist  
Period   1        19541        19541        2.7        0          177      26949      2097       2565.70    1325.04
Global   55       1071847      19488        2.7        0          139      42489      2107       2358.56    1366.20

[1;1H[2J
Get Statistics
Type     Time(s)  Ops          TPS(ops/s)   Net(M/s)   Get_miss   Min(us)  Max(us)    Avg(us)    Std_dev    Geo_dist  
Period   1        18860        18860        2.6        0          216      20084      2179       2524.81    1374.72
Global   56       1079966      19285        2.6        0          139      42489      2108       2361.58    1366.14

Set Statistics
Type     Time(s)  Ops          TPS(ops/s)   Net(M/s)   Get_miss   Min(us)  Max(us)    Avg(us)    Std_dev    Geo_dist  
Period   1        188          188          0.0        0          350      12346      2170       2445.84    1380.97
Global   56       10927        195          0.0        0          219      15570      2134       2357.58    1388.08

Total Statistics
Type     Time(s)  Ops          TPS(ops/s)   Net(M/s)   Get_miss   Min(us)  Max(us)    Avg(us)    Std_dev    Geo_dist  
Period   1        19050        19050        2.7        0          216      20084      2180       2523.02    1375.59
Global   56       1090897      19480        2.6        0          139      42489      2108       2361.79    1366.36

[1;1H[2J
Get Statistics
Type     Time(s)  Ops          TPS(ops/s)   Net(M/s)   Get_miss   Min(us)  Max(us)    Avg(us)    Std_dev    Geo_dist  
Period   1        18679        18679        2.6        0          161      16651      2184       2419.52    1403.25
Global   57       1098645      19274        2.6        0          139      42489      2109       2362.87    1366.79

Set Statistics
Type     Time(s)  Ops          TPS(ops/s)   Net(M/s)   Get_miss   Min(us)  Max(us)    Avg(us)    Std_dev    Geo_dist  
Period   1        195          195          0.0        0          330      11628      2278       2537.75    1444.99
Global   57       11122        195          0.0        0          219      15570      2137       2360.38    1389.06

Total Statistics
Type     Time(s)  Ops          TPS(ops/s)   Net(M/s)   Get_miss   Min(us)  Max(us)    Avg(us)    Std_dev    Geo_dist  
Period   1        18870        18870        2.7        0          161      16651      2185       2420.74    1405.18
Global   57       1109767      19469        2.6        0          139      42489      2109       2363.10    1367.01

[1;1H[2J
Get Statistics
Type     Time(s)  Ops          TPS(ops/s)   Net(M/s)   Get_miss   Min(us)  Max(us)    Avg(us)    Std_dev    Geo_dist  
Period   1        18867        18867        2.6        0          174      16528      2162       2413.73    1377.69
Global   58       1117512      19267        2.6        0          139      42489      2110       2363.65    1366.98

Set Statistics
Type     Time(s)  Ops          TPS(ops/s)   Net(M/s)   Get_miss   Min(us)  Max(us)    Avg(us)    Std_dev    Geo_dist  
Period   1        185          185          0.0        0          363      11183      2233       2527.53    1401.76
Global   58       11307        194          0.0        0          219      15570      2139       2362.74    1389.27

Total Statistics
Type     Time(s)  Ops          TPS(ops/s)   Net(M/s)   Get_miss   Min(us)  Max(us)    Avg(us)    Std_dev    Geo_dist  
Period   1        19054        19054        2.7        0          174      16528      2163       2414.80    1378.15
Global   58       1128821      19462        2.6        0          139      42489      2110       2363.91    1367.20

[1;1H[2J
Get Statistics
Type     Time(s)  Ops          TPS(ops/s)   Net(M/s)   Get_miss   Min(us)  Max(us)    Avg(us)    Std_dev    Geo_dist  
Period   1        19052        19052        2.6        0          187      12224      2127       2365.97    1368.05
Global   59       1136564      19263        2.6        0          139      42489      2110       2363.96    1367.02

Set Statistics
Type     Time(s)  Ops          TPS(ops/s)   Net(M/s)   Get_miss   Min(us)  Max(us)    Avg(us)    Std_dev    Geo_dist  
Period   1        196          196          0.0        0          400      11558      2641       2825.47    1605.80
Global   59       11503        194          0.0        0          219      15570      2147       2372.62    1392.70

Total Statistics
Type     Time(s)  Ops          TPS(ops/s)   Net(M/s)   Get_miss   Min(us)  Max(us)    Avg(us)    Std_dev    Geo_dist  
Period   1        19248        19248        2.7        0          187      12224      2133       2371.93    1371.54
Global   59       1148069      19458        2.6        0          139      42489      2110       2364.39    1367.27

[1;1H[2J
Get Statistics
Type     Time(s)  Ops          TPS(ops/s)   Net(M/s)   Get_miss   Min(us)  Max(us)    Avg(us)    Std_dev    Geo_dist  
Period   1        18375        18375        2.6        0          213      32184      2226       2868.85    1329.36
Global   60       1154939      19248        2.5        0          139      42489      2112       2372.76    1366.43

Set Statistics
Type     Time(s)  Ops          TPS(ops/s)   Net(M/s)   Get_miss   Min(us)  Max(us)    Avg(us)    Std_dev    Geo_dist  
Period   1        185          185          0.0        0          326      11287      2329       2759.75    1381.84
Global   60       11688        194          0.0        0          219      15570      2150       2379.11    1392.53

Total Statistics
Type     Time(s)  Ops          TPS(ops/s)   Net(M/s)   Get_miss   Min(us)  Max(us)    Avg(us)    Std_dev    Geo_dist  
Period   1        18558        18558        2.7        0          213      32184      2225       2866.90    1327.11
Global   60       1166627      19443        2.5        0          139      42489      2112       2373.16    1366.69

Get Statistics (1154979 events)
   Min:       139
   Max:     42489
   Avg:      2112
   Geo:   1366.48
   Std:   2373.03
   Log2 Dist:
       8:      719    65820   491399   321017
      12:    85264   168026    22362      334
      16:       38

Set Statistics (11689 events)
   Min:       219
   Max:     15570
   Avg:      2151
   Geo:   1392.76
   Std:   2379.67
   Log2 Dist:
       8:        6      625     4898     3313
      12:      870     1719      258

Total Statistics (1166668 events)
   Min:       139
   Max:     42489
   Avg:      2112
   Geo:   1366.74
   Std:   2373.45
   Log2 Dist:
       8:      725    66445   496297   324330
      12:    86134   169745    22620      334
      16:       38

cmd_get: 1155019
cmd_set: 11690
get_misses: 0
written_bytes: 27279778
read_bytes: 190665047
object_bytes: 1683360

Run time: 60.4s Ops: 1166709 TPS: 19306 Net_rate: 3.4M/s
