servers : 10.0.0.7:9000
threads count: 13
concurrency: 13
run time: 60s
windows size: 10k
set proportion: set_prop=0.01
get proportion: get_prop=0.99
[1;1H[2J
Get Statistics
Type     Time(s)  Ops          TPS(ops/s)   Net(M/s)   Get_miss   Min(us)  Max(us)    Avg(us)    Std_dev    Geo_dist  
Period   1        13195        13195        1.8        0          194      8925       975        876.24     805.56
Global   1        13195        13195        1.8        0          194      8925       975        876.24     805.56

Set Statistics
Type     Time(s)  Ops          TPS(ops/s)   Net(M/s)   Get_miss   Min(us)  Max(us)    Avg(us)    Std_dev    Geo_dist  
Period   1        141          141          0.0        0          293      7402       914        891.61     764.25
Global   1        141          141          0.0        0          293      7402       914        891.61     764.25

Total Statistics
Type     Time(s)  Ops          TPS(ops/s)   Net(M/s)   Get_miss   Min(us)  Max(us)    Avg(us)    Std_dev    Geo_dist  
Period   1        13336        13336        1.8        0          194      8925       974        876.79     805.11
Global   1        13336        13336        1.8        0          194      8925       974        876.79     805.11

[1;1H[2J
Get Statistics
Type     Time(s)  Ops          TPS(ops/s)   Net(M/s)   Get_miss   Min(us)  Max(us)    Avg(us)    Std_dev    Geo_dist  
Period   1        12862        12862        1.8        0          182      16193      1001       993.72     821.48
Global   2        26057        13028        1.8        0          182      16193      988        935.97     813.38

Set Statistics
Type     Time(s)  Ops          TPS(ops/s)   Net(M/s)   Get_miss   Min(us)  Max(us)    Avg(us)    Std_dev    Geo_dist  
Period   1        128          128          0.0        0          186      6942       1043       1006.02    828.77
Global   2        269          134          0.0        0          186      7402       975        948.58     794.29

Total Statistics
Type     Time(s)  Ops          TPS(ops/s)   Net(M/s)   Get_miss   Min(us)  Max(us)    Avg(us)    Std_dev    Geo_dist  
Period   1        12990        12990        1.8        0          182      16193      1002       993.22     821.55
Global   2        26326        13163        1.8        0          182      16193      988        935.94     813.18

[1;1H[2J
Get Statistics
Type     Time(s)  Ops          TPS(ops/s)   Net(M/s)   Get_miss   Min(us)  Max(us)    Avg(us)    Std_dev    Geo_dist  
Period   1        13861        13861        1.8        0          161      4714       928        536.45     815.40
Global   3        39918        13306        1.9        0          161      16193      967        820.30     814.08

Set Statistics
Type     Time(s)  Ops          TPS(ops/s)   Net(M/s)   Get_miss   Min(us)  Max(us)    Avg(us)    Std_dev    Geo_dist  
Period   1        141          141          0.0        0          285      3157       946        542.97     826.62
Global   3        410          136          0.0        0          186      7402       965        831.12     805.27

Total Statistics
Type     Time(s)  Ops          TPS(ops/s)   Net(M/s)   Get_miss   Min(us)  Max(us)    Avg(us)    Std_dev    Geo_dist  
Period   1        14003        14003        1.8        0          161      4714       928        536.78     815.52
Global   3        40329        13443        1.9        0          161      16193      967        820.37     813.99

[1;1H[2J
Get Statistics
Type     Time(s)  Ops          TPS(ops/s)   Net(M/s)   Get_miss   Min(us)  Max(us)    Avg(us)    Std_dev    Geo_dist  
Period   1        12993        12993        1.8        0          146      9054       992        899.72     812.98
Global   4        52911        13227        1.8        0          146      16193      973        840.72     813.81

Set Statistics
Type     Time(s)  Ops          TPS(ops/s)   Net(M/s)   Get_miss   Min(us)  Max(us)    Avg(us)    Std_dev    Geo_dist  
Period   1        132          132          0.0        0          209      7392       1034       926.81     841.67
Global   4        542          135          0.0        0          186      7402       982        854.82     813.98

Total Statistics
Type     Time(s)  Ops          TPS(ops/s)   Net(M/s)   Get_miss   Min(us)  Max(us)    Avg(us)    Std_dev    Geo_dist  
Period   1        13124        13124        1.8        0          146      9054       992        900.48     813.26
Global   4        53453        13363        1.8        0          146      16193      973        840.96     813.81

[1;1H[2J
Get Statistics
Type     Time(s)  Ops          TPS(ops/s)   Net(M/s)   Get_miss   Min(us)  Max(us)    Avg(us)    Std_dev    Geo_dist  
Period   1        13039        13039        1.8        0          153      8564       985        830.72     811.09
Global   5        65950        13190        1.8        0          146      16193      975        839.19     813.27

Set Statistics
Type     Time(s)  Ops          TPS(ops/s)   Net(M/s)   Get_miss   Min(us)  Max(us)    Avg(us)    Std_dev    Geo_dist  
Period   1        130          130          0.0        0          226      8223       1151       1279.47    875.60
Global   5        672          134          0.0        0          186      8223       1015       952.74     825.55

Total Statistics
Type     Time(s)  Ops          TPS(ops/s)   Net(M/s)   Get_miss   Min(us)  Max(us)    Avg(us)    Std_dev    Geo_dist  
Period   1        13170        13170        1.8        0          153      8564       986        837.19     811.74
Global   5        66623        13324        1.8        0          146      16193      976        839.73     813.40

[1;1H[2J
Get Statistics
Type     Time(s)  Ops          TPS(ops/s)   Net(M/s)   Get_miss   Min(us)  Max(us)    Avg(us)    Std_dev    Geo_dist  
Period   1        13014        13014        1.8        0          156      7579       988        781.10     837.63
Global   6        78964        13160        1.8        0          146      16193      978        828.91     817.31

Set Statistics
Type     Time(s)  Ops          TPS(ops/s)   Net(M/s)   Get_miss   Min(us)  Max(us)    Avg(us)    Std_dev    Geo_dist  
Period   1        132          132          0.0        0          352      6883       1220       1220.01    948.48
Global   6        804          134          0.0        0          186      8223       1048       1004.22    844.58

Total Statistics
Type     Time(s)  Ops          TPS(ops/s)   Net(M/s)   Get_miss   Min(us)  Max(us)    Avg(us)    Std_dev    Geo_dist  
Period   1        13145        13145        1.8        0          156      7579       991        786.12     838.64
Global   6        79768        13294        1.8        0          146      16193      978        831.72     817.58

[1;1H[2J
Get Statistics
Type     Time(s)  Ops          TPS(ops/s)   Net(M/s)   Get_miss   Min(us)  Max(us)    Avg(us)    Std_dev    Geo_dist  
Period   1        13419        13419        1.8        0          157      7070       960        733.30     814.61
Global   7        92383        13197        1.8        0          146      16193      975        816.20     816.92

Set Statistics
Type     Time(s)  Ops          TPS(ops/s)   Net(M/s)   Get_miss   Min(us)  Max(us)    Avg(us)    Std_dev    Geo_dist  
Period   1        136          136          0.0        0          242      4148       977        642.28     829.00
Global   7        940          134          0.0        0          186      8223       1038       960.09     842.31

Total Statistics
Type     Time(s)  Ops          TPS(ops/s)   Net(M/s)   Get_miss   Min(us)  Max(us)    Avg(us)    Std_dev    Geo_dist  
Period   1        13555        13555        1.8        0          157      7070       960        732.65     814.75
Global   7        93323        13331        1.9        0          146      16193      976        817.36     817.17

[1;1H[2J
Get Statistics
Type     Time(s)  Ops          TPS(ops/s)   Net(M/s)   Get_miss   Min(us)  Max(us)    Avg(us)    Std_dev    Geo_dist  
Period   1        12737        12737        1.8        0          193      7559       1011       750.87     857.59
Global   8        105120       13140        1.7        0          146      16193      979        809.09     821.74

Set Statistics
Type     Time(s)  Ops          TPS(ops/s)   Net(M/s)   Get_miss   Min(us)  Max(us)    Avg(us)    Std_dev    Geo_dist  
Period   1        129          129          0.0        0          240      5471       1058       727.73     913.91
Global   8        1069         133          0.0        0          186      8223       1040       935.31     850.65

Total Statistics
Type     Time(s)  Ops          TPS(ops/s)   Net(M/s)   Get_miss   Min(us)  Max(us)    Avg(us)    Std_dev    Geo_dist  
Period   1        12866        12866        1.8        0          193      7559       1011       751.27     858.13
Global   8        106189       13273        1.8        0          146      16193      980        810.01     822.03

[1;1H[2J
Get Statistics
Type     Time(s)  Ops          TPS(ops/s)   Net(M/s)   Get_miss   Min(us)  Max(us)    Avg(us)    Std_dev    Geo_dist  
Period   1        12723        12723        1.8        0          141      8241       1012       973.87     813.76
Global   9        117843       13093        1.7        0          141      16193      983        828.00     820.88

Set Statistics
Type     Time(s)  Ops          TPS(ops/s)   Net(M/s)   Get_miss   Min(us)  Max(us)    Avg(us)    Std_dev    Geo_dist  
Period   1        129          129          0.0        0          267      7296       1024       1173.81    792.64
Global   9        1198         133          0.0        0          186      8223       1039       962.49     844.20

Total Statistics
Type     Time(s)  Ops          TPS(ops/s)   Net(M/s)   Get_miss   Min(us)  Max(us)    Avg(us)    Std_dev    Geo_dist  
Period   1        12852        12852        1.8        0          141      8241       1012       976.15     813.54
Global   9        119041       13226        1.8        0          141      16193      983        830.14     821.11

[1;1H[2J
Get Statistics
Type     Time(s)  Ops          TPS(ops/s)   Net(M/s)   Get_miss   Min(us)  Max(us)    Avg(us)    Std_dev    Geo_dist  
Period   1        12726        12726        1.8        0          153      27143      1014       1236.02    799.06
Global   10       130569       13056        1.7        0          141      27143      986        876.23     818.72

Set Statistics
Type     Time(s)  Ops          TPS(ops/s)   Net(M/s)   Get_miss   Min(us)  Max(us)    Avg(us)    Std_dev    Geo_dist  
Period   1        127          127          0.0        0          255      6864       895        684.48     782.13
Global   10       1325         132          0.0        0          186      8223       1025       940.38     838.04

Total Statistics
Type     Time(s)  Ops          TPS(ops/s)   Net(M/s)   Get_miss   Min(us)  Max(us)    Avg(us)    Std_dev    Geo_dist  
Period   1        12853        12853        1.8        0          153      27143      1013       1231.68    798.89
Global   10       131894       13189        1.8        0          141      27143      986        877.34     818.92

[1;1H[2J
Get Statistics
Type     Time(s)  Ops          TPS(ops/s)   Net(M/s)   Get_miss   Min(us)  Max(us)    Avg(us)    Std_dev    Geo_dist  
Period   1        13685        13685        1.8        0          164      8032       940        638.19     816.22
Global   11       144254       13114        1.9        0          141      27143      982        856.18     818.45

Set Statistics
Type     Time(s)  Ops          TPS(ops/s)   Net(M/s)   Get_miss   Min(us)  Max(us)    Avg(us)    Std_dev    Geo_dist  
Period   1        140          140          0.0        0          255      6492       1047       770.71     891.54
Global   11       1465         133          0.0        0          186      8223       1027       925.42     843.01

Total Statistics
Type     Time(s)  Ops          TPS(ops/s)   Net(M/s)   Get_miss   Min(us)  Max(us)    Avg(us)    Std_dev    Geo_dist  
Period   1        13827        13827        1.8        0          164      8032       941        639.73     816.54
Global   11       145721       13247        1.9        0          141      27143      982        857.42     818.69

[1;1H[2J
Get Statistics
Type     Time(s)  Ops          TPS(ops/s)   Net(M/s)   Get_miss   Min(us)  Max(us)    Avg(us)    Std_dev    Geo_dist  
Period   1        13828        13828        1.8        0          158      7618       930        680.62     801.96
Global   12       158082       13173        1.9        0          141      27143      977        842.94     817.03

Set Statistics
Type     Time(s)  Ops          TPS(ops/s)   Net(M/s)   Get_miss   Min(us)  Max(us)    Avg(us)    Std_dev    Geo_dist  
Period   1        139          139          0.0        0          297      3741       897        498.06     798.56
Global   12       1604         133          0.0        0          186      8223       1016       896.83     839.07

Total Statistics
Type     Time(s)  Ops          TPS(ops/s)   Net(M/s)   Get_miss   Min(us)  Max(us)    Avg(us)    Std_dev    Geo_dist  
Period   1        13965        13965        1.8        0          158      7618       929        680.07     802.32
Global   12       159686       13307        1.9        0          141      27143      977        843.95     817.25

[1;1H[2J
Get Statistics
Type     Time(s)  Ops          TPS(ops/s)   Net(M/s)   Get_miss   Min(us)  Max(us)    Avg(us)    Std_dev    Geo_dist  
Period   1        13636        13636        1.8        0          162      7945       948        750.85     805.23
Global   13       171718       13209        1.9        0          141      27143      975        835.68     816.08

Set Statistics
Type     Time(s)  Ops          TPS(ops/s)   Net(M/s)   Get_miss   Min(us)  Max(us)    Avg(us)    Std_dev    Geo_dist  
Period   1        136          136          0.0        0          212      5981       968        780.67     818.30
Global   13       1740         133          0.0        0          186      8223       1012       888.47     837.42

Total Statistics
Type     Time(s)  Ops          TPS(ops/s)   Net(M/s)   Get_miss   Min(us)  Max(us)    Avg(us)    Std_dev    Geo_dist  
Period   1        13773        13773        1.8        0          162      7945       948        751.32     805.34
Global   13       173459       13343        1.9        0          141      27143      975        836.66     816.29

[1;1H[2J
Get Statistics
Type     Time(s)  Ops          TPS(ops/s)   Net(M/s)   Get_miss   Min(us)  Max(us)    Avg(us)    Std_dev    Geo_dist  
Period   1        13520        13520        1.8        0          155      7188       952        697.13     813.13
Global   14       185238       13231        1.9        0          141      27143      973        826.75     815.90

Set Statistics
Type     Time(s)  Ops          TPS(ops/s)   Net(M/s)   Get_miss   Min(us)  Max(us)    Avg(us)    Std_dev    Geo_dist  
Period   1        138          138          0.0        0          247      5202       940        637.65     807.67
Global   14       1878         134          0.0        0          186      8223       1007       872.23     835.20

Total Statistics
Type     Time(s)  Ops          TPS(ops/s)   Net(M/s)   Get_miss   Min(us)  Max(us)    Avg(us)    Std_dev    Geo_dist  
Period   1        13657        13657        1.8        0          155      7188       952        696.44     813.47
Global   14       187116       13365        1.9        0          141      27143      973        827.62     816.09

[1;1H[2J
Get Statistics
Type     Time(s)  Ops          TPS(ops/s)   Net(M/s)   Get_miss   Min(us)  Max(us)    Avg(us)    Std_dev    Geo_dist  
Period   1        12974        12974        1.8        0          171      7827       993        693.30     862.49
Global   15       198212       13214        1.8        0          141      27143      974        819.06     818.87

Set Statistics
Type     Time(s)  Ops          TPS(ops/s)   Net(M/s)   Get_miss   Min(us)  Max(us)    Avg(us)    Std_dev    Geo_dist  
Period   1        130          130          0.0        0          362      3091       975        526.18     871.34
Global   15       2008         133          0.0        0          186      8223       1005       853.94     837.49

Total Statistics
Type     Time(s)  Ops          TPS(ops/s)   Net(M/s)   Get_miss   Min(us)  Max(us)    Avg(us)    Std_dev    Geo_dist  
Period   1        13104        13104        1.8        0          171      7827       993        691.57     862.57
Global   15       200220       13348        1.8        0          141      27143      975        818.60     819.05

[1;1H[2J
Get Statistics
Type     Time(s)  Ops          TPS(ops/s)   Net(M/s)   Get_miss   Min(us)  Max(us)    Avg(us)    Std_dev    Geo_dist  
Period   1        12694        12694        1.8        0          160      11287      1014       845.69     843.89
Global   16       210906       13181        1.7        0          141      27143      977        820.04     820.35

Set Statistics
Type     Time(s)  Ops          TPS(ops/s)   Net(M/s)   Get_miss   Min(us)  Max(us)    Avg(us)    Std_dev    Geo_dist  
Period   1        128          128          0.0        0          334      6279       978        782.84     830.77
Global   16       2136         133          0.0        0          186      8223       1003       850.15     837.09

Total Statistics
Type     Time(s)  Ops          TPS(ops/s)   Net(M/s)   Get_miss   Min(us)  Max(us)    Avg(us)    Std_dev    Geo_dist  
Period   1        12822        12822        1.8        0          160      11287      1013       845.84     843.76
Global   16       213042       13315        1.8        0          141      27143      977        820.66     820.52

[1;1H[2J
Get Statistics
Type     Time(s)  Ops          TPS(ops/s)   Net(M/s)   Get_miss   Min(us)  Max(us)    Avg(us)    Std_dev    Geo_dist  
Period   1        12843        12843        1.8        0          148      8095       1005       829.38     836.42
Global   17       223749       13161        1.8        0          141      27143      978        821.32     821.27

Set Statistics
Type     Time(s)  Ops          TPS(ops/s)   Net(M/s)   Get_miss   Min(us)  Max(us)    Avg(us)    Std_dev    Geo_dist  
Period   1        132          132          0.0        0          239      5452       1029       773.08     853.09
Global   17       2268         133          0.0        0          186      8223       1005       845.15     838.01

Total Statistics
Type     Time(s)  Ops          TPS(ops/s)   Net(M/s)   Get_miss   Min(us)  Max(us)    Avg(us)    Std_dev    Geo_dist  
Period   1        12976        12976        1.8        0          148      8095       1005       829.05     836.58
Global   17       226018       13295        1.8        0          141      27143      979        820.70     821.43

[1;1H[2J
Get Statistics
Type     Time(s)  Ops          TPS(ops/s)   Net(M/s)   Get_miss   Min(us)  Max(us)    Avg(us)    Std_dev    Geo_dist  
Period   1        13138        13138        1.8        0          180      6882       980        663.71     845.13
Global   18       236887       13160        1.8        0          141      27143      978        813.52     822.59

Set Statistics
Type     Time(s)  Ops          TPS(ops/s)   Net(M/s)   Get_miss   Min(us)  Max(us)    Avg(us)    Std_dev    Geo_dist  
Period   1        133          133          0.0        0          288      5139       959        703.27     811.87
Global   18       2401         133          0.0        0          186      8223       1002       838.40     836.54

Total Statistics
Type     Time(s)  Ops          TPS(ops/s)   Net(M/s)   Get_miss   Min(us)  Max(us)    Avg(us)    Std_dev    Geo_dist  
Period   1        13272        13272        1.8        0          180      6882       980        663.78     845.21
Global   18       239290       13293        1.8        0          141      27143      979        812.85     822.73

[1;1H[2J
Get Statistics
Type     Time(s)  Ops          TPS(ops/s)   Net(M/s)   Get_miss   Min(us)  Max(us)    Avg(us)    Std_dev    Geo_dist  
Period   1        13131        13131        1.8        0          163      8243       981        762.89     828.06
Global   19       250018       13158        1.8        0          141      27143      979        809.92     822.90

Set Statistics
Type     Time(s)  Ops          TPS(ops/s)   Net(M/s)   Get_miss   Min(us)  Max(us)    Avg(us)    Std_dev    Geo_dist  
Period   1        131          131          0.0        0          321      6584       973        736.84     839.14
Global   19       2532         133          0.0        0          186      8223       1001       832.74     836.68

Total Statistics
Type     Time(s)  Ops          TPS(ops/s)   Net(M/s)   Get_miss   Min(us)  Max(us)    Avg(us)    Std_dev    Geo_dist  
Period   1        13260        13260        1.8        0          163      8243       981        762.63     828.59
Global   19       252550       13292        1.8        0          141      27143      979        810.42     823.04

[1;1H[2J
Get Statistics
Type     Time(s)  Ops          TPS(ops/s)   Net(M/s)   Get_miss   Min(us)  Max(us)    Avg(us)    Std_dev    Geo_dist  
Period   1        12444        12444        1.8        0          166      13056      1035       992.73     840.76
Global   20       262462       13123        1.7        0          141      27143      981        820.38     823.74

Set Statistics
Type     Time(s)  Ops          TPS(ops/s)   Net(M/s)   Get_miss   Min(us)  Max(us)    Avg(us)    Std_dev    Geo_dist  
Period   1        127          127          0.0        0          175      7422       1099       1049.44    884.54
Global   20       2659         132          0.0        0          175      8223       1005       845.18     838.90

Total Statistics
Type     Time(s)  Ops          TPS(ops/s)   Net(M/s)   Get_miss   Min(us)  Max(us)    Avg(us)    Std_dev    Geo_dist  
Period   1        12571        12571        1.8        0          166      13056      1036       992.92     841.19
Global   20       265121       13256        1.7        0          141      27143      981        820.92     823.89

[1;1H[2J
Get Statistics
Type     Time(s)  Ops          TPS(ops/s)   Net(M/s)   Get_miss   Min(us)  Max(us)    Avg(us)    Std_dev    Geo_dist  
Period   1        13437        13437        1.8        0          183      7841       959        748.85     816.86
Global   21       275899       13138        1.8        0          141      27143      980        816.96     823.40

Set Statistics
Type     Time(s)  Ops          TPS(ops/s)   Net(M/s)   Get_miss   Min(us)  Max(us)    Avg(us)    Std_dev    Geo_dist  
Period   1        132          132          0.0        0          315      3821       906        532.53     801.83
Global   21       2791         132          0.0        0          175      8223       1001       832.42     837.11

Total Statistics
Type     Time(s)  Ops          TPS(ops/s)   Net(M/s)   Get_miss   Min(us)  Max(us)    Avg(us)    Std_dev    Geo_dist  
Period   1        13569        13569        1.8        0          183      7841       959        746.39     816.71
Global   21       278690       13270        1.9        0          141      27143      980        817.37     823.54

[1;1H[2J
Get Statistics
Type     Time(s)  Ops          TPS(ops/s)   Net(M/s)   Get_miss   Min(us)  Max(us)    Avg(us)    Std_dev    Geo_dist  
Period   1        13203        13203        1.8        0          155      8150       976        808.32     823.92
Global   22       289102       13141        1.8        0          141      27143      980        816.35     823.43

Set Statistics
Type     Time(s)  Ops          TPS(ops/s)   Net(M/s)   Get_miss   Min(us)  Max(us)    Avg(us)    Std_dev    Geo_dist  
Period   1        135          135          0.0        0          281      6686       898        783.61     766.76
Global   22       2926         133          0.0        0          175      8223       996        830.69     833.73

Total Statistics
Type     Time(s)  Ops          TPS(ops/s)   Net(M/s)   Get_miss   Min(us)  Max(us)    Avg(us)    Std_dev    Geo_dist  
Period   1        13338        13338        1.8        0          155      8150       975        808.33     823.32
Global   22       292028       13274        1.8        0          141      27143      980        816.69     823.53

[1;1H[2J
Get Statistics
Type     Time(s)  Ops          TPS(ops/s)   Net(M/s)   Get_miss   Min(us)  Max(us)    Avg(us)    Std_dev    Geo_dist  
Period   1        13196        13196        1.8        0          181      8094       977        745.69     830.25
Global   23       302298       13143        1.8        0          141      27143      980        813.24     823.72

Set Statistics
Type     Time(s)  Ops          TPS(ops/s)   Net(M/s)   Get_miss   Min(us)  Max(us)    Avg(us)    Std_dev    Geo_dist  
Period   1        136          136          0.0        0          269      2466       911        462.68     810.61
Global   23       3062         133          0.0        0          175      8223       992        818.28     832.69

Total Statistics
Type     Time(s)  Ops          TPS(ops/s)   Net(M/s)   Get_miss   Min(us)  Max(us)    Avg(us)    Std_dev    Geo_dist  
Period   1        13332        13332        1.8        0          181      8094       976        743.80     830.04
Global   23       305360       13276        1.8        0          141      27143      980        813.43     823.81

[1;1H[2J
Get Statistics
Type     Time(s)  Ops          TPS(ops/s)   Net(M/s)   Get_miss   Min(us)  Max(us)    Avg(us)    Std_dev    Geo_dist  
Period   1        12900        12900        1.8        0          199      7284       999        718.94     855.70
Global   24       315198       13133        1.8        0          141      27143      981        809.33     825.01

Set Statistics
Type     Time(s)  Ops          TPS(ops/s)   Net(M/s)   Get_miss   Min(us)  Max(us)    Avg(us)    Std_dev    Geo_dist  
Period   1        129          129          0.0        0          268      2586       915        519.49     805.57
Global   24       3191         132          0.0        0          175      8223       989        808.29     831.57

Total Statistics
Type     Time(s)  Ops          TPS(ops/s)   Net(M/s)   Get_miss   Min(us)  Max(us)    Avg(us)    Std_dev    Geo_dist  
Period   1        13029        13029        1.8        0          199      7284       998        717.50     855.19
Global   24       318389       13266        1.8        0          141      27143      981        809.42     825.07

[1;1H[2J
Get Statistics
Type     Time(s)  Ops          TPS(ops/s)   Net(M/s)   Get_miss   Min(us)  Max(us)    Avg(us)    Std_dev    Geo_dist  
Period   1        13138        13138        1.8        0          157      9603       982        679.55     851.02
Global   25       328336       13133        1.8        0          141      27143      981        804.59     826.03

Set Statistics
Type     Time(s)  Ops          TPS(ops/s)   Net(M/s)   Get_miss   Min(us)  Max(us)    Avg(us)    Std_dev    Geo_dist  
Period   1        132          132          0.0        0          272      2668       870        445.76     779.77
Global   25       3323         132          0.0        0          175      8223       984        797.68     829.45

Total Statistics
Type     Time(s)  Ops          TPS(ops/s)   Net(M/s)   Get_miss   Min(us)  Max(us)    Avg(us)    Std_dev    Geo_dist  
Period   1        13270        13270        1.8        0          157      9603       981        677.54     850.28
Global   25       331659       13266        1.8        0          141      27143      981        804.55     826.07

[1;1H[2J
Get Statistics
Type     Time(s)  Ops          TPS(ops/s)   Net(M/s)   Get_miss   Min(us)  Max(us)    Avg(us)    Std_dev    Geo_dist  
Period   1        12815        12815        1.8        0          159      8156       1007       799.51     853.33
Global   26       341151       13121        1.8        0          141      27143      982        804.38     827.04

Set Statistics
Type     Time(s)  Ops          TPS(ops/s)   Net(M/s)   Get_miss   Min(us)  Max(us)    Avg(us)    Std_dev    Geo_dist  
Period   1        130          130          0.0        0          243      2729       886        475.38     782.79
Global   26       3453         132          0.0        0          175      8223       980        788.50     827.64

Total Statistics
Type     Time(s)  Ops          TPS(ops/s)   Net(M/s)   Get_miss   Min(us)  Max(us)    Avg(us)    Std_dev    Geo_dist  
Period   1        12947        12947        1.8        0          159      8156       1006       797.98     852.79
Global   26       344606       13254        1.8        0          141      27143      982        804.25     827.06

[1;1H[2J
Get Statistics
Type     Time(s)  Ops          TPS(ops/s)   Net(M/s)   Get_miss   Min(us)  Max(us)    Avg(us)    Std_dev    Geo_dist  
Period   1        13051        13051        1.8        0          175      7941       987        779.54     836.46
Global   27       354202       13118        1.8        0          141      27143      982        803.73     827.41

Set Statistics
Type     Time(s)  Ops          TPS(ops/s)   Net(M/s)   Get_miss   Min(us)  Max(us)    Avg(us)    Std_dev    Geo_dist  
Period   1        132          132          0.0        0          242      3284       820        419.49     738.13
Global   27       3585         132          0.0        0          175      8223       975        777.45     824.16

Total Statistics
Type     Time(s)  Ops          TPS(ops/s)   Net(M/s)   Get_miss   Min(us)  Max(us)    Avg(us)    Std_dev    Geo_dist  
Period   1        13181        13181        1.8        0          175      7941       985        776.78     835.74
Global   27       357787       13251        1.8        0          141      27143      982        803.39     827.38

[1;1H[2J
Get Statistics
Type     Time(s)  Ops          TPS(ops/s)   Net(M/s)   Get_miss   Min(us)  Max(us)    Avg(us)    Std_dev    Geo_dist  
Period   1        13228        13228        1.8        0          175      6219       973        592.25     853.27
Global   28       367430       13122        1.8        0          141      27143      982        796.69     828.33

Set Statistics
Type     Time(s)  Ops          TPS(ops/s)   Net(M/s)   Get_miss   Min(us)  Max(us)    Avg(us)    Std_dev    Geo_dist  
Period   1        131          131          0.0        0          310      4596       1012       635.72     878.99
Global   28       3716         132          0.0        0          175      8223       976        773.24     826.04

Total Statistics
Type     Time(s)  Ops          TPS(ops/s)   Net(M/s)   Get_miss   Min(us)  Max(us)    Avg(us)    Std_dev    Geo_dist  
Period   1        13359        13359        1.8        0          175      6219       974        591.65     853.13
Global   28       371146       13255        1.8        0          141      27143      981        797.62     828.30

[1;1H[2J
Get Statistics
Type     Time(s)  Ops          TPS(ops/s)   Net(M/s)   Get_miss   Min(us)  Max(us)    Avg(us)    Std_dev    Geo_dist  
Period   1        12943        12943        1.8        0          158      7914       994        825.85     839.83
Global   29       380373       13116        1.8        0          141      27143      982        798.21     828.71

Set Statistics
Type     Time(s)  Ops          TPS(ops/s)   Net(M/s)   Get_miss   Min(us)  Max(us)    Avg(us)    Std_dev    Geo_dist  
Period   1        131          131          0.0        0          248      6532       1096       931.59     899.71
Global   29       3847         132          0.0        0          175      8223       980        779.43     828.44

Total Statistics
Type     Time(s)  Ops          TPS(ops/s)   Net(M/s)   Get_miss   Min(us)  Max(us)    Avg(us)    Std_dev    Geo_dist  
Period   1        13074        13074        1.8        0          158      7914       995        827.03     840.41
Global   29       384220       13248        1.8        0          141      27143      982        798.00     828.71

[1;1H[2J
Get Statistics
Type     Time(s)  Ops          TPS(ops/s)   Net(M/s)   Get_miss   Min(us)  Max(us)    Avg(us)    Std_dev    Geo_dist  
Period   1        13087        13087        1.8        0          176      8230       985        825.30     819.59
Global   30       393460       13115        1.8        0          141      27143      982        799.25     828.41

Set Statistics
Type     Time(s)  Ops          TPS(ops/s)   Net(M/s)   Get_miss   Min(us)  Max(us)    Avg(us)    Std_dev    Geo_dist  
Period   1        134          134          0.0        0          205      6368       923        803.05     760.45
Global   30       3981         132          0.0        0          175      8223       978        780.30     826.06

Total Statistics
Type     Time(s)  Ops          TPS(ops/s)   Net(M/s)   Get_miss   Min(us)  Max(us)    Avg(us)    Std_dev    Geo_dist  
Period   1        13223        13223        1.8        0          176      8230       985        824.21     818.94
Global   30       397443       13248        1.8        0          141      27143      982        799.00     828.38

[1;1H[2J
Get Statistics
Type     Time(s)  Ops          TPS(ops/s)   Net(M/s)   Get_miss   Min(us)  Max(us)    Avg(us)    Std_dev    Geo_dist  
Period   1        12855        12855        1.8        0          148      6982       1004       710.14     853.85
Global   31       406315       13106        1.8        0          141      27143      983        796.21     829.20

Set Statistics
Type     Time(s)  Ops          TPS(ops/s)   Net(M/s)   Get_miss   Min(us)  Max(us)    Avg(us)    Std_dev    Geo_dist  
Period   1        128          128          0.0        0          312      2512       885        431.57     792.71
Global   31       4109         132          0.0        0          175      8223       975        772.09     825.00

Total Statistics
Type     Time(s)  Ops          TPS(ops/s)   Net(M/s)   Get_miss   Min(us)  Max(us)    Avg(us)    Std_dev    Geo_dist  
Period   1        12981        12981        1.8        0          148      6982       1002       709.31     853.27
Global   31       410424       13239        1.8        0          141      27143      983        795.88     829.16

[1;1H[2J
Get Statistics
Type     Time(s)  Ops          TPS(ops/s)   Net(M/s)   Get_miss   Min(us)  Max(us)    Avg(us)    Std_dev    Geo_dist  
Period   1        12942        12942        1.8        0          148      7532       996        726.52     847.22
Global   32       419257       13101        1.8        0          141      27143      983        794.65     829.75

Set Statistics
Type     Time(s)  Ops          TPS(ops/s)   Net(M/s)   Get_miss   Min(us)  Max(us)    Avg(us)    Std_dev    Geo_dist  
Period   1        132          132          0.0        0          330      4942       999        762.44     836.16
Global   32       4241         132          0.0        0          175      8223       976        771.39     825.34

Total Statistics
Type     Time(s)  Ops          TPS(ops/s)   Net(M/s)   Get_miss   Min(us)  Max(us)    Avg(us)    Std_dev    Geo_dist  
Period   1        13074        13074        1.8        0          148      7532       996        726.90     847.11
Global   32       423498       13234        1.8        0          141      27143      983        794.33     829.71

[1;1H[2J
Get Statistics
Type     Time(s)  Ops          TPS(ops/s)   Net(M/s)   Get_miss   Min(us)  Max(us)    Avg(us)    Std_dev    Geo_dist  
Period   1        12927        12927        1.8        0          206      7435       995        732.38     848.17
Global   33       432184       13096        1.8        0          141      27143      984        792.07     830.30

Set Statistics
Type     Time(s)  Ops          TPS(ops/s)   Net(M/s)   Get_miss   Min(us)  Max(us)    Avg(us)    Std_dev    Geo_dist  
Period   1        132          132          0.0        0          288      7288       1039       845.34     866.62
Global   33       4373         132          0.0        0          175      8223       978        773.57     826.56

Total Statistics
Type     Time(s)  Ops          TPS(ops/s)   Net(M/s)   Get_miss   Min(us)  Max(us)    Avg(us)    Std_dev    Geo_dist  
Period   1        13059        13059        1.8        0          206      7435       995        734.19     848.35
Global   33       436557       13229        1.8        0          141      27143      983        793.05     830.26

[1;1H[2J
Get Statistics
Type     Time(s)  Ops          TPS(ops/s)   Net(M/s)   Get_miss   Min(us)  Max(us)    Avg(us)    Std_dev    Geo_dist  
Period   1        12768        12768        1.8        0          196      9206       1009       830.99     849.62
Global   34       444952       13086        1.8        0          141      27143      984        794.11     830.85

Set Statistics
Type     Time(s)  Ops          TPS(ops/s)   Net(M/s)   Get_miss   Min(us)  Max(us)    Avg(us)    Std_dev    Geo_dist  
Period   1        129          129          0.0        0          245      5133       920        577.60     805.66
Global   34       4502         132          0.0        0          175      8223       976        769.10     825.95

Total Statistics
Type     Time(s)  Ops          TPS(ops/s)   Net(M/s)   Get_miss   Min(us)  Max(us)    Avg(us)    Std_dev    Geo_dist  
Period   1        12897        12897        1.8        0          196      9206       1008       829.01     849.17
Global   34       449454       13219        1.8        0          141      27143      984        793.76     830.80

[1;1H[2J
Get Statistics
Type     Time(s)  Ops          TPS(ops/s)   Net(M/s)   Get_miss   Min(us)  Max(us)    Avg(us)    Std_dev    Geo_dist  
Period   1        13180        13180        1.8        0          159      7975       981        699.29     845.69
Global   35       458132       13089        1.8        0          141      27143      984        791.43     831.27

Set Statistics
Type     Time(s)  Ops          TPS(ops/s)   Net(M/s)   Get_miss   Min(us)  Max(us)    Avg(us)    Std_dev    Geo_dist  
Period   1        132          132          0.0        0          365      4638       990        677.43     850.22
Global   35       4634         132          0.0        0          175      8223       977        765.81     826.64

Total Statistics
Type     Time(s)  Ops          TPS(ops/s)   Net(M/s)   Get_miss   Min(us)  Max(us)    Avg(us)    Std_dev    Geo_dist  
Period   1        13312        13312        1.8        0          159      7975       981        699.17     845.74
Global   35       462766       13221        1.8        0          141      27143      984        791.09     831.22

[1;1H[2J
Get Statistics
Type     Time(s)  Ops          TPS(ops/s)   Net(M/s)   Get_miss   Min(us)  Max(us)    Avg(us)    Std_dev    Geo_dist  
Period   1        12560        12560        1.8        0          176      8019       1024       917.52     838.38
Global   36       470692       13074        1.7        0          141      27143      985        795.17     831.46

Set Statistics
Type     Time(s)  Ops          TPS(ops/s)   Net(M/s)   Get_miss   Min(us)  Max(us)    Avg(us)    Std_dev    Geo_dist  
Period   1        126          126          0.0        0          167      7047       1127       1117.20    871.87
Global   36       4760         132          0.0        0          167      8223       980        778.59     827.80

Total Statistics
Type     Time(s)  Ops          TPS(ops/s)   Net(M/s)   Get_miss   Min(us)  Max(us)    Avg(us)    Std_dev    Geo_dist  
Period   1        12686        12686        1.8        0          167      8019       1025       919.74     838.71
Global   36       475452       13207        1.7        0          141      27143      985        794.94     831.42

[1;1H[2J
Get Statistics
Type     Time(s)  Ops          TPS(ops/s)   Net(M/s)   Get_miss   Min(us)  Max(us)    Avg(us)    Std_dev    Geo_dist  
Period   1        13079        13079        1.8        0          153      8752       985        928.69     803.38
Global   37       483771       13074        1.8        0          141      27143      985        799.07     830.69

Set Statistics
Type     Time(s)  Ops          TPS(ops/s)   Net(M/s)   Get_miss   Min(us)  Max(us)    Avg(us)    Std_dev    Geo_dist  
Period   1        132          132          0.0        0          240      8481       999        982.47     820.82
Global   37       4892         132          0.0        0          167      8481       981        784.06     827.61

Total Statistics
Type     Time(s)  Ops          TPS(ops/s)   Net(M/s)   Get_miss   Min(us)  Max(us)    Avg(us)    Std_dev    Geo_dist  
Period   1        13211        13211        1.8        0          153      8752       985        929.35     803.56
Global   37       488663       13207        1.8        0          141      27143      985        798.87     830.66

[1;1H[2J
Get Statistics
Type     Time(s)  Ops          TPS(ops/s)   Net(M/s)   Get_miss   Min(us)  Max(us)    Avg(us)    Std_dev    Geo_dist  
Period   1        13742        13742        1.8        0          157      5711       937        585.44     820.32
Global   38       497513       13092        1.9        0          141      27143      984        793.57     830.40

Set Statistics
Type     Time(s)  Ops          TPS(ops/s)   Net(M/s)   Get_miss   Min(us)  Max(us)    Avg(us)    Std_dev    Geo_dist  
Period   1        139          139          0.0        0          256      3550       947        489.35     849.98
Global   38       5031         132          0.0        0          167      8481       980        777.48     828.22

Total Statistics
Type     Time(s)  Ops          TPS(ops/s)   Net(M/s)   Get_miss   Min(us)  Max(us)    Avg(us)    Std_dev    Geo_dist  
Period   1        13881        13881        1.8        0          157      5711       937        584.70     820.61
Global   38       502544       13224        1.9        0          141      27143      984        793.36     830.38

[1;1H[2J
Get Statistics
Type     Time(s)  Ops          TPS(ops/s)   Net(M/s)   Get_miss   Min(us)  Max(us)    Avg(us)    Std_dev    Geo_dist  
Period   1        12905        12905        1.8        0          155      10370      998        870.46     830.26
Global   39       510418       13087        1.8        0          141      27143      984        796.05     830.40

Set Statistics
Type     Time(s)  Ops          TPS(ops/s)   Net(M/s)   Get_miss   Min(us)  Max(us)    Avg(us)    Std_dev    Geo_dist  
Period   1        132          132          0.0        0          338      5098       990        767.58     844.22
Global   39       5163         132          0.0        0          167      8481       980        777.48     828.63

Total Statistics
Type     Time(s)  Ops          TPS(ops/s)   Net(M/s)   Get_miss   Min(us)  Max(us)    Avg(us)    Std_dev    Geo_dist  
Period   1        13037        13037        1.8        0          155      10370      998        869.36     830.40
Global   39       515581       13220        1.8        0          141      27143      984        795.82     830.38

[1;1H[2J
Get Statistics
Type     Time(s)  Ops          TPS(ops/s)   Net(M/s)   Get_miss   Min(us)  Max(us)    Avg(us)    Std_dev    Geo_dist  
Period   1        12991        12991        1.8        0          152      8062       992        815.35     832.49
Global   40       523409       13085        1.8        0          141      27143      984        796.78     830.45

Set Statistics
Type     Time(s)  Ops          TPS(ops/s)   Net(M/s)   Get_miss   Min(us)  Max(us)    Avg(us)    Std_dev    Geo_dist  
Period   1        129          129          0.0        0          258      6903       997        720.98     858.79
Global   40       5292         132          0.0        0          167      8481       981        775.35     829.35

Total Statistics
Type     Time(s)  Ops          TPS(ops/s)   Net(M/s)   Get_miss   Min(us)  Max(us)    Avg(us)    Std_dev    Geo_dist  
Period   1        13122        13122        1.8        0          152      8062       992        814.38     832.69
Global   40       528703       13217        1.8        0          141      27143      984        796.53     830.44

[1;1H[2J
Get Statistics
Type     Time(s)  Ops          TPS(ops/s)   Net(M/s)   Get_miss   Min(us)  Max(us)    Avg(us)    Std_dev    Geo_dist  
Period   1        12686        12686        1.8        0          169      14230      1015       971.28     834.18
Global   41       536095       13075        1.7        0          141      27143      985        801.03     830.55

Set Statistics
Type     Time(s)  Ops          TPS(ops/s)   Net(M/s)   Get_miss   Min(us)  Max(us)    Avg(us)    Std_dev    Geo_dist  
Period   1        130          130          0.0        0          248      3430       903        524.43     792.26
Global   41       5422         132          0.0        0          167      8481       979        770.52     828.44

Total Statistics
Type     Time(s)  Ops          TPS(ops/s)   Net(M/s)   Get_miss   Min(us)  Max(us)    Avg(us)    Std_dev    Geo_dist  
Period   1        12814        12814        1.8        0          169      14230      1014       967.84     834.21
Global   41       541517       13207        1.8        0          141      27143      985        800.66     830.52

[1;1H[2J
Get Statistics
Type     Time(s)  Ops          TPS(ops/s)   Net(M/s)   Get_miss   Min(us)  Max(us)    Avg(us)    Std_dev    Geo_dist  
Period   1        12869        12869        1.8        0          186      8759       1003       780.89     850.94
Global   42       548964       13070        1.8        0          141      27143      986        799.86     831.02

Set Statistics
Type     Time(s)  Ops          TPS(ops/s)   Net(M/s)   Get_miss   Min(us)  Max(us)    Avg(us)    Std_dev    Geo_dist  
Period   1        130          130          0.0        0          322      3199       950        514.86     844.29
Global   42       5552         132          0.0        0          167      8481       978        765.90     828.81

Total Statistics
Type     Time(s)  Ops          TPS(ops/s)   Net(M/s)   Get_miss   Min(us)  Max(us)    Avg(us)    Std_dev    Geo_dist  
Period   1        12999        12999        1.8        0          186      8759       1002       779.29     850.87
Global   42       554516       13202        1.8        0          141      27143      985        800.66     831.00

[1;1H[2J
Get Statistics
Type     Time(s)  Ops          TPS(ops/s)   Net(M/s)   Get_miss   Min(us)  Max(us)    Avg(us)    Std_dev    Geo_dist  
Period   1        13649        13649        1.8        0          172      8656       944        758.82     798.66
Global   43       562613       13084        1.9        0          141      27143      985        798.89     830.22

Set Statistics
Type     Time(s)  Ops          TPS(ops/s)   Net(M/s)   Get_miss   Min(us)  Max(us)    Avg(us)    Std_dev    Geo_dist  
Period   1        138          138          0.0        0          264      6913       974        912.81     800.24
Global   43       5690         132          0.0        0          167      8481       978        769.58     828.10

Total Statistics
Type     Time(s)  Ops          TPS(ops/s)   Net(M/s)   Get_miss   Min(us)  Max(us)    Avg(us)    Std_dev    Geo_dist  
Period   1        13787        13787        1.8        0          172      8656       945        759.62     798.68
Global   43       568303       13216        1.9        0          141      27143      984        799.75     830.20

[1;1H[2J
Get Statistics
Type     Time(s)  Ops          TPS(ops/s)   Net(M/s)   Get_miss   Min(us)  Max(us)    Avg(us)    Std_dev    Geo_dist  
Period   1        13152        13152        1.8        0          169      10685      979        789.88     822.40
Global   44       575765       13085        1.8        0          141      27143      984        799.75     830.04

Set Statistics
Type     Time(s)  Ops          TPS(ops/s)   Net(M/s)   Get_miss   Min(us)  Max(us)    Avg(us)    Std_dev    Geo_dist  
Period   1        130          130          0.0        0          253      3902       900        544.97     784.85
Global   44       5820         132          0.0        0          167      8481       976        765.66     827.11

Total Statistics
Type     Time(s)  Ops          TPS(ops/s)   Net(M/s)   Get_miss   Min(us)  Max(us)    Avg(us)    Std_dev    Geo_dist  
Period   1        13282        13282        1.8        0          169      10685      978        788.15     822.02
Global   44       581585       13217        1.8        0          141      27143      984        799.32     830.01

[1;1H[2J
Get Statistics
Type     Time(s)  Ops          TPS(ops/s)   Net(M/s)   Get_miss   Min(us)  Max(us)    Avg(us)    Std_dev    Geo_dist  
Period   1        13242        13242        1.8        0          162      7243       973        608.58     847.82
Global   45       589007       13089        1.8        0          141      27143      984        795.65     830.43

Set Statistics
Type     Time(s)  Ops          TPS(ops/s)   Net(M/s)   Get_miss   Min(us)  Max(us)    Avg(us)    Std_dev    Geo_dist  
Period   1        136          136          0.0        0          296      4092       1095       761.68     906.81
Global   45       5956         132          0.0        0          167      8481       979        765.35     828.85

Total Statistics
Type     Time(s)  Ops          TPS(ops/s)   Net(M/s)   Get_miss   Min(us)  Max(us)    Avg(us)    Std_dev    Geo_dist  
Period   1        13382        13382        1.8        0          162      7243       974        610.61     848.36
Global   45       594967       13221        1.8        0          141      27143      984        795.29     830.42

[1;1H[2J
Get Statistics
Type     Time(s)  Ops          TPS(ops/s)   Net(M/s)   Get_miss   Min(us)  Max(us)    Avg(us)    Std_dev    Geo_dist  
Period   1        12571        12571        1.8        0          161      8563       1026       982.08     821.66
Global   46       601578       13077        1.7        0          141      27143      985        799.86     830.26

Set Statistics
Type     Time(s)  Ops          TPS(ops/s)   Net(M/s)   Get_miss   Min(us)  Max(us)    Avg(us)    Std_dev    Geo_dist  
Period   1        126          126          0.0        0          320      7706       1021       858.00     857.05
Global   46       6082         132          0.0        0          167      8481       980        767.16     829.43

Total Statistics
Type     Time(s)  Ops          TPS(ops/s)   Net(M/s)   Get_miss   Min(us)  Max(us)    Avg(us)    Std_dev    Geo_dist  
Period   1        12695        12695        1.8        0          161      8563       1026       980.96     822.01
Global   46       607662       13210        1.7        0          141      27143      985        799.48     830.25

[1;1H[2J
Get Statistics
Type     Time(s)  Ops          TPS(ops/s)   Net(M/s)   Get_miss   Min(us)  Max(us)    Avg(us)    Std_dev    Geo_dist  
Period   1        12149        12149        1.8        0          171      7713       1060       1084.08    834.65
Global   47       613727       13058        1.7        0          141      27143      987        805.90     830.35

Set Statistics
Type     Time(s)  Ops          TPS(ops/s)   Net(M/s)   Get_miss   Min(us)  Max(us)    Avg(us)    Std_dev    Geo_dist  
Period   1        123          123          0.0        0          309      6985       1095       1120.73    852.81
Global   47       6205         132          0.0        0          167      8481       982        776.13     829.88

Total Statistics
Type     Time(s)  Ops          TPS(ops/s)   Net(M/s)   Get_miss   Min(us)  Max(us)    Avg(us)    Std_dev    Geo_dist  
Period   1        12270        12270        1.8        0          171      7713       1061       1083.93    835.31
Global   47       619932       13190        1.7        0          141      27143      986        806.77     830.35

[1;1H[2J
Get Statistics
Type     Time(s)  Ops          TPS(ops/s)   Net(M/s)   Get_miss   Min(us)  Max(us)    Avg(us)    Std_dev    Geo_dist  
Period   1        12930        12930        1.8        0          163      12225      995        891.75     817.00
Global   48       626657       13055        1.8        0          141      27143      987        807.96     830.08

Set Statistics
Type     Time(s)  Ops          TPS(ops/s)   Net(M/s)   Get_miss   Min(us)  Max(us)    Avg(us)    Std_dev    Geo_dist  
Period   1        132          132          0.0        0          311      7418       1088       966.07     885.67
Global   48       6337         132          0.0        0          167      8481       984        780.87     831.01

Total Statistics
Type     Time(s)  Ops          TPS(ops/s)   Net(M/s)   Get_miss   Min(us)  Max(us)    Avg(us)    Std_dev    Geo_dist  
Period   1        13062        13062        1.8        0          163      12225      996        892.47     817.66
Global   48       632994       13187        1.8        0          141      27143      987        807.66     830.09

[1;1H[2J
Get Statistics
Type     Time(s)  Ops          TPS(ops/s)   Net(M/s)   Get_miss   Min(us)  Max(us)    Avg(us)    Std_dev    Geo_dist  
Period   1        13038        13038        1.8        0          148      14987      987        1029.22    789.94
Global   49       639695       13055        1.8        0          141      27143      987        813.07     829.24

Set Statistics
Type     Time(s)  Ops          TPS(ops/s)   Net(M/s)   Get_miss   Min(us)  Max(us)    Avg(us)    Std_dev    Geo_dist  
Period   1        131          131          0.0        0          240      10110      1018       1089.26    820.94
Global   49       6468         132          0.0        0          167      10110      985        787.83     830.80

Total Statistics
Type     Time(s)  Ops          TPS(ops/s)   Net(M/s)   Get_miss   Min(us)  Max(us)    Avg(us)    Std_dev    Geo_dist  
Period   1        13169        13169        1.8        0          148      14987      987        1030.09    790.24
Global   49       646163       13187        1.8        0          141      27143      987        812.80     829.25

[1;1H[2J
Get Statistics
Type     Time(s)  Ops          TPS(ops/s)   Net(M/s)   Get_miss   Min(us)  Max(us)    Avg(us)    Std_dev    Geo_dist  
Period   1        12714        12714        1.8        0          184      11371      1014       921.91     838.71
Global   50       652409       13048        1.7        0          141      27143      987        815.98     829.42

Set Statistics
Type     Time(s)  Ops          TPS(ops/s)   Net(M/s)   Get_miss   Min(us)  Max(us)    Avg(us)    Std_dev    Geo_dist  
Period   1        128          128          0.0        0          305      5097       1025       746.09     861.06
Global   50       6596         131          0.0        0          167      10110      986        786.72     831.38

Total Statistics
Type     Time(s)  Ops          TPS(ops/s)   Net(M/s)   Get_miss   Min(us)  Max(us)    Avg(us)    Std_dev    Geo_dist  
Period   1        12842        12842        1.8        0          184      11371      1014       920.42     838.93
Global   50       659005       13180        1.8        0          141      27143      987        815.68     829.44

[1;1H[2J
Get Statistics
Type     Time(s)  Ops          TPS(ops/s)   Net(M/s)   Get_miss   Min(us)  Max(us)    Avg(us)    Std_dev    Geo_dist  
Period   1        13044        13044        1.8        0          152      7477       989        757.08     838.93
Global   51       665453       13048        1.8        0          141      27143      987        814.91     829.61

Set Statistics
Type     Time(s)  Ops          TPS(ops/s)   Net(M/s)   Get_miss   Min(us)  Max(us)    Avg(us)    Std_dev    Geo_dist  
Period   1        134          134          0.0        0          281      4200       895        507.94     798.48
Global   51       6730         131          0.0        0          167      10110      984        782.46     830.71

Total Statistics
Type     Time(s)  Ops          TPS(ops/s)   Net(M/s)   Get_miss   Min(us)  Max(us)    Avg(us)    Std_dev    Geo_dist  
Period   1        13178        13178        1.8        0          152      7477       988        755.07     838.51
Global   51       672183       13180        1.8        0          141      27143      987        814.55     829.62

[1;1H[2J
Get Statistics
Type     Time(s)  Ops          TPS(ops/s)   Net(M/s)   Get_miss   Min(us)  Max(us)    Avg(us)    Std_dev    Geo_dist  
Period   1        12426        12426        1.8        0          168      8997       1037       881.89     858.36
Global   52       677879       13036        1.7        0          141      27143      988        816.11     830.13

Set Statistics
Type     Time(s)  Ops          TPS(ops/s)   Net(M/s)   Get_miss   Min(us)  Max(us)    Avg(us)    Std_dev    Geo_dist  
Period   1        124          124          0.0        0          243      8936       1124       1233.31    867.62
Global   52       6854         131          0.0        0          167      10110      987        792.39     831.37

Total Statistics
Type     Time(s)  Ops          TPS(ops/s)   Net(M/s)   Get_miss   Min(us)  Max(us)    Avg(us)    Std_dev    Geo_dist  
Period   1        12550        12550        1.8        0          168      8997       1038       885.85     858.45
Global   52       684733       13167        1.7        0          141      27143      988        815.87     830.14

[1;1H[2J
Get Statistics
Type     Time(s)  Ops          TPS(ops/s)   Net(M/s)   Get_miss   Min(us)  Max(us)    Avg(us)    Std_dev    Geo_dist  
Period   1        14078        14078        1.8        0          128      8164       914        692.43     783.90
Global   53       691957       13055        1.9        0          128      27143      987        813.24     829.16

Set Statistics
Type     Time(s)  Ops          TPS(ops/s)   Net(M/s)   Get_miss   Min(us)  Max(us)    Avg(us)    Std_dev    Geo_dist  
Period   1        142          142          0.0        0          261      7147       946        718.79     823.04
Global   53       6996         132          0.0        0          167      10110      986        791.15     831.20

Total Statistics
Type     Time(s)  Ops          TPS(ops/s)   Net(M/s)   Get_miss   Min(us)  Max(us)    Avg(us)    Std_dev    Geo_dist  
Period   1        14220        14220        1.8        0          128      8164       914        693.10     784.28
Global   53       698953       13187        2.0        0          128      27143      987        813.01     829.18

[1;1H[2J
Get Statistics
Type     Time(s)  Ops          TPS(ops/s)   Net(M/s)   Get_miss   Min(us)  Max(us)    Avg(us)    Std_dev    Geo_dist  
Period   1        12782        12782        1.8        0          168      11719      1007       933.72     820.90
Global   54       704739       13050        1.8        0          128      27143      987        816.02     829.01

Set Statistics
Type     Time(s)  Ops          TPS(ops/s)   Net(M/s)   Get_miss   Min(us)  Max(us)    Avg(us)    Std_dev    Geo_dist  
Period   1        129          129          0.0        0          270      7043       1146       1189.97    887.60
Global   54       7125         131          0.0        0          167      10110      989        800.17     832.19

Total Statistics
Type     Time(s)  Ops          TPS(ops/s)   Net(M/s)   Get_miss   Min(us)  Max(us)    Avg(us)    Std_dev    Geo_dist  
Period   1        12911        12911        1.8        0          168      11719      1008       937.09     821.54
Global   54       711864       13182        1.8        0          128      27143      987        815.89     829.04

[1;1H[2J
Get Statistics
Type     Time(s)  Ops          TPS(ops/s)   Net(M/s)   Get_miss   Min(us)  Max(us)    Avg(us)    Std_dev    Geo_dist  
Period   1        13106        13106        1.8        0          138      7660       984        712.62     843.95
Global   55       717845       13051        1.8        0          128      27143      987        814.19     829.28

Set Statistics
Type     Time(s)  Ops          TPS(ops/s)   Net(M/s)   Get_miss   Min(us)  Max(us)    Avg(us)    Std_dev    Geo_dist  
Period   1        133          133          0.0        0          259      3391       943        475.94     847.65
Global   55       7258         131          0.0        0          167      10110      988        795.62     832.47

Total Statistics
Type     Time(s)  Ops          TPS(ops/s)   Net(M/s)   Get_miss   Min(us)  Max(us)    Avg(us)    Std_dev    Geo_dist  
Period   1        13240        13240        1.8        0          138      7660       984        709.99     843.94
Global   55       725104       13183        1.8        0          128      27143      987        814.01     829.31

[1;1H[2J
Get Statistics
Type     Time(s)  Ops          TPS(ops/s)   Net(M/s)   Get_miss   Min(us)  Max(us)    Avg(us)    Std_dev    Geo_dist  
Period   1        13243        13243        1.8        0          132      8073       972        906.41     798.10
Global   56       731088       13055        1.8        0          128      27143      987        815.62     828.71

Set Statistics
Type     Time(s)  Ops          TPS(ops/s)   Net(M/s)   Get_miss   Min(us)  Max(us)    Avg(us)    Std_dev    Geo_dist  
Period   1        133          133          0.0        0          193      7198       1026       1138.72    810.84
Global   56       7391         131          0.0        0          167      10110      989        802.61     832.07

Total Statistics
Type     Time(s)  Ops          TPS(ops/s)   Net(M/s)   Get_miss   Min(us)  Max(us)    Avg(us)    Std_dev    Geo_dist  
Period   1        13375        13375        1.8        0          132      8073       972        909.62     798.63
Global   56       738479       13187        1.8        0          128      27143      987        815.52     828.74

[1;1H[2J
Get Statistics
Type     Time(s)  Ops          TPS(ops/s)   Net(M/s)   Get_miss   Min(us)  Max(us)    Avg(us)    Std_dev    Geo_dist  
Period   1        12620        12620        1.8        0          169      8456       1022       954.33     832.41
Global   57       743708       13047        1.7        0          128      27143      987        818.90     828.77

Set Statistics
Type     Time(s)  Ops          TPS(ops/s)   Net(M/s)   Get_miss   Min(us)  Max(us)    Avg(us)    Std_dev    Geo_dist  
Period   1        127          127          0.0        0          257      6684       977        866.56     798.27
Global   57       7518         131          0.0        0          167      10110      988        804.65     831.49

Total Statistics
Type     Time(s)  Ops          TPS(ops/s)   Net(M/s)   Get_miss   Min(us)  Max(us)    Avg(us)    Std_dev    Geo_dist  
Period   1        12749        12749        1.8        0          169      8456       1021       953.91     832.00
Global   57       751228       13179        1.8        0          128      27143      987        818.77     828.80

[1;1H[2J
Get Statistics
Type     Time(s)  Ops          TPS(ops/s)   Net(M/s)   Get_miss   Min(us)  Max(us)    Avg(us)    Std_dev    Geo_dist  
Period   1        13147        13147        1.8        0          144      7855       980        789.92     822.00
Global   58       756855       13049        1.8        0          128      27143      987        818.26     828.66

Set Statistics
Type     Time(s)  Ops          TPS(ops/s)   Net(M/s)   Get_miss   Min(us)  Max(us)    Avg(us)    Std_dev    Geo_dist  
Period   1        132          132          0.0        0          306      7113       1057       1007.79    815.70
Global   58       7650         131          0.0        0          167      10110      990        807.59     831.89

Total Statistics
Type     Time(s)  Ops          TPS(ops/s)   Net(M/s)   Get_miss   Min(us)  Max(us)    Avg(us)    Std_dev    Geo_dist  
Period   1        13277        13277        1.8        0          144      7855       980        793.47     822.77
Global   58       764505       13181        1.8        0          128      27143      987        818.19     828.69

[1;1H[2J
Get Statistics
Type     Time(s)  Ops          TPS(ops/s)   Net(M/s)   Get_miss   Min(us)  Max(us)    Avg(us)    Std_dev    Geo_dist  
Period   1        13482        13482        1.8        0          181      8726       955        770.64     807.61
Global   59       770337       13056        1.9        0          128      27143      987        816.78     828.29

Set Statistics
Type     Time(s)  Ops          TPS(ops/s)   Net(M/s)   Get_miss   Min(us)  Max(us)    Avg(us)    Std_dev    Geo_dist  
Period   1        140          140          0.0        0          263      8107       932        807.19     780.18
Global   59       7790         132          0.0        0          167      10110      989        807.51     830.93

Total Statistics
Type     Time(s)  Ops          TPS(ops/s)   Net(M/s)   Get_miss   Min(us)  Max(us)    Avg(us)    Std_dev    Geo_dist  
Period   1        13622        13622        1.8        0          181      8726       955        770.70     807.32
Global   59       778127       13188        1.9        0          128      27143      987        816.72     828.31

[1;1H[2J
Get Statistics
Type     Time(s)  Ops          TPS(ops/s)   Net(M/s)   Get_miss   Min(us)  Max(us)    Avg(us)    Std_dev    Geo_dist  
Period   1        12553        12553        1.8        0          166      11842      1027       977.62     844.78
Global   60       782890       13048        1.7        0          128      27143      987        820.40     828.55

Set Statistics
Type     Time(s)  Ops          TPS(ops/s)   Net(M/s)   Get_miss   Min(us)  Max(us)    Avg(us)    Std_dev    Geo_dist  
Period   1        122          122          0.0        0          299      9759       979        974.63     819.11
Global   60       7912         131          0.0        0          167      10110      988        811.31     830.75

Total Statistics
Type     Time(s)  Ops          TPS(ops/s)   Net(M/s)   Get_miss   Min(us)  Max(us)    Avg(us)    Std_dev    Geo_dist  
Period   1        12675        12675        1.8        0          166      11842      1027       977.08     844.53
Global   60       790802       13180        1.7        0          128      27143      987        820.32     828.57

Get Statistics (782903 events)
   Min:       128
   Max:     27143
   Avg:       987
   Geo:    828.56
   Std:    820.42
   Log2 Dist:
       4:        0        0        0        1
       8:     3556   125665   424268   185254
      12:    33234    10591      321       13

Set Statistics (7912 events)
   Min:       167
   Max:     10110
   Avg:       988
   Geo:    830.75
   Std:    811.31
   Log2 Dist:
       8:       31     1246     4299     1893
      12:      337      100        6

Total Statistics (790815 events)
   Min:       128
   Max:     27143
   Avg:       987
   Geo:    828.58
   Std:    820.34
   Log2 Dist:
       4:        0        0        0        1
       8:     3587   126911   428567   187147
      12:    33571    10691      327       13

cmd_get: 782916
cmd_set: 7912
get_misses: 0
written_bytes: 18489786
read_bytes: 129242291
object_bytes: 1139328

Run time: 60.2s Ops: 790828 TPS: 13128 Net_rate: 2.3M/s
