servers : 10.0.0.7:9000
threads count: 111
concurrency: 111
run time: 60s
windows size: 10k
set proportion: set_prop=0.01
get proportion: get_prop=0.99
[1;1H[2J
Get Statistics
Type     Time(s)  Ops          TPS(ops/s)   Net(M/s)   Get_miss   Min(us)  Max(us)    Avg(us)    Std_dev    Geo_dist  
Period   1        24361        24361        3.3        0          177      65020      4477       4606.09    2812.94
Global   1        24361        24361        3.3        0          177      65020      4476       4607.02    2812.01

Set Statistics
Type     Time(s)  Ops          TPS(ops/s)   Net(M/s)   Get_miss   Min(us)  Max(us)    Avg(us)    Std_dev    Geo_dist  
Period   1        300          300          0.0        0          431      39446      3692       3680.84    2632.67
Global   1        300          300          0.0        0          431      39446      3692       3680.84    2632.67

Total Statistics
Type     Time(s)  Ops          TPS(ops/s)   Net(M/s)   Get_miss   Min(us)  Max(us)    Avg(us)    Std_dev    Geo_dist  
Period   1        24664        24664        3.4        0          177      65020      4467       4596.69    2809.80
Global   1        24664        24664        3.4        0          177      65020      4467       4596.69    2809.80

[1;1H[2J
Get Statistics
Type     Time(s)  Ops          TPS(ops/s)   Net(M/s)   Get_miss   Min(us)  Max(us)    Avg(us)    Std_dev    Geo_dist  
Period   1        24927        24927        3.4        0          249      50959      4384       3985.25    2869.81
Global   2        49288        24644        3.4        0          177      65020      4430       4303.51    2842.02

Set Statistics
Type     Time(s)  Ops          TPS(ops/s)   Net(M/s)   Get_miss   Min(us)  Max(us)    Avg(us)    Std_dev    Geo_dist  
Period   1        252          252          0.0        0          515      18236      4061       3492.08    2734.86
Global   2        552          276          0.0        0          431      39446      3860       3597.86    2678.84

Total Statistics
Type     Time(s)  Ops          TPS(ops/s)   Net(M/s)   Get_miss   Min(us)  Max(us)    Avg(us)    Std_dev    Geo_dist  
Period   1        25176        25176        3.4        0          249      50959      4381       3980.90    2870.23
Global   2        49840        24920        3.5        0          177      65020      4423       4297.42    2840.16

[1;1H[2J
Get Statistics
Type     Time(s)  Ops          TPS(ops/s)   Net(M/s)   Get_miss   Min(us)  Max(us)    Avg(us)    Std_dev    Geo_dist  
Period   1        24134        24134        3.4        0          195      65474      4543       4284.67    2904.11
Global   3        73422        24474        3.3        0          177      65474      4467       4297.78    2862.28

Set Statistics
Type     Time(s)  Ops          TPS(ops/s)   Net(M/s)   Get_miss   Min(us)  Max(us)    Avg(us)    Std_dev    Geo_dist  
Period   1        252          252          0.0        0          394      21484      4539       4090.28    2929.81
Global   3        804          268          0.0        0          394      39446      4073       3769.57    2755.10

Total Statistics
Type     Time(s)  Ops          TPS(ops/s)   Net(M/s)   Get_miss   Min(us)  Max(us)    Avg(us)    Std_dev    Geo_dist  
Period   1        24388        24388        3.4        0          195      65474      4543       4282.92    2904.63
Global   3        74228        24742        3.3        0          177      65474      4463       4292.41    2861.18

[1;1H[2J
Get Statistics
Type     Time(s)  Ops          TPS(ops/s)   Net(M/s)   Get_miss   Min(us)  Max(us)    Avg(us)    Std_dev    Geo_dist  
Period   1        25868        25868        3.4        0          272      58946      4256       4259.07    2751.78
Global   4        99290        24822        3.6        0          177      65474      4412       4288.82    2833.33

Set Statistics
Type     Time(s)  Ops          TPS(ops/s)   Net(M/s)   Get_miss   Min(us)  Max(us)    Avg(us)    Std_dev    Geo_dist  
Period   1        254          254          0.0        0          500      19109      3969       3396.49    2731.68
Global   4        1058         264          0.0        0          394      39446      4048       3682.19    2749.46

Total Statistics
Type     Time(s)  Ops          TPS(ops/s)   Net(M/s)   Get_miss   Min(us)  Max(us)    Avg(us)    Std_dev    Geo_dist  
Period   1        26122        26122        3.4        0          272      58946      4253       4251.77    2752.47
Global   4        100350       25087        3.6        0          177      65474      4408       4283.18    2832.48

[1;1H[2J
Get Statistics
Type     Time(s)  Ops          TPS(ops/s)   Net(M/s)   Get_miss   Min(us)  Max(us)    Avg(us)    Std_dev    Geo_dist  
Period   1        24726        24726        3.4        0          219      58172      4400       4439.78    2795.27
Global   5        124016       24803        3.4        0          177      65474      4410       4318.96    2825.90

Set Statistics
Type     Time(s)  Ops          TPS(ops/s)   Net(M/s)   Get_miss   Min(us)  Max(us)    Avg(us)    Std_dev    Geo_dist  
Period   1        246          246          0.0        0          300      35119      4028       4428.17    2494.58
Global   5        1304         260          0.0        0          300      39446      4044       3832.45    2699.46

Total Statistics
Type     Time(s)  Ops          TPS(ops/s)   Net(M/s)   Get_miss   Min(us)  Max(us)    Avg(us)    Std_dev    Geo_dist  
Period   1        24970        24970        3.4        0          219      58172      4396       4439.75    2790.02
Global   5        125320       25064        3.4        0          177      65474      4406       4314.52    2824.56

[1;1H[2J
Get Statistics
Type     Time(s)  Ops          TPS(ops/s)   Net(M/s)   Get_miss   Min(us)  Max(us)    Avg(us)    Std_dev    Geo_dist  
Period   1        25022        25022        3.4        0          180      52654      4388       4043.37    2871.90
Global   6        149038       24839        3.4        0          177      65474      4406       4274.24    2833.57

Set Statistics
Type     Time(s)  Ops          TPS(ops/s)   Net(M/s)   Get_miss   Min(us)  Max(us)    Avg(us)    Std_dev    Geo_dist  
Period   1        254          254          0.0        0          342      17997      4411       3518.95    3044.94
Global   6        1558         259          0.0        0          300      39446      4104       3784.27    2752.98

Total Statistics
Type     Time(s)  Ops          TPS(ops/s)   Net(M/s)   Get_miss   Min(us)  Max(us)    Avg(us)    Std_dev    Geo_dist  
Period   1        25301        25301        3.4        0          180      52654      4386       4036.97    2872.28
Global   6        150621       25103        3.5        0          177      65474      4403       4268.78    2832.52

[1;1H[2J
Get Statistics
Type     Time(s)  Ops          TPS(ops/s)   Net(M/s)   Get_miss   Min(us)  Max(us)    Avg(us)    Std_dev    Geo_dist  
Period   1        24839        24839        3.4        0          252      50345      4408       4095.03    2850.40
Global   7        173877       24839        3.4        0          177      65474      4406       4249.39    2836.08

Set Statistics
Type     Time(s)  Ops          TPS(ops/s)   Net(M/s)   Get_miss   Min(us)  Max(us)    Avg(us)    Std_dev    Geo_dist  
Period   1        253          253          0.0        0          411      46476      4868       5144.22    3075.99
Global   7        1811         258          0.0        0          300      46476      4211       4008.90    2795.98

Total Statistics
Type     Time(s)  Ops          TPS(ops/s)   Net(M/s)   Get_miss   Min(us)  Max(us)    Avg(us)    Std_dev    Geo_dist  
Period   1        25071        25071        3.4        0          252      50345      4415       4109.27    2854.91
Global   7        175692       25098        3.4        0          177      65474      4404       4247.11    2835.70

[1;1H[2J
Get Statistics
Type     Time(s)  Ops          TPS(ops/s)   Net(M/s)   Get_miss   Min(us)  Max(us)    Avg(us)    Std_dev    Geo_dist  
Period   1        25123        25123        3.4        0          233      56524      4301       4159.32    2743.22
Global   8        199000       24875        3.5        0          177      65474      4393       4238.18    2824.58

Set Statistics
Type     Time(s)  Ops          TPS(ops/s)   Net(M/s)   Get_miss   Min(us)  Max(us)    Avg(us)    Std_dev    Geo_dist  
Period   1        255          255          0.0        0          507      22967      4701       4301.95    3001.18
Global   8        2066         258          0.0        0          300      46476      4271       4048.85    2820.53

Total Statistics
Type     Time(s)  Ops          TPS(ops/s)   Net(M/s)   Get_miss   Min(us)  Max(us)    Avg(us)    Std_dev    Geo_dist  
Period   1        25378        25378        3.5        0          233      56524      4305       4160.94    2748.14
Global   8        201070       25133        3.5        0          177      65474      4392       4235.94    2824.50

[1;1H[2J
Get Statistics
Type     Time(s)  Ops          TPS(ops/s)   Net(M/s)   Get_miss   Min(us)  Max(us)    Avg(us)    Std_dev    Geo_dist  
Period   1        24994        24994        3.4        0          210      41581      4394       4062.67    2856.18
Global   9        223994       24888        3.4        0          177      65474      4393       4219.06    2828.18

Set Statistics
Type     Time(s)  Ops          TPS(ops/s)   Net(M/s)   Get_miss   Min(us)  Max(us)    Avg(us)    Std_dev    Geo_dist  
Period   1        252          252          0.0        0          517      23199      4323       3660.79    2899.51
Global   9        2318         257          0.0        0          300      46476      4277       4007.40    2829.01

Total Statistics
Type     Time(s)  Ops          TPS(ops/s)   Net(M/s)   Get_miss   Min(us)  Max(us)    Avg(us)    Std_dev    Geo_dist  
Period   1        25244        25244        3.5        0          210      41581      4394       4058.81    2857.96
Global   9        226314       25146        3.5        0          177      65474      4392       4216.77    2828.21

[1;1H[2J
Get Statistics
Type     Time(s)  Ops          TPS(ops/s)   Net(M/s)   Get_miss   Min(us)  Max(us)    Avg(us)    Std_dev    Geo_dist  
Period   1        24709        24709        3.4        0          267      80442      4475       4423.96    2879.39
Global   10       248703       24870        3.4        0          177      80442      4401       4240.10    2833.33

Set Statistics
Type     Time(s)  Ops          TPS(ops/s)   Net(M/s)   Get_miss   Min(us)  Max(us)    Avg(us)    Std_dev    Geo_dist  
Period   1        249          249          0.0        0          404      50588      4056       4491.39    2614.36
Global   10       2567         256          0.0        0          300      50588      4255       4057.05    2807.44

Total Statistics
Type     Time(s)  Ops          TPS(ops/s)   Net(M/s)   Get_miss   Min(us)  Max(us)    Avg(us)    Std_dev    Geo_dist  
Period   1        25122        25122        3.5        0          267      80442      4500       4474.15    2887.23
Global   10       251436       25143        3.4        0          177      80442      4403       4243.09    2834.05

[1;1H[2J
Get Statistics
Type     Time(s)  Ops          TPS(ops/s)   Net(M/s)   Get_miss   Min(us)  Max(us)    Avg(us)    Std_dev    Geo_dist  
Period   1        24061        24061        3.4        0          255      51957      4542       4251.16    2861.04
Global   11       272764       24796        3.3        0          177      80442      4419       4245.90    2850.43

Set Statistics
Type     Time(s)  Ops          TPS(ops/s)   Net(M/s)   Get_miss   Min(us)  Max(us)    Avg(us)    Std_dev    Geo_dist  
Period   1        247          247          0.0        0          272      17484      4743       3704.26    3288.00
Global   11       2814         255          0.0        0          272      50588      4298       4028.89    2846.65

Total Statistics
Type     Time(s)  Ops          TPS(ops/s)   Net(M/s)   Get_miss   Min(us)  Max(us)    Avg(us)    Std_dev    Geo_dist  
Period   1        24142        24142        3.4        0          255      51957      4575       4244.01    3026.28
Global   11       275578       25052        3.3        0          177      80442      4418       4243.51    2850.39

[1;1H[2J
Get Statistics
Type     Time(s)  Ops          TPS(ops/s)   Net(M/s)   Get_miss   Min(us)  Max(us)    Avg(us)    Std_dev    Geo_dist  
Period   1        23579        23579        3.4        0          266      69286      4661       4422.02    2944.60
Global   12       296343       24695        3.2        0          177      80442      4439       4259.90    2857.81

Set Statistics
Type     Time(s)  Ops          TPS(ops/s)   Net(M/s)   Get_miss   Min(us)  Max(us)    Avg(us)    Std_dev    Geo_dist  
Period   1        236          236          0.0        0          402      37925      4915       4800.21    3176.10
Global   12       3050         254          0.0        0          272      50588      4346       4095.91    2870.87

Total Statistics
Type     Time(s)  Ops          TPS(ops/s)   Net(M/s)   Get_miss   Min(us)  Max(us)    Avg(us)    Std_dev    Geo_dist  
Period   1        23815        23815        3.4        0          266      69286      4663       4426.22    2945.72
Global   12       299393       24949        3.3        0          177      80442      4438       4258.32    2857.95

[1;1H[2J
Get Statistics
Type     Time(s)  Ops          TPS(ops/s)   Net(M/s)   Get_miss   Min(us)  Max(us)    Avg(us)    Std_dev    Geo_dist  
Period   1        24630        24630        3.4        0          297      60257      4434       3999.96    2840.59
Global   13       320973       24690        3.4        0          177      80442      4438       4241.16    2856.49

Set Statistics
Type     Time(s)  Ops          TPS(ops/s)   Net(M/s)   Get_miss   Min(us)  Max(us)    Avg(us)    Std_dev    Geo_dist  
Period   1        240          240          0.0        0          419      27939      4654       4308.91    3009.21
Global   13       3290         253          0.0        0          272      50588      4368       4112.42    2880.75

Total Statistics
Type     Time(s)  Ops          TPS(ops/s)   Net(M/s)   Get_miss   Min(us)  Max(us)    Avg(us)    Std_dev    Geo_dist  
Period   1        24871        24871        3.4        0          297      60257      4436       4003.43    2842.31
Global   13       324264       24943        3.4        0          177      80442      4437       4240.20    2856.74

[1;1H[2J
Get Statistics
Type     Time(s)  Ops          TPS(ops/s)   Net(M/s)   Get_miss   Min(us)  Max(us)    Avg(us)    Std_dev    Geo_dist  
Period   1        24363        24363        3.4        0          242      58852      4507       4471.67    2805.80
Global   14       345336       24666        3.3        0          177      80442      4443       4257.75    2852.96

Set Statistics
Type     Time(s)  Ops          TPS(ops/s)   Net(M/s)   Get_miss   Min(us)  Max(us)    Avg(us)    Std_dev    Geo_dist  
Period   1        253          253          0.0        0          418      34907      4628       4066.31    3019.39
Global   14       3543         253          0.0        0          272      50588      4387       4108.66    2890.43

Total Statistics
Type     Time(s)  Ops          TPS(ops/s)   Net(M/s)   Get_miss   Min(us)  Max(us)    Avg(us)    Std_dev    Geo_dist  
Period   1        24615        24615        3.4        0          242      58852      4508       4467.66    2807.78
Global   14       348879       24919        3.4        0          177      80442      4442       4256.71    2853.34

[1;1H[2J
Get Statistics
Type     Time(s)  Ops          TPS(ops/s)   Net(M/s)   Get_miss   Min(us)  Max(us)    Avg(us)    Std_dev    Geo_dist  
Period   1        24197        24197        3.4        0          247      73861      4474       4192.01    2870.76
Global   15       369533       24635        3.3        0          177      80442      4445       4253.51    2854.12

Set Statistics
Type     Time(s)  Ops          TPS(ops/s)   Net(M/s)   Get_miss   Min(us)  Max(us)    Avg(us)    Std_dev    Geo_dist  
Period   1        244          244          0.0        0          440      29885      4962       4485.05    3217.41
Global   15       3787         252          0.0        0          272      50588      4424       4135.77    2910.46

Total Statistics
Type     Time(s)  Ops          TPS(ops/s)   Net(M/s)   Get_miss   Min(us)  Max(us)    Avg(us)    Std_dev    Geo_dist  
Period   1        24442        24442        3.4        0          247      73861      4479       4195.14    2874.14
Global   15       373321       24888        3.4        0          177      80442      4445       4252.11    2854.69

[1;1H[2J
Get Statistics
Type     Time(s)  Ops          TPS(ops/s)   Net(M/s)   Get_miss   Min(us)  Max(us)    Avg(us)    Std_dev    Geo_dist  
Period   1        24220        24220        3.4        0          217      72209      4557       4647.93    2836.57
Global   16       393753       24609        3.3        0          177      80442      4452       4278.80    2853.10

Set Statistics
Type     Time(s)  Ops          TPS(ops/s)   Net(M/s)   Get_miss   Min(us)  Max(us)    Avg(us)    Std_dev    Geo_dist  
Period   1        240          240          0.0        0          320      24732      4313       3827.16    2796.94
Global   16       4027         251          0.0        0          272      50588      4417       4118.07    2903.57

Total Statistics
Type     Time(s)  Ops          TPS(ops/s)   Net(M/s)   Get_miss   Min(us)  Max(us)    Avg(us)    Std_dev    Geo_dist  
Period   1        24459        24459        3.4        0          217      72209      4554       4640.47    2832.99
Global   16       397780       24861        3.4        0          177      80442      4452       4276.83    2853.61

[1;1H[2J
Get Statistics
Type     Time(s)  Ops          TPS(ops/s)   Net(M/s)   Get_miss   Min(us)  Max(us)    Avg(us)    Std_dev    Geo_dist  
Period   1        24245        24245        3.4        0          307      89025      4521       4473.92    2910.22
Global   17       417998       24588        3.3        0          177      89025      4456       4290.39    2856.38

Set Statistics
Type     Time(s)  Ops          TPS(ops/s)   Net(M/s)   Get_miss   Min(us)  Max(us)    Avg(us)    Std_dev    Geo_dist  
Period   1        248          248          0.0        0          503      20077      5011       4057.78    3336.25
Global   17       4275         251          0.0        0          272      50588      4452       4115.89    2927.06

Total Statistics
Type     Time(s)  Ops          TPS(ops/s)   Net(M/s)   Get_miss   Min(us)  Max(us)    Avg(us)    Std_dev    Geo_dist  
Period   1        24495        24495        3.4        0          307      89025      4526       4470.17    2914.47
Global   17       422275       24839        3.4        0          177      89025      4456       4288.62    2857.10

[1;1H[2J
Get Statistics
Type     Time(s)  Ops          TPS(ops/s)   Net(M/s)   Get_miss   Min(us)  Max(us)    Avg(us)    Std_dev    Geo_dist  
Period   1        24983        24983        3.4        0          249      49152      4373       3982.03    2801.16
Global   18       442981       24610        3.4        0          177      89025      4451       4273.99    2853.35

Set Statistics
Type     Time(s)  Ops          TPS(ops/s)   Net(M/s)   Get_miss   Min(us)  Max(us)    Avg(us)    Std_dev    Geo_dist  
Period   1        260          260          0.0        0          426      34995      4759       4786.74    2940.86
Global   18       4535         251          0.0        0          272      50588      4469       4157.93    2927.85

Total Statistics
Type     Time(s)  Ops          TPS(ops/s)   Net(M/s)   Get_miss   Min(us)  Max(us)    Avg(us)    Std_dev    Geo_dist  
Period   1        25242        25242        3.4        0          249      49152      4377       3991.59    2803.48
Global   18       447517       24862        3.5        0          177      89025      4452       4271.99    2854.11

[1;1H[2J
Get Statistics
Type     Time(s)  Ops          TPS(ops/s)   Net(M/s)   Get_miss   Min(us)  Max(us)    Avg(us)    Std_dev    Geo_dist  
Period   1        24071        24071        3.4        0          228      76761      4540       4319.31    2919.08
Global   19       467052       24581        3.3        0          177      89025      4456       4275.97    2856.76

Set Statistics
Type     Time(s)  Ops          TPS(ops/s)   Net(M/s)   Get_miss   Min(us)  Max(us)    Avg(us)    Std_dev    Geo_dist  
Period   1        241          241          0.0        0          308      33255      4616       4498.19    2964.68
Global   19       4776         251          0.0        0          272      50588      4477       4174.76    2929.70

Total Statistics
Type     Time(s)  Ops          TPS(ops/s)   Net(M/s)   Get_miss   Min(us)  Max(us)    Avg(us)    Std_dev    Geo_dist  
Period   1        24313        24313        3.4        0          228      76761      4540       4321.70    2919.61
Global   19       471830       24833        3.3        0          177      89025      4456       4275.18    2857.50

[1;1H[2J
Get Statistics
Type     Time(s)  Ops          TPS(ops/s)   Net(M/s)   Get_miss   Min(us)  Max(us)    Avg(us)    Std_dev    Geo_dist  
Period   1        23837        23837        3.4        0          288      87057      4669       4649.04    2948.82
Global   20       490889       24544        3.3        0          177      89025      4466       4295.43    2861.17

Set Statistics
Type     Time(s)  Ops          TPS(ops/s)   Net(M/s)   Get_miss   Min(us)  Max(us)    Avg(us)    Std_dev    Geo_dist  
Period   1        236          236          0.0        0          580      29324      4763       4755.67    2969.54
Global   20       5012         250          0.0        0          272      50588      4490       4204.32    2931.56

Total Statistics
Type     Time(s)  Ops          TPS(ops/s)   Net(M/s)   Get_miss   Min(us)  Max(us)    Avg(us)    Std_dev    Geo_dist  
Period   1        24072        24072        3.4        0          288      87057      4669       4650.37    2947.50
Global   20       495902       24795        3.3        0          177      89025      4466       4294.76    2861.86

[1;1H[2J
Get Statistics
Type     Time(s)  Ops          TPS(ops/s)   Net(M/s)   Get_miss   Min(us)  Max(us)    Avg(us)    Std_dev    Geo_dist  
Period   1        24420        24420        3.4        0          268      97188      4497       4727.67    2827.50
Global   21       515309       24538        3.4        0          177      97188      4468       4316.34    2859.60

Set Statistics
Type     Time(s)  Ops          TPS(ops/s)   Net(M/s)   Get_miss   Min(us)  Max(us)    Avg(us)    Std_dev    Geo_dist  
Period   1        250          250          0.0        0          469      36652      4724       4808.46    2935.97
Global   21       5262         250          0.0        0          272      50588      4501       4234.88    2931.77

Total Statistics
Type     Time(s)  Ops          TPS(ops/s)   Net(M/s)   Get_miss   Min(us)  Max(us)    Avg(us)    Std_dev    Geo_dist  
Period   1        24671        24671        3.4        0          268      97188      4500       4728.05    2828.97
Global   21       520573       24789        3.4        0          177      97188      4468       4315.87    2860.33

[1;1H[2J
Get Statistics
Type     Time(s)  Ops          TPS(ops/s)   Net(M/s)   Get_miss   Min(us)  Max(us)    Avg(us)    Std_dev    Geo_dist  
Period   1        21845        21845        3.4        0          232      57982      5040       5936.51    3070.93
Global   22       537154       24416        3.0        0          177      97188      4491       4395.62    2867.95

Set Statistics
Type     Time(s)  Ops          TPS(ops/s)   Net(M/s)   Get_miss   Min(us)  Max(us)    Avg(us)    Std_dev    Geo_dist  
Period   1        225          225          0.0        0          467      48978      5392       5790.18    3369.17
Global   22       5487         249          0.0        0          272      50588      4538       4312.14    2948.54

Total Statistics
Type     Time(s)  Ops          TPS(ops/s)   Net(M/s)   Get_miss   Min(us)  Max(us)    Avg(us)    Std_dev    Geo_dist  
Period   1        22067        22067        3.4        0          232      57982      5043       5935.84    3075.95
Global   22       542640       24665        3.0        0          177      97188      4491       4395.27    2868.79

[1;1H[2J
Get Statistics
Type     Time(s)  Ops          TPS(ops/s)   Net(M/s)   Get_miss   Min(us)  Max(us)    Avg(us)    Std_dev    Geo_dist  
Period   1        24552        24552        3.4        0          250      85658      4499       4495.55    2832.03
Global   23       561706       24422        3.4        0          177      97188      4491       4400.39    2866.37

Set Statistics
Type     Time(s)  Ops          TPS(ops/s)   Net(M/s)   Get_miss   Min(us)  Max(us)    Avg(us)    Std_dev    Geo_dist  
Period   1        245          245          0.0        0          445      85337      5363       6727.48    3314.15
Global   23       5732         249          0.0        0          272      85337      4573       4444.87    2963.30

Total Statistics
Type     Time(s)  Ops          TPS(ops/s)   Net(M/s)   Get_miss   Min(us)  Max(us)    Avg(us)    Std_dev    Geo_dist  
Period   1        24802        24802        3.4        0          250      85658      4508       4522.53    2835.44
Global   23       567442       24671        3.4        0          177      97188      4492       4400.64    2867.33

[1;1H[2J
Get Statistics
Type     Time(s)  Ops          TPS(ops/s)   Net(M/s)   Get_miss   Min(us)  Max(us)    Avg(us)    Std_dev    Geo_dist  
Period   1        24598        24598        3.4        0          245      51279      4407       4160.97    2844.87
Global   24       586304       24429        3.4        0          177      97188      4488       4390.11    2865.58

Set Statistics
Type     Time(s)  Ops          TPS(ops/s)   Net(M/s)   Get_miss   Min(us)  Max(us)    Avg(us)    Std_dev    Geo_dist  
Period   1        247          247          0.0        0          422      40359      4799       4412.17    3174.35
Global   24       5979         249          0.0        0          272      85337      4582       4443.73    2971.74

Total Statistics
Type     Time(s)  Ops          TPS(ops/s)   Net(M/s)   Get_miss   Min(us)  Max(us)    Avg(us)    Std_dev    Geo_dist  
Period   1        24841        24841        3.4        0          245      51279      4411       4164.21    2850.73
Global   24       592283       24678        3.4        0          177      97188      4489       4390.60    2866.63

[1;1H[2J
Get Statistics
Type     Time(s)  Ops          TPS(ops/s)   Net(M/s)   Get_miss   Min(us)  Max(us)    Avg(us)    Std_dev    Geo_dist  
Period   1        23604        23604        3.4        0          245      74222      4630       4808.18    2874.91
Global   25       609908       24396        3.2        0          177      97188      4493       4407.61    2865.94

Set Statistics
Type     Time(s)  Ops          TPS(ops/s)   Net(M/s)   Get_miss   Min(us)  Max(us)    Avg(us)    Std_dev    Geo_dist  
Period   1        241          241          0.0        0          338      39454      4985       4974.36    3139.81
Global   25       6220         248          0.0        0          272      85337      4598       4465.30    2978.08

Total Statistics
Type     Time(s)  Ops          TPS(ops/s)   Net(M/s)   Get_miss   Min(us)  Max(us)    Avg(us)    Std_dev    Geo_dist  
Period   1        23847        23847        3.4        0          245      74222      4633       4810.10    2877.17
Global   25       616130       24645        3.3        0          177      97188      4494       4408.25    2867.04

[1;1H[2J
Get Statistics
Type     Time(s)  Ops          TPS(ops/s)   Net(M/s)   Get_miss   Min(us)  Max(us)    Avg(us)    Std_dev    Geo_dist  
Period   1        23920        23920        3.3        0          266      55640      4594       4423.65    2925.80
Global   26       633828       24378        3.3        0          177      97188      4497       4408.06    2868.20

Set Statistics
Type     Time(s)  Ops          TPS(ops/s)   Net(M/s)   Get_miss   Min(us)  Max(us)    Avg(us)    Std_dev    Geo_dist  
Period   1        234          234          0.0        0          349      40644      4949       4731.71    3052.88
Global   26       6454         248          0.0        0          272      85337      4611       4475.06    2983.88

Total Statistics
Type     Time(s)  Ops          TPS(ops/s)   Net(M/s)   Get_miss   Min(us)  Max(us)    Avg(us)    Std_dev    Geo_dist  
Period   1        24156        24156        3.4        0          266      55640      4597       4426.85    2928.12
Global   26       640286       24626        3.3        0          177      97188      4498       4408.88    2869.32

[1;1H[2J
Get Statistics
Type     Time(s)  Ops          TPS(ops/s)   Net(M/s)   Get_miss   Min(us)  Max(us)    Avg(us)    Std_dev    Geo_dist  
Period   1        24024        24024        3.3        0          259      65027      4569       4564.18    2896.65
Global   27       657852       24364        3.3        0          177      97188      4500       4413.50    2869.32

Set Statistics
Type     Time(s)  Ops          TPS(ops/s)   Net(M/s)   Get_miss   Min(us)  Max(us)    Avg(us)    Std_dev    Geo_dist  
Period   1        242          242          0.0        0          397      47697      5098       5250.39    3327.94
Global   27       6696         248          0.0        0          272      85337      4629       4505.46    2995.67

Total Statistics
Type     Time(s)  Ops          TPS(ops/s)   Net(M/s)   Get_miss   Min(us)  Max(us)    Avg(us)    Std_dev    Geo_dist  
Period   1        24262        24262        3.4        0          259      65027      4575       4571.74    2901.63
Global   27       664548       24612        3.3        0          177      97188      4501       4414.76    2870.57

[1;1H[2J
Get Statistics
Type     Time(s)  Ops          TPS(ops/s)   Net(M/s)   Get_miss   Min(us)  Max(us)    Avg(us)    Std_dev    Geo_dist  
Period   1        25697        25697        3.4        0          265      55669      4356       4574.43    2796.41
Global   28       683549       24412        3.5        0          177      97188      4494       4420.33    2866.55

Set Statistics
Type     Time(s)  Ops          TPS(ops/s)   Net(M/s)   Get_miss   Min(us)  Max(us)    Avg(us)    Std_dev    Geo_dist  
Period   1        266          266          0.0        0          611      55653      4760       5717.45    3059.25
Global   28       6962         248          0.0        0          272      85337      4634       4557.26    2998.08

Total Statistics
Type     Time(s)  Ops          TPS(ops/s)   Net(M/s)   Get_miss   Min(us)  Max(us)    Avg(us)    Std_dev    Geo_dist  
Period   1        25964        25964        3.4        0          265      55669      4360       4587.60    2798.87
Global   28       690512       24661        3.6        0          177      97188      4496       4421.15    2867.84

[1;1H[2J
Get Statistics
Type     Time(s)  Ops          TPS(ops/s)   Net(M/s)   Get_miss   Min(us)  Max(us)    Avg(us)    Std_dev    Geo_dist  
Period   1        24976        24976        3.4        0          276      77924      4384       4281.77    2847.27
Global   29       708525       24431        3.4        0          177      97188      4490       4415.69    2865.87

Set Statistics
Type     Time(s)  Ops          TPS(ops/s)   Net(M/s)   Get_miss   Min(us)  Max(us)    Avg(us)    Std_dev    Geo_dist  
Period   1        246          246          0.0        0          476      45789      4883       4425.82    3336.27
Global   29       7208         248          0.0        0          272      85337      4642       4553.27    3009.03

Total Statistics
Type     Time(s)  Ops          TPS(ops/s)   Net(M/s)   Get_miss   Min(us)  Max(us)    Avg(us)    Std_dev    Geo_dist  
Period   1        25221        25221        3.4        0          276      77924      4389       4283.43    2851.80
Global   29       715733       24680        3.5        0          177      97188      4492       4416.64    2867.27

[1;1H[2J
Get Statistics
Type     Time(s)  Ops          TPS(ops/s)   Net(M/s)   Get_miss   Min(us)  Max(us)    Avg(us)    Std_dev    Geo_dist  
Period   1        25172        25172        3.4        0          248      74186      4346       4263.35    2773.68
Global   30       733697       24456        3.5        0          177      97188      4485       4410.69    2862.65

Set Statistics
Type     Time(s)  Ops          TPS(ops/s)   Net(M/s)   Get_miss   Min(us)  Max(us)    Avg(us)    Std_dev    Geo_dist  
Period   1        259          259          0.0        0          376      30041      4552       4351.42    2894.49
Global   30       7467         248          0.0        0          272      85337      4639       4546.05    3004.99

Total Statistics
Type     Time(s)  Ops          TPS(ops/s)   Net(M/s)   Get_miss   Min(us)  Max(us)    Avg(us)    Std_dev    Geo_dist  
Period   1        25431        25431        3.4        0          248      74186      4348       4264.32    2774.89
Global   30       741164       24705        3.5        0          177      97188      4487       4411.64    2864.05

[1;1H[2J
Get Statistics
Type     Time(s)  Ops          TPS(ops/s)   Net(M/s)   Get_miss   Min(us)  Max(us)    Avg(us)    Std_dev    Geo_dist  
Period   1        24668        24668        3.4        0          215      92688      4411       4292.58    2894.14
Global   31       758365       24463        3.4        0          177      97188      4483       4406.50    2863.67

Set Statistics
Type     Time(s)  Ops          TPS(ops/s)   Net(M/s)   Get_miss   Min(us)  Max(us)    Avg(us)    Std_dev    Geo_dist  
Period   1        250          250          0.0        0          352      23859      4696       3637.20    3267.52
Global   31       7717         248          0.0        0          272      85337      4641       4519.13    3013.15

Total Statistics
Type     Time(s)  Ops          TPS(ops/s)   Net(M/s)   Get_miss   Min(us)  Max(us)    Avg(us)    Std_dev    Geo_dist  
Period   1        24920        24920        3.4        0          215      92688      4414       4286.65    2897.90
Global   31       766084       24712        3.4        0          177      97188      4485       4407.27    2865.15

[1;1H[2J
Get Statistics
Type     Time(s)  Ops          TPS(ops/s)   Net(M/s)   Get_miss   Min(us)  Max(us)    Avg(us)    Std_dev    Geo_dist  
Period   1        24169        24169        3.4        0          255      79528      4533       4358.77    2975.30
Global   32       782534       24454        3.3        0          177      97188      4485       4404.59    2867.12

Set Statistics
Type     Time(s)  Ops          TPS(ops/s)   Net(M/s)   Get_miss   Min(us)  Max(us)    Avg(us)    Std_dev    Geo_dist  
Period   1        239          239          0.0        0          358      52260      5265       5232.59    3469.86
Global   32       7956         248          0.0        0          272      85337      4660       4542.81    3025.95

Total Statistics
Type     Time(s)  Ops          TPS(ops/s)   Net(M/s)   Get_miss   Min(us)  Max(us)    Avg(us)    Std_dev    Geo_dist  
Period   1        24408        24408        3.4        0          255      79528      4540       4369.01    2980.86
Global   32       790492       24702        3.4        0          177      97188      4486       4406.82    2868.68

[1;1H[2J
Get Statistics
Type     Time(s)  Ops          TPS(ops/s)   Net(M/s)   Get_miss   Min(us)  Max(us)    Avg(us)    Std_dev    Geo_dist  
Period   1        24587        24587        3.4        0          243      101774     4450       4648.54    2801.06
Global   33       807121       24458        3.4        0          177      101774     4484       4412.17    2865.12

Set Statistics
Type     Time(s)  Ops          TPS(ops/s)   Net(M/s)   Get_miss   Min(us)  Max(us)    Avg(us)    Std_dev    Geo_dist  
Period   1        255          255          0.0        0          416      36944      5066       4588.47    3246.99
Global   33       8211         248          0.0        0          272      85337      4672       4545.12    3032.59

Total Statistics
Type     Time(s)  Ops          TPS(ops/s)   Net(M/s)   Get_miss   Min(us)  Max(us)    Avg(us)    Std_dev    Geo_dist  
Period   1        24842        24842        3.4        0          243      101774     4456       4648.77    2806.32
Global   33       815334       24707        3.4        0          177      101774     4485       4414.47    2866.76

[1;1H[2J
Get Statistics
Type     Time(s)  Ops          TPS(ops/s)   Net(M/s)   Get_miss   Min(us)  Max(us)    Avg(us)    Std_dev    Geo_dist  
Period   1        24928        24928        3.4        0          251      80112      4401       4152.59    2824.39
Global   34       832049       24472        3.4        0          177      101774     4481       4405.16    2863.92

Set Statistics
Type     Time(s)  Ops          TPS(ops/s)   Net(M/s)   Get_miss   Min(us)  Max(us)    Avg(us)    Std_dev    Geo_dist  
Period   1        249          249          0.0        0          420      29068      4407       4040.03    2901.45
Global   34       8460         248          0.0        0          272      85337      4664       4531.27    3028.64

Total Statistics
Type     Time(s)  Ops          TPS(ops/s)   Net(M/s)   Get_miss   Min(us)  Max(us)    Avg(us)    Std_dev    Geo_dist  
Period   1        25175        25175        3.4        0          251      80112      4401       4151.58    2825.93
Global   34       840509       24720        3.5        0          177      101774     4483       4406.32    2865.53

[1;1H[2J
Get Statistics
Type     Time(s)  Ops          TPS(ops/s)   Net(M/s)   Get_miss   Min(us)  Max(us)    Avg(us)    Std_dev    Geo_dist  
Period   1        24121        24121        3.4        0          254      51148      4457       4437.64    2814.22
Global   35       856170       24462        3.3        0          177      101774     4480       4406.41    2862.51

Set Statistics
Type     Time(s)  Ops          TPS(ops/s)   Net(M/s)   Get_miss   Min(us)  Max(us)    Avg(us)    Std_dev    Geo_dist  
Period   1        248          248          0.0        0          472      50957      5165       5814.43    3219.54
Global   35       8708         248          0.0        0          272      85337      4679       4572.39    3033.92

Total Statistics
Type     Time(s)  Ops          TPS(ops/s)   Net(M/s)   Get_miss   Min(us)  Max(us)    Avg(us)    Std_dev    Geo_dist  
Period   1        24371        24371        3.4        0          254      51148      4464       4454.51    2818.30
Global   35       864880       24710        3.3        0          177      101774     4482       4408.16    2864.19

[1;1H[2J
Get Statistics
Type     Time(s)  Ops          TPS(ops/s)   Net(M/s)   Get_miss   Min(us)  Max(us)    Avg(us)    Std_dev    Geo_dist  
Period   1        24598        24598        3.4        0          246      79926      4499       4801.26    2828.95
Global   36       880768       24465        3.4        0          177      101774     4481       4417.44    2861.59

Set Statistics
Type     Time(s)  Ops          TPS(ops/s)   Net(M/s)   Get_miss   Min(us)  Max(us)    Avg(us)    Std_dev    Geo_dist  
Period   1        246          246          0.0        0          430      34282      4573       4466.79    2989.24
Global   36       8954         248          0.0        0          272      85337      4676       4569.40    3032.68

Total Statistics
Type     Time(s)  Ops          TPS(ops/s)   Net(M/s)   Get_miss   Min(us)  Max(us)    Avg(us)    Std_dev    Geo_dist  
Period   1        24842        24842        3.4        0          246      79926      4500       4797.88    2831.29
Global   36       889722       24714        3.4        0          177      101774     4483       4419.00    2863.27

[1;1H[2J
Get Statistics
Type     Time(s)  Ops          TPS(ops/s)   Net(M/s)   Get_miss   Min(us)  Max(us)    Avg(us)    Std_dev    Geo_dist  
Period   1        23915        23915        3.4        0          252      61836      4528       4131.42    2912.44
Global   37       904683       24450        3.3        0          177      101774     4482       4410.37    2862.93

Set Statistics
Type     Time(s)  Ops          TPS(ops/s)   Net(M/s)   Get_miss   Min(us)  Max(us)    Avg(us)    Std_dev    Geo_dist  
Period   1        236          236          0.0        0          401      24628      4303       4034.75    2725.78
Global   37       9190         248          0.0        0          272      85337      4666       4557.07    3024.38

Total Statistics
Type     Time(s)  Ops          TPS(ops/s)   Net(M/s)   Get_miss   Min(us)  Max(us)    Avg(us)    Std_dev    Geo_dist  
Period   1        24152        24152        3.4        0          252      61836      4526       4130.21    2910.64
Global   37       913874       24699        3.3        0          177      101774     4484       4411.75    2864.51

[1;1H[2J
Get Statistics
Type     Time(s)  Ops          TPS(ops/s)   Net(M/s)   Get_miss   Min(us)  Max(us)    Avg(us)    Std_dev    Geo_dist  
Period   1        24401        24401        3.4        0          224      44257      4460       3868.56    2984.99
Global   38       929084       24449        3.4        0          177      101774     4482       4396.41    2866.09

Set Statistics
Type     Time(s)  Ops          TPS(ops/s)   Net(M/s)   Get_miss   Min(us)  Max(us)    Avg(us)    Std_dev    Geo_dist  
Period   1        244          244          0.0        0          457      22655      4599       3521.18    3189.86
Global   38       9434         248          0.0        0          272      85337      4664       4533.40    3028.55

Total Statistics
Type     Time(s)  Ops          TPS(ops/s)   Net(M/s)   Get_miss   Min(us)  Max(us)    Avg(us)    Std_dev    Geo_dist  
Period   1        24647        24647        3.4        0          224      44257      4461       3865.00    2984.83
Global   38       938521       24697        3.4        0          177      101774     4483       4398.68    2867.68

[1;1H[2J
Get Statistics
Type     Time(s)  Ops          TPS(ops/s)   Net(M/s)   Get_miss   Min(us)  Max(us)    Avg(us)    Std_dev    Geo_dist  
Period   1        23851        23851        3.4        0          149      66611      4540       4554.71    2875.04
Global   39       952935       24434        3.3        0          149      101774     4483       4400.91    2866.39

Set Statistics
Type     Time(s)  Ops          TPS(ops/s)   Net(M/s)   Get_miss   Min(us)  Max(us)    Avg(us)    Std_dev    Geo_dist  
Period   1        248          248          0.0        0          489      36958      4440       4159.31    2924.52
Global   39       9682         248          0.0        0          272      85337      4659       4523.39    3025.84

Total Statistics
Type     Time(s)  Ops          TPS(ops/s)   Net(M/s)   Get_miss   Min(us)  Max(us)    Avg(us)    Std_dev    Geo_dist  
Period   1        24098        24098        3.4        0          149      66611      4540       4550.83    2877.73
Global   39       962619       24682        3.3        0          149      101774     4485       4401.97    2867.96

[1;1H[2J
Get Statistics
Type     Time(s)  Ops          TPS(ops/s)   Net(M/s)   Get_miss   Min(us)  Max(us)    Avg(us)    Std_dev    Geo_dist  
Period   1        24280        24280        3.4        0          257      58563      4464       4510.83    2845.57
Global   40       977215       24430        3.3        0          149      101774     4483       4403.21    2865.90

Set Statistics
Type     Time(s)  Ops          TPS(ops/s)   Net(M/s)   Get_miss   Min(us)  Max(us)    Avg(us)    Std_dev    Geo_dist  
Period   1        244          244          0.0        0          395      32667      4389       4100.78    2858.06
Global   40       9926         248          0.0        0          272      85337      4652       4513.85    3021.60

Total Statistics
Type     Time(s)  Ops          TPS(ops/s)   Net(M/s)   Get_miss   Min(us)  Max(us)    Avg(us)    Std_dev    Geo_dist  
Period   1        24524        24524        3.4        0          257      58563      4463       4507.10    2846.68
Global   40       987143       24678        3.4        0          149      101774     4484       4405.08    2867.43

[1;1H[2J
Get Statistics
Type     Time(s)  Ops          TPS(ops/s)   Net(M/s)   Get_miss   Min(us)  Max(us)    Avg(us)    Std_dev    Geo_dist  
Period   1        24636        24636        3.4        0          235      63791      4450       3930.34    2990.00
Global   41       1001851      24435        3.4        0          149      101774     4482       4392.39    2868.91

Set Statistics
Type     Time(s)  Ops          TPS(ops/s)   Net(M/s)   Get_miss   Min(us)  Max(us)    Avg(us)    Std_dev    Geo_dist  
Period   1        253          253          0.0        0          396      18950      4549       3751.57    3111.68
Global   41       10179        248          0.0        0          272      85337      4649       4496.80    3023.81

Total Statistics
Type     Time(s)  Ops          TPS(ops/s)   Net(M/s)   Get_miss   Min(us)  Max(us)    Avg(us)    Std_dev    Geo_dist  
Period   1        24891        24891        3.4        0          235      63791      4452       3927.60    2992.44
Global   41       1012034      24683        3.4        0          149      101774     4484       4393.15    2870.44

[1;1H[2J
Get Statistics
Type     Time(s)  Ops          TPS(ops/s)   Net(M/s)   Get_miss   Min(us)  Max(us)    Avg(us)    Std_dev    Geo_dist  
Period   1        24250        24250        3.4        0          274      80694      4517       4781.24    2840.49
Global   42       1026101      24430        3.3        0          149      101774     4483       4401.80    2868.26

Set Statistics
Type     Time(s)  Ops          TPS(ops/s)   Net(M/s)   Get_miss   Min(us)  Max(us)    Avg(us)    Std_dev    Geo_dist  
Period   1        242          242          0.0        0          425      44244      4803       4963.51    3106.64
Global   42       10421        248          0.0        0          272      85337      4653       4507.55    3025.71

Total Statistics
Type     Time(s)  Ops          TPS(ops/s)   Net(M/s)   Get_miss   Min(us)  Max(us)    Avg(us)    Std_dev    Geo_dist  
Period   1        24495        24495        3.4        0          274      80694      4518       4783.53    2841.42
Global   42       1036529      24679        3.4        0          149      101774     4484       4403.60    2869.78

[1;1H[2J
Get Statistics
Type     Time(s)  Ops          TPS(ops/s)   Net(M/s)   Get_miss   Min(us)  Max(us)    Avg(us)    Std_dev    Geo_dist  
Period   1        24521        24521        3.4        0          319      70225      4458       4190.09    2897.46
Global   43       1050622      24433        3.4        0          149      101774     4482       4397.40    2869.05

Set Statistics
Type     Time(s)  Ops          TPS(ops/s)   Net(M/s)   Get_miss   Min(us)  Max(us)    Avg(us)    Std_dev    Geo_dist  
Period   1        252          252          0.0        0          357      30750      4674       4465.07    3023.09
Global   43       10673        248          0.0        0          272      85337      4654       4505.82    3025.65

Total Statistics
Type     Time(s)  Ops          TPS(ops/s)   Net(M/s)   Get_miss   Min(us)  Max(us)    Avg(us)    Std_dev    Geo_dist  
Period   1        24768        24768        3.4        0          319      70225      4461       4193.05    2904.48
Global   43       1061297      24681        3.4        0          149      101774     4484       4398.26    2870.58

[1;1H[2J
Get Statistics
Type     Time(s)  Ops          TPS(ops/s)   Net(M/s)   Get_miss   Min(us)  Max(us)    Avg(us)    Std_dev    Geo_dist  
Period   1        25249        25249        3.4        0          180      48687      4348       4402.99    2774.20
Global   44       1075871      24451        3.5        0          149      101774     4479       4397.43    2866.81

Set Statistics
Type     Time(s)  Ops          TPS(ops/s)   Net(M/s)   Get_miss   Min(us)  Max(us)    Avg(us)    Std_dev    Geo_dist  
Period   1        248          248          0.0        0          387      23815      3929       3654.61    2555.96
Global   44       10921        248          0.0        0          272      85337      4637       4490.00    3014.08

Total Statistics
Type     Time(s)  Ops          TPS(ops/s)   Net(M/s)   Get_miss   Min(us)  Max(us)    Avg(us)    Std_dev    Geo_dist  
Period   1        25496        25496        3.4        0          180      48687      4345       4395.55    2772.83
Global   44       1086793      24699        3.5        0          149      101774     4481       4397.97    2868.25

[1;1H[2J
Get Statistics
Type     Time(s)  Ops          TPS(ops/s)   Net(M/s)   Get_miss   Min(us)  Max(us)    Avg(us)    Std_dev    Geo_dist  
Period   1        22972        22972        3.4        0          220      66953      4791       5109.82    2968.81
Global   45       1098843      24418        3.2        0          149      101774     4485       4414.26    2868.90

Set Statistics
Type     Time(s)  Ops          TPS(ops/s)   Net(M/s)   Get_miss   Min(us)  Max(us)    Avg(us)    Std_dev    Geo_dist  
Period   1        237          237          0.0        0          458      27199      5246       4662.90    3382.57
Global   45       11158        247          0.0        0          272      85337      4650       4494.32    3021.47

Total Statistics
Type     Time(s)  Ops          TPS(ops/s)   Net(M/s)   Get_miss   Min(us)  Max(us)    Avg(us)    Std_dev    Geo_dist  
Period   1        23212        23212        3.4        0          220      66953      4796       5105.44    2973.24
Global   45       1110005      24666        3.2        0          149      101774     4487       4414.75    2870.41

[1;1H[2J
Get Statistics
Type     Time(s)  Ops          TPS(ops/s)   Net(M/s)   Get_miss   Min(us)  Max(us)    Avg(us)    Std_dev    Geo_dist  
Period   1        24522        24522        3.4        0          235      68206      4391       4336.53    2779.34
Global   46       1123365      24420        3.4        0          149      101774     4483       4412.56    2866.98

Set Statistics
Type     Time(s)  Ops          TPS(ops/s)   Net(M/s)   Get_miss   Min(us)  Max(us)    Avg(us)    Std_dev    Geo_dist  
Period   1        250          250          0.0        0          361      13293      3989       3365.23    2627.43
Global   46       11408        248          0.0        0          272      85337      4635       4474.10    3012.23

Total Statistics
Type     Time(s)  Ops          TPS(ops/s)   Net(M/s)   Get_miss   Min(us)  Max(us)    Avg(us)    Std_dev    Geo_dist  
Period   1        24769        24769        3.4        0          235      68206      4388       4327.61    2781.42
Global   46       1134774      24669        3.4        0          149      101774     4485       4412.72    2868.41

[1;1H[2J
Get Statistics
Type     Time(s)  Ops          TPS(ops/s)   Net(M/s)   Get_miss   Min(us)  Max(us)    Avg(us)    Std_dev    Geo_dist  
Period   1        24829        24829        3.4        0          256      52557      4406       3998.26    2931.89
Global   47       1148194      24429        3.4        0          149      101774     4482       4403.35    2868.39

Set Statistics
Type     Time(s)  Ops          TPS(ops/s)   Net(M/s)   Get_miss   Min(us)  Max(us)    Avg(us)    Std_dev    Geo_dist  
Period   1        247          247          0.0        0          450      26571      4810       4090.35    3237.27
Global   47       11655        247          0.0        0          272      85337      4639       4465.91    3016.84

Total Statistics
Type     Time(s)  Ops          TPS(ops/s)   Net(M/s)   Get_miss   Min(us)  Max(us)    Avg(us)    Std_dev    Geo_dist  
Period   1        25076        25076        3.4        0          256      52557      4410       3999.28    2934.76
Global   47       1159850      24677        3.4        0          149      101774     4483       4404.60    2869.85

[1;1H[2J
Get Statistics
Type     Time(s)  Ops          TPS(ops/s)   Net(M/s)   Get_miss   Min(us)  Max(us)    Avg(us)    Std_dev    Geo_dist  
Period   1        24277        24277        3.4        0          308      61773      4517       4816.31    2834.46
Global   48       1172471      24426        3.3        0          149      101774     4482       4413.03    2867.71

Set Statistics
Type     Time(s)  Ops          TPS(ops/s)   Net(M/s)   Get_miss   Min(us)  Max(us)    Avg(us)    Std_dev    Geo_dist  
Period   1        247          247          0.0        0          505      30157      4505       3990.13    3006.10
Global   48       11902        247          0.0        0          272      85337      4636       4456.67    3016.61

Total Statistics
Type     Time(s)  Ops          TPS(ops/s)   Net(M/s)   Get_miss   Min(us)  Max(us)    Avg(us)    Std_dev    Geo_dist  
Period   1        24525        24525        3.4        0          308      61773      4516       4809.09    2835.93
Global   48       1184375      24674        3.4        0          149      101774     4484       4413.03    2869.17

[1;1H[2J
Get Statistics
Type     Time(s)  Ops          TPS(ops/s)   Net(M/s)   Get_miss   Min(us)  Max(us)    Avg(us)    Std_dev    Geo_dist  
Period   1        24336        24336        3.4        0          225      67802      4513       4411.16    2879.75
Global   49       1196807      24424        3.3        0          149      101774     4483       4412.62    2867.95

Set Statistics
Type     Time(s)  Ops          TPS(ops/s)   Net(M/s)   Get_miss   Min(us)  Max(us)    Avg(us)    Std_dev    Geo_dist  
Period   1        242          242          0.0        0          380      35996      4775       4819.71    2990.75
Global   49       12144        247          0.0        0          272      85337      4639       4463.79    3016.10

Total Statistics
Type     Time(s)  Ops          TPS(ops/s)   Net(M/s)   Get_miss   Min(us)  Max(us)    Avg(us)    Std_dev    Geo_dist  
Period   1        24578        24578        3.4        0          225      67802      4515       4416.01    2874.87
Global   49       1208953      24672        3.4        0          149      101774     4485       4412.72    2869.41

[1;1H[2J
Get Statistics
Type     Time(s)  Ops          TPS(ops/s)   Net(M/s)   Get_miss   Min(us)  Max(us)    Avg(us)    Std_dev    Geo_dist  
Period   1        24009        24009        3.4        0          272      55828      4557       3884.18    3040.92
Global   50       1220816      24416        3.3        0          149      101774     4485       4402.30    2871.30

Set Statistics
Type     Time(s)  Ops          TPS(ops/s)   Net(M/s)   Get_miss   Min(us)  Max(us)    Avg(us)    Std_dev    Geo_dist  
Period   1        245          245          0.0        0          462      26833      4809       3993.65    3286.97
Global   50       12389        247          0.0        0          272      85337      4643       4454.22    3021.23

Total Statistics
Type     Time(s)  Ops          TPS(ops/s)   Net(M/s)   Get_miss   Min(us)  Max(us)    Avg(us)    Std_dev    Geo_dist  
Period   1        24253        24253        3.4        0          272      55828      4560       3885.19    3045.42
Global   50       1233206      24664        3.3        0          149      101774     4486       4403.45    2872.77

[1;1H[2J
Get Statistics
Type     Time(s)  Ops          TPS(ops/s)   Net(M/s)   Get_miss   Min(us)  Max(us)    Avg(us)    Std_dev    Geo_dist  
Period   1        24690        24690        3.4        0          229      51778      4413       4631.81    2750.70
Global   51       1245506      24421        3.4        0          149      101774     4483       4407.56    2868.88

Set Statistics
Type     Time(s)  Ops          TPS(ops/s)   Net(M/s)   Get_miss   Min(us)  Max(us)    Avg(us)    Std_dev    Geo_dist  
Period   1        249          249          0.0        0          444      22359      4450       4085.84    2902.87
Global   51       12638        247          0.0        0          272      85337      4639       4447.40    3018.85

Total Statistics
Type     Time(s)  Ops          TPS(ops/s)   Net(M/s)   Get_miss   Min(us)  Max(us)    Avg(us)    Std_dev    Geo_dist  
Period   1        24938        24938        3.4        0          229      51778      4413       4627.13    2753.06
Global   51       1258144      24669        3.4        0          149      101774     4485       4407.55    2870.34

[1;1H[2J
Get Statistics
Type     Time(s)  Ops          TPS(ops/s)   Net(M/s)   Get_miss   Min(us)  Max(us)    Avg(us)    Std_dev    Geo_dist  
Period   1        25124        25124        3.4        0          238      107683     4343       4711.13    2721.88
Global   52       1270630      24435        3.5        0          149      107683     4480       4414.04    2865.89

Set Statistics
Type     Time(s)  Ops          TPS(ops/s)   Net(M/s)   Get_miss   Min(us)  Max(us)    Avg(us)    Std_dev    Geo_dist  
Period   1        256          256          0.0        0          508      22611      4588       4175.15    2895.65
Global   52       12894        247          0.0        0          272      85337      4638       4441.99    3016.36

Total Statistics
Type     Time(s)  Ops          TPS(ops/s)   Net(M/s)   Get_miss   Min(us)  Max(us)    Avg(us)    Std_dev    Geo_dist  
Period   1        25384        25384        3.4        0          238      107683     4345       4705.79    2723.19
Global   52       1283528      24683        3.5        0          149      107683     4482       4413.92    2867.36

[1;1H[2J
Get Statistics
Type     Time(s)  Ops          TPS(ops/s)   Net(M/s)   Get_miss   Min(us)  Max(us)    Avg(us)    Std_dev    Geo_dist  
Period   1        24626        24626        3.4        0          285      41575      4469       4193.66    2861.30
Global   53       1295256      24438        3.4        0          149      107683     4480       4409.74    2865.81

Set Statistics
Type     Time(s)  Ops          TPS(ops/s)   Net(M/s)   Get_miss   Min(us)  Max(us)    Avg(us)    Std_dev    Geo_dist  
Period   1        248          248          0.0        0          286      20301      4584       3901.81    3049.97
Global   53       13142        247          0.0        0          272      85337      4637       4432.26    3016.99

Total Statistics
Type     Time(s)  Ops          TPS(ops/s)   Net(M/s)   Get_miss   Min(us)  Max(us)    Avg(us)    Std_dev    Geo_dist  
Period   1        24872        24872        3.4        0          285      41575      4471       4190.68    2862.96
Global   53       1308400      24686        3.4        0          149      107683     4482       4409.57    2867.29

[1;1H[2J
Get Statistics
Type     Time(s)  Ops          TPS(ops/s)   Net(M/s)   Get_miss   Min(us)  Max(us)    Avg(us)    Std_dev    Geo_dist  
Period   1        24394        24394        3.4        0          186      60483      4501       4403.01    2839.17
Global   54       1319650      24437        3.4        0          149      107683     4481       4409.00    2865.33

Set Statistics
Type     Time(s)  Ops          TPS(ops/s)   Net(M/s)   Get_miss   Min(us)  Max(us)    Avg(us)    Std_dev    Geo_dist  
Period   1        241          241          0.0        0          399      27395      5301       4729.64    3380.90
Global   54       13383        247          0.0        0          272      85337      4649       4438.44    3023.18

Total Statistics
Type     Time(s)  Ops          TPS(ops/s)   Net(M/s)   Get_miss   Min(us)  Max(us)    Avg(us)    Std_dev    Geo_dist  
Period   1        24635        24635        3.4        0          186      60483      4509       4407.10    2845.08
Global   54       1333035      24685        3.4        0          149      107683     4482       4410.03    2866.88

[1;1H[2J
Get Statistics
Type     Time(s)  Ops          TPS(ops/s)   Net(M/s)   Get_miss   Min(us)  Max(us)    Avg(us)    Std_dev    Geo_dist  
Period   1        24391        24391        3.4        0          273      45248      4555       4016.31    3046.66
Global   55       1344041      24437        3.3        0          149      107683     4482       4402.55    2868.54

Set Statistics
Type     Time(s)  Ops          TPS(ops/s)   Net(M/s)   Get_miss   Min(us)  Max(us)    Avg(us)    Std_dev    Geo_dist  
Period   1        247          247          0.0        0          332      35975      4825       4406.28    3259.17
Global   55       13630        247          0.0        0          272      85337      4652       4437.96    3027.30

Total Statistics
Type     Time(s)  Ops          TPS(ops/s)   Net(M/s)   Get_miss   Min(us)  Max(us)    Avg(us)    Std_dev    Geo_dist  
Period   1        24636        24636        3.4        0          273      45248      4558       4020.13    3049.60
Global   55       1357671      24684        3.4        0          149      107683     4484       4402.64    2870.09

[1;1H[2J
Get Statistics
Type     Time(s)  Ops          TPS(ops/s)   Net(M/s)   Get_miss   Min(us)  Max(us)    Avg(us)    Std_dev    Geo_dist  
Period   1        24226        24226        3.4        0          251      85684      4531       4561.02    2811.56
Global   56       1368267      24433        3.3        0          149      107683     4483       4405.27    2867.52

Set Statistics
Type     Time(s)  Ops          TPS(ops/s)   Net(M/s)   Get_miss   Min(us)  Max(us)    Avg(us)    Std_dev    Geo_dist  
Period   1        247          247          0.0        0          538      31718      4933       4755.85    3103.30
Global   56       13877        247          0.0        0          272      85337      4657       4443.79    3028.64

Total Statistics
Type     Time(s)  Ops          TPS(ops/s)   Net(M/s)   Get_miss   Min(us)  Max(us)    Avg(us)    Std_dev    Geo_dist  
Period   1        24477        24477        3.4        0          251      85684      4534       4564.28    2806.17
Global   56       1382148      24681        3.4        0          149      107683     4485       4405.44    2869.11

[1;1H[2J
Get Statistics
Type     Time(s)  Ops          TPS(ops/s)   Net(M/s)   Get_miss   Min(us)  Max(us)    Avg(us)    Std_dev    Geo_dist  
Period   1        24220        24220        3.4        0          238      57152      4543       4252.16    2849.83
Global   57       1392487      24429        3.3        0          149      107683     4484       4402.72    2867.27

Set Statistics
Type     Time(s)  Ops          TPS(ops/s)   Net(M/s)   Get_miss   Min(us)  Max(us)    Avg(us)    Std_dev    Geo_dist  
Period   1        245          245          0.0        0          517      24561      4283       4088.93    2680.27
Global   57       14122        247          0.0        0          272      85337      4650       4438.55    3022.22

Total Statistics
Type     Time(s)  Ops          TPS(ops/s)   Net(M/s)   Get_miss   Min(us)  Max(us)    Avg(us)    Std_dev    Geo_dist  
Period   1        24462        24462        3.4        0          238      57152      4541       4250.40    2850.84
Global   57       1406610      24677        3.4        0          149      107683     4486       4402.77    2868.79

[1;1H[2J
Get Statistics
Type     Time(s)  Ops          TPS(ops/s)   Net(M/s)   Get_miss   Min(us)  Max(us)    Avg(us)    Std_dev    Geo_dist  
Period   1        23568        23568        3.4        0          241      55207      4574       4138.81    2974.65
Global   58       1416055      24414        3.2        0          149      107683     4485       4398.98    2869.04

Set Statistics
Type     Time(s)  Ops          TPS(ops/s)   Net(M/s)   Get_miss   Min(us)  Max(us)    Avg(us)    Std_dev    Geo_dist  
Period   1        238          238          0.0        0          456      43467      5431       4963.79    3659.21
Global   58       14360        247          0.0        0          272      85337      4663       4448.62    3031.82

Total Statistics
Type     Time(s)  Ops          TPS(ops/s)   Net(M/s)   Get_miss   Min(us)  Max(us)    Avg(us)    Std_dev    Geo_dist  
Period   1        23805        23805        3.4        0          241      55207      4582       4149.23    2980.72
Global   58       1430415      24662        3.3        0          149      107683     4487       4399.30    2870.63

[1;1H[2J
Get Statistics
Type     Time(s)  Ops          TPS(ops/s)   Net(M/s)   Get_miss   Min(us)  Max(us)    Avg(us)    Std_dev    Geo_dist  
Period   1        24554        24554        3.4        0          285      41293      4446       3983.01    2880.41
Global   59       1440609      24417        3.4        0          149      107683     4485       4391.54    2869.24

Set Statistics
Type     Time(s)  Ops          TPS(ops/s)   Net(M/s)   Get_miss   Min(us)  Max(us)    Avg(us)    Std_dev    Geo_dist  
Period   1        254          254          0.0        0          405      40180      4995       4496.13    3214.51
Global   59       14614        247          0.0        0          272      85337      4669       4449.27    3034.90

Total Statistics
Type     Time(s)  Ops          TPS(ops/s)   Net(M/s)   Get_miss   Min(us)  Max(us)    Avg(us)    Std_dev    Geo_dist  
Period   1        24810        24810        3.4        0          285      41293      4452       3989.01    2883.92
Global   59       1455225      24664        3.4        0          149      107683     4487       4392.02    2870.86

[1;1H[2J
Get Statistics
Type     Time(s)  Ops          TPS(ops/s)   Net(M/s)   Get_miss   Min(us)  Max(us)    Avg(us)    Std_dev    Geo_dist  
Period   1        23477        23477        3.4        0          219      79097      4693       5708.76    2833.10
Global   60       1464086      24401        3.2        0          149      107683     4488       4416.19    2868.67

Set Statistics
Type     Time(s)  Ops          TPS(ops/s)   Net(M/s)   Get_miss   Min(us)  Max(us)    Avg(us)    Std_dev    Geo_dist  
Period   1        232          232          0.0        0          443      21934      4876       3899.86    3218.60
Global   60       14846        247          0.0        0          272      85337      4672       4441.41    3037.69

Total Statistics
Type     Time(s)  Ops          TPS(ops/s)   Net(M/s)   Get_miss   Min(us)  Max(us)    Avg(us)    Std_dev    Geo_dist  
Period   1        23708        23708        3.4        0          219      79097      4693       5693.86    2834.11
Global   60       1478933      24648        3.3        0          149      107683     4490       4416.32    2870.32

Get Statistics (1464197 events)
   Min:       149
   Max:    107683
   Avg:      4489
   Geo:   2868.96
   Std:   4416.59
   Log2 Dist:
       8:       95    16137   250292   385114
      12:   206595   367520   216620    18547
      16:     3062      215

Set Statistics (14847 events)
   Min:       272
   Max:     85337
   Avg:      4673
   Geo:   3037.95
   Std:   4440.88
   Log2 Dist:
       8:        0      128     2200     3946
      12:     2212     3648     2466      213
      16:       33        1

Total Statistics (1479044 events)
   Min:       149
   Max:    107683
   Avg:      4490
   Geo:   2870.61
   Std:   4417.73
   Log2 Dist:
       8:       95    16265   252492   389060
      12:   208807   371168   219086    18760
      16:     3095      216

cmd_get: 1464308
cmd_set: 14847
get_misses: 0
written_bytes: 34587854
read_bytes: 241711281
object_bytes: 2137968

Run time: 60.5s Ops: 1479155 TPS: 24444 Net_rate: 4.4M/s
