servers : 10.0.0.7:9000
threads count: 57
concurrency: 57
run time: 60s
windows size: 10k
set proportion: set_prop=0.01
get proportion: get_prop=0.99
[1;1H[2J
Get Statistics
Type     Time(s)  Ops          TPS(ops/s)   Net(M/s)   Get_miss   Min(us)  Max(us)    Avg(us)    Std_dev    Geo_dist  
Period   1        20752        20752        2.8        0          255      20517      2723       2805.26    1708.56
Global   1        20752        20752        2.8        0          255      20517      2723       2805.26    1708.56

Set Statistics
Type     Time(s)  Ops          TPS(ops/s)   Net(M/s)   Get_miss   Min(us)  Max(us)    Avg(us)    Std_dev    Geo_dist  
Period   1        233          233          0.0        0          482      11291      2303       2236.06    1636.57
Global   1        233          233          0.0        0          482      11291      2303       2236.06    1636.57

Total Statistics
Type     Time(s)  Ops          TPS(ops/s)   Net(M/s)   Get_miss   Min(us)  Max(us)    Avg(us)    Std_dev    Geo_dist  
Period   1        20985        20985        2.9        0          255      20517      2718       2800.21    1707.74
Global   1        20985        20985        2.9        0          255      20517      2718       2800.21    1707.74

[1;1H[2J
Get Statistics
Type     Time(s)  Ops          TPS(ops/s)   Net(M/s)   Get_miss   Min(us)  Max(us)    Avg(us)    Std_dev    Geo_dist  
Period   1        20524        20524        2.8        0          191      31256      2745       3051.68    1687.39
Global   2        41276        20638        2.8        0          191      31256      2734       2930.31    1698.00

Set Statistics
Type     Time(s)  Ops          TPS(ops/s)   Net(M/s)   Get_miss   Min(us)  Max(us)    Avg(us)    Std_dev    Geo_dist  
Period   1        212          212          0.0        0          241      16805      2895       2973.51    1813.49
Global   2        445          222          0.0        0          241      16805      2585       2627.21    1718.59

Total Statistics
Type     Time(s)  Ops          TPS(ops/s)   Net(M/s)   Get_miss   Min(us)  Max(us)    Avg(us)    Std_dev    Geo_dist  
Period   1        20738        20738        2.9        0          191      31256      2747       3050.19    1688.55
Global   2        41723        20861        2.8        0          191      31256      2732       2927.52    1698.18

[1;1H[2J
Get Statistics
Type     Time(s)  Ops          TPS(ops/s)   Net(M/s)   Get_miss   Min(us)  Max(us)    Avg(us)    Std_dev    Geo_dist  
Period   1        21301        21301        2.9        0          212      21713      2634       2728.11    1671.60
Global   3        62577        20859        2.9        0          191      31256      2700       2863.42    1689.15

Set Statistics
Type     Time(s)  Ops          TPS(ops/s)   Net(M/s)   Get_miss   Min(us)  Max(us)    Avg(us)    Std_dev    Geo_dist  
Period   1        216          216          0.0        0          375      11428      2764       2824.32    1729.46
Global   3        661          220          0.0        0          241      16805      2644       2691.87    1722.13

Total Statistics
Type     Time(s)  Ops          TPS(ops/s)   Net(M/s)   Get_miss   Min(us)  Max(us)    Avg(us)    Std_dev    Geo_dist  
Period   1        21517        21517        2.9        0          212      21713      2636       2729.15    1673.00
Global   3        63240        21080        3.0        0          191      31256      2699       2862.23    1689.57

[1;1H[2J
Get Statistics
Type     Time(s)  Ops          TPS(ops/s)   Net(M/s)   Get_miss   Min(us)  Max(us)    Avg(us)    Std_dev    Geo_dist  
Period   1        20155        20155        2.8        0          241      17914      2807       2963.88    1705.21
Global   4        82732        20683        2.8        0          191      31256      2726       2888.82    1693.41

Set Statistics
Type     Time(s)  Ops          TPS(ops/s)   Net(M/s)   Get_miss   Min(us)  Max(us)    Avg(us)    Std_dev    Geo_dist  
Period   1        202          202          0.0        0          422      10671      3023       3025.60    1851.00
Global   4        863          215          0.0        0          241      16805      2733       2776.13    1751.47

Total Statistics
Type     Time(s)  Ops          TPS(ops/s)   Net(M/s)   Get_miss   Min(us)  Max(us)    Avg(us)    Std_dev    Geo_dist  
Period   1        20355        20355        2.9        0          241      17914      2810       2963.96    1707.85
Global   4        83595        20898        2.8        0          191      31256      2726       2887.73    1694.00

[1;1H[2J
Get Statistics
Type     Time(s)  Ops          TPS(ops/s)   Net(M/s)   Get_miss   Min(us)  Max(us)    Avg(us)    Std_dev    Geo_dist  
Period   1        21271        21271        2.9        0          225      17557      2644       2657.06    1752.73
Global   5        104003       20800        2.9        0          191      31256      2709       2843.35    1705.38

Set Statistics
Type     Time(s)  Ops          TPS(ops/s)   Net(M/s)   Get_miss   Min(us)  Max(us)    Avg(us)    Std_dev    Geo_dist  
Period   1        214          214          0.0        0          369      11136      2924       2801.64    1885.06
Global   5        1077         215          0.0        0          241      16805      2771       2780.91    1777.24

Total Statistics
Type     Time(s)  Ops          TPS(ops/s)   Net(M/s)   Get_miss   Min(us)  Max(us)    Avg(us)    Std_dev    Geo_dist  
Period   1        21487        21487        2.9        0          225      17557      2647       2658.98    1754.22
Global   5        105082       21016        3.0        0          191      31256      2710       2842.47    1706.14

[1;1H[2J
Get Statistics
Type     Time(s)  Ops          TPS(ops/s)   Net(M/s)   Get_miss   Min(us)  Max(us)    Avg(us)    Std_dev    Geo_dist  
Period   1        21509        21509        2.9        0          240      27087      2634       2751.88    1690.22
Global   6        125512       20918        3.0        0          191      31256      2696       2828.22    1702.89

Set Statistics
Type     Time(s)  Ops          TPS(ops/s)   Net(M/s)   Get_miss   Min(us)  Max(us)    Avg(us)    Std_dev    Geo_dist  
Period   1        219          219          0.0        0          308      16166      2906       2960.64    1854.08
Global   6        1296         216          0.0        0          241      16805      2793       2812.17    1789.99

Total Statistics
Type     Time(s)  Ops          TPS(ops/s)   Net(M/s)   Get_miss   Min(us)  Max(us)    Avg(us)    Std_dev    Geo_dist  
Period   1        21726        21726        2.9        0          240      27087      2637       2753.72    1692.27
Global   6        126808       21134        3.0        0          191      31256      2697       2828.06    1703.76

[1;1H[2J
Get Statistics
Type     Time(s)  Ops          TPS(ops/s)   Net(M/s)   Get_miss   Min(us)  Max(us)    Avg(us)    Std_dev    Geo_dist  
Period   1        21569        21569        2.9        0          196      22232      2605       2730.26    1671.58
Global   7        147081       21011        3.0        0          191      31256      2683       2813.92    1698.26

Set Statistics
Type     Time(s)  Ops          TPS(ops/s)   Net(M/s)   Get_miss   Min(us)  Max(us)    Avg(us)    Std_dev    Geo_dist  
Period   1        215          215          0.0        0          328      11715      2920       2991.89    1815.87
Global   7        1511         215          0.0        0          241      16805      2811       2837.83    1793.65

Total Statistics
Type     Time(s)  Ops          TPS(ops/s)   Net(M/s)   Get_miss   Min(us)  Max(us)    Avg(us)    Std_dev    Geo_dist  
Period   1        21784        21784        2.9        0          196      22232      2608       2733.17    1672.94
Global   7        148592       21227        3.0        0          191      31256      2684       2814.47    1699.21

[1;1H[2J
Get Statistics
Type     Time(s)  Ops          TPS(ops/s)   Net(M/s)   Get_miss   Min(us)  Max(us)    Avg(us)    Std_dev    Geo_dist  
Period   1        21474        21474        2.9        0          218      15759      2597       2608.26    1697.75
Global   8        168555       21069        2.9        0          191      31256      2672       2788.74    1698.20

Set Statistics
Type     Time(s)  Ops          TPS(ops/s)   Net(M/s)   Get_miss   Min(us)  Max(us)    Avg(us)    Std_dev    Geo_dist  
Period   1        222          222          0.0        0          370      10914      2353       2329.51    1628.03
Global   8        1733         216          0.0        0          241      16805      2753       2780.86    1771.53

Total Statistics
Type     Time(s)  Ops          TPS(ops/s)   Net(M/s)   Get_miss   Min(us)  Max(us)    Avg(us)    Std_dev    Geo_dist  
Period   1        21702        21702        2.9        0          218      15759      2596       2605.31    1697.61
Global   8        170294       21286        3.0        0          191      31256      2673       2788.63    1699.00

[1;1H[2J
Get Statistics
Type     Time(s)  Ops          TPS(ops/s)   Net(M/s)   Get_miss   Min(us)  Max(us)    Avg(us)    Std_dev    Geo_dist  
Period   1        21156        21156        2.9        0          204      20305      2651       2781.67    1696.85
Global   9        189711       21079        2.9        0          191      31256      2670       2787.66    1698.12

Set Statistics
Type     Time(s)  Ops          TPS(ops/s)   Net(M/s)   Get_miss   Min(us)  Max(us)    Avg(us)    Std_dev    Geo_dist  
Period   1        217          217          0.0        0          412      12452      2754       2916.58    1767.35
Global   9        1950         216          0.0        0          241      16805      2753       2795.63    1771.06

Total Statistics
Type     Time(s)  Ops          TPS(ops/s)   Net(M/s)   Get_miss   Min(us)  Max(us)    Avg(us)    Std_dev    Geo_dist  
Period   1        21367        21367        2.9        0          204      20305      2651       2783.28    1697.64
Global   9        191661       21295        2.9        0          191      31256      2671       2787.60    1698.85

[1;1H[2J
Get Statistics
Type     Time(s)  Ops          TPS(ops/s)   Net(M/s)   Get_miss   Min(us)  Max(us)    Avg(us)    Std_dev    Geo_dist  
Period   1        21941        21941        2.9        0          208      26747      2569       2637.62    1695.74
Global   10       211652       21165        3.0        0          191      31256      2659       2773.16    1697.88

Set Statistics
Type     Time(s)  Ops          TPS(ops/s)   Net(M/s)   Get_miss   Min(us)  Max(us)    Avg(us)    Std_dev    Geo_dist  
Period   1        217          217          0.0        0          380      11189      2813       2682.71    1867.30
Global   10       2167         216          0.0        0          241      16805      2759       2783.99    1780.47

Total Statistics
Type     Time(s)  Ops          TPS(ops/s)   Net(M/s)   Get_miss   Min(us)  Max(us)    Avg(us)    Std_dev    Geo_dist  
Period   1        22159        22159        2.9        0          208      26747      2572       2637.74    1697.44
Global   10       213820       21382        3.0        0          191      31256      2660       2773.31    1698.70

[1;1H[2J
Get Statistics
Type     Time(s)  Ops          TPS(ops/s)   Net(M/s)   Get_miss   Min(us)  Max(us)    Avg(us)    Std_dev    Geo_dist  
Period   1        21918        21918        2.9        0          181      21917      2583       2590.53    1684.32
Global   11       233570       21233        3.0        0          181      31256      2652       2756.52    1696.66

Set Statistics
Type     Time(s)  Ops          TPS(ops/s)   Net(M/s)   Get_miss   Min(us)  Max(us)    Avg(us)    Std_dev    Geo_dist  
Period   1        221          221          0.0        0          346      13143      2637       2669.70    1676.55
Global   11       2388         217          0.0        0          241      16805      2748       2773.01    1770.59

Total Statistics
Type     Time(s)  Ops          TPS(ops/s)   Net(M/s)   Get_miss   Min(us)  Max(us)    Avg(us)    Std_dev    Geo_dist  
Period   1        22140        22140        2.9        0          181      21917      2583       2592.01    1684.34
Global   11       235960       21450        3.0        0          181      31256      2653       2756.71    1697.41

[1;1H[2J
Get Statistics
Type     Time(s)  Ops          TPS(ops/s)   Net(M/s)   Get_miss   Min(us)  Max(us)    Avg(us)    Std_dev    Geo_dist  
Period   1        20208        20208        2.9        0          213      30274      2811       3106.58    1745.06
Global   12       253778       21148        2.8        0          181      31256      2665       2786.04    1700.53

Set Statistics
Type     Time(s)  Ops          TPS(ops/s)   Net(M/s)   Get_miss   Min(us)  Max(us)    Avg(us)    Std_dev    Geo_dist  
Period   1        200          200          0.0        0          315      21619      2793       3201.74    1744.44
Global   12       2588         215          0.0        0          241      21619      2751       2808.28    1768.56

Total Statistics
Type     Time(s)  Ops          TPS(ops/s)   Net(M/s)   Get_miss   Min(us)  Max(us)    Avg(us)    Std_dev    Geo_dist  
Period   1        20406        20406        2.9        0          213      30274      2811       3107.27    1745.59
Global   12       256366       21363        2.8        0          181      31256      2666       2786.14    1701.20

[1;1H[2J
Get Statistics
Type     Time(s)  Ops          TPS(ops/s)   Net(M/s)   Get_miss   Min(us)  Max(us)    Avg(us)    Std_dev    Geo_dist  
Period   1        21980        21980        2.9        0          237      26193      2539       2599.71    1647.22
Global   13       275758       21212        3.0        0          181      31256      2655       2771.81    1696.22

Set Statistics
Type     Time(s)  Ops          TPS(ops/s)   Net(M/s)   Get_miss   Min(us)  Max(us)    Avg(us)    Std_dev    Geo_dist  
Period   1        218          218          0.0        0          355      12078      2425       2590.53    1521.51
Global   13       2806         215          0.0        0          241      21619      2726       2792.58    1748.00

Total Statistics
Type     Time(s)  Ops          TPS(ops/s)   Net(M/s)   Get_miss   Min(us)  Max(us)    Avg(us)    Std_dev    Geo_dist  
Period   1        22199        22199        2.9        0          237      26193      2538       2599.69    1646.04
Global   13       278565       21428        3.0        0          181      31256      2656       2771.77    1696.74

[1;1H[2J
Get Statistics
Type     Time(s)  Ops          TPS(ops/s)   Net(M/s)   Get_miss   Min(us)  Max(us)    Avg(us)    Std_dev    Geo_dist  
Period   1        20699        20699        2.9        0          254      24742      2738       2768.24    1761.17
Global   14       296457       21175        2.8        0          181      31256      2661       2771.46    1700.72

Set Statistics
Type     Time(s)  Ops          TPS(ops/s)   Net(M/s)   Get_miss   Min(us)  Max(us)    Avg(us)    Std_dev    Geo_dist  
Period   1        218          218          0.0        0          355      24474      2982       3142.58    1886.91
Global   14       3024         216          0.0        0          241      24474      2744       2819.91    1757.67

Total Statistics
Type     Time(s)  Ops          TPS(ops/s)   Net(M/s)   Get_miss   Min(us)  Max(us)    Avg(us)    Std_dev    Geo_dist  
Period   1        20917        20917        2.9        0          254      24742      2741       2772.04    1762.45
Global   14       299482       21391        2.9        0          181      31256      2662       2771.83    1701.30

[1;1H[2J
Get Statistics
Type     Time(s)  Ops          TPS(ops/s)   Net(M/s)   Get_miss   Min(us)  Max(us)    Avg(us)    Std_dev    Geo_dist  
Period   1        20230        20230        2.9        0          188      28904      2777       2840.08    1776.83
Global   15       316687       21112        2.8        0          181      31256      2668       2776.46    1705.53

Set Statistics
Type     Time(s)  Ops          TPS(ops/s)   Net(M/s)   Get_miss   Min(us)  Max(us)    Avg(us)    Std_dev    Geo_dist  
Period   1        207          207          0.0        0          190      16660      2940       2852.92    1945.28
Global   15       3231         215          0.0        0          190      24474      2757       2821.57    1769.12

Total Statistics
Type     Time(s)  Ops          TPS(ops/s)   Net(M/s)   Get_miss   Min(us)  Max(us)    Avg(us)    Std_dev    Geo_dist  
Period   1        20437        20437        2.9        0          188      28904      2779       2840.21    1779.23
Global   15       319919       21327        2.8        0          181      31256      2669       2776.85    1706.17

[1;1H[2J
Get Statistics
Type     Time(s)  Ops          TPS(ops/s)   Net(M/s)   Get_miss   Min(us)  Max(us)    Avg(us)    Std_dev    Geo_dist  
Period   1        20840        20840        2.9        0          209      25292      2710       2789.40    1741.76
Global   16       337527       21095        2.9        0          181      31256      2671       2776.91    1707.79

Set Statistics
Type     Time(s)  Ops          TPS(ops/s)   Net(M/s)   Get_miss   Min(us)  Max(us)    Avg(us)    Std_dev    Geo_dist  
Period   1        208          208          0.0        0          373      9668       2573       2495.79    1712.70
Global   16       3439         214          0.0        0          190      24474      2746       2802.83    1765.66

Total Statistics
Type     Time(s)  Ops          TPS(ops/s)   Net(M/s)   Get_miss   Min(us)  Max(us)    Avg(us)    Std_dev    Geo_dist  
Period   1        21047        21047        2.9        0          209      25292      2708       2786.29    1739.91
Global   16       340966       21310        2.9        0          181      31256      2672       2776.94    1708.37

[1;1H[2J
Get Statistics
Type     Time(s)  Ops          TPS(ops/s)   Net(M/s)   Get_miss   Min(us)  Max(us)    Avg(us)    Std_dev    Geo_dist  
Period   1        20455        20455        2.9        0          152      22706      2756       2992.26    1707.17
Global   17       357982       21057        2.8        0          152      31256      2676       2789.59    1707.76

Set Statistics
Type     Time(s)  Ops          TPS(ops/s)   Net(M/s)   Get_miss   Min(us)  Max(us)    Avg(us)    Std_dev    Geo_dist  
Period   1        207          207          0.0        0          300      16571      2799       3165.52    1719.94
Global   17       3646         214          0.0        0          190      24474      2749       2824.22    1763.03

Total Statistics
Type     Time(s)  Ops          TPS(ops/s)   Net(M/s)   Get_miss   Min(us)  Max(us)    Avg(us)    Std_dev    Geo_dist  
Period   1        20662        20662        2.9        0          152      22706      2756       2994.36    1707.29
Global   17       361628       21272        2.8        0          152      31256      2676       2790.65    1708.31

[1;1H[2J
Get Statistics
Type     Time(s)  Ops          TPS(ops/s)   Net(M/s)   Get_miss   Min(us)  Max(us)    Avg(us)    Std_dev    Geo_dist  
Period   1        20896        20896        2.9        0          264      34905      2694       3094.90    1702.31
Global   18       378878       21048        2.9        0          152      34905      2677       2807.28    1707.46

Set Statistics
Type     Time(s)  Ops          TPS(ops/s)   Net(M/s)   Get_miss   Min(us)  Max(us)    Avg(us)    Std_dev    Geo_dist  
Period   1        207          207          0.0        0          350      10925      2646       2525.28    1798.74
Global   18       3853         214          0.0        0          190      24474      2743       2809.23    1764.93

Total Statistics
Type     Time(s)  Ops          TPS(ops/s)   Net(M/s)   Get_miss   Min(us)  Max(us)    Avg(us)    Std_dev    Geo_dist  
Period   1        21105        21105        2.9        0          264      34905      2694       3089.72    1703.44
Global   18       382733       21262        2.9        0          152      34905      2677       2807.96    1708.04

[1;1H[2J
Get Statistics
Type     Time(s)  Ops          TPS(ops/s)   Net(M/s)   Get_miss   Min(us)  Max(us)    Avg(us)    Std_dev    Geo_dist  
Period   1        21833        21833        2.9        0          177      18833      2594       2680.84    1638.81
Global   19       400711       21090        3.0        0          152      34905      2672       2801.08    1703.68

Set Statistics
Type     Time(s)  Ops          TPS(ops/s)   Net(M/s)   Get_miss   Min(us)  Max(us)    Avg(us)    Std_dev    Geo_dist  
Period   1        221          221          0.0        0          288      10987      2865       2874.23    1752.98
Global   19       4074         214          0.0        0          190      24474      2750       2812.19    1764.28

Total Statistics
Type     Time(s)  Ops          TPS(ops/s)   Net(M/s)   Get_miss   Min(us)  Max(us)    Avg(us)    Std_dev    Geo_dist  
Period   1        22055        22055        2.9        0          177      18833      2597       2682.23    1640.27
Global   19       404788       21304        3.0        0          152      34905      2673       2800.97    1704.27

[1;1H[2J
Get Statistics
Type     Time(s)  Ops          TPS(ops/s)   Net(M/s)   Get_miss   Min(us)  Max(us)    Avg(us)    Std_dev    Geo_dist  
Period   1        19813        19813        2.9        0          183      32693      2851       3342.78    1745.34
Global   20       420524       21026        2.7        0          152      34905      2681       2828.64    1705.59

Set Statistics
Type     Time(s)  Ops          TPS(ops/s)   Net(M/s)   Get_miss   Min(us)  Max(us)    Avg(us)    Std_dev    Geo_dist  
Period   1        207          207          0.0        0          321      32516      2993       3611.68    1838.43
Global   20       4281         214          0.0        0          190      32516      2762       2855.71    1767.80

Total Statistics
Type     Time(s)  Ops          TPS(ops/s)   Net(M/s)   Get_miss   Min(us)  Max(us)    Avg(us)    Std_dev    Geo_dist  
Period   1        20019        20019        2.9        0          183      32693      2853       3345.28    1745.71
Global   20       424807       21240        2.7        0          152      34905      2681       2829.68    1706.20

[1;1H[2J
Get Statistics
Type     Time(s)  Ops          TPS(ops/s)   Net(M/s)   Get_miss   Min(us)  Max(us)    Avg(us)    Std_dev    Geo_dist  
Period   1        20937        20937        2.9        0          184      21918      2688       2943.46    1692.22
Global   21       441461       21021        2.9        0          152      34905      2681       2834.50    1705.01

Set Statistics
Type     Time(s)  Ops          TPS(ops/s)   Net(M/s)   Get_miss   Min(us)  Max(us)    Avg(us)    Std_dev    Geo_dist  
Period   1        209          209          0.0        0          296      17883      2510       2710.88    1648.50
Global   21       4490         213          0.0        0          190      32516      2750       2849.60    1762.06

Total Statistics
Type     Time(s)  Ops          TPS(ops/s)   Net(M/s)   Get_miss   Min(us)  Max(us)    Avg(us)    Std_dev    Geo_dist  
Period   1        21146        21146        2.9        0          184      21918      2687       2940.57    1692.91
Global   21       445953       21235        2.9        0          152      34905      2682       2834.36    1705.57

[1;1H[2J
Get Statistics
Type     Time(s)  Ops          TPS(ops/s)   Net(M/s)   Get_miss   Min(us)  Max(us)    Avg(us)    Std_dev    Geo_dist  
Period   1        20446        20446        2.9        0          231      24132      2753       2983.67    1762.11
Global   22       461907       20995        2.8        0          152      34905      2684       2841.48    1707.52

Set Statistics
Type     Time(s)  Ops          TPS(ops/s)   Net(M/s)   Get_miss   Min(us)  Max(us)    Avg(us)    Std_dev    Geo_dist  
Period   1        200          200          0.0        0          225      20361      2785       3103.26    1739.37
Global   22       4690         213          0.0        0          190      32516      2751       2861.00    1761.08

Total Statistics
Type     Time(s)  Ops          TPS(ops/s)   Net(M/s)   Get_miss   Min(us)  Max(us)    Avg(us)    Std_dev    Geo_dist  
Period   1        20644        20644        2.9        0          225      24132      2754       2984.40    1762.56
Global   22       466597       21208        2.8        0          152      34905      2685       2841.38    1708.05

[1;1H[2J
Get Statistics
Type     Time(s)  Ops          TPS(ops/s)   Net(M/s)   Get_miss   Min(us)  Max(us)    Avg(us)    Std_dev    Geo_dist  
Period   1        20472        20472        2.9        0          203      17666      2777       2859.05    1769.73
Global   23       482379       20973        2.8        0          152      34905      2688       2842.24    1710.12

Set Statistics
Type     Time(s)  Ops          TPS(ops/s)   Net(M/s)   Get_miss   Min(us)  Max(us)    Avg(us)    Std_dev    Geo_dist  
Period   1        216          216          0.0        0          364      11709      2656       2582.56    1759.19
Global   23       4906         213          0.0        0          190      32516      2747       2848.97    1761.00

Total Statistics
Type     Time(s)  Ops          TPS(ops/s)   Net(M/s)   Get_miss   Min(us)  Max(us)    Avg(us)    Std_dev    Geo_dist  
Period   1        20692        20692        2.9        0          203      17666      2776       2856.45    1770.00
Global   23       487289       21186        2.8        0          152      34905      2689       2841.95    1710.64

[1;1H[2J
Get Statistics
Type     Time(s)  Ops          TPS(ops/s)   Net(M/s)   Get_miss   Min(us)  Max(us)    Avg(us)    Std_dev    Geo_dist  
Period   1        20353        20353        2.9        0          217      18772      2793       3017.88    1685.88
Global   24       502732       20947        2.8        0          152      34905      2692       2849.91    1709.25

Set Statistics
Type     Time(s)  Ops          TPS(ops/s)   Net(M/s)   Get_miss   Min(us)  Max(us)    Avg(us)    Std_dev    Geo_dist  
Period   1        200          200          0.0        0          482      15833      2915       2967.75    1818.94
Global   24       5106         212          0.0        0          190      32516      2754       2853.19    1763.23

Total Statistics
Type     Time(s)  Ops          TPS(ops/s)   Net(M/s)   Get_miss   Min(us)  Max(us)    Avg(us)    Std_dev    Geo_dist  
Period   1        20550        20550        2.9        0          217      18772      2795       3017.17    1688.98
Global   24       507839       21159        2.8        0          152      34905      2693       2849.60    1709.79

[1;1H[2J
Get Statistics
Type     Time(s)  Ops          TPS(ops/s)   Net(M/s)   Get_miss   Min(us)  Max(us)    Avg(us)    Std_dev    Geo_dist  
Period   1        20767        20767        2.9        0          202      28227      2721       3111.57    1625.07
Global   25       523499       20939        2.9        0          152      34905      2694       2859.96    1705.85

Set Statistics
Type     Time(s)  Ops          TPS(ops/s)   Net(M/s)   Get_miss   Min(us)  Max(us)    Avg(us)    Std_dev    Geo_dist  
Period   1        211          211          0.0        0          301      18256      2523       2876.23    1517.67
Global   25       5317         212          0.0        0          190      32516      2745       2854.03    1752.77

Total Statistics
Type     Time(s)  Ops          TPS(ops/s)   Net(M/s)   Get_miss   Min(us)  Max(us)    Avg(us)    Std_dev    Geo_dist  
Period   1        20978        20978        2.9        0          202      28227      2719       3109.67    1624.64
Global   25       528817       21152        2.9        0          152      34905      2694       2860.40    1706.32

[1;1H[2J
Get Statistics
Type     Time(s)  Ops          TPS(ops/s)   Net(M/s)   Get_miss   Min(us)  Max(us)    Avg(us)    Std_dev    Geo_dist  
Period   1        20705        20705        2.9        0          228      25428      2732       3032.53    1672.90
Global   26       544204       20930        2.8        0          152      34905      2695       2867.16    1704.62

Set Statistics
Type     Time(s)  Ops          TPS(ops/s)   Net(M/s)   Get_miss   Min(us)  Max(us)    Avg(us)    Std_dev    Geo_dist  
Period   1        206          206          0.0        0          351      12323      2584       2770.92    1600.65
Global   26       5523         212          0.0        0          190      32516      2739       2850.89    1746.85

Total Statistics
Type     Time(s)  Ops          TPS(ops/s)   Net(M/s)   Get_miss   Min(us)  Max(us)    Avg(us)    Std_dev    Geo_dist  
Period   1        20912        20912        2.9        0          228      25428      2730       3030.01    1672.05
Global   26       549729       21143        2.9        0          152      34905      2695       2867.41    1705.04

[1;1H[2J
Get Statistics
Type     Time(s)  Ops          TPS(ops/s)   Net(M/s)   Get_miss   Min(us)  Max(us)    Avg(us)    Std_dev    Geo_dist  
Period   1        19515        19515        2.9        0          245      35779      2905       3537.85    1735.85
Global   27       563719       20878        2.7        0          152      35779      2702       2893.48    1705.71

Set Statistics
Type     Time(s)  Ops          TPS(ops/s)   Net(M/s)   Get_miss   Min(us)  Max(us)    Avg(us)    Std_dev    Geo_dist  
Period   1        203          203          0.0        0          311      16451      2958       3075.86    1859.23
Global   27       5726         212          0.0        0          190      32516      2746       2859.90    1750.71

Total Statistics
Type     Time(s)  Ops          TPS(ops/s)   Net(M/s)   Get_miss   Min(us)  Max(us)    Avg(us)    Std_dev    Geo_dist  
Period   1        19718        19718        2.9        0          245      35779      2905       3533.76    1737.00
Global   27       569447       21090        2.7        0          152      35779      2703       2892.62    1706.15

[1;1H[2J
Get Statistics
Type     Time(s)  Ops          TPS(ops/s)   Net(M/s)   Get_miss   Min(us)  Max(us)    Avg(us)    Std_dev    Geo_dist  
Period   1        21264        21264        2.9        0          211      21192      2644       2813.92    1625.95
Global   28       584983       20892        2.9        0          152      35779      2700       2890.55    1702.76

Set Statistics
Type     Time(s)  Ops          TPS(ops/s)   Net(M/s)   Get_miss   Min(us)  Max(us)    Avg(us)    Std_dev    Geo_dist  
Period   1        212          212          0.0        0          316      11508      3050       3029.83    1840.81
Global   28       5938         212          0.0        0          190      32516      2757       2866.29    1753.85

Total Statistics
Type     Time(s)  Ops          TPS(ops/s)   Net(M/s)   Get_miss   Min(us)  Max(us)    Avg(us)    Std_dev    Geo_dist  
Period   1        21476        21476        2.9        0          211      21192      2648       2817.07    1628.75
Global   28       590923       21104        2.9        0          152      35779      2701       2889.92    1703.28

[1;1H[2J
Get Statistics
Type     Time(s)  Ops          TPS(ops/s)   Net(M/s)   Get_miss   Min(us)  Max(us)    Avg(us)    Std_dev    Geo_dist  
Period   1        20949        20949        2.9        0          233      17468      2685       2813.59    1675.44
Global   29       605932       20894        2.9        0          152      35779      2700       2887.45    1701.84

Set Statistics
Type     Time(s)  Ops          TPS(ops/s)   Net(M/s)   Get_miss   Min(us)  Max(us)    Avg(us)    Std_dev    Geo_dist  
Period   1        209          209          0.0        0          423      10254      2702       2817.27    1693.37
Global   29       6147         211          0.0        0          190      32516      2755       2864.55    1751.76

Total Statistics
Type     Time(s)  Ops          TPS(ops/s)   Net(M/s)   Get_miss   Min(us)  Max(us)    Avg(us)    Std_dev    Geo_dist  
Period   1        21158        21158        2.9        0          233      17468      2685       2814.21    1676.32
Global   29       612081       21106        2.9        0          152      35779      2700       2887.76    1702.34

[1;1H[2J
Get Statistics
Type     Time(s)  Ops          TPS(ops/s)   Net(M/s)   Get_miss   Min(us)  Max(us)    Avg(us)    Std_dev    Geo_dist  
Period   1        19919        19919        2.9        0          176      26018      2852       3214.71    1749.53
Global   30       625851       20861        2.7        0          152      35779      2704       2899.35    1703.36

Set Statistics
Type     Time(s)  Ops          TPS(ops/s)   Net(M/s)   Get_miss   Min(us)  Max(us)    Avg(us)    Std_dev    Geo_dist  
Period   1        205          205          0.0        0          338      24922      3019       3513.17    1803.48
Global   30       6352         211          0.0        0          190      32516      2764       2887.35    1753.41

Total Statistics
Type     Time(s)  Ops          TPS(ops/s)   Net(M/s)   Get_miss   Min(us)  Max(us)    Avg(us)    Std_dev    Geo_dist  
Period   1        20122        20122        2.9        0          176      26018      2854       3217.46    1750.60
Global   30       632203       21073        2.8        0          152      35779      2705       2898.86    1703.85

[1;1H[2J
Get Statistics
Type     Time(s)  Ops          TPS(ops/s)   Net(M/s)   Get_miss   Min(us)  Max(us)    Avg(us)    Std_dev    Geo_dist  
Period   1        19760        19760        2.9        0          212      30493      2860       3176.17    1770.13
Global   31       645611       20826        2.7        0          152      35779      2709       2908.12    1705.36

Set Statistics
Type     Time(s)  Ops          TPS(ops/s)   Net(M/s)   Get_miss   Min(us)  Max(us)    Avg(us)    Std_dev    Geo_dist  
Period   1        199          199          0.0        0          369      28397      3025       3430.80    1844.14
Global   31       6551         211          0.0        0          190      32516      2772       2905.32    1756.09

Total Statistics
Type     Time(s)  Ops          TPS(ops/s)   Net(M/s)   Get_miss   Min(us)  Max(us)    Avg(us)    Std_dev    Geo_dist  
Period   1        19960        19960        2.9        0          212      30493      2861       3179.20    1770.75
Global   31       652163       21037        2.7        0          152      35779      2710       2907.75    1705.86

[1;1H[2J
Get Statistics
Type     Time(s)  Ops          TPS(ops/s)   Net(M/s)   Get_miss   Min(us)  Max(us)    Avg(us)    Std_dev    Geo_dist  
Period   1        20196        20196        2.9        0          214      21980      2791       3049.18    1699.81
Global   32       665807       20806        2.8        0          152      35779      2712       2912.06    1705.21

Set Statistics
Type     Time(s)  Ops          TPS(ops/s)   Net(M/s)   Get_miss   Min(us)  Max(us)    Avg(us)    Std_dev    Geo_dist  
Period   1        202          202          0.0        0          365      21702      2614       3041.90    1565.83
Global   32       6753         211          0.0        0          190      32516      2767       2909.65    1750.08

Total Statistics
Type     Time(s)  Ops          TPS(ops/s)   Net(M/s)   Get_miss   Min(us)  Max(us)    Avg(us)    Std_dev    Geo_dist  
Period   1        20397        20397        2.9        0          214      21980      2789       3049.45    1698.52
Global   32       672560       21017        2.8        0          152      35779      2712       2912.55    1705.66

[1;1H[2J
Get Statistics
Type     Time(s)  Ops          TPS(ops/s)   Net(M/s)   Get_miss   Min(us)  Max(us)    Avg(us)    Std_dev    Geo_dist  
Period   1        20604        20604        2.9        0          213      22144      2738       2969.74    1648.59
Global   33       686411       20800        2.8        0          152      35779      2713       2913.60    1703.48

Set Statistics
Type     Time(s)  Ops          TPS(ops/s)   Net(M/s)   Get_miss   Min(us)  Max(us)    Avg(us)    Std_dev    Geo_dist  
Period   1        206          206          0.0        0          440      14099      2296       2664.99    1463.44
Global   33       6959         210          0.0        0          190      32516      2753       2903.68    1740.84

Total Statistics
Type     Time(s)  Ops          TPS(ops/s)   Net(M/s)   Get_miss   Min(us)  Max(us)    Avg(us)    Std_dev    Geo_dist  
Period   1        20810        20810        2.9        0          213      22144      2733       2967.72    1646.65
Global   33       693370       21011        2.9        0          152      35779      2713       2913.88    1703.85

[1;1H[2J
Get Statistics
Type     Time(s)  Ops          TPS(ops/s)   Net(M/s)   Get_miss   Min(us)  Max(us)    Avg(us)    Std_dev    Geo_dist  
Period   1        20308        20308        2.9        0          215      25201      2770       3016.75    1706.00
Global   34       706719       20785        2.8        0          152      35779      2714       2917.22    1703.56

Set Statistics
Type     Time(s)  Ops          TPS(ops/s)   Net(M/s)   Get_miss   Min(us)  Max(us)    Avg(us)    Std_dev    Geo_dist  
Period   1        206          206          0.0        0          282      20093      2880       3111.81    1760.98
Global   34       7165         210          0.0        0          190      32516      2757       2909.39    1741.41

Total Statistics
Type     Time(s)  Ops          TPS(ops/s)   Net(M/s)   Get_miss   Min(us)  Max(us)    Avg(us)    Std_dev    Geo_dist  
Period   1        20518        20518        2.9        0          215      25201      2772       3018.44    1707.06
Global   34       713888       20996        2.8        0          152      35779      2715       2916.66    1703.95

[1;1H[2J
Get Statistics
Type     Time(s)  Ops          TPS(ops/s)   Net(M/s)   Get_miss   Min(us)  Max(us)    Avg(us)    Std_dev    Geo_dist  
Period   1        20448        20448        2.9        0          220      27568      2768       3096.73    1713.22
Global   35       727167       20776        2.8        0          152      35779      2716       2922.05    1703.91

Set Statistics
Type     Time(s)  Ops          TPS(ops/s)   Net(M/s)   Get_miss   Min(us)  Max(us)    Avg(us)    Std_dev    Geo_dist  
Period   1        209          209          0.0        0          325      18540      2614       2698.35    1720.04
Global   35       7374         210          0.0        0          190      32516      2753       2903.49    1740.81

Total Statistics
Type     Time(s)  Ops          TPS(ops/s)   Net(M/s)   Get_miss   Min(us)  Max(us)    Avg(us)    Std_dev    Geo_dist  
Period   1        20655        20655        2.9        0          220      27568      2767       3093.49    1715.99
Global   35       734543       20986        2.8        0          152      35779      2716       2922.22    1704.28

[1;1H[2J
Get Statistics
Type     Time(s)  Ops          TPS(ops/s)   Net(M/s)   Get_miss   Min(us)  Max(us)    Avg(us)    Std_dev    Geo_dist  
Period   1        21044        21044        2.9        0          208      32875      2677       2983.23    1686.45
Global   36       748211       20783        2.9        0          152      35779      2715       2923.71    1703.44

Set Statistics
Type     Time(s)  Ops          TPS(ops/s)   Net(M/s)   Get_miss   Min(us)  Max(us)    Avg(us)    Std_dev    Geo_dist  
Period   1        215          215          0.0        0          435      27383      2907       3505.06    1797.07
Global   36       7589         210          0.0        0          190      32516      2757       2922.42    1742.37

Total Statistics
Type     Time(s)  Ops          TPS(ops/s)   Net(M/s)   Get_miss   Min(us)  Max(us)    Avg(us)    Std_dev    Geo_dist  
Period   1        21258        21258        2.9        0          208      32875      2680       2988.38    1688.11
Global   36       755801       20994        2.9        0          152      35779      2715       2924.10    1703.83

[1;1H[2J
Get Statistics
Type     Time(s)  Ops          TPS(ops/s)   Net(M/s)   Get_miss   Min(us)  Max(us)    Avg(us)    Std_dev    Geo_dist  
Period   1        21802        21802        2.9        0          226      17760      2584       2669.19    1635.20
Global   37       770013       20811        3.0        0          152      35779      2711       2917.17    1701.49

Set Statistics
Type     Time(s)  Ops          TPS(ops/s)   Net(M/s)   Get_miss   Min(us)  Max(us)    Avg(us)    Std_dev    Geo_dist  
Period   1        218          218          0.0        0          342      9641       2435       2478.52    1584.57
Global   37       7807         211          0.0        0          190      32516      2748       2911.30    1737.76

Total Statistics
Type     Time(s)  Ops          TPS(ops/s)   Net(M/s)   Get_miss   Min(us)  Max(us)    Avg(us)    Std_dev    Geo_dist  
Period   1        22020        22020        2.9        0          226      17760      2582       2667.60    1634.64
Global   37       777821       21022        3.0        0          152      35779      2711       2917.45    1701.85

[1;1H[2J
Get Statistics
Type     Time(s)  Ops          TPS(ops/s)   Net(M/s)   Get_miss   Min(us)  Max(us)    Avg(us)    Std_dev    Geo_dist  
Period   1        20905        20905        2.9        0          216      22099      2693       2946.18    1666.46
Global   38       790918       20813        2.9        0          152      35779      2710       2918.43    1700.57

Set Statistics
Type     Time(s)  Ops          TPS(ops/s)   Net(M/s)   Get_miss   Min(us)  Max(us)    Avg(us)    Std_dev    Geo_dist  
Period   1        210          210          0.0        0          345      22087      2936       3717.58    1691.26
Global   38       8017         210          0.0        0          190      32516      2753       2935.04    1736.53

Total Statistics
Type     Time(s)  Ops          TPS(ops/s)   Net(M/s)   Get_miss   Min(us)  Max(us)    Avg(us)    Std_dev    Geo_dist  
Period   1        21113        21113        2.9        0          216      22099      2695       2955.23    1665.98
Global   38       798934       21024        2.9        0          152      35779      2711       2918.07    1700.94

[1;1H[2J
Get Statistics
Type     Time(s)  Ops          TPS(ops/s)   Net(M/s)   Get_miss   Min(us)  Max(us)    Avg(us)    Std_dev    Geo_dist  
Period   1        21350        21350        2.9        0          208      21121      2630       2779.95    1662.17
Global   39       812268       20827        2.9        0          152      35779      2708       2914.80    1699.55

Set Statistics
Type     Time(s)  Ops          TPS(ops/s)   Net(M/s)   Get_miss   Min(us)  Max(us)    Avg(us)    Std_dev    Geo_dist  
Period   1        213          213          0.0        0          306      13790      2344       2546.63    1537.73
Global   39       8230         211          0.0        0          190      32516      2742       2926.61    1731.07

Total Statistics
Type     Time(s)  Ops          TPS(ops/s)   Net(M/s)   Get_miss   Min(us)  Max(us)    Avg(us)    Std_dev    Geo_dist  
Period   1        21566        21566        2.9        0          208      21121      2627       2778.51    1660.55
Global   39       820500       21038        3.0        0          152      35779      2709       2914.32    1699.87

[1;1H[2J
Get Statistics
Type     Time(s)  Ops          TPS(ops/s)   Net(M/s)   Get_miss   Min(us)  Max(us)    Avg(us)    Std_dev    Geo_dist  
Period   1        21584        21584        2.9        0          231      18656      2634       2775.67    1654.10
Global   40       833852       20846        3.0        0          152      35779      2706       2911.40    1698.37

Set Statistics
Type     Time(s)  Ops          TPS(ops/s)   Net(M/s)   Get_miss   Min(us)  Max(us)    Avg(us)    Std_dev    Geo_dist  
Period   1        222          222          0.0        0          279      10776      2658       2646.98    1708.93
Global   40       8452         211          0.0        0          190      32516      2740       2919.30    1730.49

Total Statistics
Type     Time(s)  Ops          TPS(ops/s)   Net(M/s)   Get_miss   Min(us)  Max(us)    Avg(us)    Std_dev    Geo_dist  
Period   1        21805        21805        2.9        0          231      18656      2634       2774.61    1655.20
Global   40       842305       21057        3.0        0          152      35779      2707       2910.87    1698.70

[1;1H[2J
Get Statistics
Type     Time(s)  Ops          TPS(ops/s)   Net(M/s)   Get_miss   Min(us)  Max(us)    Avg(us)    Std_dev    Geo_dist  
Period   1        20291        20291        2.9        0          229      41556      2805       3414.96    1694.03
Global   41       854143       20832        2.8        0          152      41556      2709       2923.81    1698.29

Set Statistics
Type     Time(s)  Ops          TPS(ops/s)   Net(M/s)   Get_miss   Min(us)  Max(us)    Avg(us)    Std_dev    Geo_dist  
Period   1        205          205          0.0        0          280      10355      2617       2705.88    1633.67
Global   41       8657         211          0.0        0          190      32516      2737       2914.42    1728.13

Total Statistics
Type     Time(s)  Ops          TPS(ops/s)   Net(M/s)   Get_miss   Min(us)  Max(us)    Avg(us)    Std_dev    Geo_dist  
Period   1        20495        20495        2.9        0          229      41556      2803       3408.54    1693.30
Global   41       862800       21043        2.8        0          152      41556      2709       2923.98    1698.58

[1;1H[2J
Get Statistics
Type     Time(s)  Ops          TPS(ops/s)   Net(M/s)   Get_miss   Min(us)  Max(us)    Avg(us)    Std_dev    Geo_dist  
Period   1        20134        20134        2.9        0          196      22323      2796       2904.88    1753.31
Global   42       874277       20816        2.8        0          152      41556      2711       2923.41    1699.54

Set Statistics
Type     Time(s)  Ops          TPS(ops/s)   Net(M/s)   Get_miss   Min(us)  Max(us)    Avg(us)    Std_dev    Geo_dist  
Period   1        205          205          0.0        0          338      13219      2732       2813.62    1750.27
Global   42       8862         211          0.0        0          190      32516      2737       2911.87    1728.64

Total Statistics
Type     Time(s)  Ops          TPS(ops/s)   Net(M/s)   Get_miss   Min(us)  Max(us)    Avg(us)    Std_dev    Geo_dist  
Period   1        20339        20339        2.9        0          196      22323      2795       2904.26    1753.28
Global   42       883139       21027        2.8        0          152      41556      2711       2923.53    1699.83

[1;1H[2J
Get Statistics
Type     Time(s)  Ops          TPS(ops/s)   Net(M/s)   Get_miss   Min(us)  Max(us)    Avg(us)    Std_dev    Geo_dist  
Period   1        21793        21793        2.9        0          188      12995      2583       2627.36    1662.39
Global   43       896070       20838        3.0        0          152      41556      2708       2916.52    1698.62

Set Statistics
Type     Time(s)  Ops          TPS(ops/s)   Net(M/s)   Get_miss   Min(us)  Max(us)    Avg(us)    Std_dev    Geo_dist  
Period   1        220          220          0.0        0          232      8926       2705       2701.04    1736.51
Global   43       9082         211          0.0        0          190      32516      2736       2907.02    1728.83

Total Statistics
Type     Time(s)  Ops          TPS(ops/s)   Net(M/s)   Get_miss   Min(us)  Max(us)    Avg(us)    Std_dev    Geo_dist  
Period   1        22013        22013        2.9        0          188      12995      2584       2628.29    1663.12
Global   43       905152       21050        3.0        0          152      41556      2708       2916.69    1698.92

[1;1H[2J
Get Statistics
Type     Time(s)  Ops          TPS(ops/s)   Net(M/s)   Get_miss   Min(us)  Max(us)    Avg(us)    Std_dev    Geo_dist  
Period   1        21321        21321        2.9        0          246      15986      2641       2724.48    1671.14
Global   44       917391       20849        2.9        0          152      41556      2706       2912.63    1697.98

Set Statistics
Type     Time(s)  Ops          TPS(ops/s)   Net(M/s)   Get_miss   Min(us)  Max(us)    Avg(us)    Std_dev    Geo_dist  
Period   1        213          213          0.0        0          374      10081      2531       2540.64    1674.88
Global   44       9295         211          0.0        0          190      32516      2732       2898.53    1727.57

Total Statistics
Type     Time(s)  Ops          TPS(ops/s)   Net(M/s)   Get_miss   Min(us)  Max(us)    Avg(us)    Std_dev    Geo_dist  
Period   1        21536        21536        2.9        0          246      15986      2640       2723.22    1671.40
Global   44       926688       21061        3.0        0          152      41556      2706       2912.74    1698.28

[1;1H[2J
Get Statistics
Type     Time(s)  Ops          TPS(ops/s)   Net(M/s)   Get_miss   Min(us)  Max(us)    Avg(us)    Std_dev    Geo_dist  
Period   1        21860        21860        2.9        0          188      20182      2569       2686.17    1617.87
Global   45       939251       20872        3.0        0          152      41556      2703       2907.47    1696.09

Set Statistics
Type     Time(s)  Ops          TPS(ops/s)   Net(M/s)   Get_miss   Min(us)  Max(us)    Avg(us)    Std_dev    Geo_dist  
Period   1        217          217          0.0        0          323      12166      2670       2936.69    1613.05
Global   45       9512         211          0.0        0          190      32516      2730       2899.81    1724.87

Total Statistics
Type     Time(s)  Ops          TPS(ops/s)   Net(M/s)   Get_miss   Min(us)  Max(us)    Avg(us)    Std_dev    Geo_dist  
Period   1        22081        22081        2.9        0          188      20182      2569       2688.77    1617.86
Global   45       948769       21083        3.0        0          152      41556      2703       2907.63    1696.36

[1;1H[2J
Get Statistics
Type     Time(s)  Ops          TPS(ops/s)   Net(M/s)   Get_miss   Min(us)  Max(us)    Avg(us)    Std_dev    Geo_dist  
Period   1        21240        21240        2.9        0          135      16991      2601       2699.18    1637.34
Global   46       960491       20880        2.9        0          135      41556      2701       2902.82    1694.82

Set Statistics
Type     Time(s)  Ops          TPS(ops/s)   Net(M/s)   Get_miss   Min(us)  Max(us)    Avg(us)    Std_dev    Geo_dist  
Period   1        219          219          0.0        0          282      10200      2670       2800.49    1665.34
Global   46       9731         211          0.0        0          190      32516      2729       2897.16    1723.51

Total Statistics
Type     Time(s)  Ops          TPS(ops/s)   Net(M/s)   Get_miss   Min(us)  Max(us)    Avg(us)    Std_dev    Geo_dist  
Period   1        21453        21453        2.9        0          135      16991      2602       2700.60    1637.57
Global   46       970222       21091        2.9        0          135      41556      2701       2903.03    1695.11

[1;1H[2J
Get Statistics
Type     Time(s)  Ops          TPS(ops/s)   Net(M/s)   Get_miss   Min(us)  Max(us)    Avg(us)    Std_dev    Geo_dist  
Period   1        20768        20768        2.9        0          163      20445      2704       2767.47    1713.46
Global   47       981259       20877        2.9        0          135      41556      2701       2900.08    1695.21

Set Statistics
Type     Time(s)  Ops          TPS(ops/s)   Net(M/s)   Get_miss   Min(us)  Max(us)    Avg(us)    Std_dev    Geo_dist  
Period   1        206          206          0.0        0          453      10462      3072       2894.71    1991.95
Global   47       9937         211          0.0        0          190      32516      2736       2897.48    1728.69

Total Statistics
Type     Time(s)  Ops          TPS(ops/s)   Net(M/s)   Get_miss   Min(us)  Max(us)    Avg(us)    Std_dev    Geo_dist  
Period   1        20975        20975        2.9        0          163      20445      2707       2769.85    1716.11
Global   47       991197       21089        2.9        0          135      41556      2701       2900.39    1695.55

[1;1H[2J
Get Statistics
Type     Time(s)  Ops          TPS(ops/s)   Net(M/s)   Get_miss   Min(us)  Max(us)    Avg(us)    Std_dev    Geo_dist  
Period   1        21689        21689        2.9        0          227      14040      2602       2712.01    1643.03
Global   48       1002948      20894        3.0        0          135      41556      2699       2896.06    1694.08

Set Statistics
Type     Time(s)  Ops          TPS(ops/s)   Net(M/s)   Get_miss   Min(us)  Max(us)    Avg(us)    Std_dev    Geo_dist  
Period   1        220          220          0.0        0          262      13324      2344       2690.21    1487.35
Global   48       10157        211          0.0        0          190      32516      2728       2893.12    1723.07

Total Statistics
Type     Time(s)  Ops          TPS(ops/s)   Net(M/s)   Get_miss   Min(us)  Max(us)    Avg(us)    Std_dev    Geo_dist  
Period   1        21910        21910        2.9        0          227      14040      2600       2711.42    1641.49
Global   48       1013107      21106        3.0        0          135      41556      2699       2896.31    1694.38

[1;1H[2J
Get Statistics
Type     Time(s)  Ops          TPS(ops/s)   Net(M/s)   Get_miss   Min(us)  Max(us)    Avg(us)    Std_dev    Geo_dist  
Period   1        21001        21001        2.9        0          224      12762      2695       2692.39    1738.08
Global   49       1023949      20896        2.9        0          135      41556      2699       2891.95    1694.99

Set Statistics
Type     Time(s)  Ops          TPS(ops/s)   Net(M/s)   Get_miss   Min(us)  Max(us)    Avg(us)    Std_dev    Geo_dist  
Period   1        217          217          0.0        0          363      12545      2721       2893.90    1685.32
Global   49       10374        211          0.0        0          190      32516      2727       2893.81    1722.27

Total Statistics
Type     Time(s)  Ops          TPS(ops/s)   Net(M/s)   Get_miss   Min(us)  Max(us)    Avg(us)    Std_dev    Geo_dist  
Period   1        21217        21217        2.9        0          224      12762      2695       2694.48    1737.97
Global   49       1034324      21108        2.9        0          135      41556      2699       2892.23    1695.26

[1;1H[2J
Get Statistics
Type     Time(s)  Ops          TPS(ops/s)   Net(M/s)   Get_miss   Min(us)  Max(us)    Avg(us)    Std_dev    Geo_dist  
Period   1        21459        21459        2.9        0          210      15597      2618       2664.99    1670.90
Global   50       1045408      20908        2.9        0          135      41556      2697       2887.81    1694.50

Set Statistics
Type     Time(s)  Ops          TPS(ops/s)   Net(M/s)   Get_miss   Min(us)  Max(us)    Avg(us)    Std_dev    Geo_dist  
Period   1        220          220          0.0        0          320      12771      2581       2650.18    1659.09
Global   50       10594        211          0.0        0          190      32516      2724       2888.89    1720.93

Total Statistics
Type     Time(s)  Ops          TPS(ops/s)   Net(M/s)   Get_miss   Min(us)  Max(us)    Avg(us)    Std_dev    Geo_dist  
Period   1        21680        21680        2.9        0          210      15597      2618       2665.04    1671.05
Global   50       1056004      21120        3.0        0          135      41556      2697       2888.08    1694.77

[1;1H[2J
Get Statistics
Type     Time(s)  Ops          TPS(ops/s)   Net(M/s)   Get_miss   Min(us)  Max(us)    Avg(us)    Std_dev    Geo_dist  
Period   1        21862        21862        2.9        0          203      17152      2605       2704.03    1647.19
Global   51       1067270      20926        3.0        0          135      41556      2695       2884.31    1693.55

Set Statistics
Type     Time(s)  Ops          TPS(ops/s)   Net(M/s)   Get_miss   Min(us)  Max(us)    Avg(us)    Std_dev    Geo_dist  
Period   1        217          217          0.0        0          342      10429      2565       2656.27    1667.61
Global   51       10811        211          0.0        0          190      32516      2721       2884.19    1719.85

Total Statistics
Type     Time(s)  Ops          TPS(ops/s)   Net(M/s)   Get_miss   Min(us)  Max(us)    Avg(us)    Std_dev    Geo_dist  
Period   1        22077        22077        2.9        0          203      17152      2604       2704.33    1648.50
Global   51       1078081      21138        3.0        0          135      41556      2695       2884.55    1693.81

[1;1H[2J
Get Statistics
Type     Time(s)  Ops          TPS(ops/s)   Net(M/s)   Get_miss   Min(us)  Max(us)    Avg(us)    Std_dev    Geo_dist  
Period   1        21151        21151        2.9        0          224      25096      2690       2946.32    1663.71
Global   52       1088421      20931        2.9        0          135      41556      2695       2885.44    1692.96

Set Statistics
Type     Time(s)  Ops          TPS(ops/s)   Net(M/s)   Get_miss   Min(us)  Max(us)    Avg(us)    Std_dev    Geo_dist  
Period   1        212          212          0.0        0          295      24702      3160       3671.32    1865.21
Global   52       11023        211          0.0        0          190      32516      2730       2901.24    1722.53

Total Statistics
Type     Time(s)  Ops          TPS(ops/s)   Net(M/s)   Get_miss   Min(us)  Max(us)    Avg(us)    Std_dev    Geo_dist  
Period   1        21363        21363        2.9        0          224      25096      2695       2954.34    1665.60
Global   52       1099444      21143        2.9        0          135      41556      2695       2885.93    1693.26

[1;1H[2J
Get Statistics
Type     Time(s)  Ops          TPS(ops/s)   Net(M/s)   Get_miss   Min(us)  Max(us)    Avg(us)    Std_dev    Geo_dist  
Period   1        21335        21335        2.9        0          218      16884      2637       2685.79    1693.73
Global   53       1109756      20938        2.9        0          135      41556      2694       2881.63    1692.98

Set Statistics
Type     Time(s)  Ops          TPS(ops/s)   Net(M/s)   Get_miss   Min(us)  Max(us)    Avg(us)    Std_dev    Geo_dist  
Period   1        215          215          0.0        0          401      11452      2842       2788.03    1817.01
Global   53       11238        212          0.0        0          190      32516      2732       2899.17    1724.29

Total Statistics
Type     Time(s)  Ops          TPS(ops/s)   Net(M/s)   Get_miss   Min(us)  Max(us)    Avg(us)    Std_dev    Geo_dist  
Period   1        21552        21552        2.9        0          218      16884      2639       2687.41    1695.13
Global   53       1120996      21150        3.0        0          135      41556      2694       2882.18    1693.29

[1;1H[2J
Get Statistics
Type     Time(s)  Ops          TPS(ops/s)   Net(M/s)   Get_miss   Min(us)  Max(us)    Avg(us)    Std_dev    Geo_dist  
Period   1        21676        21676        2.9        0          161      20775      2602       2658.40    1661.34
Global   54       1131432      20952        3.0        0          135      41556      2692       2877.77    1692.38

Set Statistics
Type     Time(s)  Ops          TPS(ops/s)   Net(M/s)   Get_miss   Min(us)  Max(us)    Avg(us)    Std_dev    Geo_dist  
Period   1        219          219          0.0        0          350      9825       2539       2593.90    1636.70
Global   54       11457        212          0.0        0          190      32516      2728       2893.95    1722.58

Total Statistics
Type     Time(s)  Ops          TPS(ops/s)   Net(M/s)   Get_miss   Min(us)  Max(us)    Avg(us)    Std_dev    Geo_dist  
Period   1        21894        21894        2.9        0          161      20775      2601       2658.04    1661.64
Global   54       1142890      21164        3.0        0          135      41556      2692       2878.28    1692.68

[1;1H[2J
Get Statistics
Type     Time(s)  Ops          TPS(ops/s)   Net(M/s)   Get_miss   Min(us)  Max(us)    Avg(us)    Std_dev    Geo_dist  
Period   1        20922        20922        2.9        0          216      18122      2718       2781.23    1750.67
Global   55       1152354      20951        2.9        0          135      41556      2693       2875.56    1693.43

Set Statistics
Type     Time(s)  Ops          TPS(ops/s)   Net(M/s)   Get_miss   Min(us)  Max(us)    Avg(us)    Std_dev    Geo_dist  
Period   1        211          211          0.0        0          311      9991       2547       2457.41    1716.68
Global   55       11668        212          0.0        0          190      32516      2725       2886.39    1722.47

Total Statistics
Type     Time(s)  Ops          TPS(ops/s)   Net(M/s)   Get_miss   Min(us)  Max(us)    Avg(us)    Std_dev    Geo_dist  
Period   1        21133        21133        2.9        0          216      18122      2717       2777.72    1750.36
Global   55       1164023      21164        2.9        0          135      41556      2693       2875.98    1693.72

[1;1H[2J
Get Statistics
Type     Time(s)  Ops          TPS(ops/s)   Net(M/s)   Get_miss   Min(us)  Max(us)    Avg(us)    Std_dev    Geo_dist  
Period   1        22689        22689        2.9        0          233      22143      2495       2741.76    1598.67
Global   56       1175043      20982        3.1        0          135      41556      2689       2873.33    1691.55

Set Statistics
Type     Time(s)  Ops          TPS(ops/s)   Net(M/s)   Get_miss   Min(us)  Max(us)    Avg(us)    Std_dev    Geo_dist  
Period   1        229          229          0.0        0          406      11230      2597       2736.30    1652.37
Global   56       11897        212          0.0        0          190      32516      2722       2884.03    1721.09

Total Statistics
Type     Time(s)  Ops          TPS(ops/s)   Net(M/s)   Get_miss   Min(us)  Max(us)    Avg(us)    Std_dev    Geo_dist  
Period   1        22917        22917        2.9        0          233      22143      2496       2741.37    1599.09
Global   56       1186940      21195        3.1        0          135      41556      2689       2873.75    1691.84

[1;1H[2J
Get Statistics
Type     Time(s)  Ops          TPS(ops/s)   Net(M/s)   Get_miss   Min(us)  Max(us)    Avg(us)    Std_dev    Geo_dist  
Period   1        21878        21878        2.9        0          193      26678      2586       2647.47    1677.25
Global   57       1196921      20998        3.0        0          135      41556      2687       2869.50    1691.29

Set Statistics
Type     Time(s)  Ops          TPS(ops/s)   Net(M/s)   Get_miss   Min(us)  Max(us)    Avg(us)    Std_dev    Geo_dist  
Period   1        220          220          0.0        0          320      15035      2677       2757.35    1710.09
Global   57       12117        212          0.0        0          190      32516      2722       2880.90    1720.89

Total Statistics
Type     Time(s)  Ops          TPS(ops/s)   Net(M/s)   Get_miss   Min(us)  Max(us)    Avg(us)    Std_dev    Geo_dist  
Period   1        22098        22098        2.9        0          193      26678      2587       2648.44    1677.57
Global   57       1209038      21211        3.0        0          135      41556      2687       2869.95    1691.58

[1;1H[2J
Get Statistics
Type     Time(s)  Ops          TPS(ops/s)   Net(M/s)   Get_miss   Min(us)  Max(us)    Avg(us)    Std_dev    Geo_dist  
Period   1        22164        22164        2.9        0          214      33349      2593       2857.10    1677.37
Global   58       1219085      21018        3.0        0          135      41556      2685       2869.58    1691.03

Set Statistics
Type     Time(s)  Ops          TPS(ops/s)   Net(M/s)   Get_miss   Min(us)  Max(us)    Avg(us)    Std_dev    Geo_dist  
Period   1        227          227          0.0        0          346      32477      2509       3123.33    1620.93
Global   58       12344        212          0.0        0          190      32516      2718       2885.63    1719.00

Total Statistics
Type     Time(s)  Ops          TPS(ops/s)   Net(M/s)   Get_miss   Min(us)  Max(us)    Avg(us)    Std_dev    Geo_dist  
Period   1        22392        22392        2.9        0          214      33349      2592       2860.20    1676.89
Global   58       1231430      21231        3.1        0          135      41556      2685       2870.05    1691.31

[1;1H[2J
Get Statistics
Type     Time(s)  Ops          TPS(ops/s)   Net(M/s)   Get_miss   Min(us)  Max(us)    Avg(us)    Std_dev    Geo_dist  
Period   1        22067        22067        2.9        0          223      28790      2555       2706.88    1641.85
Global   59       1241152      21036        3.0        0          135      41556      2683       2866.52    1690.15

Set Statistics
Type     Time(s)  Ops          TPS(ops/s)   Net(M/s)   Get_miss   Min(us)  Max(us)    Avg(us)    Std_dev    Geo_dist  
Period   1        223          223          0.0        0          285      11629      2639       2739.06    1702.95
Global   59       12567        213          0.0        0          190      32516      2716       2883.57    1718.71

Total Statistics
Type     Time(s)  Ops          TPS(ops/s)   Net(M/s)   Get_miss   Min(us)  Max(us)    Avg(us)    Std_dev    Geo_dist  
Period   1        22291        22291        2.9        0          223      28790      2556       2707.30    1642.56
Global   59       1253721      21249        3.1        0          135      41556      2683       2867.01    1690.43

[1;1H[2J
Get Statistics
Type     Time(s)  Ops          TPS(ops/s)   Net(M/s)   Get_miss   Min(us)  Max(us)    Avg(us)    Std_dev    Geo_dist  
Period   1        21969        21969        2.9        0          227      26131      2572       2677.39    1690.65
Global   60       1263121      21052        3.0        0          135      41556      2681       2863.45    1690.17

Set Statistics
Type     Time(s)  Ops          TPS(ops/s)   Net(M/s)   Get_miss   Min(us)  Max(us)    Avg(us)    Std_dev    Geo_dist  
Period   1        219          219          0.0        0          228      10839      2447       2496.24    1635.39
Global   60       12786        213          0.0        0          190      32516      2712       2876.93    1717.25

Total Statistics
Type     Time(s)  Ops          TPS(ops/s)   Net(M/s)   Get_miss   Min(us)  Max(us)    Avg(us)    Std_dev    Geo_dist  
Period   1        22188        22188        2.9        0          227      26131      2570       2676.25    1690.08
Global   60       1275909      21265        3.0        0          135      41556      2681       2863.88    1690.44

Get Statistics (1263180 events)
   Min:       135
   Max:     41556
   Avg:      2681
   Geo:   1690.27
   Std:   2863.86
   Log2 Dist:
       8:      468    44744   438987   370180
      12:   115285   240208    50935     2229
      16:      144

Set Statistics (12786 events)
   Min:       190
   Max:     32516
   Avg:      2712
   Geo:   1717.25
   Std:   2876.93
   Log2 Dist:
       8:        6      437     4253     3859
      12:     1249     2414      540       28

Total Statistics (1275966 events)
   Min:       135
   Max:     41556
   Avg:      2681
   Geo:   1690.54
   Std:   2864.28
   Log2 Dist:
       8:      474    45181   443240   374039
      12:   116534   242622    51475     2257
      16:      144

cmd_get: 1263236
cmd_set: 12787
get_misses: 0
written_bytes: 29835720
read_bytes: 208526988
object_bytes: 1841328

Run time: 60.4s Ops: 1276023 TPS: 21129 Net_rate: 3.8M/s
