servers : 10.0.0.7:9000
threads count: 89
concurrency: 89
run time: 60s
windows size: 10k
set proportion: set_prop=0.01
get proportion: get_prop=0.99
[1;1H[2J
Get Statistics
Type     Time(s)  Ops          TPS(ops/s)   Net(M/s)   Get_miss   Min(us)  Max(us)    Avg(us)    Std_dev    Geo_dist  
Period   1        23632        23632        3.2        0          252      34440      3643       3627.76    2334.87
Global   1        23632        23632        3.2        0          252      34440      3643       3627.73    2331.50

Set Statistics
Type     Time(s)  Ops          TPS(ops/s)   Net(M/s)   Get_miss   Min(us)  Max(us)    Avg(us)    Std_dev    Geo_dist  
Period   1        287          287          0.0        0          401      45045      6068       10665.62   2674.21
Global   1        287          287          0.0        0          401      45045      6068       10665.62   2674.21

Total Statistics
Type     Time(s)  Ops          TPS(ops/s)   Net(M/s)   Get_miss   Min(us)  Max(us)    Avg(us)    Std_dev    Geo_dist  
Period   1        23935        23935        3.3        0          252      45045      3670       3798.63    2330.40
Global   1        23935        23935        3.3        0          252      45045      3670       3798.63    2330.40

[1;1H[2J
Get Statistics
Type     Time(s)  Ops          TPS(ops/s)   Net(M/s)   Get_miss   Min(us)  Max(us)    Avg(us)    Std_dev    Geo_dist  
Period   1        24568        24568        3.3        0          244      28638      3554       3124.77    2365.01
Global   2        48200        24100        3.4        0          244      34440      3598       3380.63    2351.82

Set Statistics
Type     Time(s)  Ops          TPS(ops/s)   Net(M/s)   Get_miss   Min(us)  Max(us)    Avg(us)    Std_dev    Geo_dist  
Period   1        246          246          0.0        0          434      11133      3513       2983.73    2362.26
Global   2        533          266          0.0        0          401      45045      4889       8177.85    2525.42

Total Statistics
Type     Time(s)  Ops          TPS(ops/s)   Net(M/s)   Get_miss   Min(us)  Max(us)    Avg(us)    Std_dev    Geo_dist  
Period   1        24800        24800        3.3        0          244      28638      3556       3123.65    2375.44
Global   2        48735        24367        3.4        0          244      45045      3612       3472.01    2353.77

[1;1H[2J
Get Statistics
Type     Time(s)  Ops          TPS(ops/s)   Net(M/s)   Get_miss   Min(us)  Max(us)    Avg(us)    Std_dev    Geo_dist  
Period   1        24115        24115        3.3        0          221      63694      3630       3633.96    2315.08
Global   3        72315        24105        3.3        0          221      63694      3609       3467.05    2339.80

Set Statistics
Type     Time(s)  Ops          TPS(ops/s)   Net(M/s)   Get_miss   Min(us)  Max(us)    Avg(us)    Std_dev    Geo_dist  
Period   1        248          248          0.0        0          371      25925      3788       3930.94    2316.32
Global   3        781          260          0.0        0          371      45045      4539       7125.55    2457.05

Total Statistics
Type     Time(s)  Ops          TPS(ops/s)   Net(M/s)   Get_miss   Min(us)  Max(us)    Avg(us)    Std_dev    Geo_dist  
Period   1        24363        24363        3.3        0          221      63694      3632       3636.41    2315.55
Global   3        73098        24366        3.3        0          221      63694      3619       3527.30    2340.97

[1;1H[2J
Get Statistics
Type     Time(s)  Ops          TPS(ops/s)   Net(M/s)   Get_miss   Min(us)  Max(us)    Avg(us)    Std_dev    Geo_dist  
Period   1        21366        21366        3.2        0          242      54160      4126       4590.07    2519.85
Global   4        93681        23420        2.9        0          221      63694      3727       3759.03    2379.87

Set Statistics
Type     Time(s)  Ops          TPS(ops/s)   Net(M/s)   Get_miss   Min(us)  Max(us)    Avg(us)    Std_dev    Geo_dist  
Period   1        210          210          0.0        0          408      46860      4416       6282.92    2489.00
Global   4        991          247          0.0        0          371      46860      4513       6952.62    2463.79

Total Statistics
Type     Time(s)  Ops          TPS(ops/s)   Net(M/s)   Get_miss   Min(us)  Max(us)    Avg(us)    Std_dev    Geo_dist  
Period   1        21575        21575        3.3        0          242      54160      4130       4608.79    2520.69
Global   4        94673        23668        3.0        0          221      63694      3735       3807.38    2380.76

[1;1H[2J
Get Statistics
Type     Time(s)  Ops          TPS(ops/s)   Net(M/s)   Get_miss   Min(us)  Max(us)    Avg(us)    Std_dev    Geo_dist  
Period   1        23091        23091        3.2        0          249      47409      3798       3639.85    2460.59
Global   5        116772       23354        3.2        0          221      63694      3741       3735.95    2395.80

Set Statistics
Type     Time(s)  Ops          TPS(ops/s)   Net(M/s)   Get_miss   Min(us)  Max(us)    Avg(us)    Std_dev    Geo_dist  
Period   1        230          230          0.0        0          502      16906      3824       3554.67    2485.01
Global   5        1221         244          0.0        0          371      46860      4383       6455.40    2467.77

Total Statistics
Type     Time(s)  Ops          TPS(ops/s)   Net(M/s)   Get_miss   Min(us)  Max(us)    Avg(us)    Std_dev    Geo_dist  
Period   1        23322        23322        3.2        0          249      47409      3798       3638.47    2458.14
Global   5        117995       23599        3.2        0          221      63694      3748       3774.32    2396.58

[1;1H[2J
Get Statistics
Type     Time(s)  Ops          TPS(ops/s)   Net(M/s)   Get_miss   Min(us)  Max(us)    Avg(us)    Std_dev    Geo_dist  
Period   1        24023        24023        3.2        0          250      34449      3697       3460.36    2370.85
Global   6        140795       23465        3.3        0          221      63694      3734       3689.93    2391.67

Set Statistics
Type     Time(s)  Ops          TPS(ops/s)   Net(M/s)   Get_miss   Min(us)  Max(us)    Avg(us)    Std_dev    Geo_dist  
Period   1        250          250          0.0        0          318      18332      3930       3571.36    2491.78
Global   6        1471         245          0.0        0          318      46860      4306       6064.20    2471.83

Total Statistics
Type     Time(s)  Ops          TPS(ops/s)   Net(M/s)   Get_miss   Min(us)  Max(us)    Avg(us)    Std_dev    Geo_dist  
Period   1        24402        24402        3.3        0          250      34449      3711       3466.41    2378.88
Global   6        142397       23732        3.4        0          221      63694      3741       3724.04    2393.53

[1;1H[2J
Get Statistics
Type     Time(s)  Ops          TPS(ops/s)   Net(M/s)   Get_miss   Min(us)  Max(us)    Avg(us)    Std_dev    Geo_dist  
Period   1        23271        23271        3.2        0          247      53035      3781       3624.90    2330.84
Global   7        164066       23438        3.2        0          221      63694      3745       3681.59    2398.71

Set Statistics
Type     Time(s)  Ops          TPS(ops/s)   Net(M/s)   Get_miss   Min(us)  Max(us)    Avg(us)    Std_dev    Geo_dist  
Period   1        233          233          0.0        0          437      23225      3883       3835.77    2464.75
Global   7        1704         243          0.0        0          318      46860      4248       5811.20    2470.87

Total Statistics
Type     Time(s)  Ops          TPS(ops/s)   Net(M/s)   Get_miss   Min(us)  Max(us)    Avg(us)    Std_dev    Geo_dist  
Period   1        23375        23375        3.3        0          247      53035      3803       3626.45    2435.94
Global   7        165772       23681        3.2        0          221      63694      3750       3710.23    2399.47

[1;1H[2J
Get Statistics
Type     Time(s)  Ops          TPS(ops/s)   Net(M/s)   Get_miss   Min(us)  Max(us)    Avg(us)    Std_dev    Geo_dist  
Period   1        24320        24320        3.2        0          272      62637      3634       3459.61    2365.24
Global   8        188386       23548        3.3        0          221      63694      3731       3653.57    2394.47

Set Statistics
Type     Time(s)  Ops          TPS(ops/s)   Net(M/s)   Get_miss   Min(us)  Max(us)    Avg(us)    Std_dev    Geo_dist  
Period   1        243          243          0.0        0          475      20910      3781       3374.37    2495.04
Global   8        1947         243          0.0        0          318      46860      4190       5566.92    2473.87

Total Statistics
Type     Time(s)  Ops          TPS(ops/s)   Net(M/s)   Get_miss   Min(us)  Max(us)    Avg(us)    Std_dev    Geo_dist  
Period   1        24566        24566        3.3        0          272      62637      3636       3458.87    2367.66
Global   8        190338       23792        3.4        0          221      63694      3735       3679.23    2395.34

[1;1H[2J
Get Statistics
Type     Time(s)  Ops          TPS(ops/s)   Net(M/s)   Get_miss   Min(us)  Max(us)    Avg(us)    Std_dev    Geo_dist  
Period   1        24956        24956        3.3        0          266      39478      3540       3296.17    2304.82
Global   9        213342       23704        3.4        0          221      63694      3708       3614.84    2384.00

Set Statistics
Type     Time(s)  Ops          TPS(ops/s)   Net(M/s)   Get_miss   Min(us)  Max(us)    Avg(us)    Std_dev    Geo_dist  
Period   1        249          249          0.0        0          276      13282      3716       3262.01    2445.04
Global   9        2196         244          0.0        0          276      46860      4136       5357.42    2470.58

Total Statistics
Type     Time(s)  Ops          TPS(ops/s)   Net(M/s)   Get_miss   Min(us)  Max(us)    Avg(us)    Std_dev    Geo_dist  
Period   1        25200        25200        3.3        0          266      39478      3541       3296.43    2307.28
Global   9        215538       23948        3.5        0          221      63694      3713       3636.39    2384.87

[1;1H[2J
Get Statistics
Type     Time(s)  Ops          TPS(ops/s)   Net(M/s)   Get_miss   Min(us)  Max(us)    Avg(us)    Std_dev    Geo_dist  
Period   1        23921        23921        3.3        0          220      51648      3659       3478.82    2382.72
Global   10       237263       23726        3.3        0          220      63694      3703       3601.44    2383.87

Set Statistics
Type     Time(s)  Ops          TPS(ops/s)   Net(M/s)   Get_miss   Min(us)  Max(us)    Avg(us)    Std_dev    Geo_dist  
Period   1        242          242          0.0        0          428      24764      3651       3366.15    2418.70
Global   10       2438         243          0.0        0          276      46860      4088       5195.40    2465.38

Total Statistics
Type     Time(s)  Ops          TPS(ops/s)   Net(M/s)   Get_miss   Min(us)  Max(us)    Avg(us)    Std_dev    Geo_dist  
Period   1        24163        24163        3.3        0          220      51648      3659       3477.56    2383.08
Global   10       239701       23970        3.3        0          220      63694      3707       3621.29    2384.69

[1;1H[2J
Get Statistics
Type     Time(s)  Ops          TPS(ops/s)   Net(M/s)   Get_miss   Min(us)  Max(us)    Avg(us)    Std_dev    Geo_dist  
Period   1        23408        23408        3.3        0          230      67987      3759       4001.31    2370.19
Global   11       260671       23697        3.2        0          220      67987      3708       3639.20    2382.64

Set Statistics
Type     Time(s)  Ops          TPS(ops/s)   Net(M/s)   Get_miss   Min(us)  Max(us)    Avg(us)    Std_dev    Geo_dist  
Period   1        247          247          0.0        0          367      35508      3954       3984.79    2530.65
Global   11       2685         244          0.0        0          276      46860      4076       5095.33    2471.32

Total Statistics
Type     Time(s)  Ops          TPS(ops/s)   Net(M/s)   Get_miss   Min(us)  Max(us)    Avg(us)    Std_dev    Geo_dist  
Period   1        23657        23657        3.3        0          230      67987      3762       4000.33    2372.02
Global   11       263358       23941        3.2        0          220      67987      3712       3656.91    2383.55

[1;1H[2J
Get Statistics
Type     Time(s)  Ops          TPS(ops/s)   Net(M/s)   Get_miss   Min(us)  Max(us)    Avg(us)    Std_dev    Geo_dist  
Period   1        23857        23857        3.3        0          249      42891      3721       3568.63    2383.62
Global   12       284528       23710        3.3        0          220      67987      3710       3632.43    2382.80

Set Statistics
Type     Time(s)  Ops          TPS(ops/s)   Net(M/s)   Get_miss   Min(us)  Max(us)    Avg(us)    Std_dev    Geo_dist  
Period   1        233          233          0.0        0          555      22055      3701       3407.88    2428.70
Global   12       2918         243          0.0        0          276      46860      4046       4982.27    2467.89

Total Statistics
Type     Time(s)  Ops          TPS(ops/s)   Net(M/s)   Get_miss   Min(us)  Max(us)    Avg(us)    Std_dev    Geo_dist  
Period   1        24101        24101        3.3        0          249      42891      3720       3566.35    2384.69
Global   12       287459       23954        3.3        0          220      67987      3713       3649.07    2383.64

[1;1H[2J
Get Statistics
Type     Time(s)  Ops          TPS(ops/s)   Net(M/s)   Get_miss   Min(us)  Max(us)    Avg(us)    Std_dev    Geo_dist  
Period   1        23863        23863        3.3        0          247      37975      3663       3376.37    2356.63
Global   13       308391       23722        3.3        0          220      67987      3706       3613.68    2381.54

Set Statistics
Type     Time(s)  Ops          TPS(ops/s)   Net(M/s)   Get_miss   Min(us)  Max(us)    Avg(us)    Std_dev    Geo_dist  
Period   1        243          243          0.0        0          294      18208      3597       3206.52    2377.64
Global   13       3161         243          0.0        0          276      46860      4011       4870.29    2460.83

Total Statistics
Type     Time(s)  Ops          TPS(ops/s)   Net(M/s)   Get_miss   Min(us)  Max(us)    Avg(us)    Std_dev    Geo_dist  
Period   1        24093        24093        3.3        0          247      37975      3665       3373.69    2365.96
Global   13       311552       23965        3.3        0          220      67987      3709       3628.83    2382.33

[1;1H[2J
Get Statistics
Type     Time(s)  Ops          TPS(ops/s)   Net(M/s)   Get_miss   Min(us)  Max(us)    Avg(us)    Std_dev    Geo_dist  
Period   1        24068        24068        3.3        0          252      42685      3645       3465.34    2345.21
Global   14       332459       23747        3.3        0          220      67987      3702       3602.75    2378.89

Set Statistics
Type     Time(s)  Ops          TPS(ops/s)   Net(M/s)   Get_miss   Min(us)  Max(us)    Avg(us)    Std_dev    Geo_dist  
Period   1        242          242          0.0        0          514      32369      3862       3890.68    2484.09
Global   14       3403         243          0.0        0          276      46860      4001       4806.40    2462.48

Total Statistics
Type     Time(s)  Ops          TPS(ops/s)   Net(M/s)   Get_miss   Min(us)  Max(us)    Avg(us)    Std_dev    Geo_dist  
Period   1        24311        24311        3.3        0          252      42685      3647       3470.13    2346.66
Global   14       335863       23990        3.3        0          220      67987      3705       3617.11    2379.73

[1;1H[2J
Get Statistics
Type     Time(s)  Ops          TPS(ops/s)   Net(M/s)   Get_miss   Min(us)  Max(us)    Avg(us)    Std_dev    Geo_dist  
Period   1        24286        24286        3.3        0          198      31584      3621       3508.37    2308.74
Global   15       356745       23783        3.3        0          198      67987      3696       3596.97    2374.05

Set Statistics
Type     Time(s)  Ops          TPS(ops/s)   Net(M/s)   Get_miss   Min(us)  Max(us)    Avg(us)    Std_dev    Geo_dist  
Period   1        247          247          0.0        0          405      22492      3605       3406.92    2349.46
Global   15       3650         243          0.0        0          276      46860      3974       4725.65    2454.66

Total Statistics
Type     Time(s)  Ops          TPS(ops/s)   Net(M/s)   Get_miss   Min(us)  Max(us)    Avg(us)    Std_dev    Geo_dist  
Period   1        24536        24536        3.3        0          198      31584      3621       3506.65    2308.46
Global   15       360399       24026        3.4        0          198      67987      3699       3610.06    2374.87

[1;1H[2J
Get Statistics
Type     Time(s)  Ops          TPS(ops/s)   Net(M/s)   Get_miss   Min(us)  Max(us)    Avg(us)    Std_dev    Geo_dist  
Period   1        24560        24560        3.3        0          253      54082      3587       3569.16    2269.47
Global   16       381305       23831        3.4        0          198      67987      3689       3595.27    2367.33

Set Statistics
Type     Time(s)  Ops          TPS(ops/s)   Net(M/s)   Get_miss   Min(us)  Max(us)    Avg(us)    Std_dev    Geo_dist  
Period   1        248          248          0.0        0          421      13212      3541       3139.09    2342.89
Global   16       3898         243          0.0        0          276      46860      3946       4642.19    2447.39

Total Statistics
Type     Time(s)  Ops          TPS(ops/s)   Net(M/s)   Get_miss   Min(us)  Max(us)    Avg(us)    Std_dev    Geo_dist  
Period   1        24805        24805        3.3        0          253      54082      3586       3565.49    2267.73
Global   16       385204       24075        3.4        0          198      67987      3692       3607.06    2368.12

[1;1H[2J
Get Statistics
Type     Time(s)  Ops          TPS(ops/s)   Net(M/s)   Get_miss   Min(us)  Max(us)    Avg(us)    Std_dev    Geo_dist  
Period   1        24173        24173        3.3        0          254      44371      3625       3549.31    2362.07
Global   17       405478       23851        3.3        0          198      67987      3685       3592.77    2367.06

Set Statistics
Type     Time(s)  Ops          TPS(ops/s)   Net(M/s)   Get_miss   Min(us)  Max(us)    Avg(us)    Std_dev    Geo_dist  
Period   1        246          246          0.0        0          326      18976      3559       3205.42    2397.77
Global   17       4144         243          0.0        0          276      46860      3923       4570.18    2444.42

Total Statistics
Type     Time(s)  Ops          TPS(ops/s)   Net(M/s)   Get_miss   Min(us)  Max(us)    Avg(us)    Std_dev    Geo_dist  
Period   1        24420        24420        3.3        0          254      44371      3624       3546.18    2363.07
Global   17       409624       24095        3.4        0          198      67987      3688       3603.43    2367.82

[1;1H[2J
Get Statistics
Type     Time(s)  Ops          TPS(ops/s)   Net(M/s)   Get_miss   Min(us)  Max(us)    Avg(us)    Std_dev    Geo_dist  
Period   1        24048        24048        3.3        0          251      39339      3655       3541.58    2312.74
Global   18       429526       23862        3.3        0          198      67987      3684       3589.23    2364.02

Set Statistics
Type     Time(s)  Ops          TPS(ops/s)   Net(M/s)   Get_miss   Min(us)  Max(us)    Avg(us)    Std_dev    Geo_dist  
Period   1        243          243          0.0        0          324      23879      3844       3674.27    2428.37
Global   18       4387         243          0.0        0          276      46860      3919       4524.55    2443.53

Total Statistics
Type     Time(s)  Ops          TPS(ops/s)   Net(M/s)   Get_miss   Min(us)  Max(us)    Avg(us)    Std_dev    Geo_dist  
Period   1        24290        24290        3.3        0          251      39339      3657       3543.23    2314.74
Global   18       433914       24106        3.3        0          198      67987      3686       3600.36    2364.82

[1;1H[2J
Get Statistics
Type     Time(s)  Ops          TPS(ops/s)   Net(M/s)   Get_miss   Min(us)  Max(us)    Avg(us)    Std_dev    Geo_dist  
Period   1        23141        23141        3.3        0          247      38325      3813       3439.98    2425.97
Global   19       452667       23824        3.2        0          198      67987      3690       3582.49    2367.20

Set Statistics
Type     Time(s)  Ops          TPS(ops/s)   Net(M/s)   Get_miss   Min(us)  Max(us)    Avg(us)    Std_dev    Geo_dist  
Period   1        228          228          0.0        0          438      18493      4137       3754.47    2542.71
Global   19       4615         242          0.0        0          276      46860      3930       4489.31    2448.34

Total Statistics
Type     Time(s)  Ops          TPS(ops/s)   Net(M/s)   Get_miss   Min(us)  Max(us)    Avg(us)    Std_dev    Geo_dist  
Period   1        23372        23372        3.3        0          247      38325      3817       3443.07    2427.46
Global   19       457286       24067        3.2        0          198      67987      3693       3592.31    2368.03

[1;1H[2J
Get Statistics
Type     Time(s)  Ops          TPS(ops/s)   Net(M/s)   Get_miss   Min(us)  Max(us)    Avg(us)    Std_dev    Geo_dist  
Period   1        24523        24523        3.3        0          276      47219      3582       3545.59    2282.79
Global   20       477190       23859        3.4        0          198      67987      3685       3580.13    2362.83

Set Statistics
Type     Time(s)  Ops          TPS(ops/s)   Net(M/s)   Get_miss   Min(us)  Max(us)    Avg(us)    Std_dev    Geo_dist  
Period   1        246          246          0.0        0          361      27137      3762       4040.60    2358.05
Global   20       4861         243          0.0        0          276      46860      3921       4467.89    2443.68

Total Statistics
Type     Time(s)  Ops          TPS(ops/s)   Net(M/s)   Get_miss   Min(us)  Max(us)    Avg(us)    Std_dev    Geo_dist  
Period   1        24767        24767        3.3        0          276      47219      3584       3549.78    2283.22
Global   20       482053       24102        3.4        0          198      67987      3687       3590.64    2363.64

[1;1H[2J
Get Statistics
Type     Time(s)  Ops          TPS(ops/s)   Net(M/s)   Get_miss   Min(us)  Max(us)    Avg(us)    Std_dev    Geo_dist  
Period   1        23590        23590        3.3        0          187      33423      3706       3435.11    2428.74
Global   21       500780       23846        3.2        0          187      67987      3686       3573.42    2365.93

Set Statistics
Type     Time(s)  Ops          TPS(ops/s)   Net(M/s)   Get_miss   Min(us)  Max(us)    Avg(us)    Std_dev    Geo_dist  
Period   1        240          240          0.0        0          293      19998      3673       3478.20    2345.56
Global   21       5101         242          0.0        0          276      46860      3910       4425.74    2438.98

Total Statistics
Type     Time(s)  Ops          TPS(ops/s)   Net(M/s)   Get_miss   Min(us)  Max(us)    Avg(us)    Std_dev    Geo_dist  
Period   1        23830        23830        3.3        0          187      33423      3707       3434.50    2428.83
Global   21       505883       24089        3.3        0          187      67987      3688       3583.37    2366.67

[1;1H[2J
Get Statistics
Type     Time(s)  Ops          TPS(ops/s)   Net(M/s)   Get_miss   Min(us)  Max(us)    Avg(us)    Std_dev    Geo_dist  
Period   1        23474        23474        3.3        0          239      46870      3775       3787.06    2358.27
Global   22       524254       23829        3.2        0          187      67987      3690       3583.32    2365.67

Set Statistics
Type     Time(s)  Ops          TPS(ops/s)   Net(M/s)   Get_miss   Min(us)  Max(us)    Avg(us)    Std_dev    Geo_dist  
Period   1        240          240          0.0        0          323      14984      3642       3294.59    2429.25
Global   22       5341         242          0.0        0          276      46860      3898       4381.25    2438.54

Total Statistics
Type     Time(s)  Ops          TPS(ops/s)   Net(M/s)   Get_miss   Min(us)  Max(us)    Avg(us)    Std_dev    Geo_dist  
Period   1        23733        23733        3.3        0          239      46870      3775       3780.72    2361.24
Global   22       529616       24073        3.3        0          187      67987      3692       3592.40    2366.46

[1;1H[2J
Get Statistics
Type     Time(s)  Ops          TPS(ops/s)   Net(M/s)   Get_miss   Min(us)  Max(us)    Avg(us)    Std_dev    Geo_dist  
Period   1        23915        23915        3.3        0          218      35888      3682       3509.25    2370.01
Global   23       548169       23833        3.3        0          187      67987      3690       3579.89    2366.59

Set Statistics
Type     Time(s)  Ops          TPS(ops/s)   Net(M/s)   Get_miss   Min(us)  Max(us)    Avg(us)    Std_dev    Geo_dist  
Period   1        246          246          0.0        0          321      17569      3303       3083.25    2166.00
Global   23       5587         242          0.0        0          276      46860      3871       4334.53    2425.85

Total Statistics
Type     Time(s)  Ops          TPS(ops/s)   Net(M/s)   Get_miss   Min(us)  Max(us)    Avg(us)    Std_dev    Geo_dist  
Period   1        24144        24144        3.3        0          218      35888      3681       3505.12    2383.24
Global   23       553760       24076        3.3        0          187      67987      3691       3589.17    2367.19

[1;1H[2J
Get Statistics
Type     Time(s)  Ops          TPS(ops/s)   Net(M/s)   Get_miss   Min(us)  Max(us)    Avg(us)    Std_dev    Geo_dist  
Period   1        24486        24486        3.3        0          203      46967      3538       3710.14    2214.98
Global   24       572655       23860        3.4        0          187      67987      3683       3586.21    2360.04

Set Statistics
Type     Time(s)  Ops          TPS(ops/s)   Net(M/s)   Get_miss   Min(us)  Max(us)    Avg(us)    Std_dev    Geo_dist  
Period   1        239          239          0.0        0          406      22812      3933       3635.77    2483.81
Global   24       5826         242          0.0        0          276      46860      3874       4307.43    2428.20

Total Statistics
Type     Time(s)  Ops          TPS(ops/s)   Net(M/s)   Get_miss   Min(us)  Max(us)    Avg(us)    Std_dev    Geo_dist  
Period   1        24721        24721        3.3        0          203      46967      3542       3709.88    2219.46
Global   24       578481       24103        3.4        0          187      67987      3685       3594.16    2360.72

[1;1H[2J
Get Statistics
Type     Time(s)  Ops          TPS(ops/s)   Net(M/s)   Get_miss   Min(us)  Max(us)    Avg(us)    Std_dev    Geo_dist  
Period   1        24663        24663        3.3        0          253      60281      3566       3506.26    2311.03
Global   25       597318       23892        3.4        0          187      67987      3678       3583.19    2358.00

Set Statistics
Type     Time(s)  Ops          TPS(ops/s)   Net(M/s)   Get_miss   Min(us)  Max(us)    Avg(us)    Std_dev    Geo_dist  
Period   1        252          252          0.0        0          455      17538      3640       3282.52    2429.82
Global   25       6078         243          0.0        0          276      46860      3864       4270.14    2428.27

Total Statistics
Type     Time(s)  Ops          TPS(ops/s)   Net(M/s)   Get_miss   Min(us)  Max(us)    Avg(us)    Std_dev    Geo_dist  
Period   1        24917        24917        3.3        0          253      60281      3567       3503.48    2311.99
Global   25       603398       24135        3.4        0          187      67987      3680       3590.67    2358.69

[1;1H[2J
Get Statistics
Type     Time(s)  Ops          TPS(ops/s)   Net(M/s)   Get_miss   Min(us)  Max(us)    Avg(us)    Std_dev    Geo_dist  
Period   1        22477        22477        3.3        0          241      66395      3899       3972.06    2495.19
Global   26       619795       23838        3.1        0          187      67987      3686       3598.28    2362.86

Set Statistics
Type     Time(s)  Ops          TPS(ops/s)   Net(M/s)   Get_miss   Min(us)  Max(us)    Avg(us)    Std_dev    Geo_dist  
Period   1        230          230          0.0        0          408      10998      3760       3020.61    2592.64
Global   26       6308         242          0.0        0          276      46860      3860       4231.12    2434.07

Total Statistics
Type     Time(s)  Ops          TPS(ops/s)   Net(M/s)   Get_miss   Min(us)  Max(us)    Avg(us)    Std_dev    Geo_dist  
Period   1        22706        22706        3.3        0          241      66395      3897       3964.45    2490.69
Global   26       626104       24080        3.1        0          187      67987      3688       3604.99    2363.57

[1;1H[2J
Get Statistics
Type     Time(s)  Ops          TPS(ops/s)   Net(M/s)   Get_miss   Min(us)  Max(us)    Avg(us)    Std_dev    Geo_dist  
Period   1        24497        24497        3.3        0          199      50999      3610       3546.81    2304.36
Global   27       644292       23862        3.4        0          187      67987      3683       3596.48    2360.64

Set Statistics
Type     Time(s)  Ops          TPS(ops/s)   Net(M/s)   Get_miss   Min(us)  Max(us)    Avg(us)    Std_dev    Geo_dist  
Period   1        244          244          0.0        0          426      19684      3573       3405.48    2340.24
Global   27       6552         242          0.0        0          276      46860      3850       4202.79    2430.51

Total Statistics
Type     Time(s)  Ops          TPS(ops/s)   Net(M/s)   Get_miss   Min(us)  Max(us)    Avg(us)    Std_dev    Geo_dist  
Period   1        24740        24740        3.3        0          199      50999      3609       3545.55    2303.01
Global   27       650844       24105        3.4        0          187      67987      3685       3602.80    2361.34

[1;1H[2J
Get Statistics
Type     Time(s)  Ops          TPS(ops/s)   Net(M/s)   Get_miss   Min(us)  Max(us)    Avg(us)    Std_dev    Geo_dist  
Period   1        23512        23512        3.3        0          258      59034      3758       3814.08    2368.16
Global   28       667804       23850        3.2        0          187      67987      3686       3604.02    2360.91

Set Statistics
Type     Time(s)  Ops          TPS(ops/s)   Net(M/s)   Get_miss   Min(us)  Max(us)    Avg(us)    Std_dev    Geo_dist  
Period   1        236          236          0.0        0          403      28457      3695       4165.22    2274.78
Global   28       6788         242          0.0        0          276      46860      3844       4201.84    2424.92

Total Statistics
Type     Time(s)  Ops          TPS(ops/s)   Net(M/s)   Get_miss   Min(us)  Max(us)    Avg(us)    Std_dev    Geo_dist  
Period   1        23750        23750        3.3        0          258      59034      3757       3817.72    2367.12
Global   28       674594       24092        3.3        0          187      67987      3688       3610.13    2361.54

[1;1H[2J
Get Statistics
Type     Time(s)  Ops          TPS(ops/s)   Net(M/s)   Get_miss   Min(us)  Max(us)    Avg(us)    Std_dev    Geo_dist  
Period   1        23081        23081        3.3        0          213      108492     3841       3956.10    2425.49
Global   29       690885       23823        3.2        0          187      108492     3691       3616.61    2363.03

Set Statistics
Type     Time(s)  Ops          TPS(ops/s)   Net(M/s)   Get_miss   Min(us)  Max(us)    Avg(us)    Std_dev    Geo_dist  
Period   1        230          230          0.0        0          370      53283      4044       5053.72    2483.94
Global   29       7018         242          0.0        0          276      53283      3851       4231.80    2426.83

Total Statistics
Type     Time(s)  Ops          TPS(ops/s)   Net(M/s)   Get_miss   Min(us)  Max(us)    Avg(us)    Std_dev    Geo_dist  
Period   1        23311        23311        3.3        0          213      108492     3843       3968.56    2426.22
Global   29       697905       24065        3.2        0          187      108492     3693       3622.96    2363.67

[1;1H[2J
Get Statistics
Type     Time(s)  Ops          TPS(ops/s)   Net(M/s)   Get_miss   Min(us)  Max(us)    Avg(us)    Std_dev    Geo_dist  
Period   1        24670        24670        3.3        0          256      30998      3586       3390.97    2311.24
Global   30       715555       23851        3.4        0          187      108492     3688       3608.50    2361.29

Set Statistics
Type     Time(s)  Ops          TPS(ops/s)   Net(M/s)   Get_miss   Min(us)  Max(us)    Avg(us)    Std_dev    Geo_dist  
Period   1        250          250          0.0        0          418      14978      3669       3275.31    2390.11
Global   30       7268         242          0.0        0          276      53283      3845       4202.23    2425.56

Total Statistics
Type     Time(s)  Ops          TPS(ops/s)   Net(M/s)   Get_miss   Min(us)  Max(us)    Avg(us)    Std_dev    Geo_dist  
Period   1        24934        24934        3.3        0          256      30998      3586       3389.32    2311.97
Global   30       722839       24094        3.4        0          187      108492     3689       3615.52    2361.87

[1;1H[2J
Get Statistics
Type     Time(s)  Ops          TPS(ops/s)   Net(M/s)   Get_miss   Min(us)  Max(us)    Avg(us)    Std_dev    Geo_dist  
Period   1        23280        23280        3.3        0          255      39624      3744       3631.93    2454.38
Global   31       738835       23833        3.2        0          187      108492     3689       3610.05    2364.21

Set Statistics
Type     Time(s)  Ops          TPS(ops/s)   Net(M/s)   Get_miss   Min(us)  Max(us)    Avg(us)    Std_dev    Geo_dist  
Period   1        239          239          0.0        0          340      18736      4395       3727.50    2907.71
Global   31       7507         242          0.0        0          276      53283      3862       4189.30    2439.60

Total Statistics
Type     Time(s)  Ops          TPS(ops/s)   Net(M/s)   Get_miss   Min(us)  Max(us)    Avg(us)    Std_dev    Geo_dist  
Period   1        23505        23505        3.3        0          255      39624      3753       3633.61    2462.23
Global   31       746344       24075        3.2        0          187      108492     3691       3616.12    2364.97

[1;1H[2J
Get Statistics
Type     Time(s)  Ops          TPS(ops/s)   Net(M/s)   Get_miss   Min(us)  Max(us)    Avg(us)    Std_dev    Geo_dist  
Period   1        23740        23740        3.3        0          244      43539      3703       3647.01    2407.29
Global   32       762575       23830        3.3        0          187      108492     3690       3610.65    2365.60

Set Statistics
Type     Time(s)  Ops          TPS(ops/s)   Net(M/s)   Get_miss   Min(us)  Max(us)    Avg(us)    Std_dev    Geo_dist  
Period   1        244          244          0.0        0          382      43541      4274       4445.99    2768.13
Global   32       7751         242          0.0        0          276      53283      3875       4197.91    2449.32

Total Statistics
Type     Time(s)  Ops          TPS(ops/s)   Net(M/s)   Get_miss   Min(us)  Max(us)    Avg(us)    Std_dev    Geo_dist  
Period   1        23982        23982        3.3        0          244      43541      3709       3656.24    2411.40
Global   32       770326       24072        3.3        0          187      108492     3692       3616.93    2366.43

[1;1H[2J
Get Statistics
Type     Time(s)  Ops          TPS(ops/s)   Net(M/s)   Get_miss   Min(us)  Max(us)    Avg(us)    Std_dev    Geo_dist  
Period   1        24046        24046        3.3        0          253      37316      3676       3656.53    2356.79
Global   33       786621       23837        3.3        0          187      108492     3689       3612.64    2365.33

Set Statistics
Type     Time(s)  Ops          TPS(ops/s)   Net(M/s)   Get_miss   Min(us)  Max(us)    Avg(us)    Std_dev    Geo_dist  
Period   1        244          244          0.0        0          495      29972      4022       3876.11    2641.10
Global   33       7995         242          0.0        0          276      53283      3880       4187.83    2454.96

Total Statistics
Type     Time(s)  Ops          TPS(ops/s)   Net(M/s)   Get_miss   Min(us)  Max(us)    Avg(us)    Std_dev    Geo_dist  
Period   1        24292        24292        3.3        0          253      37316      3679       3659.07    2359.30
Global   33       794618       24079        3.3        0          187      108492     3691       3618.84    2366.21

[1;1H[2J
Get Statistics
Type     Time(s)  Ops          TPS(ops/s)   Net(M/s)   Get_miss   Min(us)  Max(us)    Avg(us)    Std_dev    Geo_dist  
Period   1        23363        23363        3.3        0          169      38534      3767       3446.61    2471.71
Global   34       809984       23823        3.2        0          169      108492     3692       3607.21    2368.35

Set Statistics
Type     Time(s)  Ops          TPS(ops/s)   Net(M/s)   Get_miss   Min(us)  Max(us)    Avg(us)    Std_dev    Geo_dist  
Period   1        235          235          0.0        0          549      38130      4160       4159.17    2684.77
Global   34       8230         242          0.0        0          276      53283      3888       4187.02    2461.24

Total Statistics
Type     Time(s)  Ops          TPS(ops/s)   Net(M/s)   Get_miss   Min(us)  Max(us)    Avg(us)    Std_dev    Geo_dist  
Period   1        23598        23598        3.3        0          169      38534      3772       3453.92    2474.85
Global   34       818216       24065        3.2        0          169      108492     3694       3613.54    2369.27

[1;1H[2J
Get Statistics
Type     Time(s)  Ops          TPS(ops/s)   Net(M/s)   Get_miss   Min(us)  Max(us)    Avg(us)    Std_dev    Geo_dist  
Period   1        23189        23189        3.3        0          244      62905      3828       4171.38    2390.13
Global   35       833173       23804        3.2        0          169      108492     3696       3623.97    2369.00

Set Statistics
Type     Time(s)  Ops          TPS(ops/s)   Net(M/s)   Get_miss   Min(us)  Max(us)    Avg(us)    Std_dev    Geo_dist  
Period   1        231          231          0.0        0          272      22868      3830       3767.95    2443.53
Global   35       8461         241          0.0        0          272      53283      3886       4176.33    2460.76

Total Statistics
Type     Time(s)  Ops          TPS(ops/s)   Net(M/s)   Get_miss   Min(us)  Max(us)    Avg(us)    Std_dev    Geo_dist  
Period   1        23424        23424        3.3        0          244      62905      3827       4167.83    2391.61
Global   35       841640       24046        3.2        0          169      108492     3697       3630.88    2369.89

[1;1H[2J
Get Statistics
Type     Time(s)  Ops          TPS(ops/s)   Net(M/s)   Get_miss   Min(us)  Max(us)    Avg(us)    Std_dev    Geo_dist  
Period   1        23853        23853        3.3        0          226      91835      3668       3687.20    2345.21
Global   36       857026       23806        3.3        0          169      108492     3695       3625.97    2368.45

Set Statistics
Type     Time(s)  Ops          TPS(ops/s)   Net(M/s)   Get_miss   Min(us)  Max(us)    Avg(us)    Std_dev    Geo_dist  
Period   1        245          245          0.0        0          409      19018      3603       3324.79    2360.52
Global   36       8706         241          0.0        0          272      53283      3878       4154.89    2457.88

Total Statistics
Type     Time(s)  Ops          TPS(ops/s)   Net(M/s)   Get_miss   Min(us)  Max(us)    Avg(us)    Std_dev    Geo_dist  
Period   1        24094        24094        3.3        0          226      91835      3668       3684.14    2349.45
Global   36       865734       24048        3.3        0          169      108492     3697       3631.56    2369.34

[1;1H[2J
Get Statistics
Type     Time(s)  Ops          TPS(ops/s)   Net(M/s)   Get_miss   Min(us)  Max(us)    Avg(us)    Std_dev    Geo_dist  
Period   1        23523        23523        3.3        0          236      72033      3767       3742.07    2395.27
Global   37       880549       23798        3.2        0          169      108492     3697       3629.06    2369.19

Set Statistics
Type     Time(s)  Ops          TPS(ops/s)   Net(M/s)   Get_miss   Min(us)  Max(us)    Avg(us)    Std_dev    Geo_dist  
Period   1        232          232          0.0        0          347      25341      4046       3803.00    2615.91
Global   37       8938         241          0.0        0          272      53283      3882       4146.37    2461.86

Total Statistics
Type     Time(s)  Ops          TPS(ops/s)   Net(M/s)   Get_miss   Min(us)  Max(us)    Avg(us)    Std_dev    Geo_dist  
Period   1        23753        23753        3.3        0          236      72033      3769       3743.46    2398.01
Global   37       889487       24040        3.3        0          169      108492     3699       3634.53    2370.10

[1;1H[2J
Get Statistics
Type     Time(s)  Ops          TPS(ops/s)   Net(M/s)   Get_miss   Min(us)  Max(us)    Avg(us)    Std_dev    Geo_dist  
Period   1        22845        22845        3.3        0          218      81486      3841       3976.06    2368.59
Global   38       903394       23773        3.1        0          169      108492     3700       3638.97    2369.17

Set Statistics
Type     Time(s)  Ops          TPS(ops/s)   Net(M/s)   Get_miss   Min(us)  Max(us)    Avg(us)    Std_dev    Geo_dist  
Period   1        229          229          0.0        0          437      59263      4486       5725.33    2597.94
Global   38       9167         241          0.0        0          272      59263      3897       4193.78    2465.17

Total Statistics
Type     Time(s)  Ops          TPS(ops/s)   Net(M/s)   Get_miss   Min(us)  Max(us)    Avg(us)    Std_dev    Geo_dist  
Period   1        23076        23076        3.3        0          218      81486      3847       3997.58    2369.90
Global   38       912563       24014        3.2        0          169      108492     3702       3644.98    2370.11

[1;1H[2J
Get Statistics
Type     Time(s)  Ops          TPS(ops/s)   Net(M/s)   Get_miss   Min(us)  Max(us)    Avg(us)    Std_dev    Geo_dist  
Period   1        23787        23787        3.3        0          223      47456      3665       3486.66    2306.94
Global   39       927181       23773        3.3        0          169      108492     3699       3635.24    2367.57

Set Statistics
Type     Time(s)  Ops          TPS(ops/s)   Net(M/s)   Get_miss   Min(us)  Max(us)    Avg(us)    Std_dev    Geo_dist  
Period   1        248          248          0.0        0          387      19522      3826       3558.94    2429.73
Global   39       9415         241          0.0        0          272      59263      3896       4177.33    2464.23

Total Statistics
Type     Time(s)  Ops          TPS(ops/s)   Net(M/s)   Get_miss   Min(us)  Max(us)    Avg(us)    Std_dev    Geo_dist  
Period   1        24035        24035        3.3        0          223      47456      3667       3487.53    2309.16
Global   39       936598       24015        3.3        0          169      108492     3701       3641.13    2368.53

[1;1H[2J
Get Statistics
Type     Time(s)  Ops          TPS(ops/s)   Net(M/s)   Get_miss   Min(us)  Max(us)    Avg(us)    Std_dev    Geo_dist  
Period   1        23108        23108        3.3        0          206      83138      3831       4153.15    2356.85
Global   40       950289       23757        3.2        0          169      108492     3703       3647.97    2367.33

Set Statistics
Type     Time(s)  Ops          TPS(ops/s)   Net(M/s)   Get_miss   Min(us)  Max(us)    Avg(us)    Std_dev    Geo_dist  
Period   1        228          228          0.0        0          461      38286      4598       4783.73    2849.42
Global   40       9643         241          0.0        0          272      59263      3912       4194.32    2472.71

Total Statistics
Type     Time(s)  Ops          TPS(ops/s)   Net(M/s)   Get_miss   Min(us)  Max(us)    Avg(us)    Std_dev    Geo_dist  
Period   1        23336        23336        3.3        0          206      83138      3839       4160.10    2362.11
Global   40       959934       23998        3.2        0          169      108492     3705       3654.03    2368.37

[1;1H[2J
Get Statistics
Type     Time(s)  Ops          TPS(ops/s)   Net(M/s)   Get_miss   Min(us)  Max(us)    Avg(us)    Std_dev    Geo_dist  
Period   1        24166        24166        3.3        0          243      28104      3660       3387.60    2362.59
Global   41       974455       23767        3.3        0          169      108492     3702       3641.68    2367.24

Set Statistics
Type     Time(s)  Ops          TPS(ops/s)   Net(M/s)   Get_miss   Min(us)  Max(us)    Avg(us)    Std_dev    Geo_dist  
Period   1        245          245          0.0        0          383      13212      3638       3156.41    2441.68
Global   41       9888         241          0.0        0          272      59263      3905       4172.01    2471.93

Total Statistics
Type     Time(s)  Ops          TPS(ops/s)   Net(M/s)   Get_miss   Min(us)  Max(us)    Avg(us)    Std_dev    Geo_dist  
Period   1        24409        24409        3.3        0          243      28104      3660       3385.10    2364.03
Global   41       984343       24008        3.4        0          169      108492     3704       3647.48    2368.27

[1;1H[2J
Get Statistics
Type     Time(s)  Ops          TPS(ops/s)   Net(M/s)   Get_miss   Min(us)  Max(us)    Avg(us)    Std_dev    Geo_dist  
Period   1        23964        23964        3.3        0          217      56293      3676       3732.38    2331.79
Global   42       998419       23771        3.3        0          169      108492     3701       3644.27    2366.38

Set Statistics
Type     Time(s)  Ops          TPS(ops/s)   Net(M/s)   Get_miss   Min(us)  Max(us)    Avg(us)    Std_dev    Geo_dist  
Period   1        244          244          0.0        0          276      27701      3755       3695.49    2418.68
Global   42       10132        241          0.0        0          272      59263      3902       4160.51    2470.64

Total Statistics
Type     Time(s)  Ops          TPS(ops/s)   Net(M/s)   Get_miss   Min(us)  Max(us)    Avg(us)    Std_dev    Geo_dist  
Period   1        24208        24208        3.3        0          217      56293      3677       3731.74    2332.65
Global   42       1008551      24013        3.3        0          169      108492     3703       3649.89    2367.41

[1;1H[2J
Get Statistics
Type     Time(s)  Ops          TPS(ops/s)   Net(M/s)   Get_miss   Min(us)  Max(us)    Avg(us)    Std_dev    Geo_dist  
Period   1        22699        22699        3.3        0          230      77056      3873       3954.86    2400.43
Global   43       1021118      23746        3.1        0          169      108492     3705       3651.36    2367.13

Set Statistics
Type     Time(s)  Ops          TPS(ops/s)   Net(M/s)   Get_miss   Min(us)  Max(us)    Avg(us)    Std_dev    Geo_dist  
Period   1        224          224          0.0        0          543      16776      3740       3285.52    2423.23
Global   43       10356        240          0.0        0          272      59263      3898       4143.94    2469.60

Total Statistics
Type     Time(s)  Ops          TPS(ops/s)   Net(M/s)   Get_miss   Min(us)  Max(us)    Avg(us)    Std_dev    Geo_dist  
Period   1        22923        22923        3.3        0          230      77056      3872       3948.53    2400.65
Global   43       1031474      23987        3.1        0          169      108492     3707       3656.62    2368.14

[1;1H[2J
Get Statistics
Type     Time(s)  Ops          TPS(ops/s)   Net(M/s)   Get_miss   Min(us)  Max(us)    Avg(us)    Std_dev    Geo_dist  
Period   1        22492        22492        3.3        0          229      63869      3910       4320.53    2346.52
Global   44       1043610      23718        3.1        0          169      108492     3709       3667.62    2366.69

Set Statistics
Type     Time(s)  Ops          TPS(ops/s)   Net(M/s)   Get_miss   Min(us)  Max(us)    Avg(us)    Std_dev    Geo_dist  
Period   1        232          232          0.0        0          438      29277      3794       4368.64    2237.04
Global   44       10588        240          0.0        0          272      59263      3896       4148.54    2464.26

Total Statistics
Type     Time(s)  Ops          TPS(ops/s)   Net(M/s)   Get_miss   Min(us)  Max(us)    Avg(us)    Std_dev    Geo_dist  
Period   1        22725        22725        3.3        0          229      63869      3908       4321.51    2345.30
Global   44       1054199      23959        3.1        0          169      108492     3711       3672.68    2367.64

[1;1H[2J
Get Statistics
Type     Time(s)  Ops          TPS(ops/s)   Net(M/s)   Get_miss   Min(us)  Max(us)    Avg(us)    Std_dev    Geo_dist  
Period   1        24445        24445        3.3        0          258      50829      3563       3436.49    2265.19
Global   45       1068055      23734        3.4        0          169      108492     3706       3662.21    2364.33

Set Statistics
Type     Time(s)  Ops          TPS(ops/s)   Net(M/s)   Get_miss   Min(us)  Max(us)    Avg(us)    Std_dev    Geo_dist  
Period   1        249          249          0.0        0          488      12701      3359       3120.50    2200.04
Global   45       10837        240          0.0        0          272      59263      3884       4128.15    2457.84

Total Statistics
Type     Time(s)  Ops          TPS(ops/s)   Net(M/s)   Get_miss   Min(us)  Max(us)    Avg(us)    Std_dev    Geo_dist  
Period   1        24697        24697        3.3        0          258      50829      3561       3433.73    2264.52
Global   45       1078896      23975        3.4        0          169      108492     3708       3667.01    2365.25

[1;1H[2J
Get Statistics
Type     Time(s)  Ops          TPS(ops/s)   Net(M/s)   Get_miss   Min(us)  Max(us)    Avg(us)    Std_dev    Geo_dist  
Period   1        22360        22360        3.3        0          173      67790      3939       4061.32    2303.18
Global   46       1090415      23704        3.1        0          169      108492     3711       3670.76    2363.09

Set Statistics
Type     Time(s)  Ops          TPS(ops/s)   Net(M/s)   Get_miss   Min(us)  Max(us)    Avg(us)    Std_dev    Geo_dist  
Period   1        220          220          0.0        0          367      20595      4220       4035.42    2519.34
Global   46       11057        240          0.0        0          272      59263      3890       4127.06    2459.05

Total Statistics
Type     Time(s)  Ops          TPS(ops/s)   Net(M/s)   Get_miss   Min(us)  Max(us)    Avg(us)    Std_dev    Geo_dist  
Period   1        22580        22580        3.3        0          173      67790      3941       4061.22    2305.02
Global   46       1101476      23945        3.1        0          169      108492     3712       3676.45    2364.03

[1;1H[2J
Get Statistics
Type     Time(s)  Ops          TPS(ops/s)   Net(M/s)   Get_miss   Min(us)  Max(us)    Avg(us)    Std_dev    Geo_dist  
Period   1        22977        22977        3.3        0          251      48381      3860       3955.71    2421.40
Global   47       1113392      23689        3.2        0          169      108492     3714       3677.00    2364.34

Set Statistics
Type     Time(s)  Ops          TPS(ops/s)   Net(M/s)   Get_miss   Min(us)  Max(us)    Avg(us)    Std_dev    Geo_dist  
Period   1        235          235          0.0        0          525      27611      4094       4174.70    2526.14
Global   47       11292        240          0.0        0          272      59263      3895       4127.26    2460.43

Total Statistics
Type     Time(s)  Ops          TPS(ops/s)   Net(M/s)   Get_miss   Min(us)  Max(us)    Avg(us)    Std_dev    Geo_dist  
Period   1        23210        23210        3.3        0          251      48381      3863       3957.70    2424.92
Global   47       1124686      23929        3.2        0          169      108492     3716       3681.64    2365.28

[1;1H[2J
Get Statistics
Type     Time(s)  Ops          TPS(ops/s)   Net(M/s)   Get_miss   Min(us)  Max(us)    Avg(us)    Std_dev    Geo_dist  
Period   1        23604        23604        3.3        0          231      46837      3744       3589.35    2432.19
Global   48       1136996      23687        3.2        0          169      108492     3714       3675.83    2365.74

Set Statistics
Type     Time(s)  Ops          TPS(ops/s)   Net(M/s)   Get_miss   Min(us)  Max(us)    Avg(us)    Std_dev    Geo_dist  
Period   1        239          239          0.0        0          380      21278      3756       3397.40    2478.43
Global   48       11531        240          0.0        0          272      59263      3892       4113.49    2460.80

Total Statistics
Type     Time(s)  Ops          TPS(ops/s)   Net(M/s)   Get_miss   Min(us)  Max(us)    Avg(us)    Std_dev    Geo_dist  
Period   1        23842        23842        3.3        0          231      46837      3744       3587.69    2433.32
Global   48       1148528      23927        3.3        0          169      108492     3716       3680.31    2366.68

[1;1H[2J
Get Statistics
Type     Time(s)  Ops          TPS(ops/s)   Net(M/s)   Get_miss   Min(us)  Max(us)    Avg(us)    Std_dev    Geo_dist  
Period   1        23508        23508        3.3        0          303      47421      3760       3770.41    2345.21
Global   49       1160504      23683        3.2        0          169      108492     3715       3677.71    2365.34

Set Statistics
Type     Time(s)  Ops          TPS(ops/s)   Net(M/s)   Get_miss   Min(us)  Max(us)    Avg(us)    Std_dev    Geo_dist  
Period   1        230          230          0.0        0          488      14800      3962       3437.83    2606.66
Global   49       11761        240          0.0        0          272      59263      3893       4101.58    2463.57

Total Statistics
Type     Time(s)  Ops          TPS(ops/s)   Net(M/s)   Get_miss   Min(us)  Max(us)    Avg(us)    Std_dev    Geo_dist  
Period   1        23739        23739        3.3        0          303      47421      3754       3771.35    2302.46
Global   49       1172267      23923        3.3        0          169      108492     3717       3682.03    2366.31

[1;1H[2J
Get Statistics
Type     Time(s)  Ops          TPS(ops/s)   Net(M/s)   Get_miss   Min(us)  Max(us)    Avg(us)    Std_dev    Geo_dist  
Period   1        22231        22231        3.2        0          271      41249      3959       3872.04    2539.69
Global   50       1182735      23654        3.1        0          169      108492     3720       3681.19    2368.52

Set Statistics
Type     Time(s)  Ops          TPS(ops/s)   Net(M/s)   Get_miss   Min(us)  Max(us)    Avg(us)    Std_dev    Geo_dist  
Period   1        236          236          0.0        0          465      22453      4197       3834.74    2798.86
Global   50       11997        239          0.0        0          272      59263      3899       4096.55    2469.77

Total Statistics
Type     Time(s)  Ops          TPS(ops/s)   Net(M/s)   Get_miss   Min(us)  Max(us)    Avg(us)    Std_dev    Geo_dist  
Period   1        22466        22466        3.3        0          271      41249      3962       3871.28    2543.17
Global   50       1194733      23894        3.1        0          169      108492     3722       3685.43    2369.52

[1;1H[2J
Get Statistics
Type     Time(s)  Ops          TPS(ops/s)   Net(M/s)   Get_miss   Min(us)  Max(us)    Avg(us)    Std_dev    Geo_dist  
Period   1        24316        24316        3.3        0          210      46860      3637       3583.75    2363.99
Global   51       1207051      23667        3.3        0          169      108492     3718       3679.61    2368.45

Set Statistics
Type     Time(s)  Ops          TPS(ops/s)   Net(M/s)   Get_miss   Min(us)  Max(us)    Avg(us)    Std_dev    Geo_dist  
Period   1        237          237          0.0        0          551      20517      3956       3636.69    2533.53
Global   51       12234        239          0.0        0          272      59263      3900       4088.10    2470.99

Total Statistics
Type     Time(s)  Ops          TPS(ops/s)   Net(M/s)   Get_miss   Min(us)  Max(us)    Avg(us)    Std_dev    Geo_dist  
Period   1        24552        24552        3.3        0          210      46860      3640       3584.26    2365.46
Global   51       1219285      23907        3.4        0          169      108492     3720       3683.80    2369.45

[1;1H[2J
Get Statistics
Type     Time(s)  Ops          TPS(ops/s)   Net(M/s)   Get_miss   Min(us)  Max(us)    Avg(us)    Std_dev    Geo_dist  
Period   1        23310        23310        3.2        0          275      42351      3781       3931.72    2438.56
Global   52       1230361      23660        3.2        0          169      108492     3719       3684.75    2369.76

Set Statistics
Type     Time(s)  Ops          TPS(ops/s)   Net(M/s)   Get_miss   Min(us)  Max(us)    Avg(us)    Std_dev    Geo_dist  
Period   1        235          235          0.0        0          397      24202      4095       4031.31    2644.80
Global   52       12469        239          0.0        0          272      59263      3904       4086.66    2474.15

Total Statistics
Type     Time(s)  Ops          TPS(ops/s)   Net(M/s)   Get_miss   Min(us)  Max(us)    Avg(us)    Std_dev    Geo_dist  
Period   1        23549        23549        3.3        0          275      42351      3785       3932.10    2440.92
Global   52       1242834      23900        3.2        0          169      108492     3721       3688.90    2370.79

[1;1H[2J
Get Statistics
Type     Time(s)  Ops          TPS(ops/s)   Net(M/s)   Get_miss   Min(us)  Max(us)    Avg(us)    Std_dev    Geo_dist  
Period   1        24194        24194        3.3        0          176      36131      3661       3430.01    2372.37
Global   53       1254555      23670        3.3        0          169      108492     3718       3679.89    2369.82

Set Statistics
Type     Time(s)  Ops          TPS(ops/s)   Net(M/s)   Get_miss   Min(us)  Max(us)    Avg(us)    Std_dev    Geo_dist  
Period   1        247          247          0.0        0          318      15159      3470       3224.19    2262.82
Global   53       12716        239          0.0        0          272      59263      3895       4072.53    2469.87

Total Statistics
Type     Time(s)  Ops          TPS(ops/s)   Net(M/s)   Get_miss   Min(us)  Max(us)    Avg(us)    Std_dev    Geo_dist  
Period   1        24439        24439        3.3        0          176      36131      3660       3427.18    2371.92
Global   53       1267273      23910        3.4        0          169      108492     3720       3683.86    2370.81

[1;1H[2J
Get Statistics
Type     Time(s)  Ops          TPS(ops/s)   Net(M/s)   Get_miss   Min(us)  Max(us)    Avg(us)    Std_dev    Geo_dist  
Period   1        23029        23029        3.2        0          248      34469      3817       3759.93    2432.07
Global   54       1277584      23658        3.2        0          169      108492     3720       3681.16    2370.95

Set Statistics
Type     Time(s)  Ops          TPS(ops/s)   Net(M/s)   Get_miss   Min(us)  Max(us)    Avg(us)    Std_dev    Geo_dist  
Period   1        233          233          0.0        0          364      27772      4283       4123.02    2779.59
Global   54       12949        239          0.0        0          272      59263      3902       4073.59    2475.12

Total Statistics
Type     Time(s)  Ops          TPS(ops/s)   Net(M/s)   Get_miss   Min(us)  Max(us)    Avg(us)    Std_dev    Geo_dist  
Period   1        23262        23262        3.3        0          248      34469      3822       3764.00    2436.28
Global   54       1290535      23898        3.2        0          169      108492     3722       3685.18    2371.97

[1;1H[2J
Get Statistics
Type     Time(s)  Ops          TPS(ops/s)   Net(M/s)   Get_miss   Min(us)  Max(us)    Avg(us)    Std_dev    Geo_dist  
Period   1        22866        22866        3.2        0          199      40370      3875       4088.58    2396.21
Global   55       1300450      23644        3.1        0          169      108492     3723       3688.50    2371.41

Set Statistics
Type     Time(s)  Ops          TPS(ops/s)   Net(M/s)   Get_miss   Min(us)  Max(us)    Avg(us)    Std_dev    Geo_dist  
Period   1        233          233          0.0        0          457      23258      3809       3683.87    2489.64
Global   55       13182        239          0.0        0          272      59263      3901       4066.30    2475.38

Total Statistics
Type     Time(s)  Ops          TPS(ops/s)   Net(M/s)   Get_miss   Min(us)  Max(us)    Avg(us)    Std_dev    Geo_dist  
Period   1        23097        23097        3.3        0          199      40370      3874       4084.97    2397.82
Global   55       1313632      23884        3.2        0          169      108492     3725       3692.30    2372.43

[1;1H[2J
Get Statistics
Type     Time(s)  Ops          TPS(ops/s)   Net(M/s)   Get_miss   Min(us)  Max(us)    Avg(us)    Std_dev    Geo_dist  
Period   1        22670        22670        3.2        0          225      55422      3888       4055.86    2465.66
Global   56       1323120      23627        3.1        0          169      108492     3726       3694.98    2372.99

Set Statistics
Type     Time(s)  Ops          TPS(ops/s)   Net(M/s)   Get_miss   Min(us)  Max(us)    Avg(us)    Std_dev    Geo_dist  
Period   1        229          229          0.0        0          419      30040      3966       3717.26    2562.18
Global   56       13411        239          0.0        0          272      59263      3902       4060.58    2476.84

Total Statistics
Type     Time(s)  Ops          TPS(ops/s)   Net(M/s)   Get_miss   Min(us)  Max(us)    Avg(us)    Std_dev    Geo_dist  
Period   1        22910        22910        3.3        0          225      55422      3890       4051.97    2467.75
Global   56       1336542      23866        3.1        0          169      108492     3727       3699.66    2374.03

[1;1H[2J
Get Statistics
Type     Time(s)  Ops          TPS(ops/s)   Net(M/s)   Get_miss   Min(us)  Max(us)    Avg(us)    Std_dev    Geo_dist  
Period   1        23551        23551        3.2        0          257      41525      3725       3748.24    2346.91
Global   57       1346671      23625        3.2        0          169      108492     3726       3695.94    2372.69

Set Statistics
Type     Time(s)  Ops          TPS(ops/s)   Net(M/s)   Get_miss   Min(us)  Max(us)    Avg(us)    Std_dev    Geo_dist  
Period   1        240          240          0.0        0          397      29279      3927       3826.05    2576.92
Global   57       13651        239          0.0        0          272      59263      3902       4056.86    2478.56

Total Statistics
Type     Time(s)  Ops          TPS(ops/s)   Net(M/s)   Get_miss   Min(us)  Max(us)    Avg(us)    Std_dev    Geo_dist  
Period   1        23787        23787        3.3        0          257      41525      3729       3748.91    2356.55
Global   57       1360329      23865        3.3        0          169      108492     3727       3700.56    2373.74

[1;1H[2J
Get Statistics
Type     Time(s)  Ops          TPS(ops/s)   Net(M/s)   Get_miss   Min(us)  Max(us)    Avg(us)    Std_dev    Geo_dist  
Period   1        23214        23214        3.2        0          163      64530      3825       3894.08    2415.22
Global   58       1369885      23618        3.2        0          163      108492     3727       3700.12    2373.49

Set Statistics
Type     Time(s)  Ops          TPS(ops/s)   Net(M/s)   Get_miss   Min(us)  Max(us)    Avg(us)    Std_dev    Geo_dist  
Period   1        232          232          0.0        0          405      18171      3700       3420.98    2387.63
Global   58       13883        239          0.0        0          272      59263      3899       4046.67    2477.01

Total Statistics
Type     Time(s)  Ops          TPS(ops/s)   Net(M/s)   Get_miss   Min(us)  Max(us)    Avg(us)    Std_dev    Geo_dist  
Period   1        23439        23439        3.3        0          163      64530      3823       3890.21    2415.16
Global   58       1383768      23858        3.2        0          163      108492     3729       3703.52    2374.51

[1;1H[2J
Get Statistics
Type     Time(s)  Ops          TPS(ops/s)   Net(M/s)   Get_miss   Min(us)  Max(us)    Avg(us)    Std_dev    Geo_dist  
Period   1        23859        23859        3.2        0          192      41732      3710       3957.71    2312.76
Global   59       1393744      23622        3.3        0          163      108492     3727       3704.39    2372.44

Set Statistics
Type     Time(s)  Ops          TPS(ops/s)   Net(M/s)   Get_miss   Min(us)  Max(us)    Avg(us)    Std_dev    Geo_dist  
Period   1        244          244          0.0        0          385      26219      4019       3966.69    2563.46
Global   59       14127        239          0.0        0          272      59263      3901       4045.27    2478.48

Total Statistics
Type     Time(s)  Ops          TPS(ops/s)   Net(M/s)   Get_miss   Min(us)  Max(us)    Avg(us)    Std_dev    Geo_dist  
Period   1        24103        24103        3.3        0          192      41732      3714       3957.02    2315.17
Global   59       1407871      23862        3.3        0          163      108492     3729       3707.75    2373.48

[1;1H[2J
Get Statistics
Type     Time(s)  Ops          TPS(ops/s)   Net(M/s)   Get_miss   Min(us)  Max(us)    Avg(us)    Std_dev    Geo_dist  
Period   1        21727        21727        3.2        0          265      87147      4030       4775.83    2478.65
Global   60       1415471      23591        3.0        0          163      108492     3732       3723.00    2374.03

Set Statistics
Type     Time(s)  Ops          TPS(ops/s)   Net(M/s)   Get_miss   Min(us)  Max(us)    Avg(us)    Std_dev    Geo_dist  
Period   1        216          216          0.0        0          453      17782      3706       3475.13    2456.53
Global   60       14343        239          0.0        0          272      59263      3898       4037.31    2478.15

Total Statistics
Type     Time(s)  Ops          TPS(ops/s)   Net(M/s)   Get_miss   Min(us)  Max(us)    Avg(us)    Std_dev    Geo_dist  
Period   1        21945        21945        3.3        0          265      87147      4027       4764.67    2478.65
Global   60       1429816      23830        3.0        0          163      108492     3733       3726.99    2375.06

Get Statistics (1415561 events)
   Min:       163
   Max:    108492
   Avg:      3733
   Geo:   2374.27
   Std:   3725.90
   Log2 Dist:
       8:      127    22294   311996   407728
      12:   195369   321503   145154    10162
      16:     1189       39

Set Statistics (14344 events)
   Min:       272
   Max:     59263
   Avg:      3899
   Geo:   2478.51
   Std:   4039.43
   Log2 Dist:
       8:        0      188     2935     4180
      12:     2054     3200     1645      111
      16:       31

Total Statistics (1429905 events)
   Min:       163
   Max:    108492
   Avg:      3734
   Geo:   2375.30
   Std:   3729.88
   Log2 Dist:
       8:      127    22482   314931   411908
      12:   197423   324703   146799    10273
      16:     1220       39

cmd_get: 1415650
cmd_set: 14344
get_misses: 0
written_bytes: 33437382
read_bytes: 233682317
object_bytes: 2065536

Run time: 60.5s Ops: 1429994 TPS: 23618 Net_rate: 4.2M/s
