servers : 10.0.0.6:9000
threads count: 30
concurrency: 30
run time: 60s
windows size: 10k
set proportion: set_prop=0.01
get proportion: get_prop=0.99
[1;1H[2J
Get Statistics
Type     Time(s)  Ops          TPS(ops/s)   Net(M/s)   Get_miss   Min(us)  Max(us)    Avg(us)    Std_dev    Geo_dist  
Period   1        15471        15471        2.1        0          196      10922      1905       2361.77    1202.99
Global   1        15471        15471        2.1        0          196      10922      1905       2361.77    1202.99

Set Statistics
Type     Time(s)  Ops          TPS(ops/s)   Net(M/s)   Get_miss   Min(us)  Max(us)    Avg(us)    Std_dev    Geo_dist  
Period   1        176          176          0.0        0          286      8433       2590       2827.06    1531.71
Global   1        176          176          0.0        0          286      8433       2590       2827.06    1531.71

Total Statistics
Type     Time(s)  Ops          TPS(ops/s)   Net(M/s)   Get_miss   Min(us)  Max(us)    Avg(us)    Std_dev    Geo_dist  
Period   1        15647        15647        2.1        0          196      10922      1913       2368.27    1206.27
Global   1        15647        15647        2.1        0          196      10922      1913       2368.27    1206.27

[1;1H[2J
Get Statistics
Type     Time(s)  Ops          TPS(ops/s)   Net(M/s)   Get_miss   Min(us)  Max(us)    Avg(us)    Std_dev    Geo_dist  
Period   1        15981        15981        2.2        0          205      11696      1847       2276.20    1187.95
Global   2        31452        15726        2.2        0          196      11696      1876       2318.45    1195.33

Set Statistics
Type     Time(s)  Ops          TPS(ops/s)   Net(M/s)   Get_miss   Min(us)  Max(us)    Avg(us)    Std_dev    Geo_dist  
Period   1        158          158          0.0        0          424      8595       2019       2349.93    1318.58
Global   2        334          167          0.0        0          286      8595       2320       2623.87    1426.91

Total Statistics
Type     Time(s)  Ops          TPS(ops/s)   Net(M/s)   Get_miss   Min(us)  Max(us)    Avg(us)    Std_dev    Geo_dist  
Period   1        16139        16139        2.2        0          205      11696      1849       2276.67    1189.16
Global   2        31786        15893        2.2        0          196      11696      1881       2321.99    1197.55

[1;1H[2J
Get Statistics
Type     Time(s)  Ops          TPS(ops/s)   Net(M/s)   Get_miss   Min(us)  Max(us)    Avg(us)    Std_dev    Geo_dist  
Period   1        15558        15558        2.2        0          228      19161      1925       2469.53    1185.14
Global   3        47010        15670        2.1        0          196      19161      1892       2369.78    1191.95

Set Statistics
Type     Time(s)  Ops          TPS(ops/s)   Net(M/s)   Get_miss   Min(us)  Max(us)    Avg(us)    Std_dev    Geo_dist  
Period   1        153          153          0.0        0          369      17245      1937       2630.62    1184.97
Global   3        487          162          0.0        0          286      17245      2200       2629.04    1346.00

Total Statistics
Type     Time(s)  Ops          TPS(ops/s)   Net(M/s)   Get_miss   Min(us)  Max(us)    Avg(us)    Std_dev    Geo_dist  
Period   1        15711        15711        2.2        0          228      19161      1925       2471.15    1185.14
Global   3        47497        15832        2.2        0          196      19161      1895       2372.88    1193.43

[1;1H[2J
Get Statistics
Type     Time(s)  Ops          TPS(ops/s)   Net(M/s)   Get_miss   Min(us)  Max(us)    Avg(us)    Std_dev    Geo_dist  
Period   1        15720        15720        2.2        0          199      12337      1881       2395.20    1147.40
Global   4        62730        15682        2.2        0          196      19161      1889       2376.35    1180.62

Set Statistics
Type     Time(s)  Ops          TPS(ops/s)   Net(M/s)   Get_miss   Min(us)  Max(us)    Avg(us)    Std_dev    Geo_dist  
Period   1        163          163          0.0        0          367      10469      1865       2455.26    1139.77
Global   4        650          162          0.0        0          286      17245      2116       2588.77    1291.02

Total Statistics
Type     Time(s)  Ops          TPS(ops/s)   Net(M/s)   Get_miss   Min(us)  Max(us)    Avg(us)    Std_dev    Geo_dist  
Period   1        15883        15883        2.2        0          199      12337      1881       2395.62    1147.32
Global   4        63380        15845        2.2        0          196      19161      1892       2378.18    1181.70

[1;1H[2J
Get Statistics
Type     Time(s)  Ops          TPS(ops/s)   Net(M/s)   Get_miss   Min(us)  Max(us)    Avg(us)    Std_dev    Geo_dist  
Period   1        15367        15367        2.1        0          187      11245      1935       2418.42    1161.59
Global   5        78097        15619        2.1        0          187      19161      1898       2384.79    1176.85

Set Statistics
Type     Time(s)  Ops          TPS(ops/s)   Net(M/s)   Get_miss   Min(us)  Max(us)    Avg(us)    Std_dev    Geo_dist  
Period   1        155          155          0.0        0          311      8813       1872       2361.45    1124.66
Global   5        805          161          0.0        0          286      17245      2069       2547.00    1257.18

Total Statistics
Type     Time(s)  Ops          TPS(ops/s)   Net(M/s)   Get_miss   Min(us)  Max(us)    Avg(us)    Std_dev    Geo_dist  
Period   1        15522        15522        2.2        0          187      11245      1934       2418.09    1161.22
Global   5        78902        15780        2.1        0          187      19161      1900       2386.34    1177.65

[1;1H[2J
Get Statistics
Type     Time(s)  Ops          TPS(ops/s)   Net(M/s)   Get_miss   Min(us)  Max(us)    Avg(us)    Std_dev    Geo_dist  
Period   1        15552        15552        2.1        0          200      48175      1888       2958.09    1108.93
Global   6        93649        15608        2.1        0          187      48175      1897       2488.63    1165.29

Set Statistics
Type     Time(s)  Ops          TPS(ops/s)   Net(M/s)   Get_miss   Min(us)  Max(us)    Avg(us)    Std_dev    Geo_dist  
Period   1        157          157          0.0        0          320      48173      2542       5429.36    1224.49
Global   6        962          160          0.0        0          286      48173      2146       3200.62    1251.79

Total Statistics
Type     Time(s)  Ops          TPS(ops/s)   Net(M/s)   Get_miss   Min(us)  Max(us)    Avg(us)    Std_dev    Geo_dist  
Period   1        15709        15709        2.2        0          200      48175      1894       2993.63    1110.03
Global   6        94611        15768        2.2        0          187      48175      1899       2497.40    1166.14

[1;1H[2J
Get Statistics
Type     Time(s)  Ops          TPS(ops/s)   Net(M/s)   Get_miss   Min(us)  Max(us)    Avg(us)    Std_dev    Geo_dist  
Period   1        15639        15639        2.1        0          206      46283      1928       3072.54    1138.10
Global   7        109288       15612        2.1        0          187      48175      1901       2580.63    1161.36

Set Statistics
Type     Time(s)  Ops          TPS(ops/s)   Net(M/s)   Get_miss   Min(us)  Max(us)    Avg(us)    Std_dev    Geo_dist  
Period   1        157          157          0.0        0          373      8729       1679       2203.57    1074.56
Global   7        1119         159          0.0        0          286      48173      2080       3084.04    1225.26

Total Statistics
Type     Time(s)  Ops          TPS(ops/s)   Net(M/s)   Get_miss   Min(us)  Max(us)    Avg(us)    Std_dev    Geo_dist  
Period   1        15798        15798        2.2        0          206      46283      1925       3065.25    1137.45
Global   7        110409       15772        2.2        0          187      48175      1903       2586.10    1161.99

[1;1H[2J
Get Statistics
Type     Time(s)  Ops          TPS(ops/s)   Net(M/s)   Get_miss   Min(us)  Max(us)    Avg(us)    Std_dev    Geo_dist  
Period   1        15393        15393        2.1        0          164      10312      1932       2405.00    1198.40
Global   8        124681       15585        2.1        0          164      48175      1905       2559.49    1165.94

Set Statistics
Type     Time(s)  Ops          TPS(ops/s)   Net(M/s)   Get_miss   Min(us)  Max(us)    Avg(us)    Std_dev    Geo_dist  
Period   1        155          155          0.0        0          302      8715       1900       2413.89    1181.36
Global   8        1274         159          0.0        0          286      48173      2058       3010.31    1219.83

Total Statistics
Type     Time(s)  Ops          TPS(ops/s)   Net(M/s)   Get_miss   Min(us)  Max(us)    Avg(us)    Std_dev    Geo_dist  
Period   1        15546        15546        2.2        0          164      10312      1932       2404.99    1198.78
Global   8        125955       15744        2.1        0          164      48175      1906       2564.88    1166.47

[1;1H[2J
Get Statistics
Type     Time(s)  Ops          TPS(ops/s)   Net(M/s)   Get_miss   Min(us)  Max(us)    Avg(us)    Std_dev    Geo_dist  
Period   1        15130        15130        2.1        0          148      12776      1951       2465.15    1186.42
Global   9        139811       15534        2.1        0          148      48175      1910       2549.46    1168.14

Set Statistics
Type     Time(s)  Ops          TPS(ops/s)   Net(M/s)   Get_miss   Min(us)  Max(us)    Avg(us)    Std_dev    Geo_dist  
Period   1        152          152          0.0        0          237      12701      1916       2500.48    1163.48
Global   9        1426         158          0.0        0          237      48173      2043       2959.61    1213.70

Total Statistics
Type     Time(s)  Ops          TPS(ops/s)   Net(M/s)   Get_miss   Min(us)  Max(us)    Avg(us)    Std_dev    Geo_dist  
Period   1        15282        15282        2.2        0          148      12776      1951       2465.15    1186.19
Global   9        141237       15693        2.1        0          148      48175      1911       2554.21    1168.59

[1;1H[2J
Get Statistics
Type     Time(s)  Ops          TPS(ops/s)   Net(M/s)   Get_miss   Min(us)  Max(us)    Avg(us)    Std_dev    Geo_dist  
Period   1        15820        15820        2.1        0          222      12438      1883       2434.03    1141.12
Global   10       155631       15563        2.2        0          148      48175      1907       2538.16    1165.36

Set Statistics
Type     Time(s)  Ops          TPS(ops/s)   Net(M/s)   Get_miss   Min(us)  Max(us)    Avg(us)    Std_dev    Geo_dist  
Period   1        162          162          0.0        0          326      8724       2194       2723.01    1249.50
Global   10       1588         158          0.0        0          237      48173      2059       2935.47    1217.30

Total Statistics
Type     Time(s)  Ops          TPS(ops/s)   Net(M/s)   Get_miss   Min(us)  Max(us)    Avg(us)    Std_dev    Geo_dist  
Period   1        15982        15982        2.2        0          222      12438      1886       2437.35    1142.17
Global   10       157219       15721        2.2        0          148      48175      1909       2542.17    1165.87

[1;1H[2J
Get Statistics
Type     Time(s)  Ops          TPS(ops/s)   Net(M/s)   Get_miss   Min(us)  Max(us)    Avg(us)    Std_dev    Geo_dist  
Period   1        15691        15691        2.1        0          232      17869      1884       2398.19    1173.67
Global   11       171322       15574        2.2        0          148      48175      1905       2525.59    1166.12

Set Statistics
Type     Time(s)  Ops          TPS(ops/s)   Net(M/s)   Get_miss   Min(us)  Max(us)    Avg(us)    Std_dev    Geo_dist  
Period   1        157          157          0.0        0          288      8373       1701       2119.40    1131.21
Global   11       1745         158          0.0        0          237      48173      2026       2873.46    1209.30

Total Statistics
Type     Time(s)  Ops          TPS(ops/s)   Net(M/s)   Get_miss   Min(us)  Max(us)    Avg(us)    Std_dev    Geo_dist  
Period   1        15848        15848        2.2        0          232      17869      1883       2394.96    1173.24
Global   11       173067       15733        2.2        0          148      48175      1906       2529.52    1166.55

[1;1H[2J
Get Statistics
Type     Time(s)  Ops          TPS(ops/s)   Net(M/s)   Get_miss   Min(us)  Max(us)    Avg(us)    Std_dev    Geo_dist  
Period   1        16360        16360        2.1        0          204      10674      1823       2358.64    1118.93
Global   12       187682       15640        2.2        0          148      48175      1898       2511.47    1161.93

Set Statistics
Type     Time(s)  Ops          TPS(ops/s)   Net(M/s)   Get_miss   Min(us)  Max(us)    Avg(us)    Std_dev    Geo_dist  
Period   1        163          163          0.0        0          300      9274       1564       2085.25    1022.58
Global   12       1908         159          0.0        0          237      48173      1987       2816.96    1192.09

Total Statistics
Type     Time(s)  Ops          TPS(ops/s)   Net(M/s)   Get_miss   Min(us)  Max(us)    Avg(us)    Std_dev    Geo_dist  
Period   1        16523        16523        2.2        0          204      10674      1821       2355.75    1117.93
Global   12       189590       15799        2.3        0          148      48175      1899       2514.65    1162.23

[1;1H[2J
Get Statistics
Type     Time(s)  Ops          TPS(ops/s)   Net(M/s)   Get_miss   Min(us)  Max(us)    Avg(us)    Std_dev    Geo_dist  
Period   1        16016        16016        2.2        0          192      18253      1846       2396.31    1128.94
Global   13       203698       15669        2.2        0          148      48175      1894       2502.57    1159.30

Set Statistics
Type     Time(s)  Ops          TPS(ops/s)   Net(M/s)   Get_miss   Min(us)  Max(us)    Avg(us)    Std_dev    Geo_dist  
Period   1        162          162          0.0        0          245      8697       1858       2294.12    1166.52
Global   13       2070         159          0.0        0          237      48173      1977       2779.26    1190.07

Total Statistics
Type     Time(s)  Ops          TPS(ops/s)   Net(M/s)   Get_miss   Min(us)  Max(us)    Avg(us)    Std_dev    Geo_dist  
Period   1        16178        16178        2.2        0          192      18253      1846       2395.33    1129.31
Global   13       205768       15828        2.2        0          148      48175      1895       2505.39    1159.61

[1;1H[2J
Get Statistics
Type     Time(s)  Ops          TPS(ops/s)   Net(M/s)   Get_miss   Min(us)  Max(us)    Avg(us)    Std_dev    Geo_dist  
Period   1        16074        16074        2.2        0          202      10935      1854       2310.49    1176.74
Global   14       219772       15698        2.2        0          148      48175      1891       2489.10    1160.57

Set Statistics
Type     Time(s)  Ops          TPS(ops/s)   Net(M/s)   Get_miss   Min(us)  Max(us)    Avg(us)    Std_dev    Geo_dist  
Period   1        165          165          0.0        0          410      8781       2008       2467.17    1237.11
Global   14       2235         159          0.0        0          237      48173      1979       2757.14    1193.48

Total Statistics
Type     Time(s)  Ops          TPS(ops/s)   Net(M/s)   Get_miss   Min(us)  Max(us)    Avg(us)    Std_dev    Geo_dist  
Period   1        16239        16239        2.2        0          202      10935      1856       2311.76    1177.34
Global   14       222007       15857        2.2        0          148      48175      1892       2491.86    1160.89

[1;1H[2J
Get Statistics
Type     Time(s)  Ops          TPS(ops/s)   Net(M/s)   Get_miss   Min(us)  Max(us)    Avg(us)    Std_dev    Geo_dist  
Period   1        15884        15884        2.2        0          218      12263      1860       2344.18    1173.55
Global   15       235656       15710        2.2        0          148      48175      1889       2479.54    1161.44

Set Statistics
Type     Time(s)  Ops          TPS(ops/s)   Net(M/s)   Get_miss   Min(us)  Max(us)    Avg(us)    Std_dev    Geo_dist  
Period   1        162          162          0.0        0          337      8160       2057       2478.46    1262.27
Global   15       2397         159          0.0        0          237      48173      1984       2738.99    1198.01

Total Statistics
Type     Time(s)  Ops          TPS(ops/s)   Net(M/s)   Get_miss   Min(us)  Max(us)    Avg(us)    Std_dev    Geo_dist  
Period   1        16046        16046        2.2        0          218      12263      1862       2345.57    1174.41
Global   15       238053       15870        2.2        0          148      48175      1890       2482.26    1161.80

[1;1H[2J
Get Statistics
Type     Time(s)  Ops          TPS(ops/s)   Net(M/s)   Get_miss   Min(us)  Max(us)    Avg(us)    Std_dev    Geo_dist  
Period   1        15210        15210        2.2        0          221      11619      1961       2453.20    1210.09
Global   16       250866       15679        2.1        0          148      48175      1893       2478.28    1164.33

Set Statistics
Type     Time(s)  Ops          TPS(ops/s)   Net(M/s)   Get_miss   Min(us)  Max(us)    Avg(us)    Std_dev    Geo_dist  
Period   1        155          155          0.0        0          311      9026       1946       2488.25    1192.76
Global   16       2552         159          0.0        0          237      48173      1982       2723.76    1197.69

Total Statistics
Type     Time(s)  Ops          TPS(ops/s)   Net(M/s)   Get_miss   Min(us)  Max(us)    Avg(us)    Std_dev    Geo_dist  
Period   1        15365        15365        2.2        0          221      11619      1961       2453.35    1209.91
Global   16       253418       15838        2.1        0          148      48175      1894       2480.80    1164.66

[1;1H[2J
Get Statistics
Type     Time(s)  Ops          TPS(ops/s)   Net(M/s)   Get_miss   Min(us)  Max(us)    Avg(us)    Std_dev    Geo_dist  
Period   1        15299        15299        2.2        0          205      18282      1938       2516.17    1165.84
Global   17       266165       15656        2.1        0          148      48175      1896       2480.17    1164.42

Set Statistics
Type     Time(s)  Ops          TPS(ops/s)   Net(M/s)   Get_miss   Min(us)  Max(us)    Avg(us)    Std_dev    Geo_dist  
Period   1        152          152          0.0        0          275      10700      2241       2796.18    1282.24
Global   17       2704         159          0.0        0          237      48173      1997       2727.68    1202.29

Total Statistics
Type     Time(s)  Ops          TPS(ops/s)   Net(M/s)   Get_miss   Min(us)  Max(us)    Avg(us)    Std_dev    Geo_dist  
Period   1        15451        15451        2.2        0          205      18282      1941       2519.14    1166.93
Global   17       268869       15815        2.1        0          148      48175      1897       2482.81    1164.79

[1;1H[2J
Get Statistics
Type     Time(s)  Ops          TPS(ops/s)   Net(M/s)   Get_miss   Min(us)  Max(us)    Avg(us)    Std_dev    Geo_dist  
Period   1        15459        15459        2.1        0          224      10247      1914       2331.47    1211.40
Global   18       281624       15645        2.1        0          148      48175      1897       2472.23    1166.95

Set Statistics
Type     Time(s)  Ops          TPS(ops/s)   Net(M/s)   Get_miss   Min(us)  Max(us)    Avg(us)    Std_dev    Geo_dist  
Period   1        157          157          0.0        0          332      8415       2126       2446.09    1325.29
Global   18       2861         158          0.0        0          237      48173      2004       2712.82    1208.74

Total Statistics
Type     Time(s)  Ops          TPS(ops/s)   Net(M/s)   Get_miss   Min(us)  Max(us)    Avg(us)    Std_dev    Geo_dist  
Period   1        15616        15616        2.2        0          224      10247      1916       2332.77    1212.50
Global   18       284485       15804        2.1        0          148      48175      1898       2474.85    1167.36

[1;1H[2J
Get Statistics
Type     Time(s)  Ops          TPS(ops/s)   Net(M/s)   Get_miss   Min(us)  Max(us)    Avg(us)    Std_dev    Geo_dist  
Period   1        16819        16819        2.2        0          176      12467      1766       2318.64    1091.64
Global   19       298443       15707        2.3        0          148      48175      1889       2464.49    1162.57

Set Statistics
Type     Time(s)  Ops          TPS(ops/s)   Net(M/s)   Get_miss   Min(us)  Max(us)    Avg(us)    Std_dev    Geo_dist  
Period   1        168          168          0.0        0          298      9087       1932       2480.29    1153.32
Global   19       3029         159          0.0        0          237      48173      2000       2700.12    1205.60

Total Statistics
Type     Time(s)  Ops          TPS(ops/s)   Net(M/s)   Get_miss   Min(us)  Max(us)    Avg(us)    Std_dev    Geo_dist  
Period   1        16987        16987        2.2        0          176      12467      1767       2320.76    1092.23
Global   19       301472       15866        2.3        0          148      48175      1891       2466.31    1162.99

[1;1H[2J
Get Statistics
Type     Time(s)  Ops          TPS(ops/s)   Net(M/s)   Get_miss   Min(us)  Max(us)    Avg(us)    Std_dev    Geo_dist  
Period   1        15248        15248        2.2        0          225      12458      1947       2462.32    1185.70
Global   20       313691       15684        2.1        0          148      48175      1892       2464.27    1163.68

Set Statistics
Type     Time(s)  Ops          TPS(ops/s)   Net(M/s)   Get_miss   Min(us)  Max(us)    Avg(us)    Std_dev    Geo_dist  
Period   1        154          154          0.0        0          328      8821       1737       2234.96    1123.35
Global   20       3183         159          0.0        0          237      48173      1987       2679.97    1201.48

Total Statistics
Type     Time(s)  Ops          TPS(ops/s)   Net(M/s)   Get_miss   Min(us)  Max(us)    Avg(us)    Std_dev    Geo_dist  
Period   1        15402        15402        2.2        0          225      12458      1945       2460.10    1185.06
Global   20       316874       15843        2.1        0          148      48175      1893       2466.51    1164.06

[1;1H[2J
Get Statistics
Type     Time(s)  Ops          TPS(ops/s)   Net(M/s)   Get_miss   Min(us)  Max(us)    Avg(us)    Std_dev    Geo_dist  
Period   1        15753        15753        2.2        0          197      9750       1894       2411.28    1157.68
Global   21       329444       15687        2.2        0          148      48175      1892       2461.83    1163.40

Set Statistics
Type     Time(s)  Ops          TPS(ops/s)   Net(M/s)   Get_miss   Min(us)  Max(us)    Avg(us)    Std_dev    Geo_dist  
Period   1        160          160          0.0        0          283      8804       1943       2438.36    1201.08
Global   21       3343         159          0.0        0          237      48173      1985       2668.51    1201.46

Total Statistics
Type     Time(s)  Ops          TPS(ops/s)   Net(M/s)   Get_miss   Min(us)  Max(us)    Avg(us)    Std_dev    Geo_dist  
Period   1        15913        15913        2.2        0          197      9750       1895       2411.08    1158.11
Global   21       332787       15847        2.2        0          148      48175      1893       2463.96    1163.77

[1;1H[2J
Get Statistics
Type     Time(s)  Ops          TPS(ops/s)   Net(M/s)   Get_miss   Min(us)  Max(us)    Avg(us)    Std_dev    Geo_dist  
Period   1        15133        15133        2.2        0          190      11167      1960       2488.99    1178.83
Global   22       344577       15662        2.1        0          148      48175      1895       2463.06    1164.07

Set Statistics
Type     Time(s)  Ops          TPS(ops/s)   Net(M/s)   Get_miss   Min(us)  Max(us)    Avg(us)    Std_dev    Geo_dist  
Period   1        151          151          0.0        0          265      11047      1964       2576.29    1178.65
Global   22       3494         158          0.0        0          237      48173      1984       2664.30    1200.47

Total Statistics
Type     Time(s)  Ops          TPS(ops/s)   Net(M/s)   Get_miss   Min(us)  Max(us)    Avg(us)    Std_dev    Geo_dist  
Period   1        15284        15284        2.2        0          190      11167      1960       2489.81    1178.83
Global   22       348071       15821        2.1        0          148      48175      1896       2465.09    1164.43

[1;1H[2J
Get Statistics
Type     Time(s)  Ops          TPS(ops/s)   Net(M/s)   Get_miss   Min(us)  Max(us)    Avg(us)    Std_dev    Geo_dist  
Period   1        15008        15008        2.1        0          163      11473      1989       2512.01    1209.34
Global   23       359585       15634        2.1        0          148      48175      1899       2465.13    1165.92

Set Statistics
Type     Time(s)  Ops          TPS(ops/s)   Net(M/s)   Get_miss   Min(us)  Max(us)    Avg(us)    Std_dev    Geo_dist  
Period   1        153          153          0.0        0          422      9277       2087       2566.96    1281.64
Global   23       3647         158          0.0        0          237      48173      1988       2660.27    1203.77

Total Statistics
Type     Time(s)  Ops          TPS(ops/s)   Net(M/s)   Get_miss   Min(us)  Max(us)    Avg(us)    Std_dev    Geo_dist  
Period   1        15161        15161        2.2        0          163      11473      1990       2512.50    1210.05
Global   23       363232       15792        2.1        0          148      48175      1900       2467.10    1166.30

[1;1H[2J
Get Statistics
Type     Time(s)  Ops          TPS(ops/s)   Net(M/s)   Get_miss   Min(us)  Max(us)    Avg(us)    Std_dev    Geo_dist  
Period   1        15281        15281        2.1        0          192      19264      1944       2591.92    1167.86
Global   24       374866       15619        2.1        0          148      48175      1901       2470.31    1166.00

Set Statistics
Type     Time(s)  Ops          TPS(ops/s)   Net(M/s)   Get_miss   Min(us)  Max(us)    Avg(us)    Std_dev    Geo_dist  
Period   1        156          156          0.0        0          291      17119      1948       2671.11    1182.83
Global   24       3803         158          0.0        0          237      48173      1987       2659.90    1202.90

Total Statistics
Type     Time(s)  Ops          TPS(ops/s)   Net(M/s)   Get_miss   Min(us)  Max(us)    Avg(us)    Std_dev    Geo_dist  
Period   1        15437        15437        2.2        0          192      19264      1944       2592.67    1168.01
Global   24       378669       15777        2.1        0          148      48175      1902       2472.19    1166.37

[1;1H[2J
Get Statistics
Type     Time(s)  Ops          TPS(ops/s)   Net(M/s)   Get_miss   Min(us)  Max(us)    Avg(us)    Std_dev    Geo_dist  
Period   1        15700        15700        2.1        0          208      11742      1888       2404.19    1170.58
Global   25       390566       15622        2.2        0          148      48175      1900       2468.05    1166.19

Set Statistics
Type     Time(s)  Ops          TPS(ops/s)   Net(M/s)   Get_miss   Min(us)  Max(us)    Avg(us)    Std_dev    Geo_dist  
Period   1        156          156          0.0        0          393      9813       2291       2752.68    1360.99
Global   25       3959         158          0.0        0          237      48173      1999       2663.90    1208.77

Total Statistics
Type     Time(s)  Ops          TPS(ops/s)   Net(M/s)   Get_miss   Min(us)  Max(us)    Avg(us)    Std_dev    Geo_dist  
Period   1        15856        15856        2.2        0          208      11742      1891       2408.85    1172.31
Global   25       394525       15781        2.2        0          148      48175      1901       2470.11    1166.61

[1;1H[2J
Get Statistics
Type     Time(s)  Ops          TPS(ops/s)   Net(M/s)   Get_miss   Min(us)  Max(us)    Avg(us)    Std_dev    Geo_dist  
Period   1        14126        14126        2.1        0          226      16485      2089       2586.36    1266.44
Global   26       404692       15565        1.9        0          148      48175      1907       2472.21    1169.55

Set Statistics
Type     Time(s)  Ops          TPS(ops/s)   Net(M/s)   Get_miss   Min(us)  Max(us)    Avg(us)    Std_dev    Geo_dist  
Period   1        144          144          0.0        0          394      8943       1810       2187.92    1213.60
Global   26       4103         157          0.0        0          237      48173      1992       2648.92    1208.94

Total Statistics
Type     Time(s)  Ops          TPS(ops/s)   Net(M/s)   Get_miss   Min(us)  Max(us)    Avg(us)    Std_dev    Geo_dist  
Period   1        14270        14270        2.2        0          226      16485      2086       2582.88    1265.89
Global   26       408795       15722        2.0        0          148      48175      1908       2473.94    1169.94

[1;1H[2J
Get Statistics
Type     Time(s)  Ops          TPS(ops/s)   Net(M/s)   Get_miss   Min(us)  Max(us)    Avg(us)    Std_dev    Geo_dist  
Period   1        15496        15496        2.1        0          189      14903      1915       2476.52    1175.70
Global   27       420188       15562        2.1        0          148      48175      1907       2472.59    1169.77

Set Statistics
Type     Time(s)  Ops          TPS(ops/s)   Net(M/s)   Get_miss   Min(us)  Max(us)    Avg(us)    Std_dev    Geo_dist  
Period   1        157          157          0.0        0          336      13841      2231       2808.42    1285.73
Global   27       4260         157          0.0        0          237      48173      2001       2654.86    1211.68

Total Statistics
Type     Time(s)  Ops          TPS(ops/s)   Net(M/s)   Get_miss   Min(us)  Max(us)    Avg(us)    Std_dev    Geo_dist  
Period   1        15653        15653        2.2        0          189      14903      1918       2480.30    1176.76
Global   27       424448       15720        2.1        0          148      48175      1908       2474.46    1170.19

[1;1H[2J
Get Statistics
Type     Time(s)  Ops          TPS(ops/s)   Net(M/s)   Get_miss   Min(us)  Max(us)    Avg(us)    Std_dev    Geo_dist  
Period   1        15427        15427        2.1        0          219      11866      1935       2408.30    1187.26
Global   28       435615       15557        2.1        0          148      48175      1908       2470.34    1170.39

Set Statistics
Type     Time(s)  Ops          TPS(ops/s)   Net(M/s)   Get_miss   Min(us)  Max(us)    Avg(us)    Std_dev    Geo_dist  
Period   1        155          155          0.0        0          339      10764      2120       2640.35    1222.01
Global   28       4415         157          0.0        0          237      48173      2005       2654.28    1212.04

Total Statistics
Type     Time(s)  Ops          TPS(ops/s)   Net(M/s)   Get_miss   Min(us)  Max(us)    Avg(us)    Std_dev    Geo_dist  
Period   1        15584        15584        2.2        0          219      11866      1936       2411.14    1187.54
Global   28       440032       15715        2.1        0          148      48175      1909       2472.24    1170.80

[1;1H[2J
Get Statistics
Type     Time(s)  Ops          TPS(ops/s)   Net(M/s)   Get_miss   Min(us)  Max(us)    Avg(us)    Std_dev    Geo_dist  
Period   1        14334        14334        2.1        0          218      12458      2071       2534.52    1254.64
Global   29       449949       15515        2.0        0          148      48175      1913       2472.72    1173.00

Set Statistics
Type     Time(s)  Ops          TPS(ops/s)   Net(M/s)   Get_miss   Min(us)  Max(us)    Avg(us)    Std_dev    Geo_dist  
Period   1        142          142          0.0        0          436      10782      1932       2409.99    1230.80
Global   29       4557         157          0.0        0          237      48173      2003       2646.59    1212.63

Total Statistics
Type     Time(s)  Ops          TPS(ops/s)   Net(M/s)   Get_miss   Min(us)  Max(us)    Avg(us)    Std_dev    Geo_dist  
Period   1        14475        14475        2.2        0          218      12458      2070       2533.15    1254.50
Global   29       454507       15672        2.0        0          148      48175      1914       2474.46    1173.39

[1;1H[2J
Get Statistics
Type     Time(s)  Ops          TPS(ops/s)   Net(M/s)   Get_miss   Min(us)  Max(us)    Avg(us)    Std_dev    Geo_dist  
Period   1        14514        14514        2.1        0          211      48389      2040       3183.97    1202.14
Global   30       464463       15482        2.0        0          148      48389      1917       2498.08    1173.90

Set Statistics
Type     Time(s)  Ops          TPS(ops/s)   Net(M/s)   Get_miss   Min(us)  Max(us)    Avg(us)    Std_dev    Geo_dist  
Period   1        150          150          0.0        0          345      9248       1892       2325.96    1191.41
Global   30       4707         156          0.0        0          237      48173      1999       2637.17    1211.94

Total Statistics
Type     Time(s)  Ops          TPS(ops/s)   Net(M/s)   Get_miss   Min(us)  Max(us)    Avg(us)    Std_dev    Geo_dist  
Period   1        14663        14663        2.1        0          211      48389      2038       3176.78    1202.01
Global   30       469170       15639        2.0        0          148      48389      1918       2499.39    1174.28

[1;1H[2J
Get Statistics
Type     Time(s)  Ops          TPS(ops/s)   Net(M/s)   Get_miss   Min(us)  Max(us)    Avg(us)    Std_dev    Geo_dist  
Period   1        15606        15606        2.1        0          205      18122      1901       2415.75    1183.51
Global   31       480069       15486        2.1        0          148      48389      1917       2495.05    1174.21

Set Statistics
Type     Time(s)  Ops          TPS(ops/s)   Net(M/s)   Get_miss   Min(us)  Max(us)    Avg(us)    Std_dev    Geo_dist  
Period   1        158          158          0.0        0          330      10059      1818       2312.94    1142.85
Global   31       4865         156          0.0        0          237      48173      1993       2627.35    1209.63

Total Statistics
Type     Time(s)  Ops          TPS(ops/s)   Net(M/s)   Get_miss   Min(us)  Max(us)    Avg(us)    Std_dev    Geo_dist  
Period   1        15765        15765        2.1        0          205      18122      1901       2414.58    1183.24
Global   31       484935       15643        2.2        0          148      48389      1918       2496.26    1174.57

[1;1H[2J
Get Statistics
Type     Time(s)  Ops          TPS(ops/s)   Net(M/s)   Get_miss   Min(us)  Max(us)    Avg(us)    Std_dev    Geo_dist  
Period   1        15031        15031        2.1        0          196      11084      1988       2441.64    1231.19
Global   32       495100       15471        2.1        0          148      48389      1919       2493.59    1175.90

Set Statistics
Type     Time(s)  Ops          TPS(ops/s)   Net(M/s)   Get_miss   Min(us)  Max(us)    Avg(us)    Std_dev    Geo_dist  
Period   1        149          149          0.0        0          310      8869       2244       2564.07    1396.63
Global   32       5014         156          0.0        0          237      48173      2001       2625.17    1214.81

Total Statistics
Type     Time(s)  Ops          TPS(ops/s)   Net(M/s)   Get_miss   Min(us)  Max(us)    Avg(us)    Std_dev    Geo_dist  
Period   1        15179        15179        2.1        0          196      11084      1990       2442.77    1232.57
Global   32       500114       15628        2.1        0          148      48389      1920       2494.82    1176.29

[1;1H[2J
Get Statistics
Type     Time(s)  Ops          TPS(ops/s)   Net(M/s)   Get_miss   Min(us)  Max(us)    Avg(us)    Std_dev    Geo_dist  
Period   1        15232        15232        2.1        0          205      12694      1949       2472.03    1168.09
Global   33       510332       15464        2.1        0          148      48389      1920       2492.87    1175.67

Set Statistics
Type     Time(s)  Ops          TPS(ops/s)   Net(M/s)   Get_miss   Min(us)  Max(us)    Avg(us)    Std_dev    Geo_dist  
Period   1        156          156          0.0        0          304      8862       1893       2430.53    1133.50
Global   33       5170         156          0.0        0          237      48173      1997       2619.92    1212.28

Total Statistics
Type     Time(s)  Ops          TPS(ops/s)   Net(M/s)   Get_miss   Min(us)  Max(us)    Avg(us)    Std_dev    Geo_dist  
Period   1        15388        15388        2.1        0          205      12694      1948       2471.88    1167.74
Global   33       515502       15621        2.1        0          148      48389      1921       2494.01    1176.03

[1;1H[2J
Get Statistics
Type     Time(s)  Ops          TPS(ops/s)   Net(M/s)   Get_miss   Min(us)  Max(us)    Avg(us)    Std_dev    Geo_dist  
Period   1        16117        16117        2.1        0          184      10537      1837       2331.17    1136.59
Global   34       526449       15483        2.2        0          148      48389      1917       2488.47    1174.45

Set Statistics
Type     Time(s)  Ops          TPS(ops/s)   Net(M/s)   Get_miss   Min(us)  Max(us)    Avg(us)    Std_dev    Geo_dist  
Period   1        161          161          0.0        0          387      8117       1801       2225.68    1152.80
Global   34       5331         156          0.0        0          237      48173      1992       2608.22    1210.44

Total Statistics
Type     Time(s)  Ops          TPS(ops/s)   Net(M/s)   Get_miss   Min(us)  Max(us)    Avg(us)    Std_dev    Geo_dist  
Period   1        16278        16278        2.1        0          184      10537      1837       2329.81    1136.75
Global   34       531780       15640        2.2        0          148      48389      1918       2489.52    1174.81

[1;1H[2J
Get Statistics
Type     Time(s)  Ops          TPS(ops/s)   Net(M/s)   Get_miss   Min(us)  Max(us)    Avg(us)    Std_dev    Geo_dist  
Period   1        15844        15844        2.1        0          207      10162      1871       2415.01    1138.91
Global   35       542293       15494        2.2        0          148      48389      1916       2486.10    1173.40

Set Statistics
Type     Time(s)  Ops          TPS(ops/s)   Net(M/s)   Get_miss   Min(us)  Max(us)    Avg(us)    Std_dev    Geo_dist  
Period   1        163          163          0.0        0          334      8299       1947       2390.11    1224.96
Global   35       5494         156          0.0        0          237      48173      1990       2602.33    1210.86

Total Statistics
Type     Time(s)  Ops          TPS(ops/s)   Net(M/s)   Get_miss   Min(us)  Max(us)    Avg(us)    Std_dev    Geo_dist  
Period   1        16007        16007        2.1        0          207      10162      1872       2414.52    1139.76
Global   35       547787       15651        2.2        0          148      48389      1917       2487.10    1173.77

[1;1H[2J
Get Statistics
Type     Time(s)  Ops          TPS(ops/s)   Net(M/s)   Get_miss   Min(us)  Max(us)    Avg(us)    Std_dev    Geo_dist  
Period   1        15572        15572        2.1        0          191      11609      1904       2468.02    1139.22
Global   36       557865       15496        2.1        0          148      48389      1916       2485.34    1172.43

Set Statistics
Type     Time(s)  Ops          TPS(ops/s)   Net(M/s)   Get_miss   Min(us)  Max(us)    Avg(us)    Std_dev    Geo_dist  
Period   1        155          155          0.0        0          254      8789       1682       2194.64    1085.89
Global   36       5649         156          0.0        0          237      48173      1982       2591.98    1207.25

Total Statistics
Type     Time(s)  Ops          TPS(ops/s)   Net(M/s)   Get_miss   Min(us)  Max(us)    Avg(us)    Std_dev    Geo_dist  
Period   1        15727        15727        2.1        0          191      11609      1901       2466.13    1138.68
Global   36       563514       15653        2.2        0          148      48389      1916       2486.95    1172.77

[1;1H[2J
Get Statistics
Type     Time(s)  Ops          TPS(ops/s)   Net(M/s)   Get_miss   Min(us)  Max(us)    Avg(us)    Std_dev    Geo_dist  
Period   1        15724        15724        2.1        0          195      11366      1891       2339.62    1163.57
Global   37       573589       15502        2.2        0          148      48389      1915       2481.70    1172.19

Set Statistics
Type     Time(s)  Ops          TPS(ops/s)   Net(M/s)   Get_miss   Min(us)  Max(us)    Avg(us)    Std_dev    Geo_dist  
Period   1        160          160          0.0        0          349      9470       1835       2357.68    1131.71
Global   37       5809         157          0.0        0          237      48173      1978       2585.70    1205.10

Total Statistics
Type     Time(s)  Ops          TPS(ops/s)   Net(M/s)   Get_miss   Min(us)  Max(us)    Avg(us)    Std_dev    Geo_dist  
Period   1        15884        15884        2.2        0          195      11366      1890       2340.08    1163.24
Global   37       579398       15659        2.2        0          148      48389      1916       2482.49    1172.51

[1;1H[2J
Get Statistics
Type     Time(s)  Ops          TPS(ops/s)   Net(M/s)   Get_miss   Min(us)  Max(us)    Avg(us)    Std_dev    Geo_dist  
Period   1        15732        15732        2.1        0          192      13426      1889       2381.44    1176.56
Global   38       589321       15508        2.2        0          148      48389      1914       2479.32    1172.30

Set Statistics
Type     Time(s)  Ops          TPS(ops/s)   Net(M/s)   Get_miss   Min(us)  Max(us)    Avg(us)    Std_dev    Geo_dist  
Period   1        159          159          0.0        0          250      9861       1773       2268.25    1130.48
Global   38       5968         157          0.0        0          237      48173      1972       2578.20    1203.05

Total Statistics
Type     Time(s)  Ops          TPS(ops/s)   Net(M/s)   Get_miss   Min(us)  Max(us)    Avg(us)    Std_dev    Geo_dist  
Period   1        15891        15891        2.2        0          192      13426      1888       2380.17    1176.09
Global   38       595289       15665        2.2        0          148      48389      1915       2480.01    1172.61

[1;1H[2J
Get Statistics
Type     Time(s)  Ops          TPS(ops/s)   Net(M/s)   Get_miss   Min(us)  Max(us)    Avg(us)    Std_dev    Geo_dist  
Period   1        15058        15058        2.1        0          233      27862      1971       2675.17    1177.28
Global   39       604379       15496        2.1        0          148      48389      1916       2483.95    1172.43

Set Statistics
Type     Time(s)  Ops          TPS(ops/s)   Net(M/s)   Get_miss   Min(us)  Max(us)    Avg(us)    Std_dev    Geo_dist  
Period   1        151          151          0.0        0          338      8520       2076       2525.37    1275.09
Global   39       6119         156          0.0        0          237      48173      1975       2576.43    1204.78

Total Statistics
Type     Time(s)  Ops          TPS(ops/s)   Net(M/s)   Get_miss   Min(us)  Max(us)    Avg(us)    Std_dev    Geo_dist  
Period   1        15209        15209        2.1        0          233      27862      1972       2673.69    1178.21
Global   39       610498       15653        2.1        0          148      48389      1916       2485.35    1172.75

[1;1H[2J
Get Statistics
Type     Time(s)  Ops          TPS(ops/s)   Net(M/s)   Get_miss   Min(us)  Max(us)    Avg(us)    Std_dev    Geo_dist  
Period   1        14880        14880        2.1        0          223      47495      1997       3114.66    1189.73
Global   40       619259       15481        2.0        0          148      48389      1918       2500.96    1172.84

Set Statistics
Type     Time(s)  Ops          TPS(ops/s)   Net(M/s)   Get_miss   Min(us)  Max(us)    Avg(us)    Std_dev    Geo_dist  
Period   1        152          152          0.0        0          310      8859       2246       2708.53    1305.92
Global   40       6271         156          0.0        0          237      48173      1981       2580.26    1207.14

Total Statistics
Type     Time(s)  Ops          TPS(ops/s)   Net(M/s)   Get_miss   Min(us)  Max(us)    Avg(us)    Std_dev    Geo_dist  
Period   1        15032        15032        2.1        0          223      47495      2000       3110.53    1190.85
Global   40       625530       15638        2.1        0          148      48389      1918       2502.25    1173.18

[1;1H[2J
Get Statistics
Type     Time(s)  Ops          TPS(ops/s)   Net(M/s)   Get_miss   Min(us)  Max(us)    Avg(us)    Std_dev    Geo_dist  
Period   1        14837        14837        2.1        0          215      11789      2012       2422.53    1263.34
Global   41       634096       15465        2.0        0          148      48389      1920       2499.34    1174.88

Set Statistics
Type     Time(s)  Ops          TPS(ops/s)   Net(M/s)   Get_miss   Min(us)  Max(us)    Avg(us)    Std_dev    Geo_dist  
Period   1        149          149          0.0        0          237      8485       2389       2733.89    1429.95
Global   41       6420         156          0.0        0          237      48173      1991       2584.02    1211.89

Total Statistics
Type     Time(s)  Ops          TPS(ops/s)   Net(M/s)   Get_miss   Min(us)  Max(us)    Avg(us)    Std_dev    Geo_dist  
Period   1        14986        14986        2.1        0          215      11789      2016       2425.80    1264.90
Global   41       640516       15622        2.1        0          148      48389      1921       2499.99    1175.25

[1;1H[2J
Get Statistics
Type     Time(s)  Ops          TPS(ops/s)   Net(M/s)   Get_miss   Min(us)  Max(us)    Avg(us)    Std_dev    Geo_dist  
Period   1        16158        16158        2.1        0          175      10499      1822       2338.07    1099.02
Global   42       650254       15482        2.2        0          148      48389      1917       2495.94    1172.93

Set Statistics
Type     Time(s)  Ops          TPS(ops/s)   Net(M/s)   Get_miss   Min(us)  Max(us)    Avg(us)    Std_dev    Geo_dist  
Period   1        164          164          0.0        0          308      8353       1674       2187.73    1041.59
Global   42       6584         156          0.0        0          237      48173      1983       2575.30    1207.33

Total Statistics
Type     Time(s)  Ops          TPS(ops/s)   Net(M/s)   Get_miss   Min(us)  Max(us)    Avg(us)    Std_dev    Geo_dist  
Period   1        16322        16322        2.1        0          175      10499      1820       2336.99    1098.43
Global   42       656838       15639        2.2        0          148      48389      1918       2496.49    1173.27

[1;1H[2J
Get Statistics
Type     Time(s)  Ops          TPS(ops/s)   Net(M/s)   Get_miss   Min(us)  Max(us)    Avg(us)    Std_dev    Geo_dist  
Period   1        15960        15960        2.1        0          176      19926      1865       2389.00    1156.20
Global   43       666214       15493        2.2        0          148      48389      1916       2493.25    1172.53

Set Statistics
Type     Time(s)  Ops          TPS(ops/s)   Net(M/s)   Get_miss   Min(us)  Max(us)    Avg(us)    Std_dev    Geo_dist  
Period   1        160          160          0.0        0          299      8438       2020       2426.34    1239.00
Global   43       6744         156          0.0        0          237      48173      1984       2571.61    1208.07

Total Statistics
Type     Time(s)  Ops          TPS(ops/s)   Net(M/s)   Get_miss   Min(us)  Max(us)    Avg(us)    Std_dev    Geo_dist  
Period   1        16120        16120        2.1        0          176      19926      1866       2389.76    1157.00
Global   43       672958       15650        2.2        0          148      48389      1917       2493.81    1172.88

[1;1H[2J
Get Statistics
Type     Time(s)  Ops          TPS(ops/s)   Net(M/s)   Get_miss   Min(us)  Max(us)    Avg(us)    Std_dev    Geo_dist  
Period   1        15066        15066        2.1        0          235      11337      1977       2479.25    1191.27
Global   44       681280       15483        2.1        0          148      48389      1918       2492.46    1172.94

Set Statistics
Type     Time(s)  Ops          TPS(ops/s)   Net(M/s)   Get_miss   Min(us)  Max(us)    Avg(us)    Std_dev    Geo_dist  
Period   1        153          153          0.0        0          307      10268      1969       2504.89    1192.31
Global   44       6897         156          0.0        0          237      48173      1984       2569.72    1207.72

Total Statistics
Type     Time(s)  Ops          TPS(ops/s)   Net(M/s)   Get_miss   Min(us)  Max(us)    Avg(us)    Std_dev    Geo_dist  
Period   1        15219        15219        2.1        0          235      11337      1976       2480.16    1191.28
Global   44       688177       15640        2.1        0          148      48389      1918       2493.76    1173.29

[1;1H[2J
Get Statistics
Type     Time(s)  Ops          TPS(ops/s)   Net(M/s)   Get_miss   Min(us)  Max(us)    Avg(us)    Std_dev    Geo_dist  
Period   1        15319        15319        2.1        0          214      10484      1936       2409.63    1198.83
Global   45       696599       15479        2.1        0          148      48389      1918       2490.97    1173.50

Set Statistics
Type     Time(s)  Ops          TPS(ops/s)   Net(M/s)   Get_miss   Min(us)  Max(us)    Avg(us)    Std_dev    Geo_dist  
Period   1        155          155          0.0        0          324      8548       1890       2342.71    1194.23
Global   45       7052         156          0.0        0          237      48173      1981       2565.55    1207.42

Total Statistics
Type     Time(s)  Ops          TPS(ops/s)   Net(M/s)   Get_miss   Min(us)  Max(us)    Avg(us)    Std_dev    Geo_dist  
Period   1        15474        15474        2.1        0          214      10484      1936       2408.53    1198.78
Global   45       703651       15636        2.1        0          148      48389      1919       2491.45    1173.84

[1;1H[2J
Get Statistics
Type     Time(s)  Ops          TPS(ops/s)   Net(M/s)   Get_miss   Min(us)  Max(us)    Avg(us)    Std_dev    Geo_dist  
Period   1        16116        16116        2.1        0          177      12099      1848       2333.93    1137.41
Global   46       712715       15493        2.2        0          148      48389      1916       2487.87    1172.68

Set Statistics
Type     Time(s)  Ops          TPS(ops/s)   Net(M/s)   Get_miss   Min(us)  Max(us)    Avg(us)    Std_dev    Geo_dist  
Period   1        162          162          0.0        0          333      8434       1882       2412.23    1142.21
Global   46       7214         156          0.0        0          237      48173      1979       2561.92    1205.92

Total Statistics
Type     Time(s)  Ops          TPS(ops/s)   Net(M/s)   Get_miss   Min(us)  Max(us)    Avg(us)    Std_dev    Geo_dist  
Period   1        16279        16279        2.1        0          177      12099      1848       2334.82    1137.45
Global   46       719930       15650        2.2        0          148      48389      1917       2488.34    1173.00

[1;1H[2J
Get Statistics
Type     Time(s)  Ops          TPS(ops/s)   Net(M/s)   Get_miss   Min(us)  Max(us)    Avg(us)    Std_dev    Geo_dist  
Period   1        15563        15563        2.1        0          202      11919      1902       2397.95    1173.68
Global   47       728278       15495        2.1        0          148      48389      1916       2485.75    1172.71

Set Statistics
Type     Time(s)  Ops          TPS(ops/s)   Net(M/s)   Get_miss   Min(us)  Max(us)    Avg(us)    Std_dev    Geo_dist  
Period   1        156          156          0.0        0          240      8142       1901       2328.11    1205.45
Global   47       7370         156          0.0        0          237      48173      1978       2556.57    1205.91

Total Statistics
Type     Time(s)  Ops          TPS(ops/s)   Net(M/s)   Get_miss   Min(us)  Max(us)    Avg(us)    Std_dev    Geo_dist  
Period   1        15718        15718        2.1        0          202      11919      1902       2397.29    1173.99
Global   47       735648       15652        2.2        0          148      48389      1917       2486.19    1173.04

[1;1H[2J
Get Statistics
Type     Time(s)  Ops          TPS(ops/s)   Net(M/s)   Get_miss   Min(us)  Max(us)    Avg(us)    Std_dev    Geo_dist  
Period   1        15590        15590        2.1        0          207      11090      1908       2418.08    1166.65
Global   48       743868       15497        2.1        0          148      48389      1916       2484.22    1172.58

Set Statistics
Type     Time(s)  Ops          TPS(ops/s)   Net(M/s)   Get_miss   Min(us)  Max(us)    Avg(us)    Std_dev    Geo_dist  
Period   1        161          161          0.0        0          372      10601      1758       2328.46    1100.73
Global   48       7531         156          0.0        0          237      48173      1973       2552.19    1203.56

Total Statistics
Type     Time(s)  Ops          TPS(ops/s)   Net(M/s)   Get_miss   Min(us)  Max(us)    Avg(us)    Std_dev    Geo_dist  
Period   1        15751        15751        2.1        0          207      11090      1906       2417.53    1165.95
Global   48       751399       15654        2.2        0          148      48389      1916       2485.36    1172.89

[1;1H[2J
Get Statistics
Type     Time(s)  Ops          TPS(ops/s)   Net(M/s)   Get_miss   Min(us)  Max(us)    Avg(us)    Std_dev    Geo_dist  
Period   1        15631        15631        2.1        0          215      12194      1904       2456.15    1145.36
Global   49       759499       15499        2.1        0          148      48389      1916       2483.46    1172.01

Set Statistics
Type     Time(s)  Ops          TPS(ops/s)   Net(M/s)   Get_miss   Min(us)  Max(us)    Avg(us)    Std_dev    Geo_dist  
Period   1        156          156          0.0        0          315      8784       2337       2759.99    1370.29
Global   49       7687         156          0.0        0          237      48173      1980       2557.20    1206.73

Total Statistics
Type     Time(s)  Ops          TPS(ops/s)   Net(M/s)   Get_miss   Min(us)  Max(us)    Avg(us)    Std_dev    Geo_dist  
Period   1        15787        15787        2.2        0          215      12194      1908       2459.83    1147.39
Global   49       767186       15656        2.2        0          148      48389      1916       2484.71    1172.36

[1;1H[2J
Get Statistics
Type     Time(s)  Ops          TPS(ops/s)   Net(M/s)   Get_miss   Min(us)  Max(us)    Avg(us)    Std_dev    Geo_dist  
Period   1        15168        15168        2.1        0          223      9545       1944       2421.42    1202.47
Global   50       774667       15493        2.1        0          148      48389      1916       2482.68    1172.60

Set Statistics
Type     Time(s)  Ops          TPS(ops/s)   Net(M/s)   Get_miss   Min(us)  Max(us)    Avg(us)    Std_dev    Geo_dist  
Period   1        152          152          0.0        0          365      9189       2028       2496.31    1226.27
Global   50       7839         156          0.0        0          237      48173      1981       2555.83    1207.11

Total Statistics
Type     Time(s)  Ops          TPS(ops/s)   Net(M/s)   Get_miss   Min(us)  Max(us)    Avg(us)    Std_dev    Geo_dist  
Period   1        15320        15320        2.1        0          223      9545       1945       2421.97    1202.70
Global   50       782506       15650        2.1        0          148      48389      1917       2483.16    1172.94

[1;1H[2J
Get Statistics
Type     Time(s)  Ops          TPS(ops/s)   Net(M/s)   Get_miss   Min(us)  Max(us)    Avg(us)    Std_dev    Geo_dist  
Period   1        15632        15632        2.1        0          188      12208      1908       2398.16    1188.19
Global   51       790299       15496        2.1        0          148      48389      1916       2480.91    1172.91

Set Statistics
Type     Time(s)  Ops          TPS(ops/s)   Net(M/s)   Get_miss   Min(us)  Max(us)    Avg(us)    Std_dev    Geo_dist  
Period   1        158          158          0.0        0          254      9023       2144       2586.01    1297.13
Global   51       7997         156          0.0        0          237      48173      1984       2556.54    1208.82

Total Statistics
Type     Time(s)  Ops          TPS(ops/s)   Net(M/s)   Get_miss   Min(us)  Max(us)    Avg(us)    Std_dev    Geo_dist  
Period   1        15790        15790        2.1        0          188      12208      1910       2400.42    1189.23
Global   51       798296       15652        2.2        0          148      48389      1917       2481.44    1173.26

[1;1H[2J
Get Statistics
Type     Time(s)  Ops          TPS(ops/s)   Net(M/s)   Get_miss   Min(us)  Max(us)    Avg(us)    Std_dev    Geo_dist  
Period   1        14931        14931        2.1        0          204      11022      1984       2552.63    1171.41
Global   52       805230       15485        2.1        0          148      48389      1917       2482.48    1172.88

Set Statistics
Type     Time(s)  Ops          TPS(ops/s)   Net(M/s)   Get_miss   Min(us)  Max(us)    Avg(us)    Std_dev    Geo_dist  
Period   1        150          150          0.0        0          378      9055       2185       2780.19    1235.67
Global   52       8147         156          0.0        0          237      48173      1988       2560.56    1209.31

Total Statistics
Type     Time(s)  Ops          TPS(ops/s)   Net(M/s)   Get_miss   Min(us)  Max(us)    Avg(us)    Std_dev    Geo_dist  
Period   1        15081        15081        2.1        0          204      11022      1986       2554.97    1172.03
Global   52       813377       15641        2.1        0          148      48389      1918       2483.06    1173.24

[1;1H[2J
Get Statistics
Type     Time(s)  Ops          TPS(ops/s)   Net(M/s)   Get_miss   Min(us)  Max(us)    Avg(us)    Std_dev    Geo_dist  
Period   1        14514        14514        2.1        0          186      10979      2054       2549.02    1232.29
Global   53       819744       15466        2.0        0          148      48389      1920       2483.29    1173.91

Set Statistics
Type     Time(s)  Ops          TPS(ops/s)   Net(M/s)   Get_miss   Min(us)  Max(us)    Avg(us)    Std_dev    Geo_dist  
Period   1        148          148          0.0        0          303      10284      2123       2601.24    1267.89
Global   53       8295         156          0.0        0          237      48173      1990       2561.51    1210.33

Total Statistics
Type     Time(s)  Ops          TPS(ops/s)   Net(M/s)   Get_miss   Min(us)  Max(us)    Avg(us)    Std_dev    Geo_dist  
Period   1        14662        14662        2.1        0          186      10979      2054       2550.03    1232.64
Global   53       828039       15623        2.0        0          148      48389      1920       2484.64    1174.27

[1;1H[2J
Get Statistics
Type     Time(s)  Ops          TPS(ops/s)   Net(M/s)   Get_miss   Min(us)  Max(us)    Avg(us)    Std_dev    Geo_dist  
Period   1        15903        15903        2.1        0          211      11217      1871       2429.81    1118.80
Global   54       835647       15474        2.2        0          148      48389      1919       2482.35    1172.83

Set Statistics
Type     Time(s)  Ops          TPS(ops/s)   Net(M/s)   Get_miss   Min(us)  Max(us)    Avg(us)    Std_dev    Geo_dist  
Period   1        159          159          0.0        0          363      8450       1665       2193.01    1044.39
Global   54       8454         156          0.0        0          237      48173      1984       2555.25    1206.98

Total Statistics
Type     Time(s)  Ops          TPS(ops/s)   Net(M/s)   Get_miss   Min(us)  Max(us)    Avg(us)    Std_dev    Geo_dist  
Period   1        16062        16062        2.1        0          211      11217      1869       2427.57    1118.04
Global   54       844101       15631        2.2        0          148      48389      1919       2483.60    1173.17

[1;1H[2J
Get Statistics
Type     Time(s)  Ops          TPS(ops/s)   Net(M/s)   Get_miss   Min(us)  Max(us)    Avg(us)    Std_dev    Geo_dist  
Period   1        15320        15320        2.1        0          170      11036      1927       2466.48    1157.63
Global   55       850967       15472        2.1        0          148      48389      1919       2482.17    1172.56

Set Statistics
Type     Time(s)  Ops          TPS(ops/s)   Net(M/s)   Get_miss   Min(us)  Max(us)    Avg(us)    Std_dev    Geo_dist  
Period   1        159          159          0.0        0          352      9310       2201       2684.67    1290.12
Global   55       8613         156          0.0        0          237      48173      1988       2557.71    1208.46

Total Statistics
Type     Time(s)  Ops          TPS(ops/s)   Net(M/s)   Get_miss   Min(us)  Max(us)    Avg(us)    Std_dev    Geo_dist  
Period   1        15479        15479        2.1        0          170      11036      1930       2468.74    1158.92
Global   55       859580       15628        2.1        0          148      48389      1920       2482.71    1172.91

[1;1H[2J
Get Statistics
Type     Time(s)  Ops          TPS(ops/s)   Net(M/s)   Get_miss   Min(us)  Max(us)    Avg(us)    Std_dev    Geo_dist  
Period   1        14888        14888        2.1        0          227      11089      2004       2484.97    1217.33
Global   56       865855       15461        2.0        0          148      48389      1920       2482.60    1173.32

Set Statistics
Type     Time(s)  Ops          TPS(ops/s)   Net(M/s)   Get_miss   Min(us)  Max(us)    Avg(us)    Std_dev    Geo_dist  
Period   1        149          149          0.0        0          295      8224       2201       2617.93    1329.25
Global   56       8762         156          0.0        0          237      48173      1992       2558.45    1210.42

Total Statistics
Type     Time(s)  Ops          TPS(ops/s)   Net(M/s)   Get_miss   Min(us)  Max(us)    Avg(us)    Std_dev    Geo_dist  
Period   1        15037        15037        2.1        0          227      11089      2006       2486.27    1218.39
Global   56       874617       15618        2.1        0          148      48389      1921       2483.16    1173.68

[1;1H[2J
Get Statistics
Type     Time(s)  Ops          TPS(ops/s)   Net(M/s)   Get_miss   Min(us)  Max(us)    Avg(us)    Std_dev    Geo_dist  
Period   1        14982        14982        2.1        0          198      18215      1983       2558.26    1186.75
Global   57       880837       15453        2.1        0          148      48389      1921       2483.97    1173.54

Set Statistics
Type     Time(s)  Ops          TPS(ops/s)   Net(M/s)   Get_miss   Min(us)  Max(us)    Avg(us)    Std_dev    Geo_dist  
Period   1        150          150          0.0        0          366      9810       2056       2571.34    1237.98
Global   57       8912         156          0.0        0          237      48173      1993       2558.59    1210.88

Total Statistics
Type     Time(s)  Ops          TPS(ops/s)   Net(M/s)   Get_miss   Min(us)  Max(us)    Avg(us)    Std_dev    Geo_dist  
Period   1        15134        15134        2.1        0          198      18215      1983       2558.65    1187.27
Global   57       889751       15609        2.1        0          148      48389      1922       2484.52    1173.91

[1;1H[2J
Get Statistics
Type     Time(s)  Ops          TPS(ops/s)   Net(M/s)   Get_miss   Min(us)  Max(us)    Avg(us)    Std_dev    Geo_dist  
Period   1        15077        15077        2.1        0          220      28328      1970       2600.10    1207.40
Global   58       895914       15446        2.1        0          148      48389      1922       2485.84    1174.11

Set Statistics
Type     Time(s)  Ops          TPS(ops/s)   Net(M/s)   Get_miss   Min(us)  Max(us)    Avg(us)    Std_dev    Geo_dist  
Period   1        152          152          0.0        0          285      27257      1923       3059.80    1118.54
Global   58       9064         156          0.0        0          237      48173      1992       2567.48    1209.27

Total Statistics
Type     Time(s)  Ops          TPS(ops/s)   Net(M/s)   Get_miss   Min(us)  Max(us)    Avg(us)    Std_dev    Geo_dist  
Period   1        15227        15227        2.1        0          220      28328      1969       2605.61    1207.02
Global   58       904978       15603        2.1        0          148      48389      1923       2486.45    1174.46

[1;1H[2J
Get Statistics
Type     Time(s)  Ops          TPS(ops/s)   Net(M/s)   Get_miss   Min(us)  Max(us)    Avg(us)    Std_dev    Geo_dist  
Period   1        14480        14480        2.1        0          204      11580      2048       2522.37    1256.05
Global   59       910394       15430        2.0        0          148      48389      1924       2486.48    1175.37

Set Statistics
Type     Time(s)  Ops          TPS(ops/s)   Net(M/s)   Get_miss   Min(us)  Max(us)    Avg(us)    Std_dev    Geo_dist  
Period   1        148          148          0.0        0          366      9301       2026       2505.04    1242.42
Global   59       9212         156          0.0        0          237      48173      1992       2566.79    1209.80

Total Statistics
Type     Time(s)  Ops          TPS(ops/s)   Net(M/s)   Get_miss   Min(us)  Max(us)    Avg(us)    Std_dev    Geo_dist  
Period   1        14628        14628        2.1        0          204      11580      2048       2521.93    1255.91
Global   59       919606       15586        2.0        0          148      48389      1925       2487.06    1175.71

[1;1H[2J
Get Statistics
Type     Time(s)  Ops          TPS(ops/s)   Net(M/s)   Get_miss   Min(us)  Max(us)    Avg(us)    Std_dev    Geo_dist  
Period   1        15262        15262        2.1        0          229      11855      1949       2413.78    1214.57
Global   60       925656       15427        2.1        0          148      48389      1925       2484.84    1176.01

Set Statistics
Type     Time(s)  Ops          TPS(ops/s)   Net(M/s)   Get_miss   Min(us)  Max(us)    Avg(us)    Std_dev    Geo_dist  
Period   1        152          152          0.0        0          379      10563      2108       2632.02    1268.66
Global   60       9364         156          0.0        0          237      48173      1994       2567.67    1210.73

Total Statistics
Type     Time(s)  Ops          TPS(ops/s)   Net(M/s)   Get_miss   Min(us)  Max(us)    Avg(us)    Std_dev    Geo_dist  
Period   1        15414        15414        2.1        0          229      11855      1951       2415.64    1215.10
Global   60       935020       15583        2.1        0          148      48389      1925       2486.23    1176.35

Get Statistics (925686 events)
   Min:       148
   Max:     48389
   Avg:      1925
   Geo:   1176.03
   Std:   2484.80
   Log2 Dist:
       8:      751    76452   468839   221413
      12:    21212   117163    19406      336
      16:      114

Set Statistics (9364 events)
   Min:       237
   Max:     48173
   Avg:      1994
   Geo:   1210.73
   Std:   2567.67
   Log2 Dist:
       8:        7      689     4688     2284
      12:      231     1256      204        3
      16:        2

Total Statistics (935050 events)
   Min:       148
   Max:     48389
   Avg:      1925
   Geo:   1176.37
   Std:   2486.19
   Log2 Dist:
       8:      758    77141   473527   223697
      12:    21443   118419    19610      339
      16:      116

cmd_get: 925716
cmd_set: 9364
get_misses: 0
written_bytes: 21863332
read_bytes: 152813102
object_bytes: 1348416

Run time: 60.2s Ops: 935080 TPS: 15522 Net_rate: 2.8M/s
