servers : 10.0.0.6:9000
threads count: 126
concurrency: 126
run time: 60s
windows size: 10k
set proportion: set_prop=0.01
get proportion: get_prop=0.99
[1;1H[2J
Get Statistics
Type     Time(s)  Ops          TPS(ops/s)   Net(M/s)   Get_miss   Min(us)  Max(us)    Avg(us)    Std_dev    Geo_dist  
Period   1        23300        23300        3.2        0          269      64629      5261       4604.26    3291.50
Global   1        23300        23300        3.2        0          269      64629      5261       4604.26    3291.50

Set Statistics
Type     Time(s)  Ops          TPS(ops/s)   Net(M/s)   Get_miss   Min(us)  Max(us)    Avg(us)    Std_dev    Geo_dist  
Period   1        288          288          0.0        0          480      20537      6815       4266.92    4774.78
Global   1        288          288          0.0        0          480      20537      6815       4266.92    4774.78

Total Statistics
Type     Time(s)  Ops          TPS(ops/s)   Net(M/s)   Get_miss   Min(us)  Max(us)    Avg(us)    Std_dev    Geo_dist  
Period   1        23588        23588        3.2        0          269      64629      5280       4603.34    3306.49
Global   1        23588        23588        3.2        0          269      64629      5280       4603.34    3306.49

[1;1H[2J
Get Statistics
Type     Time(s)  Ops          TPS(ops/s)   Net(M/s)   Get_miss   Min(us)  Max(us)    Avg(us)    Std_dev    Geo_dist  
Period   1        25341        25341        3.3        0          342      42172      4856       4056.42    3086.56
Global   2        48641        24320        3.5        0          269      64629      5050       4332.19    3183.09

Set Statistics
Type     Time(s)  Ops          TPS(ops/s)   Net(M/s)   Get_miss   Min(us)  Max(us)    Avg(us)    Std_dev    Geo_dist  
Period   1        269          269          0.0        0          397      42487      4979       4525.66    3127.71
Global   2        557          278          0.0        0          397      42487      5928       4485.25    3892.46

Total Statistics
Type     Time(s)  Ops          TPS(ops/s)   Net(M/s)   Get_miss   Min(us)  Max(us)    Avg(us)    Std_dev    Geo_dist  
Period   1        25610        25610        3.4        0          342      42487      4858       4060.70    3086.99
Global   2        49198        24599        3.5        0          269      64629      5060       4334.84    3190.35

[1;1H[2J
Get Statistics
Type     Time(s)  Ops          TPS(ops/s)   Net(M/s)   Get_miss   Min(us)  Max(us)    Avg(us)    Std_dev    Geo_dist  
Period   1        26003        26003        3.4        0          277      39955      4805       4132.24    3034.59
Global   3        74644        24881        3.6        0          269      64629      4965       4264.77    3130.55

Set Statistics
Type     Time(s)  Ops          TPS(ops/s)   Net(M/s)   Get_miss   Min(us)  Max(us)    Avg(us)    Std_dev    Geo_dist  
Period   1        258          258          0.0        0          616      30523      5081       4360.22    3245.60
Global   3        815          271          0.0        0          397      42487      5660       4460.66    3674.83

Total Statistics
Type     Time(s)  Ops          TPS(ops/s)   Net(M/s)   Get_miss   Min(us)  Max(us)    Avg(us)    Std_dev    Geo_dist  
Period   1        26261        26261        3.5        0          277      39955      4808       4134.21    3036.59
Global   3        75459        25153        3.6        0          269      64629      4972       4268.10    3135.98

[1;1H[2J
Get Statistics
Type     Time(s)  Ops          TPS(ops/s)   Net(M/s)   Get_miss   Min(us)  Max(us)    Avg(us)    Std_dev    Geo_dist  
Period   1        24467        24467        3.4        0          351      68800      5008       4576.15    3112.15
Global   4        99111        24777        3.4        0          269      68800      4975       4344.43    3126.00

Set Statistics
Type     Time(s)  Ops          TPS(ops/s)   Net(M/s)   Get_miss   Min(us)  Max(us)    Avg(us)    Std_dev    Geo_dist  
Period   1        248          248          0.0        0          420      23248      5295       4231.97    3339.14
Global   4        1063         265          0.0        0          397      42487      5575       4408.91    3593.62

Total Statistics
Type     Time(s)  Ops          TPS(ops/s)   Net(M/s)   Get_miss   Min(us)  Max(us)    Avg(us)    Std_dev    Geo_dist  
Period   1        24715        24715        3.4        0          351      68800      5011       4572.70    3114.35
Global   4        100174       25043        3.4        0          269      68800      4982       4344.81    3130.62

[1;1H[2J
Get Statistics
Type     Time(s)  Ops          TPS(ops/s)   Net(M/s)   Get_miss   Min(us)  Max(us)    Avg(us)    Std_dev    Geo_dist  
Period   1        24659        24659        3.4        0          284      69044      5083       4777.53    3140.34
Global   5        123770       24754        3.4        0          269      69044      4997       4433.74    3128.85

Set Statistics
Type     Time(s)  Ops          TPS(ops/s)   Net(M/s)   Get_miss   Min(us)  Max(us)    Avg(us)    Std_dev    Geo_dist  
Period   1        245          245          0.0        0          435      34230      5101       4569.10    3167.98
Global   5        1308         261          0.0        0          397      42487      5486       4441.70    3509.76

Total Statistics
Type     Time(s)  Ops          TPS(ops/s)   Net(M/s)   Get_miss   Min(us)  Max(us)    Avg(us)    Std_dev    Geo_dist  
Period   1        24904        24904        3.4        0          284      69044      5083       4775.62    3140.61
Global   5        125078       25015        3.4        0          269      69044      5002       4434.21    3132.61

[1;1H[2J
Get Statistics
Type     Time(s)  Ops          TPS(ops/s)   Net(M/s)   Get_miss   Min(us)  Max(us)    Avg(us)    Std_dev    Geo_dist  
Period   1        25657        25657        3.4        0          320      106949     4847       4668.18    2961.33
Global   6        149427       24904        3.5        0          269      106949     4971       4475.48    3099.43

Set Statistics
Type     Time(s)  Ops          TPS(ops/s)   Net(M/s)   Get_miss   Min(us)  Max(us)    Avg(us)    Std_dev    Geo_dist  
Period   1        263          263          0.0        0          510      39511      5050       5025.15    3083.04
Global   6        1571         261          0.0        0          397      42487      5413       4545.83    3434.41

Total Statistics
Type     Time(s)  Ops          TPS(ops/s)   Net(M/s)   Get_miss   Min(us)  Max(us)    Avg(us)    Std_dev    Geo_dist  
Period   1        25920        25920        3.5        0          320      106949     4849       4671.94    2962.54
Global   6        150998       25166        3.6        0          269      106949     4976       4475.98    3102.74

[1;1H[2J
Get Statistics
Type     Time(s)  Ops          TPS(ops/s)   Net(M/s)   Get_miss   Min(us)  Max(us)    Avg(us)    Std_dev    Geo_dist  
Period   1        24695        24695        3.4        0          249      80388      5076       4909.92    3042.63
Global   7        174122       24874        3.4        0          249      106949     4986       4539.64    3091.31

Set Statistics
Type     Time(s)  Ops          TPS(ops/s)   Net(M/s)   Get_miss   Min(us)  Max(us)    Avg(us)    Std_dev    Geo_dist  
Period   1        247          247          0.0        0          542      38186      4981       4959.44    2889.97
Global   7        1818         259          0.0        0          397      42487      5354       4605.50    3354.81

Total Statistics
Type     Time(s)  Ops          TPS(ops/s)   Net(M/s)   Get_miss   Min(us)  Max(us)    Avg(us)    Std_dev    Geo_dist  
Period   1        24941        24941        3.5        0          249      80388      5016       4890.22    2824.72
Global   7        175939       25134        3.4        0          249      106949     4990       4540.27    3094.06

[1;1H[2J
Get Statistics
Type     Time(s)  Ops          TPS(ops/s)   Net(M/s)   Get_miss   Min(us)  Max(us)    Avg(us)    Std_dev    Geo_dist  
Period   1        24685        24685        3.4        0          324      40379      5064       4219.08    3217.20
Global   8        198807       24850        3.4        0          249      106949     4996       4500.79    3106.67

Set Statistics
Type     Time(s)  Ops          TPS(ops/s)   Net(M/s)   Get_miss   Min(us)  Max(us)    Avg(us)    Std_dev    Geo_dist  
Period   1        255          255          0.0        0          595      20026      5367       4083.15    3501.72
Global   8        2073         259          0.0        0          397      42487      5356       4543.10    3372.54

Total Statistics
Type     Time(s)  Ops          TPS(ops/s)   Net(M/s)   Get_miss   Min(us)  Max(us)    Avg(us)    Std_dev    Geo_dist  
Period   1        24941        24941        3.4        0          324      40379      5067       4217.67    3217.96
Global   8        200880       25110        3.4        0          249      106949     4999       4502.16    3109.18

[1;1H[2J
Get Statistics
Type     Time(s)  Ops          TPS(ops/s)   Net(M/s)   Get_miss   Min(us)  Max(us)    Avg(us)    Std_dev    Geo_dist  
Period   1        24092        24092        3.4        0          306      108790     5143       5222.77    3101.18
Global   9        222899       24766        3.3        0          249      108790     5012       4584.40    3106.07

Set Statistics
Type     Time(s)  Ops          TPS(ops/s)   Net(M/s)   Get_miss   Min(us)  Max(us)    Avg(us)    Std_dev    Geo_dist  
Period   1        240          240          0.0        0          495      33158      5187       4856.17    3185.58
Global   9        2313         257          0.0        0          397      42487      5338       4576.31    3352.65

Total Statistics
Type     Time(s)  Ops          TPS(ops/s)   Net(M/s)   Get_miss   Min(us)  Max(us)    Avg(us)    Std_dev    Geo_dist  
Period   1        24332        24332        3.4        0          306      108790     5144       5218.63    3102.97
Global   9        225212       25023        3.3        0          249      108790     5015       4584.81    3108.51

[1;1H[2J
Get Statistics
Type     Time(s)  Ops          TPS(ops/s)   Net(M/s)   Get_miss   Min(us)  Max(us)    Avg(us)    Std_dev    Geo_dist  
Period   1        24302        24302        3.4        0          285      89046      5150       4896.12    3173.91
Global   10       247201       24720        3.3        0          249      108790     5025       4616.77    3112.68

Set Statistics
Type     Time(s)  Ops          TPS(ops/s)   Net(M/s)   Get_miss   Min(us)  Max(us)    Avg(us)    Std_dev    Geo_dist  
Period   1        249          249          0.0        0          599      47363      5225       4951.57    3284.73
Global   10       2562         256          0.0        0          397      47363      5327       4613.24    3345.98

Total Statistics
Type     Time(s)  Ops          TPS(ops/s)   Net(M/s)   Get_miss   Min(us)  Max(us)    Avg(us)    Std_dev    Geo_dist  
Period   1        24551        24551        3.4        0          285      89046      5151       4896.34    3175.02
Global   10       249763       24976        3.4        0          249      108790     5028       4616.93    3114.99

[1;1H[2J
Get Statistics
Type     Time(s)  Ops          TPS(ops/s)   Net(M/s)   Get_miss   Min(us)  Max(us)    Avg(us)    Std_dev    Geo_dist  
Period   1        23243        23243        3.4        0          308      86185      5419       6392.07    3190.08
Global   11       270444       24585        3.2        0          249      108790     5059       4796.34    3119.26

Set Statistics
Type     Time(s)  Ops          TPS(ops/s)   Net(M/s)   Get_miss   Min(us)  Max(us)    Avg(us)    Std_dev    Geo_dist  
Period   1        240          240          0.0        0          558      70335      6645       10134.86   3628.63
Global   11       2802         254          0.0        0          397      70335      5440       5325.20    3369.31

Total Statistics
Type     Time(s)  Ops          TPS(ops/s)   Net(M/s)   Get_miss   Min(us)  Max(us)    Avg(us)    Std_dev    Geo_dist  
Period   1        23483        23483        3.4        0          308      86185      5432       6441.78    3194.29
Global   11       273246       24840        3.2        0          249      108790     5063       4802.11    3121.72

[1;1H[2J
Get Statistics
Type     Time(s)  Ops          TPS(ops/s)   Net(M/s)   Get_miss   Min(us)  Max(us)    Avg(us)    Std_dev    Geo_dist  
Period   1        25522        25522        3.4        0          345      56585      4895       4321.77    3050.23
Global   12       295966       24663        3.5        0          249      108790     5045       4757.35    3113.24

Set Statistics
Type     Time(s)  Ops          TPS(ops/s)   Net(M/s)   Get_miss   Min(us)  Max(us)    Avg(us)    Std_dev    Geo_dist  
Period   1        254          254          0.0        0          447      58961      5535       6043.05    3295.94
Global   12       3056         254          0.0        0          397      70335      5448       5387.38    3363.15

Total Statistics
Type     Time(s)  Ops          TPS(ops/s)   Net(M/s)   Get_miss   Min(us)  Max(us)    Avg(us)    Std_dev    Geo_dist  
Period   1        25776        25776        3.4        0          345      58961      4901       4342.71    3052.56
Global   12       299022       24918        3.5        0          249      108790     5049       4764.50    3115.70

[1;1H[2J
Get Statistics
Type     Time(s)  Ops          TPS(ops/s)   Net(M/s)   Get_miss   Min(us)  Max(us)    Avg(us)    Std_dev    Geo_dist  
Period   1        25071        25071        3.4        0          302      48036      4985       4493.81    3064.54
Global   13       321037       24695        3.4        0          249      108790     5040       4737.65    3109.41

Set Statistics
Type     Time(s)  Ops          TPS(ops/s)   Net(M/s)   Get_miss   Min(us)  Max(us)    Avg(us)    Std_dev    Geo_dist  
Period   1        247          247          0.0        0          532      22994      5081       4423.63    3171.99
Global   13       3303         254          0.0        0          397      70335      5421       5321.20    3348.46

Total Statistics
Type     Time(s)  Ops          TPS(ops/s)   Net(M/s)   Get_miss   Min(us)  Max(us)    Avg(us)    Std_dev    Geo_dist  
Period   1        25318        25318        3.4        0          302      48036      4986       4492.98    3065.57
Global   13       324340       24949        3.5        0          249      108790     5044       4743.97    3111.76

[1;1H[2J
Get Statistics
Type     Time(s)  Ops          TPS(ops/s)   Net(M/s)   Get_miss   Min(us)  Max(us)    Avg(us)    Std_dev    Geo_dist  
Period   1        24130        24130        3.4        0          322      85317      5142       5246.87    3020.98
Global   14       345167       24654        3.3        0          249      108790     5047       4775.22    3103.15

Set Statistics
Type     Time(s)  Ops          TPS(ops/s)   Net(M/s)   Get_miss   Min(us)  Max(us)    Avg(us)    Std_dev    Geo_dist  
Period   1        250          250          0.0        0          405      28250      5144       4888.57    3031.09
Global   14       3553         253          0.0        0          397      70335      5401       5292.26    3325.08

Total Statistics
Type     Time(s)  Ops          TPS(ops/s)   Net(M/s)   Get_miss   Min(us)  Max(us)    Avg(us)    Std_dev    Geo_dist  
Period   1        24380        24380        3.4        0          322      85317      5142       5243.25    3021.08
Global   14       348720       24908        3.3        0          249      108790     5051       4780.48    3105.33

[1;1H[2J
Get Statistics
Type     Time(s)  Ops          TPS(ops/s)   Net(M/s)   Get_miss   Min(us)  Max(us)    Avg(us)    Std_dev    Geo_dist  
Period   1        23681        23681        3.4        0          320      56622      5226       4262.15    3373.06
Global   15       368848       24589        3.3        0          249      108790     5059       4743.60    3119.81

Set Statistics
Type     Time(s)  Ops          TPS(ops/s)   Net(M/s)   Get_miss   Min(us)  Max(us)    Avg(us)    Std_dev    Geo_dist  
Period   1        239          239          0.0        0          550      20830      5763       4196.89    3832.34
Global   15       3792         252          0.0        0          397      70335      5424       5230.09    3354.97

Total Statistics
Type     Time(s)  Ops          TPS(ops/s)   Net(M/s)   Get_miss   Min(us)  Max(us)    Avg(us)    Std_dev    Geo_dist  
Period   1        23920        23920        3.4        0          320      56622      5232       4260.98    3377.37
Global   15       372640       24842        3.3        0          249      108790     5062       4749.70    3122.12

[1;1H[2J
Get Statistics
Type     Time(s)  Ops          TPS(ops/s)   Net(M/s)   Get_miss   Min(us)  Max(us)    Avg(us)    Std_dev    Geo_dist  
Period   1        26008        26008        3.4        0          230      42244      4826       4065.88    3082.52
Global   16       394856       24678        3.6        0          230      108790     5043       4703.02    3117.34

Set Statistics
Type     Time(s)  Ops          TPS(ops/s)   Net(M/s)   Get_miss   Min(us)  Max(us)    Avg(us)    Std_dev    Geo_dist  
Period   1        255          255          0.0        0          455      29641      5086       4257.98    3347.08
Global   16       4047         252          0.0        0          397      70335      5403       5174.13    3354.47

Total Statistics
Type     Time(s)  Ops          TPS(ops/s)   Net(M/s)   Get_miss   Min(us)  Max(us)    Avg(us)    Std_dev    Geo_dist  
Period   1        26263        26263        3.4        0          230      42244      4829       4067.22    3084.99
Global   16       398903       24931        3.6        0          230      108790     5047       4707.79    3119.66

[1;1H[2J
Get Statistics
Type     Time(s)  Ops          TPS(ops/s)   Net(M/s)   Get_miss   Min(us)  Max(us)    Avg(us)    Std_dev    Geo_dist  
Period   1        21549        21549        3.4        0          338      98541      5768       8075.36    3233.71
Global   17       416405       24494        3.0        0          230      108790     5081       4936.52    3123.26

Set Statistics
Type     Time(s)  Ops          TPS(ops/s)   Net(M/s)   Get_miss   Min(us)  Max(us)    Avg(us)    Std_dev    Geo_dist  
Period   1        221          221          0.0        0          493      39624      5704       5276.26    3441.00
Global   17       4268         251          0.0        0          397      70335      5418       5179.88    3358.90

Total Statistics
Type     Time(s)  Ops          TPS(ops/s)   Net(M/s)   Get_miss   Min(us)  Max(us)    Avg(us)    Std_dev    Geo_dist  
Period   1        21770        21770        3.4        0          338      98541      5767       8052.00    3235.75
Global   17       420673       24745        3.0        0          230      108790     5084       4939.59    3125.56

[1;1H[2J
Get Statistics
Type     Time(s)  Ops          TPS(ops/s)   Net(M/s)   Get_miss   Min(us)  Max(us)    Avg(us)    Std_dev    Geo_dist  
Period   1        24007        24007        3.4        0          336      61438      5129       4678.51    3238.58
Global   18       440412       24467        3.3        0          230      108790     5084       4922.41    3129.43

Set Statistics
Type     Time(s)  Ops          TPS(ops/s)   Net(M/s)   Get_miss   Min(us)  Max(us)    Avg(us)    Std_dev    Geo_dist  
Period   1        242          242          0.0        0          443      35251      5528       4744.50    3579.55
Global   18       4510         250          0.0        0          397      70335      5424       5156.92    3370.39

Total Statistics
Type     Time(s)  Ops          TPS(ops/s)   Net(M/s)   Get_miss   Min(us)  Max(us)    Avg(us)    Std_dev    Geo_dist  
Period   1        24249        24249        3.4        0          336      61438      5133       4679.22    3241.81
Global   18       444922       24717        3.3        0          230      108790     5087       4925.42    3131.79

[1;1H[2J
Get Statistics
Type     Time(s)  Ops          TPS(ops/s)   Net(M/s)   Get_miss   Min(us)  Max(us)    Avg(us)    Std_dev    Geo_dist  
Period   1        24899        24899        3.4        0          302      91201      5037       4898.49    3064.46
Global   19       465311       24490        3.4        0          230      108790     5081       4921.64    3125.92

Set Statistics
Type     Time(s)  Ops          TPS(ops/s)   Net(M/s)   Get_miss   Min(us)  Max(us)    Avg(us)    Std_dev    Geo_dist  
Period   1        252          252          0.0        0          498      18383      4872       4071.02    3083.90
Global   19       4762         250          0.0        0          397      70335      5395       5106.17    3354.58

Total Statistics
Type     Time(s)  Ops          TPS(ops/s)   Net(M/s)   Get_miss   Min(us)  Max(us)    Avg(us)    Std_dev    Geo_dist  
Period   1        25151        25151        3.4        0          302      91201      5035       4891.21    3064.65
Global   19       470073       24740        3.5        0          230      108790     5084       4923.83    3128.16

[1;1H[2J
Get Statistics
Type     Time(s)  Ops          TPS(ops/s)   Net(M/s)   Get_miss   Min(us)  Max(us)    Avg(us)    Std_dev    Geo_dist  
Period   1        24808        24808        3.4        0          345      59108      5080       4483.27    3204.28
Global   20       490119       24505        3.4        0          230      108790     5081       4900.34    3129.84

Set Statistics
Type     Time(s)  Ops          TPS(ops/s)   Net(M/s)   Get_miss   Min(us)  Max(us)    Avg(us)    Std_dev    Geo_dist  
Period   1        249          249          0.0        0          647      52167      5429       5560.55    3285.39
Global   20       5011         250          0.0        0          397      70335      5397       5128.78    3351.11

Total Statistics
Type     Time(s)  Ops          TPS(ops/s)   Net(M/s)   Get_miss   Min(us)  Max(us)    Avg(us)    Std_dev    Geo_dist  
Period   1        25057        25057        3.4        0          345      59108      5084       4494.64    3205.07
Global   20       495130       24756        3.4        0          230      108790     5084       4903.01    3132.01

[1;1H[2J
Get Statistics
Type     Time(s)  Ops          TPS(ops/s)   Net(M/s)   Get_miss   Min(us)  Max(us)    Avg(us)    Std_dev    Geo_dist  
Period   1        25211        25211        3.4        0          311      51120      4926       4226.80    3118.88
Global   21       515330       24539        3.5        0          230      108790     5073       4870.10    3129.31

Set Statistics
Type     Time(s)  Ops          TPS(ops/s)   Net(M/s)   Get_miss   Min(us)  Max(us)    Avg(us)    Std_dev    Geo_dist  
Period   1        257          257          0.0        0          470      21471      5374       4226.52    3519.84
Global   21       5268         250          0.0        0          397      70335      5396       5088.01    3359.15

Total Statistics
Type     Time(s)  Ops          TPS(ops/s)   Net(M/s)   Get_miss   Min(us)  Max(us)    Avg(us)    Std_dev    Geo_dist  
Period   1        25468        25468        3.4        0          311      51120      4931       4226.39    3122.69
Global   21       520598       24790        3.5        0          230      108790     5077       4871.69    3131.55

[1;1H[2J
Get Statistics
Type     Time(s)  Ops          TPS(ops/s)   Net(M/s)   Get_miss   Min(us)  Max(us)    Avg(us)    Std_dev    Geo_dist  
Period   1        21339        21339        3.4        0          254      144771     5793       10024.78   3333.43
Global   22       536669       24394        2.9        0          230      144771     5102       5175.57    3137.18

Set Statistics
Type     Time(s)  Ops          TPS(ops/s)   Net(M/s)   Get_miss   Min(us)  Max(us)    Avg(us)    Std_dev    Geo_dist  
Period   1        214          214          0.0        0          529      125974     6367       12333.83   3575.77
Global   22       5482         249          0.0        0          397      125974     5433       5552.84    3367.35

Total Statistics
Type     Time(s)  Ops          TPS(ops/s)   Net(M/s)   Get_miss   Min(us)  Max(us)    Avg(us)    Std_dev    Geo_dist  
Period   1        21553        21553        3.4        0          254      144771     5799       10049.95   3335.76
Global   22       542151       24643        3.0        0          230      144771     5105       5179.97    3139.42

[1;1H[2J
Get Statistics
Type     Time(s)  Ops          TPS(ops/s)   Net(M/s)   Get_miss   Min(us)  Max(us)    Avg(us)    Std_dev    Geo_dist  
Period   1        25704        25704        3.4        0          313      49216      4919       4135.02    3123.24
Global   23       562373       24451        3.5        0          230      144771     5094       5132.39    3136.54

Set Statistics
Type     Time(s)  Ops          TPS(ops/s)   Net(M/s)   Get_miss   Min(us)  Max(us)    Avg(us)    Std_dev    Geo_dist  
Period   1        255          255          0.0        0          641      23979      4888       3925.36    3225.80
Global   23       5737         249          0.0        0          397      125974     5409       5491.42    3360.93

Total Statistics
Type     Time(s)  Ops          TPS(ops/s)   Net(M/s)   Get_miss   Min(us)  Max(us)    Avg(us)    Std_dev    Geo_dist  
Period   1        25959        25959        3.4        0          313      49216      4918       4133.77    3124.23
Global   23       568110       24700        3.6        0          230      144771     5097       5136.42    3138.73

[1;1H[2J
Get Statistics
Type     Time(s)  Ops          TPS(ops/s)   Net(M/s)   Get_miss   Min(us)  Max(us)    Avg(us)    Std_dev    Geo_dist  
Period   1        24867        24867        3.4        0          251      56338      5017       4340.84    3150.21
Global   24       587240       24468        3.4        0          230      144771     5090       5102.12    3137.12

Set Statistics
Type     Time(s)  Ops          TPS(ops/s)   Net(M/s)   Get_miss   Min(us)  Max(us)    Avg(us)    Std_dev    Geo_dist  
Period   1        257          257          0.0        0          596      33273      5556       4836.20    3536.69
Global   24       5994         249          0.0        0          397      125974     5415       5464.96    3368.28

Total Statistics
Type     Time(s)  Ops          TPS(ops/s)   Net(M/s)   Get_miss   Min(us)  Max(us)    Avg(us)    Std_dev    Geo_dist  
Period   1        25124        25124        3.4        0          251      56338      5023       4345.86    3153.94
Global   24       593234       24718        3.5        0          230      144771     5094       5105.30    3139.37

[1;1H[2J
Get Statistics
Type     Time(s)  Ops          TPS(ops/s)   Net(M/s)   Get_miss   Min(us)  Max(us)    Avg(us)    Std_dev    Geo_dist  
Period   1        24144        24144        3.4        0          272      59652      5152       4547.74    3182.50
Global   25       611384       24455        3.3        0          230      144771     5093       5080.84    3138.90

Set Statistics
Type     Time(s)  Ops          TPS(ops/s)   Net(M/s)   Get_miss   Min(us)  Max(us)    Avg(us)    Std_dev    Geo_dist  
Period   1        242          242          0.0        0          455      32814      5834       5030.58    3707.65
Global   25       6236         249          0.0        0          397      125974     5432       5448.24    3380.85

Total Statistics
Type     Time(s)  Ops          TPS(ops/s)   Net(M/s)   Get_miss   Min(us)  Max(us)    Avg(us)    Std_dev    Geo_dist  
Period   1        24388        24388        3.4        0          272      59652      5159       4552.50    3187.14
Global   25       617622       24704        3.3        0          230      144771     5096       5085.20    3141.24

[1;1H[2J
Get Statistics
Type     Time(s)  Ops          TPS(ops/s)   Net(M/s)   Get_miss   Min(us)  Max(us)    Avg(us)    Std_dev    Geo_dist  
Period   1        24834        24834        3.4        0          235      60334      5018       4259.58    3154.07
Global   26       636218       24469        3.4        0          230      144771     5090       5051.38    3139.52

Set Statistics
Type     Time(s)  Ops          TPS(ops/s)   Net(M/s)   Get_miss   Min(us)  Max(us)    Avg(us)    Std_dev    Geo_dist  
Period   1        257          257          0.0        0          533      22358      4989       4194.68    3159.84
Global   26       6493         249          0.0        0          397      125974     5414       5405.05    3371.82

Total Statistics
Type     Time(s)  Ops          TPS(ops/s)   Net(M/s)   Get_miss   Min(us)  Max(us)    Avg(us)    Std_dev    Geo_dist  
Period   1        25089        25089        3.4        0          235      60334      5018       4258.88    3155.24
Global   26       642711       24719        3.4        0          230      144771     5093       5055.45    3141.79

[1;1H[2J
Get Statistics
Type     Time(s)  Ops          TPS(ops/s)   Net(M/s)   Get_miss   Min(us)  Max(us)    Avg(us)    Std_dev    Geo_dist  
Period   1        25016        25016        3.4        0          265      40129      5007       4165.41    3186.28
Global   27       661234       24490        3.4        0          230      144771     5087       5020.59    3141.28

Set Statistics
Type     Time(s)  Ops          TPS(ops/s)   Net(M/s)   Get_miss   Min(us)  Max(us)    Avg(us)    Std_dev    Geo_dist  
Period   1        249          249          0.0        0          484      19950      4751       3974.89    3058.46
Global   27       6742         249          0.0        0          397      125974     5390       5359.77    3359.69

Total Statistics
Type     Time(s)  Ops          TPS(ops/s)   Net(M/s)   Get_miss   Min(us)  Max(us)    Avg(us)    Std_dev    Geo_dist  
Period   1        25265        25265        3.4        0          265      40129      5005       4162.95    3185.00
Global   27       667976       24739        3.5        0          230      144771     5090       5024.27    3143.41

[1;1H[2J
Get Statistics
Type     Time(s)  Ops          TPS(ops/s)   Net(M/s)   Get_miss   Min(us)  Max(us)    Avg(us)    Std_dev    Geo_dist  
Period   1        25073        25073        3.4        0          279      41153      4925       4055.97    3146.40
Global   28       686307       24510        3.4        0          230      144771     5081       4988.80    3141.47

Set Statistics
Type     Time(s)  Ops          TPS(ops/s)   Net(M/s)   Get_miss   Min(us)  Max(us)    Avg(us)    Std_dev    Geo_dist  
Period   1        252          252          0.0        0          501      19366      5036       3893.76    3312.85
Global   28       6994         249          0.0        0          397      125974     5377       5314.42    3358.00

Total Statistics
Type     Time(s)  Ops          TPS(ops/s)   Net(M/s)   Get_miss   Min(us)  Max(us)    Avg(us)    Std_dev    Geo_dist  
Period   1        25325        25325        3.4        0          279      41153      4926       4054.45    3148.01
Global   28       693301       24760        3.5        0          230      144771     5084       4992.26    3143.58

[1;1H[2J
Get Statistics
Type     Time(s)  Ops          TPS(ops/s)   Net(M/s)   Get_miss   Min(us)  Max(us)    Avg(us)    Std_dev    Geo_dist  
Period   1        25169        25169        3.4        0          270      49281      4961       4166.14    3159.47
Global   29       711476       24533        3.5        0          230      144771     5077       4961.82    3142.10

Set Statistics
Type     Time(s)  Ops          TPS(ops/s)   Net(M/s)   Get_miss   Min(us)  Max(us)    Avg(us)    Std_dev    Geo_dist  
Period   1        256          256          0.0        0          512      19219      5435       3998.43    3629.86
Global   29       7250         250          0.0        0          397      125974     5379       5273.39    3367.24

Total Statistics
Type     Time(s)  Ops          TPS(ops/s)   Net(M/s)   Get_miss   Min(us)  Max(us)    Avg(us)    Std_dev    Geo_dist  
Period   1        25425        25425        3.4        0          270      49281      4966       4164.40    3163.89
Global   29       718726       24783        3.5        0          230      144771     5080       4965.20    3144.30

[1;1H[2J
Get Statistics
Type     Time(s)  Ops          TPS(ops/s)   Net(M/s)   Get_miss   Min(us)  Max(us)    Avg(us)    Std_dev    Geo_dist  
Period   1        24883        24883        3.4        0          326      42932      4971       4286.23    3087.21
Global   30       736359       24545        3.4        0          230      144771     5073       4940.97    3140.23

Set Statistics
Type     Time(s)  Ops          TPS(ops/s)   Net(M/s)   Get_miss   Min(us)  Max(us)    Avg(us)    Std_dev    Geo_dist  
Period   1        254          254          0.0        0          607      18811      4886       4048.99    3097.03
Global   30       7504         250          0.0        0          397      125974     5362       5237.50    3357.72

Total Statistics
Type     Time(s)  Ops          TPS(ops/s)   Net(M/s)   Get_miss   Min(us)  Max(us)    Avg(us)    Std_dev    Geo_dist  
Period   1        25137        25137        3.4        0          326      42932      4970       4284.00    3087.31
Global   30       743863       24795        3.5        0          230      144771     5076       4944.04    3142.35

[1;1H[2J
Get Statistics
Type     Time(s)  Ops          TPS(ops/s)   Net(M/s)   Get_miss   Min(us)  Max(us)    Avg(us)    Std_dev    Geo_dist  
Period   1        25817        25817        3.4        0          291      40825      4841       3997.97    3083.63
Global   31       762176       24586        3.5        0          230      144771     5065       4912.31    3138.30

Set Statistics
Type     Time(s)  Ops          TPS(ops/s)   Net(M/s)   Get_miss   Min(us)  Max(us)    Avg(us)    Std_dev    Geo_dist  
Period   1        255          255          0.0        0          531      38386      5168       4394.15    3333.06
Global   31       7759         250          0.0        0          397      125974     5356       5211.44    3356.90

Total Statistics
Type     Time(s)  Ops          TPS(ops/s)   Net(M/s)   Get_miss   Min(us)  Max(us)    Avg(us)    Std_dev    Geo_dist  
Period   1        26072        26072        3.4        0          291      40825      4844       4002.31    3085.98
Global   31       769935       24836        3.6        0          230      144771     5068       4915.43    3140.43

[1;1H[2J
Get Statistics
Type     Time(s)  Ops          TPS(ops/s)   Net(M/s)   Get_miss   Min(us)  Max(us)    Avg(us)    Std_dev    Geo_dist  
Period   1        25600        25600        3.4        0          358      80050      4863       4616.55    2937.89
Global   32       787776       24618        3.5        0          230      144771     5059       4902.53    3131.58

Set Statistics
Type     Time(s)  Ops          TPS(ops/s)   Net(M/s)   Get_miss   Min(us)  Max(us)    Avg(us)    Std_dev    Geo_dist  
Period   1        268          268          0.0        0          476      30278      5108       4540.70    3151.04
Global   32       8027         250          0.0        0          397      125974     5348       5190.10    3349.82

Total Statistics
Type     Time(s)  Ops          TPS(ops/s)   Net(M/s)   Get_miss   Min(us)  Max(us)    Avg(us)    Std_dev    Geo_dist  
Period   1        25868        25868        3.4        0          358      80050      4866       4615.26    2940.03
Global   32       795803       24868        3.6        0          230      144771     5062       4905.50    3133.70

[1;1H[2J
Get Statistics
Type     Time(s)  Ops          TPS(ops/s)   Net(M/s)   Get_miss   Min(us)  Max(us)    Avg(us)    Std_dev    Geo_dist  
Period   1        25158        25158        3.4        0          318      39262      4943       4040.90    3168.83
Global   33       812934       24634        3.5        0          230      144771     5055       4878.61    3132.72

Set Statistics
Type     Time(s)  Ops          TPS(ops/s)   Net(M/s)   Get_miss   Min(us)  Max(us)    Avg(us)    Std_dev    Geo_dist  
Period   1        249          249          0.0        0          606      29233      5233       4255.87    3442.46
Global   33       8276         250          0.0        0          397      125974     5344       5164.83    3352.57

Total Statistics
Type     Time(s)  Ops          TPS(ops/s)   Net(M/s)   Get_miss   Min(us)  Max(us)    Avg(us)    Std_dev    Geo_dist  
Period   1        25407        25407        3.4        0          318      39262      4946       4042.88    3171.41
Global   33       821210       24885        3.5        0          230      144771     5058       4881.57    3134.86

[1;1H[2J
Get Statistics
Type     Time(s)  Ops          TPS(ops/s)   Net(M/s)   Get_miss   Min(us)  Max(us)    Avg(us)    Std_dev    Geo_dist  
Period   1        24675        24675        3.4        0          353      47808      4962       4260.80    3123.42
Global   34       837609       24635        3.4        0          230      144771     5052       4861.82    3132.45

Set Statistics
Type     Time(s)  Ops          TPS(ops/s)   Net(M/s)   Get_miss   Min(us)  Max(us)    Avg(us)    Std_dev    Geo_dist  
Period   1        248          248          0.0        0          504      38632      5201       4954.28    3229.38
Global   34       8524         250          0.0        0          397      125974     5340       5158.44    3348.92

Total Statistics
Type     Time(s)  Ops          TPS(ops/s)   Net(M/s)   Get_miss   Min(us)  Max(us)    Avg(us)    Std_dev    Geo_dist  
Period   1        24923        24923        3.4        0          353      47808      4965       4267.48    3124.46
Global   34       846133       24886        3.4        0          230      144771     5055       4864.88    3134.56

[1;1H[2J
Get Statistics
Type     Time(s)  Ops          TPS(ops/s)   Net(M/s)   Get_miss   Min(us)  Max(us)    Avg(us)    Std_dev    Geo_dist  
Period   1        24831        24831        3.4        0          286      70091      5058       4496.98    3169.60
Global   35       862440       24641        3.4        0          230      144771     5053       4850.84    3133.51

Set Statistics
Type     Time(s)  Ops          TPS(ops/s)   Net(M/s)   Get_miss   Min(us)  Max(us)    Avg(us)    Std_dev    Geo_dist  
Period   1        253          253          0.0        0          562      17635      4825       3785.83    3159.92
Global   35       8777         250          0.0        0          397      125974     5325       5124.75    3343.32

Total Statistics
Type     Time(s)  Ops          TPS(ops/s)   Net(M/s)   Get_miss   Min(us)  Max(us)    Avg(us)    Std_dev    Geo_dist  
Period   1        25084        25084        3.4        0          286      70091      5056       4489.97    3169.50
Global   35       871217       24891        3.4        0          230      144771     5055       4854.52    3135.56

[1;1H[2J
Get Statistics
Type     Time(s)  Ops          TPS(ops/s)   Net(M/s)   Get_miss   Min(us)  Max(us)    Avg(us)    Std_dev    Geo_dist  
Period   1        24619        24619        3.4        0          330      74297      5065       4577.55    3178.33
Global   36       887059       24640        3.4        0          230      144771     5053       4843.81    3134.75

Set Statistics
Type     Time(s)  Ops          TPS(ops/s)   Net(M/s)   Get_miss   Min(us)  Max(us)    Avg(us)    Std_dev    Geo_dist  
Period   1        248          248          0.0        0          568      28134      4785       4053.28    3077.83
Global   36       9025         250          0.0        0          397      125974     5310       5099.06    3335.72

Total Statistics
Type     Time(s)  Ops          TPS(ops/s)   Net(M/s)   Get_miss   Min(us)  Max(us)    Avg(us)    Std_dev    Geo_dist  
Period   1        24867        24867        3.4        0          330      74297      5063       4571.75    3177.32
Global   36       896084       24891        3.4        0          230      144771     5055       4847.12    3136.71

[1;1H[2J
Get Statistics
Type     Time(s)  Ops          TPS(ops/s)   Net(M/s)   Get_miss   Min(us)  Max(us)    Avg(us)    Std_dev    Geo_dist  
Period   1        25143        25143        3.4        0          312      49972      4904       4229.57    3103.86
Global   37       912202       24654        3.5        0          230      144771     5049       4827.87    3133.89

Set Statistics
Type     Time(s)  Ops          TPS(ops/s)   Net(M/s)   Get_miss   Min(us)  Max(us)    Avg(us)    Std_dev    Geo_dist  
Period   1        250          250          0.0        0          484      19314      4768       3987.92    2997.07
Global   37       9275         250          0.0        0          397      125974     5296       5072.26    3326.11

Total Statistics
Type     Time(s)  Ops          TPS(ops/s)   Net(M/s)   Get_miss   Min(us)  Max(us)    Avg(us)    Std_dev    Geo_dist  
Period   1        25393        25393        3.4        0          312      49972      4902       4227.98    3102.79
Global   37       921477       24904        3.5        0          230      144771     5051       4830.96    3135.77

[1;1H[2J
Get Statistics
Type     Time(s)  Ops          TPS(ops/s)   Net(M/s)   Get_miss   Min(us)  Max(us)    Avg(us)    Std_dev    Geo_dist  
Period   1        25732        25732        3.4        0          376      48826      4885       3978.01    3168.48
Global   38       937934       24682        3.5        0          230      144771     5044       4807.16    3134.83

Set Statistics
Type     Time(s)  Ops          TPS(ops/s)   Net(M/s)   Get_miss   Min(us)  Max(us)    Avg(us)    Std_dev    Geo_dist  
Period   1        258          258          0.0        0          556      18638      5036       3835.76    3370.75
Global   38       9533         250          0.0        0          397      125974     5289       5042.77    3327.31

Total Statistics
Type     Time(s)  Ops          TPS(ops/s)   Net(M/s)   Get_miss   Min(us)  Max(us)    Avg(us)    Std_dev    Geo_dist  
Period   1        25990        25990        3.4        0          376      48826      4886       3977.19    3170.43
Global   38       947467       24933        3.6        0          230      144771     5047       4809.09    3136.72

[1;1H[2J
Get Statistics
Type     Time(s)  Ops          TPS(ops/s)   Net(M/s)   Get_miss   Min(us)  Max(us)    Avg(us)    Std_dev    Geo_dist  
Period   1        24522        24522        3.4        0          284      63585      5052       4198.92    3245.43
Global   39       962456       24678        3.4        0          230      144771     5044       4792.83    3137.61

Set Statistics
Type     Time(s)  Ops          TPS(ops/s)   Net(M/s)   Get_miss   Min(us)  Max(us)    Avg(us)    Std_dev    Geo_dist  
Period   1        252          252          0.0        0          459      13063      5287       3791.27    3607.82
Global   39       9785         250          0.0        0          397      125974     5289       5014.25    3334.26

Total Statistics
Type     Time(s)  Ops          TPS(ops/s)   Net(M/s)   Get_miss   Min(us)  Max(us)    Avg(us)    Std_dev    Geo_dist  
Period   1        24774        24774        3.4        0          284      63585      5054       4195.44    3248.93
Global   39       972241       24929        3.4        0          230      144771     5047       4794.61    3139.53

[1;1H[2J
Get Statistics
Type     Time(s)  Ops          TPS(ops/s)   Net(M/s)   Get_miss   Min(us)  Max(us)    Avg(us)    Std_dev    Geo_dist  
Period   1        24763        24763        3.4        0          301      44158      5076       4262.90    3221.03
Global   40       987219       24680        3.4        0          230      144771     5045       4780.05    3139.67

Set Statistics
Type     Time(s)  Ops          TPS(ops/s)   Net(M/s)   Get_miss   Min(us)  Max(us)    Avg(us)    Std_dev    Geo_dist  
Period   1        249          249          0.0        0          552      21860      4990       4303.28    3143.86
Global   40       10034        250          0.0        0          397      125974     5281       4998.48    3329.39

Total Statistics
Type     Time(s)  Ops          TPS(ops/s)   Net(M/s)   Get_miss   Min(us)  Max(us)    Avg(us)    Std_dev    Geo_dist  
Period   1        25012        25012        3.4        0          301      44158      5075       4263.39    3220.25
Global   40       997253       24931        3.4        0          230      144771     5048       4781.69    3141.53

[1;1H[2J
Get Statistics
Type     Time(s)  Ops          TPS(ops/s)   Net(M/s)   Get_miss   Min(us)  Max(us)    Avg(us)    Std_dev    Geo_dist  
Period   1        24724        24724        3.4        0          308      61816      5057       4493.33    3120.66
Global   41       1011943      24681        3.4        0          230      144771     5046       4772.50    3139.21

Set Statistics
Type     Time(s)  Ops          TPS(ops/s)   Net(M/s)   Get_miss   Min(us)  Max(us)    Avg(us)    Std_dev    Geo_dist  
Period   1        252          252          0.0        0          519      48550      5571       5147.14    3472.39
Global   41       10286        250          0.0        0          397      125974     5288       5002.23    3332.83

Total Statistics
Type     Time(s)  Ops          TPS(ops/s)   Net(M/s)   Get_miss   Min(us)  Max(us)    Avg(us)    Std_dev    Geo_dist  
Period   1        24980        24980        3.4        0          308      61816      5063       4500.20    3124.54
Global   41       1022233      24932        3.4        0          230      144771     5048       4775.40    3141.11

[1;1H[2J
Get Statistics
Type     Time(s)  Ops          TPS(ops/s)   Net(M/s)   Get_miss   Min(us)  Max(us)    Avg(us)    Std_dev    Geo_dist  
Period   1        24433        24433        3.4        0          324      72732      5089       4975.23    3090.86
Global   42       1036376      24675        3.4        0          230      144771     5047       4777.41    3138.08

Set Statistics
Type     Time(s)  Ops          TPS(ops/s)   Net(M/s)   Get_miss   Min(us)  Max(us)    Avg(us)    Std_dev    Geo_dist  
Period   1        244          244          0.0        0          509      18875      5032       3865.25    3315.80
Global   42       10530        250          0.0        0          397      125974     5282       4978.90    3332.43

Total Statistics
Type     Time(s)  Ops          TPS(ops/s)   Net(M/s)   Get_miss   Min(us)  Max(us)    Avg(us)    Std_dev    Geo_dist  
Period   1        24673        24673        3.4        0          324      72732      5088       4965.44    3092.49
Global   42       1046906      24926        3.4        0          230      144771     5049       4779.91    3139.98

[1;1H[2J
Get Statistics
Type     Time(s)  Ops          TPS(ops/s)   Net(M/s)   Get_miss   Min(us)  Max(us)    Avg(us)    Std_dev    Geo_dist  
Period   1        24338        24338        3.4        0          286      67204      5183       5278.78    3136.50
Global   43       1060714      24667        3.3        0          230      144771     5050       4789.67    3138.05

Set Statistics
Type     Time(s)  Ops          TPS(ops/s)   Net(M/s)   Get_miss   Min(us)  Max(us)    Avg(us)    Std_dev    Geo_dist  
Period   1        243          243          0.0        0          498      50922      5287       6178.49    3029.77
Global   43       10773        250          0.0        0          397      125974     5282       5008.89    3325.28

Total Statistics
Type     Time(s)  Ops          TPS(ops/s)   Net(M/s)   Get_miss   Min(us)  Max(us)    Avg(us)    Std_dev    Geo_dist  
Period   1        24582        24582        3.4        0          286      67204      5184       5288.12    3135.35
Global   43       1071488      24918        3.4        0          230      144771     5052       4792.32    3139.88

[1;1H[2J
Get Statistics
Type     Time(s)  Ops          TPS(ops/s)   Net(M/s)   Get_miss   Min(us)  Max(us)    Avg(us)    Std_dev    Geo_dist  
Period   1        24429        24429        3.4        0          272      83212      5072       5132.47    3080.61
Global   44       1085143      24662        3.4        0          230      144771     5050       4798.17    3136.77

Set Statistics
Type     Time(s)  Ops          TPS(ops/s)   Net(M/s)   Get_miss   Min(us)  Max(us)    Avg(us)    Std_dev    Geo_dist  
Period   1        247          247          0.0        0          441      46165      5703       6086.54    3462.35
Global   44       11020        250          0.0        0          397      125974     5292       5035.03    3328.29

Total Statistics
Type     Time(s)  Ops          TPS(ops/s)   Net(M/s)   Get_miss   Min(us)  Max(us)    Avg(us)    Std_dev    Geo_dist  
Period   1        24675        24675        3.4        0          272      83212      5079       5142.65    3084.30
Global   44       1096163      24912        3.4        0          230      144771     5053       4800.07    3138.63

[1;1H[2J
Get Statistics
Type     Time(s)  Ops          TPS(ops/s)   Net(M/s)   Get_miss   Min(us)  Max(us)    Avg(us)    Std_dev    Geo_dist  
Period   1        24565        24565        3.4        0          351      51452      5085       4364.28    3209.63
Global   45       1109708      24660        3.4        0          230      144771     5051       4788.76    3138.36

Set Statistics
Type     Time(s)  Ops          TPS(ops/s)   Net(M/s)   Get_miss   Min(us)  Max(us)    Avg(us)    Std_dev    Geo_dist  
Period   1        250          250          0.0        0          511      21019      5085       4228.87    3227.87
Global   45       11270        250          0.0        0          397      125974     5287       5018.92    3326.03

Total Statistics
Type     Time(s)  Ops          TPS(ops/s)   Net(M/s)   Get_miss   Min(us)  Max(us)    Avg(us)    Std_dev    Geo_dist  
Period   1        24815        24815        3.4        0          351      51452      5085       4362.85    3209.81
Global   45       1120978      24910        3.4        0          230      144771     5053       4791.57    3140.19

[1;1H[2J
Get Statistics
Type     Time(s)  Ops          TPS(ops/s)   Net(M/s)   Get_miss   Min(us)  Max(us)    Avg(us)    Std_dev    Geo_dist  
Period   1        24094        24094        3.4        0          274      41029      5144       4371.00    3271.99
Global   46       1133802      24647        3.3        0          230      144771     5053       4780.25    3141.14

Set Statistics
Type     Time(s)  Ops          TPS(ops/s)   Net(M/s)   Get_miss   Min(us)  Max(us)    Avg(us)    Std_dev    Geo_dist  
Period   1        244          244          0.0        0          480      20376      5464       4158.33    3623.79
Global   46       11514        250          0.0        0          397      125974     5291       5001.87    3332.08

Total Statistics
Type     Time(s)  Ops          TPS(ops/s)   Net(M/s)   Get_miss   Min(us)  Max(us)    Avg(us)    Std_dev    Geo_dist  
Period   1        24339        24339        3.4        0          274      41029      5147       4368.98    3275.15
Global   46       1145317      24898        3.3        0          230      144771     5055       4783.00    3143.00

[1;1H[2J
Get Statistics
Type     Time(s)  Ops          TPS(ops/s)   Net(M/s)   Get_miss   Min(us)  Max(us)    Avg(us)    Std_dev    Geo_dist  
Period   1        24605        24605        3.4        0          310      51288      5045       4464.52    3177.80
Global   47       1158407      24646        3.4        0          230      144771     5053       4773.58    3141.92

Set Statistics
Type     Time(s)  Ops          TPS(ops/s)   Net(M/s)   Get_miss   Min(us)  Max(us)    Avg(us)    Std_dev    Geo_dist  
Period   1        255          255          0.0        0          498      11662      4866       3738.83    3236.13
Global   47       11769        250          0.0        0          397      125974     5282       4977.94    3329.97

Total Statistics
Type     Time(s)  Ops          TPS(ops/s)   Net(M/s)   Get_miss   Min(us)  Max(us)    Avg(us)    Std_dev    Geo_dist  
Period   1        24859        24859        3.4        0          310      51288      5043       4458.03    3178.57
Global   47       1170176      24897        3.4        0          230      144771     5055       4776.05    3143.75

[1;1H[2J
Get Statistics
Type     Time(s)  Ops          TPS(ops/s)   Net(M/s)   Get_miss   Min(us)  Max(us)    Avg(us)    Std_dev    Geo_dist  
Period   1        24863        24863        3.4        0          322      40455      5017       4102.33    3227.20
Global   48       1183270      24651        3.4        0          230      144771     5052       4760.71    3143.69

Set Statistics
Type     Time(s)  Ops          TPS(ops/s)   Net(M/s)   Get_miss   Min(us)  Max(us)    Avg(us)    Std_dev    Geo_dist  
Period   1        244          244          0.0        0          332      28878      5414       4423.14    3553.54
Global   48       12013        250          0.0        0          332      125974     5285       4966.82    3334.37

Total Statistics
Type     Time(s)  Ops          TPS(ops/s)   Net(M/s)   Get_miss   Min(us)  Max(us)    Avg(us)    Std_dev    Geo_dist  
Period   1        25107        25107        3.4        0          322      40455      5021       4105.48    3230.23
Global   48       1195283      24901        3.4        0          230      144771     5054       4763.24    3145.55

[1;1H[2J
Get Statistics
Type     Time(s)  Ops          TPS(ops/s)   Net(M/s)   Get_miss   Min(us)  Max(us)    Avg(us)    Std_dev    Geo_dist  
Period   1        25285        25285        3.4        0          271      49441      4963       4242.58    3107.29
Global   49       1208555      24664        3.5        0          230      144771     5050       4750.61    3142.92

Set Statistics
Type     Time(s)  Ops          TPS(ops/s)   Net(M/s)   Get_miss   Min(us)  Max(us)    Avg(us)    Std_dev    Geo_dist  
Period   1        259          259          0.0        0          557      28218      4953       4202.02    3157.09
Global   49       12272        250          0.0        0          332      125974     5278       4951.98    3330.53

Total Statistics
Type     Time(s)  Ops          TPS(ops/s)   Net(M/s)   Get_miss   Min(us)  Max(us)    Avg(us)    Std_dev    Geo_dist  
Period   1        25544        25544        3.4        0          271      49441      4963       4241.98    3107.79
Global   49       1220827      24914        3.5        0          230      144771     5052       4753.04    3144.75

[1;1H[2J
Get Statistics
Type     Time(s)  Ops          TPS(ops/s)   Net(M/s)   Get_miss   Min(us)  Max(us)    Avg(us)    Std_dev    Geo_dist  
Period   1        24271        24271        3.4        0          277      68798      5142       4506.06    3247.18
Global   50       1232826      24656        3.3        0          230      144771     5052       4745.73    3144.94

Set Statistics
Type     Time(s)  Ops          TPS(ops/s)   Net(M/s)   Get_miss   Min(us)  Max(us)    Avg(us)    Std_dev    Geo_dist  
Period   1        240          240          0.0        0          455      17894      5051       4004.18    3261.78
Global   50       12512        250          0.0        0          332      125974     5273       4936.16    3329.20

Total Statistics
Type     Time(s)  Ops          TPS(ops/s)   Net(M/s)   Get_miss   Min(us)  Max(us)    Avg(us)    Std_dev    Geo_dist  
Period   1        24511        24511        3.4        0          277      68798      5142       4500.34    3247.32
Global   50       1245338      24906        3.4        0          230      144771     5054       4747.97    3146.74

[1;1H[2J
Get Statistics
Type     Time(s)  Ops          TPS(ops/s)   Net(M/s)   Get_miss   Min(us)  Max(us)    Avg(us)    Std_dev    Geo_dist  
Period   1        24960        24960        3.4        0          311      40496      5003       4145.67    3205.14
Global   51       1257786      24662        3.4        0          230      144771     5051       4734.60    3146.12

Set Statistics
Type     Time(s)  Ops          TPS(ops/s)   Net(M/s)   Get_miss   Min(us)  Max(us)    Avg(us)    Std_dev    Geo_dist  
Period   1        260          260          0.0        0          618      23722      4898       4060.54    3187.03
Global   51       12772        250          0.0        0          332      125974     5266       4919.37    3326.24

Total Statistics
Type     Time(s)  Ops          TPS(ops/s)   Net(M/s)   Get_miss   Min(us)  Max(us)    Avg(us)    Std_dev    Geo_dist  
Period   1        25220        25220        3.4        0          311      40496      5002       4144.63    3204.95
Global   51       1270558      24912        3.5        0          230      144771     5053       4736.71    3147.88

[1;1H[2J
Get Statistics
Type     Time(s)  Ops          TPS(ops/s)   Net(M/s)   Get_miss   Min(us)  Max(us)    Avg(us)    Std_dev    Geo_dist  
Period   1        22797        22797        3.4        0          303      148166     5465       9958.92    3083.30
Global   52       1280583      24626        3.1        0          230      148166     5058       4877.46    3144.99

Set Statistics
Type     Time(s)  Ops          TPS(ops/s)   Net(M/s)   Get_miss   Min(us)  Max(us)    Avg(us)    Std_dev    Geo_dist  
Period   1        224          224          0.0        0          691      127145     6446       12235.45   3594.96
Global   52       12996        249          0.0        0          332      127145     5286       5136.07    3330.70

Total Statistics
Type     Time(s)  Ops          TPS(ops/s)   Net(M/s)   Get_miss   Min(us)  Max(us)    Avg(us)    Std_dev    Geo_dist  
Period   1        23021        23021        3.4        0          303      148166     5475       9983.46    3087.91
Global   52       1293579      24876        3.2        0          230      148166     5061       4879.44    3146.81

[1;1H[2J
Get Statistics
Type     Time(s)  Ops          TPS(ops/s)   Net(M/s)   Get_miss   Min(us)  Max(us)    Avg(us)    Std_dev    Geo_dist  
Period   1        25160        25160        3.4        0          359      52748      5015       4298.93    3145.73
Global   53       1305743      24636        3.5        0          230      148166     5058       4866.10    3145.01

Set Statistics
Type     Time(s)  Ops          TPS(ops/s)   Net(M/s)   Get_miss   Min(us)  Max(us)    Avg(us)    Std_dev    Geo_dist  
Period   1        256          256          0.0        0          596      20457      5329       4181.93    3455.09
Global   53       13252        250          0.0        0          332      127145     5287       5119.02    3333.06

Total Statistics
Type     Time(s)  Ops          TPS(ops/s)   Net(M/s)   Get_miss   Min(us)  Max(us)    Avg(us)    Std_dev    Geo_dist  
Period   1        25416        25416        3.4        0          359      52748      5018       4297.99    3148.71
Global   53       1318995      24886        3.5        0          230      148166     5060       4869.07    3146.84

[1;1H[2J
Get Statistics
Type     Time(s)  Ops          TPS(ops/s)   Net(M/s)   Get_miss   Min(us)  Max(us)    Avg(us)    Std_dev    Geo_dist  
Period   1        24806        24806        3.4        0          362      58875      5022       4313.67    3142.23
Global   54       1330549      24639        3.4        0          230      148166     5057       4856.72    3144.96

Set Statistics
Type     Time(s)  Ops          TPS(ops/s)   Net(M/s)   Get_miss   Min(us)  Max(us)    Avg(us)    Std_dev    Geo_dist  
Period   1        250          250          0.0        0          610      29008      5099       4730.12    3173.70
Global   54       13502        250          0.0        0          332      127145     5283       5112.53    3330.03

Total Statistics
Type     Time(s)  Ops          TPS(ops/s)   Net(M/s)   Get_miss   Min(us)  Max(us)    Avg(us)    Std_dev    Geo_dist  
Period   1        25056        25056        3.4        0          362      58875      5023       4317.65    3142.54
Global   54       1344051      24889        3.4        0          230      148166     5059       4859.69    3146.76

[1;1H[2J
Get Statistics
Type     Time(s)  Ops          TPS(ops/s)   Net(M/s)   Get_miss   Min(us)  Max(us)    Avg(us)    Std_dev    Geo_dist  
Period   1        25440        25440        3.4        0          352      49357      4899       4206.17    3093.56
Global   55       1355989      24654        3.5        0          230      148166     5054       4845.40    3143.98

Set Statistics
Type     Time(s)  Ops          TPS(ops/s)   Net(M/s)   Get_miss   Min(us)  Max(us)    Avg(us)    Std_dev    Geo_dist  
Period   1        252          252          0.0        0          472      11754      4690       3770.78    3047.23
Global   55       13754        250          0.0        0          332      127145     5272       5091.78    3324.62

Total Statistics
Type     Time(s)  Ops          TPS(ops/s)   Net(M/s)   Get_miss   Min(us)  Max(us)    Avg(us)    Std_dev    Geo_dist  
Period   1        25692        25692        3.4        0          352      49357      4897       4202.04    3093.10
Global   55       1369743      24904        3.5        0          230      148166     5056       4848.18    3145.75

[1;1H[2J
Get Statistics
Type     Time(s)  Ops          TPS(ops/s)   Net(M/s)   Get_miss   Min(us)  Max(us)    Avg(us)    Std_dev    Geo_dist  
Period   1        25615        25615        3.4        0          310      38616      4887       4049.82    3080.63
Global   56       1381604      24671        3.5        0          230      148166     5051       4831.80    3142.80

Set Statistics
Type     Time(s)  Ops          TPS(ops/s)   Net(M/s)   Get_miss   Min(us)  Max(us)    Avg(us)    Std_dev    Geo_dist  
Period   1        266          266          0.0        0          542      19600      5179       3828.82    3473.16
Global   56       14020        250          0.0        0          332      127145     5271       5069.86    3327.38

Total Statistics
Type     Time(s)  Ops          TPS(ops/s)   Net(M/s)   Get_miss   Min(us)  Max(us)    Avg(us)    Std_dev    Geo_dist  
Period   1        25881        25881        3.4        0          310      38616      4890       4047.65    3084.43
Global   56       1395624      24921        3.6        0          230      148166     5053       4834.51    3144.60

[1;1H[2J
Get Statistics
Type     Time(s)  Ops          TPS(ops/s)   Net(M/s)   Get_miss   Min(us)  Max(us)    Avg(us)    Std_dev    Geo_dist  
Period   1        25205        25205        3.4        0          235      59431      4963       4585.03    3035.60
Global   57       1406809      24680        3.5        0          230      148166     5049       4827.94    3140.84

Set Statistics
Type     Time(s)  Ops          TPS(ops/s)   Net(M/s)   Get_miss   Min(us)  Max(us)    Avg(us)    Std_dev    Geo_dist  
Period   1        249          249          0.0        0          411      19502      5258       4081.20    3365.89
Global   57       14269        250          0.0        0          332      127145     5270       5054.96    3328.05

Total Statistics
Type     Time(s)  Ops          TPS(ops/s)   Net(M/s)   Get_miss   Min(us)  Max(us)    Avg(us)    Std_dev    Geo_dist  
Period   1        25454        25454        3.4        0          235      59431      4965       4581.35    3038.67
Global   57       1421078      24931        3.5        0          230      148166     5051       4830.55    3142.67

[1;1H[2J
Get Statistics
Type     Time(s)  Ops          TPS(ops/s)   Net(M/s)   Get_miss   Min(us)  Max(us)    Avg(us)    Std_dev    Geo_dist  
Period   1        19027        19027        3.4        0          271      273738     6549       19592.57   3243.23
Global   58       1425836      24583        2.6        0          230      273738     5069       5305.66    3142.19

Set Statistics
Type     Time(s)  Ops          TPS(ops/s)   Net(M/s)   Get_miss   Min(us)  Max(us)    Avg(us)    Std_dev    Geo_dist  
Period   1        192          192          0.0        0          520      247938     9083       30143.20   3781.68
Global   58       14461        249          0.0        0          332      247938     5321       6115.68    3333.70

Total Statistics
Type     Time(s)  Ops          TPS(ops/s)   Net(M/s)   Get_miss   Min(us)  Max(us)    Avg(us)    Std_dev    Geo_dist  
Period   1        19219        19219        3.4        0          271      273738     6574       19726.43   3248.21
Global   58       1440297      24832        2.6        0          230      273738     5072       5314.02    3144.06

[1;1H[2J
Get Statistics
Type     Time(s)  Ops          TPS(ops/s)   Net(M/s)   Get_miss   Min(us)  Max(us)    Avg(us)    Std_dev    Geo_dist  
Period   1        24402        24402        3.4        0          317      67790      5112       4531.81    3225.66
Global   59       1450238      24580        3.4        0          230      273738     5070       5293.31    3143.58

Set Statistics
Type     Time(s)  Ops          TPS(ops/s)   Net(M/s)   Get_miss   Min(us)  Max(us)    Avg(us)    Std_dev    Geo_dist  
Period   1        252          252          0.0        0          362      42439      5535       4973.16    3446.46
Global   59       14713        249          0.0        0          332      247938     5325       6097.55    3335.60

Total Statistics
Type     Time(s)  Ops          TPS(ops/s)   Net(M/s)   Get_miss   Min(us)  Max(us)    Avg(us)    Std_dev    Geo_dist  
Period   1        24654        24654        3.4        0          317      67790      5116       4536.99    3227.84
Global   59       1464951      24829        3.4        0          230      273738     5073       5301.63    3145.45

[1;1H[2J
Get Statistics
Type     Time(s)  Ops          TPS(ops/s)   Net(M/s)   Get_miss   Min(us)  Max(us)    Avg(us)    Std_dev    Geo_dist  
Period   1        25507        25507        3.4        0          329      53671      4886       4216.92    3075.51
Global   60       1475745      24595        3.5        0          230      273738     5067       5276.45    3142.39

Set Statistics
Type     Time(s)  Ops          TPS(ops/s)   Net(M/s)   Get_miss   Min(us)  Max(us)    Avg(us)    Std_dev    Geo_dist  
Period   1        257          257          0.0        0          510      19111      5547       4176.01    3597.48
Global   60       14970        249          0.0        0          332      247938     5328       6070.38    3339.93

Total Statistics
Type     Time(s)  Ops          TPS(ops/s)   Net(M/s)   Get_miss   Min(us)  Max(us)    Avg(us)    Std_dev    Geo_dist  
Period   1        25764        25764        3.4        0          329      53671      4893       4216.47    3080.32
Global   60       1490715      24845        3.5        0          230      273738     5069       5285.68    3144.31

Get Statistics (1475869 events)
   Min:       230
   Max:    273738
   Avg:      5067
   Geo:   3142.68
   Std:   5276.91
   Log2 Dist:
       8:        6     6557   251656   422301
      12:    97153   248464   429367    17808
      16:     1926      487      141        3

Set Statistics (14972 events)
   Min:       332
   Max:    247938
   Avg:      5329
   Geo:   3340.36
   Std:   6069.62
   Log2 Dist:
       8:        0       40     2167     4399
      12:     1044     2059     5050      176
      16:       29        5        3

Total Statistics (1490841 events)
   Min:       230
   Max:    273738
   Avg:      5070
   Geo:   3144.60
   Std:   5285.17
   Log2 Dist:
       8:        6     6597   253823   426700
      12:    98197   250523   434417    17984
      16:     1955      492      144        3

cmd_get: 1475994
cmd_set: 14973
get_misses: 0
written_bytes: 34864638
read_bytes: 243638161
object_bytes: 2156112

Run time: 60.3s Ops: 1490967 TPS: 24712 Net_rate: 4.4M/s
