servers : 10.0.0.6:9000
threads count: 25
concurrency: 25
run time: 60s
windows size: 10k
set proportion: set_prop=0.01
get proportion: get_prop=0.99
[1;1H[2J
Get Statistics
Type     Time(s)  Ops          TPS(ops/s)   Net(M/s)   Get_miss   Min(us)  Max(us)    Avg(us)    Std_dev    Geo_dist  
Period   1        14139        14139        1.9        0          191      11247      1757       2258.07    1109.65
Global   1        14139        14139        1.9        0          191      11247      1756       2258.82    1109.08

Set Statistics
Type     Time(s)  Ops          TPS(ops/s)   Net(M/s)   Get_miss   Min(us)  Max(us)    Avg(us)    Std_dev    Geo_dist  
Period   1        154          154          0.0        0          429      8714       1825       2058.96    1292.82
Global   1        154          154          0.0        0          429      8714       1825       2058.96    1292.82

Total Statistics
Type     Time(s)  Ops          TPS(ops/s)   Net(M/s)   Get_miss   Min(us)  Max(us)    Avg(us)    Std_dev    Geo_dist  
Period   1        14296        14296        2.0        0          191      11247      1757       2256.24    1110.99
Global   1        14296        14296        2.0        0          191      11247      1757       2256.24    1110.99

[1;1H[2J
Get Statistics
Type     Time(s)  Ops          TPS(ops/s)   Net(M/s)   Get_miss   Min(us)  Max(us)    Avg(us)    Std_dev    Geo_dist  
Period   1        15604        15604        2.0        0          209      12047      1593       2124.07    1005.28
Global   2        29743        14871        2.1        0          191      12047      1671       2190.28    1053.87

Set Statistics
Type     Time(s)  Ops          TPS(ops/s)   Net(M/s)   Get_miss   Min(us)  Max(us)    Avg(us)    Std_dev    Geo_dist  
Period   1        160          160          0.0        0          295      8944       1568       2226.02    964.54
Global   2        314          157          0.0        0          295      8944       1694       2146.19    1113.56

Total Statistics
Type     Time(s)  Ops          TPS(ops/s)   Net(M/s)   Get_miss   Min(us)  Max(us)    Avg(us)    Std_dev    Geo_dist  
Period   1        15761        15761        2.1        0          209      12047      1592       2125.89    1005.71
Global   2        30057        15028        2.2        0          191      12047      1671       2189.97    1054.48

[1;1H[2J
Get Statistics
Type     Time(s)  Ops          TPS(ops/s)   Net(M/s)   Get_miss   Min(us)  Max(us)    Avg(us)    Std_dev    Geo_dist  
Period   1        15153        15153        2.1        0          162      10517      1639       2036.11    1085.56
Global   3        44896        14965        2.1        0          162      12047      1660       2139.67    1064.46

Set Statistics
Type     Time(s)  Ops          TPS(ops/s)   Net(M/s)   Get_miss   Min(us)  Max(us)    Avg(us)    Std_dev    Geo_dist  
Period   1        154          154          0.0        0          251      9792       1390       1668.60    1012.65
Global   3        468          156          0.0        0          251      9792       1594       2004.92    1079.29

Total Statistics
Type     Time(s)  Ops          TPS(ops/s)   Net(M/s)   Get_miss   Min(us)  Max(us)    Avg(us)    Std_dev    Geo_dist  
Period   1        15307        15307        2.1        0          162      10517      1637       2032.44    1084.81
Global   3        45364        15121        2.1        0          162      12047      1659       2138.56    1064.62

[1;1H[2J
Get Statistics
Type     Time(s)  Ops          TPS(ops/s)   Net(M/s)   Get_miss   Min(us)  Max(us)    Avg(us)    Std_dev    Geo_dist  
Period   1        14490        14490        2.0        0          208      11487      1718       2177.22    1110.64
Global   4        59386        14846        2.0        0          162      12047      1674       2149.14    1075.55

Set Statistics
Type     Time(s)  Ops          TPS(ops/s)   Net(M/s)   Get_miss   Min(us)  Max(us)    Avg(us)    Std_dev    Geo_dist  
Period   1        145          145          0.0        0          338      11367      1789       2326.41    1143.44
Global   4        613          153          0.0        0          251      11367      1640       2085.20    1094.13

Total Statistics
Type     Time(s)  Ops          TPS(ops/s)   Net(M/s)   Get_miss   Min(us)  Max(us)    Avg(us)    Std_dev    Geo_dist  
Period   1        14635        14635        2.1        0          208      11487      1719       2178.44    1110.96
Global   4        59999        14999        2.0        0          162      12047      1674       2148.21    1075.74

[1;1H[2J
Get Statistics
Type     Time(s)  Ops          TPS(ops/s)   Net(M/s)   Get_miss   Min(us)  Max(us)    Avg(us)    Std_dev    Geo_dist  
Period   1        14340        14340        2.0        0          219      10312      1727       2242.95    1088.23
Global   5        73726        14745        2.0        0          162      12047      1684       2168.03    1078.00

Set Statistics
Type     Time(s)  Ops          TPS(ops/s)   Net(M/s)   Get_miss   Min(us)  Max(us)    Avg(us)    Std_dev    Geo_dist  
Period   1        144          144          0.0        0          335      8423       1592       2135.35    1003.36
Global   5        757          151          0.0        0          251      11367      1631       2093.39    1076.25

Total Statistics
Type     Time(s)  Ops          TPS(ops/s)   Net(M/s)   Get_miss   Min(us)  Max(us)    Avg(us)    Std_dev    Geo_dist  
Period   1        14484        14484        2.0        0          219      10312      1725       2242.38    1087.35
Global   5        74483        14896        2.0        0          162      12047      1684       2166.86    1077.99

[1;1H[2J
Get Statistics
Type     Time(s)  Ops          TPS(ops/s)   Net(M/s)   Get_miss   Min(us)  Max(us)    Avg(us)    Std_dev    Geo_dist  
Period   1        15039        15039        2.0        0          210      10980      1641       2086.66    1084.93
Global   6        88765        14794        2.1        0          162      12047      1677       2154.29    1079.18

Set Statistics
Type     Time(s)  Ops          TPS(ops/s)   Net(M/s)   Get_miss   Min(us)  Max(us)    Avg(us)    Std_dev    Geo_dist  
Period   1        154          154          0.0        0          338      9432       2049       2456.23    1264.18
Global   6        911          151          0.0        0          251      11367      1702       2162.97    1105.93

Total Statistics
Type     Time(s)  Ops          TPS(ops/s)   Net(M/s)   Get_miss   Min(us)  Max(us)    Avg(us)    Std_dev    Geo_dist  
Period   1        15193        15193        2.1        0          210      10980      1645       2091.15    1086.62
Global   6        89676        14946        2.1        0          162      12047      1677       2154.56    1079.44

[1;1H[2J
Get Statistics
Type     Time(s)  Ops          TPS(ops/s)   Net(M/s)   Get_miss   Min(us)  Max(us)    Avg(us)    Std_dev    Geo_dist  
Period   1        14687        14687        2.0        0          195      11156      1694       2181.88    1089.18
Global   7        103452       14778        2.0        0          162      12047      1679       2158.54    1080.59

Set Statistics
Type     Time(s)  Ops          TPS(ops/s)   Net(M/s)   Get_miss   Min(us)  Max(us)    Avg(us)    Std_dev    Geo_dist  
Period   1        144          144          0.0        0          319      9363       2130       2607.53    1283.54
Global   7        1055         150          0.0        0          251      11367      1760       2232.67    1128.65

Total Statistics
Type     Time(s)  Ops          TPS(ops/s)   Net(M/s)   Get_miss   Min(us)  Max(us)    Avg(us)    Std_dev    Geo_dist  
Period   1        14831        14831        2.1        0          195      11156      1698       2186.91    1090.92
Global   7        104507       14929        2.0        0          162      12047      1680       2159.17    1081.07

[1;1H[2J
Get Statistics
Type     Time(s)  Ops          TPS(ops/s)   Net(M/s)   Get_miss   Min(us)  Max(us)    Avg(us)    Std_dev    Geo_dist  
Period   1        13984        13984        2.0        0          175      12786      1772       2277.63    1111.04
Global   8        117436       14679        1.9        0          162      12786      1690       2173.32    1084.17

Set Statistics
Type     Time(s)  Ops          TPS(ops/s)   Net(M/s)   Get_miss   Min(us)  Max(us)    Avg(us)    Std_dev    Geo_dist  
Period   1        145          145          0.0        0          367      9214       1906       2482.13    1146.57
Global   8        1200         150          0.0        0          251      11367      1778       2263.38    1130.80

Total Statistics
Type     Time(s)  Ops          TPS(ops/s)   Net(M/s)   Get_miss   Min(us)  Max(us)    Avg(us)    Std_dev    Geo_dist  
Period   1        14129        14129        2.0        0          175      12786      1774       2279.28    1111.40
Global   8        118636       14829        1.9        0          162      12786      1691       2174.18    1084.63

[1;1H[2J
Get Statistics
Type     Time(s)  Ops          TPS(ops/s)   Net(M/s)   Get_miss   Min(us)  Max(us)    Avg(us)    Std_dev    Geo_dist  
Period   1        14518        14518        2.0        0          193      9685       1701       2208.57    1082.62
Global   9        131954       14661        2.0        0          162      12786      1692       2176.61    1084.00

Set Statistics
Type     Time(s)  Ops          TPS(ops/s)   Net(M/s)   Get_miss   Min(us)  Max(us)    Avg(us)    Std_dev    Geo_dist  
Period   1        143          143          0.0        0          338      9111       1897       2427.17    1155.91
Global   9        1343         149          0.0        0          251      11367      1790       2281.26    1133.44

Total Statistics
Type     Time(s)  Ops          TPS(ops/s)   Net(M/s)   Get_miss   Min(us)  Max(us)    Avg(us)    Std_dev    Geo_dist  
Period   1        14661        14661        2.0        0          193      9685       1703       2210.73    1083.31
Global   9        133297       14810        2.0        0          162      12786      1693       2177.69    1084.49

[1;1H[2J
Get Statistics
Type     Time(s)  Ops          TPS(ops/s)   Net(M/s)   Get_miss   Min(us)  Max(us)    Avg(us)    Std_dev    Geo_dist  
Period   1        15177        15177        2.0        0          238      11811      1635       2038.62    1100.98
Global   10       147131       14713        2.1        0          162      12786      1686       2162.94    1085.74

Set Statistics
Type     Time(s)  Ops          TPS(ops/s)   Net(M/s)   Get_miss   Min(us)  Max(us)    Avg(us)    Std_dev    Geo_dist  
Period   1        154          154          0.0        0          357      10598      1839       2264.45    1199.68
Global   10       1497         149          0.0        0          251      11367      1795       2278.86    1140.09

Total Statistics
Type     Time(s)  Ops          TPS(ops/s)   Net(M/s)   Get_miss   Min(us)  Max(us)    Avg(us)    Std_dev    Geo_dist  
Period   1        15331        15331        2.0        0          238      11811      1638       2040.27    1101.93
Global   10       148628       14862        2.1        0          162      12786      1687       2164.23    1086.27

[1;1H[2J
Get Statistics
Type     Time(s)  Ops          TPS(ops/s)   Net(M/s)   Get_miss   Min(us)  Max(us)    Avg(us)    Std_dev    Geo_dist  
Period   1        13378        13378        2.0        0          230      20325      1854       2415.24    1149.36
Global   11       160509       14591        1.8        0          162      20325      1700       2185.57    1090.91

Set Statistics
Type     Time(s)  Ops          TPS(ops/s)   Net(M/s)   Get_miss   Min(us)  Max(us)    Avg(us)    Std_dev    Geo_dist  
Period   1        139          139          0.0        0          366      10655      2073       2643.27    1216.35
Global   11       1636         148          0.0        0          251      11367      1819       2312.15    1146.37

Total Statistics
Type     Time(s)  Ops          TPS(ops/s)   Net(M/s)   Get_miss   Min(us)  Max(us)    Avg(us)    Std_dev    Geo_dist  
Period   1        13517        13517        2.0        0          230      20325      1856       2417.89    1150.03
Global   11       162145       14740        1.9        0          162      20325      1701       2187.06    1091.45

[1;1H[2J
Get Statistics
Type     Time(s)  Ops          TPS(ops/s)   Net(M/s)   Get_miss   Min(us)  Max(us)    Avg(us)    Std_dev    Geo_dist  
Period   1        14512        14512        2.0        0          192      38772      1711       2540.32    1093.46
Global   12       175021       14585        2.0        0          162      38772      1701       2217.07    1091.12

Set Statistics
Type     Time(s)  Ops          TPS(ops/s)   Net(M/s)   Get_miss   Min(us)  Max(us)    Avg(us)    Std_dev    Geo_dist  
Period   1        146          146          0.0        0          327      8819       1738       2197.15    1125.79
Global   12       1782         148          0.0        0          251      11367      1812       2302.75    1144.67

Total Statistics
Type     Time(s)  Ops          TPS(ops/s)   Net(M/s)   Get_miss   Min(us)  Max(us)    Avg(us)    Std_dev    Geo_dist  
Period   1        14658        14658        2.0        0          192      38772      1711       2537.25    1093.78
Global   12       176803       14733        2.0        0          162      38772      1702       2218.06    1091.64

[1;1H[2J
Get Statistics
Type     Time(s)  Ops          TPS(ops/s)   Net(M/s)   Get_miss   Min(us)  Max(us)    Avg(us)    Std_dev    Geo_dist  
Period   1        14782        14782        2.0        0          189      11516      1676       2164.57    1064.18
Global   13       189803       14600        2.0        0          162      38772      1699       2213.07    1089.00

Set Statistics
Type     Time(s)  Ops          TPS(ops/s)   Net(M/s)   Get_miss   Min(us)  Max(us)    Avg(us)    Std_dev    Geo_dist  
Period   1        147          147          0.0        0          232      9282       1670       2200.32    1032.92
Global   13       1929         148          0.0        0          232      11367      1801       2295.00    1135.75

Total Statistics
Type     Time(s)  Ops          TPS(ops/s)   Net(M/s)   Get_miss   Min(us)  Max(us)    Avg(us)    Std_dev    Geo_dist  
Period   1        14929        14929        2.0        0          189      11516      1676       2164.81    1063.87
Global   13       191732       14748        2.1        0          162      38772      1700       2213.95    1089.46

[1;1H[2J
Get Statistics
Type     Time(s)  Ops          TPS(ops/s)   Net(M/s)   Get_miss   Min(us)  Max(us)    Avg(us)    Std_dev    Geo_dist  
Period   1        15569        15569        2.0        0          182      11330      1579       2142.81    992.94
Global   14       205372       14669        2.1        0          162      38772      1690       2207.97    1081.40

Set Statistics
Type     Time(s)  Ops          TPS(ops/s)   Net(M/s)   Get_miss   Min(us)  Max(us)    Avg(us)    Std_dev    Geo_dist  
Period   1        159          159          0.0        0          345      8469       1533       2138.63    957.11
Global   14       2088         149          0.0        0          232      11367      1781       2283.77    1121.04

Total Statistics
Type     Time(s)  Ops          TPS(ops/s)   Net(M/s)   Get_miss   Min(us)  Max(us)    Avg(us)    Std_dev    Geo_dist  
Period   1        15728        15728        2.0        0          182      11330      1579       2142.37    992.57
Global   14       207460       14818        2.2        0          162      38772      1691       2208.70    1081.79

[1;1H[2J
Get Statistics
Type     Time(s)  Ops          TPS(ops/s)   Net(M/s)   Get_miss   Min(us)  Max(us)    Avg(us)    Std_dev    Geo_dist  
Period   1        14453        14453        2.0        0          169      13083      1707       2240.87    1060.79
Global   15       219825       14655        2.0        0          162      38772      1691       2210.24    1080.03

Set Statistics
Type     Time(s)  Ops          TPS(ops/s)   Net(M/s)   Get_miss   Min(us)  Max(us)    Avg(us)    Std_dev    Geo_dist  
Period   1        146          146          0.0        0          268      12954      1721       2410.18    1036.54
Global   15       2234         148          0.0        0          232      12954      1777       2291.79    1115.32

Total Statistics
Type     Time(s)  Ops          TPS(ops/s)   Net(M/s)   Get_miss   Min(us)  Max(us)    Avg(us)    Std_dev    Geo_dist  
Period   1        14599        14599        2.0        0          169      13083      1707       2242.65    1060.54
Global   15       222059       14803        2.0        0          162      38772      1692       2210.98    1080.38

[1;1H[2J
Get Statistics
Type     Time(s)  Ops          TPS(ops/s)   Net(M/s)   Get_miss   Min(us)  Max(us)    Avg(us)    Std_dev    Geo_dist  
Period   1        13959        13959        2.0        0          194      9459       1777       2293.71    1105.16
Global   16       233784       14611        1.9        0          162      38772      1696       2215.50    1081.52

Set Statistics
Type     Time(s)  Ops          TPS(ops/s)   Net(M/s)   Get_miss   Min(us)  Max(us)    Avg(us)    Std_dev    Geo_dist  
Period   1        140          140          0.0        0          385      7960       1862       2372.83    1134.44
Global   16       2374         148          0.0        0          232      12954      1782       2296.23    1116.44

Total Statistics
Type     Time(s)  Ops          TPS(ops/s)   Net(M/s)   Get_miss   Min(us)  Max(us)    Avg(us)    Std_dev    Geo_dist  
Period   1        14099        14099        2.0        0          194      9459       1778       2294.31    1105.44
Global   16       236158       14759        1.9        0          162      38772      1697       2216.24    1081.86

[1;1H[2J
Get Statistics
Type     Time(s)  Ops          TPS(ops/s)   Net(M/s)   Get_miss   Min(us)  Max(us)    Avg(us)    Std_dev    Geo_dist  
Period   1        14835        14835        2.0        0          174      10314      1666       2187.91    1048.62
Global   17       248619       14624        2.0        0          162      38772      1694       2214.03    1079.52

Set Statistics
Type     Time(s)  Ops          TPS(ops/s)   Net(M/s)   Get_miss   Min(us)  Max(us)    Avg(us)    Std_dev    Geo_dist  
Period   1        149          149          0.0        0          284      8267       1333       1733.29    938.99
Global   17       2523         148          0.0        0          232      12954      1756       2268.67    1105.08

Total Statistics
Type     Time(s)  Ops          TPS(ops/s)   Net(M/s)   Get_miss   Min(us)  Max(us)    Avg(us)    Std_dev    Geo_dist  
Period   1        14984        14984        2.0        0          174      10314      1663       2183.82    1047.47
Global   17       251142       14773        2.1        0          162      38772      1695       2214.30    1079.78

[1;1H[2J
Get Statistics
Type     Time(s)  Ops          TPS(ops/s)   Net(M/s)   Get_miss   Min(us)  Max(us)    Avg(us)    Std_dev    Geo_dist  
Period   1        14245        14245        2.0        0          142      10868      1736       2241.86    1108.92
Global   18       262864       14603        2.0        0          142      38772      1697       2215.01    1081.10

Set Statistics
Type     Time(s)  Ops          TPS(ops/s)   Net(M/s)   Get_miss   Min(us)  Max(us)    Avg(us)    Std_dev    Geo_dist  
Period   1        144          144          0.0        0          352      8702       1922       2427.26    1190.06
Global   18       2667         148          0.0        0          232      12954      1765       2277.32    1109.51

Total Statistics
Type     Time(s)  Ops          TPS(ops/s)   Net(M/s)   Get_miss   Min(us)  Max(us)    Avg(us)    Std_dev    Geo_dist  
Period   1        14389        14389        2.0        0          142      10868      1738       2243.67    1109.71
Global   18       265531       14751        2.0        0          142      38772      1697       2216.18    1081.38

[1;1H[2J
Get Statistics
Type     Time(s)  Ops          TPS(ops/s)   Net(M/s)   Get_miss   Min(us)  Max(us)    Avg(us)    Std_dev    Geo_dist  
Period   1        14144        14144        2.0        0          218      10304      1744       2211.29    1122.88
Global   19       277008       14579        1.9        0          142      38772      1699       2215.15    1083.19

Set Statistics
Type     Time(s)  Ops          TPS(ops/s)   Net(M/s)   Get_miss   Min(us)  Max(us)    Avg(us)    Std_dev    Geo_dist  
Period   1        144          144          0.0        0          290      8960       1549       2006.84    1031.68
Global   19       2811         147          0.0        0          232      12954      1754       2264.37    1105.38

Total Statistics
Type     Time(s)  Ops          TPS(ops/s)   Net(M/s)   Get_miss   Min(us)  Max(us)    Avg(us)    Std_dev    Geo_dist  
Period   1        14288        14288        2.0        0          218      10304      1742       2209.37    1121.92
Global   19       279819       14727        2.0        0          142      38772      1699       2216.08    1083.41

[1;1H[2J
Get Statistics
Type     Time(s)  Ops          TPS(ops/s)   Net(M/s)   Get_miss   Min(us)  Max(us)    Avg(us)    Std_dev    Geo_dist  
Period   1        15268        15268        2.0        0          195      10068      1631       2140.77    1048.56
Global   20       292276       14613        2.1        0          142      38772      1695       2211.72    1081.36

Set Statistics
Type     Time(s)  Ops          TPS(ops/s)   Net(M/s)   Get_miss   Min(us)  Max(us)    Avg(us)    Std_dev    Geo_dist  
Period   1        154          154          0.0        0          346      9301       1805       2319.40    1115.36
Global   20       2965         148          0.0        0          232      12954      1756       2267.40    1105.90

Total Statistics
Type     Time(s)  Ops          TPS(ops/s)   Net(M/s)   Get_miss   Min(us)  Max(us)    Avg(us)    Std_dev    Geo_dist  
Period   1        15424        15424        2.0        0          195      10068      1633       2142.20    1049.08
Global   20       295243       14762        2.1        0          142      38772      1696       2211.98    1081.59

[1;1H[2J
Get Statistics
Type     Time(s)  Ops          TPS(ops/s)   Net(M/s)   Get_miss   Min(us)  Max(us)    Avg(us)    Std_dev    Geo_dist  
Period   1        14098        14098        2.0        0          167      10279      1755       2286.65    1099.51
Global   21       306374       14589        1.9        0          142      38772      1698       2215.07    1082.21

Set Statistics
Type     Time(s)  Ops          TPS(ops/s)   Net(M/s)   Get_miss   Min(us)  Max(us)    Avg(us)    Std_dev    Geo_dist  
Period   1        145          145          0.0        0          323      9621       1948       2506.89    1172.04
Global   21       3110         148          0.0        0          232      12954      1765       2279.00    1108.90

Total Statistics
Type     Time(s)  Ops          TPS(ops/s)   Net(M/s)   Get_miss   Min(us)  Max(us)    Avg(us)    Std_dev    Geo_dist  
Period   1        14241        14241        2.0        0          167      10279      1757       2289.21    1100.84
Global   21       309484       14737        2.0        0          142      38772      1699       2215.48    1082.47

[1;1H[2J
Get Statistics
Type     Time(s)  Ops          TPS(ops/s)   Net(M/s)   Get_miss   Min(us)  Max(us)    Avg(us)    Std_dev    Geo_dist  
Period   1        14584        14584        2.0        0          165      13385      1700       2234.08    1053.34
Global   22       320958       14589        2.0        0          142      38772      1698       2216.00    1080.88

Set Statistics
Type     Time(s)  Ops          TPS(ops/s)   Net(M/s)   Get_miss   Min(us)  Max(us)    Avg(us)    Std_dev    Geo_dist  
Period   1        148          148          0.0        0          384      9835       1687       2191.20    1102.80
Global   22       3258         148          0.0        0          232      12954      1762       2274.40    1108.62

Total Statistics
Type     Time(s)  Ops          TPS(ops/s)   Net(M/s)   Get_miss   Min(us)  Max(us)    Avg(us)    Std_dev    Geo_dist  
Period   1        14732        14732        2.0        0          165      13385      1700       2233.48    1053.83
Global   22       324216       14737        2.0        0          142      38772      1699       2216.33    1081.15

[1;1H[2J
Get Statistics
Type     Time(s)  Ops          TPS(ops/s)   Net(M/s)   Get_miss   Min(us)  Max(us)    Avg(us)    Std_dev    Geo_dist  
Period   1        14600        14600        2.0        0          210      13046      1688       2160.15    1084.23
Global   23       335558       14589        2.0        0          142      38772      1698       2213.27    1081.02

Set Statistics
Type     Time(s)  Ops          TPS(ops/s)   Net(M/s)   Get_miss   Min(us)  Max(us)    Avg(us)    Std_dev    Geo_dist  
Period   1        146          146          0.0        0          304      11586      1863       2452.40    1140.51
Global   23       3404         148          0.0        0          232      12954      1766       2282.28    1109.97

Total Statistics
Type     Time(s)  Ops          TPS(ops/s)   Net(M/s)   Get_miss   Min(us)  Max(us)    Avg(us)    Std_dev    Geo_dist  
Period   1        14746        14746        2.0        0          210      13046      1690       2163.01    1084.77
Global   23       338962       14737        2.0        0          142      38772      1698       2214.50    1081.31

[1;1H[2J
Get Statistics
Type     Time(s)  Ops          TPS(ops/s)   Net(M/s)   Get_miss   Min(us)  Max(us)    Avg(us)    Std_dev    Geo_dist  
Period   1        14775        14775        2.0        0          227      9519       1682       2133.40    1095.93
Global   24       350333       14597        2.0        0          142      38772      1697       2210.21    1081.65

Set Statistics
Type     Time(s)  Ops          TPS(ops/s)   Net(M/s)   Get_miss   Min(us)  Max(us)    Avg(us)    Std_dev    Geo_dist  
Period   1        150          150          0.0        0          336      8499       1580       2111.26    1018.88
Global   24       3554         148          0.0        0          232      12954      1758       2275.47    1105.97

Total Statistics
Type     Time(s)  Ops          TPS(ops/s)   Net(M/s)   Get_miss   Min(us)  Max(us)    Avg(us)    Std_dev    Geo_dist  
Period   1        14927        14927        2.0        0          227      9519       1681       2132.93    1095.15
Global   24       353889       14745        2.0        0          142      38772      1698       2210.57    1081.89

[1;1H[2J
Get Statistics
Type     Time(s)  Ops          TPS(ops/s)   Net(M/s)   Get_miss   Min(us)  Max(us)    Avg(us)    Std_dev    Geo_dist  
Period   1        15399        15399        2.0        0          228      10834      1600       2005.10    1068.22
Global   25       365732       14629        2.1        0          142      38772      1693       2201.97    1081.10

Set Statistics
Type     Time(s)  Ops          TPS(ops/s)   Net(M/s)   Get_miss   Min(us)  Max(us)    Avg(us)    Std_dev    Geo_dist  
Period   1        157          157          0.0        0          242      9849       1855       2371.73    1151.05
Global   25       3711         148          0.0        0          232      12954      1762       2279.46    1107.84

Total Statistics
Type     Time(s)  Ops          TPS(ops/s)   Net(M/s)   Get_miss   Min(us)  Max(us)    Avg(us)    Std_dev    Geo_dist  
Period   1        15554        15554        2.0        0          228      10834      1603       2009.06    1069.50
Global   25       369443       14777        2.1        0          142      38772      1694       2202.54    1081.36

[1;1H[2J
Get Statistics
Type     Time(s)  Ops          TPS(ops/s)   Net(M/s)   Get_miss   Min(us)  Max(us)    Avg(us)    Std_dev    Geo_dist  
Period   1        14637        14637        2.0        0          180      10553      1698       2206.12    1077.85
Global   26       380369       14629        2.0        0          142      38772      1693       2202.28    1080.97

Set Statistics
Type     Time(s)  Ops          TPS(ops/s)   Net(M/s)   Get_miss   Min(us)  Max(us)    Avg(us)    Std_dev    Geo_dist  
Period   1        144          144          0.0        0          338      8130       1528       1972.90    1025.51
Global   26       3855         148          0.0        0          232      12954      1753       2269.16    1104.65

Total Statistics
Type     Time(s)  Ops          TPS(ops/s)   Net(M/s)   Get_miss   Min(us)  Max(us)    Avg(us)    Std_dev    Geo_dist  
Period   1        14781        14781        2.0        0          180      10553      1696       2204.23    1077.33
Global   26       384224       14777        2.0        0          142      38772      1694       2202.66    1081.21

[1;1H[2J
Get Statistics
Type     Time(s)  Ops          TPS(ops/s)   Net(M/s)   Get_miss   Min(us)  Max(us)    Avg(us)    Std_dev    Geo_dist  
Period   1        15437        15437        2.0        0          173      10826      1603       2098.32    1030.15
Global   27       395806       14659        2.1        0          142      38772      1690       2197.99    1078.95

Set Statistics
Type     Time(s)  Ops          TPS(ops/s)   Net(M/s)   Get_miss   Min(us)  Max(us)    Avg(us)    Std_dev    Geo_dist  
Period   1        160          160          0.0        0          225      8208       1570       2011.20    1037.67
Global   27       4015         148          0.0        0          225      12954      1746       2259.28    1101.90

Total Statistics
Type     Time(s)  Ops          TPS(ops/s)   Net(M/s)   Get_miss   Min(us)  Max(us)    Avg(us)    Std_dev    Geo_dist  
Period   1        15597        15597        2.0        0          173      10826      1602       2097.89    1030.23
Global   27       399821       14808        2.1        0          142      38772      1690       2199.05    1079.17

[1;1H[2J
Get Statistics
Type     Time(s)  Ops          TPS(ops/s)   Net(M/s)   Get_miss   Min(us)  Max(us)    Avg(us)    Std_dev    Geo_dist  
Period   1        14672        14672        2.0        0          224      11241      1680       2146.24    1086.01
Global   28       410478       14659        2.0        0          142      38772      1689       2196.66    1079.20

Set Statistics
Type     Time(s)  Ops          TPS(ops/s)   Net(M/s)   Get_miss   Min(us)  Max(us)    Avg(us)    Std_dev    Geo_dist  
Period   1        145          145          0.0        0          260      8784       1688       2199.30    1072.63
Global   28       4160         148          0.0        0          225      12954      1744       2256.96    1100.86

Total Statistics
Type     Time(s)  Ops          TPS(ops/s)   Net(M/s)   Get_miss   Min(us)  Max(us)    Avg(us)    Std_dev    Geo_dist  
Period   1        14819        14819        2.0        0          224      11241      1680       2146.55    1085.87
Global   28       414640       14808        2.0        0          142      38772      1690       2196.92    1079.41

[1;1H[2J
Get Statistics
Type     Time(s)  Ops          TPS(ops/s)   Net(M/s)   Get_miss   Min(us)  Max(us)    Avg(us)    Std_dev    Geo_dist  
Period   1        15090        15090        2.0        0          172      12530      1630       2152.60    1049.86
Global   29       425568       14674        2.1        0          142      38772      1687       2195.06    1078.18

Set Statistics
Type     Time(s)  Ops          TPS(ops/s)   Net(M/s)   Get_miss   Min(us)  Max(us)    Avg(us)    Std_dev    Geo_dist  
Period   1        152          152          0.0        0          364      8815       1513       1994.80    1025.25
Global   29       4312         148          0.0        0          225      12954      1736       2248.33    1098.11

Total Statistics
Type     Time(s)  Ops          TPS(ops/s)   Net(M/s)   Get_miss   Min(us)  Max(us)    Avg(us)    Std_dev    Geo_dist  
Period   1        15241        15241        2.0        0          172      12530      1629       2151.89    1050.22
Global   29       429881       14823        2.1        0          142      38772      1688       2195.24    1078.38

[1;1H[2J
Get Statistics
Type     Time(s)  Ops          TPS(ops/s)   Net(M/s)   Get_miss   Min(us)  Max(us)    Avg(us)    Std_dev    Geo_dist  
Period   1        15394        15394        2.0        0          209      11510      1605       2063.61    1066.97
Global   30       440962       14698        2.1        0          142      38772      1684       2190.79    1077.81

Set Statistics
Type     Time(s)  Ops          TPS(ops/s)   Net(M/s)   Get_miss   Min(us)  Max(us)    Avg(us)    Std_dev    Geo_dist  
Period   1        153          153          0.0        0          366      8254       1607       2079.19    1055.25
Global   30       4465         148          0.0        0          225      12954      1732       2242.32    1096.61

Total Statistics
Type     Time(s)  Ops          TPS(ops/s)   Net(M/s)   Get_miss   Min(us)  Max(us)    Avg(us)    Std_dev    Geo_dist  
Period   1        15546        15546        2.0        0          209      11510      1605       2062.81    1066.72
Global   30       445427       14847        2.1        0          142      38772      1685       2190.92    1077.99

[1;1H[2J
Get Statistics
Type     Time(s)  Ops          TPS(ops/s)   Net(M/s)   Get_miss   Min(us)  Max(us)    Avg(us)    Std_dev    Geo_dist  
Period   1        15186        15186        2.0        0          200      10945      1636       2101.22    1076.96
Global   31       456148       14714        2.1        0          142      38772      1683       2187.42    1077.78

Set Statistics
Type     Time(s)  Ops          TPS(ops/s)   Net(M/s)   Get_miss   Min(us)  Max(us)    Avg(us)    Std_dev    Geo_dist  
Period   1        153          153          0.0        0          358      8751       1807       2332.98    1126.70
Global   31       4618         148          0.0        0          225      12954      1734       2245.54    1097.59

Total Statistics
Type     Time(s)  Ops          TPS(ops/s)   Net(M/s)   Get_miss   Min(us)  Max(us)    Avg(us)    Std_dev    Geo_dist  
Period   1        15339        15339        2.0        0          200      10945      1638       2103.41    1077.44
Global   31       460766       14863        2.1        0          142      38772      1683       2188.41    1077.98

[1;1H[2J
Get Statistics
Type     Time(s)  Ops          TPS(ops/s)   Net(M/s)   Get_miss   Min(us)  Max(us)    Avg(us)    Std_dev    Geo_dist  
Period   1        14922        14922        2.0        0          207      9155       1656       2094.66    1067.80
Global   32       471070       14720        2.0        0          142      38772      1682       2184.66    1077.46

Set Statistics
Type     Time(s)  Ops          TPS(ops/s)   Net(M/s)   Get_miss   Min(us)  Max(us)    Avg(us)    Std_dev    Geo_dist  
Period   1        150          150          0.0        0          307      8176       1783       2190.39    1126.05
Global   32       4768         149          0.0        0          225      12954      1736       2243.26    1098.48

Total Statistics
Type     Time(s)  Ops          TPS(ops/s)   Net(M/s)   Get_miss   Min(us)  Max(us)    Avg(us)    Std_dev    Geo_dist  
Period   1        15072        15072        2.0        0          207      9155       1657       2095.81    1068.36
Global   32       475838       14869        2.1        0          142      38772      1683       2184.91    1077.67

[1;1H[2J
Get Statistics
Type     Time(s)  Ops          TPS(ops/s)   Net(M/s)   Get_miss   Min(us)  Max(us)    Avg(us)    Std_dev    Geo_dist  
Period   1        14754        14754        2.0        0          198      10972      1682       2154.93    1098.27
Global   33       485824       14721        2.0        0          142      38772      1682       2183.76    1078.09

Set Statistics
Type     Time(s)  Ops          TPS(ops/s)   Net(M/s)   Get_miss   Min(us)  Max(us)    Avg(us)    Std_dev    Geo_dist  
Period   1        149          149          0.0        0          322      9302       1683       2139.45    1102.68
Global   33       4917         149          0.0        0          225      12954      1734       2240.30    1098.60

Total Statistics
Type     Time(s)  Ops          TPS(ops/s)   Net(M/s)   Get_miss   Min(us)  Max(us)    Avg(us)    Std_dev    Geo_dist  
Period   1        14903        14903        2.0        0          198      10972      1682       2154.71    1098.31
Global   33       490741       14870        2.0        0          142      38772      1683       2183.97    1078.29

[1;1H[2J
Get Statistics
Type     Time(s)  Ops          TPS(ops/s)   Net(M/s)   Get_miss   Min(us)  Max(us)    Avg(us)    Std_dev    Geo_dist  
Period   1        15017        15017        2.0        0          200      11480      1646       2092.24    1085.60
Global   34       500841       14730        2.1        0          142      38772      1681       2181.02    1078.31

Set Statistics
Type     Time(s)  Ops          TPS(ops/s)   Net(M/s)   Get_miss   Min(us)  Max(us)    Avg(us)    Std_dev    Geo_dist  
Period   1        154          154          0.0        0          276      8607       1796       2321.56    1100.40
Global   34       5071         149          0.0        0          225      12954      1736       2242.51    1098.66

Total Statistics
Type     Time(s)  Ops          TPS(ops/s)   Net(M/s)   Get_miss   Min(us)  Max(us)    Avg(us)    Std_dev    Geo_dist  
Period   1        15171        15171        2.0        0          200      11480      1647       2095.08    1085.75
Global   34       505912       14879        2.1        0          142      38772      1681       2182.07    1078.51

[1;1H[2J
Get Statistics
Type     Time(s)  Ops          TPS(ops/s)   Net(M/s)   Get_miss   Min(us)  Max(us)    Avg(us)    Std_dev    Geo_dist  
Period   1        14580        14580        2.0        0          215      10588      1700       2200.62    1087.56
Global   35       515421       14726        2.0        0          142      38772      1681       2181.99    1078.57

Set Statistics
Type     Time(s)  Ops          TPS(ops/s)   Net(M/s)   Get_miss   Min(us)  Max(us)    Avg(us)    Std_dev    Geo_dist  
Period   1        147          147          0.0        0          338      8333       1644       2143.01    1067.96
Global   35       5218         149          0.0        0          225      12954      1733       2239.94    1097.78

Total Statistics
Type     Time(s)  Ops          TPS(ops/s)   Net(M/s)   Get_miss   Min(us)  Max(us)    Avg(us)    Std_dev    Geo_dist  
Period   1        14727        14727        2.0        0          215      10588      1699       2200.33    1087.36
Global   35       520639       14875        2.0        0          142      38772      1682       2182.21    1078.76

[1;1H[2J
Get Statistics
Type     Time(s)  Ops          TPS(ops/s)   Net(M/s)   Get_miss   Min(us)  Max(us)    Avg(us)    Std_dev    Geo_dist  
Period   1        15303        15303        2.0        0          191      10207      1618       2039.95    1084.50
Global   36       530724       14742        2.1        0          142      38772      1680       2177.42    1078.74

Set Statistics
Type     Time(s)  Ops          TPS(ops/s)   Net(M/s)   Get_miss   Min(us)  Max(us)    Avg(us)    Std_dev    Geo_dist  
Period   1        156          156          0.0        0          235      8757       1735       2219.92    1102.15
Global   36       5374         149          0.0        0          225      12954      1733       2239.20    1097.91

Total Statistics
Type     Time(s)  Ops          TPS(ops/s)   Net(M/s)   Get_miss   Min(us)  Max(us)    Avg(us)    Std_dev    Geo_dist  
Period   1        15459        15459        2.0        0          191      10207      1619       2041.94    1084.68
Global   36       536098       14891        2.1        0          142      38772      1680       2178.46    1078.93

[1;1H[2J
Get Statistics
Type     Time(s)  Ops          TPS(ops/s)   Net(M/s)   Get_miss   Min(us)  Max(us)    Avg(us)    Std_dev    Geo_dist  
Period   1        15052        15052        2.0        0          212      12306      1634       2128.74    1060.99
Global   37       545776       14750        2.1        0          142      38772      1678       2176.66    1078.25

Set Statistics
Type     Time(s)  Ops          TPS(ops/s)   Net(M/s)   Get_miss   Min(us)  Max(us)    Avg(us)    Std_dev    Geo_dist  
Period   1        150          150          0.0        0          297      8742       1816       2304.89    1138.03
Global   37       5524         149          0.0        0          225      12954      1736       2240.26    1098.98

Total Statistics
Type     Time(s)  Ops          TPS(ops/s)   Net(M/s)   Get_miss   Min(us)  Max(us)    Avg(us)    Std_dev    Geo_dist  
Period   1        15202        15202        2.0        0          212      12306      1636       2130.39    1061.72
Global   37       551300       14900        2.1        0          142      38772      1679       2176.99    1078.45

[1;1H[2J
Get Statistics
Type     Time(s)  Ops          TPS(ops/s)   Net(M/s)   Get_miss   Min(us)  Max(us)    Avg(us)    Std_dev    Geo_dist  
Period   1        14550        14550        2.0        0          165      28164      1704       2298.42    1081.27
Global   38       560326       14745        2.0        0          142      38772      1679       2179.66    1078.33

Set Statistics
Type     Time(s)  Ops          TPS(ops/s)   Net(M/s)   Get_miss   Min(us)  Max(us)    Avg(us)    Std_dev    Geo_dist  
Period   1        147          147          0.0        0          343      9606       2050       2583.67    1198.72
Global   38       5671         149          0.0        0          225      12954      1744       2250.22    1101.46

Total Statistics
Type     Time(s)  Ops          TPS(ops/s)   Net(M/s)   Get_miss   Min(us)  Max(us)    Avg(us)    Std_dev    Geo_dist  
Period   1        14697        14697        2.0        0          165      28164      1696       2291.81    1066.34
Global   38       565997       14894        2.0        0          142      38772      1680       2180.12    1078.56

[1;1H[2J
Get Statistics
Type     Time(s)  Ops          TPS(ops/s)   Net(M/s)   Get_miss   Min(us)  Max(us)    Avg(us)    Std_dev    Geo_dist  
Period   1        15118        15118        2.0        0          188      11237      1637       2115.51    1062.89
Global   39       575444       14754        2.1        0          142      38772      1678       2177.93    1077.92

Set Statistics
Type     Time(s)  Ops          TPS(ops/s)   Net(M/s)   Get_miss   Min(us)  Max(us)    Avg(us)    Std_dev    Geo_dist  
Period   1        155          155          0.0        0          288      8031       1618       1993.13    1097.21
Global   39       5826         149          0.0        0          225      12954      1740       2244.21    1101.34

Total Statistics
Type     Time(s)  Ops          TPS(ops/s)   Net(M/s)   Get_miss   Min(us)  Max(us)    Avg(us)    Std_dev    Geo_dist  
Period   1        15273        15273        2.0        0          188      11237      1637       2114.09    1063.23
Global   39       581270       14904        2.1        0          142      38772      1679       2178.32    1078.15

[1;1H[2J
Get Statistics
Type     Time(s)  Ops          TPS(ops/s)   Net(M/s)   Get_miss   Min(us)  Max(us)    Avg(us)    Std_dev    Geo_dist  
Period   1        15440        15440        2.0        0          211      11531      1600       2100.68    1036.28
Global   40       590884       14772        2.1        0          142      38772      1676       2175.95    1076.81

Set Statistics
Type     Time(s)  Ops          TPS(ops/s)   Net(M/s)   Get_miss   Min(us)  Max(us)    Avg(us)    Std_dev    Geo_dist  
Period   1        155          155          0.0        0          361      10975      1857       2407.29    1160.85
Global   40       5981         149          0.0        0          225      12954      1743       2248.47    1102.85

Total Statistics
Type     Time(s)  Ops          TPS(ops/s)   Net(M/s)   Get_miss   Min(us)  Max(us)    Avg(us)    Std_dev    Geo_dist  
Period   1        15595        15595        2.0        0          211      11531      1602       2104.44    1037.45
Global   40       596865       14921        2.1        0          142      38772      1677       2176.45    1077.07

[1;1H[2J
Get Statistics
Type     Time(s)  Ops          TPS(ops/s)   Net(M/s)   Get_miss   Min(us)  Max(us)    Avg(us)    Std_dev    Geo_dist  
Period   1        15274        15274        2.0        0          215      9409       1617       2042.38    1075.14
Global   41       606158       14784        2.1        0          142      38772      1674       2173.10    1076.77

Set Statistics
Type     Time(s)  Ops          TPS(ops/s)   Net(M/s)   Get_miss   Min(us)  Max(us)    Avg(us)    Std_dev    Geo_dist  
Period   1        155          155          0.0        0          271      9041       1580       1940.88    1102.10
Global   41       6136         149          0.0        0          225      12954      1739       2241.13    1102.83

Total Statistics
Type     Time(s)  Ops          TPS(ops/s)   Net(M/s)   Get_miss   Min(us)  Max(us)    Avg(us)    Std_dev    Geo_dist  
Period   1        15429        15429        2.1        0          215      9409       1616       2041.82    1075.41
Global   41       612294       14934        2.1        0          142      38772      1675       2173.53    1077.03

[1;1H[2J
Get Statistics
Type     Time(s)  Ops          TPS(ops/s)   Net(M/s)   Get_miss   Min(us)  Max(us)    Avg(us)    Std_dev    Geo_dist  
Period   1        14457        14457        2.0        0          191      10117      1727       2223.69    1097.93
Global   42       620615       14776        2.0        0          142      38772      1676       2173.72    1077.26

Set Statistics
Type     Time(s)  Ops          TPS(ops/s)   Net(M/s)   Get_miss   Min(us)  Max(us)    Avg(us)    Std_dev    Geo_dist  
Period   1        145          145          0.0        0          221      8709       1404       1868.88    974.26
Global   42       6281         149          0.0        0          221      12954      1732       2233.11    1099.68

Total Statistics
Type     Time(s)  Ops          TPS(ops/s)   Net(M/s)   Get_miss   Min(us)  Max(us)    Avg(us)    Std_dev    Geo_dist  
Period   1        14602        14602        2.0        0          191      10117      1723       2221.24    1096.63
Global   42       626896       14926        2.0        0          142      38772      1676       2174.76    1077.48

[1;1H[2J
Get Statistics
Type     Time(s)  Ops          TPS(ops/s)   Net(M/s)   Get_miss   Min(us)  Max(us)    Avg(us)    Std_dev    Geo_dist  
Period   1        15526        15526        2.0        0          188      11807      1594       2092.69    1024.27
Global   43       636141       14793        2.1        0          142      38772      1674       2171.81    1075.93

Set Statistics
Type     Time(s)  Ops          TPS(ops/s)   Net(M/s)   Get_miss   Min(us)  Max(us)    Avg(us)    Std_dev    Geo_dist  
Period   1        154          154          0.0        0          330      8232       1335       1712.07    935.10
Global   43       6435         149          0.0        0          221      12954      1722       2223.18    1095.42

Total Statistics
Type     Time(s)  Ops          TPS(ops/s)   Net(M/s)   Get_miss   Min(us)  Max(us)    Avg(us)    Std_dev    Geo_dist  
Period   1        15680        15680        2.1        0          188      11807      1592       2088.99    1023.36
Global   43       642576       14943        2.2        0          142      38772      1674       2172.70    1076.12

[1;1H[2J
Get Statistics
Type     Time(s)  Ops          TPS(ops/s)   Net(M/s)   Get_miss   Min(us)  Max(us)    Avg(us)    Std_dev    Geo_dist  
Period   1        15338        15338        2.0        0          180      9820       1611       2082.66    1052.05
Global   44       651479       14806        2.1        0          142      38772      1672       2170.17    1075.36

Set Statistics
Type     Time(s)  Ops          TPS(ops/s)   Net(M/s)   Get_miss   Min(us)  Max(us)    Avg(us)    Std_dev    Geo_dist  
Period   1        158          158          0.0        0          339      8831       1599       2085.42    1045.26
Global   44       6593         149          0.0        0          221      12954      1719       2219.95    1094.19

Total Statistics
Type     Time(s)  Ops          TPS(ops/s)   Net(M/s)   Get_miss   Min(us)  Max(us)    Avg(us)    Std_dev    Geo_dist  
Period   1        15496        15496        2.1        0          180      9820       1611       2082.53    1051.98
Global   44       658072       14956        2.1        0          142      38772      1673       2170.27    1075.55

[1;1H[2J
Get Statistics
Type     Time(s)  Ops          TPS(ops/s)   Net(M/s)   Get_miss   Min(us)  Max(us)    Avg(us)    Std_dev    Geo_dist  
Period   1        14792        14792        2.0        0          196      10823      1673       2194.78    1064.95
Global   45       666271       14806        2.0        0          142      38772      1672       2170.73    1075.13

Set Statistics
Type     Time(s)  Ops          TPS(ops/s)   Net(M/s)   Get_miss   Min(us)  Max(us)    Avg(us)    Std_dev    Geo_dist  
Period   1        150          150          0.0        0          306      9027       1747       2370.27    1052.94
Global   45       6743         149          0.0        0          221      12954      1720       2222.93    1093.25

Total Statistics
Type     Time(s)  Ops          TPS(ops/s)   Net(M/s)   Get_miss   Min(us)  Max(us)    Avg(us)    Std_dev    Geo_dist  
Period   1        14942        14942        2.1        0          196      10823      1674       2196.34    1064.83
Global   45       673014       14955        2.1        0          142      38772      1673       2170.87    1075.31

[1;1H[2J
Get Statistics
Type     Time(s)  Ops          TPS(ops/s)   Net(M/s)   Get_miss   Min(us)  Max(us)    Avg(us)    Std_dev    Geo_dist  
Period   1        14547        14547        2.0        0          200      37673      1696       2510.80    1072.00
Global   46       680818       14800        2.0        0          142      38772      1673       2178.18    1075.06

Set Statistics
Type     Time(s)  Ops          TPS(ops/s)   Net(M/s)   Get_miss   Min(us)  Max(us)    Avg(us)    Std_dev    Geo_dist  
Period   1        146          146          0.0        0          338      30965      1946       3288.03    1154.48
Global   46       6889         149          0.0        0          221      30965      1725       2250.47    1094.52

Total Statistics
Type     Time(s)  Ops          TPS(ops/s)   Net(M/s)   Get_miss   Min(us)  Max(us)    Avg(us)    Std_dev    Geo_dist  
Period   1        14693        14693        2.1        0          200      37673      1699       2519.34    1072.79
Global   46       687707       14950        2.0        0          142      38772      1673       2179.32    1075.26

[1;1H[2J
Get Statistics
Type     Time(s)  Ops          TPS(ops/s)   Net(M/s)   Get_miss   Min(us)  Max(us)    Avg(us)    Std_dev    Geo_dist  
Period   1        15364        15364        2.0        0          179      18167      1608       2112.26    1056.71
Global   47       696182       14812        2.1        0          142      38772      1671       2177.20    1074.65

Set Statistics
Type     Time(s)  Ops          TPS(ops/s)   Net(M/s)   Get_miss   Min(us)  Max(us)    Avg(us)    Std_dev    Geo_dist  
Period   1        156          156          0.0        0          402      8664       1861       2269.98    1184.64
Global   47       7045         149          0.0        0          221      30965      1728       2250.84    1096.44

Total Statistics
Type     Time(s)  Ops          TPS(ops/s)   Net(M/s)   Get_miss   Min(us)  Max(us)    Avg(us)    Std_dev    Geo_dist  
Period   1        15521        15521        2.1        0          179      18167      1610       2114.30    1057.91
Global   47       703228       14962        2.1        0          142      38772      1672       2177.63    1074.87

[1;1H[2J
Get Statistics
Type     Time(s)  Ops          TPS(ops/s)   Net(M/s)   Get_miss   Min(us)  Max(us)    Avg(us)    Std_dev    Geo_dist  
Period   1        15640        15640        2.0        0          208      11834      1583       1978.08    1076.91
Global   48       711822       14829        2.1        0          142      38772      1669       2173.11    1074.71

Set Statistics
Type     Time(s)  Ops          TPS(ops/s)   Net(M/s)   Get_miss   Min(us)  Max(us)    Avg(us)    Std_dev    Geo_dist  
Period   1        157          157          0.0        0          296      8789       1864       2373.72    1146.71
Global   48       7202         150          0.0        0          221      30965      1731       2253.47    1097.51

Total Statistics
Type     Time(s)  Ops          TPS(ops/s)   Net(M/s)   Get_miss   Min(us)  Max(us)    Avg(us)    Std_dev    Geo_dist  
Period   1        15797        15797        2.1        0          208      11834      1586       1982.35    1078.03
Global   48       719025       14979        2.2        0          142      38772      1670       2173.65    1074.94

[1;1H[2J
Get Statistics
Type     Time(s)  Ops          TPS(ops/s)   Net(M/s)   Get_miss   Min(us)  Max(us)    Avg(us)    Std_dev    Geo_dist  
Period   1        14727        14727        2.0        0          173      10408      1675       2109.77    1109.81
Global   49       726549       14827        2.0        0          142      38772      1669       2171.94    1075.42

Set Statistics
Type     Time(s)  Ops          TPS(ops/s)   Net(M/s)   Get_miss   Min(us)  Max(us)    Avg(us)    Std_dev    Geo_dist  
Period   1        147          147          0.0        0          329      8942       1860       2222.35    1242.97
Global   49       7349         149          0.0        0          221      30965      1733       2253.23    1100.24

Total Statistics
Type     Time(s)  Ops          TPS(ops/s)   Net(M/s)   Get_miss   Min(us)  Max(us)    Avg(us)    Std_dev    Geo_dist  
Period   1        14873        14873        2.1        0          173      10408      1676       2111.66    1110.11
Global   49       733898       14977        2.0        0          142      38772      1670       2172.50    1075.67

[1;1H[2J
Get Statistics
Type     Time(s)  Ops          TPS(ops/s)   Net(M/s)   Get_miss   Min(us)  Max(us)    Avg(us)    Std_dev    Geo_dist  
Period   1        15190        15190        2.0        0          207      9710       1635       2074.92    1075.65
Global   50       741739       14834        2.1        0          142      38772      1669       2169.46    1075.43

Set Statistics
Type     Time(s)  Ops          TPS(ops/s)   Net(M/s)   Get_miss   Min(us)  Max(us)    Avg(us)    Std_dev    Geo_dist  
Period   1        154          154          0.0        0          320      8475       1496       1844.43    1052.19
Global   50       7503         150          0.0        0          221      30965      1728       2245.84    1099.24

Total Statistics
Type     Time(s)  Ops          TPS(ops/s)   Net(M/s)   Get_miss   Min(us)  Max(us)    Avg(us)    Std_dev    Geo_dist  
Period   1        15344        15344        2.1        0          207      9710       1633       2073.20    1075.41
Global   50       749242       14984        2.1        0          142      38772      1669       2170.70    1075.67

[1;1H[2J
Get Statistics
Type     Time(s)  Ops          TPS(ops/s)   Net(M/s)   Get_miss   Min(us)  Max(us)    Avg(us)    Std_dev    Geo_dist  
Period   1        15235        15235        2.0        0          155      12033      1617       2030.86    1087.41
Global   51       756974       14842        2.1        0          142      38772      1668       2166.74    1075.67

Set Statistics
Type     Time(s)  Ops          TPS(ops/s)   Net(M/s)   Get_miss   Min(us)  Max(us)    Avg(us)    Std_dev    Geo_dist  
Period   1        156          156          0.0        0          305      10413      1526       1919.21    1066.33
Global   51       7659         150          0.0        0          221      30965      1724       2239.65    1098.56

Total Statistics
Type     Time(s)  Ops          TPS(ops/s)   Net(M/s)   Get_miss   Min(us)  Max(us)    Avg(us)    Std_dev    Geo_dist  
Period   1        15391        15391        2.1        0          155      12033      1616       2029.78    1087.19
Global   51       764633       14992        2.1        0          142      38772      1668       2167.92    1075.90

[1;1H[2J
Get Statistics
Type     Time(s)  Ops          TPS(ops/s)   Net(M/s)   Get_miss   Min(us)  Max(us)    Avg(us)    Std_dev    Geo_dist  
Period   1        16166        16166        2.0        0          174      10661      1540       2047.97    985.62
Global   52       773140       14868        2.2        0          142      38772      1665       2164.65    1073.70

Set Statistics
Type     Time(s)  Ops          TPS(ops/s)   Net(M/s)   Get_miss   Min(us)  Max(us)    Avg(us)    Std_dev    Geo_dist  
Period   1        164          164          0.0        0          263      8229       1549       2048.40    992.66
Global   52       7823         150          0.0        0          221      30965      1720       2236.08    1096.22

Total Statistics
Type     Time(s)  Ops          TPS(ops/s)   Net(M/s)   Get_miss   Min(us)  Max(us)    Avg(us)    Std_dev    Geo_dist  
Period   1        16331        16331        2.1        0          174      10661      1540       2047.89    985.68
Global   52       780964       15018        2.2        0          142      38772      1666       2165.03    1073.93

[1;1H[2J
Get Statistics
Type     Time(s)  Ops          TPS(ops/s)   Net(M/s)   Get_miss   Min(us)  Max(us)    Avg(us)    Std_dev    Geo_dist  
Period   1        14956        14956        2.0        0          189      11722      1648       2137.61    1066.88
Global   53       788096       14869        2.1        0          142      38772      1665       2163.89    1073.57

Set Statistics
Type     Time(s)  Ops          TPS(ops/s)   Net(M/s)   Get_miss   Min(us)  Max(us)    Avg(us)    Std_dev    Geo_dist  
Period   1        152          152          0.0        0          233      8651       1874       2380.33    1154.93
Global   53       7975         150          0.0        0          221      30965      1723       2238.81    1097.31

Total Statistics
Type     Time(s)  Ops          TPS(ops/s)   Net(M/s)   Get_miss   Min(us)  Max(us)    Avg(us)    Std_dev    Geo_dist  
Period   1        15107        15107        2.1        0          189      11722      1650       2140.53    1067.75
Global   53       796071       15020        2.1        0          142      38772      1665       2165.10    1073.81

[1;1H[2J
Get Statistics
Type     Time(s)  Ops          TPS(ops/s)   Net(M/s)   Get_miss   Min(us)  Max(us)    Avg(us)    Std_dev    Geo_dist  
Period   1        15330        15330        2.0        0          196      9589       1611       1994.25    1089.57
Global   54       803426       14878        2.1        0          142      38772      1664       2160.76    1073.88

Set Statistics
Type     Time(s)  Ops          TPS(ops/s)   Net(M/s)   Get_miss   Min(us)  Max(us)    Avg(us)    Std_dev    Geo_dist  
Period   1        153          153          0.0        0          260      9560       1680       2112.18    1082.17
Global   54       8128         150          0.0        0          221      30965      1723       2235.75    1097.03

Total Statistics
Type     Time(s)  Ops          TPS(ops/s)   Net(M/s)   Get_miss   Min(us)  Max(us)    Avg(us)    Std_dev    Geo_dist  
Period   1        15483        15483        2.1        0          196      9589       1612       1995.13    1089.50
Global   54       811554       15028        2.1        0          142      38772      1664       2161.99    1074.11

[1;1H[2J
Get Statistics
Type     Time(s)  Ops          TPS(ops/s)   Net(M/s)   Get_miss   Min(us)  Max(us)    Avg(us)    Std_dev    Geo_dist  
Period   1        15749        15749        2.0        0          196      10093      1570       1982.06    1055.19
Global   55       819175       14894        2.2        0          142      38772      1662       2157.65    1073.52

Set Statistics
Type     Time(s)  Ops          TPS(ops/s)   Net(M/s)   Get_miss   Min(us)  Max(us)    Avg(us)    Std_dev    Geo_dist  
Period   1        161          161          0.0        0          390      7982       1383       1699.27    1001.83
Global   55       8289         150          0.0        0          221      30965      1716       2227.28    1095.09

Total Statistics
Type     Time(s)  Ops          TPS(ops/s)   Net(M/s)   Get_miss   Min(us)  Max(us)    Avg(us)    Std_dev    Geo_dist  
Period   1        15910        15910        2.1        0          196      10093      1569       1978.73    1054.63
Global   55       827464       15044        2.2        0          142      38772      1662       2158.78    1073.73

[1;1H[2J
Get Statistics
Type     Time(s)  Ops          TPS(ops/s)   Net(M/s)   Get_miss   Min(us)  Max(us)    Avg(us)    Std_dev    Geo_dist  
Period   1        15240        15240        2.0        0          207      27701      1621       2094.59    1098.91
Global   56       834415       14900        2.1        0          142      38772      1661       2156.72    1073.97

Set Statistics
Type     Time(s)  Ops          TPS(ops/s)   Net(M/s)   Get_miss   Min(us)  Max(us)    Avg(us)    Std_dev    Geo_dist  
Period   1        151          151          0.0        0          270      9855       1744       2227.09    1130.99
Global   56       8440         150          0.0        0          221      30965      1717       2226.76    1095.73

Total Statistics
Type     Time(s)  Ops          TPS(ops/s)   Net(M/s)   Get_miss   Min(us)  Max(us)    Avg(us)    Std_dev    Geo_dist  
Period   1        15391        15391        2.1        0          207      27701      1622       2096.05    1099.22
Global   56       842855       15050        2.1        0          142      38772      1662       2157.10    1074.19

[1;1H[2J
Get Statistics
Type     Time(s)  Ops          TPS(ops/s)   Net(M/s)   Get_miss   Min(us)  Max(us)    Avg(us)    Std_dev    Geo_dist  
Period   1        15123        15123        2.0        0          181      10928      1636       2105.35    1066.99
Global   57       849538       14904        2.1        0          142      38772      1661       2155.47    1073.85

Set Statistics
Type     Time(s)  Ops          TPS(ops/s)   Net(M/s)   Get_miss   Min(us)  Max(us)    Avg(us)    Std_dev    Geo_dist  
Period   1        153          153          0.0        0          346      8995       1497       1868.58    1040.34
Global   57       8593         150          0.0        0          221      30965      1713       2221.05    1094.72

Total Statistics
Type     Time(s)  Ops          TPS(ops/s)   Net(M/s)   Get_miss   Min(us)  Max(us)    Avg(us)    Std_dev    Geo_dist  
Period   1        15276        15276        2.1        0          181      10928      1635       2102.79    1066.72
Global   57       858131       15054        2.1        0          142      38772      1661       2156.54    1074.06

[1;1H[2J
Get Statistics
Type     Time(s)  Ops          TPS(ops/s)   Net(M/s)   Get_miss   Min(us)  Max(us)    Avg(us)    Std_dev    Geo_dist  
Period   1        15609        15609        2.0        0          184      14846      1593       2095.98    1034.80
Global   58       865147       14916        2.1        0          142      38772      1659       2155.03    1073.13

Set Statistics
Type     Time(s)  Ops          TPS(ops/s)   Net(M/s)   Get_miss   Min(us)  Max(us)    Avg(us)    Std_dev    Geo_dist  
Period   1        158          158          0.0        0          362      7890       1328       1720.54    930.55
Global   58       8751         150          0.0        0          221      30965      1706       2213.57    1091.51

Total Statistics
Type     Time(s)  Ops          TPS(ops/s)   Net(M/s)   Get_miss   Min(us)  Max(us)    Avg(us)    Std_dev    Geo_dist  
Period   1        15767        15767        2.1        0          184      14846      1591       2092.17    1033.70
Global   58       873898       15067        2.2        0          142      38772      1660       2155.22    1073.31

[1;1H[2J
Get Statistics
Type     Time(s)  Ops          TPS(ops/s)   Net(M/s)   Get_miss   Min(us)  Max(us)    Avg(us)    Std_dev    Geo_dist  
Period   1        15518        15518        2.0        0          205      10311      1598       2023.69    1066.11
Global   59       880665       14926        2.1        0          142      38772      1658       2152.74    1073.01

Set Statistics
Type     Time(s)  Ops          TPS(ops/s)   Net(M/s)   Get_miss   Min(us)  Max(us)    Avg(us)    Std_dev    Geo_dist  
Period   1        156          156          0.0        0          250      8578       1444       1805.55    1018.06
Global   59       8907         150          0.0        0          221      30965      1701       2207.58    1090.18

Total Statistics
Type     Time(s)  Ops          TPS(ops/s)   Net(M/s)   Get_miss   Min(us)  Max(us)    Avg(us)    Std_dev    Geo_dist  
Period   1        15675        15675        2.1        0          205      10311      1597       2022.12    1065.76
Global   59       889573       15077        2.2        0          142      38772      1659       2152.87    1073.18

[1;1H[2J
Get Statistics
Type     Time(s)  Ops          TPS(ops/s)   Net(M/s)   Get_miss   Min(us)  Max(us)    Avg(us)    Std_dev    Geo_dist  
Period   1        15205        15205        2.1        0          194      9764       1620       2058.93    1064.14
Global   60       895870       14931        2.1        0          142      38772      1658       2150.70    1072.87

Set Statistics
Type     Time(s)  Ops          TPS(ops/s)   Net(M/s)   Get_miss   Min(us)  Max(us)    Avg(us)    Std_dev    Geo_dist  
Period   1        154          154          0.0        0          271      8315       1615       2057.67    1066.43
Global   60       9061         151          0.0        0          221      30965      1700       2204.68    1089.77

Total Statistics
Type     Time(s)  Ops          TPS(ops/s)   Net(M/s)   Get_miss   Min(us)  Max(us)    Avg(us)    Std_dev    Geo_dist  
Period   1        15358        15358        2.1        0          194      9764       1620       2058.92    1064.65
Global   60       904931       15082        2.1        0          142      38772      1658       2151.58    1073.04

Get Statistics (895895 events)
   Min:       142
   Max:     38772
   Avg:      1658
   Geo:   1072.88
   Std:   2150.67
   Log2 Dist:
       8:     1254    84853   468214   221882
      12:    20365    87328    11856      113
      16:       30

Set Statistics (9061 events)
   Min:       221
   Max:     30965
   Avg:      1700
   Geo:   1089.77
   Std:   2204.68
   Log2 Dist:
       8:        9      827     4755     2206
      12:      207      904      152        1

Total Statistics (904956 events)
   Min:       142
   Max:     38772
   Avg:      1658
   Geo:   1073.04
   Std:   2151.55
   Log2 Dist:
       8:     1263    85680   472969   224088
      12:    20572    88232    12008      114
      16:       30

cmd_get: 895919
cmd_set: 9062
get_misses: 0
written_bytes: 21159450
read_bytes: 147895163
object_bytes: 1304928

Run time: 60.3s Ops: 904981 TPS: 15010 Net_rate: 2.7M/s
