servers : 10.0.0.6:9000
threads count: 71
concurrency: 71
run time: 60s
windows size: 10k
set proportion: set_prop=0.01
get proportion: get_prop=0.99
[1;1H[2J
Get Statistics
Type     Time(s)  Ops          TPS(ops/s)   Net(M/s)   Get_miss   Min(us)  Max(us)    Avg(us)    Std_dev    Geo_dist  
Period   1        20510        20510        2.8        0          273      28659      3300       3337.69    1958.42
Global   1        20510        20510        2.8        0          273      28659      3300       3337.68    1957.78

Set Statistics
Type     Time(s)  Ops          TPS(ops/s)   Net(M/s)   Get_miss   Min(us)  Max(us)    Avg(us)    Std_dev    Geo_dist  
Period   1        234          234          0.0        0          448      37484      4242       4357.58    2433.15
Global   1        234          234          0.0        0          448      37484      4242       4357.58    2433.15

Total Statistics
Type     Time(s)  Ops          TPS(ops/s)   Net(M/s)   Get_miss   Min(us)  Max(us)    Avg(us)    Std_dev    Geo_dist  
Period   1        20747        20747        2.8        0          273      37484      3310       3352.41    1962.34
Global   1        20747        20747        2.8        0          273      37484      3310       3352.41    1962.34

[1;1H[2J
Get Statistics
Type     Time(s)  Ops          TPS(ops/s)   Net(M/s)   Get_miss   Min(us)  Max(us)    Avg(us)    Std_dev    Geo_dist  
Period   1        22225        22225        2.9        0          258      18804      3174       3262.03    1877.78
Global   2        42735        21367        3.1        0          258      28659      3235       3298.60    1916.36

Set Statistics
Type     Time(s)  Ops          TPS(ops/s)   Net(M/s)   Get_miss   Min(us)  Max(us)    Avg(us)    Std_dev    Geo_dist  
Period   1        229          229          0.0        0          445      10132      2894       3038.00    1790.97
Global   2        463          231          0.0        0          445      37484      3575       3819.49    2090.97

Total Statistics
Type     Time(s)  Ops          TPS(ops/s)   Net(M/s)   Get_miss   Min(us)  Max(us)    Avg(us)    Std_dev    Geo_dist  
Period   1        22451        22451        3.0        0          258      18804      3172       3259.47    1878.20
Global   2        43198        21599        3.1        0          258      37484      3238       3305.39    1918.15

[1;1H[2J
Get Statistics
Type     Time(s)  Ops          TPS(ops/s)   Net(M/s)   Get_miss   Min(us)  Max(us)    Avg(us)    Std_dev    Geo_dist  
Period   1        21432        21432        2.9        0          239      13978      3287       3335.32    1962.75
Global   3        64167        21389        2.9        0          239      28659      3252       3311.34    1931.73

Set Statistics
Type     Time(s)  Ops          TPS(ops/s)   Net(M/s)   Get_miss   Min(us)  Max(us)    Avg(us)    Std_dev    Geo_dist  
Period   1        221          221          0.0        0          432      10556      2881       3160.09    1712.86
Global   3        684          228          0.0        0          432      37484      3351       3631.61    1960.47

Total Statistics
Type     Time(s)  Ops          TPS(ops/s)   Net(M/s)   Get_miss   Min(us)  Max(us)    Avg(us)    Std_dev    Geo_dist  
Period   1        21653        21653        3.0        0          239      13978      3283       3333.61    1960.02
Global   3        64851        21617        3.0        0          239      37484      3253       3314.90    1932.03

[1;1H[2J
Get Statistics
Type     Time(s)  Ops          TPS(ops/s)   Net(M/s)   Get_miss   Min(us)  Max(us)    Avg(us)    Std_dev    Geo_dist  
Period   1        21347        21347        2.9        0          279      19596      3299       3330.16    1993.08
Global   4        85514        21378        2.9        0          239      28659      3264       3315.82    1946.87

Set Statistics
Type     Time(s)  Ops          TPS(ops/s)   Net(M/s)   Get_miss   Min(us)  Max(us)    Avg(us)    Std_dev    Geo_dist  
Period   1        214          214          0.0        0          463      17567      3546       3431.31    2159.75
Global   4        898          224          0.0        0          432      37484      3398       3583.47    2006.22

Total Statistics
Type     Time(s)  Ops          TPS(ops/s)   Net(M/s)   Get_miss   Min(us)  Max(us)    Avg(us)    Std_dev    Geo_dist  
Period   1        21562        21562        3.0        0          279      19596      3301       3331.48    1994.57
Global   4        86413        21603        3.0        0          239      37484      3265       3319.07    1947.45

[1;1H[2J
Get Statistics
Type     Time(s)  Ops          TPS(ops/s)   Net(M/s)   Get_miss   Min(us)  Max(us)    Avg(us)    Std_dev    Geo_dist  
Period   1        22667        22667        3.0        0          246      11485      3090       3162.48    1864.09
Global   5        108181       21636        3.1        0          239      28659      3228       3284.59    1929.34

Set Statistics
Type     Time(s)  Ops          TPS(ops/s)   Net(M/s)   Get_miss   Min(us)  Max(us)    Avg(us)    Std_dev    Geo_dist  
Period   1        230          230          0.0        0          474      10292      3271       3238.01    1956.55
Global   5        1128         225          0.0        0          432      37484      3372       3514.88    1995.99

Total Statistics
Type     Time(s)  Ops          TPS(ops/s)   Net(M/s)   Get_miss   Min(us)  Max(us)    Avg(us)    Std_dev    Geo_dist  
Period   1        22898        22898        3.0        0          246      11485      3093       3162.70    1864.80
Global   5        109311       21862        3.1        0          239      37484      3229       3287.63    1930.06

[1;1H[2J
Get Statistics
Type     Time(s)  Ops          TPS(ops/s)   Net(M/s)   Get_miss   Min(us)  Max(us)    Avg(us)    Std_dev    Geo_dist  
Period   1        22152        22152        3.0        0          254      18186      3205       3244.87    1923.08
Global   6        130333       21722        3.0        0          239      28659      3224       3278.02    1928.41

Set Statistics
Type     Time(s)  Ops          TPS(ops/s)   Net(M/s)   Get_miss   Min(us)  Max(us)    Avg(us)    Std_dev    Geo_dist  
Period   1        227          227          0.0        0          369      11605      2854       3000.75    1779.12
Global   6        1355         225          0.0        0          369      37484      3285       3438.75    1957.90

Total Statistics
Type     Time(s)  Ops          TPS(ops/s)   Net(M/s)   Get_miss   Min(us)  Max(us)    Avg(us)    Std_dev    Geo_dist  
Period   1        22377        22377        3.0        0          254      18186      3201       3242.57    1921.33
Global   6        131688       21948        3.1        0          239      37484      3224       3280.33    1928.71

[1;1H[2J
Get Statistics
Type     Time(s)  Ops          TPS(ops/s)   Net(M/s)   Get_miss   Min(us)  Max(us)    Avg(us)    Std_dev    Geo_dist  
Period   1        21489        21489        3.0        0          250      22085      3257       3226.80    1973.86
Global   7        151822       21688        3.0        0          239      28659      3228       3271.49    1934.78

Set Statistics
Type     Time(s)  Ops          TPS(ops/s)   Net(M/s)   Get_miss   Min(us)  Max(us)    Avg(us)    Std_dev    Geo_dist  
Period   1        216          216          0.0        0          467      11583      3388       3303.90    2080.24
Global   7        1571         224          0.0        0          369      37484      3299       3419.84    1974.28

Total Statistics
Type     Time(s)  Ops          TPS(ops/s)   Net(M/s)   Get_miss   Min(us)  Max(us)    Avg(us)    Std_dev    Geo_dist  
Period   1        21706        21706        3.0        0          250      22085      3259       3227.03    1975.01
Global   7        153394       21913        3.0        0          239      37484      3229       3272.80    1935.19

[1;1H[2J
Get Statistics
Type     Time(s)  Ops          TPS(ops/s)   Net(M/s)   Get_miss   Min(us)  Max(us)    Avg(us)    Std_dev    Geo_dist  
Period   1        22542        22542        3.0        0          256      40542      3122       3168.14    1905.52
Global   8        174364       21795        3.1        0          239      40542      3215       3257.85    1931.07

Set Statistics
Type     Time(s)  Ops          TPS(ops/s)   Net(M/s)   Get_miss   Min(us)  Max(us)    Avg(us)    Std_dev    Geo_dist  
Period   1        225          225          0.0        0          477      10349      3006       3054.90    1860.58
Global   8        1796         224          0.0        0          369      37484      3262       3377.16    1959.67

Total Statistics
Type     Time(s)  Ops          TPS(ops/s)   Net(M/s)   Get_miss   Min(us)  Max(us)    Avg(us)    Std_dev    Geo_dist  
Period   1        22769        22769        3.0        0          256      40542      3121       3167.26    1905.29
Global   8        176163       22020        3.1        0          239      40542      3215       3259.63    1931.40

[1;1H[2J
Get Statistics
Type     Time(s)  Ops          TPS(ops/s)   Net(M/s)   Get_miss   Min(us)  Max(us)    Avg(us)    Std_dev    Geo_dist  
Period   1        22975        22975        3.0        0          264      19068      3081       3124.71    1868.74
Global   9        197339       21926        3.2        0          239      40542      3199       3243.34    1923.79

Set Statistics
Type     Time(s)  Ops          TPS(ops/s)   Net(M/s)   Get_miss   Min(us)  Max(us)    Avg(us)    Std_dev    Geo_dist  
Period   1        231          231          0.0        0          475      9337       3088       3036.03    1916.88
Global   9        2027         225          0.0        0          369      37484      3242       3339.97    1954.74

Total Statistics
Type     Time(s)  Ops          TPS(ops/s)   Net(M/s)   Get_miss   Min(us)  Max(us)    Avg(us)    Std_dev    Geo_dist  
Period   1        23205        23205        3.0        0          264      19068      3081       3123.73    1869.12
Global   9        199368       22152        3.2        0          239      40542      3200       3243.83    1924.13

[1;1H[2J
Get Statistics
Type     Time(s)  Ops          TPS(ops/s)   Net(M/s)   Get_miss   Min(us)  Max(us)    Avg(us)    Std_dev    Geo_dist  
Period   1        22809        22809        3.0        0          252      12911      3094       3158.25    1863.41
Global   10       220148       22014        3.1        0          239      40542      3188       3234.94    1917.52

Set Statistics
Type     Time(s)  Ops          TPS(ops/s)   Net(M/s)   Get_miss   Min(us)  Max(us)    Avg(us)    Std_dev    Geo_dist  
Period   1        230          230          0.0        0          433      10993      3194       3185.35    1940.46
Global   10       2257         225          0.0        0          369      37484      3237       3324.00    1953.28

Total Statistics
Type     Time(s)  Ops          TPS(ops/s)   Net(M/s)   Get_miss   Min(us)  Max(us)    Avg(us)    Std_dev    Geo_dist  
Period   1        23038        23038        3.1        0          252      12911      3095       3158.62    1864.77
Global   10       222406       22240        3.2        0          239      40542      3189       3235.38    1917.90

[1;1H[2J
Get Statistics
Type     Time(s)  Ops          TPS(ops/s)   Net(M/s)   Get_miss   Min(us)  Max(us)    Avg(us)    Std_dev    Geo_dist  
Period   1        22235        22235        3.0        0          229      30468      3174       3318.56    1930.90
Global   11       242383       22034        3.1        0          229      40542      3187       3242.45    1918.82

Set Statistics
Type     Time(s)  Ops          TPS(ops/s)   Net(M/s)   Get_miss   Min(us)  Max(us)    Avg(us)    Std_dev    Geo_dist  
Period   1        228          228          0.0        0          444      11698      2918       2977.93    1860.93
Global   11       2485         225          0.0        0          369      37484      3208       3294.23    1944.62

Total Statistics
Type     Time(s)  Ops          TPS(ops/s)   Net(M/s)   Get_miss   Min(us)  Max(us)    Avg(us)    Std_dev    Geo_dist  
Period   1        22463        22463        3.1        0          229      30468      3171       3315.68    1930.17
Global   11       244869       22260        3.1        0          229      40542      3187       3243.21    1919.09

[1;1H[2J
Get Statistics
Type     Time(s)  Ops          TPS(ops/s)   Net(M/s)   Get_miss   Min(us)  Max(us)    Avg(us)    Std_dev    Geo_dist  
Period   1        21453        21453        3.0        0          261      18323      3291       3191.97    2024.64
Global   12       263836       21986        2.9        0          229      40542      3196       3237.99    1927.28

Set Statistics
Type     Time(s)  Ops          TPS(ops/s)   Net(M/s)   Get_miss   Min(us)  Max(us)    Avg(us)    Std_dev    Geo_dist  
Period   1        222          222          0.0        0          495      11989      3363       3139.59    2130.57
Global   12       2707         225          0.0        0          369      37484      3221       3281.26    1959.24

Total Statistics
Type     Time(s)  Ops          TPS(ops/s)   Net(M/s)   Get_miss   Min(us)  Max(us)    Avg(us)    Std_dev    Geo_dist  
Period   1        21678        21678        3.1        0          261      18323      3292       3191.89    2026.07
Global   12       266547       22212        3.0        0          229      40542      3196       3238.76    1927.64

[1;1H[2J
Get Statistics
Type     Time(s)  Ops          TPS(ops/s)   Net(M/s)   Get_miss   Min(us)  Max(us)    Avg(us)    Std_dev    Geo_dist  
Period   1        22319        22319        3.0        0          210      19796      3181       3309.81    1875.65
Global   13       286155       22011        3.1        0          210      40542      3195       3243.57    1923.38

Set Statistics
Type     Time(s)  Ops          TPS(ops/s)   Net(M/s)   Get_miss   Min(us)  Max(us)    Avg(us)    Std_dev    Geo_dist  
Period   1        218          218          0.0        0          428      17946      2923       3187.96    1780.97
Global   13       2925         225          0.0        0          369      37484      3199       3274.59    1945.36

Total Statistics
Type     Time(s)  Ops          TPS(ops/s)   Net(M/s)   Get_miss   Min(us)  Max(us)    Avg(us)    Std_dev    Geo_dist  
Period   1        22537        22537        3.1        0          210      19796      3179       3307.85    1876.32
Global   13       289084       22237        3.1        0          210      40542      3195       3243.88    1923.59

[1;1H[2J
Get Statistics
Type     Time(s)  Ops          TPS(ops/s)   Net(M/s)   Get_miss   Min(us)  Max(us)    Avg(us)    Std_dev    Geo_dist  
Period   1        22720        22720        3.0        0          252      12147      3078       3149.04    1847.77
Global   14       308875       22062        3.1        0          210      40542      3186       3237.24    1917.76

Set Statistics
Type     Time(s)  Ops          TPS(ops/s)   Net(M/s)   Get_miss   Min(us)  Max(us)    Avg(us)    Std_dev    Geo_dist  
Period   1        231          231          0.0        0          402      11096      3165       3245.38    1885.28
Global   14       3156         225          0.0        0          369      37484      3196       3272.47    1940.90

Total Statistics
Type     Time(s)  Ops          TPS(ops/s)   Net(M/s)   Get_miss   Min(us)  Max(us)    Avg(us)    Std_dev    Geo_dist  
Period   1        22949        22949        3.1        0          252      12147      3079       3150.94    1849.09
Global   14       312033       22288        3.2        0          210      40542      3186       3237.73    1918.01

[1;1H[2J
Get Statistics
Type     Time(s)  Ops          TPS(ops/s)   Net(M/s)   Get_miss   Min(us)  Max(us)    Avg(us)    Std_dev    Geo_dist  
Period   1        22496        22496        3.0        0          273      15550      3146       3185.01    1901.84
Global   15       331371       22091        3.1        0          210      40542      3183       3234.04    1916.72

Set Statistics
Type     Time(s)  Ops          TPS(ops/s)   Net(M/s)   Get_miss   Min(us)  Max(us)    Avg(us)    Std_dev    Geo_dist  
Period   1        224          224          0.0        0          436      11935      3071       3203.49    1871.23
Global   15       3380         225          0.0        0          369      37484      3188       3267.34    1936.20

Total Statistics
Type     Time(s)  Ops          TPS(ops/s)   Net(M/s)   Get_miss   Min(us)  Max(us)    Avg(us)    Std_dev    Geo_dist  
Period   1        22720        22720        3.1        0          273      15550      3146       3184.75    1902.28
Global   15       334753       22316        3.1        0          210      40542      3183       3234.45    1916.94

[1;1H[2J
Get Statistics
Type     Time(s)  Ops          TPS(ops/s)   Net(M/s)   Get_miss   Min(us)  Max(us)    Avg(us)    Std_dev    Geo_dist  
Period   1        22802        22802        3.0        0          223      14409      3092       3176.35    1856.10
Global   16       354173       22135        3.1        0          210      40542      3177       3230.59    1912.81

Set Statistics
Type     Time(s)  Ops          TPS(ops/s)   Net(M/s)   Get_miss   Min(us)  Max(us)    Avg(us)    Std_dev    Geo_dist  
Period   1        233          233          0.0        0          495      12011      3509       3411.85    2113.57
Global   16       3613         225          0.0        0          369      37484      3209       3277.02    1947.18

Total Statistics
Type     Time(s)  Ops          TPS(ops/s)   Net(M/s)   Get_miss   Min(us)  Max(us)    Avg(us)    Std_dev    Geo_dist  
Period   1        23035        23035        3.1        0          223      14409      3096       3178.86    1857.82
Global   16       357788       22361        3.2        0          210      40542      3178       3230.42    1913.17

[1;1H[2J
Get Statistics
Type     Time(s)  Ops          TPS(ops/s)   Net(M/s)   Get_miss   Min(us)  Max(us)    Avg(us)    Std_dev    Geo_dist  
Period   1        22331        22331        3.0        0          322      17813      3176       3190.93    1929.43
Global   17       376504       22147        3.1        0          210      40542      3177       3228.21    1913.84

Set Statistics
Type     Time(s)  Ops          TPS(ops/s)   Net(M/s)   Get_miss   Min(us)  Max(us)    Avg(us)    Std_dev    Geo_dist  
Period   1        228          228          0.0        0          466      10527      3144       3121.13    1941.56
Global   17       3841         225          0.0        0          369      37484      3205       3267.76    1946.84

Total Statistics
Type     Time(s)  Ops          TPS(ops/s)   Net(M/s)   Get_miss   Min(us)  Max(us)    Avg(us)    Std_dev    Geo_dist  
Period   1        22557        22557        3.1        0          322      17813      3176       3189.74    1930.09
Global   17       380345       22373        3.1        0          210      40542      3178       3227.90    1914.17

[1;1H[2J
Get Statistics
Type     Time(s)  Ops          TPS(ops/s)   Net(M/s)   Get_miss   Min(us)  Max(us)    Avg(us)    Std_dev    Geo_dist  
Period   1        23102        23102        3.0        0          255      11528      3014       3094.41    1845.44
Global   18       399606       22200        3.2        0          210      40542      3168       3220.43    1909.82

Set Statistics
Type     Time(s)  Ops          TPS(ops/s)   Net(M/s)   Get_miss   Min(us)  Max(us)    Avg(us)    Std_dev    Geo_dist  
Period   1        229          229          0.0        0          390      10622      3132       3160.52    1917.51
Global   18       4070         226          0.0        0          369      37484      3201       3261.38    1945.18

Total Statistics
Type     Time(s)  Ops          TPS(ops/s)   Net(M/s)   Get_miss   Min(us)  Max(us)    Avg(us)    Std_dev    Geo_dist  
Period   1        23333        23333        3.1        0          255      11528      3016       3094.41    1846.32
Global   18       403678       22426        3.2        0          210      40542      3168       3221.18    1910.18

[1;1H[2J
Get Statistics
Type     Time(s)  Ops          TPS(ops/s)   Net(M/s)   Get_miss   Min(us)  Max(us)    Avg(us)    Std_dev    Geo_dist  
Period   1        21274        21274        3.0        0          273      76966      3330       5391.79    1819.38
Global   19       420880       22151        2.9        0          210      76966      3176       3364.36    1905.18

Set Statistics
Type     Time(s)  Ops          TPS(ops/s)   Net(M/s)   Get_miss   Min(us)  Max(us)    Avg(us)    Std_dev    Geo_dist  
Period   1        216          216          0.0        0          433      10245      3035       3123.67    1870.71
Global   19       4286         225          0.0        0          369      37484      3192       3255.05    1941.36

Total Statistics
Type     Time(s)  Ops          TPS(ops/s)   Net(M/s)   Get_miss   Min(us)  Max(us)    Avg(us)    Std_dev    Geo_dist  
Period   1        21492        21492        3.1        0          273      76966      3327       5374.10    1820.87
Global   19       425170       22377        3.0        0          210      76966      3176       3363.45    1905.56

[1;1H[2J
Get Statistics
Type     Time(s)  Ops          TPS(ops/s)   Net(M/s)   Get_miss   Min(us)  Max(us)    Avg(us)    Std_dev    Geo_dist  
Period   1        23026        23026        3.0        0          317      18285      3076       3193.28    1821.13
Global   20       443906       22195        3.2        0          210      76966      3171       3355.60    1900.76

Set Statistics
Type     Time(s)  Ops          TPS(ops/s)   Net(M/s)   Get_miss   Min(us)  Max(us)    Avg(us)    Std_dev    Geo_dist  
Period   1        233          233          0.0        0          532      10445      3033       3140.85    1837.83
Global   20       4519         225          0.0        0          369      37484      3184       3248.92    1935.88

Total Statistics
Type     Time(s)  Ops          TPS(ops/s)   Net(M/s)   Get_miss   Min(us)  Max(us)    Avg(us)    Std_dev    Geo_dist  
Period   1        23256        23256        3.1        0          317      18285      3075       3192.43    1820.83
Global   20       448426       22421        3.2        0          210      76966      3171       3354.66    1901.11

[1;1H[2J
Get Statistics
Type     Time(s)  Ops          TPS(ops/s)   Net(M/s)   Get_miss   Min(us)  Max(us)    Avg(us)    Std_dev    Geo_dist  
Period   1        21827        21827        3.0        0          357      20070      3219       3314.12    1942.37
Global   21       465733       22177        3.0        0          210      76966      3173       3353.92    1902.72

Set Statistics
Type     Time(s)  Ops          TPS(ops/s)   Net(M/s)   Get_miss   Min(us)  Max(us)    Avg(us)    Std_dev    Geo_dist  
Period   1        224          224          0.0        0          500      18636      3407       3494.18    2047.14
Global   21       4743         225          0.0        0          369      37484      3195       3260.41    1941.00

Total Statistics
Type     Time(s)  Ops          TPS(ops/s)   Net(M/s)   Get_miss   Min(us)  Max(us)    Avg(us)    Std_dev    Geo_dist  
Period   1        22052        22052        3.1        0          357      20070      3221       3315.74    1943.30
Global   21       470478       22403        3.0        0          210      76966      3173       3353.18    1903.09

[1;1H[2J
Get Statistics
Type     Time(s)  Ops          TPS(ops/s)   Net(M/s)   Get_miss   Min(us)  Max(us)    Avg(us)    Std_dev    Geo_dist  
Period   1        22792        22792        3.0        0          269      18845      3076       3186.80    1859.87
Global   22       488525       22205        3.1        0          210      76966      3169       3345.87    1900.72

Set Statistics
Type     Time(s)  Ops          TPS(ops/s)   Net(M/s)   Get_miss   Min(us)  Max(us)    Avg(us)    Std_dev    Geo_dist  
Period   1        225          225          0.0        0          371      18400      3372       3496.31    1998.47
Global   22       4968         225          0.0        0          369      37484      3203       3271.31    1943.56

Total Statistics
Type     Time(s)  Ops          TPS(ops/s)   Net(M/s)   Get_miss   Min(us)  Max(us)    Avg(us)    Std_dev    Geo_dist  
Period   1        23017        23017        3.1        0          269      18845      3080       3189.65    1862.08
Global   22       493495       22431        3.2        0          210      76966      3169       3345.47    1901.16

[1;1H[2J
Get Statistics
Type     Time(s)  Ops          TPS(ops/s)   Net(M/s)   Get_miss   Min(us)  Max(us)    Avg(us)    Std_dev    Geo_dist  
Period   1        22819        22819        3.1        0          250      14963      3107       3232.74    1844.21
Global   23       511344       22232        3.1        0          210      76966      3166       3341.16    1898.20

Set Statistics
Type     Time(s)  Ops          TPS(ops/s)   Net(M/s)   Get_miss   Min(us)  Max(us)    Avg(us)    Std_dev    Geo_dist  
Period   1        237          237          0.0        0          467      11314      3042       3160.19    1841.05
Global   23       5205         226          0.0        0          369      37484      3195       3266.87    1938.77

Total Statistics
Type     Time(s)  Ops          TPS(ops/s)   Net(M/s)   Get_miss   Min(us)  Max(us)    Avg(us)    Std_dev    Geo_dist  
Period   1        23058        23058        3.1        0          250      14963      3107       3232.38    1845.14
Global   23       516553       22458        3.2        0          210      76966      3166       3340.74    1898.62

[1;1H[2J
Get Statistics
Type     Time(s)  Ops          TPS(ops/s)   Net(M/s)   Get_miss   Min(us)  Max(us)    Avg(us)    Std_dev    Geo_dist  
Period   1        22595        22595        3.1        0          309      18361      3119       3226.59    1866.24
Global   24       533939       22247        3.1        0          210      76966      3164       3336.47    1896.93

Set Statistics
Type     Time(s)  Ops          TPS(ops/s)   Net(M/s)   Get_miss   Min(us)  Max(us)    Avg(us)    Std_dev    Geo_dist  
Period   1        221          221          0.0        0          399      10852      3141       3251.06    1879.57
Global   24       5426         226          0.0        0          369      37484      3193       3265.75    1936.33

Total Statistics
Type     Time(s)  Ops          TPS(ops/s)   Net(M/s)   Get_miss   Min(us)  Max(us)    Avg(us)    Std_dev    Geo_dist  
Period   1        22813        22813        3.1        0          309      18361      3119       3227.29    1868.21
Global   24       539366       22473        3.1        0          210      76966      3164       3336.05    1897.33

[1;1H[2J
Get Statistics
Type     Time(s)  Ops          TPS(ops/s)   Net(M/s)   Get_miss   Min(us)  Max(us)    Avg(us)    Std_dev    Geo_dist  
Period   1        22899        22899        3.1        0          257      17559      3063       3129.81    1848.04
Global   25       556838       22273        3.1        0          210      76966      3160       3328.15    1894.93

Set Statistics
Type     Time(s)  Ops          TPS(ops/s)   Net(M/s)   Get_miss   Min(us)  Max(us)    Avg(us)    Std_dev    Geo_dist  
Period   1        234          234          0.0        0          368      11219      3030       3102.28    1854.51
Global   25       5660         226          0.0        0          368      37484      3186       3259.31    1932.87

Total Statistics
Type     Time(s)  Ops          TPS(ops/s)   Net(M/s)   Get_miss   Min(us)  Max(us)    Avg(us)    Std_dev    Geo_dist  
Period   1        23134        23134        3.1        0          257      17559      3063       3129.35    1848.21
Global   25       562500       22500        3.2        0          210      76966      3160       3327.72    1895.31

[1;1H[2J
Get Statistics
Type     Time(s)  Ops          TPS(ops/s)   Net(M/s)   Get_miss   Min(us)  Max(us)    Avg(us)    Std_dev    Geo_dist  
Period   1        22616        22616        3.1        0          255      14470      3113       3216.62    1875.49
Global   26       579454       22286        3.1        0          210      76966      3158       3324.06    1894.22

Set Statistics
Type     Time(s)  Ops          TPS(ops/s)   Net(M/s)   Get_miss   Min(us)  Max(us)    Avg(us)    Std_dev    Geo_dist  
Period   1        228          228          0.0        0          453      10913      3406       3312.10    2054.49
Global   26       5888         226          0.0        0          368      37484      3195       3260.89    1937.45

Total Statistics
Type     Time(s)  Ops          TPS(ops/s)   Net(M/s)   Get_miss   Min(us)  Max(us)    Avg(us)    Std_dev    Geo_dist  
Period   1        22844        22844        3.1        0          255      14470      3116       3217.99    1877.93
Global   26       585344       22513        3.1        0          210      76966      3158       3323.80    1894.66

[1;1H[2J
Get Statistics
Type     Time(s)  Ops          TPS(ops/s)   Net(M/s)   Get_miss   Min(us)  Max(us)    Avg(us)    Std_dev    Geo_dist  
Period   1        22177        22177        3.1        0          281      18959      3182       3247.87    1928.12
Global   27       601631       22282        3.0        0          210      76966      3159       3321.18    1895.49

Set Statistics
Type     Time(s)  Ops          TPS(ops/s)   Net(M/s)   Get_miss   Min(us)  Max(us)    Avg(us)    Std_dev    Geo_dist  
Period   1        224          224          0.0        0          446      17391      3409       3322.18    2093.54
Global   27       6112         226          0.0        0          368      37484      3203       3262.97    1942.96

Total Statistics
Type     Time(s)  Ops          TPS(ops/s)   Net(M/s)   Get_miss   Min(us)  Max(us)    Avg(us)    Std_dev    Geo_dist  
Period   1        22401        22401        3.1        0          281      18959      3184       3248.06    1928.17
Global   27       607745       22509        3.1        0          210      76966      3159       3321.04    1895.97

[1;1H[2J
Get Statistics
Type     Time(s)  Ops          TPS(ops/s)   Net(M/s)   Get_miss   Min(us)  Max(us)    Avg(us)    Std_dev    Geo_dist  
Period   1        22854        22854        3.1        0          311      12980      3077       3163.68    1849.80
Global   28       624485       22303        3.1        0          210      76966      3156       3315.60    1893.82

Set Statistics
Type     Time(s)  Ops          TPS(ops/s)   Net(M/s)   Get_miss   Min(us)  Max(us)    Avg(us)    Std_dev    Geo_dist  
Period   1        230          230          0.0        0          491      11887      3641       3425.43    2172.62
Global   28       6342         226          0.0        0          368      37484      3219       3269.64    1950.84

Total Statistics
Type     Time(s)  Ops          TPS(ops/s)   Net(M/s)   Get_miss   Min(us)  Max(us)    Avg(us)    Std_dev    Geo_dist  
Period   1        23084        23084        3.1        0          311      12980      3083       3166.77    1853.48
Global   28       630829       22529        3.2        0          210      76966      3157       3314.81    1894.40

[1;1H[2J
Get Statistics
Type     Time(s)  Ops          TPS(ops/s)   Net(M/s)   Get_miss   Min(us)  Max(us)    Avg(us)    Std_dev    Geo_dist  
Period   1        21598        21598        3.1        0          260      18064      3273       3295.91    1956.72
Global   29       646083       22278        3.0        0          210      76966      3160       3314.92    1895.89

Set Statistics
Type     Time(s)  Ops          TPS(ops/s)   Net(M/s)   Get_miss   Min(us)  Max(us)    Avg(us)    Std_dev    Geo_dist  
Period   1        218          218          0.0        0          416      11139      3283       3167.75    2050.36
Global   29       6560         226          0.0        0          368      37484      3221       3266.21    1954.07

Total Statistics
Type     Time(s)  Ops          TPS(ops/s)   Net(M/s)   Get_miss   Min(us)  Max(us)    Avg(us)    Std_dev    Geo_dist  
Period   1        21816        21816        3.1        0          260      18064      3274       3293.75    1957.64
Global   29       652645       22505        3.0        0          210      76966      3161       3314.09    1896.48

[1;1H[2J
Get Statistics
Type     Time(s)  Ops          TPS(ops/s)   Net(M/s)   Get_miss   Min(us)  Max(us)    Avg(us)    Std_dev    Geo_dist  
Period   1        22050        22050        3.1        0          274      21214      3197       3290.73    1896.98
Global   30       668133       22271        3.0        0          210      76966      3161       3314.37    1895.98

Set Statistics
Type     Time(s)  Ops          TPS(ops/s)   Net(M/s)   Get_miss   Min(us)  Max(us)    Avg(us)    Std_dev    Geo_dist  
Period   1        220          220          0.0        0          400      10722      3064       3268.69    1796.84
Global   30       6780         226          0.0        0          368      37484      3216       3266.08    1948.76

Total Statistics
Type     Time(s)  Ops          TPS(ops/s)   Net(M/s)   Get_miss   Min(us)  Max(us)    Avg(us)    Std_dev    Geo_dist  
Period   1        22272        22272        3.1        0          274      21214      3197       3290.05    1896.96
Global   30       674917       22497        3.1        0          210      76966      3162       3313.49    1896.52

[1;1H[2J
Get Statistics
Type     Time(s)  Ops          TPS(ops/s)   Net(M/s)   Get_miss   Min(us)  Max(us)    Avg(us)    Std_dev    Geo_dist  
Period   1        21731        21731        3.1        0          281      17825      3246       3287.44    1944.80
Global   31       689864       22253        3.0        0          210      76966      3164       3313.25    1897.50

Set Statistics
Type     Time(s)  Ops          TPS(ops/s)   Net(M/s)   Get_miss   Min(us)  Max(us)    Avg(us)    Std_dev    Geo_dist  
Period   1        226          226          0.0        0          494      11832      3238       3236.52    2002.50
Global   31       7006         226          0.0        0          368      37484      3216       3265.60    1950.47

Total Statistics
Type     Time(s)  Ops          TPS(ops/s)   Net(M/s)   Get_miss   Min(us)  Max(us)    Avg(us)    Std_dev    Geo_dist  
Period   1        21955        21955        3.1        0          281      17825      3246       3286.30    1945.15
Global   31       696872       22479        3.0        0          210      76966      3164       3313.29    1898.03

[1;1H[2J
Get Statistics
Type     Time(s)  Ops          TPS(ops/s)   Net(M/s)   Get_miss   Min(us)  Max(us)    Avg(us)    Std_dev    Geo_dist  
Period   1        22388        22388        3.1        0          254      17991      3158       3247.74    1887.90
Global   32       712252       22257        3.1        0          210      76966      3164       3311.05    1897.24

Set Statistics
Type     Time(s)  Ops          TPS(ops/s)   Net(M/s)   Get_miss   Min(us)  Max(us)    Avg(us)    Std_dev    Geo_dist  
Period   1        224          224          0.0        0          576      11737      3802       3489.00    2323.12
Global   32       7230         225          0.0        0          368      37484      3235       3273.23    1961.07

Total Statistics
Type     Time(s)  Ops          TPS(ops/s)   Net(M/s)   Get_miss   Min(us)  Max(us)    Avg(us)    Std_dev    Geo_dist  
Period   1        22612        22612        3.1        0          254      17991      3165       3250.64    1892.54
Global   32       719484       22483        3.1        0          210      76966      3164       3311.38    1897.88

[1;1H[2J
Get Statistics
Type     Time(s)  Ops          TPS(ops/s)   Net(M/s)   Get_miss   Min(us)  Max(us)    Avg(us)    Std_dev    Geo_dist  
Period   1        22716        22716        3.1        0          276      14017      3120       3208.30    1879.09
Global   33       734968       22271        3.1        0          210      76966      3162       3308.57    1896.73

Set Statistics
Type     Time(s)  Ops          TPS(ops/s)   Net(M/s)   Get_miss   Min(us)  Max(us)    Avg(us)    Std_dev    Geo_dist  
Period   1        231          231          0.0        0          416      11164      3042       3185.06    1846.26
Global   33       7461         226          0.0        0          368      37484      3229       3270.53    1957.41

Total Statistics
Type     Time(s)  Ops          TPS(ops/s)   Net(M/s)   Get_miss   Min(us)  Max(us)    Avg(us)    Std_dev    Geo_dist  
Period   1        22946        22946        3.1        0          276      14017      3120       3207.25    1879.36
Global   33       742430       22497        3.2        0          210      76966      3163       3307.89    1897.33

[1;1H[2J
Get Statistics
Type     Time(s)  Ops          TPS(ops/s)   Net(M/s)   Get_miss   Min(us)  Max(us)    Avg(us)    Std_dev    Geo_dist  
Period   1        18600        18600        3.0        0          277      170021     3817       10262.53   1942.66
Global   34       753568       22163        2.6        0          210      170021     3179       3644.30    1897.87

Set Statistics
Type     Time(s)  Ops          TPS(ops/s)   Net(M/s)   Get_miss   Min(us)  Max(us)    Avg(us)    Std_dev    Geo_dist  
Period   1        187          187          0.0        0          377      169020     4007       12556.01   1918.30
Global   34       7648         224          0.0        0          368      169020     3248       3779.42    1956.44

Total Statistics
Type     Time(s)  Ops          TPS(ops/s)   Net(M/s)   Get_miss   Min(us)  Max(us)    Avg(us)    Std_dev    Geo_dist  
Period   1        18789        18789        3.1        0          277      170021     3818       10287.12   1942.40
Global   34       761219       22388        2.6        0          210      170021     3179       3646.29    1898.45

[1;1H[2J
Get Statistics
Type     Time(s)  Ops          TPS(ops/s)   Net(M/s)   Get_miss   Min(us)  Max(us)    Avg(us)    Std_dev    Geo_dist  
Period   1        22485        22485        3.0        0          240      13727      3127       3249.50    1850.32
Global   35       776053       22172        3.1        0          210      170021     3177       3633.91    1896.53

Set Statistics
Type     Time(s)  Ops          TPS(ops/s)   Net(M/s)   Get_miss   Min(us)  Max(us)    Avg(us)    Std_dev    Geo_dist  
Period   1        226          226          0.0        0          463      12058      3352       3391.28    2004.39
Global   35       7874         224          0.0        0          368      169020     3251       3768.67    1957.80

Total Statistics
Type     Time(s)  Ops          TPS(ops/s)   Net(M/s)   Get_miss   Min(us)  Max(us)    Avg(us)    Std_dev    Geo_dist  
Period   1        22710        22710        3.1        0          240      13727      3130       3251.01    1853.21
Global   35       783929       22397        3.1        0          210      170021     3178       3635.08    1897.15

[1;1H[2J
Get Statistics
Type     Time(s)  Ops          TPS(ops/s)   Net(M/s)   Get_miss   Min(us)  Max(us)    Avg(us)    Std_dev    Geo_dist  
Period   1        20692        20692        3.0        0          281      48270      3431       4350.62    1965.20
Global   36       796745       22131        2.8        0          210      170021     3184       3654.18    1898.31

Set Statistics
Type     Time(s)  Ops          TPS(ops/s)   Net(M/s)   Get_miss   Min(us)  Max(us)    Avg(us)    Std_dev    Geo_dist  
Period   1        210          210          0.0        0          434      43128      3694       5361.61    2011.29
Global   36       8084         224          0.0        0          368      169020     3262       3819.09    1959.17

Total Statistics
Type     Time(s)  Ops          TPS(ops/s)   Net(M/s)   Get_miss   Min(us)  Max(us)    Avg(us)    Std_dev    Geo_dist  
Period   1        20900        20900        3.1        0          281      48270      3433       4362.42    1966.25
Global   36       804829       22356        2.9        0          210      170021     3184       3656.56    1898.91

[1;1H[2J
Get Statistics
Type     Time(s)  Ops          TPS(ops/s)   Net(M/s)   Get_miss   Min(us)  Max(us)    Avg(us)    Std_dev    Geo_dist  
Period   1        22822        22822        3.0        0          228      13399      3088       3101.48    1894.04
Global   37       819567       22150        3.1        0          210      170021     3181       3640.25    1898.19

Set Statistics
Type     Time(s)  Ops          TPS(ops/s)   Net(M/s)   Get_miss   Min(us)  Max(us)    Avg(us)    Std_dev    Geo_dist  
Period   1        236          236          0.0        0          456      9519       3005       3043.34    1868.08
Global   37       8320         224          0.0        0          368      169020     3255       3799.11    1956.53

Total Statistics
Type     Time(s)  Ops          TPS(ops/s)   Net(M/s)   Get_miss   Min(us)  Max(us)    Avg(us)    Std_dev    Geo_dist  
Period   1        23060        23060        3.1        0          228      13399      3087       3101.51    1894.00
Global   37       827889       22375        3.2        0          210      170021     3182       3641.67    1898.77

[1;1H[2J
Get Statistics
Type     Time(s)  Ops          TPS(ops/s)   Net(M/s)   Get_miss   Min(us)  Max(us)    Avg(us)    Std_dev    Geo_dist  
Period   1        22394        22394        3.0        0          239      17950      3132       3161.81    1896.31
Global   38       841961       22156        3.1        0          210      170021     3180       3628.09    1898.16

Set Statistics
Type     Time(s)  Ops          TPS(ops/s)   Net(M/s)   Get_miss   Min(us)  Max(us)    Avg(us)    Std_dev    Geo_dist  
Period   1        222          222          0.0        0          297      11366      3579       3302.22    2193.35
Global   38       8542         224          0.0        0          297      169020     3263       3787.56    1962.35

Total Statistics
Type     Time(s)  Ops          TPS(ops/s)   Net(M/s)   Get_miss   Min(us)  Max(us)    Avg(us)    Std_dev    Geo_dist  
Period   1        22616        22616        3.1        0          239      17950      3136       3162.31    1897.28
Global   38       850505       22381        3.1        0          210      170021     3181       3629.58    1898.79

[1;1H[2J
Get Statistics
Type     Time(s)  Ops          TPS(ops/s)   Net(M/s)   Get_miss   Min(us)  Max(us)    Avg(us)    Std_dev    Geo_dist  
Period   1        22447        22447        3.0        0          269      17789      3163       3137.26    1949.71
Global   39       864408       22164        3.1        0          210      170021     3179       3616.68    1899.50

Set Statistics
Type     Time(s)  Ops          TPS(ops/s)   Net(M/s)   Get_miss   Min(us)  Max(us)    Avg(us)    Std_dev    Geo_dist  
Period   1        224          224          0.0        0          298      12299      3670       3376.14    2232.54
Global   39       8766         224          0.0        0          297      169020     3274       3777.46    1968.83

Total Statistics
Type     Time(s)  Ops          TPS(ops/s)   Net(M/s)   Get_miss   Min(us)  Max(us)    Avg(us)    Std_dev    Geo_dist  
Period   1        22672        22672        3.1        0          269      17789      3168       3139.89    1952.68
Global   39       873177       22389        3.1        0          210      170021     3180       3618.28    1900.17

[1;1H[2J
Get Statistics
Type     Time(s)  Ops          TPS(ops/s)   Net(M/s)   Get_miss   Min(us)  Max(us)    Avg(us)    Std_dev    Geo_dist  
Period   1        21900        21900        3.0        0          269      13357      3193       3191.71    1943.39
Global   40       886308       22157        3.0        0          210      170021     3180       3606.20    1900.60

Set Statistics
Type     Time(s)  Ops          TPS(ops/s)   Net(M/s)   Get_miss   Min(us)  Max(us)    Avg(us)    Std_dev    Geo_dist  
Period   1        216          216          0.0        0          384      10363      3356       3237.47    2041.64
Global   40       8982         224          0.0        0          297      169020     3276       3765.23    1970.55

Total Statistics
Type     Time(s)  Ops          TPS(ops/s)   Net(M/s)   Get_miss   Min(us)  Max(us)    Avg(us)    Std_dev    Geo_dist  
Period   1        22115        22115        3.1        0          269      13357      3195       3192.59    1945.99
Global   40       895292       22382        3.0        0          210      170021     3181       3607.82    1901.29

[1;1H[2J
Get Statistics
Type     Time(s)  Ops          TPS(ops/s)   Net(M/s)   Get_miss   Min(us)  Max(us)    Avg(us)    Std_dev    Geo_dist  
Period   1        22253        22253        3.0        0          223      16618      3170       3177.58    1922.12
Global   41       908561       22160        3.1        0          210      170021     3179       3596.99    1901.14

Set Statistics
Type     Time(s)  Ops          TPS(ops/s)   Net(M/s)   Get_miss   Min(us)  Max(us)    Avg(us)    Std_dev    Geo_dist  
Period   1        232          232          0.0        0          442      11751      3473       3361.72    2079.85
Global   41       9214         224          0.0        0          297      169020     3281       3755.53    1973.23

Total Statistics
Type     Time(s)  Ops          TPS(ops/s)   Net(M/s)   Get_miss   Min(us)  Max(us)    Avg(us)    Std_dev    Geo_dist  
Period   1        22487        22487        3.1        0          223      16618      3172       3179.74    1923.13
Global   41       917779       22384        3.1        0          210      170021     3180       3598.63    1901.84

[1;1H[2J
Get Statistics
Type     Time(s)  Ops          TPS(ops/s)   Net(M/s)   Get_miss   Min(us)  Max(us)    Avg(us)    Std_dev    Geo_dist  
Period   1        22190        22190        3.0        0          288      12444      3146       3188.03    1898.39
Global   42       930751       22160        3.0        0          210      170021     3179       3587.08    1901.09

Set Statistics
Type     Time(s)  Ops          TPS(ops/s)   Net(M/s)   Get_miss   Min(us)  Max(us)    Avg(us)    Std_dev    Geo_dist  
Period   1        224          224          0.0        0          456      11233      3207       3199.45    1944.22
Global   42       9438         224          0.0        0          297      169020     3279       3743.37    1972.53

Total Statistics
Type     Time(s)  Ops          TPS(ops/s)   Net(M/s)   Get_miss   Min(us)  Max(us)    Avg(us)    Std_dev    Geo_dist  
Period   1        22412        22412        3.1        0          288      12444      3148       3187.91    1899.40
Global   42       940191       22385        3.1        0          210      170021     3180       3588.72    1901.80

[1;1H[2J
Get Statistics
Type     Time(s)  Ops          TPS(ops/s)   Net(M/s)   Get_miss   Min(us)  Max(us)    Avg(us)    Std_dev    Geo_dist  
Period   1        21733        21733        3.0        0          249      39473      3261       3885.84    1894.50
Global   43       952484       22150        3.0        0          210      170021     3180       3594.99    1900.97

Set Statistics
Type     Time(s)  Ops          TPS(ops/s)   Net(M/s)   Get_miss   Min(us)  Max(us)    Avg(us)    Std_dev    Geo_dist  
Period   1        218          218          0.0        0          366      19827      3094       3574.29    1790.46
Global   43       9656         224          0.0        0          297      169020     3275       3739.40    1968.22

Total Statistics
Type     Time(s)  Ops          TPS(ops/s)   Net(M/s)   Get_miss   Min(us)  Max(us)    Avg(us)    Std_dev    Geo_dist  
Period   1        21951        21951        3.1        0          249      39473      3260       3882.60    1894.21
Global   43       962142       22375        3.0        0          210      170021     3181       3596.45    1901.64

[1;1H[2J
Get Statistics
Type     Time(s)  Ops          TPS(ops/s)   Net(M/s)   Get_miss   Min(us)  Max(us)    Avg(us)    Std_dev    Geo_dist  
Period   1        22462        22462        3.0        0          315      17990      3161       3236.68    1886.24
Global   44       974946       22157        3.1        0          210      170021     3180       3586.75    1900.65

Set Statistics
Type     Time(s)  Ops          TPS(ops/s)   Net(M/s)   Get_miss   Min(us)  Max(us)    Avg(us)    Std_dev    Geo_dist  
Period   1        226          226          0.0        0          416      11225      2986       3135.85    1830.91
Global   44       9882         224          0.0        0          297      169020     3268       3727.15    1964.97

Total Statistics
Type     Time(s)  Ops          TPS(ops/s)   Net(M/s)   Get_miss   Min(us)  Max(us)    Avg(us)    Std_dev    Geo_dist  
Period   1        22686        22686        3.1        0          315      17990      3159       3235.72    1886.18
Global   44       984828       22382        3.1        0          210      170021     3181       3588.10    1901.28

[1;1H[2J
Get Statistics
Type     Time(s)  Ops          TPS(ops/s)   Net(M/s)   Get_miss   Min(us)  Max(us)    Avg(us)    Std_dev    Geo_dist  
Period   1        22913        22913        3.0        0          289      13078      3072       3187.12    1832.04
Global   45       997859       22174        3.1        0          210      170021     3178       3577.69    1899.05

Set Statistics
Type     Time(s)  Ops          TPS(ops/s)   Net(M/s)   Get_miss   Min(us)  Max(us)    Avg(us)    Std_dev    Geo_dist  
Period   1        229          229          0.0        0          444      11496      2993       3157.80    1785.44
Global   45       10111        224          0.0        0          297      169020     3262       3715.11    1960.71

Total Statistics
Type     Time(s)  Ops          TPS(ops/s)   Net(M/s)   Get_miss   Min(us)  Max(us)    Avg(us)    Std_dev    Geo_dist  
Period   1        23146        23146        3.1        0          289      13078      3072       3187.11    1832.03
Global   45       1007974      22399        3.2        0          210      170021     3178       3579.87    1899.66

[1;1H[2J
Get Statistics
Type     Time(s)  Ops          TPS(ops/s)   Net(M/s)   Get_miss   Min(us)  Max(us)    Avg(us)    Std_dev    Geo_dist  
Period   1        22916        22916        3.0        0          279      17394      3068       3208.40    1823.54
Global   46       1020775      22190        3.1        0          210      170021     3175       3570.35    1897.37

Set Statistics
Type     Time(s)  Ops          TPS(ops/s)   Net(M/s)   Get_miss   Min(us)  Max(us)    Avg(us)    Std_dev    Geo_dist  
Period   1        233          233          0.0        0          331      11033      3319       3261.28    2032.64
Global   46       10344        224          0.0        0          297      169020     3263       3705.62    1962.30

Total Statistics
Type     Time(s)  Ops          TPS(ops/s)   Net(M/s)   Get_miss   Min(us)  Max(us)    Avg(us)    Std_dev    Geo_dist  
Period   1        23147        23147        3.1        0          279      17394      3071       3209.11    1827.42
Global   46       1031121      22415        3.2        0          210      170021     3176       3571.64    1898.01

[1;1H[2J
Get Statistics
Type     Time(s)  Ops          TPS(ops/s)   Net(M/s)   Get_miss   Min(us)  Max(us)    Avg(us)    Std_dev    Geo_dist  
Period   1        22267        22267        3.0        0          292      15416      3159       3276.50    1877.91
Global   47       1043042      22192        3.1        0          210      170021     3175       3564.03    1896.96

Set Statistics
Type     Time(s)  Ops          TPS(ops/s)   Net(M/s)   Get_miss   Min(us)  Max(us)    Avg(us)    Std_dev    Geo_dist  
Period   1        229          229          0.0        0          483      15353      3554       3533.20    2082.52
Global   47       10573        224          0.0        0          297      169020     3269       3702.32    1964.83

Total Statistics
Type     Time(s)  Ops          TPS(ops/s)   Net(M/s)   Get_miss   Min(us)  Max(us)    Avg(us)    Std_dev    Geo_dist  
Period   1        22496        22496        3.1        0          292      15416      3163       3279.75    1880.63
Global   47       1053617      22417        3.1        0          210      170021     3176       3565.41    1897.64

[1;1H[2J
Get Statistics
Type     Time(s)  Ops          TPS(ops/s)   Net(M/s)   Get_miss   Min(us)  Max(us)    Avg(us)    Std_dev    Geo_dist  
Period   1        22639        22639        3.0        0          334      16342      3123       3230.95    1882.26
Global   48       1065681      22201        3.1        0          210      170021     3174       3557.20    1896.67

Set Statistics
Type     Time(s)  Ops          TPS(ops/s)   Net(M/s)   Get_miss   Min(us)  Max(us)    Avg(us)    Std_dev    Geo_dist  
Period   1        225          225          0.0        0          391      15650      3014       3241.08    1793.01
Global   48       10798        224          0.0        0          297      169020     3264       3693.07    1961.09

Total Statistics
Type     Time(s)  Ops          TPS(ops/s)   Net(M/s)   Get_miss   Min(us)  Max(us)    Avg(us)    Std_dev    Geo_dist  
Period   1        22933        22933        3.1        0          334      16342      3141       3244.62    1891.22
Global   48       1076550      22428        3.1        0          210      170021     3175       3559.11    1897.50

[1;1H[2J
Get Statistics
Type     Time(s)  Ops          TPS(ops/s)   Net(M/s)   Get_miss   Min(us)  Max(us)    Avg(us)    Std_dev    Geo_dist  
Period   1        22204        22204        3.0        0          296      18421      3182       3312.37    1902.17
Global   49       1087885      22201        3.0        0          210      170021     3174       3552.52    1896.78

Set Statistics
Type     Time(s)  Ops          TPS(ops/s)   Net(M/s)   Get_miss   Min(us)  Max(us)    Avg(us)    Std_dev    Geo_dist  
Period   1        223          223          0.0        0          357      17919      3519       3498.21    2066.16
Global   49       11021        224          0.0        0          297      169020     3270       3689.66    1964.80

Total Statistics
Type     Time(s)  Ops          TPS(ops/s)   Net(M/s)   Get_miss   Min(us)  Max(us)    Avg(us)    Std_dev    Geo_dist  
Period   1        22356        22356        3.1        0          296      18421      3166       3301.74    1894.92
Global   49       1098906      22426        3.1        0          210      170021     3175       3553.90    1897.45

[1;1H[2J
Get Statistics
Type     Time(s)  Ops          TPS(ops/s)   Net(M/s)   Get_miss   Min(us)  Max(us)    Avg(us)    Std_dev    Geo_dist  
Period   1        22862        22862        3.1        0          286      13032      3073       3163.88    1837.35
Global   50       1110747      22214        3.1        0          210      170021     3172       3544.90    1895.54

Set Statistics
Type     Time(s)  Ops          TPS(ops/s)   Net(M/s)   Get_miss   Min(us)  Max(us)    Avg(us)    Std_dev    Geo_dist  
Period   1        237          237          0.0        0          414      10009      2783       2984.86    1706.80
Global   50       11258        225          0.0        0          297      169020     3260       3676.55    1958.98

Total Statistics
Type     Time(s)  Ops          TPS(ops/s)   Net(M/s)   Get_miss   Min(us)  Max(us)    Avg(us)    Std_dev    Geo_dist  
Period   1        23100        23100        3.1        0          286      13032      3070       3162.47    1836.08
Global   50       1122006      22440        3.2        0          210      170021     3173       3546.16    1896.17

[1;1H[2J
Get Statistics
Type     Time(s)  Ops          TPS(ops/s)   Net(M/s)   Get_miss   Min(us)  Max(us)    Avg(us)    Std_dev    Geo_dist  
Period   1        22854        22854        3.1        0          259      12467      3100       3170.42    1874.10
Global   51       1133601      22227        3.1        0          210      170021     3170       3538.26    1895.12

Set Statistics
Type     Time(s)  Ops          TPS(ops/s)   Net(M/s)   Get_miss   Min(us)  Max(us)    Avg(us)    Std_dev    Geo_dist  
Period   1        225          225          0.0        0          404      11717      3290       3230.14    2013.88
Global   51       11483        225          0.0        0          297      169020     3261       3667.84    1960.04

Total Statistics
Type     Time(s)  Ops          TPS(ops/s)   Net(M/s)   Get_miss   Min(us)  Max(us)    Avg(us)    Std_dev    Geo_dist  
Period   1        23080        23080        3.1        0          259      12467      3102       3171.03    1875.52
Global   51       1145086      22452        3.2        0          210      170021     3171       3539.52    1895.76

[1;1H[2J
Get Statistics
Type     Time(s)  Ops          TPS(ops/s)   Net(M/s)   Get_miss   Min(us)  Max(us)    Avg(us)    Std_dev    Geo_dist  
Period   1        22212        22212        3.1        0          279      18315      3167       3150.76    1905.50
Global   52       1155813      22227        3.1        0          210      170021     3170       3531.16    1895.33

Set Statistics
Type     Time(s)  Ops          TPS(ops/s)   Net(M/s)   Get_miss   Min(us)  Max(us)    Avg(us)    Std_dev    Geo_dist  
Period   1        228          228          0.0        0          441      10965      3172       3169.20    1932.10
Global   52       11711        225          0.0        0          297      169020     3259       3658.92    1959.50

Total Statistics
Type     Time(s)  Ops          TPS(ops/s)   Net(M/s)   Get_miss   Min(us)  Max(us)    Avg(us)    Std_dev    Geo_dist  
Period   1        22442        22442        3.1        0          279      18315      3168       3150.82    1906.75
Global   52       1167528      22452        3.1        0          210      170021     3171       3532.40    1895.97

[1;1H[2J
Get Statistics
Type     Time(s)  Ops          TPS(ops/s)   Net(M/s)   Get_miss   Min(us)  Max(us)    Avg(us)    Std_dev    Geo_dist  
Period   1        21901        21901        3.1        0          275      18839      3217       3317.56    1940.90
Global   53       1177714      22221        3.0        0          210      170021     3171       3527.21    1896.18

Set Statistics
Type     Time(s)  Ops          TPS(ops/s)   Net(M/s)   Get_miss   Min(us)  Max(us)    Avg(us)    Std_dev    Geo_dist  
Period   1        217          217          0.0        0          478      17366      3427       3290.00    2141.69
Global   53       11928        225          0.0        0          297      169020     3262       3652.53    1962.67

Total Statistics
Type     Time(s)  Ops          TPS(ops/s)   Net(M/s)   Get_miss   Min(us)  Max(us)    Avg(us)    Std_dev    Geo_dist  
Period   1        22116        22116        3.1        0          275      18839      3219       3317.22    1943.32
Global   53       1189644      22446        3.0        0          210      170021     3172       3528.42    1896.84

[1;1H[2J
Get Statistics
Type     Time(s)  Ops          TPS(ops/s)   Net(M/s)   Get_miss   Min(us)  Max(us)    Avg(us)    Std_dev    Geo_dist  
Period   1        22773        22773        3.1        0          258      11205      3089       3108.66    1897.49
Global   54       1200487      22231        3.1        0          210      170021     3170       3519.25    1896.22

Set Statistics
Type     Time(s)  Ops          TPS(ops/s)   Net(M/s)   Get_miss   Min(us)  Max(us)    Avg(us)    Std_dev    Geo_dist  
Period   1        232          232          0.0        0          432      10836      3089       3091.05    1929.08
Global   54       12160        225          0.0        0          297      169020     3259       3642.33    1962.02

Total Statistics
Type     Time(s)  Ops          TPS(ops/s)   Net(M/s)   Get_miss   Min(us)  Max(us)    Avg(us)    Std_dev    Geo_dist  
Period   1        23004        23004        3.1        0          258      11205      3090       3107.96    1899.17
Global   54       1212648      22456        3.2        0          210      170021     3171       3520.43    1896.89

[1;1H[2J
Get Statistics
Type     Time(s)  Ops          TPS(ops/s)   Net(M/s)   Get_miss   Min(us)  Max(us)    Avg(us)    Std_dev    Geo_dist  
Period   1        22116        22116        3.1        0          268      17316      3199       3216.70    1950.23
Global   55       1222603      22229        3.0        0          210      170021     3170       3514.49    1897.20

Set Statistics
Type     Time(s)  Ops          TPS(ops/s)   Net(M/s)   Get_miss   Min(us)  Max(us)    Avg(us)    Std_dev    Geo_dist  
Period   1        221          221          0.0        0          388      13675      3178       3155.55    1964.68
Global   55       12381        225          0.0        0          297      169020     3257       3634.61    1962.07

Total Statistics
Type     Time(s)  Ops          TPS(ops/s)   Net(M/s)   Get_miss   Min(us)  Max(us)    Avg(us)    Std_dev    Geo_dist  
Period   1        22336        22336        3.1        0          268      17316      3199       3215.58    1950.26
Global   55       1234984      22454        3.1        0          210      170021     3171       3515.61    1897.84

[1;1H[2J
Get Statistics
Type     Time(s)  Ops          TPS(ops/s)   Net(M/s)   Get_miss   Min(us)  Max(us)    Avg(us)    Std_dev    Geo_dist  
Period   1        22657        22657        3.1        0          303      18844      3097       3157.93    1876.59
Global   56       1245260      22236        3.1        0          210      170021     3169       3508.04    1896.82

Set Statistics
Type     Time(s)  Ops          TPS(ops/s)   Net(M/s)   Get_miss   Min(us)  Max(us)    Avg(us)    Std_dev    Geo_dist  
Period   1        234          234          0.0        0          449      9785       3061       3204.97    1813.15
Global   56       12615        225          0.0        0          297      169020     3253       3627.42    1959.20

Total Statistics
Type     Time(s)  Ops          TPS(ops/s)   Net(M/s)   Get_miss   Min(us)  Max(us)    Avg(us)    Std_dev    Geo_dist  
Period   1        22895        22895        3.1        0          303      18844      3097       3159.05    1876.39
Global   56       1257879      22462        3.1        0          210      170021     3170       3509.14    1897.45

[1;1H[2J
Get Statistics
Type     Time(s)  Ops          TPS(ops/s)   Net(M/s)   Get_miss   Min(us)  Max(us)    Avg(us)    Std_dev    Geo_dist  
Period   1        22848        22848        3.1        0          252      18890      3084       3303.64    1819.90
Global   57       1268108      22247        3.1        0          210      170021     3167       3504.93    1895.46

Set Statistics
Type     Time(s)  Ops          TPS(ops/s)   Net(M/s)   Get_miss   Min(us)  Max(us)    Avg(us)    Std_dev    Geo_dist  
Period   1        235          235          0.0        0          355      18377      3199       3357.50    1903.11
Global   57       12850        225          0.0        0          297      169020     3252       3622.56    1958.16

Total Statistics
Type     Time(s)  Ops          TPS(ops/s)   Net(M/s)   Get_miss   Min(us)  Max(us)    Avg(us)    Std_dev    Geo_dist  
Period   1        23080        23080        3.1        0          252      18890      3085       3304.36    1822.42
Global   57       1280959      22472        3.2        0          210      170021     3168       3506.01    1896.08

[1;1H[2J
Get Statistics
Type     Time(s)  Ops          TPS(ops/s)   Net(M/s)   Get_miss   Min(us)  Max(us)    Avg(us)    Std_dev    Geo_dist  
Period   1        22889        22889        3.1        0          241      14133      3087       3131.43    1866.58
Global   58       1290997      22258        3.1        0          210      170021     3166       3498.30    1894.96

Set Statistics
Type     Time(s)  Ops          TPS(ops/s)   Net(M/s)   Get_miss   Min(us)  Max(us)    Avg(us)    Std_dev    Geo_dist  
Period   1        228          228          0.0        0          419      10720      3180       3178.75    1930.12
Global   58       13078        225          0.0        0          297      169020     3251       3614.96    1957.67

Total Statistics
Type     Time(s)  Ops          TPS(ops/s)   Net(M/s)   Get_miss   Min(us)  Max(us)    Avg(us)    Std_dev    Geo_dist  
Period   1        23117        23117        3.1        0          241      14133      3088       3131.78    1867.21
Global   58       1304076      22484        3.2        0          210      170021     3167       3499.36    1895.58

[1;1H[2J
Get Statistics
Type     Time(s)  Ops          TPS(ops/s)   Net(M/s)   Get_miss   Min(us)  Max(us)    Avg(us)    Std_dev    Geo_dist  
Period   1        23019        23019        3.1        0          205      14404      3053       3042.44    1873.03
Global   59       1314016      22271        3.2        0          205      170021     3164       3490.87    1894.57

Set Statistics
Type     Time(s)  Ops          TPS(ops/s)   Net(M/s)   Get_miss   Min(us)  Max(us)    Avg(us)    Std_dev    Geo_dist  
Period   1        225          225          0.0        0          412      10123      3174       3103.46    1958.36
Global   59       13303        225          0.0        0          297      169020     3250       3606.56    1957.68

Total Statistics
Type     Time(s)  Ops          TPS(ops/s)   Net(M/s)   Get_miss   Min(us)  Max(us)    Avg(us)    Std_dev    Geo_dist  
Period   1        23245        23245        3.1        0          205      14404      3054       3042.99    1873.73
Global   59       1327321      22496        3.2        0          205      170021     3165       3491.93    1895.19

[1;1H[2J
Get Statistics
Type     Time(s)  Ops          TPS(ops/s)   Net(M/s)   Get_miss   Min(us)  Max(us)    Avg(us)    Std_dev    Geo_dist  
Period   1        22690        22690        3.1        0          214      23131      3117       3362.17    1828.69
Global   60       1336706      22278        3.1        0          205      170021     3163       3488.91    1893.44

Set Statistics
Type     Time(s)  Ops          TPS(ops/s)   Net(M/s)   Get_miss   Min(us)  Max(us)    Avg(us)    Std_dev    Geo_dist  
Period   1        233          233          0.0        0          471      22293      2841       3231.91    1726.99
Global   60       13536        225          0.0        0          297      169020     3243       3600.69    1953.46

Total Statistics
Type     Time(s)  Ops          TPS(ops/s)   Net(M/s)   Get_miss   Min(us)  Max(us)    Avg(us)    Std_dev    Geo_dist  
Period   1        22923        22923        3.1        0          214      23131      3115       3360.95    1826.73
Global   60       1350244      22504        3.1        0          205      170021     3164       3489.89    1894.04

Get Statistics (1336779 events)
   Min:       205
   Max:    170021
   Avg:      3163
   Geo:   1893.57
   Std:   3489.27
   Log2 Dist:
       8:       36    20363   474471   390686
      12:    63790   266718   119237     1194
      16:      145       78       61

Set Statistics (13536 events)
   Min:       297
   Max:    169020
   Avg:      3243
   Geo:   1953.46
   Std:   3600.69
   Log2 Dist:
       8:        0      175     4518     4132
      12:      699     2640     1353       15
      16:        3        0        1

Total Statistics (1350315 events)
   Min:       205
   Max:    170021
   Avg:      3164
   Geo:   1894.16
   Std:   3490.23
   Log2 Dist:
       8:       36    20538   478989   394818
      12:    64489   269358   120590     1209
      16:      148       78       62

cmd_get: 1336850
cmd_set: 13536
get_misses: 0
written_bytes: 31574898
read_bytes: 220676823
object_bytes: 1949184

Run time: 60.4s Ops: 1350386 TPS: 22346 Net_rate: 4.0M/s
