servers : 10.0.0.6:9000
threads count: 122
concurrency: 122
run time: 60s
windows size: 10k
set proportion: set_prop=0.01
get proportion: get_prop=0.99
[1;1H[2J
Get Statistics
Type     Time(s)  Ops          TPS(ops/s)   Net(M/s)   Get_miss   Min(us)  Max(us)    Avg(us)    Std_dev    Geo_dist  
Period   1        25140        25140        3.5        0          319      50211      4750       4028.77    2984.34
Global   1        25140        25140        3.5        0          319      50211      4750       4028.41    2983.26

Set Statistics
Type     Time(s)  Ops          TPS(ops/s)   Net(M/s)   Get_miss   Min(us)  Max(us)    Avg(us)    Std_dev    Geo_dist  
Period   1        314          314          0.0        0          559      12484      5407       3758.82    3702.87
Global   1        314          314          0.0        0          559      12484      5407       3758.82    3702.87

Total Statistics
Type     Time(s)  Ops          TPS(ops/s)   Net(M/s)   Get_miss   Min(us)  Max(us)    Avg(us)    Std_dev    Geo_dist  
Period   1        25459        25459        3.5        0          319      50211      4758       4025.94    2991.16
Global   1        25459        25459        3.5        0          319      50211      4758       4025.94    2991.16

[1;1H[2J
Get Statistics
Type     Time(s)  Ops          TPS(ops/s)   Net(M/s)   Get_miss   Min(us)  Max(us)    Avg(us)    Std_dev    Geo_dist  
Period   1        24727        24727        3.4        0          267      42057      4894       4666.80    3033.31
Global   2        49867        24933        3.4        0          267      50211      4821       4357.83    3008.90

Set Statistics
Type     Time(s)  Ops          TPS(ops/s)   Net(M/s)   Get_miss   Min(us)  Max(us)    Avg(us)    Std_dev    Geo_dist  
Period   1        244          244          0.0        0          392      38119      4900       4274.15    3206.27
Global   2        558          279          0.0        0          392      38119      5186       3995.67    3476.90

Total Statistics
Type     Time(s)  Ops          TPS(ops/s)   Net(M/s)   Get_miss   Min(us)  Max(us)    Avg(us)    Std_dev    Geo_dist  
Period   1        24968        24968        3.5        0          267      42057      4895       4662.66    3037.13
Global   2        50427        25213        3.4        0          267      50211      4826       4353.16    3013.83

[1;1H[2J
Get Statistics
Type     Time(s)  Ops          TPS(ops/s)   Net(M/s)   Get_miss   Min(us)  Max(us)    Avg(us)    Std_dev    Geo_dist  
Period   1        24263        24263        3.4        0          300      39246      4983       4123.50    3175.31
Global   3        74130        24710        3.3        0          267      50211      4874       4283.32    3062.75

Set Statistics
Type     Time(s)  Ops          TPS(ops/s)   Net(M/s)   Get_miss   Min(us)  Max(us)    Avg(us)    Std_dev    Geo_dist  
Period   1        250          250          0.0        0          395      22966      5215       4318.14    3245.93
Global   3        808          269          0.0        0          392      38119      5195       4095.45    3403.73

Total Statistics
Type     Time(s)  Ops          TPS(ops/s)   Net(M/s)   Get_miss   Min(us)  Max(us)    Avg(us)    Std_dev    Geo_dist  
Period   1        24513        24513        3.4        0          300      39246      4985       4126.22    3177.18
Global   3        74940        24980        3.4        0          267      50211      4878       4280.89    3066.32

[1;1H[2J
Get Statistics
Type     Time(s)  Ops          TPS(ops/s)   Net(M/s)   Get_miss   Min(us)  Max(us)    Avg(us)    Std_dev    Geo_dist  
Period   1        24161        24161        3.4        0          283      49199      5029       4987.75    3116.20
Global   4        98291        24572        3.3        0          267      50211      4913       4466.34    3076.09

Set Statistics
Type     Time(s)  Ops          TPS(ops/s)   Net(M/s)   Get_miss   Min(us)  Max(us)    Avg(us)    Std_dev    Geo_dist  
Period   1        245          245          0.0        0          595      47969      4942       4681.07    3214.99
Global   4        1053         263          0.0        0          392      47969      5136       4238.12    3358.85

Total Statistics
Type     Time(s)  Ops          TPS(ops/s)   Net(M/s)   Get_miss   Min(us)  Max(us)    Avg(us)    Std_dev    Geo_dist  
Period   1        24406        24406        3.4        0          283      49199      5029       4983.97    3118.30
Global   4        99346        24836        3.4        0          267      50211      4915       4464.44    3079.01

[1;1H[2J
Get Statistics
Type     Time(s)  Ops          TPS(ops/s)   Net(M/s)   Get_miss   Min(us)  Max(us)    Avg(us)    Std_dev    Geo_dist  
Period   1        24917        24917        3.4        0          341      69252      4846       4355.52    3009.46
Global   5        123208       24641        3.4        0          267      69252      4899       4444.81    3062.71

Set Statistics
Type     Time(s)  Ops          TPS(ops/s)   Net(M/s)   Get_miss   Min(us)  Max(us)    Avg(us)    Std_dev    Geo_dist  
Period   1        248          248          0.0        0          616      19538      4890       4097.12    3129.87
Global   5        1301         260          0.0        0          392      47969      5089       4211.29    3313.95

Total Statistics
Type     Time(s)  Ops          TPS(ops/s)   Net(M/s)   Get_miss   Min(us)  Max(us)    Avg(us)    Std_dev    Geo_dist  
Period   1        25165        25165        3.4        0          341      69252      4846       4352.76    3007.44
Global   5        124511       24902        3.5        0          267      69252      4901       4442.41    3065.28

[1;1H[2J
Get Statistics
Type     Time(s)  Ops          TPS(ops/s)   Net(M/s)   Get_miss   Min(us)  Max(us)    Avg(us)    Std_dev    Geo_dist  
Period   1        22910        22910        3.3        0          270      149390     5274       8130.52    3011.95
Global   6        146118       24353        3.1        0          267      149390     4958       5200.00    3055.07

Set Statistics
Type     Time(s)  Ops          TPS(ops/s)   Net(M/s)   Get_miss   Min(us)  Max(us)    Avg(us)    Std_dev    Geo_dist  
Period   1        235          235          0.0        0          483      149378     5925       12979.49   3031.87
Global   6        1536         256          0.0        0          392      149378     5217       6386.79    3269.15

Total Statistics
Type     Time(s)  Ops          TPS(ops/s)   Net(M/s)   Get_miss   Min(us)  Max(us)    Avg(us)    Std_dev    Geo_dist  
Period   1        23145        23145        3.4        0          270      149390     5281       8193.91    3013.32
Global   6        147656       24609        3.2        0          267      149390     4961       5213.49    3057.26

[1;1H[2J
Get Statistics
Type     Time(s)  Ops          TPS(ops/s)   Net(M/s)   Get_miss   Min(us)  Max(us)    Avg(us)    Std_dev    Geo_dist  
Period   1        23134        23134        3.3        0          367      59282      5238       4741.14    3270.48
Global   7        169252       24178        3.2        0          267      149390     4996       5140.88    3083.82

Set Statistics
Type     Time(s)  Ops          TPS(ops/s)   Net(M/s)   Get_miss   Min(us)  Max(us)    Avg(us)    Std_dev    Geo_dist  
Period   1        233          233          0.0        0          425      20634      5384       4452.24    3377.37
Global   7        1769         252          0.0        0          392      149378     5239       6166.01    3283.20

Total Statistics
Type     Time(s)  Ops          TPS(ops/s)   Net(M/s)   Get_miss   Min(us)  Max(us)    Avg(us)    Std_dev    Geo_dist  
Period   1        23367        23367        3.4        0          367      59282      5239       4739.01    3272.78
Global   7        171023       24431        3.2        0          267      149390     4999       5152.10    3085.85

[1;1H[2J
Get Statistics
Type     Time(s)  Ops          TPS(ops/s)   Net(M/s)   Get_miss   Min(us)  Max(us)    Avg(us)    Std_dev    Geo_dist  
Period   1        24882        24882        3.3        0          261      50743      4805       4322.95    2986.21
Global   8        194134       24266        3.4        0          261      149390     4972       5043.41    3071.27

Set Statistics
Type     Time(s)  Ops          TPS(ops/s)   Net(M/s)   Get_miss   Min(us)  Max(us)    Avg(us)    Std_dev    Geo_dist  
Period   1        251          251          0.0        0          377      20647      4623       4002.15    2904.17
Global   8        2020         252          0.0        0          377      149378     5162       5943.27    3233.53

Total Statistics
Type     Time(s)  Ops          TPS(ops/s)   Net(M/s)   Get_miss   Min(us)  Max(us)    Avg(us)    Std_dev    Geo_dist  
Period   1        25135        25135        3.4        0          261      50743      4804       4320.34    2986.80
Global   8        196158       24519        3.5        0          261      149390     4974       5053.60    3072.98

[1;1H[2J
Get Statistics
Type     Time(s)  Ops          TPS(ops/s)   Net(M/s)   Get_miss   Min(us)  Max(us)    Avg(us)    Std_dev    Geo_dist  
Period   1        22789        22789        3.3        0          257      138648     5332       8682.51    2975.64
Global   9        216923       24102        3.1        0          257      149390     5010       5540.25    3061.22

Set Statistics
Type     Time(s)  Ops          TPS(ops/s)   Net(M/s)   Get_miss   Min(us)  Max(us)    Avg(us)    Std_dev    Geo_dist  
Period   1        230          230          0.0        0          644      107849     5947       10414.24   3282.79
Global   9        2250         250          0.0        0          377      149378     5243       6542.33    3238.54

Total Statistics
Type     Time(s)  Ops          TPS(ops/s)   Net(M/s)   Get_miss   Min(us)  Max(us)    Avg(us)    Std_dev    Geo_dist  
Period   1        23015        23015        3.3        0          257      138648     5338       8701.72    2978.00
Global   9        219173       24352        3.2        0          257      149390     5012       5551.84    3062.99

[1;1H[2J
Get Statistics
Type     Time(s)  Ops          TPS(ops/s)   Net(M/s)   Get_miss   Min(us)  Max(us)    Avg(us)    Std_dev    Geo_dist  
Period   1        25304        25304        3.3        0          387      50018      4789       3825.83    3173.08
Global   10       242227       24222        3.5        0          257      149390     4987       5387.07    3072.72

Set Statistics
Type     Time(s)  Ops          TPS(ops/s)   Net(M/s)   Get_miss   Min(us)  Max(us)    Avg(us)    Std_dev    Geo_dist  
Period   1        263          263          0.0        0          644      19344      4896       3628.59    3338.57
Global   10       2513         251          0.0        0          377      149378     5206       6301.79    3248.86

Total Statistics
Type     Time(s)  Ops          TPS(ops/s)   Net(M/s)   Get_miss   Min(us)  Max(us)    Avg(us)    Std_dev    Geo_dist  
Period   1        25569        25569        3.4        0          387      50018      4790       3823.56    3174.51
Global   10       244742       24474        3.5        0          257      149390     4989       5397.47    3074.45

[1;1H[2J
Get Statistics
Type     Time(s)  Ops          TPS(ops/s)   Net(M/s)   Get_miss   Min(us)  Max(us)    Avg(us)    Std_dev    Geo_dist  
Period   1        25515        25515        3.3        0          310      41782      4720       4003.74    2989.55
Global   11       267742       24340        3.5        0          257      149390     4961       5272.02    3064.86

Set Statistics
Type     Time(s)  Ops          TPS(ops/s)   Net(M/s)   Get_miss   Min(us)  Max(us)    Avg(us)    Std_dev    Geo_dist  
Period   1        252          252          0.0        0          563      20145      4787       3914.37    3102.11
Global   11       2765         251          0.0        0          377      149378     5168       6123.39    3235.21

Total Statistics
Type     Time(s)  Ops          TPS(ops/s)   Net(M/s)   Get_miss   Min(us)  Max(us)    Avg(us)    Std_dev    Geo_dist  
Period   1        25767        25767        3.4        0          310      41782      4722       4001.83    2991.90
Global   11       270509       24591        3.5        0          257      149390     4963       5281.56    3066.57

[1;1H[2J
Get Statistics
Type     Time(s)  Ops          TPS(ops/s)   Net(M/s)   Get_miss   Min(us)  Max(us)    Avg(us)    Std_dev    Geo_dist  
Period   1        25058        25058        3.4        0          283      39899      4808       4037.70    3036.82
Global   12       292800       24400        3.4        0          257      149390     4948       5178.01    3062.54

Set Statistics
Type     Time(s)  Ops          TPS(ops/s)   Net(M/s)   Get_miss   Min(us)  Max(us)    Avg(us)    Std_dev    Geo_dist  
Period   1        253          253          0.0        0          491      22298      5378       3916.23    3537.76
Global   12       3018         251          0.0        0          377      149378     5186       5969.24    3259.54

Total Statistics
Type     Time(s)  Ops          TPS(ops/s)   Net(M/s)   Get_miss   Min(us)  Max(us)    Avg(us)    Std_dev    Geo_dist  
Period   1        25313        25313        3.4        0          283      39899      4815       4035.90    3042.79
Global   12       295822       24651        3.5        0          257      149390     4951       5186.22    3064.53

[1;1H[2J
Get Statistics
Type     Time(s)  Ops          TPS(ops/s)   Net(M/s)   Get_miss   Min(us)  Max(us)    Avg(us)    Std_dev    Geo_dist  
Period   1        24831        24831        3.4        0          335      80498      4848       4425.81    3023.07
Global   13       317631       24433        3.4        0          257      149390     4940       5123.49    3059.70

Set Statistics
Type     Time(s)  Ops          TPS(ops/s)   Net(M/s)   Get_miss   Min(us)  Max(us)    Avg(us)    Std_dev    Geo_dist  
Period   1        247          247          0.0        0          472      78543      4727       6221.34    2809.39
Global   13       3265         251          0.0        0          377      149378     5151       5989.17    3223.10

Total Statistics
Type     Time(s)  Ops          TPS(ops/s)   Net(M/s)   Get_miss   Min(us)  Max(us)    Avg(us)    Std_dev    Geo_dist  
Period   1        25076        25076        3.4        0          335      80498      4847       4447.12    3022.83
Global   13       320898       24684        3.4        0          257      149390     4943       5132.26    3061.34

[1;1H[2J
Get Statistics
Type     Time(s)  Ops          TPS(ops/s)   Net(M/s)   Get_miss   Min(us)  Max(us)    Avg(us)    Std_dev    Geo_dist  
Period   1        24970        24970        3.4        0          310      49050      4728       4366.37    2892.46
Global   14       342601       24471        3.4        0          257      149390     4925       5072.03    3047.35

Set Statistics
Type     Time(s)  Ops          TPS(ops/s)   Net(M/s)   Get_miss   Min(us)  Max(us)    Avg(us)    Std_dev    Geo_dist  
Period   1        264          264          0.0        0          485      28469      4728       4290.71    2934.97
Global   14       3529         252          0.0        0          377      149378     5119       5880.00    3200.60

Total Statistics
Type     Time(s)  Ops          TPS(ops/s)   Net(M/s)   Get_miss   Min(us)  Max(us)    Avg(us)    Std_dev    Geo_dist  
Period   1        25232        25232        3.4        0          310      49050      4728       4365.53    2893.69
Global   14       346130       24723        3.5        0          257      149390     4927       5080.92    3048.87

[1;1H[2J
Get Statistics
Type     Time(s)  Ops          TPS(ops/s)   Net(M/s)   Get_miss   Min(us)  Max(us)    Avg(us)    Std_dev    Geo_dist  
Period   1        25169        25169        3.4        0          283      61989      4818       4143.08    3051.71
Global   15       367770       24518        3.5        0          257      149390     4918       5013.68    3047.57

Set Statistics
Type     Time(s)  Ops          TPS(ops/s)   Net(M/s)   Get_miss   Min(us)  Max(us)    Avg(us)    Std_dev    Geo_dist  
Period   1        249          249          0.0        0          568      37831      4974       4727.73    3068.66
Global   15       3778         251          0.0        0          377      149378     5110       5810.19    3191.73

Total Statistics
Type     Time(s)  Ops          TPS(ops/s)   Net(M/s)   Get_miss   Min(us)  Max(us)    Avg(us)    Std_dev    Geo_dist  
Period   1        25421        25421        3.4        0          283      61989      4820       4148.41    3050.08
Global   15       371551       24770        3.5        0          257      149390     4920       5022.41    3049.03

[1;1H[2J
Get Statistics
Type     Time(s)  Ops          TPS(ops/s)   Net(M/s)   Get_miss   Min(us)  Max(us)    Avg(us)    Std_dev    Geo_dist  
Period   1        24332        24332        3.4        0          339      32687      4992       4090.81    3241.91
Global   16       392102       24506        3.3        0          257      149390     4922       4962.06    3059.43

Set Statistics
Type     Time(s)  Ops          TPS(ops/s)   Net(M/s)   Get_miss   Min(us)  Max(us)    Avg(us)    Std_dev    Geo_dist  
Period   1        248          248          0.0        0          475      20028      5256       3979.58    3546.22
Global   16       4026         251          0.0        0          377      149378     5119       5714.14    3212.51

Total Statistics
Type     Time(s)  Ops          TPS(ops/s)   Net(M/s)   Get_miss   Min(us)  Max(us)    Avg(us)    Std_dev    Geo_dist  
Period   1        24579        24579        3.4        0          339      32687      4994       4089.89    3243.50
Global   16       396130       24758        3.4        0          257      149390     4924       4970.31    3060.96

[1;1H[2J
Get Statistics
Type     Time(s)  Ops          TPS(ops/s)   Net(M/s)   Get_miss   Min(us)  Max(us)    Avg(us)    Std_dev    Geo_dist  
Period   1        25666        25666        3.4        0          324      41649      4709       3953.12    2963.10
Global   17       417768       24574        3.5        0          257      149390     4909       4906.26    3053.55

Set Statistics
Type     Time(s)  Ops          TPS(ops/s)   Net(M/s)   Get_miss   Min(us)  Max(us)    Avg(us)    Std_dev    Geo_dist  
Period   1        247          247          0.0        0          518      20044      5469       4196.72    3502.58
Global   17       4273         251          0.0        0          377      149378     5139       5637.97    3228.60

Total Statistics
Type     Time(s)  Ops          TPS(ops/s)   Net(M/s)   Get_miss   Min(us)  Max(us)    Avg(us)    Std_dev    Geo_dist  
Period   1        25913        25913        3.4        0          324      41649      4717       3955.51    2968.85
Global   17       422043       24826        3.6        0          257      149390     4912       4913.60    3055.29

[1;1H[2J
Get Statistics
Type     Time(s)  Ops          TPS(ops/s)   Net(M/s)   Get_miss   Min(us)  Max(us)    Avg(us)    Std_dev    Geo_dist  
Period   1        23414        23414        3.4        0          296      88554      5168       4906.48    3155.28
Global   18       441182       24510        3.2        0          257      149390     4923       4906.37    3058.93

Set Statistics
Type     Time(s)  Ops          TPS(ops/s)   Net(M/s)   Get_miss   Min(us)  Max(us)    Avg(us)    Std_dev    Geo_dist  
Period   1        249          249          0.0        0          499      39380      5548       5407.84    3377.94
Global   18       4522         251          0.0        0          377      149378     5162       5625.30    3236.65

Total Statistics
Type     Time(s)  Ops          TPS(ops/s)   Net(M/s)   Get_miss   Min(us)  Max(us)    Avg(us)    Std_dev    Geo_dist  
Period   1        23662        23662        3.4        0          296      88554      5172       4912.25    3158.62
Global   18       445705       24761        3.2        0          257      149390     4925       4914.67    3060.69

[1;1H[2J
Get Statistics
Type     Time(s)  Ops          TPS(ops/s)   Net(M/s)   Get_miss   Min(us)  Max(us)    Avg(us)    Std_dev    Geo_dist  
Period   1        24824        24824        3.4        0          229      119527     4935       4766.15    3037.36
Global   19       466006       24526        3.4        0          229      149390     4924       4898.65    3057.83

Set Statistics
Type     Time(s)  Ops          TPS(ops/s)   Net(M/s)   Get_miss   Min(us)  Max(us)    Avg(us)    Std_dev    Geo_dist  
Period   1        246          246          0.0        0          483      49642      4846       4767.76    3028.01
Global   19       4768         250          0.0        0          377      149378     5145       5584.93    3225.54

Total Statistics
Type     Time(s)  Ops          TPS(ops/s)   Net(M/s)   Get_miss   Min(us)  Max(us)    Avg(us)    Std_dev    Geo_dist  
Period   1        25073        25073        3.4        0          229      119527     4935       4765.52    3037.65
Global   19       470778       24777        3.4        0          229      149390     4926       4906.38    3059.51

[1;1H[2J
Get Statistics
Type     Time(s)  Ops          TPS(ops/s)   Net(M/s)   Get_miss   Min(us)  Max(us)    Avg(us)    Std_dev    Geo_dist  
Period   1        24448        24448        3.4        0          289      50741      4973       4293.65    3129.54
Global   20       490454       24522        3.4        0          229      149390     4926       4870.73    3061.43

Set Statistics
Type     Time(s)  Ops          TPS(ops/s)   Net(M/s)   Get_miss   Min(us)  Max(us)    Avg(us)    Std_dev    Geo_dist  
Period   1        249          249          0.0        0          528      37555      5348       5180.44    3290.98
Global   20       5017         250          0.0        0          377      149378     5155       5565.30    3228.76

Total Statistics
Type     Time(s)  Ops          TPS(ops/s)   Net(M/s)   Get_miss   Min(us)  Max(us)    Avg(us)    Std_dev    Geo_dist  
Period   1        24695        24695        3.4        0          289      50741      4976       4304.15    3130.87
Global   20       495473       24773        3.4        0          229      149390     4929       4877.62    3063.03

[1;1H[2J
Get Statistics
Type     Time(s)  Ops          TPS(ops/s)   Net(M/s)   Get_miss   Min(us)  Max(us)    Avg(us)    Std_dev    Geo_dist  
Period   1        24775        24775        3.4        0          325      65388      4863       4080.66    3091.16
Global   21       515229       24534        3.4        0          229      149390     4923       4835.70    3062.90

Set Statistics
Type     Time(s)  Ops          TPS(ops/s)   Net(M/s)   Get_miss   Min(us)  Max(us)    Avg(us)    Std_dev    Geo_dist  
Period   1        250          250          0.0        0          606      18795      4705       3741.00    3072.22
Global   21       5267         250          0.0        0          377      149378     5134       5492.67    3221.15

Total Statistics
Type     Time(s)  Ops          TPS(ops/s)   Net(M/s)   Get_miss   Min(us)  Max(us)    Avg(us)    Std_dev    Geo_dist  
Period   1        25025        25025        3.4        0          325      65388      4861       4078.22    3092.09
Global   21       520498       24785        3.4        0          229      149390     4925       4842.98    3064.48

[1;1H[2J
Get Statistics
Type     Time(s)  Ops          TPS(ops/s)   Net(M/s)   Get_miss   Min(us)  Max(us)    Avg(us)    Std_dev    Geo_dist  
Period   1        24498        24498        3.4        0          297      39799      4932       3813.34    3284.96
Global   22       539727       24533        3.4        0          229      149390     4924       4793.43    3072.70

Set Statistics
Type     Time(s)  Ops          TPS(ops/s)   Net(M/s)   Get_miss   Min(us)  Max(us)    Avg(us)    Std_dev    Geo_dist  
Period   1        244          244          0.0        0          543      12268      5071       3620.18    3529.40
Global   22       5511         250          0.0        0          377      149378     5131       5423.44    3234.21

Total Statistics
Type     Time(s)  Ops          TPS(ops/s)   Net(M/s)   Get_miss   Min(us)  Max(us)    Avg(us)    Std_dev    Geo_dist  
Period   1        24742        24742        3.4        0          297      39799      4934       3810.85    3288.46
Global   22       545240       24783        3.4        0          229      149390     4926       4800.35    3074.30

[1;1H[2J
Get Statistics
Type     Time(s)  Ops          TPS(ops/s)   Net(M/s)   Get_miss   Min(us)  Max(us)    Avg(us)    Std_dev    Geo_dist  
Period   1        24643        24643        3.4        0          351      49581      4938       4313.09    3113.96
Global   23       564370       24537        3.4        0          229      149390     4924       4774.11    3074.59

Set Statistics
Type     Time(s)  Ops          TPS(ops/s)   Net(M/s)   Get_miss   Min(us)  Max(us)    Avg(us)    Std_dev    Geo_dist  
Period   1        248          248          0.0        0          419      19390      5471       4056.95    3529.45
Global   23       5759         250          0.0        0          377      149378     5146       5371.59    3246.40

Total Statistics
Type     Time(s)  Ops          TPS(ops/s)   Net(M/s)   Get_miss   Min(us)  Max(us)    Avg(us)    Std_dev    Geo_dist  
Period   1        24893        24893        3.4        0          351      49581      4944       4310.53    3119.20
Global   23       570133       24788        3.4        0          229      149390     4926       4780.83    3076.30

[1;1H[2J
Get Statistics
Type     Time(s)  Ops          TPS(ops/s)   Net(M/s)   Get_miss   Min(us)  Max(us)    Avg(us)    Std_dev    Geo_dist  
Period   1        24276        24276        3.4        0          380      40984      5002       4038.95    3213.92
Global   24       588646       24526        3.3        0          229      149390     4927       4746.34    3080.40

Set Statistics
Type     Time(s)  Ops          TPS(ops/s)   Net(M/s)   Get_miss   Min(us)  Max(us)    Avg(us)    Std_dev    Geo_dist  
Period   1        248          248          0.0        0          453      12913      4770       3839.95    3131.58
Global   24       6007         250          0.0        0          377      149378     5130       5317.84    3241.58

Total Statistics
Type     Time(s)  Ops          TPS(ops/s)   Net(M/s)   Get_miss   Min(us)  Max(us)    Avg(us)    Std_dev    Geo_dist  
Period   1        24522        24522        3.4        0          380      40984      5001       4036.10    3216.39
Global   24       594655       24777        3.4        0          229      149390     4930       4751.51    3082.00

[1;1H[2J
Get Statistics
Type     Time(s)  Ops          TPS(ops/s)   Net(M/s)   Get_miss   Min(us)  Max(us)    Avg(us)    Std_dev    Geo_dist  
Period   1        25240        25240        3.4        0          322      52516      4790       4109.22    3028.86
Global   25       613886       24555        3.5        0          229      149390     4922       4721.26    3078.31

Set Statistics
Type     Time(s)  Ops          TPS(ops/s)   Net(M/s)   Get_miss   Min(us)  Max(us)    Avg(us)    Std_dev    Geo_dist  
Period   1        252          252          0.0        0          503      21205      5176       3975.58    3406.09
Global   25       6259         250          0.0        0          377      149378     5132       5270.02    3248.04

Total Statistics
Type     Time(s)  Ops          TPS(ops/s)   Net(M/s)   Get_miss   Min(us)  Max(us)    Avg(us)    Std_dev    Geo_dist  
Period   1        25491        25491        3.4        0          322      52516      4794       4107.94    3033.32
Global   25       620146       24805        3.5        0          229      149390     4924       4727.29    3079.98

[1;1H[2J
Get Statistics
Type     Time(s)  Ops          TPS(ops/s)   Net(M/s)   Get_miss   Min(us)  Max(us)    Avg(us)    Std_dev    Geo_dist  
Period   1        24914        24914        3.4        0          282      32814      4817       3760.92    3167.31
Global   26       638800       24569        3.4        0          229      149390     4918       4687.45    3081.77

Set Statistics
Type     Time(s)  Ops          TPS(ops/s)   Net(M/s)   Get_miss   Min(us)  Max(us)    Avg(us)    Std_dev    Geo_dist  
Period   1        250          250          0.0        0          585      17548      4977       3800.09    3322.16
Global   26       6509         250          0.0        0          377      149378     5126       5221.13    3250.86

Total Statistics
Type     Time(s)  Ops          TPS(ops/s)   Net(M/s)   Get_miss   Min(us)  Max(us)    Avg(us)    Std_dev    Geo_dist  
Period   1        25163        25163        3.4        0          282      32814      4818       3761.94    3168.71
Global   26       645309       24819        3.5        0          229      149390     4920       4693.28    3083.44

[1;1H[2J
Get Statistics
Type     Time(s)  Ops          TPS(ops/s)   Net(M/s)   Get_miss   Min(us)  Max(us)    Avg(us)    Std_dev    Geo_dist  
Period   1        25882        25882        3.4        0          343      59684      4672       4155.04    2868.36
Global   27       664682       24617        3.6        0          229      149390     4908       4668.53    3073.18

Set Statistics
Type     Time(s)  Ops          TPS(ops/s)   Net(M/s)   Get_miss   Min(us)  Max(us)    Avg(us)    Std_dev    Geo_dist  
Period   1        267          267          0.0        0          484      30148      4849       4055.29    3070.73
Global   27       6776         250          0.0        0          377      149378     5115       5180.28    3243.57

Total Statistics
Type     Time(s)  Ops          TPS(ops/s)   Net(M/s)   Get_miss   Min(us)  Max(us)    Avg(us)    Std_dev    Geo_dist  
Period   1        26150        26150        3.4        0          343      59684      4674       4153.88    2870.47
Global   27       671459       24868        3.6        0          229      149390     4910       4674.12    3074.85

[1;1H[2J
Get Statistics
Type     Time(s)  Ops          TPS(ops/s)   Net(M/s)   Get_miss   Min(us)  Max(us)    Avg(us)    Std_dev    Geo_dist  
Period   1        24902        24902        3.4        0          330      105658     4823       4552.10    2932.74
Global   28       689584       24628        3.4        0          229      149390     4905       4664.34    3068.03

Set Statistics
Type     Time(s)  Ops          TPS(ops/s)   Net(M/s)   Get_miss   Min(us)  Max(us)    Avg(us)    Std_dev    Geo_dist  
Period   1        257          257          0.0        0          373      20782      4477       3989.91    2746.55
Global   28       7033         251          0.0        0          373      149378     5092       5142.49    3223.91

Total Statistics
Type     Time(s)  Ops          TPS(ops/s)   Net(M/s)   Get_miss   Min(us)  Max(us)    Avg(us)    Std_dev    Geo_dist  
Period   1        25160        25160        3.4        0          330      105658     4820       4546.27    2930.89
Global   28       696619       24879        3.5        0          229      149390     4907       4669.33    3069.57

[1;1H[2J
Get Statistics
Type     Time(s)  Ops          TPS(ops/s)   Net(M/s)   Get_miss   Min(us)  Max(us)    Avg(us)    Std_dev    Geo_dist  
Period   1        24502        24502        3.4        0          291      37510      4967       4043.52    3190.08
Global   29       714086       24623        3.4        0          229      149390     4907       4644.57    3072.18

Set Statistics
Type     Time(s)  Ops          TPS(ops/s)   Net(M/s)   Get_miss   Min(us)  Max(us)    Avg(us)    Std_dev    Geo_dist  
Period   1        249          249          0.0        0          419      23252      5311       4240.70    3484.18
Global   29       7282         251          0.0        0          373      149378     5099       5114.68    3232.48

Total Statistics
Type     Time(s)  Ops          TPS(ops/s)   Net(M/s)   Get_miss   Min(us)  Max(us)    Avg(us)    Std_dev    Geo_dist  
Period   1        24751        24751        3.4        0          291      37510      4971       4045.23    3194.06
Global   29       721370       24874        3.4        0          229      149390     4909       4649.53    3073.76

[1;1H[2J
Get Statistics
Type     Time(s)  Ops          TPS(ops/s)   Net(M/s)   Get_miss   Min(us)  Max(us)    Avg(us)    Std_dev    Geo_dist  
Period   1        25745        25745        3.4        0          256      49405      4739       4027.32    3018.17
Global   30       739831       24661        3.5        0          229      149390     4901       4624.75    3070.32

Set Statistics
Type     Time(s)  Ops          TPS(ops/s)   Net(M/s)   Get_miss   Min(us)  Max(us)    Avg(us)    Std_dev    Geo_dist  
Period   1        247          247          0.0        0          347      28229      5120       4220.58    3300.72
Global   30       7529         250          0.0        0          347      149378     5100       5087.29    3234.70

Total Statistics
Type     Time(s)  Ops          TPS(ops/s)   Net(M/s)   Get_miss   Min(us)  Max(us)    Avg(us)    Std_dev    Geo_dist  
Period   1        25994        25994        3.4        0          256      49405      4743       4029.48    3022.03
Global   30       747364       24912        3.6        0          229      149390     4903       4629.69    3071.95

[1;1H[2J
Get Statistics
Type     Time(s)  Ops          TPS(ops/s)   Net(M/s)   Get_miss   Min(us)  Max(us)    Avg(us)    Std_dev    Geo_dist  
Period   1        25051        25051        3.4        0          255      50393      4833       4167.18    3039.15
Global   31       764882       24673        3.4        0          229      149390     4899       4610.25    3069.29

Set Statistics
Type     Time(s)  Ops          TPS(ops/s)   Net(M/s)   Get_miss   Min(us)  Max(us)    Avg(us)    Std_dev    Geo_dist  
Period   1        255          255          0.0        0          401      19785      5038       4022.92    3261.92
Global   31       7784         251          0.0        0          347      149378     5098       5055.75    3235.59

Total Statistics
Type     Time(s)  Ops          TPS(ops/s)   Net(M/s)   Get_miss   Min(us)  Max(us)    Avg(us)    Std_dev    Geo_dist  
Period   1        25304        25304        3.4        0          255      50393      4835       4165.54    3041.07
Global   31       772668       24924        3.5        0          229      149390     4901       4615.00    3070.93

[1;1H[2J
Get Statistics
Type     Time(s)  Ops          TPS(ops/s)   Net(M/s)   Get_miss   Min(us)  Max(us)    Avg(us)    Std_dev    Geo_dist  
Period   1        24783        24783        3.4        0          322      60801      4895       4173.07    3147.13
Global   32       789665       24677        3.4        0          229      149390     4899       4597.04    3071.78

Set Statistics
Type     Time(s)  Ops          TPS(ops/s)   Net(M/s)   Get_miss   Min(us)  Max(us)    Avg(us)    Std_dev    Geo_dist  
Period   1        253          253          0.0        0          463      19924      5099       4166.28    3307.91
Global   32       8037         251          0.0        0          347      149378     5098       5029.96    3237.84

Total Statistics
Type     Time(s)  Ops          TPS(ops/s)   Net(M/s)   Get_miss   Min(us)  Max(us)    Avg(us)    Std_dev    Geo_dist  
Period   1        25036        25036        3.4        0          322      60801      4897       4172.95    3149.70
Global   32       797704       24928        3.4        0          229      149390     4901       4601.65    3073.41

[1;1H[2J
Get Statistics
Type     Time(s)  Ops          TPS(ops/s)   Net(M/s)   Get_miss   Min(us)  Max(us)    Avg(us)    Std_dev    Geo_dist  
Period   1        24956        24956        3.4        0          331      49758      4830       4097.41    3099.61
Global   33       814621       24685        3.4        0          229      149390     4897       4582.44    3072.69

Set Statistics
Type     Time(s)  Ops          TPS(ops/s)   Net(M/s)   Get_miss   Min(us)  Max(us)    Avg(us)    Std_dev    Geo_dist  
Period   1        253          253          0.0        0          607      18045      5068       3802.61    3370.51
Global   33       8290         251          0.0        0          347      149378     5097       4996.87    3241.81

Total Statistics
Type     Time(s)  Ops          TPS(ops/s)   Net(M/s)   Get_miss   Min(us)  Max(us)    Avg(us)    Std_dev    Geo_dist  
Period   1        25209        25209        3.4        0          331      49758      4832       4094.95    3103.05
Global   33       822913       24936        3.5        0          229      149390     4899       4586.85    3074.34

[1;1H[2J
Get Statistics
Type     Time(s)  Ops          TPS(ops/s)   Net(M/s)   Get_miss   Min(us)  Max(us)    Avg(us)    Std_dev    Geo_dist  
Period   1        24008        24008        3.4        0          321      98295      5036       4812.08    3052.66
Global   34       838629       24665        3.3        0          229      149390     4901       4589.21    3072.14

Set Statistics
Type     Time(s)  Ops          TPS(ops/s)   Net(M/s)   Get_miss   Min(us)  Max(us)    Avg(us)    Std_dev    Geo_dist  
Period   1        237          237          0.0        0          416      29408      5249       4835.70    3194.71
Global   34       8527         250          0.0        0          347      149378     5101       4992.48    3240.49

Total Statistics
Type     Time(s)  Ops          TPS(ops/s)   Net(M/s)   Get_miss   Min(us)  Max(us)    Avg(us)    Std_dev    Geo_dist  
Period   1        24247        24247        3.4        0          321      98295      5038       4812.93    3055.55
Global   34       847160       24916        3.3        0          229      149390     4903       4593.51    3073.80

[1;1H[2J
Get Statistics
Type     Time(s)  Ops          TPS(ops/s)   Net(M/s)   Get_miss   Min(us)  Max(us)    Avg(us)    Std_dev    Geo_dist  
Period   1        24833        24833        3.4        0          238      59108      4888       4194.04    3098.88
Global   35       863462       24670        3.4        0          229      149390     4901       4577.95    3073.03

Set Statistics
Type     Time(s)  Ops          TPS(ops/s)   Net(M/s)   Get_miss   Min(us)  Max(us)    Avg(us)    Std_dev    Geo_dist  
Period   1        257          257          0.0        0          459      19156      4884       4064.08    3119.55
Global   35       8784         250          0.0        0          347      149378     5095       4967.37    3236.89

Total Statistics
Type     Time(s)  Ops          TPS(ops/s)   Net(M/s)   Get_miss   Min(us)  Max(us)    Avg(us)    Std_dev    Geo_dist  
Period   1        25087        25087        3.4        0          238      59108      4888       4192.91    3101.84
Global   35       872247       24921        3.4        0          229      149390     4903       4582.02    3074.64

[1;1H[2J
Get Statistics
Type     Time(s)  Ops          TPS(ops/s)   Net(M/s)   Get_miss   Min(us)  Max(us)    Avg(us)    Std_dev    Geo_dist  
Period   1        24546        24546        3.4        0          323      34319      4922       3977.42    3191.95
Global   36       888008       24666        3.4        0          229      149390     4901       4563.04    3076.29

Set Statistics
Type     Time(s)  Ops          TPS(ops/s)   Net(M/s)   Get_miss   Min(us)  Max(us)    Avg(us)    Std_dev    Geo_dist  
Period   1        248          248          0.0        0          564      20591      4723       3903.55    3088.14
Global   36       9032         250          0.0        0          347      149378     5085       4941.20    3232.71

Total Statistics
Type     Time(s)  Ops          TPS(ops/s)   Net(M/s)   Get_miss   Min(us)  Max(us)    Avg(us)    Std_dev    Geo_dist  
Period   1        24795        24795        3.4        0          323      34319      4920       3977.17    3192.18
Global   36       897042       24917        3.4        0          229      149390     4903       4566.88    3077.83

[1;1H[2J
Get Statistics
Type     Time(s)  Ops          TPS(ops/s)   Net(M/s)   Get_miss   Min(us)  Max(us)    Avg(us)    Std_dev    Geo_dist  
Period   1        25496        25496        3.4        0          235      41375      4742       4050.63    2998.62
Global   37       913504       24689        3.5        0          229      149390     4897       4549.13    3074.12

Set Statistics
Type     Time(s)  Ops          TPS(ops/s)   Net(M/s)   Get_miss   Min(us)  Max(us)    Avg(us)    Std_dev    Geo_dist  
Period   1        260          260          0.0        0          626      12158      4902       3805.89    3205.02
Global   37       9292         251          0.0        0          347      149378     5080       4912.80    3231.93

Total Statistics
Type     Time(s)  Ops          TPS(ops/s)   Net(M/s)   Get_miss   Min(us)  Max(us)    Avg(us)    Std_dev    Geo_dist  
Period   1        25756        25756        3.4        0          235      41375      4744       4048.98    3001.73
Global   37       922798       24940        3.5        0          229      149390     4899       4552.83    3075.68

[1;1H[2J
Get Statistics
Type     Time(s)  Ops          TPS(ops/s)   Net(M/s)   Get_miss   Min(us)  Max(us)    Avg(us)    Std_dev    Geo_dist  
Period   1        25077        25077        3.4        0          354      78556      4837       4563.62    2939.50
Global   38       938581       24699        3.4        0          229      149390     4895       4549.99    3070.48

Set Statistics
Type     Time(s)  Ops          TPS(ops/s)   Net(M/s)   Get_miss   Min(us)  Max(us)    Avg(us)    Std_dev    Geo_dist  
Period   1        258          258          0.0        0          442      40882      5614       4872.41    3521.32
Global   38       9550         251          0.0        0          347      149378     5094       4912.67    3239.43

Total Statistics
Type     Time(s)  Ops          TPS(ops/s)   Net(M/s)   Get_miss   Min(us)  Max(us)    Avg(us)    Std_dev    Geo_dist  
Period   1        25335        25335        3.4        0          354      78556      4845       4565.93    2943.70
Global   38       948133       24950        3.5        0          229      149390     4897       4553.82    3072.14

[1;1H[2J
Get Statistics
Type     Time(s)  Ops          TPS(ops/s)   Net(M/s)   Get_miss   Min(us)  Max(us)    Avg(us)    Std_dev    Geo_dist  
Period   1        25463        25463        3.4        0          313      97328      4745       4578.40    2858.15
Global   39       964044       24719        3.5        0          229      149390     4891       4550.84    3064.70

Set Statistics
Type     Time(s)  Ops          TPS(ops/s)   Net(M/s)   Get_miss   Min(us)  Max(us)    Avg(us)    Std_dev    Geo_dist  
Period   1        247          247          0.0        0          366      20390      5074       3962.49    3273.56
Global   39       9797         251          0.0        0          347      149378     5094       4890.29    3240.28

Total Statistics
Type     Time(s)  Ops          TPS(ops/s)   Net(M/s)   Get_miss   Min(us)  Max(us)    Avg(us)    Std_dev    Geo_dist  
Period   1        25709        25709        3.4        0          313      97328      4748       4573.50    2861.91
Global   39       973842       24970        3.5        0          229      149390     4893       4554.48    3066.42

[1;1H[2J
Get Statistics
Type     Time(s)  Ops          TPS(ops/s)   Net(M/s)   Get_miss   Min(us)  Max(us)    Avg(us)    Std_dev    Geo_dist  
Period   1        24622        24622        3.4        0          344      41657      4921       4115.98    3087.38
Global   40       988666       24716        3.4        0          229      149390     4892       4540.26    3065.29

Set Statistics
Type     Time(s)  Ops          TPS(ops/s)   Net(M/s)   Get_miss   Min(us)  Max(us)    Avg(us)    Std_dev    Geo_dist  
Period   1        248          248          0.0        0          464      20876      4928       4085.08    3182.89
Global   40       10045        251          0.0        0          347      149378     5090       4871.81    3238.85

Total Statistics
Type     Time(s)  Ops          TPS(ops/s)   Net(M/s)   Get_miss   Min(us)  Max(us)    Avg(us)    Std_dev    Geo_dist  
Period   1        24872        24872        3.4        0          344      41657      4922       4114.51    3088.52
Global   40       998714       24967        3.4        0          229      149390     4894       4543.75    3067.00

[1;1H[2J
Get Statistics
Type     Time(s)  Ops          TPS(ops/s)   Net(M/s)   Get_miss   Min(us)  Max(us)    Avg(us)    Std_dev    Geo_dist  
Period   1        25004        25004        3.4        0          294      31762      4814       4069.41    3063.17
Global   41       1013670      24723        3.4        0          229      149390     4890       4529.35    3065.32

Set Statistics
Type     Time(s)  Ops          TPS(ops/s)   Net(M/s)   Get_miss   Min(us)  Max(us)    Avg(us)    Std_dev    Geo_dist  
Period   1        250          250          0.0        0          569      25859      4946       4269.13    3183.97
Global   41       10295        251          0.0        0          347      149378     5086       4858.45    3237.51

Total Statistics
Type     Time(s)  Ops          TPS(ops/s)   Net(M/s)   Get_miss   Min(us)  Max(us)    Avg(us)    Std_dev    Geo_dist  
Period   1        25255        25255        3.4        0          294      31762      4816       4071.16    3066.62
Global   41       1023969      24974        3.5        0          229      149390     4892       4532.79    3067.01

[1;1H[2J
Get Statistics
Type     Time(s)  Ops          TPS(ops/s)   Net(M/s)   Get_miss   Min(us)  Max(us)    Avg(us)    Std_dev    Geo_dist  
Period   1        24738        24738        3.4        0          250      51565      4870       4179.09    3070.69
Global   42       1038408      24724        3.4        0          229      149390     4890       4520.81    3065.47

Set Statistics
Type     Time(s)  Ops          TPS(ops/s)   Net(M/s)   Get_miss   Min(us)  Max(us)    Avg(us)    Std_dev    Geo_dist  
Period   1        253          253          0.0        0          371      39405      5005       4477.97    3127.67
Global   42       10548        251          0.0        0          347      149378     5084       4849.55    3234.83

Total Statistics
Type     Time(s)  Ops          TPS(ops/s)   Net(M/s)   Get_miss   Min(us)  Max(us)    Avg(us)    Std_dev    Geo_dist  
Period   1        24988        24988        3.4        0          250      51565      4871       4182.48    3070.96
Global   42       1048957      24975        3.4        0          229      149390     4892       4524.22    3067.13

[1;1H[2J
Get Statistics
Type     Time(s)  Ops          TPS(ops/s)   Net(M/s)   Get_miss   Min(us)  Max(us)    Avg(us)    Std_dev    Geo_dist  
Period   1        24761        24761        3.4        0          281      86604      4885       4477.92    3046.39
Global   43       1063169      24724        3.4        0          229      149390     4890       4519.70    3065.03

Set Statistics
Type     Time(s)  Ops          TPS(ops/s)   Net(M/s)   Get_miss   Min(us)  Max(us)    Avg(us)    Std_dev    Geo_dist  
Period   1        253          253          0.0        0          545      38878      4594       4467.36    2834.71
Global   43       10801        251          0.0        0          347      149378     5073       4840.82    3224.84

Total Statistics
Type     Time(s)  Ops          TPS(ops/s)   Net(M/s)   Get_miss   Min(us)  Max(us)    Avg(us)    Std_dev    Geo_dist  
Period   1        25014        25014        3.4        0          281      86604      4882       4477.52    3043.06
Global   43       1073971      24976        3.4        0          229      149390     4891       4523.98    3066.60

[1;1H[2J
Get Statistics
Type     Time(s)  Ops          TPS(ops/s)   Net(M/s)   Get_miss   Min(us)  Max(us)    Avg(us)    Std_dev    Geo_dist  
Period   1        24289        24289        3.4        0          252      55699      4960       4391.59    3112.51
Global   44       1087458      24714        3.3        0          229      149390     4891       4517.49    3066.10

Set Statistics
Type     Time(s)  Ops          TPS(ops/s)   Net(M/s)   Get_miss   Min(us)  Max(us)    Avg(us)    Std_dev    Geo_dist  
Period   1        243          243          0.0        0          517      22938      4852       3880.87    3224.75
Global   44       11044        251          0.0        0          347      149378     5068       4821.87    3224.84

Total Statistics
Type     Time(s)  Ops          TPS(ops/s)   Net(M/s)   Get_miss   Min(us)  Max(us)    Avg(us)    Std_dev    Geo_dist  
Period   1        24534        24534        3.4        0          252      55699      4960       4385.92    3114.95
Global   44       1098505      24966        3.4        0          229      149390     4893       4520.45    3067.67

[1;1H[2J
Get Statistics
Type     Time(s)  Ops          TPS(ops/s)   Net(M/s)   Get_miss   Min(us)  Max(us)    Avg(us)    Std_dev    Geo_dist  
Period   1        23791        23791        3.4        0          344      52135      5090       4854.13    3175.32
Global   45       1111249      24694        3.3        0          229      149390     4895       4525.35    3068.48

Set Statistics
Type     Time(s)  Ops          TPS(ops/s)   Net(M/s)   Get_miss   Min(us)  Max(us)    Avg(us)    Std_dev    Geo_dist  
Period   1        242          242          0.0        0          517      42785      5567       5210.85    3577.46
Global   45       11286        250          0.0        0          347      149378     5078       4831.57    3232.02

Total Statistics
Type     Time(s)  Ops          TPS(ops/s)   Net(M/s)   Get_miss   Min(us)  Max(us)    Avg(us)    Std_dev    Geo_dist  
Period   1        24034        24034        3.4        0          344      52135      5095       4857.50    3181.18
Global   45       1122539      24945        3.3        0          229      149390     4897       4528.38    3070.08

[1;1H[2J
Get Statistics
Type     Time(s)  Ops          TPS(ops/s)   Net(M/s)   Get_miss   Min(us)  Max(us)    Avg(us)    Std_dev    Geo_dist  
Period   1        24765        24765        3.4        0          336      29973      4842       3829.90    3161.85
Global   46       1136014      24695        3.4        0          229      149390     4894       4511.17    3070.55

Set Statistics
Type     Time(s)  Ops          TPS(ops/s)   Net(M/s)   Get_miss   Min(us)  Max(us)    Avg(us)    Std_dev    Geo_dist  
Period   1        254          254          0.0        0          566      28632      5362       4036.09    3574.29
Global   46       11540        250          0.0        0          347      149378     5085       4814.71    3239.19

Total Statistics
Type     Time(s)  Ops          TPS(ops/s)   Net(M/s)   Get_miss   Min(us)  Max(us)    Avg(us)    Std_dev    Geo_dist  
Period   1        25017        25017        3.4        0          336      29973      4848       3832.69    3169.12
Global   46       1147556      24946        3.4        0          229      149390     4896       4514.29    3072.21

[1;1H[2J
Get Statistics
Type     Time(s)  Ops          TPS(ops/s)   Net(M/s)   Get_miss   Min(us)  Max(us)    Avg(us)    Std_dev    Geo_dist  
Period   1        24266        24266        3.4        0          314      61747      5020       4305.13    3229.14
Global   47       1160280      24686        3.3        0          229      149390     4897       4506.61    3073.81

Set Statistics
Type     Time(s)  Ops          TPS(ops/s)   Net(M/s)   Get_miss   Min(us)  Max(us)    Avg(us)    Std_dev    Geo_dist  
Period   1        239          239          0.0        0          553      39626      5061       4666.13    3246.65
Global   47       11779        250          0.0        0          347      149378     5084       4812.09    3239.34

Total Statistics
Type     Time(s)  Ops          TPS(ops/s)   Net(M/s)   Get_miss   Min(us)  Max(us)    Avg(us)    Std_dev    Geo_dist  
Period   1        24505        24505        3.4        0          314      61747      5020       4309.33    3229.26
Global   47       1172061      24937        3.4        0          229      149390     4899       4509.69    3075.43

[1;1H[2J
Get Statistics
Type     Time(s)  Ops          TPS(ops/s)   Net(M/s)   Get_miss   Min(us)  Max(us)    Avg(us)    Std_dev    Geo_dist  
Period   1        24785        24785        3.4        0          322      77493      4896       4417.72    3072.51
Global   48       1185065      24688        3.4        0          229      149390     4897       4504.75    3073.83

Set Statistics
Type     Time(s)  Ops          TPS(ops/s)   Net(M/s)   Get_miss   Min(us)  Max(us)    Avg(us)    Std_dev    Geo_dist  
Period   1        250          250          0.0        0          490      32795      5001       4276.05    3209.68
Global   48       12029        250          0.0        0          347      149378     5083       4800.65    3238.72

Total Statistics
Type     Time(s)  Ops          TPS(ops/s)   Net(M/s)   Get_miss   Min(us)  Max(us)    Avg(us)    Std_dev    Geo_dist  
Period   1        25039        25039        3.4        0          322      77493      4896       4416.36    3073.78
Global   48       1197100      24939        3.4        0          229      149390     4899       4507.69    3075.42

[1;1H[2J
Get Statistics
Type     Time(s)  Ops          TPS(ops/s)   Net(M/s)   Get_miss   Min(us)  Max(us)    Avg(us)    Std_dev    Geo_dist  
Period   1        23662        23662        3.4        0          273      63597      5113       4591.08    3219.95
Global   49       1208727      24667        3.2        0          229      149390     4901       4506.80    3076.64

Set Statistics
Type     Time(s)  Ops          TPS(ops/s)   Net(M/s)   Get_miss   Min(us)  Max(us)    Avg(us)    Std_dev    Geo_dist  
Period   1        240          240          0.0        0          511      28848      5321       4469.78    3421.36
Global   49       12269        250          0.0        0          347      149378     5087       4795.04    3242.20

Total Statistics
Type     Time(s)  Ops          TPS(ops/s)   Net(M/s)   Get_miss   Min(us)  Max(us)    Avg(us)    Std_dev    Geo_dist  
Period   1        23898        23898        3.4        0          273      63597      5116       4590.20    3222.31
Global   49       1220998      24918        3.3        0          229      149390     4903       4509.69    3078.27

[1;1H[2J
Get Statistics
Type     Time(s)  Ops          TPS(ops/s)   Net(M/s)   Get_miss   Min(us)  Max(us)    Avg(us)    Std_dev    Geo_dist  
Period   1        24387        24387        3.4        0          292      60476      4952       4515.30    3106.48
Global   50       1233114      24662        3.3        0          229      149390     4902       4506.99    3077.25

Set Statistics
Type     Time(s)  Ops          TPS(ops/s)   Net(M/s)   Get_miss   Min(us)  Max(us)    Avg(us)    Std_dev    Geo_dist  
Period   1        241          241          0.0        0          349      26635      5401       4375.37    3496.67
Global   50       12510        250          0.0        0          347      149378     5093       4787.39    3246.92

Total Statistics
Type     Time(s)  Ops          TPS(ops/s)   Net(M/s)   Get_miss   Min(us)  Max(us)    Avg(us)    Std_dev    Geo_dist  
Period   1        24626        24626        3.4        0          292      60476      4956       4514.65    3110.98
Global   50       1245624      24912        3.4        0          229      149390     4904       4509.84    3078.91

[1;1H[2J
Get Statistics
Type     Time(s)  Ops          TPS(ops/s)   Net(M/s)   Get_miss   Min(us)  Max(us)    Avg(us)    Std_dev    Geo_dist  
Period   1        24667        24667        3.4        0          340      31038      4963       3890.95    3249.73
Global   51       1257781      24662        3.4        0          229      149390     4903       4495.94    3080.54

Set Statistics
Type     Time(s)  Ops          TPS(ops/s)   Net(M/s)   Get_miss   Min(us)  Max(us)    Avg(us)    Std_dev    Geo_dist  
Period   1        256          256          0.0        0          567      19692      5248       3858.98    3599.64
Global   51       12766        250          0.0        0          347      149378     5096       4770.58    3253.64

Total Statistics
Type     Time(s)  Ops          TPS(ops/s)   Net(M/s)   Get_miss   Min(us)  Max(us)    Avg(us)    Std_dev    Geo_dist  
Period   1        24927        24927        3.4        0          340      31038      4966       3891.04    3253.61
Global   51       1270551      24912        3.4        0          229      149390     4905       4498.76    3082.25

[1;1H[2J
Get Statistics
Type     Time(s)  Ops          TPS(ops/s)   Net(M/s)   Get_miss   Min(us)  Max(us)    Avg(us)    Std_dev    Geo_dist  
Period   1        24195        24195        3.4        0          333      37867      5015       4164.68    3198.82
Global   52       1281976      24653        3.3        0          229      149390     4905       4490.07    3082.76

Set Statistics
Type     Time(s)  Ops          TPS(ops/s)   Net(M/s)   Get_miss   Min(us)  Max(us)    Avg(us)    Std_dev    Geo_dist  
Period   1        250          250          0.0        0          584      19470      5227       4082.37    3394.10
Global   52       13016        250          0.0        0          347      149378     5099       4757.68    3256.29

Total Statistics
Type     Time(s)  Ops          TPS(ops/s)   Net(M/s)   Get_miss   Min(us)  Max(us)    Avg(us)    Std_dev    Geo_dist  
Period   1        24445        24445        3.4        0          333      37867      5022       4184.57    3201.57
Global   52       1294996      24903        3.4        0          229      149390     4907       4493.30    3084.48

[1;1H[2J
Get Statistics
Type     Time(s)  Ops          TPS(ops/s)   Net(M/s)   Get_miss   Min(us)  Max(us)    Avg(us)    Std_dev    Geo_dist  
Period   1        25151        25151        3.4        0          313      57833      4978       4591.00    3086.40
Global   53       1307127      24662        3.5        0          229      149390     4907       4491.51    3082.83

Set Statistics
Type     Time(s)  Ops          TPS(ops/s)   Net(M/s)   Get_miss   Min(us)  Max(us)    Avg(us)    Std_dev    Geo_dist  
Period   1        246          246          0.0        0          446      20288      5037       4259.66    3058.01
Global   53       13262        250          0.0        0          347      149378     5101       4756.64    3255.08

Total Statistics
Type     Time(s)  Ops          TPS(ops/s)   Net(M/s)   Get_miss   Min(us)  Max(us)    Avg(us)    Std_dev    Geo_dist  
Period   1        25395        25395        3.4        0          313      57833      4975       4574.02    3085.30
Global   53       1320391      24913        3.5        0          229      149390     4909       4494.23    3084.52

[1;1H[2J
Get Statistics
Type     Time(s)  Ops          TPS(ops/s)   Net(M/s)   Get_miss   Min(us)  Max(us)    Avg(us)    Std_dev    Geo_dist  
Period   1        25074        25074        3.4        0          321      48116      4855       3967.44    3124.49
Global   54       1332201      24670        3.4        0          229      149390     4906       4482.25    3083.65

Set Statistics
Type     Time(s)  Ops          TPS(ops/s)   Net(M/s)   Get_miss   Min(us)  Max(us)    Avg(us)    Std_dev    Geo_dist  
Period   1        262          262          0.0        0          377      29488      4610       4202.06    2885.13
Global   54       13524        250          0.0        0          347      149378     5091       4747.38    3247.48

Total Statistics
Type     Time(s)  Ops          TPS(ops/s)   Net(M/s)   Get_miss   Min(us)  Max(us)    Avg(us)    Std_dev    Geo_dist  
Period   1        25336        25336        3.4        0          321      48116      4853       3969.74    3123.05
Global   54       1345727      24920        3.5        0          229      149390     4908       4484.88    3085.26

[1;1H[2J
Get Statistics
Type     Time(s)  Ops          TPS(ops/s)   Net(M/s)   Get_miss   Min(us)  Max(us)    Avg(us)    Std_dev    Geo_dist  
Period   1        24679        24679        3.4        0          302      28228      4929       3863.56    3237.53
Global   55       1356880      24670        3.4        0          229      149390     4906       4472.23    3086.42

Set Statistics
Type     Time(s)  Ops          TPS(ops/s)   Net(M/s)   Get_miss   Min(us)  Max(us)    Avg(us)    Std_dev    Geo_dist  
Period   1        242          242          0.0        0          561      21360      5343       4099.52    3599.47
Global   55       13766        250          0.0        0          347      149378     5095       4737.21    3253.36

Total Statistics
Type     Time(s)  Ops          TPS(ops/s)   Net(M/s)   Get_miss   Min(us)  Max(us)    Avg(us)    Std_dev    Geo_dist  
Period   1        24921        24921        3.4        0          302      28228      4934       3865.11    3242.03
Global   55       1370648      24920        3.4        0          229      149390     4908       4474.90    3088.06

[1;1H[2J
Get Statistics
Type     Time(s)  Ops          TPS(ops/s)   Net(M/s)   Get_miss   Min(us)  Max(us)    Avg(us)    Std_dev    Geo_dist  
Period   1        14021        14021        3.4        0          298      426570     8667       36619.94   3362.46
Global   56       1370901      24480        1.9        0          229      426570     4945       5800.75    3089.15

Set Statistics
Type     Time(s)  Ops          TPS(ops/s)   Net(M/s)   Get_miss   Min(us)  Max(us)    Avg(us)    Std_dev    Geo_dist  
Period   1        144          144          0.0        0          607      425083     9096       38524.36   3254.14
Global   56       13910        248          0.0        0          347      425083     5137       6133.95    3253.37

Total Statistics
Type     Time(s)  Ops          TPS(ops/s)   Net(M/s)   Get_miss   Min(us)  Max(us)    Avg(us)    Std_dev    Geo_dist  
Period   1        14167        14167        3.4        0          298      426570     8672       36635.72   3363.92
Global   56       1384815      24728        1.9        0          229      426570     4947       5804.16    3090.77

[1;1H[2J
Get Statistics
Type     Time(s)  Ops          TPS(ops/s)   Net(M/s)   Get_miss   Min(us)  Max(us)    Avg(us)    Std_dev    Geo_dist  
Period   1        25601        25601        3.4        0          277      39168      4756       3999.73    3002.49
Global   57       1396502      24500        3.5        0          229      426570     4941       5773.32    3087.62

Set Statistics
Type     Time(s)  Ops          TPS(ops/s)   Net(M/s)   Get_miss   Min(us)  Max(us)    Avg(us)    Std_dev    Geo_dist  
Period   1        256          256          0.0        0          674      30350      4914       4506.90    3028.16
Global   57       14166        248          0.0        0          347      425083     5133       6108.32    3249.15

Total Statistics
Type     Time(s)  Ops          TPS(ops/s)   Net(M/s)   Get_miss   Min(us)  Max(us)    Avg(us)    Std_dev    Geo_dist  
Period   1        25855        25855        3.4        0          277      39168      4758       4005.02    3005.62
Global   57       1410670      24748        3.6        0          229      426570     4943       5776.75    3089.20

[1;1H[2J
Get Statistics
Type     Time(s)  Ops          TPS(ops/s)   Net(M/s)   Get_miss   Min(us)  Max(us)    Avg(us)    Std_dev    Geo_dist  
Period   1        25841        25841        3.4        0          257      58500      4714       4059.48    2961.60
Global   58       1422343      24523        3.5        0          229      426570     4937       5746.72    3085.30

Set Statistics
Type     Time(s)  Ops          TPS(ops/s)   Net(M/s)   Get_miss   Min(us)  Max(us)    Avg(us)    Std_dev    Geo_dist  
Period   1        261          261          0.0        0          352      20217      4630       3957.29    2897.81
Global   58       14427        248          0.0        0          347      425083     5124       6076.37    3242.43

Total Statistics
Type     Time(s)  Ops          TPS(ops/s)   Net(M/s)   Get_miss   Min(us)  Max(us)    Avg(us)    Std_dev    Geo_dist  
Period   1        26101        26101        3.4        0          257      58500      4713       4058.79    2961.86
Global   58       1436771      24771        3.6        0          229      426570     4939       5750.04    3086.84

[1;1H[2J
Get Statistics
Type     Time(s)  Ops          TPS(ops/s)   Net(M/s)   Get_miss   Min(us)  Max(us)    Avg(us)    Std_dev    Geo_dist  
Period   1        25405        25405        3.4        0          244      66677      4752       4106.41    2996.43
Global   59       1447748      24538        3.5        0          229      426570     4934       5721.83    3083.74

Set Statistics
Type     Time(s)  Ops          TPS(ops/s)   Net(M/s)   Get_miss   Min(us)  Max(us)    Avg(us)    Std_dev    Geo_dist  
Period   1        260          260          0.0        0          341      24121      4470       4011.32    2785.88
Global   59       14687        248          0.0        0          341      425083     5112       6046.82    3233.73

Total Statistics
Type     Time(s)  Ops          TPS(ops/s)   Net(M/s)   Get_miss   Min(us)  Max(us)    Avg(us)    Std_dev    Geo_dist  
Period   1        25665        25665        3.4        0          244      66677      4749       4105.62    2994.21
Global   59       1462436      24787        3.5        0          229      426570     4936       5725.03    3085.21

[1;1H[2J
Get Statistics
Type     Time(s)  Ops          TPS(ops/s)   Net(M/s)   Get_miss   Min(us)  Max(us)    Avg(us)    Std_dev    Geo_dist  
Period   1        25066        25066        3.4        0          343      59909      4868       4364.16    3026.55
Global   60       1472814      24546        3.4        0          229      426570     4933       5701.33    3082.77

Set Statistics
Type     Time(s)  Ops          TPS(ops/s)   Net(M/s)   Get_miss   Min(us)  Max(us)    Avg(us)    Std_dev    Geo_dist  
Period   1        252          252          0.0        0          526      48901      5217       5380.01    3177.50
Global   60       14939        248          0.0        0          341      425083     5114       6035.85    3232.78

Total Statistics
Type     Time(s)  Ops          TPS(ops/s)   Net(M/s)   Get_miss   Min(us)  Max(us)    Avg(us)    Std_dev    Geo_dist  
Period   1        25319        25319        3.4        0          343      59909      4871       4375.54    3025.99
Global   60       1487755      24795        3.5        0          229      426570     4935       5704.65    3084.25

Get Statistics (1472938 events)
   Min:       229
   Max:    426570
   Avg:      4933
   Geo:   3082.97
   Std:   5701.47
   Log2 Dist:
       8:       17     7120   254424   417586
      12:   111260   259780   406492    14381
      16:     1432      295       40      111

Set Statistics (14939 events)
   Min:       341
   Max:    425083
   Avg:      5114
   Geo:   3232.78
   Std:   6035.85
   Log2 Dist:
       8:        0       62     2161     4459
      12:     1167     2345     4558      164
      16:       16        4        2        1

Total Statistics (1487877 events)
   Min:       229
   Max:    426570
   Avg:      4935
   Geo:   3084.44
   Std:   5704.79
   Log2 Dist:
       8:       17     7182   256585   422045
      12:   112427   262125   411050    14545
      16:     1448      299       42      112

cmd_get: 1473060
cmd_set: 14939
get_misses: 0
written_bytes: 34794876
read_bytes: 243154282
object_bytes: 2151216

Run time: 60.6s Ops: 1487999 TPS: 24574 Net_rate: 4.4M/s
