servers : 10.0.0.6:9000
threads count: 68
concurrency: 68
run time: 60s
windows size: 10k
set proportion: set_prop=0.01
get proportion: get_prop=0.99
[1;1H[2J
Get Statistics
Type     Time(s)  Ops          TPS(ops/s)   Net(M/s)   Get_miss   Min(us)  Max(us)    Avg(us)    Std_dev    Geo_dist  
Period   1        21695        21695        3.0        0          227      21788      3111       3165.62    1860.78
Global   1        21695        21695        3.0        0          227      21788      3110       3166.21    1860.02

Set Statistics
Type     Time(s)  Ops          TPS(ops/s)   Net(M/s)   Get_miss   Min(us)  Max(us)    Avg(us)    Std_dev    Geo_dist  
Period   1        253          253          0.0        0          422      10318      3456       3239.76    2156.07
Global   1        253          253          0.0        0          422      10318      3456       3239.76    2156.07

Total Statistics
Type     Time(s)  Ops          TPS(ops/s)   Net(M/s)   Get_miss   Min(us)  Max(us)    Avg(us)    Std_dev    Geo_dist  
Period   1        21951        21951        3.0        0          227      21788      3115       3166.96    1863.54
Global   1        21951        21951        3.0        0          227      21788      3115       3166.96    1863.54

[1;1H[2J
Get Statistics
Type     Time(s)  Ops          TPS(ops/s)   Net(M/s)   Get_miss   Min(us)  Max(us)    Avg(us)    Std_dev    Geo_dist  
Period   1        22014        22014        3.0        0          283      17934      3055       3157.70    1841.34
Global   2        43709        21854        3.0        0          227      21788      3083       3161.72    1851.34

Set Statistics
Type     Time(s)  Ops          TPS(ops/s)   Net(M/s)   Get_miss   Min(us)  Max(us)    Avg(us)    Std_dev    Geo_dist  
Period   1        222          222          0.0        0          434      14232      3101       3340.46    1848.52
Global   2        475          237          0.0        0          422      14232      3290       3288.59    2006.44

Total Statistics
Type     Time(s)  Ops          TPS(ops/s)   Net(M/s)   Get_miss   Min(us)  Max(us)    Avg(us)    Std_dev    Geo_dist  
Period   1        22235        22235        3.0        0          283      17934      3056       3159.52    1842.26
Global   2        44186        22093        3.1        0          227      21788      3085       3163.63    1853.06

[1;1H[2J
Get Statistics
Type     Time(s)  Ops          TPS(ops/s)   Net(M/s)   Get_miss   Min(us)  Max(us)    Avg(us)    Std_dev    Geo_dist  
Period   1        20042        20042        2.9        0          225      21895      3381       3357.00    1998.81
Global   3        63751        21250        2.8        0          225      21895      3177       3227.16    1896.76

Set Statistics
Type     Time(s)  Ops          TPS(ops/s)   Net(M/s)   Get_miss   Min(us)  Max(us)    Avg(us)    Std_dev    Geo_dist  
Period   1        199          199          0.0        0          358      10230      3596       3306.25    2188.82
Global   3        674          224          0.0        0          358      14232      3381       3293.65    2058.64

Total Statistics
Type     Time(s)  Ops          TPS(ops/s)   Net(M/s)   Get_miss   Min(us)  Max(us)    Avg(us)    Std_dev    Geo_dist  
Period   1        20241        20241        2.9        0          225      21895      3383       3356.22    2000.92
Global   3        64427        21475        2.8        0          225      21895      3179       3227.94    1898.30

[1;1H[2J
Get Statistics
Type     Time(s)  Ops          TPS(ops/s)   Net(M/s)   Get_miss   Min(us)  Max(us)    Avg(us)    Std_dev    Geo_dist  
Period   1        22582        22582        3.0        0          310      11459      2996       3139.23    1777.41
Global   4        86333        21583        3.1        0          225      21895      3129       3205.90    1864.72

Set Statistics
Type     Time(s)  Ops          TPS(ops/s)   Net(M/s)   Get_miss   Min(us)  Max(us)    Avg(us)    Std_dev    Geo_dist  
Period   1        230          230          0.0        0          445      10342      2770       2980.16    1700.22
Global   4        904          226          0.0        0          358      14232      3225       3226.73    1960.85

Total Statistics
Type     Time(s)  Ops          TPS(ops/s)   Net(M/s)   Get_miss   Min(us)  Max(us)    Avg(us)    Std_dev    Geo_dist  
Period   1        22812        22812        3.0        0          310      11459      2994       3138.21    1777.53
Global   4        87239        21809        3.1        0          225      21895      3130       3206.24    1865.76

[1;1H[2J
Get Statistics
Type     Time(s)  Ops          TPS(ops/s)   Net(M/s)   Get_miss   Min(us)  Max(us)    Avg(us)    Std_dev    Geo_dist  
Period   1        21413        21413        3.0        0          275      18098      3142       3229.29    1873.24
Global   5        107746       21549        2.9        0          225      21895      3132       3210.31    1866.72

Set Statistics
Type     Time(s)  Ops          TPS(ops/s)   Net(M/s)   Get_miss   Min(us)  Max(us)    Avg(us)    Std_dev    Geo_dist  
Period   1        217          217          0.0        0          484      11223      3281       3356.97    1930.86
Global   5        1121         224          0.0        0          358      14232      3236       3250.74    1955.01

Total Statistics
Type     Time(s)  Ops          TPS(ops/s)   Net(M/s)   Get_miss   Min(us)  Max(us)    Avg(us)    Std_dev    Geo_dist  
Period   1        21628        21628        3.0        0          275      18098      3143       3229.99    1872.80
Global   5        108867       21773        3.0        0          225      21895      3133       3210.80    1867.61

[1;1H[2J
Get Statistics
Type     Time(s)  Ops          TPS(ops/s)   Net(M/s)   Get_miss   Min(us)  Max(us)    Avg(us)    Std_dev    Geo_dist  
Period   1        21924        21924        3.0        0          255      19074      3070       3219.73    1845.92
Global   6        129670       21611        3.0        0          225      21895      3121       3212.48    1863.19

Set Statistics
Type     Time(s)  Ops          TPS(ops/s)   Net(M/s)   Get_miss   Min(us)  Max(us)    Avg(us)    Std_dev    Geo_dist  
Period   1        224          224          0.0        0          508      11559      2924       3076.07    1802.64
Global   6        1345         224          0.0        0          358      14232      3184       3223.33    1928.77

Total Statistics
Type     Time(s)  Ops          TPS(ops/s)   Net(M/s)   Get_miss   Min(us)  Max(us)    Avg(us)    Std_dev    Geo_dist  
Period   1        22150        22150        3.0        0          255      19074      3069       3218.33    1845.71
Global   6        131017       21836        3.0        0          225      21895      3122       3212.33    1863.89

[1;1H[2J
Get Statistics
Type     Time(s)  Ops          TPS(ops/s)   Net(M/s)   Get_miss   Min(us)  Max(us)    Avg(us)    Std_dev    Geo_dist  
Period   1        21755        21755        3.0        0          326      19639      3117       3153.83    1893.24
Global   7        151425       21632        3.0        0          225      21895      3121       3203.61    1867.59

Set Statistics
Type     Time(s)  Ops          TPS(ops/s)   Net(M/s)   Get_miss   Min(us)  Max(us)    Avg(us)    Std_dev    Geo_dist  
Period   1        222          222          0.0        0          343      11714      3186       3164.90    1967.03
Global   7        1567         223          0.0        0          343      14232      3184       3214.39    1934.14

Total Statistics
Type     Time(s)  Ops          TPS(ops/s)   Net(M/s)   Get_miss   Min(us)  Max(us)    Avg(us)    Std_dev    Geo_dist  
Period   1        21975        21975        3.0        0          326      19639      3118       3153.45    1894.51
Global   7        152992       21856        3.0        0          225      21895      3122       3203.37    1868.26

[1;1H[2J
Get Statistics
Type     Time(s)  Ops          TPS(ops/s)   Net(M/s)   Get_miss   Min(us)  Max(us)    Avg(us)    Std_dev    Geo_dist  
Period   1        19818        19818        2.9        0          255      30768      3398       3311.33    2055.87
Global   8        171243       21405        2.7        0          225      30768      3153       3217.52    1888.46

Set Statistics
Type     Time(s)  Ops          TPS(ops/s)   Net(M/s)   Get_miss   Min(us)  Max(us)    Avg(us)    Std_dev    Geo_dist  
Period   1        199          199          0.0        0          550      11169      3294       3247.35    2031.51
Global   8        1766         220          0.0        0          343      14232      3197       3216.79    1944.88

Total Statistics
Type     Time(s)  Ops          TPS(ops/s)   Net(M/s)   Get_miss   Min(us)  Max(us)    Avg(us)    Std_dev    Geo_dist  
Period   1        20021        20021        3.0        0          255      30768      3398       3310.55    2056.15
Global   8        173013       21626        2.7        0          225      30768      3153       3218.08    1889.09

[1;1H[2J
Get Statistics
Type     Time(s)  Ops          TPS(ops/s)   Net(M/s)   Get_miss   Min(us)  Max(us)    Avg(us)    Std_dev    Geo_dist  
Period   1        21864        21864        2.9        0          312      20344      3096       3179.57    1853.20
Global   9        193107       21456        3.0        0          225      30768      3147       3212.89    1884.52

Set Statistics
Type     Time(s)  Ops          TPS(ops/s)   Net(M/s)   Get_miss   Min(us)  Max(us)    Avg(us)    Std_dev    Geo_dist  
Period   1        218          218          0.0        0          381      9476       2932       3114.57    1774.29
Global   9        1984         220          0.0        0          343      14232      3168       3205.90    1925.36

Total Statistics
Type     Time(s)  Ops          TPS(ops/s)   Net(M/s)   Get_miss   Min(us)  Max(us)    Avg(us)    Std_dev    Geo_dist  
Period   1        22080        22080        3.0        0          312      20344      3094       3179.18    1852.92
Global   9        195093       21677        3.0        0          225      30768      3147       3213.08    1884.96

[1;1H[2J
Get Statistics
Type     Time(s)  Ops          TPS(ops/s)   Net(M/s)   Get_miss   Min(us)  Max(us)    Avg(us)    Std_dev    Geo_dist  
Period   1        20762        20762        2.9        0          244      20010      3251       3379.48    1915.19
Global   10       213869       21386        2.9        0          225      30768      3157       3229.75    1887.64

Set Statistics
Type     Time(s)  Ops          TPS(ops/s)   Net(M/s)   Get_miss   Min(us)  Max(us)    Avg(us)    Std_dev    Geo_dist  
Period   1        211          211          0.0        0          380      10611      3051       3202.90    1845.14
Global   10       2195         219          0.0        0          343      14232      3156       3205.81    1917.50

Total Statistics
Type     Time(s)  Ops          TPS(ops/s)   Net(M/s)   Get_miss   Min(us)  Max(us)    Avg(us)    Std_dev    Geo_dist  
Period   1        20973        20973        3.0        0          244      20010      3249       3377.69    1915.13
Global   10       216066       21606        2.9        0          225      30768      3157       3229.51    1887.95

[1;1H[2J
Get Statistics
Type     Time(s)  Ops          TPS(ops/s)   Net(M/s)   Get_miss   Min(us)  Max(us)    Avg(us)    Std_dev    Geo_dist  
Period   1        21491        21491        2.9        0          299      17902      3138       3198.72    1906.24
Global   11       235360       21396        3.0        0          225      30768      3155       3227.19    1889.39

Set Statistics
Type     Time(s)  Ops          TPS(ops/s)   Net(M/s)   Get_miss   Min(us)  Max(us)    Avg(us)    Std_dev    Geo_dist  
Period   1        218          218          0.0        0          453      10853      3465       3344.76    2114.86
Global   11       2413         219          0.0        0          343      14232      3184       3219.03    1934.54

Total Statistics
Type     Time(s)  Ops          TPS(ops/s)   Net(M/s)   Get_miss   Min(us)  Max(us)    Avg(us)    Std_dev    Geo_dist  
Period   1        21709        21709        3.0        0          299      17902      3142       3199.99    1909.01
Global   11       237775       21615        3.0        0          225      30768      3155       3227.43    1889.86

[1;1H[2J
Get Statistics
Type     Time(s)  Ops          TPS(ops/s)   Net(M/s)   Get_miss   Min(us)  Max(us)    Avg(us)    Std_dev    Geo_dist  
Period   1        21034        21034        2.9        0          273      12305      3205       3219.91    1923.47
Global   12       256394       21366        2.9        0          225      30768      3159       3226.78    1892.29

Set Statistics
Type     Time(s)  Ops          TPS(ops/s)   Net(M/s)   Get_miss   Min(us)  Max(us)    Avg(us)    Std_dev    Geo_dist  
Period   1        205          205          0.0        0          335      11053      2936       3137.43    1794.28
Global   12       2618         218          0.0        0          335      14232      3165       3212.41    1923.18

Total Statistics
Type     Time(s)  Ops          TPS(ops/s)   Net(M/s)   Get_miss   Min(us)  Max(us)    Avg(us)    Std_dev    Geo_dist  
Period   1        21242        21242        3.0        0          273      12305      3204       3218.68    1923.35
Global   12       259017       21584        2.9        0          225      30768      3159       3226.79    1892.65

[1;1H[2J
Get Statistics
Type     Time(s)  Ops          TPS(ops/s)   Net(M/s)   Get_miss   Min(us)  Max(us)    Avg(us)    Std_dev    Geo_dist  
Period   1        20211        20211        2.9        0          285      15809      3348       3231.57    2036.51
Global   13       276605       21277        2.8        0          225      30768      3173       3227.44    1902.72

Set Statistics
Type     Time(s)  Ops          TPS(ops/s)   Net(M/s)   Get_miss   Min(us)  Max(us)    Avg(us)    Std_dev    Geo_dist  
Period   1        209          209          0.0        0          477      12789      3598       3428.45    2142.78
Global   13       2827         217          0.0        0          335      14232      3197       3230.24    1938.61

Total Statistics
Type     Time(s)  Ops          TPS(ops/s)   Net(M/s)   Get_miss   Min(us)  Max(us)    Avg(us)    Std_dev    Geo_dist  
Period   1        20416        20416        3.0        0          285      15809      3351       3233.92    2040.62
Global   13       279433       21494        2.8        0          225      30768      3173       3227.72    1903.09

[1;1H[2J
Get Statistics
Type     Time(s)  Ops          TPS(ops/s)   Net(M/s)   Get_miss   Min(us)  Max(us)    Avg(us)    Std_dev    Geo_dist  
Period   1        21168        21168        2.9        0          265      27886      3193       3303.96    1864.88
Global   14       297773       21269        2.9        0          225      30768      3175       3232.40    1900.06

Set Statistics
Type     Time(s)  Ops          TPS(ops/s)   Net(M/s)   Get_miss   Min(us)  Max(us)    Avg(us)    Std_dev    Geo_dist  
Period   1        215          215          0.0        0          366      9698       3268       3285.78    1946.87
Global   14       3042         217          0.0        0          335      14232      3202       3233.71    1939.19

Total Statistics
Type     Time(s)  Ops          TPS(ops/s)   Net(M/s)   Get_miss   Min(us)  Max(us)    Avg(us)    Std_dev    Geo_dist  
Period   1        21384        21384        3.0        0          265      27886      3194       3303.62    1865.80
Global   14       300817       21486        2.9        0          225      30768      3175       3232.70    1900.47

[1;1H[2J
Get Statistics
Type     Time(s)  Ops          TPS(ops/s)   Net(M/s)   Get_miss   Min(us)  Max(us)    Avg(us)    Std_dev    Geo_dist  
Period   1        21379        21379        2.9        0          294      37120      3155       3432.21    1862.96
Global   15       319152       21276        2.9        0          225      37120      3173       3246.83    1897.61

Set Statistics
Type     Time(s)  Ops          TPS(ops/s)   Net(M/s)   Get_miss   Min(us)  Max(us)    Avg(us)    Std_dev    Geo_dist  
Period   1        219          219          0.0        0          427      27173      3006       3481.65    1799.48
Global   15       3261         217          0.0        0          335      27173      3189       3250.60    1929.48

Total Statistics
Type     Time(s)  Ops          TPS(ops/s)   Net(M/s)   Get_miss   Min(us)  Max(us)    Avg(us)    Std_dev    Geo_dist  
Period   1        21598        21598        3.0        0          294      37120      3154       3432.57    1863.08
Global   15       322415       21494        3.0        0          225      37120      3173       3247.06    1897.94

[1;1H[2J
Get Statistics
Type     Time(s)  Ops          TPS(ops/s)   Net(M/s)   Get_miss   Min(us)  Max(us)    Avg(us)    Std_dev    Geo_dist  
Period   1        21613        21613        2.9        0          289      22765      3128       3396.88    1817.42
Global   16       340765       21297        3.0        0          225      37120      3170       3256.74    1892.47

Set Statistics
Type     Time(s)  Ops          TPS(ops/s)   Net(M/s)   Get_miss   Min(us)  Max(us)    Avg(us)    Std_dev    Geo_dist  
Period   1        211          211          0.0        0          334      21590      3219       3488.76    1889.94
Global   16       3472         217          0.0        0          334      27173      3191       3264.87    1927.05

Total Statistics
Type     Time(s)  Ops          TPS(ops/s)   Net(M/s)   Get_miss   Min(us)  Max(us)    Avg(us)    Std_dev    Geo_dist  
Period   1        21827        21827        3.0        0          289      22765      3127       3397.99    1816.13
Global   16       344242       21515        3.0        0          225      37120      3171       3256.00    1892.79

[1;1H[2J
Get Statistics
Type     Time(s)  Ops          TPS(ops/s)   Net(M/s)   Get_miss   Min(us)  Max(us)    Avg(us)    Std_dev    Geo_dist  
Period   1        22180        22180        2.9        0          242      18319      3027       3119.42    1810.89
Global   17       362945       21349        3.0        0          225      37120      3162       3247.97    1887.56

Set Statistics
Type     Time(s)  Ops          TPS(ops/s)   Net(M/s)   Get_miss   Min(us)  Max(us)    Avg(us)    Std_dev    Geo_dist  
Period   1        230          230          0.0        0          365      9682       2826       2990.55    1715.84
Global   17       3702         217          0.0        0          334      27173      3168       3249.64    1913.20

Total Statistics
Type     Time(s)  Ops          TPS(ops/s)   Net(M/s)   Get_miss   Min(us)  Max(us)    Avg(us)    Std_dev    Geo_dist  
Period   1        22407        22407        3.0        0          242      18319      3026       3118.39    1813.16
Global   17       366649       21567        3.1        0          225      37120      3162       3248.08    1887.83

[1;1H[2J
Get Statistics
Type     Time(s)  Ops          TPS(ops/s)   Net(M/s)   Get_miss   Min(us)  Max(us)    Avg(us)    Std_dev    Geo_dist  
Period   1        21483        21483        2.9        0          257      20729      3153       3253.05    1896.92
Global   18       384428       21357        3.0        0          225      37120      3161       3248.78    1888.17

Set Statistics
Type     Time(s)  Ops          TPS(ops/s)   Net(M/s)   Get_miss   Min(us)  Max(us)    Avg(us)    Std_dev    Geo_dist  
Period   1        218          218          0.0        0          495      10232      3047       3083.03    1889.37
Global   18       3920         217          0.0        0          334      27173      3161       3240.60    1911.87

Total Statistics
Type     Time(s)  Ops          TPS(ops/s)   Net(M/s)   Get_miss   Min(us)  Max(us)    Avg(us)    Std_dev    Geo_dist  
Period   1        21699        21699        3.0        0          257      20729      3152       3251.16    1897.38
Global   18       388348       21574        3.0        0          225      37120      3161       3248.70    1888.40

[1;1H[2J
Get Statistics
Type     Time(s)  Ops          TPS(ops/s)   Net(M/s)   Get_miss   Min(us)  Max(us)    Avg(us)    Std_dev    Geo_dist  
Period   1        21826        21826        2.9        0          275      18149      3066       3151.64    1842.66
Global   19       406254       21381        3.0        0          225      37120      3156       3243.60    1885.69

Set Statistics
Type     Time(s)  Ops          TPS(ops/s)   Net(M/s)   Get_miss   Min(us)  Max(us)    Avg(us)    Std_dev    Geo_dist  
Period   1        218          218          0.0        0          469      18124      3355       3331.19    2032.37
Global   19       4138         217          0.0        0          334      27173      3171       3245.53    1918.04

Total Statistics
Type     Time(s)  Ops          TPS(ops/s)   Net(M/s)   Get_miss   Min(us)  Max(us)    Avg(us)    Std_dev    Geo_dist  
Period   1        22048        22048        3.0        0          275      18149      3070       3153.36    1844.90
Global   19       410396       21599        3.0        0          225      37120      3156       3243.82    1886.04

[1;1H[2J
Get Statistics
Type     Time(s)  Ops          TPS(ops/s)   Net(M/s)   Get_miss   Min(us)  Max(us)    Avg(us)    Std_dev    Geo_dist  
Period   1        21658        21658        2.9        0          258      13541      3126       3173.25    1877.28
Global   20       427912       21395        3.0        0          225      37120      3155       3239.60    1885.27

Set Statistics
Type     Time(s)  Ops          TPS(ops/s)   Net(M/s)   Get_miss   Min(us)  Max(us)    Avg(us)    Std_dev    Geo_dist  
Period   1        219          219          0.0        0          467      13221      3171       3301.36    1873.14
Global   20       4357         217          0.0        0          334      27173      3171       3247.98    1915.76

Total Statistics
Type     Time(s)  Ops          TPS(ops/s)   Net(M/s)   Get_miss   Min(us)  Max(us)    Avg(us)    Std_dev    Geo_dist  
Period   1        21875        21875        3.0        0          258      13541      3125       3175.07    1876.84
Global   20       432271       21613        3.0        0          225      37120      3155       3239.82    1885.57

[1;1H[2J
Get Statistics
Type     Time(s)  Ops          TPS(ops/s)   Net(M/s)   Get_miss   Min(us)  Max(us)    Avg(us)    Std_dev    Geo_dist  
Period   1        22902        22902        2.9        0          202      11939      2924       3105.71    1738.46
Global   21       450814       21467        3.1        0          202      37120      3143       3233.58    1877.58

Set Statistics
Type     Time(s)  Ops          TPS(ops/s)   Net(M/s)   Get_miss   Min(us)  Max(us)    Avg(us)    Std_dev    Geo_dist  
Period   1        230          230          0.0        0          447      11834      3218       3259.74    1912.89
Global   21       4587         218          0.0        0          334      27173      3174       3247.60    1915.61

Total Statistics
Type     Time(s)  Ops          TPS(ops/s)   Net(M/s)   Get_miss   Min(us)  Max(us)    Avg(us)    Std_dev    Geo_dist  
Period   1        23132        23132        3.0        0          202      11939      2928       3107.08    1741.46
Global   21       455403       21685        3.2        0          202      37120      3143       3234.05    1877.97

[1;1H[2J
Get Statistics
Type     Time(s)  Ops          TPS(ops/s)   Net(M/s)   Get_miss   Min(us)  Max(us)    Avg(us)    Std_dev    Geo_dist  
Period   1        20564        20564        2.9        0          213      30358      3288       3279.01    1990.42
Global   22       471378       21426        2.8        0          202      37120      3149       3236.06    1882.44

Set Statistics
Type     Time(s)  Ops          TPS(ops/s)   Net(M/s)   Get_miss   Min(us)  Max(us)    Avg(us)    Std_dev    Geo_dist  
Period   1        204          204          0.0        0          442      9367       2975       3106.37    1793.71
Global   22       4791         217          0.0        0          334      27173      3165       3242.16    1910.26

Total Statistics
Type     Time(s)  Ops          TPS(ops/s)   Net(M/s)   Get_miss   Min(us)  Max(us)    Avg(us)    Std_dev    Geo_dist  
Period   1        20767        20767        3.0        0          213      30358      3285       3277.55    1989.12
Global   22       476170       21644        2.9        0          202      37120      3149       3236.29    1882.72

[1;1H[2J
Get Statistics
Type     Time(s)  Ops          TPS(ops/s)   Net(M/s)   Get_miss   Min(us)  Max(us)    Avg(us)    Std_dev    Geo_dist  
Period   1        21727        21727        2.9        0          281      26987      3106       3471.24    1803.19
Global   23       493105       21439        3.0        0          202      37120      3147       3246.91    1878.91

Set Statistics
Type     Time(s)  Ops          TPS(ops/s)   Net(M/s)   Get_miss   Min(us)  Max(us)    Avg(us)    Std_dev    Geo_dist  
Period   1        225          225          0.0        0          455      9305       3046       3143.34    1815.18
Global   23       5016         218          0.0        0          334      27173      3160       3237.25    1905.89

Total Statistics
Type     Time(s)  Ops          TPS(ops/s)   Net(M/s)   Get_miss   Min(us)  Max(us)    Avg(us)    Std_dev    Geo_dist  
Period   1        21955        21955        3.0        0          281      26987      3107       3467.54    1804.39
Global   23       498125       21657        3.0        0          202      37120      3148       3246.01    1879.20

[1;1H[2J
Get Statistics
Type     Time(s)  Ops          TPS(ops/s)   Net(M/s)   Get_miss   Min(us)  Max(us)    Avg(us)    Std_dev    Geo_dist  
Period   1        21974        21974        2.9        0          255      17468      3063       3181.86    1832.44
Global   24       515079       21461        3.0        0          202      37120      3144       3243.71    1877.03

Set Statistics
Type     Time(s)  Ops          TPS(ops/s)   Net(M/s)   Get_miss   Min(us)  Max(us)    Avg(us)    Std_dev    Geo_dist  
Period   1        219          219          0.0        0          413      18751      3474       3553.38    2045.87
Global   24       5235         218          0.0        0          334      27173      3173       3251.46    1911.55

Total Statistics
Type     Time(s)  Ops          TPS(ops/s)   Net(M/s)   Get_miss   Min(us)  Max(us)    Avg(us)    Std_dev    Geo_dist  
Period   1        22189        22189        3.0        0          255      18751      3067       3186.13    1836.19
Global   24       520314       21679        3.0        0          202      37120      3144       3244.06    1877.38

[1;1H[2J
Get Statistics
Type     Time(s)  Ops          TPS(ops/s)   Net(M/s)   Get_miss   Min(us)  Max(us)    Avg(us)    Std_dev    Geo_dist  
Period   1        21627        21627        2.9        0          246      13438      3120       3196.21    1870.84
Global   25       536706       21468        3.0        0          202      37120      3143       3241.84    1876.78

Set Statistics
Type     Time(s)  Ops          TPS(ops/s)   Net(M/s)   Get_miss   Min(us)  Max(us)    Avg(us)    Std_dev    Geo_dist  
Period   1        220          220          0.0        0          405      10223      3183       3134.26    1968.80
Global   25       5455         218          0.0        0          334      27173      3173       3246.94    1913.82

Total Statistics
Type     Time(s)  Ops          TPS(ops/s)   Net(M/s)   Get_miss   Min(us)  Max(us)    Avg(us)    Std_dev    Geo_dist  
Period   1        21849        21849        3.0        0          246      13438      3120       3195.87    1871.68
Global   25       542163       21686        3.0        0          202      37120      3143       3242.17    1877.15

[1;1H[2J
Get Statistics
Type     Time(s)  Ops          TPS(ops/s)   Net(M/s)   Get_miss   Min(us)  Max(us)    Avg(us)    Std_dev    Geo_dist  
Period   1        19911        19911        2.9        0          251      58668      3360       5124.89    1845.09
Global   26       556617       21408        2.7        0          202      58668      3151       3327.64    1875.66

Set Statistics
Type     Time(s)  Ops          TPS(ops/s)   Net(M/s)   Get_miss   Min(us)  Max(us)    Avg(us)    Std_dev    Geo_dist  
Period   1        203          203          0.0        0          365      57462      4288       7307.48    2172.77
Global   26       5658         217          0.0        0          334      57462      3213       3480.53    1922.56

Total Statistics
Type     Time(s)  Ops          TPS(ops/s)   Net(M/s)   Get_miss   Min(us)  Max(us)    Avg(us)    Std_dev    Geo_dist  
Period   1        20112        20112        3.0        0          251      58668      3369       5152.72    1848.89
Global   26       562275       21625        2.8        0          202      58668      3151       3329.80    1876.13

[1;1H[2J
Get Statistics
Type     Time(s)  Ops          TPS(ops/s)   Net(M/s)   Get_miss   Min(us)  Max(us)    Avg(us)    Std_dev    Geo_dist  
Period   1        21786        21786        2.9        0          258      18597      3101       3217.65    1871.43
Global   27       578403       21422        3.0        0          202      58668      3149       3323.68    1875.50

Set Statistics
Type     Time(s)  Ops          TPS(ops/s)   Net(M/s)   Get_miss   Min(us)  Max(us)    Avg(us)    Std_dev    Geo_dist  
Period   1        218          218          0.0        0          413      17758      2916       3231.29    1778.51
Global   27       5876         217          0.0        0          334      57462      3202       3471.78    1917.01

Total Statistics
Type     Time(s)  Ops          TPS(ops/s)   Net(M/s)   Get_miss   Min(us)  Max(us)    Avg(us)    Std_dev    Geo_dist  
Period   1        22006        22006        3.0        0          258      18597      3100       3217.49    1870.72
Global   27       584281       21640        3.0        0          202      58668      3149       3325.73    1875.93

[1;1H[2J
Get Statistics
Type     Time(s)  Ops          TPS(ops/s)   Net(M/s)   Get_miss   Min(us)  Max(us)    Avg(us)    Std_dev    Geo_dist  
Period   1        19833        19833        2.9        0          330      19693      3403       3378.42    2029.59
Global   28       598236       21365        2.7        0          202      58668      3157       3326.23    1880.45

Set Statistics
Type     Time(s)  Ops          TPS(ops/s)   Net(M/s)   Get_miss   Min(us)  Max(us)    Avg(us)    Std_dev    Geo_dist  
Period   1        204          204          0.0        0          533      10379      3480       3379.68    2119.00
Global   28       6080         217          0.0        0          334      57462      3212       3468.20    1923.46

Total Statistics
Type     Time(s)  Ops          TPS(ops/s)   Net(M/s)   Get_miss   Min(us)  Max(us)    Avg(us)    Std_dev    Geo_dist  
Period   1        20037        20037        3.0        0          330      19693      3405       3377.59    2031.39
Global   28       604318       21582        2.8        0          202      58668      3158       3327.29    1880.89

[1;1H[2J
Get Statistics
Type     Time(s)  Ops          TPS(ops/s)   Net(M/s)   Get_miss   Min(us)  Max(us)    Avg(us)    Std_dev    Geo_dist  
Period   1        20857        20857        2.9        0          293      20361      3240       3325.90    1908.24
Global   29       619093       21348        2.9        0          202      58668      3160       3326.07    1881.41

Set Statistics
Type     Time(s)  Ops          TPS(ops/s)   Net(M/s)   Get_miss   Min(us)  Max(us)    Avg(us)    Std_dev    Geo_dist  
Period   1        208          208          0.0        0          390      18147      3620       3526.73    2147.90
Global   29       6288         216          0.0        0          334      57462      3225       3471.10    1930.50

Total Statistics
Type     Time(s)  Ops          TPS(ops/s)   Net(M/s)   Get_miss   Min(us)  Max(us)    Avg(us)    Std_dev    Geo_dist  
Period   1        21064        21064        3.0        0          293      20361      3243       3328.54    1910.35
Global   29       625382       21564        2.9        0          202      58668      3161       3327.25    1881.90

[1;1H[2J
Get Statistics
Type     Time(s)  Ops          TPS(ops/s)   Net(M/s)   Get_miss   Min(us)  Max(us)    Avg(us)    Std_dev    Geo_dist  
Period   1        19683        19683        2.9        0          297      78774      3427       5322.87    1920.77
Global   30       638776       21292        2.7        0          202      78774      3168       3405.66    1882.63

Set Statistics
Type     Time(s)  Ops          TPS(ops/s)   Net(M/s)   Get_miss   Min(us)  Max(us)    Avg(us)    Std_dev    Geo_dist  
Period   1        196          196          0.0        0          455      76399      3777       6195.50    2064.34
Global   30       6484         216          0.0        0          334      76399      3242       3584.09    1934.41

Total Statistics
Type     Time(s)  Ops          TPS(ops/s)   Net(M/s)   Get_miss   Min(us)  Max(us)    Avg(us)    Std_dev    Geo_dist  
Period   1        19881        19881        3.0        0          297      78774      3431       5331.88    1922.39
Global   30       645263       21508        2.7        0          202      78774      3169       3407.29    1883.16

[1;1H[2J
Get Statistics
Type     Time(s)  Ops          TPS(ops/s)   Net(M/s)   Get_miss   Min(us)  Max(us)    Avg(us)    Std_dev    Geo_dist  
Period   1        21301        21301        2.9        0          241      19349      3160       3185.29    1892.88
Global   31       660077       21292        2.9        0          202      78774      3168       3398.55    1882.99

Set Statistics
Type     Time(s)  Ops          TPS(ops/s)   Net(M/s)   Get_miss   Min(us)  Max(us)    Avg(us)    Std_dev    Geo_dist  
Period   1        216          216          0.0        0          282      9808       2927       3055.54    1788.29
Global   31       6700         216          0.0        0          282      76399      3232       3568.36    1929.52

Total Statistics
Type     Time(s)  Ops          TPS(ops/s)   Net(M/s)   Get_miss   Min(us)  Max(us)    Avg(us)    Std_dev    Geo_dist  
Period   1        21515        21515        3.0        0          241      19349      3157       3183.74    1891.33
Global   31       666778       21508        3.0        0          202      78774      3169       3399.96    1883.45

[1;1H[2J
Get Statistics
Type     Time(s)  Ops          TPS(ops/s)   Net(M/s)   Get_miss   Min(us)  Max(us)    Avg(us)    Std_dev    Geo_dist  
Period   1        22230        22230        2.9        0          276      19599      3025       3250.89    1778.23
Global   32       682307       21322        3.1        0          202      78774      3163       3394.25    1879.50

Set Statistics
Type     Time(s)  Ops          TPS(ops/s)   Net(M/s)   Get_miss   Min(us)  Max(us)    Avg(us)    Std_dev    Geo_dist  
Period   1        225          225          0.0        0          326      9669       2454       2825.35    1509.06
Global   32       6925         216          0.0        0          282      76399      3206       3549.84    1914.17

Total Statistics
Type     Time(s)  Ops          TPS(ops/s)   Net(M/s)   Get_miss   Min(us)  Max(us)    Avg(us)    Std_dev    Geo_dist  
Period   1        22456        22456        3.0        0          276      19599      3019       3248.21    1775.61
Global   32       689234       21538        3.1        0          202      78774      3164       3395.33    1879.85

[1;1H[2J
Get Statistics
Type     Time(s)  Ops          TPS(ops/s)   Net(M/s)   Get_miss   Min(us)  Max(us)    Avg(us)    Std_dev    Geo_dist  
Period   1        22453        22453        2.9        0          233      11790      2983       3131.27    1770.51
Global   33       704760       21356        3.1        0          202      78774      3158       3385.65    1875.95

Set Statistics
Type     Time(s)  Ops          TPS(ops/s)   Net(M/s)   Get_miss   Min(us)  Max(us)    Avg(us)    Std_dev    Geo_dist  
Period   1        231          231          0.0        0          421      10267      2503       2841.32    1558.25
Global   33       7156         216          0.0        0          282      76399      3184       3530.59    1901.50

Total Statistics
Type     Time(s)  Ops          TPS(ops/s)   Net(M/s)   Get_miss   Min(us)  Max(us)    Avg(us)    Std_dev    Geo_dist  
Period   1        22684        22684        3.0        0          233      11790      2979       3128.67    1768.93
Global   33       711918       21573        3.1        0          202      78774      3158       3387.41    1876.21

[1;1H[2J
Get Statistics
Type     Time(s)  Ops          TPS(ops/s)   Net(M/s)   Get_miss   Min(us)  Max(us)    Avg(us)    Std_dev    Geo_dist  
Period   1        21165        21165        2.9        0          269      38712      3188       3714.64    1854.38
Global   34       725925       21350        2.9        0          202      78774      3158       3396.53    1875.34

Set Statistics
Type     Time(s)  Ops          TPS(ops/s)   Net(M/s)   Get_miss   Min(us)  Max(us)    Avg(us)    Std_dev    Geo_dist  
Period   1        212          212          0.0        0          480      38336      3400       4618.96    1926.93
Global   34       7368         216          0.0        0          282      76399      3190       3566.52    1902.23

Total Statistics
Type     Time(s)  Ops          TPS(ops/s)   Net(M/s)   Get_miss   Min(us)  Max(us)    Avg(us)    Std_dev    Geo_dist  
Period   1        21379        21379        3.0        0          269      38712      3191       3724.40    1856.08
Global   34       733297       21567        2.9        0          202      78774      3159       3397.67    1875.62

[1;1H[2J
Get Statistics
Type     Time(s)  Ops          TPS(ops/s)   Net(M/s)   Get_miss   Min(us)  Max(us)    Avg(us)    Std_dev    Geo_dist  
Period   1        20557        20557        2.9        0          246      22392      3294       3316.84    1950.44
Global   35       746482       21328        2.8        0          202      78774      3162       3394.24    1877.46

Set Statistics
Type     Time(s)  Ops          TPS(ops/s)   Net(M/s)   Get_miss   Min(us)  Max(us)    Avg(us)    Std_dev    Geo_dist  
Period   1        209          209          0.0        0          363      11981      3281       3358.38    1944.65
Global   35       7577         216          0.0        0          282      76399      3192       3561.22    1903.39

Total Statistics
Type     Time(s)  Ops          TPS(ops/s)   Net(M/s)   Get_miss   Min(us)  Max(us)    Avg(us)    Std_dev    Geo_dist  
Period   1        20764        20764        3.0        0          246      22392      3295       3316.66    1952.63
Global   35       754061       21544        2.9        0          202      78774      3163       3395.31    1877.72

[1;1H[2J
Get Statistics
Type     Time(s)  Ops          TPS(ops/s)   Net(M/s)   Get_miss   Min(us)  Max(us)    Avg(us)    Std_dev    Geo_dist  
Period   1        21209        21209        2.9        0          231      19394      3188       3328.87    1865.21
Global   36       767691       21324        2.9        0          202      78774      3163       3392.20    1877.16

Set Statistics
Type     Time(s)  Ops          TPS(ops/s)   Net(M/s)   Get_miss   Min(us)  Max(us)    Avg(us)    Std_dev    Geo_dist  
Period   1        215          215          0.0        0          426      17605      3478       3578.97    2032.72
Global   36       7792         216          0.0        0          282      76399      3200       3561.69    1906.84

Total Statistics
Type     Time(s)  Ops          TPS(ops/s)   Net(M/s)   Get_miss   Min(us)  Max(us)    Avg(us)    Std_dev    Geo_dist  
Period   1        21422        21422        3.0        0          231      19394      3191       3331.72    1867.60
Global   36       775483       21541        2.9        0          202      78774      3163       3394.29    1877.46

[1;1H[2J
Get Statistics
Type     Time(s)  Ops          TPS(ops/s)   Net(M/s)   Get_miss   Min(us)  Max(us)    Avg(us)    Std_dev    Geo_dist  
Period   1        20387        20387        2.9        0          285      29458      3294       3519.45    1927.54
Global   37       788078       21299        2.8        0          202      78774      3166       3395.98    1878.45

Set Statistics
Type     Time(s)  Ops          TPS(ops/s)   Net(M/s)   Get_miss   Min(us)  Max(us)    Avg(us)    Std_dev    Geo_dist  
Period   1        204          204          0.0        0          349      18048      3823       3550.96    2308.24
Global   37       7996         216          0.0        0          282      76399      3216       3562.46    1916.16

Total Statistics
Type     Time(s)  Ops          TPS(ops/s)   Net(M/s)   Get_miss   Min(us)  Max(us)    Avg(us)    Std_dev    Geo_dist  
Period   1        20593        20593        3.0        0          285      29458      3300       3519.72    1931.23
Global   37       796076       21515        2.8        0          202      78774      3167       3397.24    1878.83

[1;1H[2J
Get Statistics
Type     Time(s)  Ops          TPS(ops/s)   Net(M/s)   Get_miss   Min(us)  Max(us)    Avg(us)    Std_dev    Geo_dist  
Period   1        21740        21740        2.9        0          313      18992      3131       3232.53    1846.96
Global   38       809818       21311        3.0        0          202      78774      3165       3391.76    1877.62

Set Statistics
Type     Time(s)  Ops          TPS(ops/s)   Net(M/s)   Get_miss   Min(us)  Max(us)    Avg(us)    Std_dev    Geo_dist  
Period   1        218          218          0.0        0          356      10888      2833       3073.51    1710.50
Global   38       8214         216          0.0        0          282      76399      3206       3550.57    1910.40

Total Statistics
Type     Time(s)  Ops          TPS(ops/s)   Net(M/s)   Get_miss   Min(us)  Max(us)    Avg(us)    Std_dev    Geo_dist  
Period   1        21958        21958        3.0        0          313      18992      3127       3231.76    1844.82
Global   38       818034       21527        3.0        0          202      78774      3166       3392.86    1877.95

[1;1H[2J
Get Statistics
Type     Time(s)  Ops          TPS(ops/s)   Net(M/s)   Get_miss   Min(us)  Max(us)    Avg(us)    Std_dev    Geo_dist  
Period   1        21137        21137        2.9        0          218      21466      3206       3417.39    1836.39
Global   39       830955       21306        2.9        0          202      78774      3166       3392.48    1876.60

Set Statistics
Type     Time(s)  Ops          TPS(ops/s)   Net(M/s)   Get_miss   Min(us)  Max(us)    Avg(us)    Std_dev    Geo_dist  
Period   1        212          212          0.0        0          397      19717      3178       3520.19    1812.20
Global   39       8426         216          0.0        0          282      76399      3205       3549.87    1907.86

Total Statistics
Type     Time(s)  Ops          TPS(ops/s)   Net(M/s)   Get_miss   Min(us)  Max(us)    Avg(us)    Std_dev    Geo_dist  
Period   1        21349        21349        3.0        0          218      21466      3206       3418.54    1836.92
Global   39       839383       21522        2.9        0          202      78774      3167       3393.54    1876.91

[1;1H[2J
Get Statistics
Type     Time(s)  Ops          TPS(ops/s)   Net(M/s)   Get_miss   Min(us)  Max(us)    Avg(us)    Std_dev    Geo_dist  
Period   1        21344        21344        2.9        0          264      19530      3174       3036.56    1978.17
Global   40       852299       21307        2.9        0          202      78774      3167       3383.28    1879.09

Set Statistics
Type     Time(s)  Ops          TPS(ops/s)   Net(M/s)   Get_miss   Min(us)  Max(us)    Avg(us)    Std_dev    Geo_dist  
Period   1        220          220          0.0        0          391      18722      3696       3240.26    2365.74
Global   40       8646         216          0.0        0          282      76399      3218       3542.54    1918.33

Total Statistics
Type     Time(s)  Ops          TPS(ops/s)   Net(M/s)   Get_miss   Min(us)  Max(us)    Avg(us)    Std_dev    Geo_dist  
Period   1        21562        21562        3.0        0          264      19530      3179       3039.26    1982.36
Global   40       860945       21523        3.0        0          202      78774      3167       3385.40    1879.48

[1;1H[2J
Get Statistics
Type     Time(s)  Ops          TPS(ops/s)   Net(M/s)   Get_miss   Min(us)  Max(us)    Avg(us)    Std_dev    Geo_dist  
Period   1        20340        20340        2.9        0          232      20575      3300       3344.48    1962.03
Global   41       872639       21283        2.8        0          202      78774      3170       3382.54    1880.99

Set Statistics
Type     Time(s)  Ops          TPS(ops/s)   Net(M/s)   Get_miss   Min(us)  Max(us)    Avg(us)    Std_dev    Geo_dist  
Period   1        204          204          0.0        0          302      10789      3343       3359.91    1999.13
Global   41       8850         215          0.0        0          282      76399      3221       3538.20    1920.16

Total Statistics
Type     Time(s)  Ops          TPS(ops/s)   Net(M/s)   Get_miss   Min(us)  Max(us)    Avg(us)    Std_dev    Geo_dist  
Period   1        20548        20548        3.0        0          232      20575      3301       3345.07    1962.91
Global   41       881493       21499        2.8        0          202      78774      3170       3384.64    1881.39

[1;1H[2J
Get Statistics
Type     Time(s)  Ops          TPS(ops/s)   Net(M/s)   Get_miss   Min(us)  Max(us)    Avg(us)    Std_dev    Geo_dist  
Period   1        21761        21761        2.9        0          242      12314      3113       3159.50    1893.30
Global   42       894400       21295        3.0        0          202      78774      3168       3377.88    1881.30

Set Statistics
Type     Time(s)  Ops          TPS(ops/s)   Net(M/s)   Get_miss   Min(us)  Max(us)    Avg(us)    Std_dev    Geo_dist  
Period   1        212          212          0.0        0          401      10217      3200       3190.42    1964.19
Global   42       9062         215          0.0        0          282      76399      3220       3530.76    1921.18

Total Statistics
Type     Time(s)  Ops          TPS(ops/s)   Net(M/s)   Get_miss   Min(us)  Max(us)    Avg(us)    Std_dev    Geo_dist  
Period   1        21972        21972        3.0        0          242      12314      3114       3159.62    1894.61
Global   42       903465       21511        3.0        0          202      78774      3169       3379.02    1881.71

[1;1H[2J
Get Statistics
Type     Time(s)  Ops          TPS(ops/s)   Net(M/s)   Get_miss   Min(us)  Max(us)    Avg(us)    Std_dev    Geo_dist  
Period   1        20512        20512        2.9        0          233      28467      3293       3445.29    1950.49
Global   43       914912       21277        2.8        0          202      78774      3171       3379.28    1882.86

Set Statistics
Type     Time(s)  Ops          TPS(ops/s)   Net(M/s)   Get_miss   Min(us)  Max(us)    Avg(us)    Std_dev    Geo_dist  
Period   1        213          213          0.0        0          449      26790      3652       3917.36    2128.41
Global   43       9275         215          0.0        0          282      76399      3230       3540.40    1925.70

Total Statistics
Type     Time(s)  Ops          TPS(ops/s)   Net(M/s)   Get_miss   Min(us)  Max(us)    Avg(us)    Std_dev    Geo_dist  
Period   1        20724        20724        3.0        0          233      28467      3297       3450.78    1953.79
Global   43       924189       21492        2.8        0          202      78774      3172       3380.57    1883.30

[1;1H[2J
Get Statistics
Type     Time(s)  Ops          TPS(ops/s)   Net(M/s)   Get_miss   Min(us)  Max(us)    Avg(us)    Std_dev    Geo_dist  
Period   1        21657        21657        2.9        0          245      18100      3121       3237.25    1866.20
Global   44       936569       21285        3.0        0          202      78774      3170       3375.94    1882.50

Set Statistics
Type     Time(s)  Ops          TPS(ops/s)   Net(M/s)   Get_miss   Min(us)  Max(us)    Avg(us)    Std_dev    Geo_dist  
Period   1        220          220          0.0        0          357      10761      3028       3186.92    1807.43
Global   44       9495         215          0.0        0          282      76399      3225       3532.88    1922.88

Total Statistics
Type     Time(s)  Ops          TPS(ops/s)   Net(M/s)   Get_miss   Min(us)  Max(us)    Avg(us)    Std_dev    Geo_dist  
Period   1        21877        21877        3.0        0          245      18100      3121       3236.18    1866.36
Global   44       946066       21501        3.0        0          202      78774      3171       3377.14    1882.90

[1;1H[2J
Get Statistics
Type     Time(s)  Ops          TPS(ops/s)   Net(M/s)   Get_miss   Min(us)  Max(us)    Avg(us)    Std_dev    Geo_dist  
Period   1        21267        21267        2.9        0          269      20580      3180       3264.07    1873.67
Global   45       957836       21285        2.9        0          202      78774      3170       3373.72    1882.33

Set Statistics
Type     Time(s)  Ops          TPS(ops/s)   Net(M/s)   Get_miss   Min(us)  Max(us)    Avg(us)    Std_dev    Geo_dist  
Period   1        213          213          0.0        0          381      12191      3217       3336.77    1869.38
Global   45       9708         215          0.0        0          282      76399      3225       3528.37    1921.69

Total Statistics
Type     Time(s)  Ops          TPS(ops/s)   Net(M/s)   Get_miss   Min(us)  Max(us)    Avg(us)    Std_dev    Geo_dist  
Period   1        21481        21481        3.0        0          269      20580      3180       3264.56    1873.98
Global   45       967547       21501        2.9        0          202      78774      3171       3374.88    1882.72

[1;1H[2J
Get Statistics
Type     Time(s)  Ops          TPS(ops/s)   Net(M/s)   Get_miss   Min(us)  Max(us)    Avg(us)    Std_dev    Geo_dist  
Period   1        20987        20987        2.9        0          292      19741      3208       3180.53    1951.40
Global   46       978823       21278        2.9        0          202      78774      3171       3369.52    1883.83

Set Statistics
Type     Time(s)  Ops          TPS(ops/s)   Net(M/s)   Get_miss   Min(us)  Max(us)    Avg(us)    Std_dev    Geo_dist  
Period   1        215          215          0.0        0          439      11483      3361       3185.34    2118.26
Global   46       9923         215          0.0        0          282      76399      3228       3521.15    1925.74

Total Statistics
Type     Time(s)  Ops          TPS(ops/s)   Net(M/s)   Get_miss   Min(us)  Max(us)    Avg(us)    Std_dev    Geo_dist  
Period   1        21200        21200        3.0        0          292      19741      3210       3180.41    1954.46
Global   46       988747       21494        2.9        0          202      78774      3172       3370.67    1884.24

[1;1H[2J
Get Statistics
Type     Time(s)  Ops          TPS(ops/s)   Net(M/s)   Get_miss   Min(us)  Max(us)    Avg(us)    Std_dev    Geo_dist  
Period   1        19893        19893        2.9        0          261      87410      3377       5656.19    1946.82
Global   47       998716       21249        2.7        0          202      87410      3175       3430.19    1885.08

Set Statistics
Type     Time(s)  Ops          TPS(ops/s)   Net(M/s)   Get_miss   Min(us)  Max(us)    Avg(us)    Std_dev    Geo_dist  
Period   1        197          197          0.0        0          448      11089      3457       3214.70    2161.28
Global   47       10120        215          0.0        0          282      76399      3233       3514.94    1930.08

Total Statistics
Type     Time(s)  Ops          TPS(ops/s)   Net(M/s)   Get_miss   Min(us)  Max(us)    Avg(us)    Std_dev    Geo_dist  
Period   1        20089        20089        2.9        0          261      87410      3378       5637.39    1948.84
Global   47       1008836      21464        2.8        0          202      87410      3176       3430.67    1885.52

[1;1H[2J
Get Statistics
Type     Time(s)  Ops          TPS(ops/s)   Net(M/s)   Get_miss   Min(us)  Max(us)    Avg(us)    Std_dev    Geo_dist  
Period   1        21250        21250        2.9        0          239      14572      3151       3155.75    1925.87
Global   48       1019966      21249        2.9        0          202      87410      3175       3424.24    1885.92

Set Statistics
Type     Time(s)  Ops          TPS(ops/s)   Net(M/s)   Get_miss   Min(us)  Max(us)    Avg(us)    Std_dev    Geo_dist  
Period   1        212          212          0.0        0          434      11034      3368       3260.99    2054.33
Global   48       10332        215          0.0        0          282      76399      3235       3510.53    1932.55

Total Statistics
Type     Time(s)  Ops          TPS(ops/s)   Net(M/s)   Get_miss   Min(us)  Max(us)    Avg(us)    Std_dev    Geo_dist  
Period   1        21463        21463        2.9        0          239      14572      3153       3157.17    1927.22
Global   48       1030299      21464        2.9        0          202      87410      3175       3425.68    1886.38

[1;1H[2J
Get Statistics
Type     Time(s)  Ops          TPS(ops/s)   Net(M/s)   Get_miss   Min(us)  Max(us)    Avg(us)    Std_dev    Geo_dist  
Period   1        20157        20157        2.9        0          274      22860      3355       3426.63    2001.85
Global   49       1040123      21227        2.8        0          202      87410      3178       3424.83    1888.12

Set Statistics
Type     Time(s)  Ops          TPS(ops/s)   Net(M/s)   Get_miss   Min(us)  Max(us)    Avg(us)    Std_dev    Geo_dist  
Period   1        209          209          0.0        0          510      17246      3748       3576.50    2267.41
Global   49       10541        215          0.0        0          282      76399      3246       3511.64    1938.68

Total Statistics
Type     Time(s)  Ops          TPS(ops/s)   Net(M/s)   Get_miss   Min(us)  Max(us)    Avg(us)    Std_dev    Geo_dist  
Period   1        20365        20365        2.9        0          274      22860      3358       3428.40    2002.54
Global   49       1050664      21442        2.8        0          202      87410      3179       3425.42    1888.62

[1;1H[2J
Get Statistics
Type     Time(s)  Ops          TPS(ops/s)   Net(M/s)   Get_miss   Min(us)  Max(us)    Avg(us)    Std_dev    Geo_dist  
Period   1        19829        19829        2.9        0          211      75246      3275       4033.85    1901.80
Global   50       1059952      21199        2.7        0          202      87410      3180       3437.07    1888.37

Set Statistics
Type     Time(s)  Ops          TPS(ops/s)   Net(M/s)   Get_miss   Min(us)  Max(us)    Avg(us)    Std_dev    Geo_dist  
Period   1        203          203          0.0        0          520      55663      3645       5041.07    2100.73
Global   50       10744        214          0.0        0          282      76399      3253       3547.24    1941.62

Total Statistics
Type     Time(s)  Ops          TPS(ops/s)   Net(M/s)   Get_miss   Min(us)  Max(us)    Avg(us)    Std_dev    Geo_dist  
Period   1        20032        20032        2.9        0          211      75246      3279       4045.13    1903.72
Global   50       1070696      21413        2.8        0          202      87410      3181       3437.95    1888.90

[1;1H[2J
Get Statistics
Type     Time(s)  Ops          TPS(ops/s)   Net(M/s)   Get_miss   Min(us)  Max(us)    Avg(us)    Std_dev    Geo_dist  
Period   1        20392        20392        2.9        0          239      161311     3457       6676.21    1878.45
Global   51       1080344      21183        2.8        0          202      161311     3185       3526.27    1888.18

Set Statistics
Type     Time(s)  Ops          TPS(ops/s)   Net(M/s)   Get_miss   Min(us)  Max(us)    Avg(us)    Std_dev    Geo_dist  
Period   1        202          202          0.0        0          292      159418     4141       11556.62   1954.11
Global   51       10946        214          0.0        0          282      159418     3270       3848.85    1941.85

Total Statistics
Type     Time(s)  Ops          TPS(ops/s)   Net(M/s)   Get_miss   Min(us)  Max(us)    Avg(us)    Std_dev    Geo_dist  
Period   1        20594        20594        2.9        0          239      161311     3464       6740.97    1879.18
Global   51       1091290      21397        2.8        0          202      161311     3186       3529.53    1888.71

[1;1H[2J
Get Statistics
Type     Time(s)  Ops          TPS(ops/s)   Net(M/s)   Get_miss   Min(us)  Max(us)    Avg(us)    Std_dev    Geo_dist  
Period   1        21647        21647        2.9        0          248      15963      3103       3218.93    1859.99
Global   52       1101991      21192        3.0        0          202      161311     3184       3519.95    1887.61

Set Statistics
Type     Time(s)  Ops          TPS(ops/s)   Net(M/s)   Get_miss   Min(us)  Max(us)    Avg(us)    Std_dev    Geo_dist  
Period   1        219          219          0.0        0          429      10936      3315       3203.36    2020.09
Global   52       11165        214          0.0        0          282      159418     3270       3837.87    1943.36

Total Statistics
Type     Time(s)  Ops          TPS(ops/s)   Net(M/s)   Get_miss   Min(us)  Max(us)    Avg(us)    Std_dev    Geo_dist  
Period   1        21870        21870        2.9        0          248      15963      3106       3218.25    1861.20
Global   52       1113160      21406        3.0        0          202      161311     3184       3524.08    1888.17

[1;1H[2J
Get Statistics
Type     Time(s)  Ops          TPS(ops/s)   Net(M/s)   Get_miss   Min(us)  Max(us)    Avg(us)    Std_dev    Geo_dist  
Period   1        21490        21490        2.9        0          330      19472      3136       3250.93    1866.30
Global   53       1123481      21197        3.0        0          202      161311     3183       3515.09    1887.23

Set Statistics
Type     Time(s)  Ops          TPS(ops/s)   Net(M/s)   Get_miss   Min(us)  Max(us)    Avg(us)    Std_dev    Geo_dist  
Period   1        218          218          0.0        0          460      11411      3044       3179.34    1839.31
Global   53       11383        214          0.0        0          282      159418     3266       3826.05    1941.31

Total Statistics
Type     Time(s)  Ops          TPS(ops/s)   Net(M/s)   Get_miss   Min(us)  Max(us)    Avg(us)    Std_dev    Geo_dist  
Period   1        21703        21703        2.9        0          330      19472      3135       3250.08    1867.00
Global   53       1134863      21412        3.0        0          202      161311     3184       3518.20    1887.78

[1;1H[2J
Get Statistics
Type     Time(s)  Ops          TPS(ops/s)   Net(M/s)   Get_miss   Min(us)  Max(us)    Avg(us)    Std_dev    Geo_dist  
Period   1        21639        21639        2.9        0          255      37441      3127       3341.78    1833.22
Global   54       1145120      21205        3.0        0          202      161311     3182       3511.85    1886.19

Set Statistics
Type     Time(s)  Ops          TPS(ops/s)   Net(M/s)   Get_miss   Min(us)  Max(us)    Avg(us)    Std_dev    Geo_dist  
Period   1        215          215          0.0        0          476      11326      3470       3428.28    2050.74
Global   54       11598        214          0.0        0          282      159418     3270       3818.83    1943.29

Total Statistics
Type     Time(s)  Ops          TPS(ops/s)   Net(M/s)   Get_miss   Min(us)  Max(us)    Avg(us)    Std_dev    Geo_dist  
Period   1        21855        21855        2.9        0          255      37441      3131       3342.01    1834.62
Global   54       1156718      21420        3.0        0          202      161311     3183       3514.96    1886.76

[1;1H[2J
Get Statistics
Type     Time(s)  Ops          TPS(ops/s)   Net(M/s)   Get_miss   Min(us)  Max(us)    Avg(us)    Std_dev    Geo_dist  
Period   1        22305        22305        2.9        0          260      12580      3014       3132.53    1801.32
Global   55       1167425      21225        3.1        0          202      161311     3178       3505.77    1884.54

Set Statistics
Type     Time(s)  Ops          TPS(ops/s)   Net(M/s)   Get_miss   Min(us)  Max(us)    Avg(us)    Std_dev    Geo_dist  
Period   1        231          231          0.0        0          329      12337      2826       3019.38    1734.51
Global   55       11829        215          0.0        0          282      159418     3261       3805.50    1938.98

Total Statistics
Type     Time(s)  Ops          TPS(ops/s)   Net(M/s)   Get_miss   Min(us)  Max(us)    Avg(us)    Std_dev    Geo_dist  
Period   1        22538        22538        2.9        0          260      12580      3012       3132.02    1800.85
Global   55       1179256      21441        3.1        0          202      161311     3179       3508.77    1885.08

[1;1H[2J
Get Statistics
Type     Time(s)  Ops          TPS(ops/s)   Net(M/s)   Get_miss   Min(us)  Max(us)    Avg(us)    Std_dev    Geo_dist  
Period   1        21600        21600        2.9        0          289      38940      3121       3624.40    1837.06
Global   56       1189025      21232        3.0        0          202      161311     3177       3507.95    1883.69

Set Statistics
Type     Time(s)  Ops          TPS(ops/s)   Net(M/s)   Get_miss   Min(us)  Max(us)    Avg(us)    Std_dev    Geo_dist  
Period   1        214          214          0.0        0          320      38005      3012       3970.45    1728.94
Global   56       12043        215          0.0        0          282      159418     3257       3808.10    1935.03

Total Statistics
Type     Time(s)  Ops          TPS(ops/s)   Net(M/s)   Get_miss   Min(us)  Max(us)    Avg(us)    Std_dev    Geo_dist  
Period   1        21816        21816        2.9        0          289      38940      3121       3627.68    1836.95
Global   56       1201072      21447        3.0        0          202      161311     3178       3510.93    1884.21

[1;1H[2J
Get Statistics
Type     Time(s)  Ops          TPS(ops/s)   Net(M/s)   Get_miss   Min(us)  Max(us)    Avg(us)    Std_dev    Geo_dist  
Period   1        22783        22783        2.9        0          261      11708      2974       3121.68    1787.24
Global   57       1211808      21259        3.1        0          202      161311     3174       3500.48    1881.89

Set Statistics
Type     Time(s)  Ops          TPS(ops/s)   Net(M/s)   Get_miss   Min(us)  Max(us)    Avg(us)    Std_dev    Geo_dist  
Period   1        230          230          0.0        0          400      10353      2981       3148.34    1784.39
Global   57       12273        215          0.0        0          282      159418     3252       3796.72    1932.09

Total Statistics
Type     Time(s)  Ops          TPS(ops/s)   Net(M/s)   Get_miss   Min(us)  Max(us)    Avg(us)    Std_dev    Geo_dist  
Period   1        23009        23009        2.9        0          261      11708      2974       3122.09    1788.85
Global   57       1224081      21475        3.2        0          202      161311     3174       3504.29    1882.38

[1;1H[2J
Get Statistics
Type     Time(s)  Ops          TPS(ops/s)   Net(M/s)   Get_miss   Min(us)  Max(us)    Avg(us)    Std_dev    Geo_dist  
Period   1        22240        22240        2.9        0          237      21620      3026       3250.86    1775.29
Global   58       1234048      21276        3.1        0          202      161311     3171       3496.49    1879.91

Set Statistics
Type     Time(s)  Ops          TPS(ops/s)   Net(M/s)   Get_miss   Min(us)  Max(us)    Avg(us)    Std_dev    Geo_dist  
Period   1        228          228          0.0        0          532      10397      3127       3162.67    1895.53
Global   58       12501        215          0.0        0          282      159418     3249       3786.66    1931.42

Total Statistics
Type     Time(s)  Ops          TPS(ops/s)   Net(M/s)   Get_miss   Min(us)  Max(us)    Avg(us)    Std_dev    Geo_dist  
Period   1        22470        22470        3.0        0          237      21620      3027       3250.38    1776.69
Global   58       1246551      21492        3.1        0          202      161311     3172       3499.34    1880.42

[1;1H[2J
Get Statistics
Type     Time(s)  Ops          TPS(ops/s)   Net(M/s)   Get_miss   Min(us)  Max(us)    Avg(us)    Std_dev    Geo_dist  
Period   1        21547        21547        2.9        0          233      13416      3135       3175.71    1902.24
Global   59       1255595      21281        3.0        0          202      161311     3170       3491.60    1880.32

Set Statistics
Type     Time(s)  Ops          TPS(ops/s)   Net(M/s)   Get_miss   Min(us)  Max(us)    Avg(us)    Std_dev    Geo_dist  
Period   1        215          215          0.0        0          390      10030      3006       3120.99    1818.43
Global   59       12716        215          0.0        0          282      159418     3245       3776.31    1929.45

Total Statistics
Type     Time(s)  Ops          TPS(ops/s)   Net(M/s)   Get_miss   Min(us)  Max(us)    Avg(us)    Std_dev    Geo_dist  
Period   1        21760        21760        3.0        0          233      13416      3133       3175.77    1901.94
Global   59       1268311      21496        3.0        0          202      161311     3171       3494.35    1880.80

[1;1H[2J
Get Statistics
Type     Time(s)  Ops          TPS(ops/s)   Net(M/s)   Get_miss   Min(us)  Max(us)    Avg(us)    Std_dev    Geo_dist  
Period   1        22480        22480        2.9        0          220      19614      3007       3282.73    1769.73
Global   60       1278075      21301        3.1        0          202      161311     3167       3488.22    1878.31

Set Statistics
Type     Time(s)  Ops          TPS(ops/s)   Net(M/s)   Get_miss   Min(us)  Max(us)    Avg(us)    Std_dev    Geo_dist  
Period   1        233          233          0.0        0          404      9893       2549       2938.75    1517.03
Global   60       12949        215          0.0        0          282      159418     3233       3763.49    1921.12

Total Statistics
Type     Time(s)  Ops          TPS(ops/s)   Net(M/s)   Get_miss   Min(us)  Max(us)    Avg(us)    Std_dev    Geo_dist  
Period   1        22717        22717        3.0        0          220      19614      3002       3278.84    1765.27
Global   60       1291028      21517        3.1        0          202      161311     3168       3490.77    1878.73

Get Statistics (1278308 events)
   Min:       202
   Max:    161311
   Avg:      3167
   Geo:   1878.28
   Std:   3488.19
   Log2 Dist:
       8:       50    22239   468154   359574
      12:    54215   261397   110442     1777
      16:      301      134       25

Set Statistics (12949 events)
   Min:       282
   Max:    159418
   Avg:      3233
   Geo:   1921.12
   Std:   3763.49
   Log2 Dist:
       8:        0      186     4534     3853
      12:      560     2541     1245       21
      16:        7        1        1

Total Statistics (1291257 events)
   Min:       202
   Max:    161311
   Avg:      3168
   Geo:   1878.70
   Std:   3490.76
   Log2 Dist:
       8:       50    22425   472688   363427
      12:    54775   263938   111687     1798
      16:      308      135       26

cmd_get: 1278375
cmd_set: 12950
get_misses: 0
written_bytes: 30194616
read_bytes: 211024412
object_bytes: 1864800

Run time: 60.4s Ops: 1291325 TPS: 21375 Net_rate: 3.8M/s
