servers : 10.0.0.6:9000
threads count: 105
concurrency: 105
run time: 60s
windows size: 10k
set proportion: set_prop=0.01
get proportion: get_prop=0.99
[1;1H[2J
Get Statistics
Type     Time(s)  Ops          TPS(ops/s)   Net(M/s)   Get_miss   Min(us)  Max(us)    Avg(us)    Std_dev    Geo_dist  
Period   1        23821        23821        3.3        0          333      62720      4330       4002.28    2701.29
Global   1        23821        23821        3.3        0          333      62720      4330       4002.28    2701.29

Set Statistics
Type     Time(s)  Ops          TPS(ops/s)   Net(M/s)   Get_miss   Min(us)  Max(us)    Avg(us)    Std_dev    Geo_dist  
Period   1        309          309          0.0        0          591      14967      4846       3693.21    3327.66
Global   1        309          309          0.0        0          591      14967      4846       3693.21    3327.66

Total Statistics
Type     Time(s)  Ops          TPS(ops/s)   Net(M/s)   Get_miss   Min(us)  Max(us)    Avg(us)    Std_dev    Geo_dist  
Period   1        24130        24130        3.3        0          333      62720      4337       3998.39    2708.51
Global   1        24130        24130        3.3        0          333      62720      4337       3998.39    2708.51

[1;1H[2J
Get Statistics
Type     Time(s)  Ops          TPS(ops/s)   Net(M/s)   Get_miss   Min(us)  Max(us)    Avg(us)    Std_dev    Geo_dist  
Period   1        24288        24288        3.3        0          340      29325      4309       3808.03    2700.20
Global   2        48109        24054        3.3        0          333      62720      4320       3904.73    2700.74

Set Statistics
Type     Time(s)  Ops          TPS(ops/s)   Net(M/s)   Get_miss   Min(us)  Max(us)    Avg(us)    Std_dev    Geo_dist  
Period   1        240          240          0.0        0          504      24205      4548       4145.91    2882.33
Global   2        549          274          0.0        0          504      24205      4715       3897.61    3125.09

Total Statistics
Type     Time(s)  Ops          TPS(ops/s)   Net(M/s)   Get_miss   Min(us)  Max(us)    Avg(us)    Std_dev    Geo_dist  
Period   1        24530        24530        3.3        0          340      29325      4312       3810.96    2702.15
Global   2        48660        24330        3.4        0          333      62720      4324       3905.45    2705.30

[1;1H[2J
Get Statistics
Type     Time(s)  Ops          TPS(ops/s)   Net(M/s)   Get_miss   Min(us)  Max(us)    Avg(us)    Std_dev    Geo_dist  
Period   1        25344        25344        3.4        0          258      30340      4128       3661.15    2545.94
Global   3        73453        24484        3.5        0          258      62720      4254       3823.43    2646.93

Set Statistics
Type     Time(s)  Ops          TPS(ops/s)   Net(M/s)   Get_miss   Min(us)  Max(us)    Avg(us)    Std_dev    Geo_dist  
Period   1        242          242          0.0        0          455      18776      4137       3677.35    2563.63
Global   3        791          263          0.0        0          455      24205      4538       3838.71    2941.37

Total Statistics
Type     Time(s)  Ops          TPS(ops/s)   Net(M/s)   Get_miss   Min(us)  Max(us)    Avg(us)    Std_dev    Geo_dist  
Period   1        25586        25586        3.4        0          258      30340      4129       3660.86    2547.89
Global   3        74246        24748        3.5        0          258      62720      4257       3823.81    2649.99

[1;1H[2J
Get Statistics
Type     Time(s)  Ops          TPS(ops/s)   Net(M/s)   Get_miss   Min(us)  Max(us)    Avg(us)    Std_dev    Geo_dist  
Period   1        25337        25337        3.4        0          276      29354      4110       3647.52    2542.85
Global   4        98790        24697        3.5        0          258      62720      4217       3779.84    2620.32

Set Statistics
Type     Time(s)  Ops          TPS(ops/s)   Net(M/s)   Get_miss   Min(us)  Max(us)    Avg(us)    Std_dev    Geo_dist  
Period   1        259          259          0.0        0          361      11459      3704       3486.01    2271.17
Global   4        1050         262          0.0        0          361      24205      4333       3769.53    2759.61

Total Statistics
Type     Time(s)  Ops          TPS(ops/s)   Net(M/s)   Get_miss   Min(us)  Max(us)    Avg(us)    Std_dev    Geo_dist  
Period   1        25596        25596        3.4        0          276      29354      4107       3645.40    2541.71
Global   4        99842        24960        3.5        0          258      62720      4219       3778.91    2621.80

[1;1H[2J
Get Statistics
Type     Time(s)  Ops          TPS(ops/s)   Net(M/s)   Get_miss   Min(us)  Max(us)    Avg(us)    Std_dev    Geo_dist  
Period   1        25138        25138        3.4        0          225      39997      4126       3740.63    2527.57
Global   5        123928       24785        3.5        0          225      62720      4199       3771.63    2601.42

Set Statistics
Type     Time(s)  Ops          TPS(ops/s)   Net(M/s)   Get_miss   Min(us)  Max(us)    Avg(us)    Std_dev    Geo_dist  
Period   1        255          255          0.0        0          482      18209      4194       3693.20    2598.97
Global   5        1305         261          0.0        0          361      24205      4306       3753.55    2727.46

Total Statistics
Type     Time(s)  Ops          TPS(ops/s)   Net(M/s)   Get_miss   Min(us)  Max(us)    Avg(us)    Std_dev    Geo_dist  
Period   1        25392        25392        3.4        0          225      39997      4126       3740.42    2527.28
Global   5        125234       25046        3.5        0          225      62720      4200       3771.59    2602.72

[1;1H[2J
Get Statistics
Type     Time(s)  Ops          TPS(ops/s)   Net(M/s)   Get_miss   Min(us)  Max(us)    Avg(us)    Std_dev    Geo_dist  
Period   1        24476        24476        3.4        0          307      37344      4257       3861.75    2604.82
Global   6        148404       24734        3.4        0          225      62720      4208       3787.37    2602.14

Set Statistics
Type     Time(s)  Ops          TPS(ops/s)   Net(M/s)   Get_miss   Min(us)  Max(us)    Avg(us)    Std_dev    Geo_dist  
Period   1        249          249          0.0        0          532      22817      4306       3956.74    2608.65
Global   6        1554         259          0.0        0          361      24205      4306       3785.54    2708.07

Total Statistics
Type     Time(s)  Ops          TPS(ops/s)   Net(M/s)   Get_miss   Min(us)  Max(us)    Avg(us)    Std_dev    Geo_dist  
Period   1        24724        24724        3.4        0          307      37344      4258       3862.26    2605.69
Global   6        149958       24993        3.4        0          225      62720      4209       3787.36    2603.21

[1;1H[2J
Get Statistics
Type     Time(s)  Ops          TPS(ops/s)   Net(M/s)   Get_miss   Min(us)  Max(us)    Avg(us)    Std_dev    Geo_dist  
Period   1        24417        24417        3.4        0          248      29796      4246       3667.40    2668.75
Global   7        172821       24688        3.4        0          225      62720      4214       3769.95    2611.45

Set Statistics
Type     Time(s)  Ops          TPS(ops/s)   Net(M/s)   Get_miss   Min(us)  Max(us)    Avg(us)    Std_dev    Geo_dist  
Period   1        244          244          0.0        0          445      19313      4321       3716.09    2733.85
Global   7        1798         256          0.0        0          361      24205      4308       3775.21    2711.55

Total Statistics
Type     Time(s)  Ops          TPS(ops/s)   Net(M/s)   Get_miss   Min(us)  Max(us)    Avg(us)    Std_dev    Geo_dist  
Period   1        24663        24663        3.4        0          248      29796      4247       3667.85    2669.62
Global   7        174621       24945        3.4        0          225      62720      4215       3770.02    2612.49

[1;1H[2J
Get Statistics
Type     Time(s)  Ops          TPS(ops/s)   Net(M/s)   Get_miss   Min(us)  Max(us)    Avg(us)    Std_dev    Geo_dist  
Period   1        23850        23850        3.4        0          294      29962      4356       3864.99    2699.58
Global   8        196671       24583        3.3        0          225      62720      4231       3782.17    2622.10

Set Statistics
Type     Time(s)  Ops          TPS(ops/s)   Net(M/s)   Get_miss   Min(us)  Max(us)    Avg(us)    Std_dev    Geo_dist  
Period   1        239          239          0.0        0          469      29111      4091       3988.80    2500.59
Global   8        2037         254          0.0        0          361      29111      4282       3801.12    2685.91

Total Statistics
Type     Time(s)  Ops          TPS(ops/s)   Net(M/s)   Get_miss   Min(us)  Max(us)    Avg(us)    Std_dev    Geo_dist  
Period   1        24091        24091        3.4        0          294      29962      4354       3866.26    2698.79
Global   8        198712       24839        3.3        0          225      62720      4232       3781.91    2622.80

[1;1H[2J
Get Statistics
Type     Time(s)  Ops          TPS(ops/s)   Net(M/s)   Get_miss   Min(us)  Max(us)    Avg(us)    Std_dev    Geo_dist  
Period   1        24225        24225        3.4        0          282      49549      4298       3836.70    2665.57
Global   9        220896       24544        3.3        0          225      62720      4238       3788.67    2626.94

Set Statistics
Type     Time(s)  Ops          TPS(ops/s)   Net(M/s)   Get_miss   Min(us)  Max(us)    Avg(us)    Std_dev    Geo_dist  
Period   1        243          243          0.0        0          581      13277      4517       3545.29    2962.69
Global   9        2280         253          0.0        0          361      29111      4307       3774.69    2714.13

Total Statistics
Type     Time(s)  Ops          TPS(ops/s)   Net(M/s)   Get_miss   Min(us)  Max(us)    Avg(us)    Std_dev    Geo_dist  
Period   1        24465        24465        3.4        0          282      49549      4300       3833.59    2668.70
Global   9        223177       24797        3.4        0          225      62720      4239       3788.17    2627.80

[1;1H[2J
Get Statistics
Type     Time(s)  Ops          TPS(ops/s)   Net(M/s)   Get_miss   Min(us)  Max(us)    Avg(us)    Std_dev    Geo_dist  
Period   1        25016        25016        3.4        0          347      40690      4162       3749.75    2595.57
Global   10       245912       24591        3.4        0          225      62720      4231       3783.97    2623.80

Set Statistics
Type     Time(s)  Ops          TPS(ops/s)   Net(M/s)   Get_miss   Min(us)  Max(us)    Avg(us)    Std_dev    Geo_dist  
Period   1        260          260          0.0        0          496      18881      4196       3704.78    2652.32
Global   10       2540         254          0.0        0          361      29111      4296       3766.61    2707.74

Total Statistics
Type     Time(s)  Ops          TPS(ops/s)   Net(M/s)   Get_miss   Min(us)  Max(us)    Avg(us)    Std_dev    Geo_dist  
Period   1        25277        25277        3.4        0          347      40690      4163       3748.90    2596.49
Global   10       248454       24845        3.5        0          225      62720      4231       3784.56    2624.66

[1;1H[2J
Get Statistics
Type     Time(s)  Ops          TPS(ops/s)   Net(M/s)   Get_miss   Min(us)  Max(us)    Avg(us)    Std_dev    Geo_dist  
Period   1        25183        25183        3.4        0          323      32019      4200       3677.74    2622.44
Global   11       271095       24645        3.5        0          225      62720      4228       3774.39    2623.76

Set Statistics
Type     Time(s)  Ops          TPS(ops/s)   Net(M/s)   Get_miss   Min(us)  Max(us)    Avg(us)    Std_dev    Geo_dist  
Period   1        253          253          0.0        0          461      30905      4167       3999.35    2566.72
Global   11       2793         253          0.0        0          361      30905      4284       3788.07    2694.65

Total Statistics
Type     Time(s)  Ops          TPS(ops/s)   Net(M/s)   Get_miss   Min(us)  Max(us)    Avg(us)    Std_dev    Geo_dist  
Period   1        25436        25436        3.4        0          323      32019      4199       3681.78    2621.89
Global   11       273890       24899        3.5        0          225      62720      4228       3775.19    2624.49

[1;1H[2J
Get Statistics
Type     Time(s)  Ops          TPS(ops/s)   Net(M/s)   Get_miss   Min(us)  Max(us)    Avg(us)    Std_dev    Geo_dist  
Period   1        23206        23206        3.4        0          269      68954      4506       4102.07    2759.47
Global   12       294301       24525        3.2        0          225      68954      4250       3801.92    2634.29

Set Statistics
Type     Time(s)  Ops          TPS(ops/s)   Net(M/s)   Get_miss   Min(us)  Max(us)    Avg(us)    Std_dev    Geo_dist  
Period   1        236          236          0.0        0          568      20100      4501       3858.50    2815.14
Global   12       3029         252          0.0        0          361      30905      4301       3793.30    2703.85

Total Statistics
Type     Time(s)  Ops          TPS(ops/s)   Net(M/s)   Get_miss   Min(us)  Max(us)    Avg(us)    Std_dev    Geo_dist  
Period   1        23448        23448        3.4        0          269      68954      4505       4099.26    2760.00
Global   12       297338       24778        3.2        0          225      68954      4250       3802.30    2634.93

[1;1H[2J
Get Statistics
Type     Time(s)  Ops          TPS(ops/s)   Net(M/s)   Get_miss   Min(us)  Max(us)    Avg(us)    Std_dev    Geo_dist  
Period   1        23383        23383        3.4        0          289      67319      4393       4112.51    2708.23
Global   13       317684       24437        3.2        0          225      68954      4260       3826.41    2639.78

Set Statistics
Type     Time(s)  Ops          TPS(ops/s)   Net(M/s)   Get_miss   Min(us)  Max(us)    Avg(us)    Std_dev    Geo_dist  
Period   1        235          235          0.0        0          577      28956      4324       3967.14    2705.29
Global   13       3264         251          0.0        0          361      30905      4303       3805.07    2703.95

Total Statistics
Type     Time(s)  Ops          TPS(ops/s)   Net(M/s)   Get_miss   Min(us)  Max(us)    Avg(us)    Std_dev    Geo_dist  
Period   1        23612        23612        3.4        0          289      67319      4394       4110.86    2710.83
Global   13       320950       24688        3.2        0          225      68954      4261       3825.58    2640.44

[1;1H[2J
Get Statistics
Type     Time(s)  Ops          TPS(ops/s)   Net(M/s)   Get_miss   Min(us)  Max(us)    Avg(us)    Std_dev    Geo_dist  
Period   1        23963        23963        3.4        0          288      42600      4334       3942.70    2637.05
Global   14       341647       24403        3.3        0          225      68954      4266       3833.84    2639.66

Set Statistics
Type     Time(s)  Ops          TPS(ops/s)   Net(M/s)   Get_miss   Min(us)  Max(us)    Avg(us)    Std_dev    Geo_dist  
Period   1        239          239          0.0        0          435      19735      4483       3735.93    2855.79
Global   14       3503         250          0.0        0          361      30905      4315       3800.45    2714.05

Total Statistics
Type     Time(s)  Ops          TPS(ops/s)   Net(M/s)   Get_miss   Min(us)  Max(us)    Avg(us)    Std_dev    Geo_dist  
Period   1        24202        24202        3.4        0          288      42600      4335       3941.23    2639.13
Global   14       345152       24653        3.3        0          225      68954      4266       3834.07    2640.42

[1;1H[2J
Get Statistics
Type     Time(s)  Ops          TPS(ops/s)   Net(M/s)   Get_miss   Min(us)  Max(us)    Avg(us)    Std_dev    Geo_dist  
Period   1        24799        24799        3.4        0          306      37417      4207       3726.97    2603.41
Global   15       366446       24429        3.4        0          225      68954      4262       3826.78    2637.32

Set Statistics
Type     Time(s)  Ops          TPS(ops/s)   Net(M/s)   Get_miss   Min(us)  Max(us)    Avg(us)    Std_dev    Geo_dist  
Period   1        252          252          0.0        0          355      11713      4373       3687.36    2707.98
Global   15       3755         250          0.0        0          355      30905      4319       3792.40    2713.64

Total Statistics
Type     Time(s)  Ops          TPS(ops/s)   Net(M/s)   Get_miss   Min(us)  Max(us)    Avg(us)    Std_dev    Geo_dist  
Period   1        25051        25051        3.4        0          306      37417      4209       3726.43    2605.37
Global   15       370203       24680        3.4        0          225      68954      4262       3827.09    2638.10

[1;1H[2J
Get Statistics
Type     Time(s)  Ops          TPS(ops/s)   Net(M/s)   Get_miss   Min(us)  Max(us)    Avg(us)    Std_dev    Geo_dist  
Period   1        24631        24631        3.4        0          275      30788      4251       3664.54    2650.04
Global   16       391077       24442        3.4        0          225      68954      4261       3817.12    2638.18

Set Statistics
Type     Time(s)  Ops          TPS(ops/s)   Net(M/s)   Get_miss   Min(us)  Max(us)    Avg(us)    Std_dev    Geo_dist  
Period   1        241          241          0.0        0          470      12446      3809       3570.17    2330.09
Global   16       3996         249          0.0        0          355      30905      4288       3781.16    2688.82

Total Statistics
Type     Time(s)  Ops          TPS(ops/s)   Net(M/s)   Get_miss   Min(us)  Max(us)    Avg(us)    Std_dev    Geo_dist  
Period   1        24871        24871        3.4        0          275      30788      4246       3663.84    2644.72
Global   16       395074       24692        3.4        0          225      68954      4261       3817.07    2638.69

[1;1H[2J
Get Statistics
Type     Time(s)  Ops          TPS(ops/s)   Net(M/s)   Get_miss   Min(us)  Max(us)    Avg(us)    Std_dev    Geo_dist  
Period   1        24246        24246        3.4        0          321      29502      4290       3760.60    2677.74
Global   17       415323       24430        3.3        0          225      68954      4263       3813.50    2640.47

Set Statistics
Type     Time(s)  Ops          TPS(ops/s)   Net(M/s)   Get_miss   Min(us)  Max(us)    Avg(us)    Std_dev    Geo_dist  
Period   1        249          249          0.0        0          448      29500      4547       4137.35    2809.22
Global   17       4245         249          0.0        0          355      30905      4303       3803.16    2695.74

Total Statistics
Type     Time(s)  Ops          TPS(ops/s)   Net(M/s)   Get_miss   Min(us)  Max(us)    Avg(us)    Std_dev    Geo_dist  
Period   1        24496        24496        3.4        0          321      29502      4293       3764.01    2679.09
Global   17       419570       24680        3.4        0          225      68954      4263       3813.85    2641.03

[1;1H[2J
Get Statistics
Type     Time(s)  Ops          TPS(ops/s)   Net(M/s)   Get_miss   Min(us)  Max(us)    Avg(us)    Std_dev    Geo_dist  
Period   1        23689        23689        3.3        0          227      38655      4369       3803.81    2740.58
Global   18       439012       24389        3.3        0          225      68954      4268       3813.87    2645.83

Set Statistics
Type     Time(s)  Ops          TPS(ops/s)   Net(M/s)   Get_miss   Min(us)  Max(us)    Avg(us)    Std_dev    Geo_dist  
Period   1        244          244          0.0        0          476      13144      4670       3821.31    2940.95
Global   18       4489         249          0.0        0          355      30905      4323       3804.57    2708.52

Total Statistics
Type     Time(s)  Ops          TPS(ops/s)   Net(M/s)   Get_miss   Min(us)  Max(us)    Avg(us)    Std_dev    Geo_dist  
Period   1        23934        23934        3.4        0          227      38655      4372       3804.65    2743.71
Global   18       443504       24639        3.3        0          225      68954      4269       3813.29    2646.48

[1;1H[2J
Get Statistics
Type     Time(s)  Ops          TPS(ops/s)   Net(M/s)   Get_miss   Min(us)  Max(us)    Avg(us)    Std_dev    Geo_dist  
Period   1        24369        24369        3.3        0          281      38300      4249       3799.53    2604.86
Global   19       463381       24388        3.3        0          225      68954      4267       3813.14    2643.76

Set Statistics
Type     Time(s)  Ops          TPS(ops/s)   Net(M/s)   Get_miss   Min(us)  Max(us)    Avg(us)    Std_dev    Geo_dist  
Period   1        246          246          0.0        0          457      15049      4251       3641.97    2724.53
Global   19       4735         249          0.0        0          355      30905      4320       3795.11    2709.35

Total Statistics
Type     Time(s)  Ops          TPS(ops/s)   Net(M/s)   Get_miss   Min(us)  Max(us)    Avg(us)    Std_dev    Geo_dist  
Period   1        24612        24612        3.4        0          281      38300      4250       3797.05    2607.59
Global   19       468116       24637        3.4        0          225      68954      4268       3812.44    2644.42

[1;1H[2J
Get Statistics
Type     Time(s)  Ops          TPS(ops/s)   Net(M/s)   Get_miss   Min(us)  Max(us)    Avg(us)    Std_dev    Geo_dist  
Period   1        22924        22924        3.3        0          283      59921      4489       5086.56    2658.65
Global   20       486305       24315        3.1        0          225      68954      4278       3882.25    2644.46

Set Statistics
Type     Time(s)  Ops          TPS(ops/s)   Net(M/s)   Get_miss   Min(us)  Max(us)    Avg(us)    Std_dev    Geo_dist  
Period   1        233          233          0.0        0          378      59162      4591       5373.82    2729.94
Global   20       4968         248          0.0        0          355      59162      4332       3884.01    2710.31

Total Statistics
Type     Time(s)  Ops          TPS(ops/s)   Net(M/s)   Get_miss   Min(us)  Max(us)    Avg(us)    Std_dev    Geo_dist  
Period   1        23159        23159        3.4        0          283      59921      4490       5089.06    2659.17
Global   20       491275       24563        3.2        0          225      68954      4278       3882.85    2645.11

[1;1H[2J
Get Statistics
Type     Time(s)  Ops          TPS(ops/s)   Net(M/s)   Get_miss   Min(us)  Max(us)    Avg(us)    Std_dev    Geo_dist  
Period   1        24544        24544        3.3        0          280      57651      4225       3866.64    2572.75
Global   21       510849       24326        3.4        0          225      68954      4275       3882.02    2641.01

Set Statistics
Type     Time(s)  Ops          TPS(ops/s)   Net(M/s)   Get_miss   Min(us)  Max(us)    Avg(us)    Std_dev    Geo_dist  
Period   1        246          246          0.0        0          488      19876      4095       3705.31    2525.52
Global   21       5214         248          0.0        0          355      59162      4321       3875.54    2701.30

Total Statistics
Type     Time(s)  Ops          TPS(ops/s)   Net(M/s)   Get_miss   Min(us)  Max(us)    Avg(us)    Std_dev    Geo_dist  
Period   1        24799        24799        3.4        0          280      57651      4222       3865.41    2572.08
Global   21       516074       24574        3.4        0          225      68954      4276       3881.27    2641.55

[1;1H[2J
Get Statistics
Type     Time(s)  Ops          TPS(ops/s)   Net(M/s)   Get_miss   Min(us)  Max(us)    Avg(us)    Std_dev    Geo_dist  
Period   1        24029        24029        3.3        0          359      27716      4308       3754.90    2696.15
Global   22       534878       24312        3.3        0          225      68954      4277       3875.83    2643.50

Set Statistics
Type     Time(s)  Ops          TPS(ops/s)   Net(M/s)   Get_miss   Min(us)  Max(us)    Avg(us)    Std_dev    Geo_dist  
Period   1        244          244          0.0        0          564      12975      4258       3661.15    2716.74
Global   22       5458         248          0.0        0          355      59162      4318       3866.12    2701.99

Total Statistics
Type     Time(s)  Ops          TPS(ops/s)   Net(M/s)   Get_miss   Min(us)  Max(us)    Avg(us)    Std_dev    Geo_dist  
Period   1        24263        24263        3.4        0          359      27716      4309       3754.25    2698.52
Global   22       540337       24560        3.3        0          225      68954      4277       3876.19    2644.09

[1;1H[2J
Get Statistics
Type     Time(s)  Ops          TPS(ops/s)   Net(M/s)   Get_miss   Min(us)  Max(us)    Avg(us)    Std_dev    Geo_dist  
Period   1        23121        23121        3.3        0          343      40479      4492       4095.76    2754.24
Global   23       557999       24260        3.2        0          225      68954      4286       3885.33    2648.04

Set Statistics
Type     Time(s)  Ops          TPS(ops/s)   Net(M/s)   Get_miss   Min(us)  Max(us)    Avg(us)    Std_dev    Geo_dist  
Period   1        231          231          0.0        0          512      29204      4081       4270.43    2414.85
Global   23       5689         247          0.0        0          355      59162      4309       3882.54    2689.69

Total Statistics
Type     Time(s)  Ops          TPS(ops/s)   Net(M/s)   Get_miss   Min(us)  Max(us)    Avg(us)    Std_dev    Geo_dist  
Period   1        23356        23356        3.4        0          343      40479      4489       4096.84    2751.12
Global   23       563693       24508        3.2        0          225      68954      4286       3885.59    2648.48

[1;1H[2J
Get Statistics
Type     Time(s)  Ops          TPS(ops/s)   Net(M/s)   Get_miss   Min(us)  Max(us)    Avg(us)    Std_dev    Geo_dist  
Period   1        24716        24716        3.3        0          181      38491      4173       3867.12    2510.72
Global   24       582715       24279        3.4        0          181      68954      4281       3884.90    2642.23

Set Statistics
Type     Time(s)  Ops          TPS(ops/s)   Net(M/s)   Get_miss   Min(us)  Max(us)    Avg(us)    Std_dev    Geo_dist  
Period   1        244          244          0.0        0          392      20421      4190       3949.38    2529.42
Global   24       5933         247          0.0        0          355      59162      4304       3885.16    2682.90

Total Statistics
Type     Time(s)  Ops          TPS(ops/s)   Net(M/s)   Get_miss   Min(us)  Max(us)    Avg(us)    Std_dev    Geo_dist  
Period   1        24956        24956        3.4        0          181      38491      4174       3867.73    2514.07
Global   24       588649       24527        3.4        0          181      68954      4281       3885.17    2642.64

[1;1H[2J
Get Statistics
Type     Time(s)  Ops          TPS(ops/s)   Net(M/s)   Get_miss   Min(us)  Max(us)    Avg(us)    Std_dev    Geo_dist  
Period   1        23896        23896        3.3        0          264      50053      4352       3952.65    2695.29
Global   25       606611       24264        3.3        0          181      68954      4284       3887.41    2644.34

Set Statistics
Type     Time(s)  Ops          TPS(ops/s)   Net(M/s)   Get_miss   Min(us)  Max(us)    Avg(us)    Std_dev    Geo_dist  
Period   1        245          245          0.0        0          609      11863      4449       3631.86    2857.16
Global   25       6178         247          0.0        0          355      59162      4310       3874.98    2689.61

Total Statistics
Type     Time(s)  Ops          TPS(ops/s)   Net(M/s)   Get_miss   Min(us)  Max(us)    Avg(us)    Std_dev    Geo_dist  
Period   1        24142        24142        3.4        0          264      50053      4354       3948.48    2697.00
Global   25       612791       24511        3.3        0          181      68954      4284       3887.58    2644.80

[1;1H[2J
Get Statistics
Type     Time(s)  Ops          TPS(ops/s)   Net(M/s)   Get_miss   Min(us)  Max(us)    Avg(us)    Std_dev    Geo_dist  
Period   1        24046        24046        3.3        0          313      30041      4312       3759.89    2706.31
Global   26       630657       24256        3.3        0          181      68954      4285       3882.71    2646.71

Set Statistics
Type     Time(s)  Ops          TPS(ops/s)   Net(M/s)   Get_miss   Min(us)  Max(us)    Avg(us)    Std_dev    Geo_dist  
Period   1        245          245          0.0        0          592      21252      4553       4009.71    2884.19
Global   26       6423         247          0.0        0          355      59162      4319       3880.46    2696.78

Total Statistics
Type     Time(s)  Ops          TPS(ops/s)   Net(M/s)   Get_miss   Min(us)  Max(us)    Avg(us)    Std_dev    Geo_dist  
Period   1        24290        24290        3.4        0          313      30041      4315       3761.99    2708.92
Global   26       637081       24503        3.3        0          181      68954      4285       3883.07    2647.21

[1;1H[2J
Get Statistics
Type     Time(s)  Ops          TPS(ops/s)   Net(M/s)   Get_miss   Min(us)  Max(us)    Avg(us)    Std_dev    Geo_dist  
Period   1        24148        24148        3.3        0          293      38851      4320       3694.90    2745.03
Global   27       654805       24252        3.3        0          181      68954      4286       3876.28    2650.31

Set Statistics
Type     Time(s)  Ops          TPS(ops/s)   Net(M/s)   Get_miss   Min(us)  Max(us)    Avg(us)    Std_dev    Geo_dist  
Period   1        240          240          0.0        0          656      12854      4472       3712.61    2872.87
Global   27       6663         246          0.0        0          355      59162      4324       3874.95    2702.93

Total Statistics
Type     Time(s)  Ops          TPS(ops/s)   Net(M/s)   Get_miss   Min(us)  Max(us)    Avg(us)    Std_dev    Geo_dist  
Period   1        24389        24389        3.4        0          293      38851      4321       3695.12    2744.36
Global   27       661470       24498        3.3        0          181      68954      4287       3875.60    2650.84

[1;1H[2J
Get Statistics
Type     Time(s)  Ops          TPS(ops/s)   Net(M/s)   Get_miss   Min(us)  Max(us)    Avg(us)    Std_dev    Geo_dist  
Period   1        24228        24228        3.3        0          241      49096      4276       3683.13    2694.21
Global   28       679033       24251        3.3        0          181      68954      4286       3869.17    2651.90

Set Statistics
Type     Time(s)  Ops          TPS(ops/s)   Net(M/s)   Get_miss   Min(us)  Max(us)    Avg(us)    Std_dev    Geo_dist  
Period   1        250          250          0.0        0          412      20957      4037       3693.91    2507.32
Global   28       6913         246          0.0        0          355      59162      4314       3868.24    2695.60

Total Statistics
Type     Time(s)  Ops          TPS(ops/s)   Net(M/s)   Get_miss   Min(us)  Max(us)    Avg(us)    Std_dev    Geo_dist  
Period   1        24478        24478        3.4        0          241      49096      4274       3683.06    2693.22
Global   28       685948       24498        3.4        0          181      68954      4286       3869.48    2652.34

[1;1H[2J
Get Statistics
Type     Time(s)  Ops          TPS(ops/s)   Net(M/s)   Get_miss   Min(us)  Max(us)    Avg(us)    Std_dev    Geo_dist  
Period   1        24519        24519        3.3        0          255      55155      4259       3907.93    2577.31
Global   29       703552       24260        3.4        0          181      68954      4285       3870.61    2649.30

Set Statistics
Type     Time(s)  Ops          TPS(ops/s)   Net(M/s)   Get_miss   Min(us)  Max(us)    Avg(us)    Std_dev    Geo_dist  
Period   1        250          250          0.0        0          477      27263      4366       3980.79    2703.08
Global   29       7163         247          0.0        0          355      59162      4316       3871.75    2695.86

Total Statistics
Type     Time(s)  Ops          TPS(ops/s)   Net(M/s)   Get_miss   Min(us)  Max(us)    Avg(us)    Std_dev    Geo_dist  
Period   1        24769        24769        3.4        0          255      55155      4260       3909.07    2579.49
Global   29       710717       24507        3.4        0          181      68954      4285       3870.97    2649.77

[1;1H[2J
Get Statistics
Type     Time(s)  Ops          TPS(ops/s)   Net(M/s)   Get_miss   Min(us)  Max(us)    Avg(us)    Std_dev    Geo_dist  
Period   1        24951        24951        3.3        0          274      39393      4211       3681.06    2646.50
Global   30       728503       24283        3.4        0          181      68954      4282       3864.82    2649.23

Set Statistics
Type     Time(s)  Ops          TPS(ops/s)   Net(M/s)   Get_miss   Min(us)  Max(us)    Avg(us)    Std_dev    Geo_dist  
Period   1        246          246          0.0        0          361      18161      3893       3501.09    2455.77
Global   30       7409         246          0.0        0          355      59162      4302       3860.49    2687.52

Total Statistics
Type     Time(s)  Ops          TPS(ops/s)   Net(M/s)   Get_miss   Min(us)  Max(us)    Avg(us)    Std_dev    Geo_dist  
Period   1        25199        25199        3.4        0          274      39393      4209       3679.48    2645.82
Global   30       735916       24530        3.5        0          181      68954      4283       3863.93    2649.63

[1;1H[2J
Get Statistics
Type     Time(s)  Ops          TPS(ops/s)   Net(M/s)   Get_miss   Min(us)  Max(us)    Avg(us)    Std_dev    Geo_dist  
Period   1        21524        21524        3.3        0          291      51481      4875       4234.55    3030.95
Global   31       750027       24194        3.0        0          181      68954      4299       3877.22    2659.52

Set Statistics
Type     Time(s)  Ops          TPS(ops/s)   Net(M/s)   Get_miss   Min(us)  Max(us)    Avg(us)    Std_dev    Geo_dist  
Period   1        223          223          0.0        0          585      31742      4670       4186.04    2912.35
Global   31       7632         246          0.0        0          355      59162      4312       3871.43    2693.84

Total Statistics
Type     Time(s)  Ops          TPS(ops/s)   Net(M/s)   Get_miss   Min(us)  Max(us)    Avg(us)    Std_dev    Geo_dist  
Period   1        21743        21743        3.4        0          291      51481      4873       4233.38    3031.48
Global   31       757659       24440        3.0        0          181      68954      4300       3876.19    2659.86

[1;1H[2J
Get Statistics
Type     Time(s)  Ops          TPS(ops/s)   Net(M/s)   Get_miss   Min(us)  Max(us)    Avg(us)    Std_dev    Geo_dist  
Period   1        21794        21794        3.3        0          197      70045      4686       4549.71    2899.72
Global   32       771821       24119        3.0        0          181      70045      4310       3898.24    2666.02

Set Statistics
Type     Time(s)  Ops          TPS(ops/s)   Net(M/s)   Get_miss   Min(us)  Max(us)    Avg(us)    Std_dev    Geo_dist  
Period   1        220          220          0.0        0          282      70030      5161       6107.90    3131.77
Global   32       7852         245          0.0        0          282      70030      4336       3953.02    2705.23

Total Statistics
Type     Time(s)  Ops          TPS(ops/s)   Net(M/s)   Get_miss   Min(us)  Max(us)    Avg(us)    Std_dev    Geo_dist  
Period   1        22016        22016        3.3        0          197      70045      4690       4568.87    2900.10
Global   32       779675       24364        3.0        0          181      70045      4311       3897.99    2666.42

[1;1H[2J
Get Statistics
Type     Time(s)  Ops          TPS(ops/s)   Net(M/s)   Get_miss   Min(us)  Max(us)    Avg(us)    Std_dev    Geo_dist  
Period   1        24226        24226        3.3        0          267      34526      4278       3913.01    2662.26
Global   33       796047       24122        3.3        0          181      70045      4309       3898.73    2665.94

Set Statistics
Type     Time(s)  Ops          TPS(ops/s)   Net(M/s)   Get_miss   Min(us)  Max(us)    Avg(us)    Std_dev    Geo_dist  
Period   1        241          241          0.0        0          408      18611      4300       3762.10    2722.11
Global   33       8093         245          0.0        0          282      70030      4335       3947.18    2705.73

Total Statistics
Type     Time(s)  Ops          TPS(ops/s)   Net(M/s)   Get_miss   Min(us)  Max(us)    Avg(us)    Std_dev    Geo_dist  
Period   1        24467        24467        3.3        0          267      34526      4279       3910.88    2663.81
Global   33       804142       24367        3.4        0          181      70045      4310       3898.41    2666.34

[1;1H[2J
Get Statistics
Type     Time(s)  Ops          TPS(ops/s)   Net(M/s)   Get_miss   Min(us)  Max(us)    Avg(us)    Std_dev    Geo_dist  
Period   1        23870        23870        3.3        0          307      38640      4325       3953.69    2618.94
Global   34       819917       24115        3.3        0          181      70045      4310       3899.76    2664.59

Set Statistics
Type     Time(s)  Ops          TPS(ops/s)   Net(M/s)   Get_miss   Min(us)  Max(us)    Avg(us)    Std_dev    Geo_dist  
Period   1        242          242          0.0        0          482      30095      4647       4566.08    2808.13
Global   34       8335         245          0.0        0          282      70030      4344       3966.60    2708.65

Total Statistics
Type     Time(s)  Ops          TPS(ops/s)   Net(M/s)   Get_miss   Min(us)  Max(us)    Avg(us)    Std_dev    Geo_dist  
Period   1        24114        24114        3.3        0          307      38640      4328       3959.93    2621.00
Global   34       828256       24360        3.3        0          181      70045      4310       3900.80    2665.01

[1;1H[2J
Get Statistics
Type     Time(s)  Ops          TPS(ops/s)   Net(M/s)   Get_miss   Min(us)  Max(us)    Avg(us)    Std_dev    Geo_dist  
Period   1        24966        24966        3.3        0          267      39830      4178       3724.75    2592.44
Global   35       844883       24139        3.4        0          181      70045      4306       3894.87    2662.49

Set Statistics
Type     Time(s)  Ops          TPS(ops/s)   Net(M/s)   Get_miss   Min(us)  Max(us)    Avg(us)    Std_dev    Geo_dist  
Period   1        249          249          0.0        0          372      19395      4197       3684.25    2638.27
Global   35       8584         245          0.0        0          282      70030      4340       3958.28    2706.59

Total Statistics
Type     Time(s)  Ops          TPS(ops/s)   Net(M/s)   Get_miss   Min(us)  Max(us)    Avg(us)    Std_dev    Geo_dist  
Period   1        25213        25213        3.3        0          267      39830      4179       3724.04    2594.92
Global   35       853469       24384        3.5        0          181      70045      4306       3895.89    2662.93

[1;1H[2J
Get Statistics
Type     Time(s)  Ops          TPS(ops/s)   Net(M/s)   Get_miss   Min(us)  Max(us)    Avg(us)    Std_dev    Geo_dist  
Period   1        24866        24866        3.3        0          275      39668      4174       3931.75    2510.21
Global   36       869749       24159        3.4        0          181      70045      4302       3896.25    2658.04

Set Statistics
Type     Time(s)  Ops          TPS(ops/s)   Net(M/s)   Get_miss   Min(us)  Max(us)    Avg(us)    Std_dev    Geo_dist  
Period   1        250          250          0.0        0          346      31856      5003       4145.37    3141.54
Global   36       8834         245          0.0        0          282      70030      4359       3964.72    2718.03

Total Statistics
Type     Time(s)  Ops          TPS(ops/s)   Net(M/s)   Get_miss   Min(us)  Max(us)    Avg(us)    Std_dev    Geo_dist  
Period   1        25116        25116        3.4        0          275      39668      4182       3935.35    2516.74
Global   36       878585       24405        3.4        0          181      70045      4303       3896.48    2658.64

[1;1H[2J
Get Statistics
Type     Time(s)  Ops          TPS(ops/s)   Net(M/s)   Get_miss   Min(us)  Max(us)    Avg(us)    Std_dev    Geo_dist  
Period   1        24360        24360        3.3        0          324      38797      4250       3548.62    2734.10
Global   37       894109       24165        3.3        0          181      70045      4301       3886.74    2660.11

Set Statistics
Type     Time(s)  Ops          TPS(ops/s)   Net(M/s)   Get_miss   Min(us)  Max(us)    Avg(us)    Std_dev    Geo_dist  
Period   1        247          247          0.0        0          466      12603      4564       3491.12    3018.87
Global   37       9081         245          0.0        0          282      70030      4364       3953.19    2725.80

Total Statistics
Type     Time(s)  Ops          TPS(ops/s)   Net(M/s)   Get_miss   Min(us)  Max(us)    Avg(us)    Std_dev    Geo_dist  
Period   1        24606        24606        3.4        0          324      38797      4254       3547.42    2737.72
Global   37       903191       24410        3.4        0          181      70045      4301       3888.13    2660.76

[1;1H[2J
Get Statistics
Type     Time(s)  Ops          TPS(ops/s)   Net(M/s)   Get_miss   Min(us)  Max(us)    Avg(us)    Std_dev    Geo_dist  
Period   1        24202        24202        3.3        0          261      39520      4302       3845.06    2666.53
Global   38       918311       24166        3.3        0          181      70045      4301       3885.69    2660.30

Set Statistics
Type     Time(s)  Ops          TPS(ops/s)   Net(M/s)   Get_miss   Min(us)  Max(us)    Avg(us)    Std_dev    Geo_dist  
Period   1        248          248          0.0        0          473      10916      4104       3514.41    2602.42
Global   38       9329         245          0.0        0          282      70030      4357       3942.31    2722.44

Total Statistics
Type     Time(s)  Ops          TPS(ops/s)   Net(M/s)   Get_miss   Min(us)  Max(us)    Avg(us)    Std_dev    Geo_dist  
Period   1        24450        24450        3.4        0          261      39520      4299       3842.34    2663.93
Global   38       927641       24411        3.4        0          181      70045      4301       3886.89    2660.92

[1;1H[2J
Get Statistics
Type     Time(s)  Ops          TPS(ops/s)   Net(M/s)   Get_miss   Min(us)  Max(us)    Avg(us)    Std_dev    Geo_dist  
Period   1        22489        22489        3.3        0          252      70264      4654       5643.79    2823.76
Global   39       940800       24123        3.1        0          181      70264      4309       3937.74    2664.12

Set Statistics
Type     Time(s)  Ops          TPS(ops/s)   Net(M/s)   Get_miss   Min(us)  Max(us)    Avg(us)    Std_dev    Geo_dist  
Period   1        222          222          0.0        0          562      67319      5254       6861.84    3205.93
Global   39       9551         244          0.0        0          282      70030      4378       4035.73    2732.81

Total Statistics
Type     Time(s)  Ops          TPS(ops/s)   Net(M/s)   Get_miss   Min(us)  Max(us)    Avg(us)    Std_dev    Geo_dist  
Period   1        22710        22710        3.3        0          252      70264      4660       5656.94    2827.14
Global   39       950351       24367        3.1        0          181      70264      4310       3938.40    2664.80

[1;1H[2J
Get Statistics
Type     Time(s)  Ops          TPS(ops/s)   Net(M/s)   Get_miss   Min(us)  Max(us)    Avg(us)    Std_dev    Geo_dist  
Period   1        24838        24838        3.3        0          313      39366      4218       3834.42    2590.43
Global   40       965638       24140        3.4        0          181      70264      4307       3934.77    2662.20

Set Statistics
Type     Time(s)  Ops          TPS(ops/s)   Net(M/s)   Get_miss   Min(us)  Max(us)    Avg(us)    Std_dev    Geo_dist  
Period   1        259          259          0.0        0          496      19716      4383       4022.84    2637.70
Global   40       9810         245          0.0        0          282      70030      4378       4035.33    2730.25

Total Statistics
Type     Time(s)  Ops          TPS(ops/s)   Net(M/s)   Get_miss   Min(us)  Max(us)    Avg(us)    Std_dev    Geo_dist  
Period   1        25099        25099        3.3        0          313      39366      4220       3836.31    2591.14
Global   40       975450       24386        3.4        0          181      70264      4308       3935.49    2662.88

[1;1H[2J
Get Statistics
Type     Time(s)  Ops          TPS(ops/s)   Net(M/s)   Get_miss   Min(us)  Max(us)    Avg(us)    Std_dev    Geo_dist  
Period   1        24122        24122        3.3        0          299      37548      4366       3928.32    2710.00
Global   41       989760       24140        3.3        0          181      70264      4308       3935.10    2663.38

Set Statistics
Type     Time(s)  Ops          TPS(ops/s)   Net(M/s)   Get_miss   Min(us)  Max(us)    Avg(us)    Std_dev    Geo_dist  
Period   1        239          239          0.0        0          319      27914      4559       4209.37    2824.45
Global   41       10049        245          0.0        0          282      70030      4383       4038.67    2732.46

Total Statistics
Type     Time(s)  Ops          TPS(ops/s)   Net(M/s)   Get_miss   Min(us)  Max(us)    Avg(us)    Std_dev    Geo_dist  
Period   1        24359        24359        3.3        0          299      37548      4368       3931.06    2711.87
Global   41       999809       24385        3.3        0          181      70264      4309       3935.89    2664.06

[1;1H[2J
Get Statistics
Type     Time(s)  Ops          TPS(ops/s)   Net(M/s)   Get_miss   Min(us)  Max(us)    Avg(us)    Std_dev    Geo_dist  
Period   1        24086        24086        3.3        0          337      42363      4300       3855.27    2680.68
Global   42       1013846      24139        3.3        0          181      70264      4308       3933.02    2663.79

Set Statistics
Type     Time(s)  Ops          TPS(ops/s)   Net(M/s)   Get_miss   Min(us)  Max(us)    Avg(us)    Std_dev    Geo_dist  
Period   1        242          242          0.0        0          481      22360      4635       4029.19    2918.21
Global   42       10291        245          0.0        0          282      70030      4389       4038.36    2736.69

Total Statistics
Type     Time(s)  Ops          TPS(ops/s)   Net(M/s)   Get_miss   Min(us)  Max(us)    Avg(us)    Std_dev    Geo_dist  
Period   1        24330        24330        3.3        0          337      42363      4304       3856.61    2683.17
Global   42       1024139      24384        3.3        0          181      70264      4309       3933.90    2664.52

[1;1H[2J
Get Statistics
Type     Time(s)  Ops          TPS(ops/s)   Net(M/s)   Get_miss   Min(us)  Max(us)    Avg(us)    Std_dev    Geo_dist  
Period   1        24270        24270        3.3        0          260      56663      4293       4056.47    2590.26
Global   43       1038116      24142        3.3        0          181      70264      4308       3935.57    2662.07

Set Statistics
Type     Time(s)  Ops          TPS(ops/s)   Net(M/s)   Get_miss   Min(us)  Max(us)    Avg(us)    Std_dev    Geo_dist  
Period   1        248          248          0.0        0          387      51076      4578       5520.49    2712.67
Global   43       10539        245          0.0        0          282      70030      4393       4079.66    2736.12

Total Statistics
Type     Time(s)  Ops          TPS(ops/s)   Net(M/s)   Get_miss   Min(us)  Max(us)    Avg(us)    Std_dev    Geo_dist  
Period   1        24516        24516        3.3        0          260      56663      4296       4073.80    2592.18
Global   43       1048655      24387        3.4        0          181      70264      4309       3936.89    2662.80

[1;1H[2J
Get Statistics
Type     Time(s)  Ops          TPS(ops/s)   Net(M/s)   Get_miss   Min(us)  Max(us)    Avg(us)    Std_dev    Geo_dist  
Period   1        23785        23785        3.3        0          289      31372      4395       3953.16    2712.54
Global   44       1061901      24134        3.3        0          181      70264      4310       3935.93    2663.19

Set Statistics
Type     Time(s)  Ops          TPS(ops/s)   Net(M/s)   Get_miss   Min(us)  Max(us)    Avg(us)    Std_dev    Geo_dist  
Period   1        238          238          0.0        0          306      20074      4841       4106.63    3035.23
Global   44       10777        244          0.0        0          282      70030      4403       4080.48    2742.39

Total Statistics
Type     Time(s)  Ops          TPS(ops/s)   Net(M/s)   Get_miss   Min(us)  Max(us)    Avg(us)    Std_dev    Geo_dist  
Period   1        24024        24024        3.3        0          289      31372      4357       3949.53    2579.75
Global   44       1072679      24379        3.3        0          181      70264      4311       3937.35    2664.00

[1;1H[2J
Get Statistics
Type     Time(s)  Ops          TPS(ops/s)   Net(M/s)   Get_miss   Min(us)  Max(us)    Avg(us)    Std_dev    Geo_dist  
Period   1        24162        24162        3.3        0          300      28557      4304       3671.42    2735.16
Global   45       1086063      24134        3.3        0          181      70264      4310       3930.09    2664.79

Set Statistics
Type     Time(s)  Ops          TPS(ops/s)   Net(M/s)   Get_miss   Min(us)  Max(us)    Avg(us)    Std_dev    Geo_dist  
Period   1        246          246          0.0        0          478      19698      4666       3908.24    2937.80
Global   45       11023        244          0.0        0          282      70030      4409       4076.59    2746.61

Total Statistics
Type     Time(s)  Ops          TPS(ops/s)   Net(M/s)   Get_miss   Min(us)  Max(us)    Avg(us)    Std_dev    Geo_dist  
Period   1        24411        24411        3.3        0          300      28557      4308       3674.02    2737.48
Global   45       1097090      24379        3.4        0          181      70264      4311       3931.61    2665.61

[1;1H[2J
Get Statistics
Type     Time(s)  Ops          TPS(ops/s)   Net(M/s)   Get_miss   Min(us)  Max(us)    Avg(us)    Std_dev    Geo_dist  
Period   1        23362        23362        3.3        0          332      49352      4466       4518.52    2659.89
Global   46       1109425      24117        3.2        0          181      70264      4313       3943.78    2664.75

Set Statistics
Type     Time(s)  Ops          TPS(ops/s)   Net(M/s)   Get_miss   Min(us)  Max(us)    Avg(us)    Std_dev    Geo_dist  
Period   1        239          239          0.0        0          536      30623      4550       4235.08    2803.83
Global   46       11262        244          0.0        0          282      70030      4412       4079.86    2747.81

Total Statistics
Type     Time(s)  Ops          TPS(ops/s)   Net(M/s)   Get_miss   Min(us)  Max(us)    Avg(us)    Std_dev    Geo_dist  
Period   1        23599        23599        3.3        0          332      49352      4468       4515.11    2664.08
Global   46       1120689      24362        3.2        0          181      70264      4314       3945.18    2665.58

[1;1H[2J
Get Statistics
Type     Time(s)  Ops          TPS(ops/s)   Net(M/s)   Get_miss   Min(us)  Max(us)    Avg(us)    Std_dev    Geo_dist  
Period   1        24102        24102        3.3        0          264      31034      4309       3975.14    2602.53
Global   47       1133527      24117        3.3        0          181      70264      4313       3944.36    2663.43

Set Statistics
Type     Time(s)  Ops          TPS(ops/s)   Net(M/s)   Get_miss   Min(us)  Max(us)    Avg(us)    Std_dev    Geo_dist  
Period   1        238          238          0.0        0          490      20125      3719       3729.94    2258.64
Global   47       11500        244          0.0        0          282      70030      4397       4074.68    2736.69

Total Statistics
Type     Time(s)  Ops          TPS(ops/s)   Net(M/s)   Get_miss   Min(us)  Max(us)    Avg(us)    Std_dev    Geo_dist  
Period   1        24339        24339        3.3        0          264      31034      4303       3973.57    2599.75
Global   47       1145028      24362        3.3        0          181      70264      4314       3945.53    2664.16

[1;1H[2J
Get Statistics
Type     Time(s)  Ops          TPS(ops/s)   Net(M/s)   Get_miss   Min(us)  Max(us)    Avg(us)    Std_dev    Geo_dist  
Period   1        24711        24711        3.3        0          341      29798      4281       3787.10    2660.17
Global   48       1158238      24129        3.4        0          181      70264      4312       3941.43    2663.39

Set Statistics
Type     Time(s)  Ops          TPS(ops/s)   Net(M/s)   Get_miss   Min(us)  Max(us)    Avg(us)    Std_dev    Geo_dist  
Period   1        253          253          0.0        0          493      20011      4549       3888.67    2885.54
Global   48       11753        244          0.0        0          282      70030      4401       4069.88    2739.81

Total Statistics
Type     Time(s)  Ops          TPS(ops/s)   Net(M/s)   Get_miss   Min(us)  Max(us)    Avg(us)    Std_dev    Geo_dist  
Period   1        24966        24966        3.3        0          341      29798      4284       3788.16    2662.59
Global   48       1169994      24374        3.4        0          181      70264      4313       3942.64    2664.15

[1;1H[2J
Get Statistics
Type     Time(s)  Ops          TPS(ops/s)   Net(M/s)   Get_miss   Min(us)  Max(us)    Avg(us)    Std_dev    Geo_dist  
Period   1        24735        24735        3.3        0          213      39469      4221       3946.28    2548.45
Global   49       1182973      24142        3.4        0          181      70264      4310       3941.66    2660.95

Set Statistics
Type     Time(s)  Ops          TPS(ops/s)   Net(M/s)   Get_miss   Min(us)  Max(us)    Avg(us)    Std_dev    Geo_dist  
Period   1        245          245          0.0        0          530      28340      4815       4134.83    2955.34
Global   49       11998        244          0.0        0          282      70030      4409       4071.96    2744.05

Total Statistics
Type     Time(s)  Ops          TPS(ops/s)   Net(M/s)   Get_miss   Min(us)  Max(us)    Avg(us)    Std_dev    Geo_dist  
Period   1        24979        24979        3.3        0          213      39469      4226       3948.13    2549.81
Global   49       1194973      24387        3.4        0          181      70264      4311       3942.99    2661.77

[1;1H[2J
Get Statistics
Type     Time(s)  Ops          TPS(ops/s)   Net(M/s)   Get_miss   Min(us)  Max(us)    Avg(us)    Std_dev    Geo_dist  
Period   1        24000        24000        3.3        0          270      38746      4272       3779.97    2646.69
Global   50       1206973      24139        3.3        0          181      70264      4310       3937.68    2660.68

Set Statistics
Type     Time(s)  Ops          TPS(ops/s)   Net(M/s)   Get_miss   Min(us)  Max(us)    Avg(us)    Std_dev    Geo_dist  
Period   1        245          245          0.0        0          560      11587      4360       3595.31    2832.30
Global   50       12243        244          0.0        0          282      70030      4408       4062.86    2745.79

Total Statistics
Type     Time(s)  Ops          TPS(ops/s)   Net(M/s)   Get_miss   Min(us)  Max(us)    Avg(us)    Std_dev    Geo_dist  
Period   1        24245        24245        3.3        0          270      38746      4274       3777.47    2649.70
Global   50       1219218      24384        3.3        0          181      70264      4311       3938.96    2661.53

[1;1H[2J
Get Statistics
Type     Time(s)  Ops          TPS(ops/s)   Net(M/s)   Get_miss   Min(us)  Max(us)    Avg(us)    Std_dev    Geo_dist  
Period   1        24925        24925        3.3        0          291      50692      4209       3763.88    2597.78
Global   51       1231898      24154        3.4        0          181      70264      4308       3934.23    2659.41

Set Statistics
Type     Time(s)  Ops          TPS(ops/s)   Net(M/s)   Get_miss   Min(us)  Max(us)    Avg(us)    Std_dev    Geo_dist  
Period   1        254          254          0.0        0          554      18497      4655       3800.60    3000.16
Global   51       12497        245          0.0        0          282      70030      4413       4057.73    2750.74

Total Statistics
Type     Time(s)  Ops          TPS(ops/s)   Net(M/s)   Get_miss   Min(us)  Max(us)    Avg(us)    Std_dev    Geo_dist  
Period   1        25179        25179        3.4        0          291      50692      4213       3764.71    2602.07
Global   51       1244397      24399        3.5        0          181      70264      4309       3935.55    2660.31

[1;1H[2J
Get Statistics
Type     Time(s)  Ops          TPS(ops/s)   Net(M/s)   Get_miss   Min(us)  Max(us)    Avg(us)    Std_dev    Geo_dist  
Period   1        23860        23860        3.3        0          298      32098      4333       3746.72    2755.61
Global   52       1255758      24149        3.3        0          181      70264      4308       3931.27    2661.22

Set Statistics
Type     Time(s)  Ops          TPS(ops/s)   Net(M/s)   Get_miss   Min(us)  Max(us)    Avg(us)    Std_dev    Geo_dist  
Period   1        240          240          0.0        0          517      21057      4510       3855.90    2851.38
Global   52       12737        244          0.0        0          282      70030      4415       4053.71    2752.60

Total Statistics
Type     Time(s)  Ops          TPS(ops/s)   Net(M/s)   Get_miss   Min(us)  Max(us)    Avg(us)    Std_dev    Geo_dist  
Period   1        24101        24101        3.4        0          298      32098      4335       3748.48    2758.92
Global   52       1268498      24394        3.3        0          181      70264      4309       3932.62    2662.13

[1;1H[2J
Get Statistics
Type     Time(s)  Ops          TPS(ops/s)   Net(M/s)   Get_miss   Min(us)  Max(us)    Avg(us)    Std_dev    Geo_dist  
Period   1        24182        24182        3.3        0          372      37951      4345       3745.04    2726.45
Global   53       1279940      24149        3.3        0          181      70264      4309       3927.51    2662.46

Set Statistics
Type     Time(s)  Ops          TPS(ops/s)   Net(M/s)   Get_miss   Min(us)  Max(us)    Avg(us)    Std_dev    Geo_dist  
Period   1        247          247          0.0        0          475      19895      4046       3733.60    2490.41
Global   53       12984        244          0.0        0          282      70030      4408       4048.01    2747.36

Total Statistics
Type     Time(s)  Ops          TPS(ops/s)   Net(M/s)   Get_miss   Min(us)  Max(us)    Avg(us)    Std_dev    Geo_dist  
Period   1        24432        24432        3.4        0          372      37951      4341       3744.89    2723.55
Global   53       1292930      24394        3.4        0          181      70264      4310       3928.72    2663.30

[1;1H[2J
Get Statistics
Type     Time(s)  Ops          TPS(ops/s)   Net(M/s)   Get_miss   Min(us)  Max(us)    Avg(us)    Std_dev    Geo_dist  
Period   1        23502        23502        3.3        0          328      42445      4438       3987.95    2728.43
Global   54       1303442      24137        3.2        0          181      70264      4311       3929.00    2663.71

Set Statistics
Type     Time(s)  Ops          TPS(ops/s)   Net(M/s)   Get_miss   Min(us)  Max(us)    Avg(us)    Std_dev    Geo_dist  
Period   1        236          236          0.0        0          494      23997      4144       3914.57    2511.85
Global   54       13220        244          0.0        0          282      70030      4403       4046.04    2744.58

Total Statistics
Type     Time(s)  Ops          TPS(ops/s)   Net(M/s)   Get_miss   Min(us)  Max(us)    Avg(us)    Std_dev    Geo_dist  
Period   1        23734        23734        3.3        0          328      42445      4437       3986.76    2731.93
Global   54       1316664      24382        3.3        0          181      70264      4312       3930.13    2664.52

[1;1H[2J
Get Statistics
Type     Time(s)  Ops          TPS(ops/s)   Net(M/s)   Get_miss   Min(us)  Max(us)    Avg(us)    Std_dev    Geo_dist  
Period   1        23974        23974        3.3        0          290      37872      4367       3831.38    2733.06
Global   55       1327416      24134        3.3        0          181      70264      4312       3927.29    2664.97

Set Statistics
Type     Time(s)  Ops          TPS(ops/s)   Net(M/s)   Get_miss   Min(us)  Max(us)    Avg(us)    Std_dev    Geo_dist  
Period   1        232          232          0.0        0          426      23074      4524       3970.92    2844.45
Global   55       13452        244          0.0        0          282      70030      4406       4043.65    2746.27

Total Statistics
Type     Time(s)  Ops          TPS(ops/s)   Net(M/s)   Get_miss   Min(us)  Max(us)    Avg(us)    Std_dev    Geo_dist  
Period   1        24206        24206        3.3        0          290      37872      4369       3832.26    2735.09
Global   55       1340870      24379        3.3        0          181      70264      4313       3928.42    2665.78

[1;1H[2J
Get Statistics
Type     Time(s)  Ops          TPS(ops/s)   Net(M/s)   Get_miss   Min(us)  Max(us)    Avg(us)    Std_dev    Geo_dist  
Period   1        22827        22827        3.3        0          342      57557      4558       4269.77    2886.62
Global   56       1350243      24111        3.1        0          181      70264      4316       3933.63    2668.57

Set Statistics
Type     Time(s)  Ops          TPS(ops/s)   Net(M/s)   Get_miss   Min(us)  Max(us)    Avg(us)    Std_dev    Geo_dist  
Period   1        245          245          0.0        0          528      38139      4465       4243.30    2843.39
Global   56       13697        244          0.0        0          282      70030      4407       4047.21    2747.98

Total Statistics
Type     Time(s)  Ops          TPS(ops/s)   Net(M/s)   Get_miss   Min(us)  Max(us)    Avg(us)    Std_dev    Geo_dist  
Period   1        23074        23074        3.3        0          342      57557      4557       4269.66    2886.41
Global   56       1363944      24356        3.2        0          181      70264      4317       3934.71    2669.37

[1;1H[2J
Get Statistics
Type     Time(s)  Ops          TPS(ops/s)   Net(M/s)   Get_miss   Min(us)  Max(us)    Avg(us)    Std_dev    Geo_dist  
Period   1        24488        24488        3.3        0          272      28410      4255       3696.33    2688.55
Global   57       1374731      24118        3.4        0          181      70264      4315       3929.46    2669.00

Set Statistics
Type     Time(s)  Ops          TPS(ops/s)   Net(M/s)   Get_miss   Min(us)  Max(us)    Avg(us)    Std_dev    Geo_dist  
Period   1        241          241          0.0        0          623      20301      4353       3900.23    2769.59
Global   57       13938        244          0.0        0          282      70030      4406       4044.66    2748.35

Total Statistics
Type     Time(s)  Ops          TPS(ops/s)   Net(M/s)   Get_miss   Min(us)  Max(us)    Avg(us)    Std_dev    Geo_dist  
Period   1        24727        24727        3.3        0          272      28410      4257       3697.75    2692.02
Global   57       1388671      24362        3.4        0          181      70264      4316       3930.55    2669.78

[1;1H[2J
Get Statistics
Type     Time(s)  Ops          TPS(ops/s)   Net(M/s)   Get_miss   Min(us)  Max(us)    Avg(us)    Std_dev    Geo_dist  
Period   1        23780        23780        3.3        0          268      31418      4374       3718.61    2764.87
Global   58       1398511      24112        3.3        0          181      70264      4316       3925.98    2670.61

Set Statistics
Type     Time(s)  Ops          TPS(ops/s)   Net(M/s)   Get_miss   Min(us)  Max(us)    Avg(us)    Std_dev    Geo_dist  
Period   1        240          240          0.0        0          538      13701      4104       3614.53    2553.68
Global   58       14178        244          0.0        0          282      70030      4401       4037.71    2744.94

Total Statistics
Type     Time(s)  Ops          TPS(ops/s)   Net(M/s)   Get_miss   Min(us)  Max(us)    Avg(us)    Std_dev    Geo_dist  
Period   1        24020        24020        3.3        0          268      31418      4372       3717.29    2763.73
Global   58       1412691      24356        3.3        0          181      70264      4317       3926.97    2671.35

[1;1H[2J
Get Statistics
Type     Time(s)  Ops          TPS(ops/s)   Net(M/s)   Get_miss   Min(us)  Max(us)    Avg(us)    Std_dev    Geo_dist  
Period   1        24246        24246        3.3        0          275      29805      4305       3782.96    2697.02
Global   59       1422757      24114        3.3        0          181      70264      4316       3923.39    2671.08

Set Statistics
Type     Time(s)  Ops          TPS(ops/s)   Net(M/s)   Get_miss   Min(us)  Max(us)    Avg(us)    Std_dev    Geo_dist  
Period   1        246          246          0.0        0          421      38123      4697       4268.45    2987.84
Global   59       14424        244          0.0        0          282      70030      4406       4041.84    2748.91

Total Statistics
Type     Time(s)  Ops          TPS(ops/s)   Net(M/s)   Get_miss   Min(us)  Max(us)    Avg(us)    Std_dev    Geo_dist  
Period   1        24490        24490        3.3        0          275      38123      4309       3788.13    2700.54
Global   59       1437181      24359        3.4        0          181      70264      4317       3924.50    2671.85

[1;1H[2J
Get Statistics
Type     Time(s)  Ops          TPS(ops/s)   Net(M/s)   Get_miss   Min(us)  Max(us)    Avg(us)    Std_dev    Geo_dist  
Period   1        24884        24884        3.3        0          264      40771      4218       3696.81    2658.29
Global   60       1447641      24127        3.4        0          181      70264      4314       3919.97    2670.86

Set Statistics
Type     Time(s)  Ops          TPS(ops/s)   Net(M/s)   Get_miss   Min(us)  Max(us)    Avg(us)    Std_dev    Geo_dist  
Period   1        252          252          0.0        0          541      17892      4483       3736.56    2869.55
Global   60       14676        244          0.0        0          282      70030      4407       4037.03    2750.94

Total Statistics
Type     Time(s)  Ops          TPS(ops/s)   Net(M/s)   Get_miss   Min(us)  Max(us)    Avg(us)    Std_dev    Geo_dist  
Period   1        25137        25137        3.3        0          264      40771      4220       3697.82    2660.22
Global   60       1462318      24371        3.5        0          181      70264      4315       3921.10    2671.65

Get Statistics (1447747 events)
   Min:       181
   Max:     70264
   Avg:      4315
   Geo:   2671.09
   Std:   3919.35
   Log2 Dist:
       8:       23     9462   314568   430839
      12:    95469   296994   291289     8452
      16:      537      114

Set Statistics (14677 events)
   Min:       282
   Max:     70030
   Avg:      4407
   Geo:   2751.20
   Std:   4037.74
   Log2 Dist:
       8:        0       70     2845     4596
      12:     1051     2666     3349       92
      16:        6        2

Total Statistics (1462424 events)
   Min:       181
   Max:     70264
   Avg:      4316
   Geo:   2671.88
   Std:   3920.48
   Log2 Dist:
       8:       23     9532   317413   435435
      12:    96520   299660   294638     8544
      16:      543      116

cmd_get: 1447851
cmd_set: 14678
get_misses: 0
written_bytes: 34198754
read_bytes: 238995671
object_bytes: 2113632

Run time: 60.5s Ops: 1462529 TPS: 24183 Net_rate: 4.3M/s
