servers : 10.0.0.13:9000
threads count: 26
concurrency: 26
run time: 60s
windows size: 10k
set proportion: set_prop=0.01
get proportion: get_prop=0.99
[1;1H[2J
Get Statistics
Type     Time(s)  Ops          TPS(ops/s)   Net(M/s)   Get_miss   Min(us)  Max(us)    Avg(us)    Std_dev    Geo_dist  
Period   1        17546        17546        2.4        0          204      10661      1464       1764.16    1018.12
Global   1        17546        17546        2.4        0          204      10661      1464       1764.16    1018.12

Set Statistics
Type     Time(s)  Ops          TPS(ops/s)   Net(M/s)   Get_miss   Min(us)  Max(us)    Avg(us)    Std_dev    Geo_dist  
Period   1        188          188          0.0        0          205      7446       1422       1486.03    1071.29
Global   1        188          188          0.0        0          205      7446       1422       1486.03    1071.29

Total Statistics
Type     Time(s)  Ops          TPS(ops/s)   Net(M/s)   Get_miss   Min(us)  Max(us)    Avg(us)    Std_dev    Geo_dist  
Period   1        17734        17734        2.4        0          204      10661      1464       1761.04    1018.67
Global   1        17734        17734        2.4        0          204      10661      1464       1761.04    1018.67

[1;1H[2J
Get Statistics
Type     Time(s)  Ops          TPS(ops/s)   Net(M/s)   Get_miss   Min(us)  Max(us)    Avg(us)    Std_dev    Geo_dist  
Period   1        18268        18268        2.5        0          208      13989      1411       1725.16    979.00
Global   2        35814        17907        2.5        0          204      13989      1437       1744.52    997.98

Set Statistics
Type     Time(s)  Ops          TPS(ops/s)   Net(M/s)   Get_miss   Min(us)  Max(us)    Avg(us)    Std_dev    Geo_dist  
Period   1        187          187          0.0        0          269      9172       1331       1633.77    949.59
Global   2        375          187          0.0        0          205      9172       1377       1559.69    1008.77

Total Statistics
Type     Time(s)  Ops          TPS(ops/s)   Net(M/s)   Get_miss   Min(us)  Max(us)    Avg(us)    Std_dev    Geo_dist  
Period   1        18455        18455        2.5        0          208      13989      1410       1724.39    978.70
Global   2        36189        18094        2.5        0          204      13989      1436       1743.01    998.09

[1;1H[2J
Get Statistics
Type     Time(s)  Ops          TPS(ops/s)   Net(M/s)   Get_miss   Min(us)  Max(us)    Avg(us)    Std_dev    Geo_dist  
Period   1        18445        18445        2.5        0          171      16595      1388       1640.62    1002.40
Global   3        54259        18086        2.5        0          171      16595      1420       1710.34    999.48

Set Statistics
Type     Time(s)  Ops          TPS(ops/s)   Net(M/s)   Get_miss   Min(us)  Max(us)    Avg(us)    Std_dev    Geo_dist  
Period   1        185          185          0.0        0          296      7158       1226       1295.86    952.44
Global   3        560          186          0.0        0          205      9172       1327       1478.40    989.80

Total Statistics
Type     Time(s)  Ops          TPS(ops/s)   Net(M/s)   Get_miss   Min(us)  Max(us)    Avg(us)    Std_dev    Geo_dist  
Period   1        18630        18630        2.5        0          171      16595      1387       1637.09    1001.89
Global   3        54819        18273        2.6        0          171      16595      1419       1708.18    999.38

[1;1H[2J
Get Statistics
Type     Time(s)  Ops          TPS(ops/s)   Net(M/s)   Get_miss   Min(us)  Max(us)    Avg(us)    Std_dev    Geo_dist  
Period   1        18241        18241        2.5        0          150      12734      1412       1637.12    1005.32
Global   4        72500        18125        2.5        0          150      16595      1418       1692.19    1000.94

Set Statistics
Type     Time(s)  Ops          TPS(ops/s)   Net(M/s)   Get_miss   Min(us)  Max(us)    Avg(us)    Std_dev    Geo_dist  
Period   1        185          185          0.0        0          241      7659       1528       1714.00    1072.41
Global   4        745          186          0.0        0          205      9172       1377       1541.44    1009.70

Total Statistics
Type     Time(s)  Ops          TPS(ops/s)   Net(M/s)   Get_miss   Min(us)  Max(us)    Avg(us)    Std_dev    Geo_dist  
Period   1        18426        18426        2.5        0          150      12734      1414       1637.18    1005.97
Global   4        73245        18311        2.5        0          150      16595      1418       1690.37    1001.03

[1;1H[2J
Get Statistics
Type     Time(s)  Ops          TPS(ops/s)   Net(M/s)   Get_miss   Min(us)  Max(us)    Avg(us)    Std_dev    Geo_dist  
Period   1        17223        17223        2.5        0          183      11138      1497       1849.40    1025.15
Global   5        89723        17944        2.4        0          150      16595      1433       1723.89    1005.55

Set Statistics
Type     Time(s)  Ops          TPS(ops/s)   Net(M/s)   Get_miss   Min(us)  Max(us)    Avg(us)    Std_dev    Geo_dist  
Period   1        176          176          0.0        0          282      8044       1417       1737.58    996.39
Global   5        921          184          0.0        0          205      9172       1384       1580.45    1007.14

Total Statistics
Type     Time(s)  Ops          TPS(ops/s)   Net(M/s)   Get_miss   Min(us)  Max(us)    Avg(us)    Std_dev    Geo_dist  
Period   1        17399        17399        2.5        0          183      11138      1496       1848.43    1024.86
Global   5        90644        18128        2.4        0          150      16595      1433       1722.08    1005.56

[1;1H[2J
Get Statistics
Type     Time(s)  Ops          TPS(ops/s)   Net(M/s)   Get_miss   Min(us)  Max(us)    Avg(us)    Std_dev    Geo_dist  
Period   1        17224        17224        2.4        0          202      10119      1496       1762.21    1047.18
Global   6        106947       17824        2.4        0          150      16595      1443       1730.39    1012.14

Set Statistics
Type     Time(s)  Ops          TPS(ops/s)   Net(M/s)   Get_miss   Min(us)  Max(us)    Avg(us)    Std_dev    Geo_dist  
Period   1        171          171          0.0        0          371      7815       1455       1746.75    1012.44
Global   6        1092         182          0.0        0          205      9172       1395       1607.10    1007.97

Total Statistics
Type     Time(s)  Ops          TPS(ops/s)   Net(M/s)   Get_miss   Min(us)  Max(us)    Avg(us)    Std_dev    Geo_dist  
Period   1        17395        17395        2.5        0          202      10119      1496       1761.67    1046.83
Global   6        108039       18006        2.4        0          150      16595      1443       1728.78    1012.10

[1;1H[2J
Get Statistics
Type     Time(s)  Ops          TPS(ops/s)   Net(M/s)   Get_miss   Min(us)  Max(us)    Avg(us)    Std_dev    Geo_dist  
Period   1        17675        17675        2.4        0          186      11511      1461       1715.95    1041.36
Global   7        124622       17803        2.4        0          150      16595      1446       1727.98    1016.23

Set Statistics
Type     Time(s)  Ops          TPS(ops/s)   Net(M/s)   Get_miss   Min(us)  Max(us)    Avg(us)    Std_dev    Geo_dist  
Period   1        179          179          0.0        0          356      9910       1347       1435.49    1034.98
Global   7        1271         181          0.0        0          205      9910       1389       1582.94    1011.73

Total Statistics
Type     Time(s)  Ops          TPS(ops/s)   Net(M/s)   Get_miss   Min(us)  Max(us)    Avg(us)    Std_dev    Geo_dist  
Period   1        17854        17854        2.5        0          186      11511      1460       1713.24    1041.30
Global   7        125893       17984        2.5        0          150      16595      1445       1726.93    1016.19

[1;1H[2J
Get Statistics
Type     Time(s)  Ops          TPS(ops/s)   Net(M/s)   Get_miss   Min(us)  Max(us)    Avg(us)    Std_dev    Geo_dist  
Period   1        17453        17453        2.4        0          176      12811      1467       1827.43    1013.24
Global   8        142075       17759        2.4        0          150      16595      1449       1740.16    1015.86

Set Statistics
Type     Time(s)  Ops          TPS(ops/s)   Net(M/s)   Get_miss   Min(us)  Max(us)    Avg(us)    Std_dev    Geo_dist  
Period   1        177          177          0.0        0          282      12181      1701       2107.04    1119.84
Global   8        1448         181          0.0        0          205      12181      1427       1658.33    1024.36

Total Statistics
Type     Time(s)  Ops          TPS(ops/s)   Net(M/s)   Get_miss   Min(us)  Max(us)    Avg(us)    Std_dev    Geo_dist  
Period   1        17630        17630        2.5        0          176      12811      1470       1830.01    1014.26
Global   8        143523       17940        2.4        0          150      16595      1448       1739.99    1015.95

[1;1H[2J
Get Statistics
Type     Time(s)  Ops          TPS(ops/s)   Net(M/s)   Get_miss   Min(us)  Max(us)    Avg(us)    Std_dev    Geo_dist  
Period   1        17172        17172        2.4        0          212      12940      1502       1809.64    1045.03
Global   9        159247       17694        2.4        0          150      16595      1454       1748.45    1018.97

Set Statistics
Type     Time(s)  Ops          TPS(ops/s)   Net(M/s)   Get_miss   Min(us)  Max(us)    Avg(us)    Std_dev    Geo_dist  
Period   1        174          174          0.0        0          269      8318       1428       1732.09    997.37
Global   9        1622         180          0.0        0          205      12181      1427       1665.94    1021.43

Total Statistics
Type     Time(s)  Ops          TPS(ops/s)   Net(M/s)   Get_miss   Min(us)  Max(us)    Avg(us)    Std_dev    Geo_dist  
Period   1        17346        17346        2.5        0          212      12940      1501       1809.06    1044.54
Global   9        160869       17874        2.4        0          150      16595      1454       1747.41    1018.99

[1;1H[2J
Get Statistics
Type     Time(s)  Ops          TPS(ops/s)   Net(M/s)   Get_miss   Min(us)  Max(us)    Avg(us)    Std_dev    Geo_dist  
Period   1        15878        15878        2.4        0          206      12993      1617       1999.30    1073.71
Global   10       175125       17512        2.2        0          150      16595      1469       1773.09    1023.81

Set Statistics
Type     Time(s)  Ops          TPS(ops/s)   Net(M/s)   Get_miss   Min(us)  Max(us)    Avg(us)    Std_dev    Geo_dist  
Period   1        158          158          0.0        0          266      8727       1631       1920.60    1114.33
Global   10       1780         178          0.0        0          205      12181      1445       1690.58    1029.36

Total Statistics
Type     Time(s)  Ops          TPS(ops/s)   Net(M/s)   Get_miss   Min(us)  Max(us)    Avg(us)    Std_dev    Geo_dist  
Period   1        16036        16036        2.4        0          206      12993      1617       1998.60    1074.10
Global   10       176905       17690        2.2        0          150      16595      1469       1772.07    1023.87

[1;1H[2J
Get Statistics
Type     Time(s)  Ops          TPS(ops/s)   Net(M/s)   Get_miss   Min(us)  Max(us)    Avg(us)    Std_dev    Geo_dist  
Period   1        17233        17233        2.4        0          208      10724      1490       1794.94    1033.31
Global   11       192358       17487        2.4        0          150      16595      1471       1774.96    1024.66

Set Statistics
Type     Time(s)  Ops          TPS(ops/s)   Net(M/s)   Get_miss   Min(us)  Max(us)    Avg(us)    Std_dev    Geo_dist  
Period   1        175          175          0.0        0          336      8095       1457       1768.75    1021.57
Global   11       1955         177          0.0        0          205      12181      1446       1697.33    1028.66

Total Statistics
Type     Time(s)  Ops          TPS(ops/s)   Net(M/s)   Get_miss   Min(us)  Max(us)    Avg(us)    Std_dev    Geo_dist  
Period   1        17408        17408        2.4        0          208      10724      1490       1794.36    1033.19
Global   11       194313       17664        2.4        0          150      16595      1471       1773.99    1024.70

[1;1H[2J
Get Statistics
Type     Time(s)  Ops          TPS(ops/s)   Net(M/s)   Get_miss   Min(us)  Max(us)    Avg(us)    Std_dev    Geo_dist  
Period   1        16856        16856        2.4        0          210      12655      1529       1832.01    1071.47
Global   12       209214       17434        2.3        0          150      16595      1476       1779.42    1028.36

Set Statistics
Type     Time(s)  Ops          TPS(ops/s)   Net(M/s)   Get_miss   Min(us)  Max(us)    Avg(us)    Std_dev    Geo_dist  
Period   1        174          174          0.0        0          209      12548      1607       2018.88    1082.61
Global   12       2129         177          0.0        0          205      12548      1459       1726.01    1032.96

Total Statistics
Type     Time(s)  Ops          TPS(ops/s)   Net(M/s)   Get_miss   Min(us)  Max(us)    Avg(us)    Std_dev    Geo_dist  
Period   1        17033        17033        2.4        0          209      12655      1530       1833.56    1071.55
Global   12       211346       17612        2.3        0          150      16595      1475       1779.56    1028.40

[1;1H[2J
Get Statistics
Type     Time(s)  Ops          TPS(ops/s)   Net(M/s)   Get_miss   Min(us)  Max(us)    Avg(us)    Std_dev    Geo_dist  
Period   1        17581        17581        2.4        0          196      11741      1461       1731.21    1036.76
Global   13       226795       17445        2.4        0          150      16595      1474       1776.43    1029.07

Set Statistics
Type     Time(s)  Ops          TPS(ops/s)   Net(M/s)   Get_miss   Min(us)  Max(us)    Avg(us)    Std_dev    Geo_dist  
Period   1        171          171          0.0        0          371      7630       1634       1866.75    1137.39
Global   13       2300         176          0.0        0          205      12548      1472       1737.05    1040.39

Total Statistics
Type     Time(s)  Ops          TPS(ops/s)   Net(M/s)   Get_miss   Min(us)  Max(us)    Avg(us)    Std_dev    Geo_dist  
Period   1        17751        17751        2.4        0          196      11741      1463       1732.68    1038.63
Global   13       229097       17622        2.4        0          150      16595      1474       1776.03    1029.19

[1;1H[2J
Get Statistics
Type     Time(s)  Ops          TPS(ops/s)   Net(M/s)   Get_miss   Min(us)  Max(us)    Avg(us)    Std_dev    Geo_dist  
Period   1        18030        18030        2.4        0          205      9609       1420       1688.18    1001.74
Global   14       244825       17487        2.5        0          150      16595      1470       1770.16    1027.06

Set Statistics
Type     Time(s)  Ops          TPS(ops/s)   Net(M/s)   Get_miss   Min(us)  Max(us)    Avg(us)    Std_dev    Geo_dist  
Period   1        185          185          0.0        0          369      7698       1357       1574.14    995.02
Global   14       2485         177          0.0        0          205      12548      1464       1724.95    1036.94

Total Statistics
Type     Time(s)  Ops          TPS(ops/s)   Net(M/s)   Get_miss   Min(us)  Max(us)    Avg(us)    Std_dev    Geo_dist  
Period   1        18213        18213        2.4        0          205      9609       1419       1687.34    1001.99
Global   14       247310       17665        2.5        0          150      16595      1470       1769.66    1027.16

[1;1H[2J
Get Statistics
Type     Time(s)  Ops          TPS(ops/s)   Net(M/s)   Get_miss   Min(us)  Max(us)    Avg(us)    Std_dev    Geo_dist  
Period   1        17592        17592        2.4        0          195      19406      1463       1891.29    1011.84
Global   15       262417       17494        2.4        0          150      19406      1470       1778.15    1026.03

Set Statistics
Type     Time(s)  Ops          TPS(ops/s)   Net(M/s)   Get_miss   Min(us)  Max(us)    Avg(us)    Std_dev    Geo_dist  
Period   1        178          178          0.0        0          222      8561       1422       1711.82    990.13
Global   15       2663         177          0.0        0          205      12548      1461       1723.95    1033.74

Total Statistics
Type     Time(s)  Ops          TPS(ops/s)   Net(M/s)   Get_miss   Min(us)  Max(us)    Avg(us)    Std_dev    Geo_dist  
Period   1        17771        17771        2.4        0          195      19406      1463       1889.14    1011.59
Global   15       265081       17672        2.4        0          150      19406      1470       1777.53    1026.11

[1;1H[2J
Get Statistics
Type     Time(s)  Ops          TPS(ops/s)   Net(M/s)   Get_miss   Min(us)  Max(us)    Avg(us)    Std_dev    Geo_dist  
Period   1        16590        16590        2.4        0          174      11717      1541       1949.26    1024.98
Global   16       279007       17437        2.3        0          150      19406      1474       1789.04    1026.00

Set Statistics
Type     Time(s)  Ops          TPS(ops/s)   Net(M/s)   Get_miss   Min(us)  Max(us)    Avg(us)    Std_dev    Geo_dist  
Period   1        167          167          0.0        0          297      8147       1658       2097.12    1074.76
Global   16       2830         176          0.0        0          205      12548      1472       1748.89    1036.12

Total Statistics
Type     Time(s)  Ops          TPS(ops/s)   Net(M/s)   Get_miss   Min(us)  Max(us)    Avg(us)    Std_dev    Geo_dist  
Period   1        16756        16756        2.4        0          174      11717      1543       1950.20    1025.89
Global   16       281837       17614        2.3        0          150      19406      1474       1788.62    1026.10

[1;1H[2J
Get Statistics
Type     Time(s)  Ops          TPS(ops/s)   Net(M/s)   Get_miss   Min(us)  Max(us)    Avg(us)    Std_dev    Geo_dist  
Period   1        16411        16411        2.4        0          194      12294      1570       1895.41    1066.68
Global   17       295418       17377        2.3        0          150      19406      1480       1794.69    1028.21

Set Statistics
Type     Time(s)  Ops          TPS(ops/s)   Net(M/s)   Get_miss   Min(us)  Max(us)    Avg(us)    Std_dev    Geo_dist  
Period   1        165          165          0.0        0          305      10171      1897       2199.07    1209.22
Global   17       2995         176          0.0        0          205      12548      1496       1778.37    1044.97

Total Statistics
Type     Time(s)  Ops          TPS(ops/s)   Net(M/s)   Get_miss   Min(us)  Max(us)    Avg(us)    Std_dev    Geo_dist  
Period   1        16576        16576        2.4        0          194      12294      1574       1898.25    1068.01
Global   17       298413       17553        2.3        0          150      19406      1480       1794.66    1028.38

[1;1H[2J
Get Statistics
Type     Time(s)  Ops          TPS(ops/s)   Net(M/s)   Get_miss   Min(us)  Max(us)    Avg(us)    Std_dev    Geo_dist  
Period   1        17469        17469        2.4        0          199      13729      1472       1805.98    1020.52
Global   18       312887       17382        2.4        0          150      19406      1479       1795.78    1027.78

Set Statistics
Type     Time(s)  Ops          TPS(ops/s)   Net(M/s)   Get_miss   Min(us)  Max(us)    Avg(us)    Std_dev    Geo_dist  
Period   1        180          180          0.0        0          259      7719       1371       1512.94    1009.96
Global   18       3175         176          0.0        0          205      12548      1489       1764.34    1042.96

Total Statistics
Type     Time(s)  Ops          TPS(ops/s)   Net(M/s)   Get_miss   Min(us)  Max(us)    Avg(us)    Std_dev    Geo_dist  
Period   1        17649        17649        2.4        0          199      13729      1471       1803.20    1020.41
Global   18       316062       17559        2.4        0          150      19406      1479       1795.55    1027.93

[1;1H[2J
Get Statistics
Type     Time(s)  Ops          TPS(ops/s)   Net(M/s)   Get_miss   Min(us)  Max(us)    Avg(us)    Std_dev    Geo_dist  
Period   1        17715        17715        2.4        0          217      10767      1456       1738.71    1018.52
Global   19       330602       17400        2.4        0          150      19406      1478       1792.58    1027.28

Set Statistics
Type     Time(s)  Ops          TPS(ops/s)   Net(M/s)   Get_miss   Min(us)  Max(us)    Avg(us)    Std_dev    Geo_dist  
Period   1        176          176          0.0        0          328      7771       1470       1679.03    1045.58
Global   19       3351         176          0.0        0          205      12548      1488       1759.73    1043.10

Total Statistics
Type     Time(s)  Ops          TPS(ops/s)   Net(M/s)   Get_miss   Min(us)  Max(us)    Avg(us)    Std_dev    Geo_dist  
Period   1        17891        17891        2.4        0          217      10767      1456       1738.20    1018.79
Global   19       333953       17576        2.5        0          150      19406      1478       1792.34    1027.44

[1;1H[2J
Get Statistics
Type     Time(s)  Ops          TPS(ops/s)   Net(M/s)   Get_miss   Min(us)  Max(us)    Avg(us)    Std_dev    Geo_dist  
Period   1        17478        17478        2.4        0          170      10119      1469       1721.06    1044.17
Global   20       348080       17404        2.4        0          150      19406      1477       1789.51    1028.13

Set Statistics
Type     Time(s)  Ops          TPS(ops/s)   Net(M/s)   Get_miss   Min(us)  Max(us)    Avg(us)    Std_dev    Geo_dist  
Period   1        177          177          0.0        0          334      7949       1459       1728.57    1022.87
Global   20       3528         176          0.0        0          205      12548      1486       1758.41    1042.07

Total Statistics
Type     Time(s)  Ops          TPS(ops/s)   Net(M/s)   Get_miss   Min(us)  Max(us)    Avg(us)    Std_dev    Geo_dist  
Period   1        17655        17655        2.4        0          170      10119      1469       1721.00    1043.96
Global   20       351608       17580        2.4        0          150      19406      1478       1788.45    1028.27

[1;1H[2J
Get Statistics
Type     Time(s)  Ops          TPS(ops/s)   Net(M/s)   Get_miss   Min(us)  Max(us)    Avg(us)    Std_dev    Geo_dist  
Period   1        17901        17901        2.4        0          193      12099      1441       1814.85    995.91
Global   21       365981       17427        2.5        0          150      19406      1476       1790.15    1026.53

Set Statistics
Type     Time(s)  Ops          TPS(ops/s)   Net(M/s)   Get_miss   Min(us)  Max(us)    Avg(us)    Std_dev    Geo_dist  
Period   1        181          181          0.0        0          298      8746       1415       1803.17    987.68
Global   21       3709         176          0.0        0          205      12548      1483       1760.05    1039.35

Total Statistics
Type     Time(s)  Ops          TPS(ops/s)   Net(M/s)   Get_miss   Min(us)  Max(us)    Avg(us)    Std_dev    Geo_dist  
Period   1        18082        18082        2.4        0          193      12099      1441       1814.48    995.83
Global   21       369690       17604        2.5        0          150      19406      1476       1789.90    1026.65

[1;1H[2J
Get Statistics
Type     Time(s)  Ops          TPS(ops/s)   Net(M/s)   Get_miss   Min(us)  Max(us)    Avg(us)    Std_dev    Geo_dist  
Period   1        16497        16497        2.4        0          167      14072      1562       1878.39    1060.01
Global   22       382478       17385        2.3        0          150      19406      1479       1794.71    1027.95

Set Statistics
Type     Time(s)  Ops          TPS(ops/s)   Net(M/s)   Get_miss   Min(us)  Max(us)    Avg(us)    Std_dev    Geo_dist  
Period   1        169          169          0.0        0          321      7668       1493       1851.53    1010.80
Global   22       3878         176          0.0        0          205      12548      1483       1764.25    1038.09

Total Statistics
Type     Time(s)  Ops          TPS(ops/s)   Net(M/s)   Get_miss   Min(us)  Max(us)    Avg(us)    Std_dev    Geo_dist  
Period   1        16668        16668        2.4        0          167      14072      1561       1878.16    1059.47
Global   22       386358       17561        2.3        0          150      19406      1479       1794.43    1028.05

[1;1H[2J
Get Statistics
Type     Time(s)  Ops          TPS(ops/s)   Net(M/s)   Get_miss   Min(us)  Max(us)    Avg(us)    Std_dev    Geo_dist  
Period   1        17306        17306        2.4        0          176      12215      1488       1755.67    1065.06
Global   23       399784       17381        2.4        0          150      19406      1480       1792.53    1029.56

Set Statistics
Type     Time(s)  Ops          TPS(ops/s)   Net(M/s)   Get_miss   Min(us)  Max(us)    Avg(us)    Std_dev    Geo_dist  
Period   1        174          174          0.0        0          260      11358      1502       1862.25    1075.91
Global   23       4052         176          0.0        0          205      12548      1484       1768.18    1039.68

Total Statistics
Type     Time(s)  Ops          TPS(ops/s)   Net(M/s)   Get_miss   Min(us)  Max(us)    Avg(us)    Std_dev    Geo_dist  
Period   1        17478        17478        2.4        0          176      12215      1488       1756.98    1065.60
Global   23       403836       17558        2.4        0          150      19406      1480       1792.32    1029.66

[1;1H[2J
Get Statistics
Type     Time(s)  Ops          TPS(ops/s)   Net(M/s)   Get_miss   Min(us)  Max(us)    Avg(us)    Std_dev    Geo_dist  
Period   1        17029        17029        2.4        0          174      11203      1513       1885.69    1010.19
Global   24       416813       17367        2.3        0          150      19406      1481       1796.73    1028.76

Set Statistics
Type     Time(s)  Ops          TPS(ops/s)   Net(M/s)   Get_miss   Min(us)  Max(us)    Avg(us)    Std_dev    Geo_dist  
Period   1        169          169          0.0        0          328      7667       1533       1937.28    1021.66
Global   24       4221         175          0.0        0          205      12548      1486       1775.01    1038.96

Total Statistics
Type     Time(s)  Ops          TPS(ops/s)   Net(M/s)   Get_miss   Min(us)  Max(us)    Avg(us)    Std_dev    Geo_dist  
Period   1        17198        17198        2.4        0          174      11203      1513       1886.30    1010.31
Global   24       421034       17543        2.4        0          150      19406      1481       1796.55    1028.87

[1;1H[2J
Get Statistics
Type     Time(s)  Ops          TPS(ops/s)   Net(M/s)   Get_miss   Min(us)  Max(us)    Avg(us)    Std_dev    Geo_dist  
Period   1        17223        17223        2.4        0          211      12293      1494       1863.14    1019.63
Global   25       434036       17361        2.4        0          150      19406      1482       1799.01    1028.40

Set Statistics
Type     Time(s)  Ops          TPS(ops/s)   Net(M/s)   Get_miss   Min(us)  Max(us)    Avg(us)    Std_dev    Geo_dist  
Period   1        177          177          0.0        0          276      8295       1500       1873.26    1012.01
Global   25       4398         175          0.0        0          205      12548      1487       1778.48    1037.86

Total Statistics
Type     Time(s)  Ops          TPS(ops/s)   Net(M/s)   Get_miss   Min(us)  Max(us)    Avg(us)    Std_dev    Geo_dist  
Period   1        17400        17400        2.4        0          211      12293      1494       1863.24    1019.55
Global   25       438434       17537        2.4        0          150      19406      1482       1798.85    1028.49

[1;1H[2J
Get Statistics
Type     Time(s)  Ops          TPS(ops/s)   Net(M/s)   Get_miss   Min(us)  Max(us)    Avg(us)    Std_dev    Geo_dist  
Period   1        16691        16691        2.4        0          212      9806       1539       1879.29    1055.70
Global   26       450727       17335        2.3        0          150      19406      1484       1802.17    1029.40

Set Statistics
Type     Time(s)  Ops          TPS(ops/s)   Net(M/s)   Get_miss   Min(us)  Max(us)    Avg(us)    Std_dev    Geo_dist  
Period   1        168          168          0.0        0          276      9638       1720       2136.95    1108.27
Global   26       4566         175          0.0        0          205      12548      1495       1793.68    1040.37

Total Statistics
Type     Time(s)  Ops          TPS(ops/s)   Net(M/s)   Get_miss   Min(us)  Max(us)    Avg(us)    Std_dev    Geo_dist  
Period   1        16859        16859        2.4        0          212      9806       1541       1881.88    1056.21
Global   26       455293       17511        2.3        0          150      19406      1484       1802.17    1029.51

[1;1H[2J
Get Statistics
Type     Time(s)  Ops          TPS(ops/s)   Net(M/s)   Get_miss   Min(us)  Max(us)    Avg(us)    Std_dev    Geo_dist  
Period   1        16889        16889        2.4        0          192      11178      1522       1899.64    1025.51
Global   27       467616       17319        2.3        0          150      19406      1485       1806.10    1029.26

Set Statistics
Type     Time(s)  Ops          TPS(ops/s)   Net(M/s)   Get_miss   Min(us)  Max(us)    Avg(us)    Std_dev    Geo_dist  
Period   1        170          170          0.0        0          300      8820       1443       1774.50    1011.21
Global   27       4736         175          0.0        0          205      12548      1493       1792.95    1039.31

Total Statistics
Type     Time(s)  Ops          TPS(ops/s)   Net(M/s)   Get_miss   Min(us)  Max(us)    Avg(us)    Std_dev    Geo_dist  
Period   1        17059        17059        2.4        0          192      11178      1521       1898.57    1025.37
Global   27       472352       17494        2.3        0          150      19406      1485       1806.03    1029.36

[1;1H[2J
Get Statistics
Type     Time(s)  Ops          TPS(ops/s)   Net(M/s)   Get_miss   Min(us)  Max(us)    Avg(us)    Std_dev    Geo_dist  
Period   1        16793        16793        2.4        0          192      10469      1535       1906.42    1034.65
Global   28       484409       17300        2.3        0          150      19406      1487       1809.47    1029.44

Set Statistics
Type     Time(s)  Ops          TPS(ops/s)   Net(M/s)   Get_miss   Min(us)  Max(us)    Avg(us)    Std_dev    Geo_dist  
Period   1        170          170          0.0        0          219      7596       1578       1998.35    1016.61
Global   28       4906         175          0.0        0          205      12548      1496       1800.25    1038.51

Total Statistics
Type     Time(s)  Ops          TPS(ops/s)   Net(M/s)   Get_miss   Min(us)  Max(us)    Avg(us)    Std_dev    Geo_dist  
Period   1        16963        16963        2.4        0          192      10469      1535       1907.66    1034.47
Global   28       489315       17475        2.3        0          150      19406      1487       1809.45    1029.53

[1;1H[2J
Get Statistics
Type     Time(s)  Ops          TPS(ops/s)   Net(M/s)   Get_miss   Min(us)  Max(us)    Avg(us)    Std_dev    Geo_dist  
Period   1        16614        16614        2.4        0          182      21907      1549       2080.05    1013.67
Global   29       501023       17276        2.3        0          150      21907      1489       1819.17    1028.92

Set Statistics
Type     Time(s)  Ops          TPS(ops/s)   Net(M/s)   Get_miss   Min(us)  Max(us)    Avg(us)    Std_dev    Geo_dist  
Period   1        168          168          0.0        0          307      8256       1588       2111.25    1001.04
Global   29       5074         174          0.0        0          205      12548      1499       1811.28    1037.25

Total Statistics
Type     Time(s)  Ops          TPS(ops/s)   Net(M/s)   Get_miss   Min(us)  Max(us)    Avg(us)    Std_dev    Geo_dist  
Period   1        16782        16782        2.4        0          182      21907      1549       2080.60    1013.54
Global   29       506097       17451        2.3        0          150      21907      1489       1819.17    1029.00

[1;1H[2J
Get Statistics
Type     Time(s)  Ops          TPS(ops/s)   Net(M/s)   Get_miss   Min(us)  Max(us)    Avg(us)    Std_dev    Geo_dist  
Period   1        16979        16979        2.4        0          199      12409      1511       1853.45    1020.28
Global   30       518002       17266        2.3        0          150      21907      1490       1820.08    1028.63

Set Statistics
Type     Time(s)  Ops          TPS(ops/s)   Net(M/s)   Get_miss   Min(us)  Max(us)    Avg(us)    Std_dev    Geo_dist  
Period   1        169          169          0.0        0          344      10043      1460       1847.56    996.40
Global   30       5243         174          0.0        0          205      12548      1498       1812.08    1035.91

Total Statistics
Type     Time(s)  Ops          TPS(ops/s)   Net(M/s)   Get_miss   Min(us)  Max(us)    Avg(us)    Std_dev    Geo_dist  
Period   1        17148        17148        2.4        0          199      12409      1511       1852.93    1020.04
Global   30       523245       17441        2.4        0          150      21907      1490       1820.06    1028.71

[1;1H[2J
Get Statistics
Type     Time(s)  Ops          TPS(ops/s)   Net(M/s)   Get_miss   Min(us)  Max(us)    Avg(us)    Std_dev    Geo_dist  
Period   1        17586        17586        2.4        0          205      10547      1464       1740.79    1031.41
Global   31       535588       17277        2.4        0          150      21907      1489       1817.65    1028.72

Set Statistics
Type     Time(s)  Ops          TPS(ops/s)   Net(M/s)   Get_miss   Min(us)  Max(us)    Avg(us)    Std_dev    Geo_dist  
Period   1        181          181          0.0        0          323      7781       1534       1790.02    1063.90
Global   31       5424         174          0.0        0          205      12548      1499       1811.36    1036.83

Total Statistics
Type     Time(s)  Ops          TPS(ops/s)   Net(M/s)   Get_miss   Min(us)  Max(us)    Avg(us)    Std_dev    Geo_dist  
Period   1        17767        17767        2.4        0          205      10547      1465       1741.02    1031.74
Global   31       541012       17452        2.4        0          150      21907      1489       1817.67    1028.80

[1;1H[2J
Get Statistics
Type     Time(s)  Ops          TPS(ops/s)   Net(M/s)   Get_miss   Min(us)  Max(us)    Avg(us)    Std_dev    Geo_dist  
Period   1        18026        18026        2.4        0          151      9528       1430       1797.11    969.30
Global   32       553614       17300        2.5        0          150      21907      1487       1817.08    1026.73

Set Statistics
Type     Time(s)  Ops          TPS(ops/s)   Net(M/s)   Get_miss   Min(us)  Max(us)    Avg(us)    Std_dev    Geo_dist  
Period   1        181          181          0.0        0          318      9084       1336       1687.33    938.02
Global   32       5605         175          0.0        0          205      12548      1494       1807.36    1033.48

Total Statistics
Type     Time(s)  Ops          TPS(ops/s)   Net(M/s)   Get_miss   Min(us)  Max(us)    Avg(us)    Std_dev    Geo_dist  
Period   1        18208        18208        2.4        0          151      9528       1429       1796.01    968.98
Global   32       559220       17475        2.5        0          150      21907      1487       1817.04    1026.80

[1;1H[2J
Get Statistics
Type     Time(s)  Ops          TPS(ops/s)   Net(M/s)   Get_miss   Min(us)  Max(us)    Avg(us)    Std_dev    Geo_dist  
Period   1        17719        17719        2.4        0          202      11521      1454       1825.13    977.72
Global   33       571333       17313        2.4        0          150      21907      1486       1817.32    1025.19

Set Statistics
Type     Time(s)  Ops          TPS(ops/s)   Net(M/s)   Get_miss   Min(us)  Max(us)    Avg(us)    Std_dev    Geo_dist  
Period   1        175          175          0.0        0          267      8407       1579       1970.06    1047.65
Global   33       5780         175          0.0        0          205      12548      1497       1812.02    1033.91

Total Statistics
Type     Time(s)  Ops          TPS(ops/s)   Net(M/s)   Get_miss   Min(us)  Max(us)    Avg(us)    Std_dev    Geo_dist  
Period   1        17893        17893        2.4        0          202      11521      1455       1826.84    978.75
Global   33       577113       17488        2.5        0          150      21907      1486       1817.35    1025.28

[1;1H[2J
Get Statistics
Type     Time(s)  Ops          TPS(ops/s)   Net(M/s)   Get_miss   Min(us)  Max(us)    Avg(us)    Std_dev    Geo_dist  
Period   1        18473        18473        2.4        0          188      10714      1393       1702.33    974.65
Global   34       589806       17347        2.5        0          150      21907      1483       1813.97    1023.57

Set Statistics
Type     Time(s)  Ops          TPS(ops/s)   Net(M/s)   Get_miss   Min(us)  Max(us)    Avg(us)    Std_dev    Geo_dist  
Period   1        190          190          0.0        0          323      7652       1357       1668.87    958.68
Global   34       5970         175          0.0        0          205      12548      1492       1808.13    1031.42

Total Statistics
Type     Time(s)  Ops          TPS(ops/s)   Net(M/s)   Get_miss   Min(us)  Max(us)    Avg(us)    Std_dev    Geo_dist  
Period   1        18663        18663        2.4        0          188      10714      1393       1701.65    974.48
Global   34       595776       17522        2.6        0          150      21907      1483       1813.98    1023.64

[1;1H[2J
Get Statistics
Type     Time(s)  Ops          TPS(ops/s)   Net(M/s)   Get_miss   Min(us)  Max(us)    Avg(us)    Std_dev    Geo_dist  
Period   1        18012        18012        2.4        0          186      11461      1426       1711.23    999.80
Global   35       607818       17366        2.5        0          150      21907      1481       1811.29    1022.85

Set Statistics
Type     Time(s)  Ops          TPS(ops/s)   Net(M/s)   Get_miss   Min(us)  Max(us)    Avg(us)    Std_dev    Geo_dist  
Period   1        182          182          0.0        0          334      8352       1427       1703.06    1002.83
Global   35       6152         175          0.0        0          205      12548      1490       1805.07    1030.57

Total Statistics
Type     Time(s)  Ops          TPS(ops/s)   Net(M/s)   Get_miss   Min(us)  Max(us)    Avg(us)    Std_dev    Geo_dist  
Period   1        18194        18194        2.4        0          186      11461      1426       1711.11    999.83
Global   35       613970       17542        2.5        0          150      21907      1481       1811.30    1022.93

[1;1H[2J
Get Statistics
Type     Time(s)  Ops          TPS(ops/s)   Net(M/s)   Get_miss   Min(us)  Max(us)    Avg(us)    Std_dev    Geo_dist  
Period   1        18861        18861        2.4        0          188      11715      1363       1629.74    976.64
Global   36       626679       17407        2.6        0          150      21907      1478       1805.75    1021.43

Set Statistics
Type     Time(s)  Ops          TPS(ops/s)   Net(M/s)   Get_miss   Min(us)  Max(us)    Avg(us)    Std_dev    Geo_dist  
Period   1        191          191          0.0        0          335      11569      1313       1598.70    970.61
Global   36       6343         176          0.0        0          205      12548      1485       1799.07    1028.71

Total Statistics
Type     Time(s)  Ops          TPS(ops/s)   Net(M/s)   Get_miss   Min(us)  Max(us)    Avg(us)    Std_dev    Geo_dist  
Period   1        19052        19052        2.4        0          188      11715      1363       1628.98    976.58
Global   36       633022       17583        2.6        0          150      21907      1478       1805.74    1021.50

[1;1H[2J
Get Statistics
Type     Time(s)  Ops          TPS(ops/s)   Net(M/s)   Get_miss   Min(us)  Max(us)    Avg(us)    Std_dev    Geo_dist  
Period   1        17163        17163        2.4        0          208      13388      1501       1797.33    1060.72
Global   37       643842       17401        2.4        0          150      21907      1478       1806.03    1022.46

Set Statistics
Type     Time(s)  Ops          TPS(ops/s)   Net(M/s)   Get_miss   Min(us)  Max(us)    Avg(us)    Std_dev    Geo_dist  
Period   1        173          173          0.0        0          384      8805       1320       1460.06    1018.39
Global   37       6516         176          0.0        0          205      12548      1481       1790.69    1028.43

Total Statistics
Type     Time(s)  Ops          TPS(ops/s)   Net(M/s)   Get_miss   Min(us)  Max(us)    Avg(us)    Std_dev    Geo_dist  
Period   1        17336        17336        2.4        0          208      13388      1499       1794.50    1060.29
Global   37       650358       17577        2.4        0          150      21907      1478       1805.90    1022.52

[1;1H[2J
Get Statistics
Type     Time(s)  Ops          TPS(ops/s)   Net(M/s)   Get_miss   Min(us)  Max(us)    Avg(us)    Std_dev    Geo_dist  
Period   1        17917        17917        2.4        0          174      16364      1442       1743.56    1011.74
Global   38       661759       17414        2.5        0          150      21907      1477       1804.40    1022.17

Set Statistics
Type     Time(s)  Ops          TPS(ops/s)   Net(M/s)   Get_miss   Min(us)  Max(us)    Avg(us)    Std_dev    Geo_dist  
Period   1        183          183          0.0        0          255      7042       1227       1313.75    949.17
Global   38       6699         176          0.0        0          205      12548      1474       1779.82    1026.18

Total Statistics
Type     Time(s)  Ops          TPS(ops/s)   Net(M/s)   Get_miss   Min(us)  Max(us)    Avg(us)    Std_dev    Geo_dist  
Period   1        18100        18100        2.4        0          174      16364      1440       1739.71    1011.08
Global   38       668458       17591        2.5        0          150      21907      1477       1804.13    1022.21

[1;1H[2J
Get Statistics
Type     Time(s)  Ops          TPS(ops/s)   Net(M/s)   Get_miss   Min(us)  Max(us)    Avg(us)    Std_dev    Geo_dist  
Period   1        18871        18871        2.4        0          160      12317      1365       1510.63    1034.98
Global   39       680630       17452        2.6        0          150      21907      1474       1796.91    1022.52

Set Statistics
Type     Time(s)  Ops          TPS(ops/s)   Net(M/s)   Get_miss   Min(us)  Max(us)    Avg(us)    Std_dev    Geo_dist  
Period   1        187          187          0.0        0          352      10533      1470       1671.86    1086.64
Global   39       6886         176          0.0        0          205      12548      1474       1776.77    1027.78

Total Statistics
Type     Time(s)  Ops          TPS(ops/s)   Net(M/s)   Get_miss   Min(us)  Max(us)    Avg(us)    Std_dev    Geo_dist  
Period   1        19058        19058        2.4        0          160      12317      1366       1512.31    1035.47
Global   39       687516       17628        2.6        0          150      21907      1474       1796.70    1022.57

[1;1H[2J
Get Statistics
Type     Time(s)  Ops          TPS(ops/s)   Net(M/s)   Get_miss   Min(us)  Max(us)    Avg(us)    Std_dev    Geo_dist  
Period   1        18284        18284        2.4        0          166      13124      1402       1596.30    1023.03
Global   40       698914       17472        2.5        0          150      21907      1472       1792.08    1022.53

Set Statistics
Type     Time(s)  Ops          TPS(ops/s)   Net(M/s)   Get_miss   Min(us)  Max(us)    Avg(us)    Std_dev    Geo_dist  
Period   1        188          188          0.0        0          284      8047       1354       1498.25    1011.16
Global   40       7074         176          0.0        0          205      12548      1470       1770.62    1027.33

Total Statistics
Type     Time(s)  Ops          TPS(ops/s)   Net(M/s)   Get_miss   Min(us)  Max(us)    Avg(us)    Std_dev    Geo_dist  
Period   1        18472        18472        2.4        0          166      13124      1402       1594.87    1022.91
Global   40       705988       17649        2.5        0          150      21907      1472       1791.84    1022.58

[1;1H[2J
Get Statistics
Type     Time(s)  Ops          TPS(ops/s)   Net(M/s)   Get_miss   Min(us)  Max(us)    Avg(us)    Std_dev    Geo_dist  
Period   1        17967        17967        2.4        0          181      9741       1434       1673.67    1029.48
Global   41       716881       17484        2.5        0          150      21907      1471       1789.25    1022.71

Set Statistics
Type     Time(s)  Ops          TPS(ops/s)   Net(M/s)   Get_miss   Min(us)  Max(us)    Avg(us)    Std_dev    Geo_dist  
Period   1        179          179          0.0        0          277      7825       1448       1710.56    1025.91
Global   41       7253         176          0.0        0          205      12548      1470       1768.60    1027.30

Total Statistics
Type     Time(s)  Ops          TPS(ops/s)   Net(M/s)   Get_miss   Min(us)  Max(us)    Avg(us)    Std_dev    Geo_dist  
Period   1        18146        18146        2.4        0          181      9741       1435       1673.25    1029.44
Global   41       724134       17661        2.5        0          150      21907      1471       1789.04    1022.75

[1;1H[2J
Get Statistics
Type     Time(s)  Ops          TPS(ops/s)   Net(M/s)   Get_miss   Min(us)  Max(us)    Avg(us)    Std_dev    Geo_dist  
Period   1        17192        17192        2.4        0          192      12122      1496       1843.70    1008.44
Global   42       734073       17477        2.4        0          150      21907      1472       1790.21    1022.37

Set Statistics
Type     Time(s)  Ops          TPS(ops/s)   Net(M/s)   Get_miss   Min(us)  Max(us)    Avg(us)    Std_dev    Geo_dist  
Period   1        174          174          0.0        0          296      8451       1450       1730.17    1005.22
Global   42       7427         176          0.0        0          205      12548      1469       1768.04    1026.78

Total Statistics
Type     Time(s)  Ops          TPS(ops/s)   Net(M/s)   Get_miss   Min(us)  Max(us)    Avg(us)    Std_dev    Geo_dist  
Period   1        17368        17368        2.4        0          192      12122      1495       1842.82    1008.30
Global   42       741502       17654        2.4        0          150      21907      1472       1789.96    1022.41

[1;1H[2J
Get Statistics
Type     Time(s)  Ops          TPS(ops/s)   Net(M/s)   Get_miss   Min(us)  Max(us)    Avg(us)    Std_dev    Geo_dist  
Period   1        16878        16878        2.4        0          128      14858      1527       2026.99    965.19
Global   43       750951       17463        2.3        0          128      21907      1473       1796.08    1021.06

Set Statistics
Type     Time(s)  Ops          TPS(ops/s)   Net(M/s)   Get_miss   Min(us)  Max(us)    Avg(us)    Std_dev    Geo_dist  
Period   1        170          170          0.0        0          263      12009      1299       1773.15    870.10
Global   43       7597         176          0.0        0          205      12548      1466       1767.55    1022.98

Total Statistics
Type     Time(s)  Ops          TPS(ops/s)   Net(M/s)   Get_miss   Min(us)  Max(us)    Avg(us)    Std_dev    Geo_dist  
Period   1        17046        17046        2.4        0          128      14858      1525       2024.68    964.63
Global   43       758548       17640        2.3        0          128      21907      1473       1795.74    1021.08

[1;1H[2J
Get Statistics
Type     Time(s)  Ops          TPS(ops/s)   Net(M/s)   Get_miss   Min(us)  Max(us)    Avg(us)    Std_dev    Geo_dist  
Period   1        17874        17874        2.4        0          196      12527      1438       1812.22    963.03
Global   44       768825       17473        2.5        0          128      21907      1472       1796.62    1019.67

Set Statistics
Type     Time(s)  Ops          TPS(ops/s)   Net(M/s)   Get_miss   Min(us)  Max(us)    Avg(us)    Std_dev    Geo_dist  
Period   1        181          181          0.0        0          326      9543       1536       1894.18    1017.12
Global   44       7778         176          0.0        0          205      12548      1467       1771.03    1022.84

Total Statistics
Type     Time(s)  Ops          TPS(ops/s)   Net(M/s)   Get_miss   Min(us)  Max(us)    Avg(us)    Std_dev    Geo_dist  
Period   1        18057        18057        2.4        0          196      12527      1439       1812.86    963.50
Global   44       776605       17650        2.5        0          128      21907      1472       1796.32    1019.70

[1;1H[2J
Get Statistics
Type     Time(s)  Ops          TPS(ops/s)   Net(M/s)   Get_miss   Min(us)  Max(us)    Avg(us)    Std_dev    Geo_dist  
Period   1        17654        17654        2.4        0          195      10575      1453       1904.84    936.47
Global   45       786479       17477        2.4        0          128      21907      1472       1798.77    1017.74

Set Statistics
Type     Time(s)  Ops          TPS(ops/s)   Net(M/s)   Get_miss   Min(us)  Max(us)    Avg(us)    Std_dev    Geo_dist  
Period   1        179          179          0.0        0          224      8492       1376       1821.60    906.68
Global   45       7957         176          0.0        0          205      12548      1465       1772.07    1020.07

Total Statistics
Type     Time(s)  Ops          TPS(ops/s)   Net(M/s)   Get_miss   Min(us)  Max(us)    Avg(us)    Std_dev    Geo_dist  
Period   1        17831        17831        2.4        0          195      10575      1452       1904.32    936.55
Global   45       794436       17654        2.4        0          128      21907      1472       1798.45    1017.76

[1;1H[2J
Get Statistics
Type     Time(s)  Ops          TPS(ops/s)   Net(M/s)   Get_miss   Min(us)  Max(us)    Avg(us)    Std_dev    Geo_dist  
Period   1        18780        18780        2.4        0          170      14069      1373       1802.87    900.53
Global   46       805259       17505        2.6        0          128      21907      1470       1798.68    1014.84

Set Statistics
Type     Time(s)  Ops          TPS(ops/s)   Net(M/s)   Get_miss   Min(us)  Max(us)    Avg(us)    Std_dev    Geo_dist  
Period   1        191          191          0.0        0          233      8313       1346       1799.68    866.33
Global   46       8148         177          0.0        0          205      12548      1462       1772.88    1016.17

Total Statistics
Type     Time(s)  Ops          TPS(ops/s)   Net(M/s)   Get_miss   Min(us)  Max(us)    Avg(us)    Std_dev    Geo_dist  
Period   1        18971        18971        2.4        0          170      14069      1372       1803.35    900.18
Global   46       813407       17682        2.6        0          128      21907      1470       1798.35    1014.85

[1;1H[2J
Get Statistics
Type     Time(s)  Ops          TPS(ops/s)   Net(M/s)   Get_miss   Min(us)  Max(us)    Avg(us)    Std_dev    Geo_dist  
Period   1        17680        17680        2.4        0          188      9355       1459       1762.40    1003.27
Global   47       822939       17509        2.4        0          128      21907      1469       1798.53    1014.59

Set Statistics
Type     Time(s)  Ops          TPS(ops/s)   Net(M/s)   Get_miss   Min(us)  Max(us)    Avg(us)    Std_dev    Geo_dist  
Period   1        176          176          0.0        0          176      7967       1595       1898.52    1079.49
Global   47       8324         177          0.0        0          176      12548      1465       1775.45    1017.47

Total Statistics
Type     Time(s)  Ops          TPS(ops/s)   Net(M/s)   Get_miss   Min(us)  Max(us)    Avg(us)    Std_dev    Geo_dist  
Period   1        17858        17858        2.4        0          176      9355       1460       1763.93    1003.96
Global   47       831265       17686        2.5        0          128      21907      1469       1798.26    1014.62

[1;1H[2J
Get Statistics
Type     Time(s)  Ops          TPS(ops/s)   Net(M/s)   Get_miss   Min(us)  Max(us)    Avg(us)    Std_dev    Geo_dist  
Period   1        18371        18371        2.4        0          191      27901      1399       1924.68    950.35
Global   48       841310       17527        2.5        0          128      27901      1468       1800.97    1013.15

Set Statistics
Type     Time(s)  Ops          TPS(ops/s)   Net(M/s)   Get_miss   Min(us)  Max(us)    Avg(us)    Std_dev    Geo_dist  
Period   1        184          184          0.0        0          278      27597      1408       2421.20    944.33
Global   48       8508         177          0.0        0          176      27597      1464       1791.52    1015.83

Total Statistics
Type     Time(s)  Ops          TPS(ops/s)   Net(M/s)   Get_miss   Min(us)  Max(us)    Avg(us)    Std_dev    Geo_dist  
Period   1        18553        18553        2.4        0          191      27901      1399       1930.37    950.66
Global   48       849818       17704        2.5        0          128      27901      1468       1800.85    1013.18

[1;1H[2J
Get Statistics
Type     Time(s)  Ops          TPS(ops/s)   Net(M/s)   Get_miss   Min(us)  Max(us)    Avg(us)    Std_dev    Geo_dist  
Period   1        17688        17688        2.4        0          161      12600      1450       1831.63    966.26
Global   49       858998       17530        2.4        0          128      27901      1468       1801.31    1012.16

Set Statistics
Type     Time(s)  Ops          TPS(ops/s)   Net(M/s)   Get_miss   Min(us)  Max(us)    Avg(us)    Std_dev    Geo_dist  
Period   1        181          181          0.0        0          247      8641       1716       2131.32    1083.19
Global   49       8689         177          0.0        0          176      27597      1469       1799.67    1017.19

Total Statistics
Type     Time(s)  Ops          TPS(ops/s)   Net(M/s)   Get_miss   Min(us)  Max(us)    Avg(us)    Std_dev    Geo_dist  
Period   1        17869        17869        2.4        0          161      12600      1452       1835.59    967.38
Global   49       867687       17707        2.5        0          128      27901      1468       1801.30    1012.21

[1;1H[2J
Get Statistics
Type     Time(s)  Ops          TPS(ops/s)   Net(M/s)   Get_miss   Min(us)  Max(us)    Avg(us)    Std_dev    Geo_dist  
Period   1        17611        17611        2.4        0          152      12592      1459       1834.74    978.52
Global   50       876609       17532        2.4        0          128      27901      1467       1802.65    1011.47

Set Statistics
Type     Time(s)  Ops          TPS(ops/s)   Net(M/s)   Get_miss   Min(us)  Max(us)    Avg(us)    Std_dev    Geo_dist  
Period   1        180          180          0.0        0          262      7839       1362       1697.41    925.29
Global   50       8869         177          0.0        0          176      27597      1467       1797.49    1015.24

Total Statistics
Type     Time(s)  Ops          TPS(ops/s)   Net(M/s)   Get_miss   Min(us)  Max(us)    Avg(us)    Std_dev    Geo_dist  
Period   1        17791        17791        2.4        0          152      12592      1458       1833.39    977.96
Global   50       885478       17709        2.4        0          128      27901      1467       1802.60    1011.51

[1;1H[2J
Get Statistics
Type     Time(s)  Ops          TPS(ops/s)   Net(M/s)   Get_miss   Min(us)  Max(us)    Avg(us)    Std_dev    Geo_dist  
Period   1        17281        17281        2.4        0          181      12057      1474       1884.59    974.23
Global   51       893890       17527        2.4        0          128      27901      1467       1804.38    1010.74

Set Statistics
Type     Time(s)  Ops          TPS(ops/s)   Net(M/s)   Get_miss   Min(us)  Max(us)    Avg(us)    Std_dev    Geo_dist  
Period   1        171          171          0.0        0          243      11021      1707       2150.91    1087.17
Global   51       9040         177          0.0        0          176      27597      1472       1804.60    1016.55

Total Statistics
Type     Time(s)  Ops          TPS(ops/s)   Net(M/s)   Get_miss   Min(us)  Max(us)    Avg(us)    Std_dev    Geo_dist  
Period   1        17452        17452        2.4        0          181      12057      1476       1887.67    975.28
Global   51       902930       17704        2.4        0          128      27901      1468       1803.61    1010.80

[1;1H[2J
Get Statistics
Type     Time(s)  Ops          TPS(ops/s)   Net(M/s)   Get_miss   Min(us)  Max(us)    Avg(us)    Std_dev    Geo_dist  
Period   1        17622        17622        2.4        0          189      13048      1473       1860.97    994.83
Global   52       911512       17529        2.4        0          128      27901      1468       1804.77    1010.43

Set Statistics
Type     Time(s)  Ops          TPS(ops/s)   Net(M/s)   Get_miss   Min(us)  Max(us)    Avg(us)    Std_dev    Geo_dist  
Period   1        179          179          0.0        0          283      11558      1360       1819.42    915.15
Global   52       9219         177          0.0        0          176      27597      1469       1805.52    1014.48

Total Statistics
Type     Time(s)  Ops          TPS(ops/s)   Net(M/s)   Get_miss   Min(us)  Max(us)    Avg(us)    Std_dev    Geo_dist  
Period   1        17813        17813        2.4        0          189      13048      1471       1860.38    993.95
Global   52       920743       17706        2.4        0          128      27901      1468       1804.77    1010.47

[1;1H[2J
Get Statistics
Type     Time(s)  Ops          TPS(ops/s)   Net(M/s)   Get_miss   Min(us)  Max(us)    Avg(us)    Std_dev    Geo_dist  
Period   1        17631        17631        2.4        0          207      27689      1453       1985.81    999.69
Global   53       929143       17531        2.4        0          128      27901      1467       1808.96    1010.32

Set Statistics
Type     Time(s)  Ops          TPS(ops/s)   Net(M/s)   Get_miss   Min(us)  Max(us)    Avg(us)    Std_dev    Geo_dist  
Period   1        180          180          0.0        0          363      7544       1360       1574.22    985.98
Global   53       9399         177          0.0        0          176      27597      1467       1801.29    1013.93

Total Statistics
Type     Time(s)  Ops          TPS(ops/s)   Net(M/s)   Get_miss   Min(us)  Max(us)    Avg(us)    Std_dev    Geo_dist  
Period   1        17799        17799        2.4        0          207      27689      1453       1982.40    1004.22
Global   53       938542       17708        2.4        0          128      27901      1467       1808.88    1010.35

[1;1H[2J
Get Statistics
Type     Time(s)  Ops          TPS(ops/s)   Net(M/s)   Get_miss   Min(us)  Max(us)    Avg(us)    Std_dev    Geo_dist  
Period   1        17090        17090        2.4        0          171      13068      1514       1865.94    1003.72
Global   54       946233       17522        2.3        0          128      27901      1468       1809.89    1010.20

Set Statistics
Type     Time(s)  Ops          TPS(ops/s)   Net(M/s)   Get_miss   Min(us)  Max(us)    Avg(us)    Std_dev    Geo_dist  
Period   1        174          174          0.0        0          267      9273       1610       1907.96    1055.92
Global   54       9573         177          0.0        0          176      27597      1470       1802.95    1014.68

Total Statistics
Type     Time(s)  Ops          TPS(ops/s)   Net(M/s)   Get_miss   Min(us)  Max(us)    Avg(us)    Std_dev    Geo_dist  
Period   1        17264        17264        2.4        0          171      13068      1514       1867.12    1004.23
Global   54       955806       17700        2.4        0          128      27901      1468       1809.84    1010.24

[1;1H[2J
Get Statistics
Type     Time(s)  Ops          TPS(ops/s)   Net(M/s)   Get_miss   Min(us)  Max(us)    Avg(us)    Std_dev    Geo_dist  
Period   1        17721        17721        2.4        0          152      12117      1448       1826.10    966.40
Global   55       963954       17526        2.4        0          128      27901      1468       1809.90    1009.37

Set Statistics
Type     Time(s)  Ops          TPS(ops/s)   Net(M/s)   Get_miss   Min(us)  Max(us)    Avg(us)    Std_dev    Geo_dist  
Period   1        177          177          0.0        0          316      8055       1506       1820.59    1020.77
Global   55       9750         177          0.0        0          176      27597      1470       1803.72    1014.79

Total Statistics
Type     Time(s)  Ops          TPS(ops/s)   Net(M/s)   Get_miss   Min(us)  Max(us)    Avg(us)    Std_dev    Geo_dist  
Period   1        17898        17898        2.4        0          152      12117      1449       1825.66    966.92
Global   55       973704       17703        2.5        0          128      27901      1468       1809.85    1009.43

[1;1H[2J
Get Statistics
Type     Time(s)  Ops          TPS(ops/s)   Net(M/s)   Get_miss   Min(us)  Max(us)    Avg(us)    Std_dev    Geo_dist  
Period   1        17276        17276        2.4        0          159      12635      1492       1801.52    1025.40
Global   56       981230       17521        2.4        0          128      27901      1468       1810.09    1009.65

Set Statistics
Type     Time(s)  Ops          TPS(ops/s)   Net(M/s)   Get_miss   Min(us)  Max(us)    Avg(us)    Std_dev    Geo_dist  
Period   1        175          175          0.0        0          252      12603      1525       1807.50    1068.55
Global   56       9925         177          0.0        0          176      27597      1471       1803.69    1015.71

Total Statistics
Type     Time(s)  Ops          TPS(ops/s)   Net(M/s)   Get_miss   Min(us)  Max(us)    Avg(us)    Std_dev    Geo_dist  
Period   1        17451        17451        2.4        0          159      12635      1492       1801.81    1025.82
Global   56       991155       17699        2.4        0          128      27901      1468       1810.05    1009.71

[1;1H[2J
Get Statistics
Type     Time(s)  Ops          TPS(ops/s)   Net(M/s)   Get_miss   Min(us)  Max(us)    Avg(us)    Std_dev    Geo_dist  
Period   1        17572        17572        2.4        0          195      10254      1464       1929.17    944.89
Global   57       998802       17522        2.4        0          128      27901      1468       1812.20    1008.48

Set Statistics
Type     Time(s)  Ops          TPS(ops/s)   Net(M/s)   Get_miss   Min(us)  Max(us)    Avg(us)    Std_dev    Geo_dist  
Period   1        176          176          0.0        0          230      10215      1436       1968.07    942.41
Global   57       10101        177          0.0        0          176      27597      1471       1806.08    1014.39

Total Statistics
Type     Time(s)  Ops          TPS(ops/s)   Net(M/s)   Get_miss   Min(us)  Max(us)    Avg(us)    Std_dev    Geo_dist  
Period   1        17748        17748        2.4        0          195      10254      1464       1929.29    944.86
Global   57       1008903      17700        2.4        0          128      27901      1468       1812.16    1008.54

[1;1H[2J
Get Statistics
Type     Time(s)  Ops          TPS(ops/s)   Net(M/s)   Get_miss   Min(us)  Max(us)    Avg(us)    Std_dev    Geo_dist  
Period   1        16851        16851        2.4        0          164      15295      1528       1845.69    1043.44
Global   58       1015653      17511        2.3        0          128      27901      1469       1812.77    1009.05

Set Statistics
Type     Time(s)  Ops          TPS(ops/s)   Net(M/s)   Get_miss   Min(us)  Max(us)    Avg(us)    Std_dev    Geo_dist  
Period   1        172          172          0.0        0          266      9170       1461       1878.58    982.58
Global   58       10273        177          0.0        0          176      27597      1471       1807.09    1013.85

Total Statistics
Type     Time(s)  Ops          TPS(ops/s)   Net(M/s)   Get_miss   Min(us)  Max(us)    Avg(us)    Std_dev    Geo_dist  
Period   1        17023        17023        2.4        0          164      15295      1527       1846.25    1042.42
Global   58       1025926      17688        2.3        0          128      27901      1469       1812.73    1009.09

[1;1H[2J
Get Statistics
Type     Time(s)  Ops          TPS(ops/s)   Net(M/s)   Get_miss   Min(us)  Max(us)    Avg(us)    Std_dev    Geo_dist  
Period   1        15820        15820        2.4        0          215      16212      1623       2001.66    1077.03
Global   59       1031473      17482        2.2        0          128      27901      1471       1816.21    1010.06

Set Statistics
Type     Time(s)  Ops          TPS(ops/s)   Net(M/s)   Get_miss   Min(us)  Max(us)    Avg(us)    Std_dev    Geo_dist  
Period   1        160          160          0.0        0          298      14483      1805       2437.13    1115.15
Global   59       10433        176          0.0        0          176      27597      1476       1818.81    1015.33

Total Statistics
Type     Time(s)  Ops          TPS(ops/s)   Net(M/s)   Get_miss   Min(us)  Max(us)    Avg(us)    Std_dev    Geo_dist  
Period   1        15981        15981        2.4        0          215      16212      1625       2006.23    1077.38
Global   59       1041907      17659        2.2        0          128      27901      1472       1815.46    1010.11

[1;1H[2J
Get Statistics
Type     Time(s)  Ops          TPS(ops/s)   Net(M/s)   Get_miss   Min(us)  Max(us)    Avg(us)    Std_dev    Geo_dist  
Period   1        17448        17448        2.4        0          167      10516      1470       1752.01    1016.95
Global   60       1048921      17482        2.4        0          128      27901      1471       1815.14    1010.17

Set Statistics
Type     Time(s)  Ops          TPS(ops/s)   Net(M/s)   Get_miss   Min(us)  Max(us)    Avg(us)    Std_dev    Geo_dist  
Period   1        175          175          0.0        0          320      8900       1572       1867.03    1059.67
Global   60       10608        176          0.0        0          176      27597      1477       1820.04    1016.04

Total Statistics
Type     Time(s)  Ops          TPS(ops/s)   Net(M/s)   Get_miss   Min(us)  Max(us)    Avg(us)    Std_dev    Geo_dist  
Period   1        17622        17622        2.4        0          167      10516      1471       1753.23    1016.62
Global   60       1059529      17658        2.4        0          128      27901      1472       1814.43    1010.23

Get Statistics (1048947 events)
   Min:       128
   Max:     27901
   Avg:      1472
   Geo:   1010.22
   Std:   1814.71
   Log2 Dist:
       4:        0        0        0        1
       8:     1574   120490   555204   240979
      12:    35174    89953     5444      128

Set Statistics (10608 events)
   Min:       176
   Max:     27597
   Avg:      1477
   Geo:   1016.04
   Std:   1820.04
   Log2 Dist:
       8:       16     1175     5630     2459
      12:      354      921       52        1

Total Statistics (1059555 events)
   Min:       128
   Max:     27901
   Avg:      1472
   Geo:   1010.28
   Std:   1814.80
   Log2 Dist:
       4:        0        0        0        1
       8:     1590   121665   560834   243438
      12:    35528    90874     5496      129

cmd_get: 1048973
cmd_set: 10608
get_misses: 0
written_bytes: 24774114
read_bytes: 173161119
object_bytes: 1527552

Run time: 60.2s Ops: 1059581 TPS: 17588 Net_rate: 3.1M/s
