servers : 10.0.0.13:9000
threads count: 10
concurrency: 10
run time: 60s
windows size: 10k
set proportion: set_prop=0.01
get proportion: get_prop=0.99
[1;1H[2J
Get Statistics
Type     Time(s)  Ops          TPS(ops/s)   Net(M/s)   Get_miss   Min(us)  Max(us)    Avg(us)    Std_dev    Geo_dist  
Period   1        11895        11895        1.6        0          178      5359       830        564.47     721.94
Global   1        11895        11895        1.6        0          178      5359       830        564.47     721.94

Set Statistics
Type     Time(s)  Ops          TPS(ops/s)   Net(M/s)   Get_miss   Min(us)  Max(us)    Avg(us)    Std_dev    Geo_dist  
Period   1        125          125          0.0        0          258      4714       999        807.89     819.21
Global   1        125          125          0.0        0          258      4714       999        807.89     819.21

Total Statistics
Type     Time(s)  Ops          TPS(ops/s)   Net(M/s)   Get_miss   Min(us)  Max(us)    Avg(us)    Std_dev    Geo_dist  
Period   1        12021        12021        1.7        0          178      5359       832        567.34     722.87
Global   1        12021        12021        1.7        0          178      5359       832        567.34     722.87

[1;1H[2J
Get Statistics
Type     Time(s)  Ops          TPS(ops/s)   Net(M/s)   Get_miss   Min(us)  Max(us)    Avg(us)    Std_dev    Geo_dist  
Period   1        11612        11612        1.6        0          187      8071       852        617.57     735.26
Global   2        23507        11753        1.6        0          178      8071       841        591.20     728.49

Set Statistics
Type     Time(s)  Ops          TPS(ops/s)   Net(M/s)   Get_miss   Min(us)  Max(us)    Avg(us)    Std_dev    Geo_dist  
Period   1        118          118          0.0        0          320      3836       885        578.24     767.09
Global   2        243          121          0.0        0          258      4714       943        707.51     793.48

Total Statistics
Type     Time(s)  Ops          TPS(ops/s)   Net(M/s)   Get_miss   Min(us)  Max(us)    Avg(us)    Std_dev    Geo_dist  
Period   1        11729        11729        1.6        0          187      8071       852        617.69     735.60
Global   2        23750        11875        1.6        0          178      8071       842        592.64     729.12

[1;1H[2J
Get Statistics
Type     Time(s)  Ops          TPS(ops/s)   Net(M/s)   Get_miss   Min(us)  Max(us)    Avg(us)    Std_dev    Geo_dist  
Period   1        11540        11540        1.6        0          173      7710       860        675.72     733.37
Global   3        35047        11682        1.6        0          173      8071       847        620.71     730.09

Set Statistics
Type     Time(s)  Ops          TPS(ops/s)   Net(M/s)   Get_miss   Min(us)  Max(us)    Avg(us)    Std_dev    Geo_dist  
Period   1        116          116          0.0        0          272      4820       886        625.18     765.11
Global   3        359          119          0.0        0          258      4820       925        681.07     784.20

Total Statistics
Type     Time(s)  Ops          TPS(ops/s)   Net(M/s)   Get_miss   Min(us)  Max(us)    Avg(us)    Std_dev    Geo_dist  
Period   1        11656        11656        1.6        0          173      7710       860        675.55     733.68
Global   3        35406        11802        1.6        0          173      8071       848        621.10     730.62

[1;1H[2J
Get Statistics
Type     Time(s)  Ops          TPS(ops/s)   Net(M/s)   Get_miss   Min(us)  Max(us)    Avg(us)    Std_dev    Geo_dist  
Period   1        11409        11409        1.6        0          155      7827       866        712.52     728.80
Global   4        46456        11614        1.6        0          155      8071       852        644.07     729.77

Set Statistics
Type     Time(s)  Ops          TPS(ops/s)   Net(M/s)   Get_miss   Min(us)  Max(us)    Avg(us)    Std_dev    Geo_dist  
Period   1        117          117          0.0        0          259      7812       960        934.35     791.46
Global   4        476          119          0.0        0          258      7812       934        749.86     785.98

Total Statistics
Type     Time(s)  Ops          TPS(ops/s)   Net(M/s)   Get_miss   Min(us)  Max(us)    Avg(us)    Std_dev    Geo_dist  
Period   1        11527        11527        1.6        0          155      7827       867        715.05     729.42
Global   4        46933        11733        1.6        0          155      8071       852        646.37     730.33

[1;1H[2J
Get Statistics
Type     Time(s)  Ops          TPS(ops/s)   Net(M/s)   Get_miss   Min(us)  Max(us)    Avg(us)    Std_dev    Geo_dist  
Period   1        11797        11797        1.6        0          186      9703       840        548.09     746.46
Global   5        58253        11650        1.6        0          155      9703       849        626.62     733.21

Set Statistics
Type     Time(s)  Ops          TPS(ops/s)   Net(M/s)   Get_miss   Min(us)  Max(us)    Avg(us)    Std_dev    Geo_dist  
Period   1        118          118          0.0        0          304      2808       876        438.28     791.18
Global   5        594          118          0.0        0          258      7812       922        699.80     787.01

Total Statistics
Type     Time(s)  Ops          TPS(ops/s)   Net(M/s)   Get_miss   Min(us)  Max(us)    Avg(us)    Std_dev    Geo_dist  
Period   1        11915        11915        1.6        0          186      9703       840        547.92     747.36
Global   5        58848        11769        1.6        0          155      9703       850        627.11     733.74

[1;1H[2J
Get Statistics
Type     Time(s)  Ops          TPS(ops/s)   Net(M/s)   Get_miss   Min(us)  Max(us)    Avg(us)    Std_dev    Geo_dist  
Period   1        12720        12720        1.6        0          164      5795       779        494.07     690.22
Global   6        70973        11828        1.7        0          155      9703       837        604.88     725.39

Set Statistics
Type     Time(s)  Ops          TPS(ops/s)   Net(M/s)   Get_miss   Min(us)  Max(us)    Avg(us)    Std_dev    Geo_dist  
Period   1        127          127          0.0        0          251      2785       741        402.41     667.59
Global   6        721          120          0.0        0          251      7812       890        660.79     764.52

Total Statistics
Type     Time(s)  Ops          TPS(ops/s)   Net(M/s)   Get_miss   Min(us)  Max(us)    Avg(us)    Std_dev    Geo_dist  
Period   1        12846        12846        1.6        0          164      5795       779        492.73     690.35
Global   6        71694        11949        1.8        0          155      9703       837        606.23     725.77

[1;1H[2J
Get Statistics
Type     Time(s)  Ops          TPS(ops/s)   Net(M/s)   Get_miss   Min(us)  Max(us)    Avg(us)    Std_dev    Geo_dist  
Period   1        12433        12433        1.6        0          145      10466      797        542.81     701.47
Global   7        83406        11915        1.7        0          145      10466      831        596.26     721.77

Set Statistics
Type     Time(s)  Ops          TPS(ops/s)   Net(M/s)   Get_miss   Min(us)  Max(us)    Avg(us)    Std_dev    Geo_dist  
Period   1        127          127          0.0        0          255      2799       727        366.68     657.56
Global   7        848          121          0.0        0          251      7812       866        627.58     747.46

Total Statistics
Type     Time(s)  Ops          TPS(ops/s)   Net(M/s)   Get_miss   Min(us)  Max(us)    Avg(us)    Std_dev    Geo_dist  
Period   1        12560        12560        1.7        0          145      10466      796        541.78     701.01
Global   7        84254        12036        1.7        0          145      10466      831        597.08     722.03

[1;1H[2J
Get Statistics
Type     Time(s)  Ops          TPS(ops/s)   Net(M/s)   Get_miss   Min(us)  Max(us)    Avg(us)    Std_dev    Geo_dist  
Period   1        12922        12922        1.7        0          171      8872       767        515.07     676.09
Global   8        96328        12041        1.8        0          145      10466      822        587.01     715.47

Set Statistics
Type     Time(s)  Ops          TPS(ops/s)   Net(M/s)   Get_miss   Min(us)  Max(us)    Avg(us)    Std_dev    Geo_dist  
Period   1        131          131          0.0        0          249      4400       786        515.37     688.93
Global   8        979          122          0.0        0          249      7812       855        614.53     739.35

Total Statistics
Type     Time(s)  Ops          TPS(ops/s)   Net(M/s)   Get_miss   Min(us)  Max(us)    Avg(us)    Std_dev    Geo_dist  
Period   1        13053        13053        1.7        0          171      8872       767        515.34     676.22
Global   8        97307        12163        1.8        0          145      10466      823        586.36     715.71

[1;1H[2J
Get Statistics
Type     Time(s)  Ops          TPS(ops/s)   Net(M/s)   Get_miss   Min(us)  Max(us)    Avg(us)    Std_dev    Geo_dist  
Period   1        12688        12688        1.7        0          176      6571       780        470.40     699.50
Global   9        109016       12112        1.7        0          145      10466      817        574.97     713.59

Set Statistics
Type     Time(s)  Ops          TPS(ops/s)   Net(M/s)   Get_miss   Min(us)  Max(us)    Avg(us)    Std_dev    Geo_dist  
Period   1        127          127          0.0        0          296      2409       718        335.48     662.72
Global   9        1106         122          0.0        0          249      7812       839        591.13     730.12

Total Statistics
Type     Time(s)  Ops          TPS(ops/s)   Net(M/s)   Get_miss   Min(us)  Max(us)    Avg(us)    Std_dev    Geo_dist  
Period   1        12815        12815        1.7        0          176      6571       780        468.27     699.12
Global   9        110122       12235        1.8        0          145      10466      818        574.03     713.76

[1;1H[2J
Get Statistics
Type     Time(s)  Ops          TPS(ops/s)   Net(M/s)   Get_miss   Min(us)  Max(us)    Avg(us)    Std_dev    Geo_dist  
Period   1        12655        12655        1.7        0          162      5792       784        442.01     701.58
Global   10       121671       12167        1.7        0          145      10466      814        562.07     712.33

Set Statistics
Type     Time(s)  Ops          TPS(ops/s)   Net(M/s)   Get_miss   Min(us)  Max(us)    Avg(us)    Std_dev    Geo_dist  
Period   1        127          127          0.0        0          201      2425       803        372.73     732.57
Global   10       1233         123          0.0        0          201      7812       836        571.46     730.37

Total Statistics
Type     Time(s)  Ops          TPS(ops/s)   Net(M/s)   Get_miss   Min(us)  Max(us)    Avg(us)    Std_dev    Geo_dist  
Period   1        12782        12782        1.7        0          162      5792       784        441.70     701.88
Global   10       122904       12290        1.8        0          145      10466      814        562.49     712.51

[1;1H[2J
Get Statistics
Type     Time(s)  Ops          TPS(ops/s)   Net(M/s)   Get_miss   Min(us)  Max(us)    Avg(us)    Std_dev    Geo_dist  
Period   1        12243        12243        1.7        0          156      5365       808        450.53     726.34
Global   11       133914       12174        1.7        0          145      10466      813        553.47     713.60

Set Statistics
Type     Time(s)  Ops          TPS(ops/s)   Net(M/s)   Get_miss   Min(us)  Max(us)    Avg(us)    Std_dev    Geo_dist  
Period   1        125          125          0.0        0          253      3846       780        419.96     706.31
Global   11       1358         123          0.0        0          201      7812       831        559.11     728.12

Total Statistics
Type     Time(s)  Ops          TPS(ops/s)   Net(M/s)   Get_miss   Min(us)  Max(us)    Avg(us)    Std_dev    Geo_dist  
Period   1        12368        12368        1.7        0          156      5365       808        449.72     726.13
Global   11       135272       12297        1.7        0          145      10466      813        553.80     713.75

[1;1H[2J
Get Statistics
Type     Time(s)  Ops          TPS(ops/s)   Net(M/s)   Get_miss   Min(us)  Max(us)    Avg(us)    Std_dev    Geo_dist  
Period   1        11296        11296        1.7        0          190      5301       878        660.62     750.00
Global   12       145210       12100        1.6        0          145      10466      818        562.89     716.37

Set Statistics
Type     Time(s)  Ops          TPS(ops/s)   Net(M/s)   Get_miss   Min(us)  Max(us)    Avg(us)    Std_dev    Geo_dist  
Period   1        115          115          0.0        0          234      4729       876        678.10     744.57
Global   12       1473         122          0.0        0          201      7812       834        569.91     729.39

Total Statistics
Type     Time(s)  Ops          TPS(ops/s)   Net(M/s)   Get_miss   Min(us)  Max(us)    Avg(us)    Std_dev    Geo_dist  
Period   1        11411        11411        1.7        0          190      5301       878        660.74     749.95
Global   12       146683       12223        1.6        0          145      10466      818        563.19     716.50

[1;1H[2J
Get Statistics
Type     Time(s)  Ops          TPS(ops/s)   Net(M/s)   Get_miss   Min(us)  Max(us)    Avg(us)    Std_dev    Geo_dist  
Period   1        11971        11971        1.7        0          182      8409       828        669.30     704.98
Global   13       157181       12090        1.6        0          145      10466      819        571.35     715.49

Set Statistics
Type     Time(s)  Ops          TPS(ops/s)   Net(M/s)   Get_miss   Min(us)  Max(us)    Avg(us)    Std_dev    Geo_dist  
Period   1        119          119          0.0        0          268      3682       817        526.58     716.43
Global   13       1592         122          0.0        0          201      7812       833        566.25     728.41

Total Statistics
Type     Time(s)  Ops          TPS(ops/s)   Net(M/s)   Get_miss   Min(us)  Max(us)    Avg(us)    Std_dev    Geo_dist  
Period   1        12090        12090        1.7        0          182      8409       828        667.89     705.09
Global   13       158773       12213        1.7        0          145      10466      819        571.50     715.62

[1;1H[2J
Get Statistics
Type     Time(s)  Ops          TPS(ops/s)   Net(M/s)   Get_miss   Min(us)  Max(us)    Avg(us)    Std_dev    Geo_dist  
Period   1        12539        12539        1.7        0          164      8598       790        599.22     683.57
Global   14       169720       12122        1.7        0          145      10466      817        573.30     713.09

Set Statistics
Type     Time(s)  Ops          TPS(ops/s)   Net(M/s)   Get_miss   Min(us)  Max(us)    Avg(us)    Std_dev    Geo_dist  
Period   1        129          129          0.0        0          244      2403       731        370.08     662.37
Global   14       1721         122          0.0        0          201      7812       825        555.06     723.24

Total Statistics
Type     Time(s)  Ops          TPS(ops/s)   Net(M/s)   Get_miss   Min(us)  Max(us)    Avg(us)    Std_dev    Geo_dist  
Period   1        12668        12668        1.7        0          164      8598       790        596.56     683.35
Global   14       171441       12245        1.7        0          145      10466      817        573.24     713.19

[1;1H[2J
Get Statistics
Type     Time(s)  Ops          TPS(ops/s)   Net(M/s)   Get_miss   Min(us)  Max(us)    Avg(us)    Std_dev    Geo_dist  
Period   1        12212        12212        1.7        0          165      9900       810        583.44     703.99
Global   15       181932       12128        1.7        0          145      10466      816        574.74     712.47

Set Statistics
Type     Time(s)  Ops          TPS(ops/s)   Net(M/s)   Get_miss   Min(us)  Max(us)    Avg(us)    Std_dev    Geo_dist  
Period   1        122          122          0.0        0          236      3902       917        610.17     781.16
Global   15       1843         122          0.0        0          201      7812       831        559.30     726.94

Total Statistics
Type     Time(s)  Ops          TPS(ops/s)   Net(M/s)   Get_miss   Min(us)  Max(us)    Avg(us)    Std_dev    Geo_dist  
Period   1        12334        12334        1.7        0          165      9900       811        583.87     704.71
Global   15       183775       12251        1.7        0          145      10466      817        573.38     712.62

[1;1H[2J
Get Statistics
Type     Time(s)  Ops          TPS(ops/s)   Net(M/s)   Get_miss   Min(us)  Max(us)    Avg(us)    Std_dev    Geo_dist  
Period   1        12494        12494        1.7        0          148      10796      792        529.24     701.71
Global   16       194426       12151        1.7        0          145      10796      815        571.18     711.78

Set Statistics
Type     Time(s)  Ops          TPS(ops/s)   Net(M/s)   Get_miss   Min(us)  Max(us)    Avg(us)    Std_dev    Geo_dist  
Period   1        127          127          0.0        0          202      7442       829        729.63     707.29
Global   16       1970         123          0.0        0          201      7812       831        571.39     725.66

Total Statistics
Type     Time(s)  Ops          TPS(ops/s)   Net(M/s)   Get_miss   Min(us)  Max(us)    Avg(us)    Std_dev    Geo_dist  
Period   1        12621        12621        1.7        0          148      10796      792        532.16     701.77
Global   16       196396       12274        1.7        0          145      10796      815        571.42     711.91

[1;1H[2J
Get Statistics
Type     Time(s)  Ops          TPS(ops/s)   Net(M/s)   Get_miss   Min(us)  Max(us)    Avg(us)    Std_dev    Geo_dist  
Period   1        12529        12529        1.7        0          182      6511       791        527.36     695.73
Global   17       206955       12173        1.7        0          145      10796      813        569.44     710.79

Set Statistics
Type     Time(s)  Ops          TPS(ops/s)   Net(M/s)   Get_miss   Min(us)  Max(us)    Avg(us)    Std_dev    Geo_dist  
Period   1        127          127          0.0        0          284      3212       805        459.00     725.04
Global   17       2097         123          0.0        0          201      7812       830        564.32     725.62

Total Statistics
Type     Time(s)  Ops          TPS(ops/s)   Net(M/s)   Get_miss   Min(us)  Max(us)    Avg(us)    Std_dev    Geo_dist  
Period   1        12656        12656        1.7        0          182      6511       791        526.91     696.02
Global   17       209052       12297        1.7        0          145      10796      814        568.20     710.94

[1;1H[2J
Get Statistics
Type     Time(s)  Ops          TPS(ops/s)   Net(M/s)   Get_miss   Min(us)  Max(us)    Avg(us)    Std_dev    Geo_dist  
Period   1        12343        12343        1.7        0          164      5776       803        558.98     703.88
Global   18       219298       12183        1.7        0          145      10796      813        568.05     710.40

Set Statistics
Type     Time(s)  Ops          TPS(ops/s)   Net(M/s)   Get_miss   Min(us)  Max(us)    Avg(us)    Std_dev    Geo_dist  
Period   1        124          124          0.0        0          235      3987       726        410.20     657.54
Global   18       2221         123          0.0        0          201      7812       824        557.57     721.64

Total Statistics
Type     Time(s)  Ops          TPS(ops/s)   Net(M/s)   Get_miss   Min(us)  Max(us)    Avg(us)    Std_dev    Geo_dist  
Period   1        12467        12467        1.7        0          164      5776       802        558.08     703.41
Global   18       221519       12306        1.7        0          145      10796      813        568.11     710.51

[1;1H[2J
Get Statistics
Type     Time(s)  Ops          TPS(ops/s)   Net(M/s)   Get_miss   Min(us)  Max(us)    Avg(us)    Std_dev    Geo_dist  
Period   1        12046        12046        1.7        0          197      9126       822        691.60     700.35
Global   19       231344       12176        1.7        0          145      10796      813        575.80     709.88

Set Statistics
Type     Time(s)  Ops          TPS(ops/s)   Net(M/s)   Get_miss   Min(us)  Max(us)    Avg(us)    Std_dev    Geo_dist  
Period   1        120          120          0.0        0          271      5264       792        634.49     681.09
Global   19       2341         123          0.0        0          201      7812       822        562.19     719.50

Total Statistics
Type     Time(s)  Ops          TPS(ops/s)   Net(M/s)   Get_miss   Min(us)  Max(us)    Avg(us)    Std_dev    Geo_dist  
Period   1        12166        12166        1.7        0          197      9126       822        690.69     700.16
Global   19       233685       12299        1.7        0          145      10796      813        575.80     709.97

[1;1H[2J
Get Statistics
Type     Time(s)  Ops          TPS(ops/s)   Net(M/s)   Get_miss   Min(us)  Max(us)    Avg(us)    Std_dev    Geo_dist  
Period   1        12118        12118        1.7        0          184      7188       818        546.48     720.57
Global   20       243462       12173        1.7        0          145      10796      814        573.32     710.40

Set Statistics
Type     Time(s)  Ops          TPS(ops/s)   Net(M/s)   Get_miss   Min(us)  Max(us)    Avg(us)    Std_dev    Geo_dist  
Period   1        124          124          0.0        0          295      2524       794        386.26     721.92
Global   20       2465         123          0.0        0          201      7812       821        554.04     719.63

Total Statistics
Type     Time(s)  Ops          TPS(ops/s)   Net(M/s)   Get_miss   Min(us)  Max(us)    Avg(us)    Std_dev    Geo_dist  
Period   1        12242        12242        1.7        0          184      7188       818        544.72     720.59
Global   20       245927       12296        1.7        0          145      10796      814        573.22     710.50

[1;1H[2J
Get Statistics
Type     Time(s)  Ops          TPS(ops/s)   Net(M/s)   Get_miss   Min(us)  Max(us)    Avg(us)    Std_dev    Geo_dist  
Period   1        11891        11891        1.7        0          165      11131      833        683.52     718.14
Global   21       255353       12159        1.6        0          145      11131      814        580.17     710.76

Set Statistics
Type     Time(s)  Ops          TPS(ops/s)   Net(M/s)   Get_miss   Min(us)  Max(us)    Avg(us)    Std_dev    Geo_dist  
Period   1        120          120          0.0        0          306      4841       787        485.78     711.28
Global   21       2585         123          0.0        0          201      7812       819        551.65     719.24

Total Statistics
Type     Time(s)  Ops          TPS(ops/s)   Net(M/s)   Get_miss   Min(us)  Max(us)    Avg(us)    Std_dev    Geo_dist  
Period   1        12011        12011        1.7        0          165      11131      833        681.27     718.07
Global   21       257938       12282        1.6        0          145      11131      814        579.96     710.85

[1;1H[2J
Get Statistics
Type     Time(s)  Ops          TPS(ops/s)   Net(M/s)   Get_miss   Min(us)  Max(us)    Avg(us)    Std_dev    Geo_dist  
Period   1        11847        11847        1.7        0          177      8678       837        660.44     724.27
Global   22       267200       12145        1.6        0          145      11131      815        584.01     711.36

Set Statistics
Type     Time(s)  Ops          TPS(ops/s)   Net(M/s)   Get_miss   Min(us)  Max(us)    Avg(us)    Std_dev    Geo_dist  
Period   1        118          118          0.0        0          263      2150       793        385.98     722.80
Global   22       2703         122          0.0        0          201      7812       818        545.24     719.39

Total Statistics
Type     Time(s)  Ops          TPS(ops/s)   Net(M/s)   Get_miss   Min(us)  Max(us)    Avg(us)    Std_dev    Geo_dist  
Period   1        11965        11965        1.7        0          177      8678       837        657.75     724.25
Global   22       269903       12268        1.6        0          145      11131      815        583.67     711.44

[1;1H[2J
Get Statistics
Type     Time(s)  Ops          TPS(ops/s)   Net(M/s)   Get_miss   Min(us)  Max(us)    Avg(us)    Std_dev    Geo_dist  
Period   1        11978        11978        1.7        0          166      6569       826        513.65     737.84
Global   23       279178       12138        1.6        0          145      11131      816        580.43     712.47

Set Statistics
Type     Time(s)  Ops          TPS(ops/s)   Net(M/s)   Get_miss   Min(us)  Max(us)    Avg(us)    Std_dev    Geo_dist  
Period   1        122          122          0.0        0          276      2439       827        409.95     750.40
Global   23       2825         122          0.0        0          201      7812       818        540.63     720.70

Total Statistics
Type     Time(s)  Ops          TPS(ops/s)   Net(M/s)   Get_miss   Min(us)  Max(us)    Avg(us)    Std_dev    Geo_dist  
Period   1        12101        12101        1.7        0          166      6569       826        512.65     737.93
Global   23       282004       12261        1.7        0          145      11131      816        580.06     712.55

[1;1H[2J
Get Statistics
Type     Time(s)  Ops          TPS(ops/s)   Net(M/s)   Get_miss   Min(us)  Max(us)    Avg(us)    Std_dev    Geo_dist  
Period   1        12633        12633        1.7        0          173      7174       782        524.72     688.33
Global   24       291811       12158        1.7        0          145      11131      814        578.91     711.43

Set Statistics
Type     Time(s)  Ops          TPS(ops/s)   Net(M/s)   Get_miss   Min(us)  Max(us)    Avg(us)    Std_dev    Geo_dist  
Period   1        126          126          0.0        0          197      4324       756        463.29     672.43
Global   24       2951         122          0.0        0          197      7812       816        536.65     718.57

Total Statistics
Type     Time(s)  Ops          TPS(ops/s)   Net(M/s)   Get_miss   Min(us)  Max(us)    Avg(us)    Std_dev    Geo_dist  
Period   1        12758        12758        1.7        0          173      7174       782        523.80     688.19
Global   24       294762       12281        1.8        0          145      11131      814        578.53     711.50

[1;1H[2J
Get Statistics
Type     Time(s)  Ops          TPS(ops/s)   Net(M/s)   Get_miss   Min(us)  Max(us)    Avg(us)    Std_dev    Geo_dist  
Period   1        11693        11693        1.7        0          159      7730       849        603.05     744.31
Global   25       303504       12140        1.6        0          145      11131      816        578.98     712.66

Set Statistics
Type     Time(s)  Ops          TPS(ops/s)   Net(M/s)   Get_miss   Min(us)  Max(us)    Avg(us)    Std_dev    Geo_dist  
Period   1        118          118          0.0        0          260      2273       805        362.94     737.36
Global   25       3069         122          0.0        0          197      7812       815        531.87     719.29

Total Statistics
Type     Time(s)  Ops          TPS(ops/s)   Net(M/s)   Get_miss   Min(us)  Max(us)    Avg(us)    Std_dev    Geo_dist  
Period   1        11811        11811        1.7        0          159      7730       849        600.51     744.24
Global   25       306573       12262        1.6        0          145      11131      816        578.51     712.73

[1;1H[2J
Get Statistics
Type     Time(s)  Ops          TPS(ops/s)   Net(M/s)   Get_miss   Min(us)  Max(us)    Avg(us)    Std_dev    Geo_dist  
Period   1        12077        12077        1.7        0          153      8171       820        527.35     728.15
Global   26       315581       12137        1.7        0          145      11131      816        577.30     713.25

Set Statistics
Type     Time(s)  Ops          TPS(ops/s)   Net(M/s)   Get_miss   Min(us)  Max(us)    Avg(us)    Std_dev    Geo_dist  
Period   1        124          124          0.0        0          224      2963       730        396.73     658.45
Global   26       3193         122          0.0        0          197      7812       812        527.01     716.82

Total Statistics
Type     Time(s)  Ops          TPS(ops/s)   Net(M/s)   Get_miss   Min(us)  Max(us)    Avg(us)    Std_dev    Geo_dist  
Period   1        12201        12201        1.7        0          153      8171       819        526.38     727.40
Global   26       318774       12260        1.7        0          145      11131      816        576.76     713.29

[1;1H[2J
Get Statistics
Type     Time(s)  Ops          TPS(ops/s)   Net(M/s)   Get_miss   Min(us)  Max(us)    Avg(us)    Std_dev    Geo_dist  
Period   1        11346        11346        1.7        0          187      9566       872        683.60     751.93
Global   27       326927       12108        1.6        0          145      11131      818        581.33     714.56

Set Statistics
Type     Time(s)  Ops          TPS(ops/s)   Net(M/s)   Get_miss   Min(us)  Max(us)    Avg(us)    Std_dev    Geo_dist  
Period   1        115          115          0.0        0          200      7090       924        810.81     772.66
Global   27       3308         122          0.0        0          197      7812       816        539.44     718.69

Total Statistics
Type     Time(s)  Ops          TPS(ops/s)   Net(M/s)   Get_miss   Min(us)  Max(us)    Avg(us)    Std_dev    Geo_dist  
Period   1        11461        11461        1.7        0          187      9566       873        684.37     752.13
Global   27       330235       12230        1.6        0          145      11131      818        580.89     714.60

[1;1H[2J
Get Statistics
Type     Time(s)  Ops          TPS(ops/s)   Net(M/s)   Get_miss   Min(us)  Max(us)    Avg(us)    Std_dev    Geo_dist  
Period   1        11363        11363        1.7        0          161      12559      872        787.82     731.36
Global   28       338290       12081        1.6        0          145      12559      820        589.26     715.12

Set Statistics
Type     Time(s)  Ops          TPS(ops/s)   Net(M/s)   Get_miss   Min(us)  Max(us)    Avg(us)    Std_dev    Geo_dist  
Period   1        114          114          0.0        0          206      5255       909        776.74     749.18
Global   28       3422         122          0.0        0          197      7812       819        549.24     719.69

Total Statistics
Type     Time(s)  Ops          TPS(ops/s)   Net(M/s)   Get_miss   Min(us)  Max(us)    Avg(us)    Std_dev    Geo_dist  
Period   1        11477        11477        1.7        0          161      12559      872        788.10     731.54
Global   28       341712       12204        1.6        0          145      12559      820        588.86     715.16

[1;1H[2J
Get Statistics
Type     Time(s)  Ops          TPS(ops/s)   Net(M/s)   Get_miss   Min(us)  Max(us)    Avg(us)    Std_dev    Geo_dist  
Period   1        12542        12542        1.7        0          174      5788       789        473.31     701.27
Global   29       350832       12097        1.7        0          145      12559      819        585.39     714.62

Set Statistics
Type     Time(s)  Ops          TPS(ops/s)   Net(M/s)   Get_miss   Min(us)  Max(us)    Avg(us)    Std_dev    Geo_dist  
Period   1        126          126          0.0        0          255      3303       830        461.48     744.05
Global   29       3548         122          0.0        0          197      7812       819        546.90     720.54

Total Statistics
Type     Time(s)  Ops          TPS(ops/s)   Net(M/s)   Get_miss   Min(us)  Max(us)    Avg(us)    Std_dev    Geo_dist  
Period   1        12668        12668        1.7        0          174      5788       790        472.21     701.69
Global   29       354380       12220        1.7        0          145      12559      819        585.01     714.68

[1;1H[2J
Get Statistics
Type     Time(s)  Ops          TPS(ops/s)   Net(M/s)   Get_miss   Min(us)  Max(us)    Avg(us)    Std_dev    Geo_dist  
Period   1        12023        12023        1.7        0          190      7288       824        518.55     733.42
Global   30       362855       12095        1.7        0          145      12559      819        583.53     715.23

Set Statistics
Type     Time(s)  Ops          TPS(ops/s)   Net(M/s)   Get_miss   Min(us)  Max(us)    Avg(us)    Std_dev    Geo_dist  
Period   1        122          122          0.0        0          215      2079       797        373.36     721.08
Global   30       3670         122          0.0        0          197      7812       819        540.90     720.56

Total Statistics
Type     Time(s)  Ops          TPS(ops/s)   Net(M/s)   Get_miss   Min(us)  Max(us)    Avg(us)    Std_dev    Geo_dist  
Period   1        12145        12145        1.7        0          190      7288       824        516.78     732.17
Global   30       366525       12217        1.7        0          145      12559      819        583.12     715.29

[1;1H[2J
Get Statistics
Type     Time(s)  Ops          TPS(ops/s)   Net(M/s)   Get_miss   Min(us)  Max(us)    Avg(us)    Std_dev    Geo_dist  
Period   1        12859        12859        1.7        0          165      7343       770        505.01     684.02
Global   31       375714       12119        1.8        0          145      12559      817        581.54     714.14

Set Statistics
Type     Time(s)  Ops          TPS(ops/s)   Net(M/s)   Get_miss   Min(us)  Max(us)    Avg(us)    Std_dev    Geo_dist  
Period   1        131          131          0.0        0          281      2431       758        375.08     687.05
Global   31       3801         122          0.0        0          197      7812       817        535.96     719.38

Total Statistics
Type     Time(s)  Ops          TPS(ops/s)   Net(M/s)   Get_miss   Min(us)  Max(us)    Avg(us)    Std_dev    Geo_dist  
Period   1        12991        12991        1.7        0          165      7343       770        503.67     684.07
Global   31       379516       12242        1.8        0          145      12559      817        581.10     714.19

[1;1H[2J
Get Statistics
Type     Time(s)  Ops          TPS(ops/s)   Net(M/s)   Get_miss   Min(us)  Max(us)    Avg(us)    Std_dev    Geo_dist  
Period   1        13050        13050        1.7        0          124      10119      757        679.70     613.82
Global   32       388764       12148        1.8        0          124      12559      815        585.18     710.53

Set Statistics
Type     Time(s)  Ops          TPS(ops/s)   Net(M/s)   Get_miss   Min(us)  Max(us)    Avg(us)    Std_dev    Geo_dist  
Period   1        132          132          0.0        0          197      3763       829        651.60     683.39
Global   32       3933         122          0.0        0          197      7812       817        540.76     718.14

Total Statistics
Type     Time(s)  Ops          TPS(ops/s)   Net(M/s)   Get_miss   Min(us)  Max(us)    Avg(us)    Std_dev    Geo_dist  
Period   1        13181        13181        1.7        0          124      10119      758        679.13     614.46
Global   32       392697       12271        1.8        0          124      12559      815        584.78     710.61

[1;1H[2J
Get Statistics
Type     Time(s)  Ops          TPS(ops/s)   Net(M/s)   Get_miss   Min(us)  Max(us)    Avg(us)    Std_dev    Geo_dist  
Period   1        12296        12296        1.7        0          149      9280       806        641.54     690.21
Global   33       401060       12153        1.7        0          124      12559      815        586.61     709.90

Set Statistics
Type     Time(s)  Ops          TPS(ops/s)   Net(M/s)   Get_miss   Min(us)  Max(us)    Avg(us)    Std_dev    Geo_dist  
Period   1        123          123          0.0        0          248      4047       744        439.66     667.21
Global   33       4056         122          0.0        0          197      7812       815        537.75     716.54

Total Statistics
Type     Time(s)  Ops          TPS(ops/s)   Net(M/s)   Get_miss   Min(us)  Max(us)    Avg(us)    Std_dev    Geo_dist  
Period   1        12419        12419        1.7        0          149      9280       806        639.10     689.98
Global   33       405116       12276        1.7        0          124      12559      815        586.14     709.97

[1;1H[2J
Get Statistics
Type     Time(s)  Ops          TPS(ops/s)   Net(M/s)   Get_miss   Min(us)  Max(us)    Avg(us)    Std_dev    Geo_dist  
Period   1        11770        11770        1.7        0          186      12398      841        744.51     717.43
Global   34       412830       12142        1.6        0          124      12559      816        591.35     710.12

Set Statistics
Type     Time(s)  Ops          TPS(ops/s)   Net(M/s)   Get_miss   Min(us)  Max(us)    Avg(us)    Std_dev    Geo_dist  
Period   1        119          119          0.0        0          193      4826       932        769.18     758.83
Global   34       4175         122          0.0        0          193      7812       818        546.42     717.71

Total Statistics
Type     Time(s)  Ops          TPS(ops/s)   Net(M/s)   Get_miss   Min(us)  Max(us)    Avg(us)    Std_dev    Geo_dist  
Period   1        11889        11889        1.7        0          186      12398      842        744.68     717.83
Global   34       417005       12264        1.6        0          124      12559      816        590.94     710.19

[1;1H[2J
Get Statistics
Type     Time(s)  Ops          TPS(ops/s)   Net(M/s)   Get_miss   Min(us)  Max(us)    Avg(us)    Std_dev    Geo_dist  
Period   1        11929        11929        1.7        0          172      10524      832        730.43     707.89
Global   35       424759       12135        1.6        0          124      12559      816        596.32     710.05

Set Statistics
Type     Time(s)  Ops          TPS(ops/s)   Net(M/s)   Get_miss   Min(us)  Max(us)    Avg(us)    Std_dev    Geo_dist  
Period   1        120          120          0.0        0          309      2825       723        359.61     658.37
Global   35       4295         122          0.0        0          193      7812       815        542.80     715.98

Total Statistics
Type     Time(s)  Ops          TPS(ops/s)   Net(M/s)   Get_miss   Min(us)  Max(us)    Avg(us)    Std_dev    Geo_dist  
Period   1        12049        12049        1.7        0          172      10524      831        727.65     707.37
Global   35       429054       12258        1.7        0          124      12559      816        595.79     710.11

[1;1H[2J
Get Statistics
Type     Time(s)  Ops          TPS(ops/s)   Net(M/s)   Get_miss   Min(us)  Max(us)    Avg(us)    Std_dev    Geo_dist  
Period   1        12626        12626        1.7        0          169      7790       785        667.68     675.52
Global   36       437385       12149        1.7        0          124      12559      815        598.66     709.03

Set Statistics
Type     Time(s)  Ops          TPS(ops/s)   Net(M/s)   Get_miss   Min(us)  Max(us)    Avg(us)    Std_dev    Geo_dist  
Period   1        129          129          0.0        0          261      6715       801        636.30     703.95
Global   36       4424         122          0.0        0          193      7812       815        545.06     715.63

Total Statistics
Type     Time(s)  Ops          TPS(ops/s)   Net(M/s)   Get_miss   Min(us)  Max(us)    Avg(us)    Std_dev    Geo_dist  
Period   1        12757        12757        1.7        0          169      7790       785        667.45     675.78
Global   36       441811       12272        1.8        0          124      12559      815        598.15     709.10

[1;1H[2J
Get Statistics
Type     Time(s)  Ops          TPS(ops/s)   Net(M/s)   Get_miss   Min(us)  Max(us)    Avg(us)    Std_dev    Geo_dist  
Period   1        11283        11283        1.7        0          166      8491       878        788.97     735.87
Global   37       448668       12126        1.5        0          124      12559      817        603.70     709.70

Set Statistics
Type     Time(s)  Ops          TPS(ops/s)   Net(M/s)   Get_miss   Min(us)  Max(us)    Avg(us)    Std_dev    Geo_dist  
Period   1        114          114          0.0        0          237      6599       789        631.29     698.36
Global   37       4538         122          0.0        0          193      7812       814        547.85     715.19

Total Statistics
Type     Time(s)  Ops          TPS(ops/s)   Net(M/s)   Get_miss   Min(us)  Max(us)    Avg(us)    Std_dev    Geo_dist  
Period   1        11395        11395        1.7        0          166      8491       877        787.83     735.93
Global   37       453206       12248        1.6        0          124      12559      817        603.13     709.76

[1;1H[2J
Get Statistics
Type     Time(s)  Ops          TPS(ops/s)   Net(M/s)   Get_miss   Min(us)  Max(us)    Avg(us)    Std_dev    Geo_dist  
Period   1        12182        12182        1.7        0          157      9214       815        791.96     683.79
Global   38       460850       12127        1.7        0          124      12559      817        609.36     709.01

Set Statistics
Type     Time(s)  Ops          TPS(ops/s)   Net(M/s)   Get_miss   Min(us)  Max(us)    Avg(us)    Std_dev    Geo_dist  
Period   1        121          121          0.0        0          274      6330       769        635.96     675.16
Global   38       4659         122          0.0        0          193      7812       813        550.03     714.12

Total Statistics
Type     Time(s)  Ops          TPS(ops/s)   Net(M/s)   Get_miss   Min(us)  Max(us)    Avg(us)    Std_dev    Geo_dist  
Period   1        12303        12303        1.7        0          157      9214       814        791.13     683.70
Global   38       465509       12250        1.7        0          124      12559      817        608.74     709.06

[1;1H[2J
Get Statistics
Type     Time(s)  Ops          TPS(ops/s)   Net(M/s)   Get_miss   Min(us)  Max(us)    Avg(us)    Std_dev    Geo_dist  
Period   1        12830        12830        1.7        0          163      8399       772        703.16     654.54
Global   39       473680       12145        1.8        0          124      12559      815        613.17     707.47

Set Statistics
Type     Time(s)  Ops          TPS(ops/s)   Net(M/s)   Get_miss   Min(us)  Max(us)    Avg(us)    Std_dev    Geo_dist  
Period   1        131          131          0.0        0          231      4461       670        468.57     587.96
Global   39       4790         122          0.0        0          193      7812       809        548.55     710.33

Total Statistics
Type     Time(s)  Ops          TPS(ops/s)   Net(M/s)   Get_miss   Min(us)  Max(us)    Avg(us)    Std_dev    Geo_dist  
Period   1        12961        12961        1.7        0          163      8399       771        701.21     653.83
Global   39       478470       12268        1.8        0          124      12559      815        612.47     707.50

[1;1H[2J
Get Statistics
Type     Time(s)  Ops          TPS(ops/s)   Net(M/s)   Get_miss   Min(us)  Max(us)    Avg(us)    Std_dev    Geo_dist  
Period   1        11849        11849        1.7        0          184      9221       833        646.75     725.94
Global   40       485529       12138        1.6        0          124      12559      816        613.27     707.92

Set Statistics
Type     Time(s)  Ops          TPS(ops/s)   Net(M/s)   Get_miss   Min(us)  Max(us)    Avg(us)    Std_dev    Geo_dist  
Period   1        118          118          0.0        0          312      9219       867        876.37     736.05
Global   40       4908         122          0.0        0          193      9219       811        557.75     710.94

Total Statistics
Type     Time(s)  Ops          TPS(ops/s)   Net(M/s)   Get_miss   Min(us)  Max(us)    Avg(us)    Std_dev    Geo_dist  
Period   1        11967        11967        1.7        0          184      9221       834        648.52     726.04
Global   40       490437       12260        1.6        0          124      12559      816        612.67     707.95

[1;1H[2J
Get Statistics
Type     Time(s)  Ops          TPS(ops/s)   Net(M/s)   Get_miss   Min(us)  Max(us)    Avg(us)    Std_dev    Geo_dist  
Period   1        12074        12074        1.7        0          169      9277       822        772.42     697.43
Global   41       497603       12136        1.7        0          124      12559      816        617.81     707.66

Set Statistics
Type     Time(s)  Ops          TPS(ops/s)   Net(M/s)   Get_miss   Min(us)  Max(us)    Avg(us)    Std_dev    Geo_dist  
Period   1        124          124          0.0        0          264      8582       823        829.16     694.11
Global   41       5032         122          0.0        0          193      9219       811        566.31     710.52

Total Statistics
Type     Time(s)  Ops          TPS(ops/s)   Net(M/s)   Get_miss   Min(us)  Max(us)    Avg(us)    Std_dev    Geo_dist  
Period   1        12198        12198        1.7        0          169      9277       822        772.99     697.40
Global   41       502635       12259        1.7        0          124      12559      816        617.25     707.69

[1;1H[2J
Get Statistics
Type     Time(s)  Ops          TPS(ops/s)   Net(M/s)   Get_miss   Min(us)  Max(us)    Avg(us)    Std_dev    Geo_dist  
Period   1        12234        12234        1.7        0          188      7848       810        578.32     713.10
Global   42       509837       12138        1.7        0          124      12559      816        616.70     707.79

Set Statistics
Type     Time(s)  Ops          TPS(ops/s)   Net(M/s)   Get_miss   Min(us)  Max(us)    Avg(us)    Std_dev    Geo_dist  
Period   1        122          122          0.0        0          307      2623       800        420.30     721.29
Global   42       5154         122          0.0        0          193      9219       811        562.89     710.78

Total Statistics
Type     Time(s)  Ops          TPS(ops/s)   Net(M/s)   Get_miss   Min(us)  Max(us)    Avg(us)    Std_dev    Geo_dist  
Period   1        12356        12356        1.7        0          188      7848       810        576.82     713.18
Global   42       514991       12261        1.7        0          124      12559      816        616.12     707.82

[1;1H[2J
Get Statistics
Type     Time(s)  Ops          TPS(ops/s)   Net(M/s)   Get_miss   Min(us)  Max(us)    Avg(us)    Std_dev    Geo_dist  
Period   1        12071        12071        1.7        0          181      7536       819        648.60     706.43
Global   43       521908       12137        1.7        0          124      12559      816        617.55     707.76

Set Statistics
Type     Time(s)  Ops          TPS(ops/s)   Net(M/s)   Get_miss   Min(us)  Max(us)    Avg(us)    Std_dev    Geo_dist  
Period   1        123          123          0.0        0          286      4887       921        745.16     768.92
Global   43       5277         122          0.0        0          193      9219       813        568.76     712.08

Total Statistics
Type     Time(s)  Ops          TPS(ops/s)   Net(M/s)   Get_miss   Min(us)  Max(us)    Avg(us)    Std_dev    Geo_dist  
Period   1        12194        12194        1.7        0          181      7536       820        649.73     707.03
Global   43       527185       12260        1.7        0          124      12559      816        617.04     707.80

[1;1H[2J
Get Statistics
Type     Time(s)  Ops          TPS(ops/s)   Net(M/s)   Get_miss   Min(us)  Max(us)    Avg(us)    Std_dev    Geo_dist  
Period   1        12797        12797        1.7        0          153      7220       774        613.74     666.34
Global   44       534705       12152        1.8        0          124      12559      815        617.48     706.74

Set Statistics
Type     Time(s)  Ops          TPS(ops/s)   Net(M/s)   Get_miss   Min(us)  Max(us)    Avg(us)    Std_dev    Geo_dist  
Period   1        129          129          0.0        0          266      4480       771        589.63     665.49
Global   44       5406         122          0.0        0          193      9219       812        569.24     710.93

Total Statistics
Type     Time(s)  Ops          TPS(ops/s)   Net(M/s)   Get_miss   Min(us)  Max(us)    Avg(us)    Std_dev    Geo_dist  
Period   1        12926        12926        1.7        0          153      7220       774        613.45     666.33
Global   44       540111       12275        1.8        0          124      12559      815        616.98     706.78

[1;1H[2J
Get Statistics
Type     Time(s)  Ops          TPS(ops/s)   Net(M/s)   Get_miss   Min(us)  Max(us)    Avg(us)    Std_dev    Geo_dist  
Period   1        12420        12420        1.7        0          143      8087       798        648.27     685.36
Global   45       547125       12158        1.7        0          124      12559      815        617.70     706.25

Set Statistics
Type     Time(s)  Ops          TPS(ops/s)   Net(M/s)   Get_miss   Min(us)  Max(us)    Avg(us)    Std_dev    Geo_dist  
Period   1        125          125          0.0        0          256      5450       800        676.56     686.26
Global   45       5531         122          0.0        0          193      9219       812        571.44     710.36

Total Statistics
Type     Time(s)  Ops          TPS(ops/s)   Net(M/s)   Get_miss   Min(us)  Max(us)    Avg(us)    Std_dev    Geo_dist  
Period   1        12545        12545        1.7        0          143      8087       798        648.56     685.37
Global   45       552656       12281        1.7        0          124      12559      815        617.21     706.29

[1;1H[2J
Get Statistics
Type     Time(s)  Ops          TPS(ops/s)   Net(M/s)   Get_miss   Min(us)  Max(us)    Avg(us)    Std_dev    Geo_dist  
Period   1        12096        12096        1.7        0          145      8891       819        797.18     674.50
Global   46       559221       12156        1.7        0          124      12559      815        622.24     705.55

Set Statistics
Type     Time(s)  Ops          TPS(ops/s)   Net(M/s)   Get_miss   Min(us)  Max(us)    Avg(us)    Std_dev    Geo_dist  
Period   1        121          121          0.0        0          221      3702       756        546.43     651.39
Global   46       5652         122          0.0        0          193      9219       811        570.64     709.05

Total Statistics
Type     Time(s)  Ops          TPS(ops/s)   Net(M/s)   Get_miss   Min(us)  Max(us)    Avg(us)    Std_dev    Geo_dist  
Period   1        12217        12217        1.7        0          145      8891       819        794.45     674.26
Global   46       564873       12279        1.7        0          124      12559      815        621.69     705.58

[1;1H[2J
Get Statistics
Type     Time(s)  Ops          TPS(ops/s)   Net(M/s)   Get_miss   Min(us)  Max(us)    Avg(us)    Std_dev    Geo_dist  
Period   1        11241        11241        1.7        0          161      8382       881        924.36     695.53
Global   47       570462       12137        1.5        0          124      12559      816        630.05     705.35

Set Statistics
Type     Time(s)  Ops          TPS(ops/s)   Net(M/s)   Get_miss   Min(us)  Max(us)    Avg(us)    Std_dev    Geo_dist  
Period   1        116          116          0.0        0          224      6590       933        938.45     737.26
Global   47       5768         122          0.0        0          193      9219       813        581.10     709.60

Total Statistics
Type     Time(s)  Ops          TPS(ops/s)   Net(M/s)   Get_miss   Min(us)  Max(us)    Avg(us)    Std_dev    Geo_dist  
Period   1        11357        11357        1.7        0          161      8382       881        924.97     695.55
Global   47       576230       12260        1.6        0          124      12559      816        629.54     705.39

[1;1H[2J
Get Statistics
Type     Time(s)  Ops          TPS(ops/s)   Net(M/s)   Get_miss   Min(us)  Max(us)    Avg(us)    Std_dev    Geo_dist  
Period   1        12343        12343        1.7        0          135      9158       803        651.96     690.97
Global   48       582805       12141        1.7        0          124      12559      816        630.17     705.04

Set Statistics
Type     Time(s)  Ops          TPS(ops/s)   Net(M/s)   Get_miss   Min(us)  Max(us)    Avg(us)    Std_dev    Geo_dist  
Period   1        124          124          0.0        0          171      2045       708        315.28     650.98
Global   48       5892         122          0.0        0          171      9219       811        576.65     708.32

Total Statistics
Type     Time(s)  Ops          TPS(ops/s)   Net(M/s)   Get_miss   Min(us)  Max(us)    Avg(us)    Std_dev    Geo_dist  
Period   1        12467        12467        1.7        0          135      9158       802        649.60     690.56
Global   48       588697       12264        1.7        0          124      12559      816        629.59     705.07

[1;1H[2J
Get Statistics
Type     Time(s)  Ops          TPS(ops/s)   Net(M/s)   Get_miss   Min(us)  Max(us)    Avg(us)    Std_dev    Geo_dist  
Period   1        11483        11483        1.7        0          155      12130      863        859.72     715.41
Global   49       594288       12128        1.6        0          124      12559      817        635.30     705.24

Set Statistics
Type     Time(s)  Ops          TPS(ops/s)   Net(M/s)   Get_miss   Min(us)  Max(us)    Avg(us)    Std_dev    Geo_dist  
Period   1        117          117          0.0        0          204      5667       764        580.45     663.98
Global   49       6009         122          0.0        0          171      9219       810        576.83     707.43

Total Statistics
Type     Time(s)  Ops          TPS(ops/s)   Net(M/s)   Get_miss   Min(us)  Max(us)    Avg(us)    Std_dev    Geo_dist  
Period   1        11600        11600        1.7        0          155      12130      862        857.40     714.87
Global   49       600297       12250        1.6        0          124      12559      817        634.65     705.26

[1;1H[2J
Get Statistics
Type     Time(s)  Ops          TPS(ops/s)   Net(M/s)   Get_miss   Min(us)  Max(us)    Avg(us)    Std_dev    Geo_dist  
Period   1        11160        11160        1.7        0          166      9496       887        895.69     717.06
Global   50       605448       12108        1.5        0          124      12559      818        641.50     705.45

Set Statistics
Type     Time(s)  Ops          TPS(ops/s)   Net(M/s)   Get_miss   Min(us)  Max(us)    Avg(us)    Std_dev    Geo_dist  
Period   1        111          111          0.0        0          242      9123       1017       1219.97    763.75
Global   50       6120         122          0.0        0          171      9219       814        594.83     708.41

Total Statistics
Type     Time(s)  Ops          TPS(ops/s)   Net(M/s)   Get_miss   Min(us)  Max(us)    Avg(us)    Std_dev    Geo_dist  
Period   1        11271        11271        1.7        0          166      9496       888        899.75     717.51
Global   50       611568       12231        1.5        0          124      12559      818        641.00     705.48

[1;1H[2J
Get Statistics
Type     Time(s)  Ops          TPS(ops/s)   Net(M/s)   Get_miss   Min(us)  Max(us)    Avg(us)    Std_dev    Geo_dist  
Period   1        12232        12232        1.7        0          156      9109       809        745.12     674.69
Global   51       617680       12111        1.7        0          124      12559      818        643.49     704.83

Set Statistics
Type     Time(s)  Ops          TPS(ops/s)   Net(M/s)   Get_miss   Min(us)  Max(us)    Avg(us)    Std_dev    Geo_dist  
Period   1        124          124          0.0        0          264      4162       704        527.84     611.22
Global   51       6244         122          0.0        0          171      9219       812        593.48     706.34

Total Statistics
Type     Time(s)  Ops          TPS(ops/s)   Net(M/s)   Get_miss   Min(us)  Max(us)    Avg(us)    Std_dev    Geo_dist  
Period   1        12356        12356        1.7        0          156      9109       808        743.26     674.02
Global   51       623924       12233        1.7        0          124      12559      818        642.93     704.85

[1;1H[2J
Get Statistics
Type     Time(s)  Ops          TPS(ops/s)   Net(M/s)   Get_miss   Min(us)  Max(us)    Avg(us)    Std_dev    Geo_dist  
Period   1        11846        11846        1.7        0          184      9368       836        699.33     713.14
Global   52       629526       12106        1.6        0          124      12559      818        645.02     704.99

Set Statistics
Type     Time(s)  Ops          TPS(ops/s)   Net(M/s)   Get_miss   Min(us)  Max(us)    Avg(us)    Std_dev    Geo_dist  
Period   1        122          122          0.0        0          266      3138       834        481.87     738.25
Global   52       6366         122          0.0        0          171      9219       812        592.09     706.93

Total Statistics
Type     Time(s)  Ops          TPS(ops/s)   Net(M/s)   Get_miss   Min(us)  Max(us)    Avg(us)    Std_dev    Geo_dist  
Period   1        11968        11968        1.7        0          184      9368       836        697.42     713.39
Global   52       635892       12228        1.6        0          124      12559      818        644.43     705.01

[1;1H[2J
Get Statistics
Type     Time(s)  Ops          TPS(ops/s)   Net(M/s)   Get_miss   Min(us)  Max(us)    Avg(us)    Std_dev    Geo_dist  
Period   1        12204        12204        1.7        0          174      7142       811        649.68     696.40
Global   53       641730       12108        1.7        0          124      12559      818        644.94     704.82

Set Statistics
Type     Time(s)  Ops          TPS(ops/s)   Net(M/s)   Get_miss   Min(us)  Max(us)    Avg(us)    Std_dev    Geo_dist  
Period   1        121          121          0.0        0          234      6649       864        851.83     711.07
Global   53       6487         122          0.0        0          171      9219       813        597.88     707.01

Total Statistics
Type     Time(s)  Ops          TPS(ops/s)   Net(M/s)   Get_miss   Min(us)  Max(us)    Avg(us)    Std_dev    Geo_dist  
Period   1        12325        12325        1.7        0          174      7142       811        652.60     696.54
Global   53       648217       12230        1.7        0          124      12559      818        644.42     704.84

[1;1H[2J
Get Statistics
Type     Time(s)  Ops          TPS(ops/s)   Net(M/s)   Get_miss   Min(us)  Max(us)    Avg(us)    Std_dev    Geo_dist  
Period   1        11649        11649        1.7        0          148      8628       850        722.97     721.78
Global   54       653379       12099        1.6        0          124      12559      819        645.88     705.12

Set Statistics
Type     Time(s)  Ops          TPS(ops/s)   Net(M/s)   Get_miss   Min(us)  Max(us)    Avg(us)    Std_dev    Geo_dist  
Period   1        118          118          0.0        0          219      8598       862        875.36     719.39
Global   54       6605         122          0.0        0          171      9219       814        603.73     707.23

Total Statistics
Type     Time(s)  Ops          TPS(ops/s)   Net(M/s)   Get_miss   Min(us)  Max(us)    Avg(us)    Std_dev    Geo_dist  
Period   1        11767        11767        1.7        0          148      8628       850        724.75     721.76
Global   54       659984       12221        1.6        0          124      12559      818        646.67     705.14

[1;1H[2J
Get Statistics
Type     Time(s)  Ops          TPS(ops/s)   Net(M/s)   Get_miss   Min(us)  Max(us)    Avg(us)    Std_dev    Geo_dist  
Period   1        11982        11982        1.7        0          173      7435       826        597.52     725.42
Global   55       665361       12097        1.6        0          124      12559      819        645.20     705.48

Set Statistics
Type     Time(s)  Ops          TPS(ops/s)   Net(M/s)   Get_miss   Min(us)  Max(us)    Avg(us)    Std_dev    Geo_dist  
Period   1        121          121          0.0        0          295      2276       807        370.77     740.35
Global   55       6726         122          0.0        0          171      9219       814        600.15     707.81

Total Statistics
Type     Time(s)  Ops          TPS(ops/s)   Net(M/s)   Get_miss   Min(us)  Max(us)    Avg(us)    Std_dev    Geo_dist  
Period   1        12103        12103        1.7        0          173      7435       826        595.41     725.57
Global   55       672087       12219        1.7        0          124      12559      819        644.70     705.50

[1;1H[2J
Get Statistics
Type     Time(s)  Ops          TPS(ops/s)   Net(M/s)   Get_miss   Min(us)  Max(us)    Avg(us)    Std_dev    Geo_dist  
Period   1        11613        11613        1.7        0          140      10905      852        731.38     721.55
Global   56       676974       12088        1.6        0          124      12559      819        647.51     705.75

Set Statistics
Type     Time(s)  Ops          TPS(ops/s)   Net(M/s)   Get_miss   Min(us)  Max(us)    Avg(us)    Std_dev    Geo_dist  
Period   1        117          117          0.0        0          295      2251       742        325.17     686.54
Global   56       6843         122          0.0        0          171      9219       813        596.26     707.44

Total Statistics
Type     Time(s)  Ops          TPS(ops/s)   Net(M/s)   Get_miss   Min(us)  Max(us)    Avg(us)    Std_dev    Geo_dist  
Period   1        11730        11730        1.7        0          140      10905      851        728.40     721.19
Global   56       683817       12211        1.6        0          124      12559      819        646.94     705.77

[1;1H[2J
Get Statistics
Type     Time(s)  Ops          TPS(ops/s)   Net(M/s)   Get_miss   Min(us)  Max(us)    Avg(us)    Std_dev    Geo_dist  
Period   1        11566        11566        1.7        0          142      7014       859        621.17     747.73
Global   57       688540       12079        1.6        0          124      12559      820        646.68     706.44

Set Statistics
Type     Time(s)  Ops          TPS(ops/s)   Net(M/s)   Get_miss   Min(us)  Max(us)    Avg(us)    Std_dev    Geo_dist  
Period   1        116          116          0.0        0          224      7015       905        873.59     767.71
Global   57       6959         122          0.0        0          171      9219       814        602.68     708.41

Total Statistics
Type     Time(s)  Ops          TPS(ops/s)   Net(M/s)   Get_miss   Min(us)  Max(us)    Avg(us)    Std_dev    Geo_dist  
Period   1        11682        11682        1.7        0          142      7015       859        624.77     747.92
Global   57       695499       12201        1.6        0          124      12559      820        646.17     706.46

[1;1H[2J
Get Statistics
Type     Time(s)  Ops          TPS(ops/s)   Net(M/s)   Get_miss   Min(us)  Max(us)    Avg(us)    Std_dev    Geo_dist  
Period   1        11827        11827        1.7        0          187      6771       837        576.78     734.28
Global   58       700367       12075        1.6        0          124      12559      820        645.93     706.90

Set Statistics
Type     Time(s)  Ops          TPS(ops/s)   Net(M/s)   Get_miss   Min(us)  Max(us)    Avg(us)    Std_dev    Geo_dist  
Period   1        120          120          0.0        0          286      4262       823        494.09     732.65
Global   58       7079         122          0.0        0          171      9219       814        601.18     708.81

Total Statistics
Type     Time(s)  Ops          TPS(ops/s)   Net(M/s)   Get_miss   Min(us)  Max(us)    Avg(us)    Std_dev    Geo_dist  
Period   1        11947        11947        1.7        0          187      6771       837        575.79     734.26
Global   58       707446       12197        1.6        0          124      12559      820        645.42     706.92

[1;1H[2J
Get Statistics
Type     Time(s)  Ops          TPS(ops/s)   Net(M/s)   Get_miss   Min(us)  Max(us)    Avg(us)    Std_dev    Geo_dist  
Period   1        12720        12720        1.7        0          158      7818       778        585.35     679.93
Global   59       713087       12086        1.7        0          124      12559      819        645.24     706.41

Set Statistics
Type     Time(s)  Ops          TPS(ops/s)   Net(M/s)   Get_miss   Min(us)  Max(us)    Avg(us)    Std_dev    Geo_dist  
Period   1        129          129          0.0        0          227      6101       785        679.30     672.48
Global   59       7208         122          0.0        0          171      9219       814        601.92     708.15

Total Statistics
Type     Time(s)  Ops          TPS(ops/s)   Net(M/s)   Get_miss   Min(us)  Max(us)    Avg(us)    Std_dev    Geo_dist  
Period   1        12849        12849        1.7        0          158      7818       778        586.43     679.85
Global   59       720295       12208        1.8        0          124      12559      819        644.75     706.43

[1;1H[2J
Get Statistics
Type     Time(s)  Ops          TPS(ops/s)   Net(M/s)   Get_miss   Min(us)  Max(us)    Avg(us)    Std_dev    Geo_dist  
Period   1        11680        11680        1.7        0          192      11541      845        688.26     729.74
Global   60       724767       12079        1.6        0          124      12559      820        645.22     706.78

Set Statistics
Type     Time(s)  Ops          TPS(ops/s)   Net(M/s)   Get_miss   Min(us)  Max(us)    Avg(us)    Std_dev    Geo_dist  
Period   1        119          119          0.0        0          260      6473       912        775.10     752.70
Global   60       7327         122          0.0        0          171      9219       815        605.99     708.85

Total Statistics
Type     Time(s)  Ops          TPS(ops/s)   Net(M/s)   Get_miss   Min(us)  Max(us)    Avg(us)    Std_dev    Geo_dist  
Period   1        11799        11799        1.7        0          192      11541      846        688.79     729.97
Global   60       732094       12201        1.6        0          124      12559      820        644.78     706.80

Get Statistics (724777 events)
   Min:       124
   Max:     12559
   Avg:       820
   Geo:    706.80
   Std:    645.41
   Log2 Dist:
       4:        0        0        0        2
       8:     5093   172803   415537   109728
      12:    14568     6691      355

Set Statistics (7327 events)
   Min:       171
   Max:      9219
   Avg:       815
   Geo:    708.85
   Std:    605.99
   Log2 Dist:
       8:       49     1715     4204     1164
      12:      143       48        4

Total Statistics (732104 events)
   Min:       124
   Max:     12559
   Avg:       820
   Geo:    706.82
   Std:    644.97
   Log2 Dist:
       4:        0        0        0        2
       8:     5142   174518   419741   110892
      12:    14711     6739      359

cmd_get: 724787
cmd_set: 7327
get_misses: 0
written_bytes: 17117414
read_bytes: 119646821
object_bytes: 1055088

Run time: 60.2s Ops: 732114 TPS: 12153 Net_rate: 2.2M/s
