servers : 10.0.0.13:9000
threads count: 3
concurrency: 3
run time: 60s
windows size: 10k
set proportion: set_prop=0.01
get proportion: get_prop=0.99
[1;1H[2J
Get Statistics
Type     Time(s)  Ops          TPS(ops/s)   Net(M/s)   Get_miss   Min(us)  Max(us)    Avg(us)    Std_dev    Geo_dist  
Period   1        4526         4526         0.6        0          161      5125       657        424.55     581.26
Global   1        4526         4526         0.6        0          161      5125       657        424.55     581.26

Set Statistics
Type     Time(s)  Ops          TPS(ops/s)   Net(M/s)   Get_miss   Min(us)  Max(us)    Avg(us)    Std_dev    Geo_dist  
Period   1        47           47           0.0        0          235      4709       658        628.91     567.35
Global   1        47           47           0.0        0          235      4709       658        628.91     567.35

Total Statistics
Type     Time(s)  Ops          TPS(ops/s)   Net(M/s)   Get_miss   Min(us)  Max(us)    Avg(us)    Std_dev    Geo_dist  
Period   1        4573         4573         0.6        0          161      5125       657        427.06     581.12
Global   1        4573         4573         0.6        0          161      5125       657        427.06     581.12

[1;1H[2J
Get Statistics
Type     Time(s)  Ops          TPS(ops/s)   Net(M/s)   Get_miss   Min(us)  Max(us)    Avg(us)    Std_dev    Geo_dist  
Period   1        4388         4388         0.6        0          192      6914       679        504.23     587.17
Global   2        8914         4457         0.6        0          161      6914       668        465.34     584.16

Set Statistics
Type     Time(s)  Ops          TPS(ops/s)   Net(M/s)   Get_miss   Min(us)  Max(us)    Avg(us)    Std_dev    Geo_dist  
Period   1        45           45           0.0        0          236      2738       718        447.73     622.95
Global   2        92           46           0.0        0          235      4709       687        546.13     593.90

Total Statistics
Type     Time(s)  Ops          TPS(ops/s)   Net(M/s)   Get_miss   Min(us)  Max(us)    Avg(us)    Std_dev    Geo_dist  
Period   1        4433         4433         0.6        0          192      6914       679        504.19     587.52
Global   2        9006         4503         0.6        0          161      6914       668        466.48     584.26

[1;1H[2J
Get Statistics
Type     Time(s)  Ops          TPS(ops/s)   Net(M/s)   Get_miss   Min(us)  Max(us)    Avg(us)    Std_dev    Geo_dist  
Period   1        4253         4253         0.6        0          212      5330       702        460.59     620.09
Global   3        13167        4389         0.6        0          161      6914       679        464.04     595.53

Set Statistics
Type     Time(s)  Ops          TPS(ops/s)   Net(M/s)   Get_miss   Min(us)  Max(us)    Avg(us)    Std_dev    Geo_dist  
Period   1        42           42           0.0        0          261      2809       688        459.75     598.32
Global   3        134          44           0.0        0          235      4709       688        517.96     595.28

Total Statistics
Type     Time(s)  Ops          TPS(ops/s)   Net(M/s)   Get_miss   Min(us)  Max(us)    Avg(us)    Std_dev    Geo_dist  
Period   1        4295         4295         0.6        0          212      5330       702        460.32     619.87
Global   3        13301        4433         0.6        0          161      6914       679        464.73     595.53

[1;1H[2J
Get Statistics
Type     Time(s)  Ops          TPS(ops/s)   Net(M/s)   Get_miss   Min(us)  Max(us)    Avg(us)    Std_dev    Geo_dist  
Period   1        4440         4440         0.6        0          185      5176       668        438.83     590.81
Global   4        17607        4401         0.6        0          161      6914       676        458.16     594.34

Set Statistics
Type     Time(s)  Ops          TPS(ops/s)   Net(M/s)   Get_miss   Min(us)  Max(us)    Avg(us)    Std_dev    Geo_dist  
Period   1        45           45           0.0        0          260      4662       795        712.26     659.32
Global   4        179          44           0.0        0          235      4709       715        572.61     610.77

Total Statistics
Type     Time(s)  Ops          TPS(ops/s)   Net(M/s)   Get_miss   Min(us)  Max(us)    Avg(us)    Std_dev    Geo_dist  
Period   1        4485         4485         0.6        0          185      5176       669        442.88     591.46
Global   4        17786        4446         0.6        0          161      6914       676        460.03     594.50

[1;1H[2J
Get Statistics
Type     Time(s)  Ops          TPS(ops/s)   Net(M/s)   Get_miss   Min(us)  Max(us)    Avg(us)    Std_dev    Geo_dist  
Period   1        4405         4405         0.6        0          179      5226       677        381.57     610.12
Global   5        22012        4402         0.6        0          161      6914       676        444.19     597.47

Set Statistics
Type     Time(s)  Ops          TPS(ops/s)   Net(M/s)   Get_miss   Min(us)  Max(us)    Avg(us)    Std_dev    Geo_dist  
Period   1        44           44           0.0        0          352      1535       706        276.06     659.12
Global   5        223          44           0.0        0          235      4709       713        527.25     620.02

Total Statistics
Type     Time(s)  Ops          TPS(ops/s)   Net(M/s)   Get_miss   Min(us)  Max(us)    Avg(us)    Std_dev    Geo_dist  
Period   1        4449         4449         0.6        0          179      5226       677        381.17     610.59
Global   5        22235        4447         0.6        0          161      6914       677        444.14     597.69

[1;1H[2J
Get Statistics
Type     Time(s)  Ops          TPS(ops/s)   Net(M/s)   Get_miss   Min(us)  Max(us)    Avg(us)    Std_dev    Geo_dist  
Period   1        4291         4291         0.6        0          179      8686       695        542.86     602.49
Global   6        26303        4383         0.6        0          161      8686       679        461.92     598.28

Set Statistics
Type     Time(s)  Ops          TPS(ops/s)   Net(M/s)   Get_miss   Min(us)  Max(us)    Avg(us)    Std_dev    Geo_dist  
Period   1        45           45           0.0        0          358      4451       726        653.18     612.67
Global   6        268          44           0.0        0          235      4709       715        549.30     618.78

Total Statistics
Type     Time(s)  Ops          TPS(ops/s)   Net(M/s)   Get_miss   Min(us)  Max(us)    Avg(us)    Std_dev    Geo_dist  
Period   1        4336         4336         0.6        0          179      8686       696        543.17     602.59
Global   6        26571        4428         0.6        0          161      8686       680        461.95     598.48

[1;1H[2J
Get Statistics
Type     Time(s)  Ops          TPS(ops/s)   Net(M/s)   Get_miss   Min(us)  Max(us)    Avg(us)    Std_dev    Geo_dist  
Period   1        4332         4332         0.6        0          180      6817       687        419.73     613.06
Global   7        30635        4376         0.6        0          161      8686       680        456.38     600.35

Set Statistics
Type     Time(s)  Ops          TPS(ops/s)   Net(M/s)   Get_miss   Min(us)  Max(us)    Avg(us)    Std_dev    Geo_dist  
Period   1        42           42           0.0        0          311      6400       948        1076.92    729.81
Global   7        310          44           0.0        0          235      6400       747        648.33     632.77

Total Statistics
Type     Time(s)  Ops          TPS(ops/s)   Net(M/s)   Get_miss   Min(us)  Max(us)    Avg(us)    Std_dev    Geo_dist  
Period   1        4374         4374         0.6        0          180      6817       689        432.08     614.09
Global   7        30945        4420         0.6        0          161      8686       681        458.25     600.67

[1;1H[2J
Get Statistics
Type     Time(s)  Ops          TPS(ops/s)   Net(M/s)   Get_miss   Min(us)  Max(us)    Avg(us)    Std_dev    Geo_dist  
Period   1        4366         4366         0.6        0          173      7867       680        423.41     610.39
Global   8        35001        4375         0.6        0          161      8686       680        452.40     601.59

Set Statistics
Type     Time(s)  Ops          TPS(ops/s)   Net(M/s)   Get_miss   Min(us)  Max(us)    Avg(us)    Std_dev    Geo_dist  
Period   1        45           45           0.0        0          301      3708       734        567.01     633.20
Global   8        355          44           0.0        0          235      6400       745        638.29     632.83

Total Statistics
Type     Time(s)  Ops          TPS(ops/s)   Net(M/s)   Get_miss   Min(us)  Max(us)    Avg(us)    Std_dev    Geo_dist  
Period   1        4411         4411         0.6        0          173      7867       681        424.35     610.62
Global   8        35356        4419         0.6        0          161      8686       681        454.15     601.90

[1;1H[2J
Get Statistics
Type     Time(s)  Ops          TPS(ops/s)   Net(M/s)   Get_miss   Min(us)  Max(us)    Avg(us)    Std_dev    Geo_dist  
Period   1        4367         4367         0.6        0          189      5346       684        415.97     609.76
Global   9        39368        4374         0.6        0          161      8686       681        447.65     602.49

Set Statistics
Type     Time(s)  Ops          TPS(ops/s)   Net(M/s)   Get_miss   Min(us)  Max(us)    Avg(us)    Std_dev    Geo_dist  
Period   1        45           45           0.0        0          283      1833       594        298.35     544.73
Global   9        400          44           0.0        0          235      6400       728        611.21     622.24

Total Statistics
Type     Time(s)  Ops          TPS(ops/s)   Net(M/s)   Get_miss   Min(us)  Max(us)    Avg(us)    Std_dev    Geo_dist  
Period   1        4412         4412         0.6        0          189      5346       683        415.15     609.06
Global   9        39768        4418         0.6        0          161      8686       681        450.32     602.69

[1;1H[2J
Get Statistics
Type     Time(s)  Ops          TPS(ops/s)   Net(M/s)   Get_miss   Min(us)  Max(us)    Avg(us)    Std_dev    Geo_dist  
Period   1        4114         4114         0.6        0          198      7976       726        637.32     615.95
Global   10       43482        4348         0.6        0          161      8686       685        469.45     603.75

Set Statistics
Type     Time(s)  Ops          TPS(ops/s)   Net(M/s)   Get_miss   Min(us)  Max(us)    Avg(us)    Std_dev    Geo_dist  
Period   1        41           41           0.0        0          341      2533       667        346.51     619.82
Global   10       441          44           0.0        0          235      6400       722        592.01     622.02

Total Statistics
Type     Time(s)  Ops          TPS(ops/s)   Net(M/s)   Get_miss   Min(us)  Max(us)    Avg(us)    Std_dev    Geo_dist  
Period   1        4155         4155         0.6        0          198      7976       726        634.44     615.98
Global   10       43923        4392         0.6        0          161      8686       685        471.38     603.93

[1;1H[2J
Get Statistics
Type     Time(s)  Ops          TPS(ops/s)   Net(M/s)   Get_miss   Min(us)  Max(us)    Avg(us)    Std_dev    Geo_dist  
Period   1        4481         4481         0.6        0          188      4721       666        375.31     599.05
Global   11       47963        4360         0.6        0          161      8686       683        461.83     603.31

Set Statistics
Type     Time(s)  Ops          TPS(ops/s)   Net(M/s)   Get_miss   Min(us)  Max(us)    Avg(us)    Std_dev    Geo_dist  
Period   1        45           45           0.0        0          222      2349       597        357.59     527.13
Global   11       486          44           0.0        0          222      6400       711        574.50     612.56

Total Statistics
Type     Time(s)  Ops          TPS(ops/s)   Net(M/s)   Get_miss   Min(us)  Max(us)    Avg(us)    Std_dev    Geo_dist  
Period   1        4526         4526         0.6        0          188      4721       666        373.94     598.29
Global   11       48449        4404         0.6        0          161      8686       684        462.03     603.41

[1;1H[2J
Get Statistics
Type     Time(s)  Ops          TPS(ops/s)   Net(M/s)   Get_miss   Min(us)  Max(us)    Avg(us)    Std_dev    Geo_dist  
Period   1        4600         4600         0.6        0          177      4721       648        339.20     589.51
Global   12       52563        4380         0.6        0          161      8686       680        452.44     602.09

Set Statistics
Type     Time(s)  Ops          TPS(ops/s)   Net(M/s)   Get_miss   Min(us)  Max(us)    Avg(us)    Std_dev    Geo_dist  
Period   1        46           46           0.0        0          272      1327       637        266.29     587.84
Global   12       532          44           0.0        0          222      6400       704        555.65     610.38

Total Statistics
Type     Time(s)  Ops          TPS(ops/s)   Net(M/s)   Get_miss   Min(us)  Max(us)    Avg(us)    Std_dev    Geo_dist  
Period   1        4646         4646         0.6        0          177      4721       648        338.33     589.50
Global   12       53095        4424         0.6        0          161      8686       680        453.95     602.18

[1;1H[2J
Get Statistics
Type     Time(s)  Ops          TPS(ops/s)   Net(M/s)   Get_miss   Min(us)  Max(us)    Avg(us)    Std_dev    Geo_dist  
Period   1        4497         4497         0.6        0          174      13887      664        585.14     572.49
Global   13       57060        4389         0.6        0          161      13887      679        463.91     599.71

Set Statistics
Type     Time(s)  Ops          TPS(ops/s)   Net(M/s)   Get_miss   Min(us)  Max(us)    Avg(us)    Std_dev    Geo_dist  
Period   1        46           46           0.0        0          250      1688       652        310.87     592.54
Global   13       578          44           0.0        0          222      6400       700        540.07     608.94

Total Statistics
Type     Time(s)  Ops          TPS(ops/s)   Net(M/s)   Get_miss   Min(us)  Max(us)    Avg(us)    Std_dev    Geo_dist  
Period   1        4543         4543         0.6        0          174      13887      664        582.86     572.69
Global   13       57638        4433         0.6        0          161      13887      679        465.04     599.80

[1;1H[2J
Get Statistics
Type     Time(s)  Ops          TPS(ops/s)   Net(M/s)   Get_miss   Min(us)  Max(us)    Avg(us)    Std_dev    Geo_dist  
Period   1        4487         4487         0.6        0          190      9067       666        538.44     577.30
Global   14       61547        4396         0.6        0          161      13887      678        469.82     598.04

Set Statistics
Type     Time(s)  Ops          TPS(ops/s)   Net(M/s)   Get_miss   Min(us)  Max(us)    Avg(us)    Std_dev    Geo_dist  
Period   1        45           45           0.0        0          298      1740       561        299.81     506.63
Global   14       623          44           0.0        0          222      6400       690        527.42     600.90

Total Statistics
Type     Time(s)  Ops          TPS(ops/s)   Net(M/s)   Get_miss   Min(us)  Max(us)    Avg(us)    Std_dev    Geo_dist  
Period   1        4533         4533         0.6        0          190      9067       665        536.50     576.50
Global   14       62171        4440         0.6        0          161      13887      678        470.60     598.07

[1;1H[2J
Get Statistics
Type     Time(s)  Ops          TPS(ops/s)   Net(M/s)   Get_miss   Min(us)  Max(us)    Avg(us)    Std_dev    Geo_dist  
Period   1        4422         4422         0.6        0          176      9144       675        566.68     578.72
Global   15       65969        4397         0.6        0          161      13887      678        476.64     596.78

Set Statistics
Type     Time(s)  Ops          TPS(ops/s)   Net(M/s)   Get_miss   Min(us)  Max(us)    Avg(us)    Std_dev    Geo_dist  
Period   1        44           44           0.0        0          272      4595       647        644.39     546.71
Global   15       667          44           0.0        0          222      6400       687        535.67     597.17

Total Statistics
Type     Time(s)  Ops          TPS(ops/s)   Net(M/s)   Get_miss   Min(us)  Max(us)    Avg(us)    Std_dev    Geo_dist  
Period   1        4465         4465         0.6        0          176      9144       675        567.25     579.22
Global   15       66636        4442         0.6        0          161      13887      678        477.39     596.79

[1;1H[2J
Get Statistics
Type     Time(s)  Ops          TPS(ops/s)   Net(M/s)   Get_miss   Min(us)  Max(us)    Avg(us)    Std_dev    Geo_dist  
Period   1        4720         4720         0.6        0          156      7371       632        417.33     564.64
Global   16       70689        4418         0.6        0          156      13887      675        472.95     594.58

Set Statistics
Type     Time(s)  Ops          TPS(ops/s)   Net(M/s)   Get_miss   Min(us)  Max(us)    Avg(us)    Std_dev    Geo_dist  
Period   1        48           48           0.0        0          281      1359       603        238.73     564.79
Global   16       715          44           0.0        0          222      6400       682        520.56     594.94

Total Statistics
Type     Time(s)  Ops          TPS(ops/s)   Net(M/s)   Get_miss   Min(us)  Max(us)    Avg(us)    Std_dev    Geo_dist  
Period   1        4768         4768         0.6        0          156      7371       632        415.36     563.88
Global   16       71404        4462         0.7        0          156      13887      675        473.55     594.58

[1;1H[2J
Get Statistics
Type     Time(s)  Ops          TPS(ops/s)   Net(M/s)   Get_miss   Min(us)  Max(us)    Avg(us)    Std_dev    Geo_dist  
Period   1        4434         4434         0.6        0          167      4075       669        353.88     604.26
Global   17       75123        4419         0.6        0          156      13887      674        467.70     595.15

Set Statistics
Type     Time(s)  Ops          TPS(ops/s)   Net(M/s)   Get_miss   Min(us)  Max(us)    Avg(us)    Std_dev    Geo_dist  
Period   1        45           45           0.0        0          303      1841       733        371.61     666.73
Global   17       760          44           0.0        0          222      6400       685        512.92     598.96

Total Statistics
Type     Time(s)  Ops          TPS(ops/s)   Net(M/s)   Get_miss   Min(us)  Max(us)    Avg(us)    Std_dev    Geo_dist  
Period   1        4479         4479         0.6        0          167      4075       670        353.40     604.86
Global   17       75883        4463         0.6        0          156      13887      674        468.33     595.18

[1;1H[2J
Get Statistics
Type     Time(s)  Ops          TPS(ops/s)   Net(M/s)   Get_miss   Min(us)  Max(us)    Avg(us)    Std_dev    Geo_dist  
Period   1        4362         4362         0.6        0          196      6678       683        509.74     599.94
Global   18       79485        4415         0.6        0          156      13887      675        469.38     595.41

Set Statistics
Type     Time(s)  Ops          TPS(ops/s)   Net(M/s)   Get_miss   Min(us)  Max(us)    Avg(us)    Std_dev    Geo_dist  
Period   1        45           45           0.0        0          287      1534       655        315.88     595.54
Global   18       805          44           0.0        0          222      6400       683        504.30     598.77

Total Statistics
Type     Time(s)  Ops          TPS(ops/s)   Net(M/s)   Get_miss   Min(us)  Max(us)    Avg(us)    Std_dev    Geo_dist  
Period   1        4407         4407         0.6        0          196      6678       682        509.07     599.89
Global   18       80290        4460         0.6        0          156      13887      675        469.85     595.44

[1;1H[2J
Get Statistics
Type     Time(s)  Ops          TPS(ops/s)   Net(M/s)   Get_miss   Min(us)  Max(us)    Avg(us)    Std_dev    Geo_dist  
Period   1        4277         4277         0.6        0          189      8060       697        607.60     592.86
Global   19       83762        4408         0.6        0          156      13887      676        477.60     595.28

Set Statistics
Type     Time(s)  Ops          TPS(ops/s)   Net(M/s)   Get_miss   Min(us)  Max(us)    Avg(us)    Std_dev    Geo_dist  
Period   1        43           43           0.0        0          324      3180       842        567.13     718.95
Global   19       848          44           0.0        0          222      6400       691        508.58     604.35

Total Statistics
Type     Time(s)  Ops          TPS(ops/s)   Net(M/s)   Get_miss   Min(us)  Max(us)    Avg(us)    Std_dev    Geo_dist  
Period   1        4320         4320         0.6        0          189      8060       699        606.68     594.00
Global   19       84610        4453         0.6        0          156      13887      676        478.13     595.37

[1;1H[2J
Get Statistics
Type     Time(s)  Ops          TPS(ops/s)   Net(M/s)   Get_miss   Min(us)  Max(us)    Avg(us)    Std_dev    Geo_dist  
Period   1        4453         4453         0.6        0          205      5050       670        441.11     593.85
Global   20       88215        4410         0.6        0          156      13887      676        475.39     595.21

Set Statistics
Type     Time(s)  Ops          TPS(ops/s)   Net(M/s)   Get_miss   Min(us)  Max(us)    Avg(us)    Std_dev    Geo_dist  
Period   1        45           45           0.0        0          326      1479       623        261.42     577.71
Global   20       893          44           0.0        0          222      6400       688        498.61     602.98

Total Statistics
Type     Time(s)  Ops          TPS(ops/s)   Net(M/s)   Get_miss   Min(us)  Max(us)    Avg(us)    Std_dev    Geo_dist  
Period   1        4498         4498         0.6        0          205      5050       670        438.97     593.68
Global   20       89108        4455         0.6        0          156      13887      676        475.80     595.28

[1;1H[2J
Get Statistics
Type     Time(s)  Ops          TPS(ops/s)   Net(M/s)   Get_miss   Min(us)  Max(us)    Avg(us)    Std_dev    Geo_dist  
Period   1        4355         4355         0.6        0          181      5159       684        510.19     592.00
Global   21       92570        4408         0.6        0          156      13887      676        477.62     595.05

Set Statistics
Type     Time(s)  Ops          TPS(ops/s)   Net(M/s)   Get_miss   Min(us)  Max(us)    Avg(us)    Std_dev    Geo_dist  
Period   1        44           44           0.0        0          258      2961       669        493.87     573.33
Global   21       937          44           0.0        0          222      6400       687        498.29     601.55

Total Statistics
Type     Time(s)  Ops          TPS(ops/s)   Net(M/s)   Get_miss   Min(us)  Max(us)    Avg(us)    Std_dev    Geo_dist  
Period   1        4400         4400         0.6        0          181      5159       684        509.65     591.75
Global   21       93508        4452         0.6        0          156      13887      676        477.98     595.12

[1;1H[2J
Get Statistics
Type     Time(s)  Ops          TPS(ops/s)   Net(M/s)   Get_miss   Min(us)  Max(us)    Avg(us)    Std_dev    Geo_dist  
Period   1        4585         4585         0.6        0          177      6574       650        376.13     588.44
Global   22       97155        4416         0.6        0          156      13887      675        473.03     594.78

Set Statistics
Type     Time(s)  Ops          TPS(ops/s)   Net(M/s)   Get_miss   Min(us)  Max(us)    Avg(us)    Std_dev    Geo_dist  
Period   1        45           45           0.0        0          283      1940       666        330.68     608.44
Global   22       982          44           0.0        0          222      6400       686        491.81     601.87

Total Statistics
Type     Time(s)  Ops          TPS(ops/s)   Net(M/s)   Get_miss   Min(us)  Max(us)    Avg(us)    Std_dev    Geo_dist  
Period   1        4629         4629         0.6        0          177      6574       650        376.07     588.67
Global   22       98137        4460         0.6        0          156      13887      675        473.38     594.85

[1;1H[2J
Get Statistics
Type     Time(s)  Ops          TPS(ops/s)   Net(M/s)   Get_miss   Min(us)  Max(us)    Avg(us)    Std_dev    Geo_dist  
Period   1        4724         4724         0.6        0          189      4172       631        318.95     574.78
Global   23       101879       4429         0.6        0          156      13887      673        467.04     593.84

Set Statistics
Type     Time(s)  Ops          TPS(ops/s)   Net(M/s)   Get_miss   Min(us)  Max(us)    Avg(us)    Std_dev    Geo_dist  
Period   1        48           48           0.0        0          204      1915       650        338.79     585.82
Global   23       1030         44           0.0        0          204      6400       684        486.15     601.11

Total Statistics
Type     Time(s)  Ops          TPS(ops/s)   Net(M/s)   Get_miss   Min(us)  Max(us)    Avg(us)    Std_dev    Geo_dist  
Period   1        4772         4772         0.6        0          189      4172       631        319.50     574.89
Global   23       102909       4474         0.7        0          156      13887      673        467.39     593.91

[1;1H[2J
Get Statistics
Type     Time(s)  Ops          TPS(ops/s)   Net(M/s)   Get_miss   Min(us)  Max(us)    Avg(us)    Std_dev    Geo_dist  
Period   1        4331         4331         0.6        0          209      5839       689        465.82     610.58
Global   24       106210       4425         0.6        0          156      13887      673        467.94     594.51

Set Statistics
Type     Time(s)  Ops          TPS(ops/s)   Net(M/s)   Get_miss   Min(us)  Max(us)    Avg(us)    Std_dev    Geo_dist  
Period   1        45           45           0.0        0          230      3349       742        491.54     654.47
Global   24       1075         44           0.0        0          204      6400       687        485.47     603.25

Total Statistics
Type     Time(s)  Ops          TPS(ops/s)   Net(M/s)   Get_miss   Min(us)  Max(us)    Avg(us)    Std_dev    Geo_dist  
Period   1        4376         4376         0.6        0          209      5839       689        466.87     611.02
Global   24       107285       4470         0.6        0          156      13887      674        466.88     594.60

[1;1H[2J
Get Statistics
Type     Time(s)  Ops          TPS(ops/s)   Net(M/s)   Get_miss   Min(us)  Max(us)    Avg(us)    Std_dev    Geo_dist  
Period   1        4526         4526         0.6        0          157      6510       659        460.17     578.72
Global   25       110736       4429         0.6        0          156      13887      673        466.81     593.85

Set Statistics
Type     Time(s)  Ops          TPS(ops/s)   Net(M/s)   Get_miss   Min(us)  Max(us)    Avg(us)    Std_dev    Geo_dist  
Period   1        45           45           0.0        0          222      1311       601        255.34     556.05
Global   25       1120         44           0.0        0          204      6400       683        479.38     601.28

Total Statistics
Type     Time(s)  Ops          TPS(ops/s)   Net(M/s)   Get_miss   Min(us)  Max(us)    Avg(us)    Std_dev    Geo_dist  
Period   1        4571         4571         0.6        0          157      6510       659        457.79     578.49
Global   25       111856       4474         0.6        0          156      13887      673        467.08     593.93

[1;1H[2J
Get Statistics
Type     Time(s)  Ops          TPS(ops/s)   Net(M/s)   Get_miss   Min(us)  Max(us)    Avg(us)    Std_dev    Geo_dist  
Period   1        5128         5128         0.6        0          165      5359       582        369.08     512.79
Global   26       115864       4456         0.7        0          156      13887      669        463.26     590.01

Set Statistics
Type     Time(s)  Ops          TPS(ops/s)   Net(M/s)   Get_miss   Min(us)  Max(us)    Avg(us)    Std_dev    Geo_dist  
Period   1        51           51           0.0        0          251      1545       582        284.31     530.67
Global   26       1171         45           0.0        0          204      6400       679        472.36     598.02

Total Statistics
Type     Time(s)  Ops          TPS(ops/s)   Net(M/s)   Get_miss   Min(us)  Max(us)    Avg(us)    Std_dev    Geo_dist  
Period   1        5179         5179         0.6        0          165      5359       582        368.32     512.96
Global   26       117035       4501         0.7        0          156      13887      669        463.49     590.09

[1;1H[2J
Get Statistics
Type     Time(s)  Ops          TPS(ops/s)   Net(M/s)   Get_miss   Min(us)  Max(us)    Avg(us)    Std_dev    Geo_dist  
Period   1        4820         4820         0.6        0          158      6694       618        416.15     540.10
Global   27       120684       4469         0.7        0          156      13887      667        461.52     587.93

Set Statistics
Type     Time(s)  Ops          TPS(ops/s)   Net(M/s)   Get_miss   Min(us)  Max(us)    Avg(us)    Std_dev    Geo_dist  
Period   1        49           49           0.0        0          249      1942       586        282.98     541.58
Global   27       1220         45           0.0        0          204      6400       675        466.90     595.64

Total Statistics
Type     Time(s)  Ops          TPS(ops/s)   Net(M/s)   Get_miss   Min(us)  Max(us)    Avg(us)    Std_dev    Geo_dist  
Period   1        4869         4869         0.6        0          158      6694       618        414.54     540.12
Global   27       121904       4514         0.7        0          156      13887      667        461.69     588.01

[1;1H[2J
Get Statistics
Type     Time(s)  Ops          TPS(ops/s)   Net(M/s)   Get_miss   Min(us)  Max(us)    Avg(us)    Std_dev    Geo_dist  
Period   1        4836         4836         0.6        0          154      6097       618        353.15     554.16
Global   28       125520       4482         0.7        0          154      13887      665        458.08     586.59

Set Statistics
Type     Time(s)  Ops          TPS(ops/s)   Net(M/s)   Get_miss   Min(us)  Max(us)    Avg(us)    Std_dev    Geo_dist  
Period   1        50           50           0.0        0          211      1270       561        206.56     528.37
Global   28       1270         45           0.0        0          204      6400       670        460.69     592.84

Total Statistics
Type     Time(s)  Ops          TPS(ops/s)   Net(M/s)   Get_miss   Min(us)  Max(us)    Avg(us)    Std_dev    Geo_dist  
Period   1        4886         4886         0.6        0          154      6097       618        350.97     553.89
Global   28       126790       4528         0.7        0          154      13887      665        458.18     586.65

[1;1H[2J
Get Statistics
Type     Time(s)  Ops          TPS(ops/s)   Net(M/s)   Get_miss   Min(us)  Max(us)    Avg(us)    Std_dev    Geo_dist  
Period   1        5245         5245         0.6        0          163      4420       569        330.46     511.70
Global   29       130765       4509         0.7        0          154      13887      661        454.26     583.39

Set Statistics
Type     Time(s)  Ops          TPS(ops/s)   Net(M/s)   Get_miss   Min(us)  Max(us)    Avg(us)    Std_dev    Geo_dist  
Period   1        52           52           0.0        0          258      1257       555        229.99     517.09
Global   29       1322         45           0.0        0          204      6400       666        453.57     589.66

Total Statistics
Type     Time(s)  Ops          TPS(ops/s)   Net(M/s)   Get_miss   Min(us)  Max(us)    Avg(us)    Std_dev    Geo_dist  
Period   1        5297         5297         0.6        0          163      4420       569        329.37     511.75
Global   29       132087       4554         0.7        0          154      13887      661        454.32     583.45

[1;1H[2J
Get Statistics
Type     Time(s)  Ops          TPS(ops/s)   Net(M/s)   Get_miss   Min(us)  Max(us)    Avg(us)    Std_dev    Geo_dist  
Period   1        4899         4899         0.6        0          159      8110       608        393.98     542.27
Global   30       135664       4522         0.7        0          154      13887      659        452.45     581.85

Set Statistics
Type     Time(s)  Ops          TPS(ops/s)   Net(M/s)   Get_miss   Min(us)  Max(us)    Avg(us)    Std_dev    Geo_dist  
Period   1        50           50           0.0        0          244      1390       551        240.09     513.01
Global   30       1372         45           0.0        0          204      6400       662        447.76     586.68

Total Statistics
Type     Time(s)  Ops          TPS(ops/s)   Net(M/s)   Get_miss   Min(us)  Max(us)    Avg(us)    Std_dev    Geo_dist  
Period   1        4949         4949         0.6        0          159      8110       608        391.86     541.96
Global   30       137036       4567         0.7        0          154      13887      659        452.45     581.90

[1;1H[2J
Get Statistics
Type     Time(s)  Ops          TPS(ops/s)   Net(M/s)   Get_miss   Min(us)  Max(us)    Avg(us)    Std_dev    Geo_dist  
Period   1        4857         4857         0.6        0          160      5509       614        380.74     545.23
Global   31       140521       4532         0.7        0          154      13887      658        449.43     580.54

Set Statistics
Type     Time(s)  Ops          TPS(ops/s)   Net(M/s)   Get_miss   Min(us)  Max(us)    Avg(us)    Std_dev    Geo_dist  
Period   1        49           49           0.0        0          243      2664       605        419.78     526.61
Global   31       1421         45           0.0        0          204      6400       660        446.86     584.49

Total Statistics
Type     Time(s)  Ops          TPS(ops/s)   Net(M/s)   Get_miss   Min(us)  Max(us)    Avg(us)    Std_dev    Geo_dist  
Period   1        4906         4906         0.6        0          160      5509       614        380.96     545.04
Global   31       141942       4578         0.7        0          154      13887      658        449.43     580.58

[1;1H[2J
Get Statistics
Type     Time(s)  Ops          TPS(ops/s)   Net(M/s)   Get_miss   Min(us)  Max(us)    Avg(us)    Std_dev    Geo_dist  
Period   1        4992         4992         0.6        0          144      7005       595        442.82     518.45
Global   32       145513       4547         0.7        0          144      13887      656        449.11     578.30

Set Statistics
Type     Time(s)  Ops          TPS(ops/s)   Net(M/s)   Get_miss   Min(us)  Max(us)    Avg(us)    Std_dev    Geo_dist  
Period   1        51           51           0.0        0          254      1239       543        232.92     502.25
Global   32       1472         46           0.0        0          204      6400       656        441.58     581.43

Total Statistics
Type     Time(s)  Ops          TPS(ops/s)   Net(M/s)   Get_miss   Min(us)  Max(us)    Avg(us)    Std_dev    Geo_dist  
Period   1        5043         5043         0.6        0          144      7005       595        440.51     518.28
Global   32       146985       4593         0.7        0          144      13887      656        449.04     578.33

[1;1H[2J
Get Statistics
Type     Time(s)  Ops          TPS(ops/s)   Net(M/s)   Get_miss   Min(us)  Max(us)    Avg(us)    Std_dev    Geo_dist  
Period   1        4723         4723         0.6        0          156      6976       630        382.69     559.57
Global   33       150236       4552         0.6        0          144      13887      655        447.46     577.70

Set Statistics
Type     Time(s)  Ops          TPS(ops/s)   Net(M/s)   Get_miss   Min(us)  Max(us)    Avg(us)    Std_dev    Geo_dist  
Period   1        47           47           0.0        0          211      2573       729        434.06     635.67
Global   33       1519         46           0.0        0          204      6400       658        441.78     583.04

Total Statistics
Type     Time(s)  Ops          TPS(ops/s)   Net(M/s)   Get_miss   Min(us)  Max(us)    Avg(us)    Std_dev    Geo_dist  
Period   1        4770         4770         0.6        0          156      6976       631        383.26     560.27
Global   33       151755       4598         0.7        0          144      13887      655        447.45     577.75

[1;1H[2J
Get Statistics
Type     Time(s)  Ops          TPS(ops/s)   Net(M/s)   Get_miss   Min(us)  Max(us)    Avg(us)    Std_dev    Geo_dist  
Period   1        4675         4675         0.6        0          178      7457       637        506.07     550.04
Global   34       154911       4556         0.6        0          144      13887      654        450.02     576.84

Set Statistics
Type     Time(s)  Ops          TPS(ops/s)   Net(M/s)   Get_miss   Min(us)  Max(us)    Avg(us)    Std_dev    Geo_dist  
Period   1        47           47           0.0        0          244      4800       753        733.85     603.91
Global   34       1566         46           0.0        0          204      6400       661        452.99     583.65

Total Statistics
Type     Time(s)  Ops          TPS(ops/s)   Net(M/s)   Get_miss   Min(us)  Max(us)    Avg(us)    Std_dev    Geo_dist  
Period   1        4722         4722         0.6        0          178      7457       638        509.05     550.55
Global   34       156477       4602         0.6        0          144      13887      654        450.15     576.91

[1;1H[2J
Get Statistics
Type     Time(s)  Ops          TPS(ops/s)   Net(M/s)   Get_miss   Min(us)  Max(us)    Avg(us)    Std_dev    Geo_dist  
Period   1        4175         4175         0.6        0          171      10106      714        545.83     618.73
Global   35       159086       4545         0.6        0          144      13887      656        452.27     577.90

Set Statistics
Type     Time(s)  Ops          TPS(ops/s)   Net(M/s)   Get_miss   Min(us)  Max(us)    Avg(us)    Std_dev    Geo_dist  
Period   1        42           42           0.0        0          278      1590       655        283.82     605.48
Global   35       1608         45           0.0        0          204      6400       661        449.10     584.21

Total Statistics
Type     Time(s)  Ops          TPS(ops/s)   Net(M/s)   Get_miss   Min(us)  Max(us)    Avg(us)    Std_dev    Geo_dist  
Period   1        4217         4217         0.6        0          171      10106      713        544.40     618.60
Global   35       160694       4591         0.6        0          144      13887      656        452.31     577.97

[1;1H[2J
Get Statistics
Type     Time(s)  Ops          TPS(ops/s)   Net(M/s)   Get_miss   Min(us)  Max(us)    Avg(us)    Std_dev    Geo_dist  
Period   1        4610         4610         0.6        0          160      7410       644        457.39     555.32
Global   36       163696       4547         0.6        0          144      13887      655        453.38     577.26

Set Statistics
Type     Time(s)  Ops          TPS(ops/s)   Net(M/s)   Get_miss   Min(us)  Max(us)    Avg(us)    Std_dev    Geo_dist  
Period   1        46           46           0.0        0          226      3428       678        519.92     571.37
Global   36       1654         45           0.0        0          204      6400       661        451.74     583.85

Total Statistics
Type     Time(s)  Ops          TPS(ops/s)   Net(M/s)   Get_miss   Min(us)  Max(us)    Avg(us)    Std_dev    Geo_dist  
Period   1        4656         4656         0.6        0          160      7410       644        458.48     555.47
Global   36       165350       4593         0.6        0          144      13887      655        453.45     577.32

[1;1H[2J
Get Statistics
Type     Time(s)  Ops          TPS(ops/s)   Net(M/s)   Get_miss   Min(us)  Max(us)    Avg(us)    Std_dev    Geo_dist  
Period   1        4284         4284         0.6        0          150      8561       697        585.48     591.48
Global   37       167980       4540         0.6        0          144      13887      656        457.37     577.61

Set Statistics
Type     Time(s)  Ops          TPS(ops/s)   Net(M/s)   Get_miss   Min(us)  Max(us)    Avg(us)    Std_dev    Geo_dist  
Period   1        45           45           0.0        0          251      1743       598        300.15     540.46
Global   37       1699         45           0.0        0          204      6400       660        447.45     582.66

Total Statistics
Type     Time(s)  Ops          TPS(ops/s)   Net(M/s)   Get_miss   Min(us)  Max(us)    Avg(us)    Std_dev    Geo_dist  
Period   1        4329         4329         0.6        0          150      8561       695        584.38     590.05
Global   37       169679       4585         0.6        0          144      13887      656        457.33     577.66

[1;1H[2J
Get Statistics
Type     Time(s)  Ops          TPS(ops/s)   Net(M/s)   Get_miss   Min(us)  Max(us)    Avg(us)    Std_dev    Geo_dist  
Period   1        4457         4457         0.6        0          158      9444       668        639.23     551.40
Global   38       172437       4537         0.6        0          144      13887      657        461.99     576.92

Set Statistics
Type     Time(s)  Ops          TPS(ops/s)   Net(M/s)   Get_miss   Min(us)  Max(us)    Avg(us)    Std_dev    Geo_dist  
Period   1        44           44           0.0        0          223      4914       769        757.15     603.32
Global   38       1743         45           0.0        0          204      6400       662        458.91     583.17

Total Statistics
Type     Time(s)  Ops          TPS(ops/s)   Net(M/s)   Get_miss   Min(us)  Max(us)    Avg(us)    Std_dev    Geo_dist  
Period   1        4501         4501         0.6        0          158      9444       669        640.35     549.65
Global   38       174180       4583         0.6        0          144      13887      657        462.03     576.98

[1;1H[2J
Get Statistics
Type     Time(s)  Ops          TPS(ops/s)   Net(M/s)   Get_miss   Min(us)  Max(us)    Avg(us)    Std_dev    Geo_dist  
Period   1        4441         4441         0.6        0          158      8395       671        537.49     579.51
Global   39       176878       4535         0.6        0          144      13887      657        464.54     576.99

Set Statistics
Type     Time(s)  Ops          TPS(ops/s)   Net(M/s)   Get_miss   Min(us)  Max(us)    Avg(us)    Std_dev    Geo_dist  
Period   1        45           45           0.0        0          214      4322       677        637.66     556.83
Global   39       1788         45           0.0        0          204      6400       663        463.12     582.49

Total Statistics
Type     Time(s)  Ops          TPS(ops/s)   Net(M/s)   Get_miss   Min(us)  Max(us)    Avg(us)    Std_dev    Geo_dist  
Period   1        4486         4486         0.6        0          158      8395       671        538.58     579.28
Global   39       178666       4581         0.6        0          144      13887      657        464.61     577.04

[1;1H[2J
Get Statistics
Type     Time(s)  Ops          TPS(ops/s)   Net(M/s)   Get_miss   Min(us)  Max(us)    Avg(us)    Std_dev    Geo_dist  
Period   1        4293         4293         0.6        0          182      4857       694        521.11     604.88
Global   40       181171       4529         0.6        0          144      13887      658        465.82     577.63

Set Statistics
Type     Time(s)  Ops          TPS(ops/s)   Net(M/s)   Get_miss   Min(us)  Max(us)    Avg(us)    Std_dev    Geo_dist  
Period   1        44           44           0.0        0          330      1843       700        280.16     654.27
Global   40       1832         45           0.0        0          204      6400       664        459.41     584.12

Total Statistics
Type     Time(s)  Ops          TPS(ops/s)   Net(M/s)   Get_miss   Min(us)  Max(us)    Avg(us)    Std_dev    Geo_dist  
Period   1        4337         4337         0.6        0          182      4857       695        517.96     605.36
Global   40       183003       4575         0.6        0          144      13887      658        465.84     577.70

[1;1H[2J
Get Statistics
Type     Time(s)  Ops          TPS(ops/s)   Net(M/s)   Get_miss   Min(us)  Max(us)    Avg(us)    Std_dev    Geo_dist  
Period   1        4595         4595         0.6        0          191      4925       652        373.61     588.02
Global   41       185766       4530         0.6        0          144      13887      658        463.55     577.89

Set Statistics
Type     Time(s)  Ops          TPS(ops/s)   Net(M/s)   Get_miss   Min(us)  Max(us)    Avg(us)    Std_dev    Geo_dist  
Period   1        45           45           0.0        0          295      2183       636        354.80     570.82
Global   41       1877         45           0.0        0          204      6400       663        457.60     583.80

Total Statistics
Type     Time(s)  Ops          TPS(ops/s)   Net(M/s)   Get_miss   Min(us)  Max(us)    Avg(us)    Std_dev    Geo_dist  
Period   1        4640         4640         0.6        0          191      4925       652        373.12     587.85
Global   41       187643       4576         0.6        0          144      13887      658        463.56     577.95

[1;1H[2J
Get Statistics
Type     Time(s)  Ops          TPS(ops/s)   Net(M/s)   Get_miss   Min(us)  Max(us)    Avg(us)    Std_dev    Geo_dist  
Period   1        4549         4549         0.6        0          156      9692       655        471.02     579.26
Global   42       190315       4531         0.6        0          144      13887      658        463.63     577.92

Set Statistics
Type     Time(s)  Ops          TPS(ops/s)   Net(M/s)   Get_miss   Min(us)  Max(us)    Avg(us)    Std_dev    Geo_dist  
Period   1        47           47           0.0        0          286      1959       665        313.06     608.68
Global   42       1924         45           0.0        0          204      6400       663        454.63     584.40

Total Statistics
Type     Time(s)  Ops          TPS(ops/s)   Net(M/s)   Get_miss   Min(us)  Max(us)    Avg(us)    Std_dev    Geo_dist  
Period   1        4596         4596         0.6        0          156      9692       655        469.79     579.55
Global   42       192239       4577         0.6        0          144      13887      658        463.61     577.98

[1;1H[2J
Get Statistics
Type     Time(s)  Ops          TPS(ops/s)   Net(M/s)   Get_miss   Min(us)  Max(us)    Avg(us)    Std_dev    Geo_dist  
Period   1        4392         4392         0.6        0          190      7017       679        491.15     595.83
Global   43       194707       4528         0.6        0          144      13887      658        464.95     578.32

Set Statistics
Type     Time(s)  Ops          TPS(ops/s)   Net(M/s)   Get_miss   Min(us)  Max(us)    Avg(us)    Std_dev    Geo_dist  
Period   1        45           45           0.0        0          319      3770       758        537.45     661.75
Global   43       1969         45           0.0        0          204      6400       665        457.01     586.06

Total Statistics
Type     Time(s)  Ops          TPS(ops/s)   Net(M/s)   Get_miss   Min(us)  Max(us)    Avg(us)    Std_dev    Geo_dist  
Period   1        4437         4437         0.6        0          190      7017       680        491.37     596.47
Global   43       196676       4573         0.6        0          144      13887      658        464.97     578.39

[1;1H[2J
Get Statistics
Type     Time(s)  Ops          TPS(ops/s)   Net(M/s)   Get_miss   Min(us)  Max(us)    Avg(us)    Std_dev    Geo_dist  
Period   1        4703         4703         0.6        0          173      9241       632        422.93     565.38
Global   44       199410       4532         0.6        0          144      13887      658        463.14     578.01

Set Statistics
Type     Time(s)  Ops          TPS(ops/s)   Net(M/s)   Get_miss   Min(us)  Max(us)    Avg(us)    Std_dev    Geo_dist  
Period   1        46           46           0.0        0          260      1840       606        313.18     546.20
Global   44       2015         45           0.0        0          204      6400       664        453.75     585.12

Total Statistics
Type     Time(s)  Ops          TPS(ops/s)   Net(M/s)   Get_miss   Min(us)  Max(us)    Avg(us)    Std_dev    Geo_dist  
Period   1        4749         4749         0.6        0          173      9241       632        421.61     565.19
Global   44       201425       4577         0.7        0          144      13887      658        463.14     578.08

[1;1H[2J
Get Statistics
Type     Time(s)  Ops          TPS(ops/s)   Net(M/s)   Get_miss   Min(us)  Max(us)    Avg(us)    Std_dev    Geo_dist  
Period   1        4514         4514         0.6        0          185      5133       661        421.99     587.66
Global   45       203924       4531         0.6        0          144      13887      658        462.37     578.22

Set Statistics
Type     Time(s)  Ops          TPS(ops/s)   Net(M/s)   Get_miss   Min(us)  Max(us)    Avg(us)    Std_dev    Geo_dist  
Period   1        46           46           0.0        0          290      1545       611        273.61     563.14
Global   45       2061         45           0.0        0          204      6400       663        450.28     584.62

Total Statistics
Type     Time(s)  Ops          TPS(ops/s)   Net(M/s)   Get_miss   Min(us)  Max(us)    Avg(us)    Std_dev    Geo_dist  
Period   1        4560         4560         0.6        0          185      5133       661        419.97     587.41
Global   45       205985       4577         0.6        0          144      13887      658        462.32     578.28

[1;1H[2J
Get Statistics
Type     Time(s)  Ops          TPS(ops/s)   Net(M/s)   Get_miss   Min(us)  Max(us)    Avg(us)    Std_dev    Geo_dist  
Period   1        4489         4489         0.6        0          182      8867       664        488.07     583.13
Global   46       208413       4530         0.6        0          144      13887      658        463.12     578.33

Set Statistics
Type     Time(s)  Ops          TPS(ops/s)   Net(M/s)   Get_miss   Min(us)  Max(us)    Avg(us)    Std_dev    Geo_dist  
Period   1        46           46           0.0        0          339      1723       677        313.86     622.25
Global   46       2107         45           0.0        0          204      6400       663        448.15     585.41

Total Statistics
Type     Time(s)  Ops          TPS(ops/s)   Net(M/s)   Get_miss   Min(us)  Max(us)    Avg(us)    Std_dev    Geo_dist  
Period   1        4535         4535         0.6        0          182      8867       664        486.78     583.51
Global   46       210520       4576         0.6        0          144      13887      658        463.04     578.40

[1;1H[2J
Get Statistics
Type     Time(s)  Ops          TPS(ops/s)   Net(M/s)   Get_miss   Min(us)  Max(us)    Avg(us)    Std_dev    Geo_dist  
Period   1        3923         3923         0.6        0          183      7444       758        696.04     623.08
Global   47       212336       4517         0.5        0          144      13887      660        468.45     579.12

Set Statistics
Type     Time(s)  Ops          TPS(ops/s)   Net(M/s)   Get_miss   Min(us)  Max(us)    Avg(us)    Std_dev    Geo_dist  
Period   1        40           40           0.0        0          198      5818       707        862.94     566.56
Global   47       2147         45           0.0        0          198      6400       664        458.72     585.06

Total Statistics
Type     Time(s)  Ops          TPS(ops/s)   Net(M/s)   Get_miss   Min(us)  Max(us)    Avg(us)    Std_dev    Geo_dist  
Period   1        3963         3963         0.6        0          183      7444       758        697.24     622.48
Global   47       214483       4563         0.5        0          144      13887      660        468.41     579.18

[1;1H[2J
Get Statistics
Type     Time(s)  Ops          TPS(ops/s)   Net(M/s)   Get_miss   Min(us)  Max(us)    Avg(us)    Std_dev    Geo_dist  
Period   1        4370         4370         0.6        0          183      6722       684        516.39     583.24
Global   48       216706       4514         0.6        0          144      13887      660        470.16     579.21

Set Statistics
Type     Time(s)  Ops          TPS(ops/s)   Net(M/s)   Get_miss   Min(us)  Max(us)    Avg(us)    Std_dev    Geo_dist  
Period   1        43           43           0.0        0          273      3215       691        498.03     591.39
Global   48       2190         45           0.0        0          198      6400       664        460.18     585.18

Total Statistics
Type     Time(s)  Ops          TPS(ops/s)   Net(M/s)   Get_miss   Min(us)  Max(us)    Avg(us)    Std_dev    Geo_dist  
Period   1        4413         4413         0.6        0          183      6722       684        516.25     583.32
Global   48       218896       4560         0.6        0          144      13887      660        470.11     579.27

[1;1H[2J
Get Statistics
Type     Time(s)  Ops          TPS(ops/s)   Net(M/s)   Get_miss   Min(us)  Max(us)    Avg(us)    Std_dev    Geo_dist  
Period   1        4283         4283         0.6        0          191      4905       696        460.90     611.17
Global   49       220989       4509         0.6        0          144      13887      661        469.58     579.81

Set Statistics
Type     Time(s)  Ops          TPS(ops/s)   Net(M/s)   Get_miss   Min(us)  Max(us)    Avg(us)    Std_dev    Geo_dist  
Period   1        43           43           0.0        0          223      4605       715        784.28     569.34
Global   49       2233         45           0.0        0          198      6400       665        468.28     584.87

Total Statistics
Type     Time(s)  Ops          TPS(ops/s)   Net(M/s)   Get_miss   Min(us)  Max(us)    Avg(us)    Std_dev    Geo_dist  
Period   1        4326         4326         0.6        0          191      4905       696        465.36     610.74
Global   49       223222       4555         0.6        0          144      13887      661        469.62     579.86

[1;1H[2J
Get Statistics
Type     Time(s)  Ops          TPS(ops/s)   Net(M/s)   Get_miss   Min(us)  Max(us)    Avg(us)    Std_dev    Geo_dist  
Period   1        4126         4126         0.6        0          223      6170       722        490.87     640.17
Global   50       225115       4502         0.6        0          144      13887      662        470.21     580.86

Set Statistics
Type     Time(s)  Ops          TPS(ops/s)   Net(M/s)   Get_miss   Min(us)  Max(us)    Avg(us)    Std_dev    Geo_dist  
Period   1        42           42           0.0        0          349      3293       869        588.93     748.16
Global   50       2275         45           0.0        0          198      6400       669        471.09     587.54

Total Statistics
Type     Time(s)  Ops          TPS(ops/s)   Net(M/s)   Get_miss   Min(us)  Max(us)    Avg(us)    Std_dev    Geo_dist  
Period   1        4168         4168         0.6        0          223      6170       723        492.80     641.18
Global   50       227390       4547         0.6        0          144      13887      662        470.32     580.93

[1;1H[2J
Get Statistics
Type     Time(s)  Ops          TPS(ops/s)   Net(M/s)   Get_miss   Min(us)  Max(us)    Avg(us)    Std_dev    Geo_dist  
Period   1        4385         4385         0.6        0          178      8213       680        468.85     594.41
Global   51       229500       4500         0.6        0          144      13887      662        470.68     581.12

Set Statistics
Type     Time(s)  Ops          TPS(ops/s)   Net(M/s)   Get_miss   Min(us)  Max(us)    Avg(us)    Std_dev    Geo_dist  
Period   1        44           44           0.0        0          258      2319       664        368.12     590.96
Global   51       2319         45           0.0        0          198      6400       669        469.15     587.60

Total Statistics
Type     Time(s)  Ops          TPS(ops/s)   Net(M/s)   Get_miss   Min(us)  Max(us)    Avg(us)    Std_dev    Geo_dist  
Period   1        4429         4429         0.6        0          178      8213       680        467.70     594.38
Global   51       231819       4545         0.6        0          144      13887      662        470.76     581.18

[1;1H[2J
Get Statistics
Type     Time(s)  Ops          TPS(ops/s)   Net(M/s)   Get_miss   Min(us)  Max(us)    Avg(us)    Std_dev    Geo_dist  
Period   1        4169         4169         0.6        0          173      10432      715        589.36     615.50
Global   52       233669       4493         0.6        0          144      13887      663        473.03     581.71

Set Statistics
Type     Time(s)  Ops          TPS(ops/s)   Net(M/s)   Get_miss   Min(us)  Max(us)    Avg(us)    Std_dev    Geo_dist  
Period   1        43           43           0.0        0          271      4929       740        698.69     629.70
Global   52       2362         45           0.0        0          198      6400       670        474.62     588.34

Total Statistics
Type     Time(s)  Ops          TPS(ops/s)   Net(M/s)   Get_miss   Min(us)  Max(us)    Avg(us)    Std_dev    Geo_dist  
Period   1        4212         4212         0.6        0          173      10432      716        589.59     615.64
Global   52       236031       4539         0.6        0          144      13887      663        473.14     581.78

[1;1H[2J
Get Statistics
Type     Time(s)  Ops          TPS(ops/s)   Net(M/s)   Get_miss   Min(us)  Max(us)    Avg(us)    Std_dev    Geo_dist  
Period   1        4287         4287         0.6        0          179      6196       695        518.73     604.01
Global   53       237956       4489         0.6        0          144      13887      664        473.32     582.11

Set Statistics
Type     Time(s)  Ops          TPS(ops/s)   Net(M/s)   Get_miss   Min(us)  Max(us)    Avg(us)    Std_dev    Geo_dist  
Period   1        42           42           0.0        0          246      2255       687        372.54     619.67
Global   53       2404         45           0.0        0          198      6400       670        473.39     588.87

Total Statistics
Type     Time(s)  Ops          TPS(ops/s)   Net(M/s)   Get_miss   Min(us)  Max(us)    Avg(us)    Std_dev    Geo_dist  
Period   1        4329         4329         0.6        0          179      6196       695        517.38     604.16
Global   53       240360       4535         0.6        0          144      13887      664        473.40     582.18

[1;1H[2J
Get Statistics
Type     Time(s)  Ops          TPS(ops/s)   Net(M/s)   Get_miss   Min(us)  Max(us)    Avg(us)    Std_dev    Geo_dist  
Period   1        4099         4099         0.6        0          171      6165       724        520.38     629.22
Global   54       242055       4482         0.6        0          144      13887      665        474.24     582.88

Set Statistics
Type     Time(s)  Ops          TPS(ops/s)   Net(M/s)   Get_miss   Min(us)  Max(us)    Avg(us)    Std_dev    Geo_dist  
Period   1        42           42           0.0        0          301      2007       673        369.54     603.20
Global   54       2446         45           0.0        0          198      6400       671        470.39     589.12

Total Statistics
Type     Time(s)  Ops          TPS(ops/s)   Net(M/s)   Get_miss   Min(us)  Max(us)    Avg(us)    Std_dev    Geo_dist  
Period   1        4141         4141         0.6        0          171      6165       724        518.34     628.95
Global   54       244501       4527         0.6        0          144      13887      665        474.28     582.94

[1;1H[2J
Get Statistics
Type     Time(s)  Ops          TPS(ops/s)   Net(M/s)   Get_miss   Min(us)  Max(us)    Avg(us)    Std_dev    Geo_dist  
Period   1        4086         4086         0.6        0          154      8084       728        591.21     619.41
Global   55       246141       4475         0.6        0          144      13887      666        476.54     583.47

Set Statistics
Type     Time(s)  Ops          TPS(ops/s)   Net(M/s)   Get_miss   Min(us)  Max(us)    Avg(us)    Std_dev    Geo_dist  
Period   1        42           42           0.0        0          250      4955       734        753.08     598.12
Global   55       2488         45           0.0        0          198      6400       672        476.47     589.27

Total Statistics
Type     Time(s)  Ops          TPS(ops/s)   Net(M/s)   Get_miss   Min(us)  Max(us)    Avg(us)    Std_dev    Geo_dist  
Period   1        4129         4129         0.6        0          154      8084       728        593.00     619.23
Global   55       248630       4520         0.6        0          144      13887      666        476.63     583.52

[1;1H[2J
Get Statistics
Type     Time(s)  Ops          TPS(ops/s)   Net(M/s)   Get_miss   Min(us)  Max(us)    Avg(us)    Std_dev    Geo_dist  
Period   1        4033         4033         0.6        0          166      8017       739        659.51     614.14
Global   56       250174       4467         0.6        0          144      13887      667        480.38     583.96

Set Statistics
Type     Time(s)  Ops          TPS(ops/s)   Net(M/s)   Get_miss   Min(us)  Max(us)    Avg(us)    Std_dev    Geo_dist  
Period   1        40           40           0.0        0          225      5010       780        758.55     633.92
Global   56       2528         45           0.0        0          198      6400       673        483.17     589.95

Total Statistics
Type     Time(s)  Ops          TPS(ops/s)   Net(M/s)   Get_miss   Min(us)  Max(us)    Avg(us)    Std_dev    Geo_dist  
Period   1        4072         4072         0.6        0          166      8017       740        659.84     614.29
Global   56       252702       4512         0.6        0          144      13887      667        480.49     584.02

[1;1H[2J
Get Statistics
Type     Time(s)  Ops          TPS(ops/s)   Net(M/s)   Get_miss   Min(us)  Max(us)    Avg(us)    Std_dev    Geo_dist  
Period   1        4423         4423         0.6        0          175      5201       673        470.86     582.65
Global   57       254597       4466         0.6        0          144      13887      667        480.36     583.94

Set Statistics
Type     Time(s)  Ops          TPS(ops/s)   Net(M/s)   Get_miss   Min(us)  Max(us)    Avg(us)    Std_dev    Geo_dist  
Period   1        45           45           0.0        0          287      2099       774        431.65     679.92
Global   57       2573         45           0.0        0          198      6400       675        482.09     591.42

Total Statistics
Type     Time(s)  Ops          TPS(ops/s)   Net(M/s)   Get_miss   Min(us)  Max(us)    Avg(us)    Std_dev    Geo_dist  
Period   1        4468         4468         0.6        0          175      5201       674        470.57     583.55
Global   57       257170       4511         0.6        0          144      13887      667        480.49     584.01

[1;1H[2J
Get Statistics
Type     Time(s)  Ops          TPS(ops/s)   Net(M/s)   Get_miss   Min(us)  Max(us)    Avg(us)    Std_dev    Geo_dist  
Period   1        4589         4589         0.6        0          156      8317       650        441.48     574.43
Global   58       259186       4468         0.6        0          144      13887      667        479.29     583.77

Set Statistics
Type     Time(s)  Ops          TPS(ops/s)   Net(M/s)   Get_miss   Min(us)  Max(us)    Avg(us)    Std_dev    Geo_dist  
Period   1        47           47           0.0        0          227      1380       560        264.03     508.68
Global   58       2620         45           0.0        0          198      6400       673        479.18     589.82

Total Statistics
Type     Time(s)  Ops          TPS(ops/s)   Net(M/s)   Get_miss   Min(us)  Max(us)    Avg(us)    Std_dev    Geo_dist  
Period   1        4637         4637         0.6        0          156      8317       649        440.56     573.83
Global   58       261807       4513         0.6        0          144      13887      667        479.37     583.83

[1;1H[2J
Get Statistics
Type     Time(s)  Ops          TPS(ops/s)   Net(M/s)   Get_miss   Min(us)  Max(us)    Avg(us)    Std_dev    Geo_dist  
Period   1        4409         4409         0.6        0          181      9667       677        595.89     571.40
Global   59       263595       4467         0.6        0          144      13887      667        481.71     583.58

Set Statistics
Type     Time(s)  Ops          TPS(ops/s)   Net(M/s)   Get_miss   Min(us)  Max(us)    Avg(us)    Std_dev    Geo_dist  
Period   1        43           43           0.0        0          212      2347       670        418.38     580.64
Global   59       2663         45           0.0        0          198      6400       673        478.13     589.67

Total Statistics
Type     Time(s)  Ops          TPS(ops/s)   Net(M/s)   Get_miss   Min(us)  Max(us)    Avg(us)    Std_dev    Geo_dist  
Period   1        4451         4451         0.6        0          181      9667       677        594.47     572.30
Global   59       266258       4512         0.6        0          144      13887      667        481.76     583.64

[1;1H[2J
Get Statistics
Type     Time(s)  Ops          TPS(ops/s)   Net(M/s)   Get_miss   Min(us)  Max(us)    Avg(us)    Std_dev    Geo_dist  
Period   1        4037         4037         0.6        0          190      8006       738        642.74     618.20
Global   60       267632       4460         0.6        0          144      13887      668        484.71     584.08

Set Statistics
Type     Time(s)  Ops          TPS(ops/s)   Net(M/s)   Get_miss   Min(us)  Max(us)    Avg(us)    Std_dev    Geo_dist  
Period   1        42           42           0.0        0          254      1917       688        407.52     599.83
Global   60       2705         45           0.0        0          198      6400       673        477.38     589.83

Total Statistics
Type     Time(s)  Ops          TPS(ops/s)   Net(M/s)   Get_miss   Min(us)  Max(us)    Avg(us)    Std_dev    Geo_dist  
Period   1        4079         4079         0.6        0          190      8006       738        640.15     618.01
Global   60       270337       4505         0.6        0          144      13887      668        484.70     584.14

Get Statistics (267635 events)
   Min:       144
   Max:     13887
   Avg:       668
   Geo:    584.09
   Std:    484.79
   Log2 Dist:
       8:     4809   109596   123781    25337
      12:     2969     1101       42

Set Statistics (2705 events)
   Min:       198
   Max:      6400
   Avg:       673
   Geo:    589.83
   Std:    477.38
   Log2 Dist:
       8:       35     1113     1242      274
      12:       27       14

Total Statistics (270340 events)
   Min:       144
   Max:     13887
   Avg:       668
   Geo:    584.15
   Std:    484.78
   Log2 Dist:
       8:     4844   110709   125023    25611
      12:     2996     1115       42

cmd_get: 267638
cmd_set: 2705
get_misses: 0
written_bytes: 6320770
read_bytes: 44181415
object_bytes: 389520

Run time: 60.5s Ops: 270343 TPS: 4472 Net_rate: 0.8M/s
