servers : 10.0.0.13:9000
threads count: 95
concurrency: 95
run time: 60s
windows size: 10k
set proportion: set_prop=0.01
get proportion: get_prop=0.99
[1;1H[2J
Get Statistics
Type     Time(s)  Ops          TPS(ops/s)   Net(M/s)   Get_miss   Min(us)  Max(us)    Avg(us)    Std_dev    Geo_dist  
Period   1        23194        23194        3.2        0          256      43825      3928       3929.63    2388.60
Global   1        23194        23194        3.2        0          256      43825      3928       3929.63    2388.60

Set Statistics
Type     Time(s)  Ops          TPS(ops/s)   Net(M/s)   Get_miss   Min(us)  Max(us)    Avg(us)    Std_dev    Geo_dist  
Period   1        285          285          0.0        0          384      19156      4523       3771.98    2952.51
Global   1        285          285          0.0        0          384      19156      4523       3771.98    2952.51

Total Statistics
Type     Time(s)  Ops          TPS(ops/s)   Net(M/s)   Get_miss   Min(us)  Max(us)    Avg(us)    Std_dev    Geo_dist  
Period   1        23479        23479        3.2        0          256      43825      3935       3928.44    2394.75
Global   1        23479        23479        3.2        0          256      43825      3935       3928.44    2394.75

[1;1H[2J
Get Statistics
Type     Time(s)  Ops          TPS(ops/s)   Net(M/s)   Get_miss   Min(us)  Max(us)    Avg(us)    Std_dev    Geo_dist  
Period   1        24871        24871        3.3        0          250      89227      3756       4233.31    2218.23
Global   2        48065        24032        3.4        0          250      89227      3839       4090.44    2298.87

Set Statistics
Type     Time(s)  Ops          TPS(ops/s)   Net(M/s)   Get_miss   Min(us)  Max(us)    Avg(us)    Std_dev    Geo_dist  
Period   1        248          248          0.0        0          381      28586      4056       4097.91    2479.98
Global   2        533          266          0.0        0          381      28586      4306       3929.87    2722.38

Total Statistics
Type     Time(s)  Ops          TPS(ops/s)   Net(M/s)   Get_miss   Min(us)  Max(us)    Avg(us)    Std_dev    Geo_dist  
Period   1        25119        25119        3.3        0          250      89227      3759       4231.99    2220.68
Global   2        48598        24299        3.4        0          250      89227      3844       4089.08    2303.14

[1;1H[2J
Get Statistics
Type     Time(s)  Ops          TPS(ops/s)   Net(M/s)   Get_miss   Min(us)  Max(us)    Avg(us)    Std_dev    Geo_dist  
Period   1        23694        23694        3.3        0          188      73565      3939       5191.10    2147.16
Global   3        71759        23919        3.3        0          188      89227      3872       4484.07    2247.63

Set Statistics
Type     Time(s)  Ops          TPS(ops/s)   Net(M/s)   Get_miss   Min(us)  Max(us)    Avg(us)    Std_dev    Geo_dist  
Period   1        241          241          0.0        0          387      22639      3826       4300.67    2120.54
Global   3        774          258          0.0        0          381      28586      4156       4052.83    2518.63

Total Statistics
Type     Time(s)  Ops          TPS(ops/s)   Net(M/s)   Get_miss   Min(us)  Max(us)    Avg(us)    Std_dev    Geo_dist  
Period   1        23935        23935        3.3        0          188      73565      3938       5182.73    2146.89
Global   3        72533        24177        3.3        0          188      89227      3875       4479.79    2250.36

[1;1H[2J
Get Statistics
Type     Time(s)  Ops          TPS(ops/s)   Net(M/s)   Get_miss   Min(us)  Max(us)    Avg(us)    Std_dev    Geo_dist  
Period   1        24261        24261        3.3        0          183      82714      3769       4858.63    2058.26
Global   4        96020        24005        3.3        0          183      89227      3846       4581.78    2198.20

Set Statistics
Type     Time(s)  Ops          TPS(ops/s)   Net(M/s)   Get_miss   Min(us)  Max(us)    Avg(us)    Std_dev    Geo_dist  
Period   1        247          247          0.0        0          200      61681      4424       6372.98    2246.29
Global   4        1021         255          0.0        0          200      61681      4221       4717.52    2449.86

Total Statistics
Type     Time(s)  Ops          TPS(ops/s)   Net(M/s)   Get_miss   Min(us)  Max(us)    Avg(us)    Std_dev    Geo_dist  
Period   1        24508        24508        3.3        0          183      82714      3776       4876.20    2060.08
Global   4        97041        24260        3.4        0          183      89227      3850       4583.31    2200.70

[1;1H[2J
Get Statistics
Type     Time(s)  Ops          TPS(ops/s)   Net(M/s)   Get_miss   Min(us)  Max(us)    Avg(us)    Std_dev    Geo_dist  
Period   1        24354        24354        3.3        0          199      129476     3872       6773.31    1919.61
Global   5        120374       24074        3.3        0          183      129476     3851       5101.88    2138.75

Set Statistics
Type     Time(s)  Ops          TPS(ops/s)   Net(M/s)   Get_miss   Min(us)  Max(us)    Avg(us)    Std_dev    Geo_dist  
Period   1        241          241          0.0        0          266      50158      3738       4842.99    1961.64
Global   5        1262         252          0.0        0          200      61681      4129       4743.39    2348.06

Total Statistics
Type     Time(s)  Ops          TPS(ops/s)   Net(M/s)   Get_miss   Min(us)  Max(us)    Avg(us)    Std_dev    Geo_dist  
Period   1        24595        24595        3.3        0          199      129476     3870       6757.41    1920.02
Global   5        121636       24327        3.4        0          183      129476     3854       5098.26    2140.82

[1;1H[2J
Get Statistics
Type     Time(s)  Ops          TPS(ops/s)   Net(M/s)   Get_miss   Min(us)  Max(us)    Avg(us)    Std_dev    Geo_dist  
Period   1        24332        24332        3.3        0          174      92530      3825       4946.78    2116.09
Global   6        144706       24117        3.3        0          174      129476     3847       5075.84    2134.92

Set Statistics
Type     Time(s)  Ops          TPS(ops/s)   Net(M/s)   Get_miss   Min(us)  Max(us)    Avg(us)    Std_dev    Geo_dist  
Period   1        247          247          0.0        0          379      38756      3862       4446.17    2238.18
Global   6        1509         251          0.0        0          200      61681      4085       4695.90    2329.71

Total Statistics
Type     Time(s)  Ops          TPS(ops/s)   Net(M/s)   Get_miss   Min(us)  Max(us)    Avg(us)    Std_dev    Geo_dist  
Period   1        24581        24581        3.3        0          174      92530      3825       4941.89    2117.10
Global   6        146217       24369        3.4        0          174      129476     3849       5072.40    2136.81

[1;1H[2J
Get Statistics
Type     Time(s)  Ops          TPS(ops/s)   Net(M/s)   Get_miss   Min(us)  Max(us)    Avg(us)    Std_dev    Geo_dist  
Period   1        24145        24145        3.3        0          213      74553      3864       4229.20    2339.79
Global   7        168851       24121        3.3        0          174      129476     3849       4963.96    2163.25

Set Statistics
Type     Time(s)  Ops          TPS(ops/s)   Net(M/s)   Get_miss   Min(us)  Max(us)    Avg(us)    Std_dev    Geo_dist  
Period   1        241          241          0.0        0          312      13366      3671       3325.42    2342.93
Global   7        1750         250          0.0        0          200      61681      4028       4533.28    2331.53

Total Statistics
Type     Time(s)  Ops          TPS(ops/s)   Net(M/s)   Get_miss   Min(us)  Max(us)    Avg(us)    Std_dev    Geo_dist  
Period   1        24384        24384        3.3        0          213      74553      3862       4221.61    2340.68
Global   7        170601       24371        3.3        0          174      129476     3851       4959.63    2164.91

[1;1H[2J
Get Statistics
Type     Time(s)  Ops          TPS(ops/s)   Net(M/s)   Get_miss   Min(us)  Max(us)    Avg(us)    Std_dev    Geo_dist  
Period   1        24488        24488        3.3        0          274      71482      3840       4104.43    2306.79
Global   8        193339       24167        3.4        0          174      129476     3848       4863.38    2180.92

Set Statistics
Type     Time(s)  Ops          TPS(ops/s)   Net(M/s)   Get_miss   Min(us)  Max(us)    Avg(us)    Std_dev    Geo_dist  
Period   1        250          250          0.0        0          392      28586      4143       4554.45    2392.41
Global   8        2000         250          0.0        0          200      61681      4042       4535.28    2339.05

Total Statistics
Type     Time(s)  Ops          TPS(ops/s)   Net(M/s)   Get_miss   Min(us)  Max(us)    Avg(us)    Std_dev    Geo_dist  
Period   1        24738        24738        3.4        0          274      71482      3843       4109.30    2307.64
Global   8        195339       24417        3.4        0          174      129476     3850       4860.15    2182.48

[1;1H[2J
Get Statistics
Type     Time(s)  Ops          TPS(ops/s)   Net(M/s)   Get_miss   Min(us)  Max(us)    Avg(us)    Std_dev    Geo_dist  
Period   1        24067        24067        3.3        0          185      100280     3875       4328.27    2250.87
Global   9        217406       24156        3.3        0          174      129476     3851       4807.07    2188.56

Set Statistics
Type     Time(s)  Ops          TPS(ops/s)   Net(M/s)   Get_miss   Min(us)  Max(us)    Avg(us)    Std_dev    Geo_dist  
Period   1        242          242          0.0        0          350      19195      3977       3714.62    2430.15
Global   9        2242         249          0.0        0          200      61681      4035       4453.29    2348.72

Total Statistics
Type     Time(s)  Ops          TPS(ops/s)   Net(M/s)   Get_miss   Min(us)  Max(us)    Avg(us)    Std_dev    Geo_dist  
Period   1        24310        24310        3.4        0          185      100280     3876       4322.84    2252.73
Global   9        219649       24405        3.3        0          174      129476     3853       4803.54    2190.15

[1;1H[2J
Get Statistics
Type     Time(s)  Ops          TPS(ops/s)   Net(M/s)   Get_miss   Min(us)  Max(us)    Avg(us)    Std_dev    Geo_dist  
Period   1        24137        24137        3.3        0          161      93179      3899       5110.84    2119.36
Global   10       241543       24154        3.3        0          161      129476     3856       4838.17    2181.62

Set Statistics
Type     Time(s)  Ops          TPS(ops/s)   Net(M/s)   Get_miss   Min(us)  Max(us)    Avg(us)    Std_dev    Geo_dist  
Period   1        248          248          0.0        0          312      25175      3913       3933.20    2269.00
Global   10       2490         249          0.0        0          200      61681      4023       4403.53    2340.65

Total Statistics
Type     Time(s)  Ops          TPS(ops/s)   Net(M/s)   Get_miss   Min(us)  Max(us)    Avg(us)    Std_dev    Geo_dist  
Period   1        24384        24384        3.4        0          161      93179      3899       5100.06    2120.70
Global   10       244033       24403        3.3        0          161      129476     3858       4833.72    2183.19

[1;1H[2J
Get Statistics
Type     Time(s)  Ops          TPS(ops/s)   Net(M/s)   Get_miss   Min(us)  Max(us)    Avg(us)    Std_dev    Geo_dist  
Period   1        23477        23477        3.3        0          191      139170     3983       6092.34    2051.88
Global   11       265020       24092        3.2        0          161      139170     3867       4962.40    2169.81

Set Statistics
Type     Time(s)  Ops          TPS(ops/s)   Net(M/s)   Get_miss   Min(us)  Max(us)    Avg(us)    Std_dev    Geo_dist  
Period   1        232          232          0.0        0          310      49750      3937       5091.42    2124.81
Global   11       2722         247          0.0        0          200      61681      4016       4465.02    2321.43

Total Statistics
Type     Time(s)  Ops          TPS(ops/s)   Net(M/s)   Get_miss   Min(us)  Max(us)    Avg(us)    Std_dev    Geo_dist  
Period   1        23709        23709        3.3        0          191      139170     3982       6083.61    2052.58
Global   11       267742       24340        3.3        0          161      139170     3869       4957.23    2171.30

[1;1H[2J
Get Statistics
Type     Time(s)  Ops          TPS(ops/s)   Net(M/s)   Get_miss   Min(us)  Max(us)    Avg(us)    Std_dev    Geo_dist  
Period   1        23336        23336        3.3        0          198      129618     3924       5156.74    2130.16
Global   12       288356       24029        3.2        0          161      139170     3872       4978.12    2166.57

Set Statistics
Type     Time(s)  Ops          TPS(ops/s)   Net(M/s)   Get_miss   Min(us)  Max(us)    Avg(us)    Std_dev    Geo_dist  
Period   1        245          245          0.0        0          294      20770      3507       3576.34    2081.73
Global   12       2967         247          0.0        0          200      61681      3974       4400.13    2300.64

Total Statistics
Type     Time(s)  Ops          TPS(ops/s)   Net(M/s)   Get_miss   Min(us)  Max(us)    Avg(us)    Std_dev    Geo_dist  
Period   1        23581        23581        3.3        0          198      129618     3920       5142.69    2129.65
Global   12       291323       24276        3.2        0          161      139170     3873       4972.61    2167.90

[1;1H[2J
Get Statistics
Type     Time(s)  Ops          TPS(ops/s)   Net(M/s)   Get_miss   Min(us)  Max(us)    Avg(us)    Std_dev    Geo_dist  
Period   1        24171        24171        3.3        0          183      96852      3845       4939.34    2117.48
Global   13       312527       24040        3.3        0          161      139170     3870       4975.06    2162.73

Set Statistics
Type     Time(s)  Ops          TPS(ops/s)   Net(M/s)   Get_miss   Min(us)  Max(us)    Avg(us)    Std_dev    Geo_dist  
Period   1        232          232          0.0        0          243      89105      3519       6545.92    1873.02
Global   13       3199         246          0.0        0          200      89105      3941       4589.73    2266.58

Total Statistics
Type     Time(s)  Ops          TPS(ops/s)   Net(M/s)   Get_miss   Min(us)  Max(us)    Avg(us)    Std_dev    Geo_dist  
Period   1        24403        24403        3.3        0          183      96852      3842       4956.91    2115.01
Global   13       315726       24286        3.4        0          161      139170     3870       4971.87    2163.76

[1;1H[2J
Get Statistics
Type     Time(s)  Ops          TPS(ops/s)   Net(M/s)   Get_miss   Min(us)  Max(us)    Avg(us)    Std_dev    Geo_dist  
Period   1        23188        23188        3.3        0          174      236688     3932       8527.88    1858.34
Global   14       335715       23979        3.2        0          161      236688     3874       5297.83    2140.19

Set Statistics
Type     Time(s)  Ops          TPS(ops/s)   Net(M/s)   Get_miss   Min(us)  Max(us)    Avg(us)    Std_dev    Geo_dist  
Period   1        236          236          0.0        0          269      73451      4156       6851.94    2068.61
Global   14       3435         245          0.0        0          200      89105      3956       4778.28    2252.39

Total Statistics
Type     Time(s)  Ops          TPS(ops/s)   Net(M/s)   Get_miss   Min(us)  Max(us)    Avg(us)    Std_dev    Geo_dist  
Period   1        23424        23424        3.3        0          174      236688     3934       8512.67    1860.35
Global   14       339150       24225        3.2        0          161      236688     3875       5292.70    2141.30

[1;1H[2J
Get Statistics
Type     Time(s)  Ops          TPS(ops/s)   Net(M/s)   Get_miss   Min(us)  Max(us)    Avg(us)    Std_dev    Geo_dist  
Period   1        21159        21159        3.3        0          228      272857     4518       10447.78   2130.95
Global   15       356874       23791        2.9        0          161      272857     3912       5735.77    2139.64

Set Statistics
Type     Time(s)  Ops          TPS(ops/s)   Net(M/s)   Get_miss   Min(us)  Max(us)    Avg(us)    Std_dev    Geo_dist  
Period   1        219          219          0.0        0          294      66515      4358       7988.26    2149.20
Global   15       3654         243          0.0        0          200      89105      3980       5028.04    2246.07

Total Statistics
Type     Time(s)  Ops          TPS(ops/s)   Net(M/s)   Get_miss   Min(us)  Max(us)    Avg(us)    Std_dev    Geo_dist  
Period   1        21378        21378        3.3        0          228      272857     4516       10425.55   2131.13
Global   15       360528       24035        2.9        0          161      272857     3913       5728.82    2140.70

[1;1H[2J
Get Statistics
Type     Time(s)  Ops          TPS(ops/s)   Net(M/s)   Get_miss   Min(us)  Max(us)    Avg(us)    Std_dev    Geo_dist  
Period   1        23857        23857        3.3        0          245      49623      3956       4015.41    2398.43
Global   16       380731       23795        3.3        0          161      272857     3915       5643.23    2155.01

Set Statistics
Type     Time(s)  Ops          TPS(ops/s)   Net(M/s)   Get_miss   Min(us)  Max(us)    Avg(us)    Std_dev    Geo_dist  
Period   1        243          243          0.0        0          232      18338      4163       3588.75    2641.41
Global   16       3897         243          0.0        0          200      89105      3991       4950.71    2268.89

Total Statistics
Type     Time(s)  Ops          TPS(ops/s)   Net(M/s)   Get_miss   Min(us)  Max(us)    Avg(us)    Std_dev    Geo_dist  
Period   1        24100        24100        3.3        0          232      49623      3958       4011.41    2400.77
Global   16       384628       24039        3.3        0          161      272857     3916       5636.48    2156.13

[1;1H[2J
Get Statistics
Type     Time(s)  Ops          TPS(ops/s)   Net(M/s)   Get_miss   Min(us)  Max(us)    Avg(us)    Std_dev    Geo_dist  
Period   1        24134        24134        3.3        0          240      82746      3845       4238.84    2323.11
Global   17       404865       23815        3.3        0          161      272857     3911       5569.35    2164.68

Set Statistics
Type     Time(s)  Ops          TPS(ops/s)   Net(M/s)   Get_miss   Min(us)  Max(us)    Avg(us)    Std_dev    Geo_dist  
Period   1        242          242          0.0        0          448      15687      3743       3334.84    2395.12
Global   17       4139         243          0.0        0          200      89105      3977       4870.66    2276.09

Total Statistics
Type     Time(s)  Ops          TPS(ops/s)   Net(M/s)   Get_miss   Min(us)  Max(us)    Avg(us)    Std_dev    Geo_dist  
Period   1        24376        24376        3.3        0          240      82746      3844       4230.76    2323.82
Global   17       409004       24059        3.3        0          161      272857     3911       5563.19    2165.78

[1;1H[2J
Get Statistics
Type     Time(s)  Ops          TPS(ops/s)   Net(M/s)   Get_miss   Min(us)  Max(us)    Avg(us)    Std_dev    Geo_dist  
Period   1        24625        24625        3.3        0          220      75981      3809       3936.28    2325.22
Global   18       429490       23860        3.4        0          161      272857     3905       5489.02    2173.58

Set Statistics
Type     Time(s)  Ops          TPS(ops/s)   Net(M/s)   Get_miss   Min(us)  Max(us)    Avg(us)    Std_dev    Geo_dist  
Period   1        248          248          0.0        0          328      10791      3642       3298.96    2268.61
Global   18       4387         243          0.0        0          200      89105      3958       4795.96    2275.66

Total Statistics
Type     Time(s)  Ops          TPS(ops/s)   Net(M/s)   Get_miss   Min(us)  Max(us)    Avg(us)    Std_dev    Geo_dist  
Period   1        24874        24874        3.3        0          220      75981      3808       3929.62    2324.57
Global   18       433878       24104        3.4        0          161      272857     3905       5482.82    2174.58

[1;1H[2J
Get Statistics
Type     Time(s)  Ops          TPS(ops/s)   Net(M/s)   Get_miss   Min(us)  Max(us)    Avg(us)    Std_dev    Geo_dist  
Period   1        24364        24364        3.3        0          286      91552      3844       4393.10    2287.02
Global   19       453854       23887        3.3        0          161      272857     3902       5435.62    2179.52

Set Statistics
Type     Time(s)  Ops          TPS(ops/s)   Net(M/s)   Get_miss   Min(us)  Max(us)    Avg(us)    Std_dev    Geo_dist  
Period   1        246          246          0.0        0          371      26411      4216       4524.22    2455.16
Global   19       4633         243          0.0        0          200      89105      3971       4782.39    2284.86

Total Statistics
Type     Time(s)  Ops          TPS(ops/s)   Net(M/s)   Get_miss   Min(us)  Max(us)    Avg(us)    Std_dev    Geo_dist  
Period   1        24609        24609        3.3        0          286      91552      3848       4394.40    2288.72
Global   19       458487       24130        3.4        0          161      272857     3902       5429.91    2180.56

[1;1H[2J
Get Statistics
Type     Time(s)  Ops          TPS(ops/s)   Net(M/s)   Get_miss   Min(us)  Max(us)    Avg(us)    Std_dev    Geo_dist  
Period   1        25221        25221        3.3        0          221      84700      3727       4364.56    2146.61
Global   20       479075       23953        3.5        0          161      272857     3892       5385.25    2177.77

Set Statistics
Type     Time(s)  Ops          TPS(ops/s)   Net(M/s)   Get_miss   Min(us)  Max(us)    Avg(us)    Std_dev    Geo_dist  
Period   1        256          256          0.0        0          381      30658      3681       3998.10    2170.20
Global   20       4889         244          0.0        0          200      89105      3956       4744.47    2278.70

Total Statistics
Type     Time(s)  Ops          TPS(ops/s)   Net(M/s)   Get_miss   Min(us)  Max(us)    Avg(us)    Std_dev    Geo_dist  
Period   1        25477        25477        3.3        0          221      84700      3727       4360.57    2146.84
Global   20       483964       24198        3.5        0          161      272857     3893       5378.91    2178.77

[1;1H[2J
Get Statistics
Type     Time(s)  Ops          TPS(ops/s)   Net(M/s)   Get_miss   Min(us)  Max(us)    Avg(us)    Std_dev    Geo_dist  
Period   1        24614        24614        3.3        0          208      40987      3812       3789.72    2336.57
Global   21       503689       23985        3.4        0          161      272857     3889       5317.78    2185.28

Set Statistics
Type     Time(s)  Ops          TPS(ops/s)   Net(M/s)   Get_miss   Min(us)  Max(us)    Avg(us)    Std_dev    Geo_dist  
Period   1        247          247          0.0        0          374      27200      4119       4325.73    2453.40
Global   21       5136         244          0.0        0          200      89105      3964       4724.79    2286.81

Total Statistics
Type     Time(s)  Ops          TPS(ops/s)   Net(M/s)   Get_miss   Min(us)  Max(us)    Avg(us)    Std_dev    Geo_dist  
Period   1        24861        24861        3.3        0          208      40987      3815       3795.49    2337.71
Global   21       508825       24229        3.4        0          161      272857     3889       5312.68    2186.28

[1;1H[2J
Get Statistics
Type     Time(s)  Ops          TPS(ops/s)   Net(M/s)   Get_miss   Min(us)  Max(us)    Avg(us)    Std_dev    Geo_dist  
Period   1        24642        24642        3.3        0          233      82100      3791       4176.38    2279.85
Global   22       528331       24015        3.4        0          161      272857     3884       5270.40    2189.60

Set Statistics
Type     Time(s)  Ops          TPS(ops/s)   Net(M/s)   Get_miss   Min(us)  Max(us)    Avg(us)    Std_dev    Geo_dist  
Period   1        248          248          0.0        0          308      30793      3603       3939.62    2135.48
Global   22       5384         244          0.0        0          200      89105      3947       4692.12    2279.61

Total Statistics
Type     Time(s)  Ops          TPS(ops/s)   Net(M/s)   Get_miss   Min(us)  Max(us)    Avg(us)    Std_dev    Geo_dist  
Period   1        24890        24890        3.3        0          233      82100      3790       4173.26    2278.36
Global   22       533715       24259        3.4        0          161      272857     3885       5264.61    2190.49

[1;1H[2J
Get Statistics
Type     Time(s)  Ops          TPS(ops/s)   Net(M/s)   Get_miss   Min(us)  Max(us)    Avg(us)    Std_dev    Geo_dist  
Period   1        25061        25061        3.3        0          199      63043      3640       4244.88    1989.69
Global   23       553392       24060        3.4        0          161      272857     3873       5228.51    2180.13

Set Statistics
Type     Time(s)  Ops          TPS(ops/s)   Net(M/s)   Get_miss   Min(us)  Max(us)    Avg(us)    Std_dev    Geo_dist  
Period   1        255          255          0.0        0          298      35473      3678       4311.53    2017.03
Global   23       5639         245          0.0        0          200      89105      3935       4675.42    2267.03

Total Statistics
Type     Time(s)  Ops          TPS(ops/s)   Net(M/s)   Get_miss   Min(us)  Max(us)    Avg(us)    Std_dev    Geo_dist  
Period   1        25316        25316        3.3        0          199      63043      3641       4244.94    1989.96
Global   23       559031       24305        3.5        0          161      272857     3874       5222.95    2180.99

[1;1H[2J
Get Statistics
Type     Time(s)  Ops          TPS(ops/s)   Net(M/s)   Get_miss   Min(us)  Max(us)    Avg(us)    Std_dev    Geo_dist  
Period   1        25172        25172        3.3        0          180      117430     3721       5616.23    1929.38
Global   24       578564       24106        3.5        0          161      272857     3866       5246.35    2168.57

Set Statistics
Type     Time(s)  Ops          TPS(ops/s)   Net(M/s)   Get_miss   Min(us)  Max(us)    Avg(us)    Std_dev    Geo_dist  
Period   1        255          255          0.0        0          242      76068      4081       6903.04    2030.03
Global   24       5894         245          0.0        0          200      89105      3942       4791.97    2256.23

Total Statistics
Type     Time(s)  Ops          TPS(ops/s)   Net(M/s)   Get_miss   Min(us)  Max(us)    Avg(us)    Std_dev    Geo_dist  
Period   1        25427        25427        3.3        0          180      117430     3724       5630.95    1930.36
Global   24       584458       24352        3.5        0          161      272857     3867       5241.79    2169.44

[1;1H[2J
Get Statistics
Type     Time(s)  Ops          TPS(ops/s)   Net(M/s)   Get_miss   Min(us)  Max(us)    Avg(us)    Std_dev    Geo_dist  
Period   1        24488        24488        3.3        0          169      72530      3757       3997.36    2163.49
Global   25       603052       24122        3.4        0          161      272857     3862       5201.20    2168.36

Set Statistics
Type     Time(s)  Ops          TPS(ops/s)   Net(M/s)   Get_miss   Min(us)  Max(us)    Avg(us)    Std_dev    Geo_dist  
Period   1        242          242          0.0        0          301      28438      3470       3986.87    2018.30
Global   25       6136         245          0.0        0          200      89105      3923       4763.73    2246.33

Total Statistics
Type     Time(s)  Ops          TPS(ops/s)   Net(M/s)   Get_miss   Min(us)  Max(us)    Avg(us)    Std_dev    Geo_dist  
Period   1        24730        24730        3.3        0          169      72530      3754       3997.46    2162.02
Global   25       609188       24367        3.4        0          161      272857     3863       5196.69    2169.13

[1;1H[2J
Get Statistics
Type     Time(s)  Ops          TPS(ops/s)   Net(M/s)   Get_miss   Min(us)  Max(us)    Avg(us)    Std_dev    Geo_dist  
Period   1        24678        24678        3.3        0          183      99591      3785       4625.03    2049.74
Global   26       627730       24143        3.4        0          161      272857     3859       5179.76    2163.57

Set Statistics
Type     Time(s)  Ops          TPS(ops/s)   Net(M/s)   Get_miss   Min(us)  Max(us)    Avg(us)    Std_dev    Geo_dist  
Period   1        252          252          0.0        0          207      18055      3766       3829.66    2168.29
Global   26       6388         245          0.0        0          200      89105      3917       4730.06    2243.20

Total Statistics
Type     Time(s)  Ops          TPS(ops/s)   Net(M/s)   Get_miss   Min(us)  Max(us)    Avg(us)    Std_dev    Geo_dist  
Period   1        24930        24930        3.3        0          183      99591      3784       4618.27    2050.91
Global   26       634118       24389        3.4        0          161      272857     3859       5175.86    2164.36

[1;1H[2J
Get Statistics
Type     Time(s)  Ops          TPS(ops/s)   Net(M/s)   Get_miss   Min(us)  Max(us)    Avg(us)    Std_dev    Geo_dist  
Period   1        24907        24907        3.3        0          198      58433      3742       4082.07    2186.74
Global   27       652637       24171        3.4        0          161      272857     3854       5142.62    2164.45

Set Statistics
Type     Time(s)  Ops          TPS(ops/s)   Net(M/s)   Get_miss   Min(us)  Max(us)    Avg(us)    Std_dev    Geo_dist  
Period   1        252          252          0.0        0          342      22193      3905       3847.82    2397.68
Global   27       6640         245          0.0        0          200      89105      3916       4699.82    2248.88

Total Statistics
Type     Time(s)  Ops          TPS(ops/s)   Net(M/s)   Get_miss   Min(us)  Max(us)    Avg(us)    Std_dev    Geo_dist  
Period   1        25159        25159        3.4        0          198      58433      3744       4079.41    2188.76
Global   27       659277       24417        3.5        0          161      272857     3855       5138.06    2165.29

[1;1H[2J
Get Statistics
Type     Time(s)  Ops          TPS(ops/s)   Net(M/s)   Get_miss   Min(us)  Max(us)    Avg(us)    Std_dev    Geo_dist  
Period   1        24629        24629        3.3        0          170      90431      3748       4584.37    2080.91
Global   28       677266       24188        3.4        0          161      272857     3851       5122.77    2161.36

Set Statistics
Type     Time(s)  Ops          TPS(ops/s)   Net(M/s)   Get_miss   Min(us)  Max(us)    Avg(us)    Std_dev    Geo_dist  
Period   1        249          249          0.0        0          309      31829      3482       4258.16    2011.83
Global   28       6889         246          0.0        0          200      89105      3901       4684.43    2239.84

Total Statistics
Type     Time(s)  Ops          TPS(ops/s)   Net(M/s)   Get_miss   Min(us)  Max(us)    Avg(us)    Std_dev    Geo_dist  
Period   1        24878        24878        3.4        0          170      90431      3745       4581.50    2080.21
Global   28       684155       24434        3.4        0          161      272857     3851       5118.93    2162.13

[1;1H[2J
Get Statistics
Type     Time(s)  Ops          TPS(ops/s)   Net(M/s)   Get_miss   Min(us)  Max(us)    Avg(us)    Std_dev    Geo_dist  
Period   1        26240        26240        3.3        0          162      99185      3533       4668.05    1898.18
Global   29       703506       24258        3.6        0          161      272857     3839       5107.00    2150.91

Set Statistics
Type     Time(s)  Ops          TPS(ops/s)   Net(M/s)   Get_miss   Min(us)  Max(us)    Avg(us)    Std_dev    Geo_dist  
Period   1        261          261          0.0        0          315      92004      4108       6935.40    2085.20
Global   29       7150         246          0.0        0          200      92004      3908       4785.17    2234.00

Total Statistics
Type     Time(s)  Ops          TPS(ops/s)   Net(M/s)   Get_miss   Min(us)  Max(us)    Avg(us)    Std_dev    Geo_dist  
Period   1        26501        26501        3.4        0          162      99185      3539       4695.61    1899.93
Global   29       710656       24505        3.6        0          161      272857     3839       5104.38    2151.73

[1;1H[2J
Get Statistics
Type     Time(s)  Ops          TPS(ops/s)   Net(M/s)   Get_miss   Min(us)  Max(us)    Avg(us)    Std_dev    Geo_dist  
Period   1        24850        24850        3.3        0          191      90692      3723       4806.91    2034.41
Global   30       728356       24278        3.4        0          161      272857     3835       5097.12    2146.83

Set Statistics
Type     Time(s)  Ops          TPS(ops/s)   Net(M/s)   Get_miss   Min(us)  Max(us)    Avg(us)    Std_dev    Geo_dist  
Period   1        253          253          0.0        0          337      26652      4342       4793.87    2396.41
Global   30       7403         246          0.0        0          200      92004      3923       4785.66    2239.37

Total Statistics
Type     Time(s)  Ops          TPS(ops/s)   Net(M/s)   Get_miss   Min(us)  Max(us)    Avg(us)    Std_dev    Geo_dist  
Period   1        25103        25103        3.4        0          191      90692      3730       4806.46    2037.14
Global   30       735759       24525        3.4        0          161      272857     3836       5094.00    2147.74

[1;1H[2J
Get Statistics
Type     Time(s)  Ops          TPS(ops/s)   Net(M/s)   Get_miss   Min(us)  Max(us)    Avg(us)    Std_dev    Geo_dist  
Period   1        24903        24903        3.3        0          176      106498     3735       4631.08    2085.69
Global   31       753259       24298        3.4        0          161      272857     3831       5082.95    2144.78

Set Statistics
Type     Time(s)  Ops          TPS(ops/s)   Net(M/s)   Get_miss   Min(us)  Max(us)    Avg(us)    Std_dev    Geo_dist  
Period   1        252          252          0.0        0          429      47238      4327       5308.27    2399.93
Global   31       7655         246          0.0        0          200      92004      3936       4804.17    2244.48

Total Statistics
Type     Time(s)  Ops          TPS(ops/s)   Net(M/s)   Get_miss   Min(us)  Max(us)    Avg(us)    Std_dev    Geo_dist  
Period   1        25155        25155        3.4        0          176      106498     3741       4638.55    2088.63
Global   31       760914       24545        3.5        0          161      272857     3833       5079.52    2145.76

[1;1H[2J
Get Statistics
Type     Time(s)  Ops          TPS(ops/s)   Net(M/s)   Get_miss   Min(us)  Max(us)    Avg(us)    Std_dev    Geo_dist  
Period   1        24901        24901        3.3        0          305      88619      3788       4073.12    2335.81
Global   32       778160       24317        3.4        0          161      272857     3830       5053.48    2150.64

Set Statistics
Type     Time(s)  Ops          TPS(ops/s)   Net(M/s)   Get_miss   Min(us)  Max(us)    Avg(us)    Std_dev    Geo_dist  
Period   1        251          251          0.0        0          432      28732      3887       3732.95    2483.19
Global   32       7906         247          0.0        0          200      92004      3935       4773.22    2251.69

Total Statistics
Type     Time(s)  Ops          TPS(ops/s)   Net(M/s)   Get_miss   Min(us)  Max(us)    Avg(us)    Std_dev    Geo_dist  
Period   1        25152        25152        3.4        0          305      88619      3789       4069.80    2337.23
Global   32       786066       24564        3.5        0          161      272857     3831       5050.79    2151.64

[1;1H[2J
Get Statistics
Type     Time(s)  Ops          TPS(ops/s)   Net(M/s)   Get_miss   Min(us)  Max(us)    Avg(us)    Std_dev    Geo_dist  
Period   1        24233        24233        3.3        0          209      98744      3885       4374.64    2345.89
Global   33       802393       24314        3.3        0          161      272857     3832       5034.07    2156.30

Set Statistics
Type     Time(s)  Ops          TPS(ops/s)   Net(M/s)   Get_miss   Min(us)  Max(us)    Avg(us)    Std_dev    Geo_dist  
Period   1        246          246          0.0        0          474      25011      4040       3865.31    2507.36
Global   33       8152         247          0.0        0          200      92004      3938       4748.34    2259.01

Total Statistics
Type     Time(s)  Ops          TPS(ops/s)   Net(M/s)   Get_miss   Min(us)  Max(us)    Avg(us)    Std_dev    Geo_dist  
Period   1        24479        24479        3.4        0          209      98744      3887       4369.38    2347.46
Global   33       810545       24561        3.4        0          161      272857     3833       5031.33    2157.31

[1;1H[2J
Get Statistics
Type     Time(s)  Ops          TPS(ops/s)   Net(M/s)   Get_miss   Min(us)  Max(us)    Avg(us)    Std_dev    Geo_dist  
Period   1        25276        25276        3.3        0          247      61371      3719       3999.59    2280.93
Global   34       827669       24343        3.5        0          161      272857     3828       5006.10    2160.00

Set Statistics
Type     Time(s)  Ops          TPS(ops/s)   Net(M/s)   Get_miss   Min(us)  Max(us)    Avg(us)    Std_dev    Geo_dist  
Period   1        256          256          0.0        0          334      29131      3477       4053.77    2131.64
Global   34       8408         247          0.0        0          200      92004      3924       4729.13    2255.02

Total Statistics
Type     Time(s)  Ops          TPS(ops/s)   Net(M/s)   Get_miss   Min(us)  Max(us)    Avg(us)    Std_dev    Geo_dist  
Period   1        25532        25532        3.4        0          247      61371      3716       4000.66    2279.38
Global   34       836077       24590        3.5        0          161      272857     3829       5003.37    2160.94

[1;1H[2J
Get Statistics
Type     Time(s)  Ops          TPS(ops/s)   Net(M/s)   Get_miss   Min(us)  Max(us)    Avg(us)    Std_dev    Geo_dist  
Period   1        25289        25289        3.3        0          271      45786      3653       3732.50    2233.89
Global   35       852958       24370        3.5        0          161      272857     3823       4972.97    2162.15

Set Statistics
Type     Time(s)  Ops          TPS(ops/s)   Net(M/s)   Get_miss   Min(us)  Max(us)    Avg(us)    Std_dev    Geo_dist  
Period   1        258          258          0.0        0          373      22306      3779       3731.98    2327.96
Global   35       8666         247          0.0        0          200      92004      3920       4702.12    2257.16

Total Statistics
Type     Time(s)  Ops          TPS(ops/s)   Net(M/s)   Get_miss   Min(us)  Max(us)    Avg(us)    Std_dev    Geo_dist  
Period   1        25547        25547        3.4        0          271      45786      3655       3731.73    2234.82
Global   35       861624       24617        3.5        0          161      272857     3824       4970.31    2163.09

[1;1H[2J
Get Statistics
Type     Time(s)  Ops          TPS(ops/s)   Net(M/s)   Get_miss   Min(us)  Max(us)    Avg(us)    Std_dev    Geo_dist  
Period   1        25285        25285        3.4        0          248      39186      3716       3681.15    2336.33
Global   36       878243       24395        3.5        0          161      272857     3820       4940.47    2166.98

Set Statistics
Type     Time(s)  Ops          TPS(ops/s)   Net(M/s)   Get_miss   Min(us)  Max(us)    Avg(us)    Std_dev    Geo_dist  
Period   1        247          247          0.0        0          405      20429      3773       3432.52    2475.73
Global   36       8913         247          0.0        0          200      92004      3915       4672.28    2262.95

Total Statistics
Type     Time(s)  Ops          TPS(ops/s)   Net(M/s)   Get_miss   Min(us)  Max(us)    Avg(us)    Std_dev    Geo_dist  
Period   1        25532        25532        3.4        0          248      39186      3716       3679.33    2337.64
Global   36       887156       24643        3.5        0          161      272857     3821       4937.82    2167.93

[1;1H[2J
Get Statistics
Type     Time(s)  Ops          TPS(ops/s)   Net(M/s)   Get_miss   Min(us)  Max(us)    Avg(us)    Std_dev    Geo_dist  
Period   1        25024        25024        3.4        0          247      73046      3728       4020.17    2297.98
Global   37       903267       24412        3.4        0          161      272857     3817       4917.67    2170.51

Set Statistics
Type     Time(s)  Ops          TPS(ops/s)   Net(M/s)   Get_miss   Min(us)  Max(us)    Avg(us)    Std_dev    Geo_dist  
Period   1        264          264          0.0        0          383      68198      4569       5911.20    2719.39
Global   37       9177         248          0.0        0          200      92004      3934       4713.19    2274.94

Total Statistics
Type     Time(s)  Ops          TPS(ops/s)   Net(M/s)   Get_miss   Min(us)  Max(us)    Avg(us)    Std_dev    Geo_dist  
Period   1        25289        25289        3.4        0          247      73046      3736       4045.80    2301.96
Global   37       912445       24660        3.5        0          161      272857     3819       4915.02    2171.53

[1;1H[2J
Get Statistics
Type     Time(s)  Ops          TPS(ops/s)   Net(M/s)   Get_miss   Min(us)  Max(us)    Avg(us)    Std_dev    Geo_dist  
Period   1        23087        23087        3.3        0          246      76945      4014       4224.11    2371.35
Global   38       926354       24377        3.2        0          161      272857     3822       4901.60    2175.32

Set Statistics
Type     Time(s)  Ops          TPS(ops/s)   Net(M/s)   Get_miss   Min(us)  Max(us)    Avg(us)    Std_dev    Geo_dist  
Period   1        230          230          0.0        0          358      23574      4368       4230.02    2640.85
Global   38       9407         247          0.0        0          200      92004      3945       4701.91    2283.25

Total Statistics
Type     Time(s)  Ops          TPS(ops/s)   Net(M/s)   Get_miss   Min(us)  Max(us)    Avg(us)    Std_dev    Geo_dist  
Period   1        23316        23316        3.4        0          246      76945      4018       4223.89    2372.51
Global   38       935761       24625        3.2        0          161      272857     3824       4899.05    2176.38

[1;1H[2J
Get Statistics
Type     Time(s)  Ops          TPS(ops/s)   Net(M/s)   Get_miss   Min(us)  Max(us)    Avg(us)    Std_dev    Geo_dist  
Period   1        25278        25278        3.4        0          222      80748      3712       4231.53    2238.07
Global   39       951632       24400        3.5        0          161      272857     3819       4885.08    2176.96

Set Statistics
Type     Time(s)  Ops          TPS(ops/s)   Net(M/s)   Get_miss   Min(us)  Max(us)    Avg(us)    Std_dev    Geo_dist  
Period   1        249          249          0.0        0          399      19434      3602       3419.76    2310.10
Global   39       9656         247          0.0        0          200      92004      3936       4673.59    2283.94

Total Statistics
Type     Time(s)  Ops          TPS(ops/s)   Net(M/s)   Get_miss   Min(us)  Max(us)    Avg(us)    Std_dev    Geo_dist  
Period   1        25527        25527        3.4        0          222      80748      3711       4224.26    2238.76
Global   39       961288       24648        3.5        0          161      272857     3821       4882.37    2178.01

[1;1H[2J
Get Statistics
Type     Time(s)  Ops          TPS(ops/s)   Net(M/s)   Get_miss   Min(us)  Max(us)    Avg(us)    Std_dev    Geo_dist  
Period   1        24706        24706        3.4        0          245      63065      3752       3984.14    2219.64
Global   40       976338       24408        3.4        0          161      272857     3818       4863.81    2178.03

Set Statistics
Type     Time(s)  Ops          TPS(ops/s)   Net(M/s)   Get_miss   Min(us)  Max(us)    Avg(us)    Std_dev    Geo_dist  
Period   1        259          259          0.0        0          346      17961      3804       3523.26    2312.97
Global   40       9915         247          0.0        0          200      92004      3933       4646.69    2284.69

Total Statistics
Type     Time(s)  Ops          TPS(ops/s)   Net(M/s)   Get_miss   Min(us)  Max(us)    Avg(us)    Std_dev    Geo_dist  
Period   1        24965        24965        3.4        0          245      63065      3753       3979.14    2220.59
Global   40       986253       24656        3.4        0          161      272857     3819       4861.81    2179.08

[1;1H[2J
Get Statistics
Type     Time(s)  Ops          TPS(ops/s)   Net(M/s)   Get_miss   Min(us)  Max(us)    Avg(us)    Std_dev    Geo_dist  
Period   1        25973        25973        3.4        0          224      128413     3539       5072.80    1939.41
Global   41       1002311      24446        3.6        0          161      272857     3811       4869.35    2171.49

Set Statistics
Type     Time(s)  Ops          TPS(ops/s)   Net(M/s)   Get_miss   Min(us)  Max(us)    Avg(us)    Std_dev    Geo_dist  
Period   1        263          263          0.0        0          313      51525      3493       4598.30    1931.07
Global   41       10178        248          0.0        0          200      92004      3921       4646.28    2274.79

Total Statistics
Type     Time(s)  Ops          TPS(ops/s)   Net(M/s)   Get_miss   Min(us)  Max(us)    Avg(us)    Std_dev    Geo_dist  
Period   1        26236        26236        3.4        0          224      128413     3539       5067.86    1939.33
Global   41       1012489      24694        3.6        0          161      272857     3812       4867.26    2172.51

[1;1H[2J
Get Statistics
Type     Time(s)  Ops          TPS(ops/s)   Net(M/s)   Get_miss   Min(us)  Max(us)    Avg(us)    Std_dev    Geo_dist  
Period   1        25183        25183        3.4        0          184      128546     3701       5058.37    2015.85
Global   42       1027494      24464        3.5        0          161      272857     3808       4874.34    2167.54

Set Statistics
Type     Time(s)  Ops          TPS(ops/s)   Net(M/s)   Get_miss   Min(us)  Max(us)    Avg(us)    Std_dev    Geo_dist  
Period   1        249          249          0.0        0          304      65082      3838       5874.05    2004.15
Global   42       10427        248          0.0        0          200      92004      3919       4679.04    2267.92

Total Statistics
Type     Time(s)  Ops          TPS(ops/s)   Net(M/s)   Get_miss   Min(us)  Max(us)    Avg(us)    Std_dev    Geo_dist  
Period   1        25434        25434        3.4        0          184      128546     3702       5066.83    2015.62
Global   42       1037923      24712        3.5        0          161      272857     3809       4872.51    2168.52

[1;1H[2J
Get Statistics
Type     Time(s)  Ops          TPS(ops/s)   Net(M/s)   Get_miss   Min(us)  Max(us)    Avg(us)    Std_dev    Geo_dist  
Period   1        24608        24608        3.4        0          171      76899      3803       4900.65    2076.05
Global   43       1052102      24467        3.4        0          161      272857     3808       4874.86    2165.37

Set Statistics
Type     Time(s)  Ops          TPS(ops/s)   Net(M/s)   Get_miss   Min(us)  Max(us)    Avg(us)    Std_dev    Geo_dist  
Period   1        245          245          0.0        0          381      37326      3895       4940.82    2267.76
Global   43       10672        248          0.0        0          200      92004      3919       4684.51    2267.91

Total Statistics
Type     Time(s)  Ops          TPS(ops/s)   Net(M/s)   Get_miss   Min(us)  Max(us)    Avg(us)    Std_dev    Geo_dist  
Period   1        24851        24851        3.4        0          171      76899      3804       4901.20    2078.57
Global   43       1062774      24715        3.4        0          161      272857     3809       4873.09    2166.37

[1;1H[2J
Get Statistics
Type     Time(s)  Ops          TPS(ops/s)   Net(M/s)   Get_miss   Min(us)  Max(us)    Avg(us)    Std_dev    Geo_dist  
Period   1        24400        24400        3.4        0          220      70445      3761       4717.74    2074.59
Global   44       1076502      24465        3.4        0          161      272857     3807       4871.31    2163.27

Set Statistics
Type     Time(s)  Ops          TPS(ops/s)   Net(M/s)   Get_miss   Min(us)  Max(us)    Avg(us)    Std_dev    Geo_dist  
Period   1        251          251          0.0        0          340      25884      4072       4484.60    2231.69
Global   44       10923        248          0.0        0          200      92004      3922       4680.30    2267.08

Total Statistics
Type     Time(s)  Ops          TPS(ops/s)   Net(M/s)   Get_miss   Min(us)  Max(us)    Avg(us)    Std_dev    Geo_dist  
Period   1        24651        24651        3.4        0          220      70445      3764       4715.57    2076.13
Global   44       1087425      24714        3.4        0          161      272857     3808       4869.56    2164.29

[1;1H[2J
Get Statistics
Type     Time(s)  Ops          TPS(ops/s)   Net(M/s)   Get_miss   Min(us)  Max(us)    Avg(us)    Std_dev    Geo_dist  
Period   1        25182        25182        3.4        0          194      71103      3720       4599.65    2066.17
Global   45       1101684      24481        3.5        0          161      272857     3805       4865.29    2161.00

Set Statistics
Type     Time(s)  Ops          TPS(ops/s)   Net(M/s)   Get_miss   Min(us)  Max(us)    Avg(us)    Std_dev    Geo_dist  
Period   1        250          250          0.0        0          434      35114      4228       4874.57    2339.40
Global   45       11173        248          0.0        0          200      92004      3929       4684.60    2268.67

Total Statistics
Type     Time(s)  Ops          TPS(ops/s)   Net(M/s)   Get_miss   Min(us)  Max(us)    Avg(us)    Std_dev    Geo_dist  
Period   1        25435        25435        3.4        0          194      71103      3725       4602.18    2068.62
Global   45       1112860      24730        3.5        0          161      272857     3806       4863.71    2162.05

[1;1H[2J
Get Statistics
Type     Time(s)  Ops          TPS(ops/s)   Net(M/s)   Get_miss   Min(us)  Max(us)    Avg(us)    Std_dev    Geo_dist  
Period   1        24872        24872        3.4        0          183      132861     3740       5027.61    2020.01
Global   46       1126556      24490        3.4        0          161      272857     3803       4869.38    2157.82

Set Statistics
Type     Time(s)  Ops          TPS(ops/s)   Net(M/s)   Get_miss   Min(us)  Max(us)    Avg(us)    Std_dev    Geo_dist  
Period   1        259          259          0.0        0          350      22391      3610       3676.36    2143.45
Global   46       11432        248          0.0        0          200      92004      3922       4664.09    2265.75

Total Statistics
Type     Time(s)  Ops          TPS(ops/s)   Net(M/s)   Get_miss   Min(us)  Max(us)    Avg(us)    Std_dev    Geo_dist  
Period   1        25128        25128        3.4        0          183      132861     3739       5015.71    2022.50
Global   46       1137988      24738        3.5        0          161      272857     3804       4867.53    2158.88

[1;1H[2J
Get Statistics
Type     Time(s)  Ops          TPS(ops/s)   Net(M/s)   Get_miss   Min(us)  Max(us)    Avg(us)    Std_dev    Geo_dist  
Period   1        25370        25370        3.4        0          193      89891      3626       4961.02    1884.97
Global   47       1151926      24509        3.5        0          161      272857     3799       4871.57    2151.41

Set Statistics
Type     Time(s)  Ops          TPS(ops/s)   Net(M/s)   Get_miss   Min(us)  Max(us)    Avg(us)    Std_dev    Geo_dist  
Period   1        255          255          0.0        0          299      75237      4093       6607.51    2076.81
Global   47       11687        248          0.0        0          200      92004      3926       4714.50    2261.45

Total Statistics
Type     Time(s)  Ops          TPS(ops/s)   Net(M/s)   Get_miss   Min(us)  Max(us)    Avg(us)    Std_dev    Geo_dist  
Period   1        25625        25625        3.4        0          193      89891      3630       4980.61    1886.79
Global   47       1163613      24757        3.5        0          161      272857     3801       4869.46    2152.49

[1;1H[2J
Get Statistics
Type     Time(s)  Ops          TPS(ops/s)   Net(M/s)   Get_miss   Min(us)  Max(us)    Avg(us)    Std_dev    Geo_dist  
Period   1        24597        24597        3.4        0          230      112734     3755       4732.02    2008.91
Global   48       1176523      24510        3.4        0          161      272857     3798       4868.76    2148.33

Set Statistics
Type     Time(s)  Ops          TPS(ops/s)   Net(M/s)   Get_miss   Min(us)  Max(us)    Avg(us)    Std_dev    Geo_dist  
Period   1        242          242          0.0        0          383      21655      3646       4006.31    2037.65
Global   48       11929        248          0.0        0          200      92004      3920       4701.49    2256.68

Total Statistics
Type     Time(s)  Ops          TPS(ops/s)   Net(M/s)   Get_miss   Min(us)  Max(us)    Avg(us)    Std_dev    Geo_dist  
Period   1        24839        24839        3.4        0          230      112734     3754       4725.38    2009.19
Global   48       1188452      24759        3.4        0          161      272857     3800       4866.51    2149.39

[1;1H[2J
Get Statistics
Type     Time(s)  Ops          TPS(ops/s)   Net(M/s)   Get_miss   Min(us)  Max(us)    Avg(us)    Std_dev    Geo_dist  
Period   1        24775        24775        3.4        0          136      104941     3780       5105.35    2025.14
Global   49       1201298      24516        3.4        0          136      272857     3798       4873.46    2145.71

Set Statistics
Type     Time(s)  Ops          TPS(ops/s)   Net(M/s)   Get_miss   Min(us)  Max(us)    Avg(us)    Std_dev    Geo_dist  
Period   1        252          252          0.0        0          197      60425      4361       5390.22    2403.34
Global   49       12181        248          0.0        0          197      92004      3929       4717.02    2259.62

Total Statistics
Type     Time(s)  Ops          TPS(ops/s)   Net(M/s)   Get_miss   Min(us)  Max(us)    Avg(us)    Std_dev    Geo_dist  
Period   1        25027        25027        3.4        0          136      104941     3786       5108.41    2028.63
Global   49       1213479      24764        3.4        0          136      272857     3799       4872.18    2146.83

[1;1H[2J
Get Statistics
Type     Time(s)  Ops          TPS(ops/s)   Net(M/s)   Get_miss   Min(us)  Max(us)    Avg(us)    Std_dev    Geo_dist  
Period   1        24857        24857        3.4        0          176      128196     3730       5018.45    1979.05
Global   50       1226155      24523        3.4        0          136      272857     3797       4876.16    2142.20

Set Statistics
Type     Time(s)  Ops          TPS(ops/s)   Net(M/s)   Get_miss   Min(us)  Max(us)    Avg(us)    Std_dev    Geo_dist  
Period   1        253          253          0.0        0          251      122718     3943       8363.46    1963.11
Global   50       12434        248          0.0        0          197      122718     3929       4818.45    2253.16

Total Statistics
Type     Time(s)  Ops          TPS(ops/s)   Net(M/s)   Get_miss   Min(us)  Max(us)    Avg(us)    Std_dev    Geo_dist  
Period   1        25110        25110        3.4        0          176      128196     3732       5063.07    1978.89
Global   50       1238589      24771        3.4        0          136      272857     3798       4875.85    2143.28

[1;1H[2J
Get Statistics
Type     Time(s)  Ops          TPS(ops/s)   Net(M/s)   Get_miss   Min(us)  Max(us)    Avg(us)    Std_dev    Geo_dist  
Period   1        24932        24932        3.4        0          163      70319      3750       4678.85    2102.74
Global   51       1251087      24531        3.4        0          136      272857     3796       4872.35    2141.40

Set Statistics
Type     Time(s)  Ops          TPS(ops/s)   Net(M/s)   Get_miss   Min(us)  Max(us)    Avg(us)    Std_dev    Geo_dist  
Period   1        247          247          0.0        0          248      59437      3840       5028.56    2215.57
Global   51       12681        248          0.0        0          197      122718     3928       4821.85    2252.42

Total Statistics
Type     Time(s)  Ops          TPS(ops/s)   Net(M/s)   Get_miss   Min(us)  Max(us)    Avg(us)    Std_dev    Geo_dist  
Period   1        25179        25179        3.4        0          163      70319      3751       4682.21    2103.81
Global   51       1263768      24779        3.5        0          136      272857     3797       4872.12    2142.49

[1;1H[2J
Get Statistics
Type     Time(s)  Ops          TPS(ops/s)   Net(M/s)   Get_miss   Min(us)  Max(us)    Avg(us)    Std_dev    Geo_dist  
Period   1        24046        24046        3.4        0          172      117540     3792       5070.29    1969.94
Global   52       1275133      24521        3.3        0          136      272857     3796       4876.10    2138.04

Set Statistics
Type     Time(s)  Ops          TPS(ops/s)   Net(M/s)   Get_miss   Min(us)  Max(us)    Avg(us)    Std_dev    Geo_dist  
Period   1        246          246          0.0        0          248      57852      3818       5415.02    1996.82
Global   52       12927        248          0.0        0          197      122718     3925       4834.34    2247.26

Total Statistics
Type     Time(s)  Ops          TPS(ops/s)   Net(M/s)   Get_miss   Min(us)  Max(us)    Avg(us)    Std_dev    Geo_dist  
Period   1        24292        24292        3.4        0          172      117540     3792       5073.98    1970.21
Global   52       1288060      24770        3.3        0          136      272857     3797       4875.93    2139.11

[1;1H[2J
Get Statistics
Type     Time(s)  Ops          TPS(ops/s)   Net(M/s)   Get_miss   Min(us)  Max(us)    Avg(us)    Std_dev    Geo_dist  
Period   1        24324        24324        3.4        0          182      97139      3818       5247.50    2051.43
Global   53       1299457      24518        3.3        0          136      272857     3796       4883.63    2136.38

Set Statistics
Type     Time(s)  Ops          TPS(ops/s)   Net(M/s)   Get_miss   Min(us)  Max(us)    Avg(us)    Std_dev    Geo_dist  
Period   1        245          245          0.0        0          229      36912      3561       4343.76    1957.81
Global   53       13172        248          0.0        0          197      122718     3919       4825.15    2241.51

Total Statistics
Type     Time(s)  Ops          TPS(ops/s)   Net(M/s)   Get_miss   Min(us)  Max(us)    Avg(us)    Std_dev    Geo_dist  
Period   1        24570        24570        3.4        0          182      97139      3815       5239.40    2050.37
Global   53       1312630      24766        3.4        0          136      272857     3797       4883.24    2137.41

[1;1H[2J
Get Statistics
Type     Time(s)  Ops          TPS(ops/s)   Net(M/s)   Get_miss   Min(us)  Max(us)    Avg(us)    Std_dev    Geo_dist  
Period   1        22912        22912        3.4        0          213      90686      4113       5852.28    2170.03
Global   54       1322369      24488        3.1        0          136      272857     3802       4901.82    2136.97

Set Statistics
Type     Time(s)  Ops          TPS(ops/s)   Net(M/s)   Get_miss   Min(us)  Max(us)    Avg(us)    Std_dev    Geo_dist  
Period   1        232          232          0.0        0          336      31345      3595       4441.97    1974.11
Global   54       13404        248          0.0        0          197      122718     3913       4819.12    2236.58

Total Statistics
Type     Time(s)  Ops          TPS(ops/s)   Net(M/s)   Get_miss   Min(us)  Max(us)    Avg(us)    Std_dev    Geo_dist  
Period   1        23143        23143        3.4        0          213      90686      4108       5840.04    2168.70
Global   54       1335773      24736        3.2        0          136      272857     3803       4901.10    2137.95

[1;1H[2J
Get Statistics
Type     Time(s)  Ops          TPS(ops/s)   Net(M/s)   Get_miss   Min(us)  Max(us)    Avg(us)    Std_dev    Geo_dist  
Period   1        25045        25045        3.4        0          197      108702     3703       5166.78    1973.79
Global   55       1347414      24498        3.4        0          136      272857     3800       4907.02    2133.82

Set Statistics
Type     Time(s)  Ops          TPS(ops/s)   Net(M/s)   Get_miss   Min(us)  Max(us)    Avg(us)    Std_dev    Geo_dist  
Period   1        257          257          0.0        0          386      22764      3700       3701.46    2149.68
Global   55       13661        248          0.0        0          197      122718     3909       4800.47    2234.92

Total Statistics
Type     Time(s)  Ops          TPS(ops/s)   Net(M/s)   Get_miss   Min(us)  Max(us)    Avg(us)    Std_dev    Geo_dist  
Period   1        25304        25304        3.4        0          197      108702     3703       5154.40    1975.76
Global   55       1361077      24746        3.5        0          136      272857     3801       4906.05    2134.82

[1;1H[2J
Get Statistics
Type     Time(s)  Ops          TPS(ops/s)   Net(M/s)   Get_miss   Min(us)  Max(us)    Avg(us)    Std_dev    Geo_dist  
Period   1        26107        26107        3.4        0          197      94382      3543       4393.31    1984.37
Global   56       1373521      24527        3.6        0          136      272857     3795       4897.98    2130.89

Set Statistics
Type     Time(s)  Ops          TPS(ops/s)   Net(M/s)   Get_miss   Min(us)  Max(us)    Avg(us)    Std_dev    Geo_dist  
Period   1        263          263          0.0        0          362      28471      3401       3879.68    1931.88
Global   56       13924        248          0.0        0          197      122718     3899       4785.44    2228.78

Total Statistics
Type     Time(s)  Ops          TPS(ops/s)   Net(M/s)   Get_miss   Min(us)  Max(us)    Avg(us)    Std_dev    Geo_dist  
Period   1        26368        26368        3.4        0          197      94382      3541       4388.73    1984.28
Global   56       1387445      24775        3.6        0          136      272857     3796       4896.90    2131.85

[1;1H[2J
Get Statistics
Type     Time(s)  Ops          TPS(ops/s)   Net(M/s)   Get_miss   Min(us)  Max(us)    Avg(us)    Std_dev    Geo_dist  
Period   1        24781        24781        3.4        0          199      103287     3763       5260.51    2031.86
Global   57       1398302      24531        3.4        0          136      272857     3794       4904.96    2129.08

Set Statistics
Type     Time(s)  Ops          TPS(ops/s)   Net(M/s)   Get_miss   Min(us)  Max(us)    Avg(us)    Std_dev    Geo_dist  
Period   1        251          251          0.0        0          320      76983      4201       7935.42    2022.94
Global   57       14175        248          0.0        0          197      122718     3905       4858.20    2224.95

Total Statistics
Type     Time(s)  Ops          TPS(ops/s)   Net(M/s)   Get_miss   Min(us)  Max(us)    Avg(us)    Std_dev    Geo_dist  
Period   1        25034        25034        3.4        0          199      103287     3767       5294.24    2031.27
Global   57       1412479      24780        3.4        0          136      272857     3795       4904.60    2130.03

[1;1H[2J
Get Statistics
Type     Time(s)  Ops          TPS(ops/s)   Net(M/s)   Get_miss   Min(us)  Max(us)    Avg(us)    Std_dev    Geo_dist  
Period   1        24973        24973        3.4        0          185      96665      3727       5070.41    2033.72
Global   58       1423275      24539        3.4        0          136      272857     3793       4907.80    2127.40

Set Statistics
Type     Time(s)  Ops          TPS(ops/s)   Net(M/s)   Get_miss   Min(us)  Max(us)    Avg(us)    Std_dev    Geo_dist  
Period   1        251          251          0.0        0          325      22544      3812       3842.42    2244.16
Global   58       14426        248          0.0        0          197      122718     3903       4842.56    2225.29

Total Statistics
Type     Time(s)  Ops          TPS(ops/s)   Net(M/s)   Get_miss   Min(us)  Max(us)    Avg(us)    Std_dev    Geo_dist  
Period   1        25222        25222        3.4        0          185      96665      3728       5059.80    2036.94
Global   58       1437701      24787        3.5        0          136      272857     3794       4907.24    2128.36

[1;1H[2J
Get Statistics
Type     Time(s)  Ops          TPS(ops/s)   Net(M/s)   Get_miss   Min(us)  Max(us)    Avg(us)    Std_dev    Geo_dist  
Period   1        25829        25829        3.4        0          197      106343     3608       5013.05    2033.35
Global   59       1449104      24561        3.5        0          136      272857     3790       4909.52    2125.68

Set Statistics
Type     Time(s)  Ops          TPS(ops/s)   Net(M/s)   Get_miss   Min(us)  Max(us)    Avg(us)    Std_dev    Geo_dist  
Period   1        261          261          0.0        0          274      80968      4043       5947.58    2347.77
Global   59       14687        248          0.0        0          197      122718     3906       4863.77    2227.41

Total Statistics
Type     Time(s)  Ops          TPS(ops/s)   Net(M/s)   Get_miss   Min(us)  Max(us)    Avg(us)    Std_dev    Geo_dist  
Period   1        26092        26092        3.4        0          197      106343     3612       5023.58    2036.45
Global   59       1463793      24810        3.6        0          136      272857     3791       4909.20    2126.68

[1;1H[2J
Get Statistics
Type     Time(s)  Ops          TPS(ops/s)   Net(M/s)   Get_miss   Min(us)  Max(us)    Avg(us)    Std_dev    Geo_dist  
Period   1        25095        25095        3.4        0          222      65993      3643       4241.48    2136.28
Global   60       1474199      24569        3.4        0          136      272857     3787       4899.33    2125.87

Set Statistics
Type     Time(s)  Ops          TPS(ops/s)   Net(M/s)   Get_miss   Min(us)  Max(us)    Avg(us)    Std_dev    Geo_dist  
Period   1        248          248          0.0        0          349      48488      4190       5327.78    2391.68
Global   60       14935        248          0.0        0          197      122718     3910       4872.35    2230.04

Total Statistics
Type     Time(s)  Ops          TPS(ops/s)   Net(M/s)   Get_miss   Min(us)  Max(us)    Avg(us)    Std_dev    Geo_dist  
Period   1        25341        25341        3.4        0          222      65993      3648       4253.69    2137.72
Global   60       1489134      24818        3.5        0          136      272857     3789       4898.49    2126.90

Get Statistics (1474293 events)
   Min:       136
   Max:    272857
   Avg:      3788
   Geo:   2126.06
   Std:   4898.80
   Log2 Dist:
       8:      926    63937   428419   355936
      12:   126798   325071   150927    17742
      16:     3708      787       38        4

Set Statistics (14936 events)
   Min:       197
   Max:    122718
   Avg:      3911
   Geo:   2230.24
   Std:   4871.80
   Log2 Dist:
       8:       10      527     4089     3766
      12:     1341     3256     1716      191
      16:       30       10

Total Statistics (1489229 events)
   Min:       136
   Max:    272857
   Avg:      3789
   Geo:   2127.08
   Std:   4898.72
   Log2 Dist:
       8:      936    64464   432508   359702
      12:   128139   328327   152643    17933
      16:     3738      797       38        4

cmd_get: 1474388
cmd_set: 14936
get_misses: 0
written_bytes: 34824206
read_bytes: 243377833
object_bytes: 2150784

Run time: 60.3s Ops: 1489324 TPS: 24708 Net_rate: 4.4M/s
