servers : 10.0.0.13:9000
threads count: 38
concurrency: 38
run time: 60s
windows size: 10k
set proportion: set_prop=0.01
get proportion: get_prop=0.99
[1;1H[2J
Get Statistics
Type     Time(s)  Ops          TPS(ops/s)   Net(M/s)   Get_miss   Min(us)  Max(us)    Avg(us)    Std_dev    Geo_dist  
Period   1        20059        20059        2.8        0          211      13477      1858       2242.19    1192.43
Global   1        20059        20059        2.8        0          211      13477      1858       2242.19    1192.43

Set Statistics
Type     Time(s)  Ops          TPS(ops/s)   Net(M/s)   Get_miss   Min(us)  Max(us)    Avg(us)    Std_dev    Geo_dist  
Period   1        225          225          0.0        0          320      11181      2275       2197.78    1510.94
Global   1        225          225          0.0        0          320      11181      2275       2197.78    1510.94

Total Statistics
Type     Time(s)  Ops          TPS(ops/s)   Net(M/s)   Get_miss   Min(us)  Max(us)    Avg(us)    Std_dev    Geo_dist  
Period   1        20284        20284        2.8        0          211      13477      1863       2241.76    1195.57
Global   1        20284        20284        2.8        0          211      13477      1863       2241.76    1195.57

[1;1H[2J
Get Statistics
Type     Time(s)  Ops          TPS(ops/s)   Net(M/s)   Get_miss   Min(us)  Max(us)    Avg(us)    Std_dev    Geo_dist  
Period   1        20097        20097        2.8        0          204      12645      1876       2190.03    1217.78
Global   2        40156        20078        2.8        0          204      13477      1867       2216.23    1205.05

Set Statistics
Type     Time(s)  Ops          TPS(ops/s)   Net(M/s)   Get_miss   Min(us)  Max(us)    Avg(us)    Std_dev    Geo_dist  
Period   1        198          198          0.0        0          316      9209       1600       1917.23    1082.08
Global   2        423          211          0.0        0          316      11181      1959       2096.13    1292.36

Total Statistics
Type     Time(s)  Ops          TPS(ops/s)   Net(M/s)   Get_miss   Min(us)  Max(us)    Avg(us)    Std_dev    Geo_dist  
Period   1        20295        20295        2.8        0          204      12645      1873       2187.92    1216.38
Global   2        40579        20289        2.8        0          204      13477      1868       2214.98    1205.93

[1;1H[2J
Get Statistics
Type     Time(s)  Ops          TPS(ops/s)   Net(M/s)   Get_miss   Min(us)  Max(us)    Avg(us)    Std_dev    Geo_dist  
Period   1        20453        20453        2.8        0          162      11101      1836       2162.65    1205.66
Global   3        60609        20203        2.8        0          162      13477      1856       2198.79    1205.26

Set Statistics
Type     Time(s)  Ops          TPS(ops/s)   Net(M/s)   Get_miss   Min(us)  Max(us)    Avg(us)    Std_dev    Geo_dist  
Period   1        209          209          0.0        0          313      9403       1783       2059.57    1198.97
Global   3        632          210          0.0        0          313      11181      1901       2083.94    1260.70

Total Statistics
Type     Time(s)  Ops          TPS(ops/s)   Net(M/s)   Get_miss   Min(us)  Max(us)    Avg(us)    Std_dev    Geo_dist  
Period   1        20662        20662        2.8        0          162      11101      1835       2161.99    1205.59
Global   3        61241        20413        2.8        0          162      13477      1857       2197.17    1205.82

[1;1H[2J
Get Statistics
Type     Time(s)  Ops          TPS(ops/s)   Net(M/s)   Get_miss   Min(us)  Max(us)    Avg(us)    Std_dev    Geo_dist  
Period   1        19877        19877        2.8        0          207      10817      1883       2214.98    1209.36
Global   4        80486        20121        2.7        0          162      13477      1863       2202.53    1206.27

Set Statistics
Type     Time(s)  Ops          TPS(ops/s)   Net(M/s)   Get_miss   Min(us)  Max(us)    Avg(us)    Std_dev    Geo_dist  
Period   1        201          201          0.0        0          346      10399      2242       2675.82    1338.57
Global   4        833          208          0.0        0          313      11181      1983       2244.38    1279.06

Total Statistics
Type     Time(s)  Ops          TPS(ops/s)   Net(M/s)   Get_miss   Min(us)  Max(us)    Avg(us)    Std_dev    Geo_dist  
Period   1        20080        20080        2.8        0          207      10817      1887       2219.76    1210.57
Global   4        81321        20330        2.8        0          162      13477      1864       2203.14    1206.99

[1;1H[2J
Get Statistics
Type     Time(s)  Ops          TPS(ops/s)   Net(M/s)   Get_miss   Min(us)  Max(us)    Avg(us)    Std_dev    Geo_dist  
Period   1        20360        20360        2.8        0          212      11832      1847       2220.87    1193.25
Global   5        100846       20169        2.8        0          162      13477      1860       2206.05    1203.71

Set Statistics
Type     Time(s)  Ops          TPS(ops/s)   Net(M/s)   Get_miss   Min(us)  Max(us)    Avg(us)    Std_dev    Geo_dist  
Period   1        206          206          0.0        0          314      9248       1866       2258.71    1205.54
Global   5        1039         207          0.0        0          313      11181      1960       2246.45    1264.14

Total Statistics
Type     Time(s)  Ops          TPS(ops/s)   Net(M/s)   Get_miss   Min(us)  Max(us)    Avg(us)    Std_dev    Geo_dist  
Period   1        20565        20565        2.8        0          212      11832      1846       2221.94    1184.46
Global   5        101886       20377        2.8        0          162      13477      1861       2206.48    1204.31

[1;1H[2J
Get Statistics
Type     Time(s)  Ops          TPS(ops/s)   Net(M/s)   Get_miss   Min(us)  Max(us)    Avg(us)    Std_dev    Geo_dist  
Period   1        20759        20759        2.8        0          211      13275      1805       2098.44    1204.33
Global   6        121605       20267        2.9        0          162      13477      1850       2188.67    1203.89

Set Statistics
Type     Time(s)  Ops          TPS(ops/s)   Net(M/s)   Get_miss   Min(us)  Max(us)    Avg(us)    Std_dev    Geo_dist  
Period   1        208          208          0.0        0          209      10153      1928       2292.14    1227.01
Global   6        1247         207          0.0        0          209      11181      1955       2252.94    1257.87

Total Statistics
Type     Time(s)  Ops          TPS(ops/s)   Net(M/s)   Get_miss   Min(us)  Max(us)    Avg(us)    Std_dev    Geo_dist  
Period   1        20966        20966        2.8        0          209      13275      1806       2100.68    1204.55
Global   6        122852       20475        2.9        0          162      13477      1851       2189.40    1204.42

[1;1H[2J
Get Statistics
Type     Time(s)  Ops          TPS(ops/s)   Net(M/s)   Get_miss   Min(us)  Max(us)    Avg(us)    Std_dev    Geo_dist  
Period   1        19443        19443        2.8        0          202      15024      1938       2247.96    1272.28
Global   7        141048       20149        2.7        0          162      15024      1862       2197.25    1213.09

Set Statistics
Type     Time(s)  Ops          TPS(ops/s)   Net(M/s)   Get_miss   Min(us)  Max(us)    Avg(us)    Std_dev    Geo_dist  
Period   1        194          194          0.0        0          375      12152      1948       2231.65    1299.11
Global   7        1441         205          0.0        0          209      12152      1954       2249.37    1263.34

Total Statistics
Type     Time(s)  Ops          TPS(ops/s)   Net(M/s)   Get_miss   Min(us)  Max(us)    Avg(us)    Std_dev    Geo_dist  
Period   1        19637        19637        2.8        0          202      15024      1938       2247.83    1272.55
Global   7        142489       20355        2.7        0          162      15024      1863       2197.73    1213.59

[1;1H[2J
Get Statistics
Type     Time(s)  Ops          TPS(ops/s)   Net(M/s)   Get_miss   Min(us)  Max(us)    Avg(us)    Std_dev    Geo_dist  
Period   1        19567        19567        2.8        0          213      15367      1921       2315.64    1220.67
Global   8        160615       20076        2.7        0          162      15367      1870       2211.40    1214.01

Set Statistics
Type     Time(s)  Ops          TPS(ops/s)   Net(M/s)   Get_miss   Min(us)  Max(us)    Avg(us)    Std_dev    Geo_dist  
Period   1        201          201          0.0        0          343      10285      1909       2422.88    1173.40
Global   8        1642         205          0.0        0          209      12152      1948       2271.02    1251.97

Total Statistics
Type     Time(s)  Ops          TPS(ops/s)   Net(M/s)   Get_miss   Min(us)  Max(us)    Avg(us)    Std_dev    Geo_dist  
Period   1        19774        19774        2.8        0          213      15367      1921       2316.02    1219.92
Global   8        162263       20282        2.7        0          162      15367      1870       2212.62    1214.36

[1;1H[2J
Get Statistics
Type     Time(s)  Ops          TPS(ops/s)   Net(M/s)   Get_miss   Min(us)  Max(us)    Avg(us)    Std_dev    Geo_dist  
Period   1        19721        19721        2.8        0          183      16651      1893       2240.87    1217.13
Global   9        180336       20037        2.7        0          162      16651      1872       2215.08    1214.40

Set Statistics
Type     Time(s)  Ops          TPS(ops/s)   Net(M/s)   Get_miss   Min(us)  Max(us)    Avg(us)    Std_dev    Geo_dist  
Period   1        201          201          0.0        0          345      12307      1773       2154.87    1171.86
Global   9        1843         204          0.0        0          209      12307      1929       2258.66    1242.97

Total Statistics
Type     Time(s)  Ops          TPS(ops/s)   Net(M/s)   Get_miss   Min(us)  Max(us)    Avg(us)    Std_dev    Geo_dist  
Period   1        19916        19916        2.8        0          183      16651      1892       2240.37    1217.31
Global   9        182179       20242        2.7        0          162      16651      1873       2215.17    1214.68

[1;1H[2J
Get Statistics
Type     Time(s)  Ops          TPS(ops/s)   Net(M/s)   Get_miss   Min(us)  Max(us)    Avg(us)    Std_dev    Geo_dist  
Period   1        19890        19890        2.7        0          191      13943      1884       2221.02    1227.45
Global   10       200226       20022        2.7        0          162      16651      1873       2215.83    1215.69

Set Statistics
Type     Time(s)  Ops          TPS(ops/s)   Net(M/s)   Get_miss   Min(us)  Max(us)    Avg(us)    Std_dev    Geo_dist  
Period   1        199          199          0.0        0          308      11619      2161       2500.22    1346.21
Global   10       2042         204          0.0        0          209      12307      1952       2283.37    1252.68

Total Statistics
Type     Time(s)  Ops          TPS(ops/s)   Net(M/s)   Get_miss   Min(us)  Max(us)    Avg(us)    Std_dev    Geo_dist  
Period   1        20089        20089        2.8        0          191      13943      1887       2223.84    1228.57
Global   10       202268       20226        2.8        0          162      16651      1874       2216.36    1216.05

[1;1H[2J
Get Statistics
Type     Time(s)  Ops          TPS(ops/s)   Net(M/s)   Get_miss   Min(us)  Max(us)    Avg(us)    Std_dev    Geo_dist  
Period   1        20267        20267        2.8        0          208      13043      1848       2185.18    1213.45
Global   11       220493       20044        2.8        0          162      16651      1871       2212.79    1215.48

Set Statistics
Type     Time(s)  Ops          TPS(ops/s)   Net(M/s)   Get_miss   Min(us)  Max(us)    Avg(us)    Std_dev    Geo_dist  
Period   1        200          200          0.0        0          312      10693      2027       2177.01    1362.67
Global   11       2242         203          0.0        0          209      12307      1958       2274.31    1262.12

Total Statistics
Type     Time(s)  Ops          TPS(ops/s)   Net(M/s)   Get_miss   Min(us)  Max(us)    Avg(us)    Std_dev    Geo_dist  
Period   1        20467        20467        2.8        0          208      13043      1850       2184.90    1214.82
Global   11       222735       20248        2.8        0          162      16651      1872       2213.32    1215.94

[1;1H[2J
Get Statistics
Type     Time(s)  Ops          TPS(ops/s)   Net(M/s)   Get_miss   Min(us)  Max(us)    Avg(us)    Std_dev    Geo_dist  
Period   1        19753        19753        2.7        0          208      15032      1898       2267.27    1229.38
Global   12       240246       20020        2.7        0          162      16651      1873       2217.51    1216.62

Set Statistics
Type     Time(s)  Ops          TPS(ops/s)   Net(M/s)   Get_miss   Min(us)  Max(us)    Avg(us)    Std_dev    Geo_dist  
Period   1        203          203          0.0        0          328      14965      2164       2584.25    1371.44
Global   12       2445         203          0.0        0          209      14965      1975       2301.84    1270.85

Total Statistics
Type     Time(s)  Ops          TPS(ops/s)   Net(M/s)   Get_miss   Min(us)  Max(us)    Avg(us)    Std_dev    Geo_dist  
Period   1        19956        19956        2.8        0          208      15032      1901       2270.56    1230.74
Global   12       242691       20224        2.7        0          162      16651      1874       2218.42    1217.15

[1;1H[2J
Get Statistics
Type     Time(s)  Ops          TPS(ops/s)   Net(M/s)   Get_miss   Min(us)  Max(us)    Avg(us)    Std_dev    Geo_dist  
Period   1        20205        20205        2.8        0          175      13470      1864       2279.31    1193.31
Global   13       260451       20034        2.8        0          162      16651      1873       2221.78    1214.79

Set Statistics
Type     Time(s)  Ops          TPS(ops/s)   Net(M/s)   Get_miss   Min(us)  Max(us)    Avg(us)    Std_dev    Geo_dist  
Period   1        206          206          0.0        0          321      11902      1857       2274.91    1196.61
Global   13       2651         203          0.0        0          209      14965      1966       2299.41    1264.92

Total Statistics
Type     Time(s)  Ops          TPS(ops/s)   Net(M/s)   Get_miss   Min(us)  Max(us)    Avg(us)    Std_dev    Geo_dist  
Period   1        20413        20413        2.8        0          175      13470      1864       2278.98    1193.28
Global   13       263104       20238        2.8        0          162      16651      1874       2222.52    1215.28

[1;1H[2J
Get Statistics
Type     Time(s)  Ops          TPS(ops/s)   Net(M/s)   Get_miss   Min(us)  Max(us)    Avg(us)    Std_dev    Geo_dist  
Period   1        20386        20386        2.8        0          214      17620      1842       2203.65    1202.41
Global   14       280837       20059        2.8        0          162      17620      1870       2221.11    1213.95

Set Statistics
Type     Time(s)  Ops          TPS(ops/s)   Net(M/s)   Get_miss   Min(us)  Max(us)    Avg(us)    Std_dev    Geo_dist  
Period   1        204          204          0.0        0          368      12234      1814       2181.22    1217.58
Global   14       2855         203          0.0        0          209      14965      1955       2291.25    1261.48

Total Statistics
Type     Time(s)  Ops          TPS(ops/s)   Net(M/s)   Get_miss   Min(us)  Max(us)    Avg(us)    Std_dev    Geo_dist  
Period   1        20590        20590        2.8        0          214      17620      1842       2203.18    1203.01
Global   14       283694       20263        2.8        0          162      17620      1871       2221.70    1214.42

[1;1H[2J
Get Statistics
Type     Time(s)  Ops          TPS(ops/s)   Net(M/s)   Get_miss   Min(us)  Max(us)    Avg(us)    Std_dev    Geo_dist  
Period   1        19620        19620        2.8        0          201      20905      1913       2361.84    1231.83
Global   15       300457       20030        2.7        0          162      20905      1873       2230.43    1215.13

Set Statistics
Type     Time(s)  Ops          TPS(ops/s)   Net(M/s)   Get_miss   Min(us)  Max(us)    Avg(us)    Std_dev    Geo_dist  
Period   1        197          197          0.0        0          367      10839      1767       2128.22    1183.04
Global   15       3052         203          0.0        0          209      14965      1943       2281.10    1256.26

Total Statistics
Type     Time(s)  Ops          TPS(ops/s)   Net(M/s)   Get_miss   Min(us)  Max(us)    Avg(us)    Std_dev    Geo_dist  
Period   1        19815        19815        2.8        0          201      20905      1912       2359.44    1231.78
Global   15       303509       20233        2.7        0          162      20905      1874       2230.70    1215.54

[1;1H[2J
Get Statistics
Type     Time(s)  Ops          TPS(ops/s)   Net(M/s)   Get_miss   Min(us)  Max(us)    Avg(us)    Std_dev    Geo_dist  
Period   1        19119        19119        2.7        0          200      15268      1963       2348.29    1254.74
Global   16       319576       19973        2.6        0          162      20905      1879       2237.24    1217.47

Set Statistics
Type     Time(s)  Ops          TPS(ops/s)   Net(M/s)   Get_miss   Min(us)  Max(us)    Avg(us)    Std_dev    Geo_dist  
Period   1        197          197          0.0        0          381      10802      1892       2207.17    1237.56
Global   16       3249         203          0.0        0          209      14965      1940       2276.31    1255.12

Total Statistics
Type     Time(s)  Ops          TPS(ops/s)   Net(M/s)   Get_miss   Min(us)  Max(us)    Avg(us)    Std_dev    Geo_dist  
Period   1        19316        19316        2.8        0          200      15268      1962       2347.08    1254.56
Global   16       322825       20176        2.7        0          162      20905      1879       2238.15    1217.84

[1;1H[2J
Get Statistics
Type     Time(s)  Ops          TPS(ops/s)   Net(M/s)   Get_miss   Min(us)  Max(us)    Avg(us)    Std_dev    Geo_dist  
Period   1        18877        18877        2.7        0          214      12745      1991       2286.95    1289.80
Global   17       338453       19909        2.6        0          162      20905      1885       2240.39    1221.39

Set Statistics
Type     Time(s)  Ops          TPS(ops/s)   Net(M/s)   Get_miss   Min(us)  Max(us)    Avg(us)    Std_dev    Geo_dist  
Period   1        188          188          0.0        0          370      10225      2299       2524.81    1422.25
Global   17       3437         202          0.0        0          209      14965      1960       2291.35    1263.73

Total Statistics
Type     Time(s)  Ops          TPS(ops/s)   Net(M/s)   Get_miss   Min(us)  Max(us)    Avg(us)    Std_dev    Geo_dist  
Period   1        19066        19066        2.8        0          214      12745      1994       2289.48    1290.99
Global   17       341891       20111        2.6        0          162      20905      1886       2240.70    1221.81

[1;1H[2J
Get Statistics
Type     Time(s)  Ops          TPS(ops/s)   Net(M/s)   Get_miss   Min(us)  Max(us)    Avg(us)    Std_dev    Geo_dist  
Period   1        18708        18708        2.7        0          156      12988      2008       2399.49    1231.63
Global   18       357161       19842        2.6        0          156      20905      1891       2249.54    1221.95

Set Statistics
Type     Time(s)  Ops          TPS(ops/s)   Net(M/s)   Get_miss   Min(us)  Max(us)    Avg(us)    Std_dev    Geo_dist  
Period   1        186          186          0.0        0          319      9955       2067       2449.99    1292.54
Global   18       3623         201          0.0        0          209      14965      1965       2299.94    1265.20

Total Statistics
Type     Time(s)  Ops          TPS(ops/s)   Net(M/s)   Get_miss   Min(us)  Max(us)    Avg(us)    Std_dev    Geo_dist  
Period   1        18893        18893        2.8        0          156      12988      2009       2399.69    1232.68
Global   18       360784       20043        2.6        0          156      20905      1892       2249.84    1222.38

[1;1H[2J
Get Statistics
Type     Time(s)  Ops          TPS(ops/s)   Net(M/s)   Get_miss   Min(us)  Max(us)    Avg(us)    Std_dev    Geo_dist  
Period   1        18838        18838        2.7        0          169      20385      1983       2438.45    1200.92
Global   19       375999       19789        2.6        0          156      20905      1896       2259.14    1220.89

Set Statistics
Type     Time(s)  Ops          TPS(ops/s)   Net(M/s)   Get_miss   Min(us)  Max(us)    Avg(us)    Std_dev    Geo_dist  
Period   1        194          194          0.0        0          245      19434      2270       2862.85    1282.92
Global   19       3817         200          0.0        0          209      19434      1981       2331.92    1266.09

Total Statistics
Type     Time(s)  Ops          TPS(ops/s)   Net(M/s)   Get_miss   Min(us)  Max(us)    Avg(us)    Std_dev    Geo_dist  
Period   1        19032        19032        2.7        0          169      20385      1986       2443.17    1201.73
Global   19       379816       19990        2.6        0          156      20905      1897       2259.77    1221.33

[1;1H[2J
Get Statistics
Type     Time(s)  Ops          TPS(ops/s)   Net(M/s)   Get_miss   Min(us)  Max(us)    Avg(us)    Std_dev    Geo_dist  
Period   1        18139        18139        2.7        0          178      21722      2075       2526.50    1226.39
Global   20       394138       19706        2.5        0          156      21722      1904       2272.64    1221.14

Set Statistics
Type     Time(s)  Ops          TPS(ops/s)   Net(M/s)   Get_miss   Min(us)  Max(us)    Avg(us)    Std_dev    Geo_dist  
Period   1        182          182          0.0        0          339      8150       2051       2411.55    1255.06
Global   20       3999         199          0.0        0          209      19434      1984       2335.49    1265.59

Total Statistics
Type     Time(s)  Ops          TPS(ops/s)   Net(M/s)   Get_miss   Min(us)  Max(us)    Avg(us)    Std_dev    Geo_dist  
Period   1        18321        18321        2.7        0          178      21722      2075       2525.13    1226.67
Global   20       398137       19906        2.5        0          156      21722      1905       2273.12    1221.58

[1;1H[2J
Get Statistics
Type     Time(s)  Ops          TPS(ops/s)   Net(M/s)   Get_miss   Min(us)  Max(us)    Avg(us)    Std_dev    Geo_dist  
Period   1        19861        19861        2.7        0          193      25741      1890       2342.28    1148.63
Global   21       413999       19714        2.7        0          156      25741      1903       2276.30    1217.56

Set Statistics
Type     Time(s)  Ops          TPS(ops/s)   Net(M/s)   Get_miss   Min(us)  Max(us)    Avg(us)    Std_dev    Geo_dist  
Period   1        202          202          0.0        0          278      11023      1951       2292.72    1213.74
Global   21       4201         200          0.0        0          209      19434      1982       2333.55    1263.04

Total Statistics
Type     Time(s)  Ops          TPS(ops/s)   Net(M/s)   Get_miss   Min(us)  Max(us)    Avg(us)    Std_dev    Geo_dist  
Period   1        20063        20063        2.7        0          193      25741      1890       2342.23    1149.27
Global   21       418200       19914        2.8        0          156      25741      1904       2276.72    1218.01

[1;1H[2J
Get Statistics
Type     Time(s)  Ops          TPS(ops/s)   Net(M/s)   Get_miss   Min(us)  Max(us)    Avg(us)    Std_dev    Geo_dist  
Period   1        19510        19510        2.7        0          190      18608      1915       2315.21    1177.29
Global   22       433509       19704        2.7        0          156      25741      1904       2277.68    1215.72

Set Statistics
Type     Time(s)  Ops          TPS(ops/s)   Net(M/s)   Get_miss   Min(us)  Max(us)    Avg(us)    Std_dev    Geo_dist  
Period   1        198          198          0.0        0          258      10670      1883       2270.13    1176.16
Global   22       4399         199          0.0        0          209      19434      1978       2330.18    1259.00

Total Statistics
Type     Time(s)  Ops          TPS(ops/s)   Net(M/s)   Get_miss   Min(us)  Max(us)    Avg(us)    Std_dev    Geo_dist  
Period   1        19708        19708        2.7        0          190      18608      1915       2314.44    1177.28
Global   22       437908       19904        2.7        0          156      25741      1905       2278.01    1216.14

[1;1H[2J
Get Statistics
Type     Time(s)  Ops          TPS(ops/s)   Net(M/s)   Get_miss   Min(us)  Max(us)    Avg(us)    Std_dev    Geo_dist  
Period   1        19164        19164        2.7        0          171      14131      1964       2379.98    1179.69
Global   23       452673       19681        2.6        0          156      25741      1906       2282.58    1214.17

Set Statistics
Type     Time(s)  Ops          TPS(ops/s)   Net(M/s)   Get_miss   Min(us)  Max(us)    Avg(us)    Std_dev    Geo_dist  
Period   1        190          190          0.0        0          213      13125      2005       2611.41    1150.94
Global   23       4589         199          0.0        0          209      19434      1979       2342.29    1254.33

Total Statistics
Type     Time(s)  Ops          TPS(ops/s)   Net(M/s)   Get_miss   Min(us)  Max(us)    Avg(us)    Std_dev    Geo_dist  
Period   1        19359        19359        2.7        0          171      14131      1964       2382.17    1179.42
Global   23       457267       19881        2.7        0          156      25741      1907       2282.96    1214.57

[1;1H[2J
Get Statistics
Type     Time(s)  Ops          TPS(ops/s)   Net(M/s)   Get_miss   Min(us)  Max(us)    Avg(us)    Std_dev    Geo_dist  
Period   1        17984        17984        2.7        0          173      19627      2094       2501.70    1259.95
Global   24       470657       19610        2.5        0          156      25741      1914       2290.94    1215.96

Set Statistics
Type     Time(s)  Ops          TPS(ops/s)   Net(M/s)   Get_miss   Min(us)  Max(us)    Avg(us)    Std_dev    Geo_dist  
Period   1        184          184          0.0        0          283      14021      1926       2275.62    1221.66
Global   24       4773         198          0.0        0          209      19434      1977       2339.51    1253.05

Total Statistics
Type     Time(s)  Ops          TPS(ops/s)   Net(M/s)   Get_miss   Min(us)  Max(us)    Avg(us)    Std_dev    Geo_dist  
Period   1        18163        18163        2.7        0          173      19627      2093       2499.49    1261.54
Global   24       475430       19809        2.5        0          156      25741      1914       2291.97    1216.33

[1;1H[2J
Get Statistics
Type     Time(s)  Ops          TPS(ops/s)   Net(M/s)   Get_miss   Min(us)  Max(us)    Avg(us)    Std_dev    Geo_dist  
Period   1        19613        19613        2.7        0          164      12542      1911       2292.72    1200.18
Global   25       490270       19610        2.7        0          156      25741      1913       2291.75    1215.33

Set Statistics
Type     Time(s)  Ops          TPS(ops/s)   Net(M/s)   Get_miss   Min(us)  Max(us)    Avg(us)    Std_dev    Geo_dist  
Period   1        196          196          0.0        0          312      11428      1887       2308.73    1202.40
Global   25       4969         198          0.0        0          209      19434      1973       2338.52    1251.02

Total Statistics
Type     Time(s)  Ops          TPS(ops/s)   Net(M/s)   Get_miss   Min(us)  Max(us)    Avg(us)    Std_dev    Geo_dist  
Period   1        19809        19809        2.7        0          164      12542      1910       2293.46    1200.20
Global   25       495239       19809        2.7        0          156      25741      1914       2291.89    1215.68

[1;1H[2J
Get Statistics
Type     Time(s)  Ops          TPS(ops/s)   Net(M/s)   Get_miss   Min(us)  Max(us)    Avg(us)    Std_dev    Geo_dist  
Period   1        19317        19317        2.7        0          180      13627      1945       2392.55    1167.72
Global   26       509587       19599        2.7        0          156      25741      1915       2295.00    1213.49

Set Statistics
Type     Time(s)  Ops          TPS(ops/s)   Net(M/s)   Get_miss   Min(us)  Max(us)    Avg(us)    Std_dev    Geo_dist  
Period   1        197          197          0.0        0          275      9468       2055       2471.41    1210.71
Global   26       5166         198          0.0        0          209      19434      1976       2343.63    1249.45

Total Statistics
Type     Time(s)  Ops          TPS(ops/s)   Net(M/s)   Get_miss   Min(us)  Max(us)    Avg(us)    Std_dev    Geo_dist  
Period   1        19516        19516        2.7        0          180      13627      1946       2394.44    1168.37
Global   26       514755       19798        2.7        0          156      25741      1915       2296.05    1213.85

[1;1H[2J
Get Statistics
Type     Time(s)  Ops          TPS(ops/s)   Net(M/s)   Get_miss   Min(us)  Max(us)    Avg(us)    Std_dev    Geo_dist  
Period   1        19773        19773        2.7        0          205      11190      1913       2362.89    1159.65
Global   27       529360       19605        2.7        0          156      25741      1915       2297.53    1211.45

Set Statistics
Type     Time(s)  Ops          TPS(ops/s)   Net(M/s)   Get_miss   Min(us)  Max(us)    Avg(us)    Std_dev    Geo_dist  
Period   1        202          202          0.0        0          339      19542      2056       2751.49    1200.04
Global   27       5368         198          0.0        0          209      19542      1979       2360.02    1247.56

Total Statistics
Type     Time(s)  Ops          TPS(ops/s)   Net(M/s)   Get_miss   Min(us)  Max(us)    Avg(us)    Std_dev    Geo_dist  
Period   1        19973        19973        2.7        0          205      19542      1914       2365.84    1159.32
Global   27       534728       19804        2.7        0          156      25741      1915       2298.71    1211.81

[1;1H[2J
Get Statistics
Type     Time(s)  Ops          TPS(ops/s)   Net(M/s)   Get_miss   Min(us)  Max(us)    Avg(us)    Std_dev    Geo_dist  
Period   1        18839        18839        2.7        0          167      22989      1993       2491.79    1190.20
Global   28       548199       19578        2.6        0          156      25741      1917       2305.08    1210.72

Set Statistics
Type     Time(s)  Ops          TPS(ops/s)   Net(M/s)   Get_miss   Min(us)  Max(us)    Avg(us)    Std_dev    Geo_dist  
Period   1        188          188          0.0        0          266      10354      1891       2406.01    1149.12
Global   28       5556         198          0.0        0          209      19542      1976       2361.44    1244.09

Total Statistics
Type     Time(s)  Ops          TPS(ops/s)   Net(M/s)   Get_miss   Min(us)  Max(us)    Avg(us)    Std_dev    Geo_dist  
Period   1        19027        19027        2.7        0          167      22989      1992       2490.91    1189.79
Global   28       553755       19776        2.6        0          156      25741      1918       2305.32    1211.05

[1;1H[2J
Get Statistics
Type     Time(s)  Ops          TPS(ops/s)   Net(M/s)   Get_miss   Min(us)  Max(us)    Avg(us)    Std_dev    Geo_dist  
Period   1        18360        18360        2.7        0          179      32026      2040       2626.18    1225.09
Global   29       566559       19536        2.5        0          156      32026      1921       2316.28    1211.18

Set Statistics
Type     Time(s)  Ops          TPS(ops/s)   Net(M/s)   Get_miss   Min(us)  Max(us)    Avg(us)    Std_dev    Geo_dist  
Period   1        186          186          0.0        0          294      9460       2148       2447.65    1328.40
Global   29       5742         198          0.0        0          209      19542      1982       2363.90    1246.74

Total Statistics
Type     Time(s)  Ops          TPS(ops/s)   Net(M/s)   Get_miss   Min(us)  Max(us)    Avg(us)    Std_dev    Geo_dist  
Period   1        18546        18546        2.7        0          179      32026      2041       2624.48    1226.08
Global   29       572301       19734        2.5        0          156      32026      1922       2316.44    1211.53

[1;1H[2J
Get Statistics
Type     Time(s)  Ops          TPS(ops/s)   Net(M/s)   Get_miss   Min(us)  Max(us)    Avg(us)    Std_dev    Geo_dist  
Period   1        18707        18707        2.7        0          158      19286      2015       2570.05    1174.58
Global   30       585266       19508        2.6        0          156      32026      1924       2324.88    1209.99

Set Statistics
Type     Time(s)  Ops          TPS(ops/s)   Net(M/s)   Get_miss   Min(us)  Max(us)    Avg(us)    Std_dev    Geo_dist  
Period   1        192          192          0.0        0          329      15579      2022       2679.48    1185.95
Global   30       5934         197          0.0        0          209      19542      1983       2374.77    1244.72

Total Statistics
Type     Time(s)  Ops          TPS(ops/s)   Net(M/s)   Get_miss   Min(us)  Max(us)    Avg(us)    Std_dev    Geo_dist  
Period   1        18900        18900        2.7        0          158      19286      2015       2571.08    1174.70
Global   30       591201       19706        2.6        0          156      32026      1925       2325.05    1210.34

[1;1H[2J
Get Statistics
Type     Time(s)  Ops          TPS(ops/s)   Net(M/s)   Get_miss   Min(us)  Max(us)    Avg(us)    Std_dev    Geo_dist  
Period   1        18491        18491        2.7        0          172      18421      2029       2438.49    1236.36
Global   31       603757       19476        2.5        0          156      32026      1928       2327.86    1210.79

Set Statistics
Type     Time(s)  Ops          TPS(ops/s)   Net(M/s)   Get_miss   Min(us)  Max(us)    Avg(us)    Std_dev    Geo_dist  
Period   1        181          181          0.0        0          308      8808       1926       2250.72    1245.25
Global   31       6115         197          0.0        0          209      19542      1982       2370.46    1244.74

Total Statistics
Type     Time(s)  Ops          TPS(ops/s)   Net(M/s)   Get_miss   Min(us)  Max(us)    Avg(us)    Std_dev    Geo_dist  
Period   1        18671        18671        2.7        0          172      18421      2029       2435.97    1236.43
Global   31       609872       19673        2.6        0          156      32026      1928       2328.74    1211.13

[1;1H[2J
Get Statistics
Type     Time(s)  Ops          TPS(ops/s)   Net(M/s)   Get_miss   Min(us)  Max(us)    Avg(us)    Std_dev    Geo_dist  
Period   1        18915        18915        2.7        0          167      20636      1990       2515.03    1196.08
Global   32       622672       19458        2.6        0          156      32026      1929       2334.52    1210.34

Set Statistics
Type     Time(s)  Ops          TPS(ops/s)   Net(M/s)   Get_miss   Min(us)  Max(us)    Avg(us)    Std_dev    Geo_dist  
Period   1        192          192          0.0        0          290      8463       1624       1903.83    1080.07
Global   32       6307         197          0.0        0          209      19542      1971       2358.38    1239.37

Total Statistics
Type     Time(s)  Ops          TPS(ops/s)   Net(M/s)   Get_miss   Min(us)  Max(us)    Avg(us)    Std_dev    Geo_dist  
Period   1        19107        19107        2.7        0          167      20636      1986       2510.11    1194.86
Global   32       628979       19655        2.6        0          156      32026      1930       2334.28    1210.63

[1;1H[2J
Get Statistics
Type     Time(s)  Ops          TPS(ops/s)   Net(M/s)   Get_miss   Min(us)  Max(us)    Avg(us)    Std_dev    Geo_dist  
Period   1        19151        19151        2.7        0          158      16060      1966       2381.93    1230.69
Global   33       641823       19449        2.6        0          156      32026      1931       2335.21    1210.94

Set Statistics
Type     Time(s)  Ops          TPS(ops/s)   Net(M/s)   Get_miss   Min(us)  Max(us)    Avg(us)    Std_dev    Geo_dist  
Period   1        194          194          0.0        0          342      9810       2009       2460.02    1253.14
Global   33       6501         197          0.0        0          209      19542      1972       2361.40    1239.78

Total Statistics
Type     Time(s)  Ops          TPS(ops/s)   Net(M/s)   Get_miss   Min(us)  Max(us)    Avg(us)    Std_dev    Geo_dist  
Period   1        19345        19345        2.7        0          158      16060      1966       2383.02    1230.91
Global   33       648324       19646        2.7        0          156      32026      1931       2335.82    1211.23

[1;1H[2J
Get Statistics
Type     Time(s)  Ops          TPS(ops/s)   Net(M/s)   Get_miss   Min(us)  Max(us)    Avg(us)    Std_dev    Geo_dist  
Period   1        17776        17776        2.7        0          194      19763      2108       2486.28    1301.87
Global   34       659599       19399        2.4        0          156      32026      1935       2340.22    1213.31

Set Statistics
Type     Time(s)  Ops          TPS(ops/s)   Net(M/s)   Get_miss   Min(us)  Max(us)    Avg(us)    Std_dev    Geo_dist  
Period   1        182          182          0.0        0          343      10422      2115       2518.90    1314.54
Global   34       6683         196          0.0        0          209      19542      1976       2365.66    1241.76

Total Statistics
Type     Time(s)  Ops          TPS(ops/s)   Net(M/s)   Get_miss   Min(us)  Max(us)    Avg(us)    Std_dev    Geo_dist  
Period   1        17958        17958        2.7        0          194      19763      2108       2486.60    1301.51
Global   34       666282       19596        2.5        0          156      32026      1936       2339.99    1213.58

[1;1H[2J
Get Statistics
Type     Time(s)  Ops          TPS(ops/s)   Net(M/s)   Get_miss   Min(us)  Max(us)    Avg(us)    Std_dev    Geo_dist  
Period   1        18967        18967        2.7        0          160      26607      1979       2555.59    1226.72
Global   35       678566       19387        2.6        0          156      32026      1937       2345.88    1213.68

Set Statistics
Type     Time(s)  Ops          TPS(ops/s)   Net(M/s)   Get_miss   Min(us)  Max(us)    Avg(us)    Std_dev    Geo_dist  
Period   1        193          193          0.0        0          329      21208      1850       2503.24    1202.58
Global   35       6876         196          0.0        0          209      21208      1972       2369.91    1240.64

Total Statistics
Type     Time(s)  Ops          TPS(ops/s)   Net(M/s)   Get_miss   Min(us)  Max(us)    Avg(us)    Std_dev    Geo_dist  
Period   1        19160        19160        2.7        0          160      26607      1978       2554.80    1226.92
Global   35       685442       19584        2.6        0          156      32026      1937       2346.42    1213.95

[1;1H[2J
Get Statistics
Type     Time(s)  Ops          TPS(ops/s)   Net(M/s)   Get_miss   Min(us)  Max(us)    Avg(us)    Std_dev    Geo_dist  
Period   1        20502        20502        2.7        0          181      17510      1847       2334.14    1155.73
Global   36       699068       19418        2.8        0          156      32026      1934       2345.88    1211.94

Set Statistics
Type     Time(s)  Ops          TPS(ops/s)   Net(M/s)   Get_miss   Min(us)  Max(us)    Avg(us)    Std_dev    Geo_dist  
Period   1        205          205          0.0        0          305      11708      1677       2145.23    1091.73
Global   36       7081         196          0.0        0          209      21208      1964       2363.64    1236.06

Total Statistics
Type     Time(s)  Ops          TPS(ops/s)   Net(M/s)   Get_miss   Min(us)  Max(us)    Avg(us)    Std_dev    Geo_dist  
Period   1        20707        20707        2.7        0          181      17510      1845       2332.61    1155.08
Global   36       706149       19615        2.8        0          156      32026      1934       2346.31    1212.18

[1;1H[2J
Get Statistics
Type     Time(s)  Ops          TPS(ops/s)   Net(M/s)   Get_miss   Min(us)  Max(us)    Avg(us)    Std_dev    Geo_dist  
Period   1        18427        18427        2.7        0          222      19652      2039       2391.26    1262.28
Global   37       717495       19391        2.5        0          156      32026      1937       2346.87    1213.21

Set Statistics
Type     Time(s)  Ops          TPS(ops/s)   Net(M/s)   Get_miss   Min(us)  Max(us)    Avg(us)    Std_dev    Geo_dist  
Period   1        183          183          0.0        0          349      9241       1783       2193.03    1136.10
Global   37       7264         196          0.0        0          209      21208      1959       2359.89    1233.44

Total Statistics
Type     Time(s)  Ops          TPS(ops/s)   Net(M/s)   Get_miss   Min(us)  Max(us)    Avg(us)    Std_dev    Geo_dist  
Period   1        18610        18610        2.7        0          222      19652      2036       2389.88    1260.98
Global   37       724759       19588        2.6        0          156      32026      1937       2347.18    1213.41

[1;1H[2J
Get Statistics
Type     Time(s)  Ops          TPS(ops/s)   Net(M/s)   Get_miss   Min(us)  Max(us)    Avg(us)    Std_dev    Geo_dist  
Period   1        20168        20168        2.7        0          228      12660      1872       2240.48    1189.92
Global   38       737663       19412        2.8        0          156      32026      1935       2344.23    1212.57

Set Statistics
Type     Time(s)  Ops          TPS(ops/s)   Net(M/s)   Get_miss   Min(us)  Max(us)    Avg(us)    Std_dev    Geo_dist  
Period   1        207          207          0.0        0          293      9403       1842       2279.20    1170.88
Global   38       7471         196          0.0        0          209      21208      1956       2357.42    1231.66

Total Statistics
Type     Time(s)  Ops          TPS(ops/s)   Net(M/s)   Get_miss   Min(us)  Max(us)    Avg(us)    Std_dev    Geo_dist  
Period   1        20375        20375        2.7        0          228      12660      1872       2240.57    1189.73
Global   38       745134       19608        2.8        0          156      32026      1935       2344.53    1212.76

[1;1H[2J
Get Statistics
Type     Time(s)  Ops          TPS(ops/s)   Net(M/s)   Get_miss   Min(us)  Max(us)    Avg(us)    Std_dev    Geo_dist  
Period   1        20202        20202        2.7        0          235      16604      1854       2254.58    1191.70
Global   39       757865       19432        2.8        0          156      32026      1933       2341.79    1212.01

Set Statistics
Type     Time(s)  Ops          TPS(ops/s)   Net(M/s)   Get_miss   Min(us)  Max(us)    Avg(us)    Std_dev    Geo_dist  
Period   1        200          200          0.0        0          326      16120      2211       2859.69    1317.42
Global   39       7671         196          0.0        0          209      21208      1963       2371.70    1233.82

Total Statistics
Type     Time(s)  Ops          TPS(ops/s)   Net(M/s)   Get_miss   Min(us)  Max(us)    Avg(us)    Std_dev    Geo_dist  
Period   1        20402        20402        2.7        0          235      16604      1857       2261.89    1192.88
Global   39       765536       19629        2.8        0          156      32026      1933       2342.34    1212.22

[1;1H[2J
Get Statistics
Type     Time(s)  Ops          TPS(ops/s)   Net(M/s)   Get_miss   Min(us)  Max(us)    Avg(us)    Std_dev    Geo_dist  
Period   1        19937        19937        2.7        0          187      12508      1867       2255.02    1192.40
Global   40       777802       19445        2.7        0          156      32026      1931       2339.88    1211.50

Set Statistics
Type     Time(s)  Ops          TPS(ops/s)   Net(M/s)   Get_miss   Min(us)  Max(us)    Avg(us)    Std_dev    Geo_dist  
Period   1        203          203          0.0        0          352      8063       1742       2076.75    1171.20
Global   40       7874         196          0.0        0          209      21208      1957       2364.95    1232.17

Total Statistics
Type     Time(s)  Ops          TPS(ops/s)   Net(M/s)   Get_miss   Min(us)  Max(us)    Avg(us)    Std_dev    Geo_dist  
Period   1        20140        20140        2.7        0          187      12508      1866       2253.06    1192.18
Global   40       785676       19641        2.8        0          156      32026      1931       2340.35    1211.70

[1;1H[2J
Get Statistics
Type     Time(s)  Ops          TPS(ops/s)   Net(M/s)   Get_miss   Min(us)  Max(us)    Avg(us)    Std_dev    Geo_dist  
Period   1        20662        20662        2.7        0          198      12299      1806       2220.13    1164.42
Global   41       798464       19474        2.8        0          156      32026      1928       2336.75    1210.26

Set Statistics
Type     Time(s)  Ops          TPS(ops/s)   Net(M/s)   Get_miss   Min(us)  Max(us)    Avg(us)    Std_dev    Geo_dist  
Period   1        207          207          0.0        0          348      8008       1981       2291.34    1255.96
Global   41       8081         197          0.0        0          209      21208      1957       2363.47    1232.77

Total Statistics
Type     Time(s)  Ops          TPS(ops/s)   Net(M/s)   Get_miss   Min(us)  Max(us)    Avg(us)    Std_dev    Geo_dist  
Period   1        20869        20869        2.7        0          198      12299      1808       2220.65    1165.29
Global   41       806545       19671        2.9        0          156      32026      1928       2337.26    1210.48

[1;1H[2J
Get Statistics
Type     Time(s)  Ops          TPS(ops/s)   Net(M/s)   Get_miss   Min(us)  Max(us)    Avg(us)    Std_dev    Geo_dist  
Period   1        20706        20706        2.7        0          226      12106      1817       2183.63    1179.47
Global   42       819170       19504        2.8        0          156      32026      1925       2333.23    1209.47

Set Statistics
Type     Time(s)  Ops          TPS(ops/s)   Net(M/s)   Get_miss   Min(us)  Max(us)    Avg(us)    Std_dev    Geo_dist  
Period   1        212          212          0.0        0          355      9543       1683       2033.39    1131.24
Global   42       8293         197          0.0        0          209      21208      1950       2355.89    1230.07

Total Statistics
Type     Time(s)  Ops          TPS(ops/s)   Net(M/s)   Get_miss   Min(us)  Max(us)    Avg(us)    Std_dev    Geo_dist  
Period   1        20918        20918        2.7        0          226      12106      1816       2181.86    1178.97
Global   42       827463       19701        2.9        0          156      32026      1925       2333.66    1209.67

[1;1H[2J
Get Statistics
Type     Time(s)  Ops          TPS(ops/s)   Net(M/s)   Get_miss   Min(us)  Max(us)    Avg(us)    Std_dev    Geo_dist  
Period   1        19542        19542        2.7        0          211      11034      1925       2342.92    1204.19
Global   43       838712       19504        2.7        0          156      32026      1925       2333.45    1209.35

Set Statistics
Type     Time(s)  Ops          TPS(ops/s)   Net(M/s)   Get_miss   Min(us)  Max(us)    Avg(us)    Std_dev    Geo_dist  
Period   1        197          197          0.0        0          312      9979       2030       2347.80    1287.62
Global   43       8490         197          0.0        0          209      21208      1952       2355.48    1231.37

Total Statistics
Type     Time(s)  Ops          TPS(ops/s)   Net(M/s)   Get_miss   Min(us)  Max(us)    Avg(us)    Std_dev    Geo_dist  
Period   1        19741        19741        2.7        0          211      11034      1926       2342.79    1204.94
Global   43       847204       19702        2.7        0          156      32026      1925       2333.89    1209.56

[1;1H[2J
Get Statistics
Type     Time(s)  Ops          TPS(ops/s)   Net(M/s)   Get_miss   Min(us)  Max(us)    Avg(us)    Std_dev    Geo_dist  
Period   1        19430        19430        2.7        0          195      13280      1921       2313.91    1213.88
Global   44       858142       19503        2.7        0          156      32026      1925       2332.93    1209.46

Set Statistics
Type     Time(s)  Ops          TPS(ops/s)   Net(M/s)   Get_miss   Min(us)  Max(us)    Avg(us)    Std_dev    Geo_dist  
Period   1        197          197          0.0        0          347      8261       1715       2000.72    1163.99
Global   44       8687         197          0.0        0          209      21208      1947       2347.88    1229.80

Total Statistics
Type     Time(s)  Ops          TPS(ops/s)   Net(M/s)   Get_miss   Min(us)  Max(us)    Avg(us)    Std_dev    Geo_dist  
Period   1        19625        19625        2.7        0          195      13280      1920       2310.33    1213.83
Global   44       866829       19700        2.7        0          156      32026      1925       2333.27    1209.66

[1;1H[2J
Get Statistics
Type     Time(s)  Ops          TPS(ops/s)   Net(M/s)   Get_miss   Min(us)  Max(us)    Avg(us)    Std_dev    Geo_dist  
Period   1        19763        19763        2.7        0          180      11437      1911       2269.61    1221.42
Global   45       877905       19509        2.7        0          156      32026      1925       2331.27    1209.73

Set Statistics
Type     Time(s)  Ops          TPS(ops/s)   Net(M/s)   Get_miss   Min(us)  Max(us)    Avg(us)    Std_dev    Geo_dist  
Period   1        198          198          0.0        0          350      9642       1921       2351.85    1224.65
Global   45       8885         197          0.0        0          209      21208      1946       2348.19    1229.69

Total Statistics
Type     Time(s)  Ops          TPS(ops/s)   Net(M/s)   Get_miss   Min(us)  Max(us)    Avg(us)    Std_dev    Geo_dist  
Period   1        19961        19961        2.7        0          180      11437      1911       2270.47    1221.45
Global   45       886790       19706        2.7        0          156      32026      1925       2331.61    1209.92

[1;1H[2J
Get Statistics
Type     Time(s)  Ops          TPS(ops/s)   Net(M/s)   Get_miss   Min(us)  Max(us)    Avg(us)    Std_dev    Geo_dist  
Period   1        19572        19572        2.7        0          170      15210      1917       2380.67    1179.69
Global   46       897477       19510        2.7        0          156      32026      1924       2333.04    1209.06

Set Statistics
Type     Time(s)  Ops          TPS(ops/s)   Net(M/s)   Get_miss   Min(us)  Max(us)    Avg(us)    Std_dev    Geo_dist  
Period   1        200          200          0.0        0          319      8514       2065       2458.67    1281.56
Global   46       9085         197          0.0        0          209      21208      1949       2350.29    1230.80

Total Statistics
Type     Time(s)  Ops          TPS(ops/s)   Net(M/s)   Get_miss   Min(us)  Max(us)    Avg(us)    Std_dev    Geo_dist  
Period   1        19772        19772        2.7        0          170      15210      1918       2381.86    1180.68
Global   46       906562       19707        2.7        0          156      32026      1925       2332.59    1209.28

[1;1H[2J
Get Statistics
Type     Time(s)  Ops          TPS(ops/s)   Net(M/s)   Get_miss   Min(us)  Max(us)    Avg(us)    Std_dev    Geo_dist  
Period   1        19367        19367        2.7        0          186      13587      1936       2330.11    1217.74
Global   47       916844       19507        2.7        0          156      32026      1925       2332.36    1209.24

Set Statistics
Type     Time(s)  Ops          TPS(ops/s)   Net(M/s)   Get_miss   Min(us)  Max(us)    Avg(us)    Std_dev    Geo_dist  
Period   1        197          197          0.0        0          308      9948       1970       2348.63    1217.47
Global   47       9282         197          0.0        0          209      21208      1949       2350.50    1230.52

Total Statistics
Type     Time(s)  Ops          TPS(ops/s)   Net(M/s)   Get_miss   Min(us)  Max(us)    Avg(us)    Std_dev    Geo_dist  
Period   1        19564        19564        2.7        0          186      13587      1936       2330.52    1217.74
Global   47       926126       19704        2.7        0          156      32026      1925       2332.74    1209.46

[1;1H[2J
Get Statistics
Type     Time(s)  Ops          TPS(ops/s)   Net(M/s)   Get_miss   Min(us)  Max(us)    Avg(us)    Std_dev    Geo_dist  
Period   1        19949        19949        2.7        0          214      12950      1877       2362.39    1151.12
Global   48       936793       19516        2.7        0          156      32026      1924       2332.99    1207.98

Set Statistics
Type     Time(s)  Ops          TPS(ops/s)   Net(M/s)   Get_miss   Min(us)  Max(us)    Avg(us)    Std_dev    Geo_dist  
Period   1        201          201          0.0        0          372      8233       2207       2612.80    1298.87
Global   48       9483         197          0.0        0          209      21208      1955       2356.06    1231.93

Total Statistics
Type     Time(s)  Ops          TPS(ops/s)   Net(M/s)   Get_miss   Min(us)  Max(us)    Avg(us)    Std_dev    Geo_dist  
Period   1        20150        20150        2.7        0          214      12950      1880       2365.40    1152.50
Global   48       946276       19714        2.8        0          156      32026      1924       2333.48    1208.21

[1;1H[2J
Get Statistics
Type     Time(s)  Ops          TPS(ops/s)   Net(M/s)   Get_miss   Min(us)  Max(us)    Avg(us)    Std_dev    Geo_dist  
Period   1        20106        20106        2.7        0          170      14534      1869       2257.31    1202.33
Global   49       956899       19528        2.8        0          156      32026      1922       2332.13    1207.86

Set Statistics
Type     Time(s)  Ops          TPS(ops/s)   Net(M/s)   Get_miss   Min(us)  Max(us)    Avg(us)    Std_dev    Geo_dist  
Period   1        201          201          0.0        0          260      11631      2111       2533.89    1287.97
Global   49       9684         197          0.0        0          209      21208      1958       2360.05    1233.07

Total Statistics
Type     Time(s)  Ops          TPS(ops/s)   Net(M/s)   Get_miss   Min(us)  Max(us)    Avg(us)    Std_dev    Geo_dist  
Period   1        20307        20307        2.7        0          170      14534      1871       2260.60    1203.15
Global   49       966583       19726        2.8        0          156      32026      1923       2331.89    1208.11

[1;1H[2J
Get Statistics
Type     Time(s)  Ops          TPS(ops/s)   Net(M/s)   Get_miss   Min(us)  Max(us)    Avg(us)    Std_dev    Geo_dist  
Period   1        20477        20477        2.7        0          199      16232      1833       2071.63    1232.05
Global   50       977376       19547        2.8        0          156      32026      1921       2326.30    1208.36

Set Statistics
Type     Time(s)  Ops          TPS(ops/s)   Net(M/s)   Get_miss   Min(us)  Max(us)    Avg(us)    Std_dev    Geo_dist  
Period   1        207          207          0.0        0          263      8572       1841       2075.15    1239.33
Global   50       9891         197          0.0        0          209      21208      1956       2354.03    1233.20

Total Statistics
Type     Time(s)  Ops          TPS(ops/s)   Net(M/s)   Get_miss   Min(us)  Max(us)    Avg(us)    Std_dev    Geo_dist  
Period   1        20686        20686        2.7        0          199      16232      1833       2071.52    1232.07
Global   50       987269       19745        2.8        0          156      32026      1921       2326.86    1208.61

[1;1H[2J
Get Statistics
Type     Time(s)  Ops          TPS(ops/s)   Net(M/s)   Get_miss   Min(us)  Max(us)    Avg(us)    Std_dev    Geo_dist  
Period   1        19837        19837        2.7        0          205      13954      1890       2271.38    1204.54
Global   51       997213       19553        2.7        0          156      32026      1920       2325.54    1208.29

Set Statistics
Type     Time(s)  Ops          TPS(ops/s)   Net(M/s)   Get_miss   Min(us)  Max(us)    Avg(us)    Std_dev    Geo_dist  
Period   1        202          202          0.0        0          346      10352      1654       2031.06    1109.68
Global   51       10093        197          0.0        0          209      21208      1950       2348.26    1230.60

Total Statistics
Type     Time(s)  Ops          TPS(ops/s)   Net(M/s)   Get_miss   Min(us)  Max(us)    Avg(us)    Std_dev    Geo_dist  
Period   1        20037        20037        2.7        0          205      13954      1888       2269.03    1203.99
Global   51       1007306      19751        2.8        0          156      32026      1920       2326.01    1208.51

[1;1H[2J
Get Statistics
Type     Time(s)  Ops          TPS(ops/s)   Net(M/s)   Get_miss   Min(us)  Max(us)    Avg(us)    Std_dev    Geo_dist  
Period   1        18520        18520        2.7        0          201      14485      2022       2416.33    1242.37
Global   52       1015733      19533        2.5        0          156      32026      1922       2327.15    1208.90

Set Statistics
Type     Time(s)  Ops          TPS(ops/s)   Net(M/s)   Get_miss   Min(us)  Max(us)    Avg(us)    Std_dev    Geo_dist  
Period   1        189          189          0.0        0          292      12699      2004       2549.42    1204.85
Global   52       10282        197          0.0        0          209      21208      1951       2351.99    1230.12

Total Statistics
Type     Time(s)  Ops          TPS(ops/s)   Net(M/s)   Get_miss   Min(us)  Max(us)    Avg(us)    Std_dev    Geo_dist  
Period   1        18709        18709        2.7        0          201      14485      2022       2417.49    1241.99
Global   52       1026015      19731        2.6        0          156      32026      1922       2327.64    1209.12

[1;1H[2J
Get Statistics
Type     Time(s)  Ops          TPS(ops/s)   Net(M/s)   Get_miss   Min(us)  Max(us)    Avg(us)    Std_dev    Geo_dist  
Period   1        20555        20555        2.7        0          196      18885      1826       2270.58    1169.61
Global   53       1036288      19552        2.8        0          156      32026      1920       2326.15    1208.11

Set Statistics
Type     Time(s)  Ops          TPS(ops/s)   Net(M/s)   Get_miss   Min(us)  Max(us)    Avg(us)    Std_dev    Geo_dist  
Period   1        204          204          0.0        0          385      12465      2001       2415.98    1264.86
Global   53       10486        197          0.0        0          209      21208      1952       2353.12    1230.79

Total Statistics
Type     Time(s)  Ops          TPS(ops/s)   Net(M/s)   Get_miss   Min(us)  Max(us)    Avg(us)    Std_dev    Geo_dist  
Period   1        20759        20759        2.7        0          196      18885      1828       2271.83    1170.51
Global   53       1046774      19750        2.9        0          156      32026      1920       2326.69    1208.34

[1;1H[2J
Get Statistics
Type     Time(s)  Ops          TPS(ops/s)   Net(M/s)   Get_miss   Min(us)  Max(us)    Avg(us)    Std_dev    Geo_dist  
Period   1        19620        19620        2.7        0          229      12778      1916       2281.55    1226.49
Global   54       1055908      19553        2.7        0          156      32026      1920       2325.27    1208.45

Set Statistics
Type     Time(s)  Ops          TPS(ops/s)   Net(M/s)   Get_miss   Min(us)  Max(us)    Avg(us)    Std_dev    Geo_dist  
Period   1        196          196          0.0        0          341      8326       1582       1917.28    1068.36
Global   54       10682        197          0.0        0          209      21208      1945       2346.48    1227.59

Total Statistics
Type     Time(s)  Ops          TPS(ops/s)   Net(M/s)   Get_miss   Min(us)  Max(us)    Avg(us)    Std_dev    Geo_dist  
Period   1        19816        19816        2.7        0          229      12778      1913       2278.18    1224.82
Global   54       1066590      19751        2.7        0          156      32026      1920       2325.69    1208.64

[1;1H[2J
Get Statistics
Type     Time(s)  Ops          TPS(ops/s)   Net(M/s)   Get_miss   Min(us)  Max(us)    Avg(us)    Std_dev    Geo_dist  
Period   1        19513        19513        2.7        0          216      14026      1936       2343.71    1221.94
Global   55       1075421      19553        2.7        0          156      32026      1920       2325.85    1208.69

Set Statistics
Type     Time(s)  Ops          TPS(ops/s)   Net(M/s)   Get_miss   Min(us)  Max(us)    Avg(us)    Std_dev    Geo_dist  
Period   1        200          200          0.0        0          376      12371      1638       2004.01    1122.81
Global   55       10882        197          0.0        0          209      21208      1939       2341.21    1225.58

Total Statistics
Type     Time(s)  Ops          TPS(ops/s)   Net(M/s)   Get_miss   Min(us)  Max(us)    Avg(us)    Std_dev    Geo_dist  
Period   1        19713        19713        2.7        0          216      14026      1933       2340.64    1220.89
Global   55       1086303      19750        2.7        0          156      32026      1920       2326.16    1208.86

[1;1H[2J
Get Statistics
Type     Time(s)  Ops          TPS(ops/s)   Net(M/s)   Get_miss   Min(us)  Max(us)    Avg(us)    Std_dev    Geo_dist  
Period   1        19450        19450        2.7        0          196      11943      1943       2297.85    1248.32
Global   56       1094871      19551        2.7        0          156      32026      1921       2324.86    1209.39

Set Statistics
Type     Time(s)  Ops          TPS(ops/s)   Net(M/s)   Get_miss   Min(us)  Max(us)    Avg(us)    Std_dev    Geo_dist  
Period   1        197          197          0.0        0          362      8503       1781       2152.18    1165.10
Global   56       11079        197          0.0        0          209      21208      1936       2338.15    1224.48

Total Statistics
Type     Time(s)  Ops          TPS(ops/s)   Net(M/s)   Get_miss   Min(us)  Max(us)    Avg(us)    Std_dev    Geo_dist  
Period   1        19651        19651        2.7        0          196      11943      1941       2296.42    1247.43
Global   56       1105954      19749        2.7        0          156      32026      1921       2325.12    1209.54

[1;1H[2J
Get Statistics
Type     Time(s)  Ops          TPS(ops/s)   Net(M/s)   Get_miss   Min(us)  Max(us)    Avg(us)    Std_dev    Geo_dist  
Period   1        19717        19717        2.7        0          179      11666      1898       2275.53    1209.33
Global   57       1114588      19554        2.7        0          156      32026      1920       2324.49    1209.42

Set Statistics
Type     Time(s)  Ops          TPS(ops/s)   Net(M/s)   Get_miss   Min(us)  Max(us)    Avg(us)    Std_dev    Geo_dist  
Period   1        199          199          0.0        0          268      9883       2086       2438.23    1293.71
Global   57       11278        197          0.0        0          209      21208      1939       2339.63    1225.67

Total Statistics
Type     Time(s)  Ops          TPS(ops/s)   Net(M/s)   Get_miss   Min(us)  Max(us)    Avg(us)    Std_dev    Geo_dist  
Period   1        19912        19912        2.7        0          179      11666      1900       2277.51    1211.87
Global   57       1125866      19752        2.7        0          156      32026      1920       2324.80    1209.58

[1;1H[2J
Get Statistics
Type     Time(s)  Ops          TPS(ops/s)   Net(M/s)   Get_miss   Min(us)  Max(us)    Avg(us)    Std_dev    Geo_dist  
Period   1        19228        19228        2.7        0          234      11617      1954       2394.03    1196.52
Global   58       1133816      19548        2.6        0          156      32026      1921       2325.34    1209.20

Set Statistics
Type     Time(s)  Ops          TPS(ops/s)   Net(M/s)   Get_miss   Min(us)  Max(us)    Avg(us)    Std_dev    Geo_dist  
Period   1        194          194          0.0        0          315      7910       1889       2291.88    1167.07
Global   58       11472        197          0.0        0          209      21208      1938       2338.87    1224.65

Total Statistics
Type     Time(s)  Ops          TPS(ops/s)   Net(M/s)   Get_miss   Min(us)  Max(us)    Avg(us)    Std_dev    Geo_dist  
Period   1        19422        19422        2.7        0          234      11617      1954       2392.45    1196.22
Global   58       1145288      19746        2.7        0          156      32026      1921       2325.62    1209.35

[1;1H[2J
Get Statistics
Type     Time(s)  Ops          TPS(ops/s)   Net(M/s)   Get_miss   Min(us)  Max(us)    Avg(us)    Std_dev    Geo_dist  
Period   1        18869        18869        2.7        0          177      14577      1994       2431.63    1224.52
Global   59       1152685      19537        2.6        0          156      32026      1922       2327.30    1209.45

Set Statistics
Type     Time(s)  Ops          TPS(ops/s)   Net(M/s)   Get_miss   Min(us)  Max(us)    Avg(us)    Std_dev    Geo_dist  
Period   1        189          189          0.0        0          361      12829      2167       2504.27    1365.92
Global   59       11661        197          0.0        0          209      21208      1942       2341.47    1226.82

Total Statistics
Type     Time(s)  Ops          TPS(ops/s)   Net(M/s)   Get_miss   Min(us)  Max(us)    Avg(us)    Std_dev    Geo_dist  
Period   1        19058        19058        2.7        0          177      14577      1995       2432.94    1225.85
Global   59       1164346      19734        2.6        0          156      32026      1922       2327.61    1209.62

[1;1H[2J
Get Statistics
Type     Time(s)  Ops          TPS(ops/s)   Net(M/s)   Get_miss   Min(us)  Max(us)    Avg(us)    Std_dev    Geo_dist  
Period   1        19902        19902        2.7        0          170      11394      1893       2305.30    1188.90
Global   60       1172587      19543        2.7        0          156      32026      1921       2327.35    1209.09

Set Statistics
Type     Time(s)  Ops          TPS(ops/s)   Net(M/s)   Get_miss   Min(us)  Max(us)    Avg(us)    Std_dev    Geo_dist  
Period   1        205          205          0.0        0          290      8461       1831       2112.84    1226.73
Global   60       11866        197          0.0        0          209      21208      1940       2337.74    1226.82

Total Statistics
Type     Time(s)  Ops          TPS(ops/s)   Net(M/s)   Get_miss   Min(us)  Max(us)    Avg(us)    Std_dev    Geo_dist  
Period   1        20107        20107        2.7        0          170      11394      1892       2303.68    1189.28
Global   60       1184453      19740        2.8        0          156      32026      1922       2326.78    1209.27

Get Statistics (1172624 events)
   Min:       156
   Max:     32026
   Avg:      1922
   Geo:   1209.11
   Std:   2326.66
   Log2 Dist:
       8:      856    93149   575776   278085
      12:    48331   157670    18524      233

Set Statistics (11867 events)
   Min:       209
   Max:     21208
   Avg:      1940
   Geo:   1226.82
   Std:   2337.60
   Log2 Dist:
       8:        4      860     5778     2917
      12:      521     1572      212        3

Total Statistics (1184491 events)
   Min:       156
   Max:     32026
   Avg:      1922
   Geo:   1209.29
   Std:   2326.91
   Log2 Dist:
       8:      860    94009   581554   281002
      12:    48852   159242    18736      236

cmd_get: 1172662
cmd_set: 11867
get_misses: 0
written_bytes: 27696448
read_bytes: 193577896
object_bytes: 1708848

Run time: 60.3s Ops: 1184529 TPS: 19660 Net_rate: 3.5M/s
