servers : 10.0.0.13:9000
threads count: 118
concurrency: 118
run time: 60s
windows size: 10k
set proportion: set_prop=0.01
get proportion: get_prop=0.99
[1;1H[2J
Get Statistics
Type     Time(s)  Ops          TPS(ops/s)   Net(M/s)   Get_miss   Min(us)  Max(us)    Avg(us)    Std_dev    Geo_dist  
Period   1        26236        26236        3.6        0          188      120558     4407       5166.21    2596.04
Global   1        26236        26236        3.6        0          188      120558     4407       5166.21    2596.04

Set Statistics
Type     Time(s)  Ops          TPS(ops/s)   Net(M/s)   Get_miss   Min(us)  Max(us)    Avg(us)    Std_dev    Geo_dist  
Period   1        323          323          0.0        0          272      42470      7430       8551.62    4378.70
Global   1        323          323          0.0        0          272      42470      7430       8551.62    4378.70

Total Statistics
Type     Time(s)  Ops          TPS(ops/s)   Net(M/s)   Get_miss   Min(us)  Max(us)    Avg(us)    Std_dev    Geo_dist  
Period   1        26559        26559        3.6        0          188      120558     4444       5230.63    2612.60
Global   1        26559        26559        3.6        0          188      120558     4444       5230.63    2612.60

[1;1H[2J
Get Statistics
Type     Time(s)  Ops          TPS(ops/s)   Net(M/s)   Get_miss   Min(us)  Max(us)    Avg(us)    Std_dev    Geo_dist  
Period   1        24009        24009        3.5        0          192      94611      4697       5999.51    2676.50
Global   2        50245        25122        3.3        0          188      120558     4546       5581.42    2634.18

Set Statistics
Type     Time(s)  Ops          TPS(ops/s)   Net(M/s)   Get_miss   Min(us)  Max(us)    Avg(us)    Std_dev    Geo_dist  
Period   1        241          241          0.0        0          304      64401      4887       6334.08    2762.69
Global   2        564          282          0.0        0          272      64401      6344       7778.55    3596.49

Total Statistics
Type     Time(s)  Ops          TPS(ops/s)   Net(M/s)   Get_miss   Min(us)  Max(us)    Avg(us)    Std_dev    Geo_dist  
Period   1        24250        24250        3.5        0          192      94611      4699       6002.73    2677.35
Global   2        50809        25404        3.3        0          188      120558     4566       5613.55    2643.30

[1;1H[2J
Get Statistics
Type     Time(s)  Ops          TPS(ops/s)   Net(M/s)   Get_miss   Min(us)  Max(us)    Avg(us)    Std_dev    Geo_dist  
Period   1        24963        24963        3.4        0          282      156710     4729       6216.85    2707.67
Global   3        75208        25069        3.4        0          188      156710     4607       5800.45    2658.35

Set Statistics
Type     Time(s)  Ops          TPS(ops/s)   Net(M/s)   Get_miss   Min(us)  Max(us)    Avg(us)    Std_dev    Geo_dist  
Period   1        255          255          0.0        0          305      68143      5079       6570.56    2896.86
Global   3        819          273          0.0        0          272      68143      5950       7442.77    3362.22

Total Statistics
Type     Time(s)  Ops          TPS(ops/s)   Net(M/s)   Get_miss   Min(us)  Max(us)    Avg(us)    Std_dev    Geo_dist  
Period   1        25220        25220        3.5        0          282      156710     4733       6220.08    2709.74
Global   3        76029        25343        3.5        0          188      156710     4621       5822.56    2665.16

[1;1H[2J
Get Statistics
Type     Time(s)  Ops          TPS(ops/s)   Net(M/s)   Get_miss   Min(us)  Max(us)    Avg(us)    Std_dev    Geo_dist  
Period   1        24348        24348        3.4        0          222      67217      4764       5136.75    2862.60
Global   4        99556        24889        3.3        0          188      156710     4645       5646.09    2707.16

Set Statistics
Type     Time(s)  Ops          TPS(ops/s)   Net(M/s)   Get_miss   Min(us)  Max(us)    Avg(us)    Std_dev    Geo_dist  
Period   1        245          245          0.0        0          460      44005      4885       4954.85    3023.98
Global   4        1064         266          0.0        0          272      68143      5705       6961.41    3281.13

Total Statistics
Type     Time(s)  Ops          TPS(ops/s)   Net(M/s)   Get_miss   Min(us)  Max(us)    Avg(us)    Std_dev    Geo_dist  
Period   1        24593        24593        3.5        0          222      67217      4766       5134.39    2865.20
Global   4        100622       25155        3.4        0          188      156710     4657       5661.95    2712.72

[1;1H[2J
Get Statistics
Type     Time(s)  Ops          TPS(ops/s)   Net(M/s)   Get_miss   Min(us)  Max(us)    Avg(us)    Std_dev    Geo_dist  
Period   1        25063        25063        3.4        0          300      70395      4622       4701.05    2861.79
Global   5        124619       24923        3.4        0          188      156710     4641       5468.66    2737.76

Set Statistics
Type     Time(s)  Ops          TPS(ops/s)   Net(M/s)   Get_miss   Min(us)  Max(us)    Avg(us)    Std_dev    Geo_dist  
Period   1        251          251          0.0        0          639      32273      4934       4828.04    3147.66
Global   5        1315         263          0.0        0          272      68143      5558       6612.81    3255.22

Total Statistics
Type     Time(s)  Ops          TPS(ops/s)   Net(M/s)   Get_miss   Min(us)  Max(us)    Avg(us)    Std_dev    Geo_dist  
Period   1        25312        25312        3.5        0          300      70395      4624       4702.83    2862.25
Global   5        125934       25186        3.5        0          188      156710     4650       5483.09    2742.72

[1;1H[2J
Get Statistics
Type     Time(s)  Ops          TPS(ops/s)   Net(M/s)   Get_miss   Min(us)  Max(us)    Avg(us)    Std_dev    Geo_dist  
Period   1        26617        26617        3.5        0          202      123892     4420       5537.42    2623.78
Global   6        151236       25206        3.7        0          188      156710     4602       5481.54    2717.35

Set Statistics
Type     Time(s)  Ops          TPS(ops/s)   Net(M/s)   Get_miss   Min(us)  Max(us)    Avg(us)    Std_dev    Geo_dist  
Period   1        271          271          0.0        0          334      29109      4864       4455.83    3089.22
Global   6        1586         264          0.0        0          272      68143      5439       6301.38    3226.24

Total Statistics
Type     Time(s)  Ops          TPS(ops/s)   Net(M/s)   Get_miss   Min(us)  Max(us)    Avg(us)    Std_dev    Geo_dist  
Period   1        26888        26888        3.5        0          202      123892     4425       5527.26    2628.10
Global   6        152822       25470        3.7        0          188      156710     4610       5491.89    2722.20

[1;1H[2J
Get Statistics
Type     Time(s)  Ops          TPS(ops/s)   Net(M/s)   Get_miss   Min(us)  Max(us)    Avg(us)    Std_dev    Geo_dist  
Period   1        25411        25411        3.5        0          235      95114      4561       5043.93    2748.79
Global   7        176647       25235        3.5        0          188      156710     4596       5420.86    2721.85

Set Statistics
Type     Time(s)  Ops          TPS(ops/s)   Net(M/s)   Get_miss   Min(us)  Max(us)    Avg(us)    Std_dev    Geo_dist  
Period   1        262          262          0.0        0          352      83437      5042       8253.04    2785.46
Global   7        1848         264          0.0        0          272      83437      5383       6611.81    3159.74

Total Statistics
Type     Time(s)  Ops          TPS(ops/s)   Net(M/s)   Get_miss   Min(us)  Max(us)    Avg(us)    Std_dev    Geo_dist  
Period   1        25674        25674        3.5        0          235      95114      4566       5086.80    2749.26
Global   7        178496       25499        3.5        0          188      156710     4604       5435.21    2726.07

[1;1H[2J
Get Statistics
Type     Time(s)  Ops          TPS(ops/s)   Net(M/s)   Get_miss   Min(us)  Max(us)    Avg(us)    Std_dev    Geo_dist  
Period   1        25023        25023        3.5        0          236      121562     4644       6029.14    2614.89
Global   8        201670       25208        3.4        0          188      156710     4602       5499.96    2708.34

Set Statistics
Type     Time(s)  Ops          TPS(ops/s)   Net(M/s)   Get_miss   Min(us)  Max(us)    Avg(us)    Std_dev    Geo_dist  
Period   1        246          246          0.0        0          338      32571      4153       4224.55    2561.88
Global   8        2094         261          0.0        0          272      83437      5238       6389.77    3082.83

Total Statistics
Type     Time(s)  Ops          TPS(ops/s)   Net(M/s)   Get_miss   Min(us)  Max(us)    Avg(us)    Std_dev    Geo_dist  
Period   1        25272        25272        3.5        0          236      121562     4639       6014.27    2613.77
Global   8        203768       25471        3.5        0          188      156710     4608       5510.64    2712.00

[1;1H[2J
Get Statistics
Type     Time(s)  Ops          TPS(ops/s)   Net(M/s)   Get_miss   Min(us)  Max(us)    Avg(us)    Std_dev    Geo_dist  
Period   1        25862        25862        3.5        0          202      156292     4507       8105.92    2401.78
Global   9        227532       25281        3.6        0          188      156710     4591       5855.13    2671.82

Set Statistics
Type     Time(s)  Ops          TPS(ops/s)   Net(M/s)   Get_miss   Min(us)  Max(us)    Avg(us)    Std_dev    Geo_dist  
Period   1        265          265          0.0        0          362      37704      4414       4711.36    2577.37
Global   9        2359         262          0.0        0          272      83437      5146       6227.98    3021.44

Total Statistics
Type     Time(s)  Ops          TPS(ops/s)   Net(M/s)   Get_miss   Min(us)  Max(us)    Avg(us)    Std_dev    Geo_dist  
Period   1        26125        26125        3.5        0          202      156292     4506       8078.69    2403.86
Global   9        229893       25543        3.6        0          188      156710     4597       5859.05    2675.19

[1;1H[2J
Get Statistics
Type     Time(s)  Ops          TPS(ops/s)   Net(M/s)   Get_miss   Min(us)  Max(us)    Avg(us)    Std_dev    Geo_dist  
Period   1        24879        24879        3.5        0          262      212672     4669       8524.04    2459.75
Global   10       252411       25241        3.4        0          188      212672     4599       6169.49    2650.21

Set Statistics
Type     Time(s)  Ops          TPS(ops/s)   Net(M/s)   Get_miss   Min(us)  Max(us)    Avg(us)    Std_dev    Geo_dist  
Period   1        255          255          0.0        0          439      198991     5581       14292.50   2581.47
Global   10       2614         261          0.0        0          272      198991     5188       7408.14    2975.41

Total Statistics
Type     Time(s)  Ops          TPS(ops/s)   Net(M/s)   Get_miss   Min(us)  Max(us)    Avg(us)    Std_dev    Geo_dist  
Period   1        25132        25132        3.5        0          262      212672     4679       8602.05    2461.02
Global   10       255025       25502        3.5        0          188      212672     4605       6183.74    2653.36

[1;1H[2J
Get Statistics
Type     Time(s)  Ops          TPS(ops/s)   Net(M/s)   Get_miss   Min(us)  Max(us)    Avg(us)    Std_dev    Geo_dist  
Period   1        25833        25833        3.5        0          226      121534     4427       5337.71    2588.85
Global   11       278244       25294        3.5        0          188      212672     4583       6097.26    2644.45

Set Statistics
Type     Time(s)  Ops          TPS(ops/s)   Net(M/s)   Get_miss   Min(us)  Max(us)    Avg(us)    Std_dev    Geo_dist  
Period   1        261          261          0.0        0          388      30672      4336       4483.98    2670.92
Global   11       2875         261          0.0        0          272      198991     5111       7195.27    2946.39

Total Statistics
Type     Time(s)  Ops          TPS(ops/s)   Net(M/s)   Get_miss   Min(us)  Max(us)    Avg(us)    Std_dev    Geo_dist  
Period   1        26094        26094        3.5        0          226      121534     4426       5329.85    2589.66
Global   11       281119       25556        3.6        0          188      212672     4588       6110.01    2647.38

[1;1H[2J
Get Statistics
Type     Time(s)  Ops          TPS(ops/s)   Net(M/s)   Get_miss   Min(us)  Max(us)    Avg(us)    Std_dev    Geo_dist  
Period   1        23491        23491        3.5        0          227      277884     4818       9038.63    2406.89
Global   12       301735       25144        3.2        0          188      277884     4601       6375.66    2625.15

Set Statistics
Type     Time(s)  Ops          TPS(ops/s)   Net(M/s)   Get_miss   Min(us)  Max(us)    Avg(us)    Std_dev    Geo_dist  
Period   1        235          235          0.0        0          347      81615      5476       8323.19    2785.73
Global   12       3110         259          0.0        0          272      198991     5138       7286.14    2933.93

Total Statistics
Type     Time(s)  Ops          TPS(ops/s)   Net(M/s)   Get_miss   Min(us)  Max(us)    Avg(us)    Std_dev    Geo_dist  
Period   1        23726        23726        3.5        0          227      277884     4825       9031.63    2410.38
Global   12       304845       25403        3.3        0          188      277884     4607       6385.44    2628.13

[1;1H[2J
Get Statistics
Type     Time(s)  Ops          TPS(ops/s)   Net(M/s)   Get_miss   Min(us)  Max(us)    Avg(us)    Std_dev    Geo_dist  
Period   1        24996        24996        3.5        0          199      170120     4490       6489.82    2464.75
Global   13       326731       25133        3.4        0          188      277884     4593       6384.17    2612.51

Set Statistics
Type     Time(s)  Ops          TPS(ops/s)   Net(M/s)   Get_miss   Min(us)  Max(us)    Avg(us)    Std_dev    Geo_dist  
Period   1        254          254          0.0        0          439      46435      4919       6289.60    2731.71
Global   13       3364         258          0.0        0          272      198991     5122       7214.72    2918.15

Total Statistics
Type     Time(s)  Ops          TPS(ops/s)   Net(M/s)   Get_miss   Min(us)  Max(us)    Avg(us)    Std_dev    Geo_dist  
Period   1        25252        25252        3.5        0          199      170120     4494       6487.69    2467.00
Global   13       330097       25392        3.5        0          188      277884     4598       6393.64    2615.44

[1;1H[2J
Get Statistics
Type     Time(s)  Ops          TPS(ops/s)   Net(M/s)   Get_miss   Min(us)  Max(us)    Avg(us)    Std_dev    Geo_dist  
Period   1        25669        25669        3.5        0          251      182760     4348       6117.23    2410.88
Global   14       352400       25171        3.5        0          188      277884     4575       6365.53    2597.32

Set Statistics
Type     Time(s)  Ops          TPS(ops/s)   Net(M/s)   Get_miss   Min(us)  Max(us)    Avg(us)    Std_dev    Geo_dist  
Period   1        254          254          0.0        0          387      63321      4151       5312.23    2415.33
Global   14       3618         258          0.0        0          272      198991     5054       7101.45    2879.66

Total Statistics
Type     Time(s)  Ops          TPS(ops/s)   Net(M/s)   Get_miss   Min(us)  Max(us)    Avg(us)    Std_dev    Geo_dist  
Period   1        25923        25923        3.5        0          251      182760     4346       6109.83    2409.93
Global   14       356020       25430        3.6        0          188      277884     4580       6373.50    2600.06

[1;1H[2J
Get Statistics
Type     Time(s)  Ops          TPS(ops/s)   Net(M/s)   Get_miss   Min(us)  Max(us)    Avg(us)    Std_dev    Geo_dist  
Period   1        25995        25995        3.5        0          198      176744     4581       6348.05    2657.38
Global   15       378395       25226        3.6        0          188      277884     4575       6364.62    2601.46

Set Statistics
Type     Time(s)  Ops          TPS(ops/s)   Net(M/s)   Get_miss   Min(us)  Max(us)    Avg(us)    Std_dev    Geo_dist  
Period   1        264          264          0.0        0          333      72353      4983       6315.82    2972.35
Global   15       3882         258          0.0        0          272      198991     5049       7050.20    2885.88

Total Statistics
Type     Time(s)  Ops          TPS(ops/s)   Net(M/s)   Get_miss   Min(us)  Max(us)    Avg(us)    Std_dev    Geo_dist  
Period   1        26257        26257        3.5        0          198      176744     4585       6348.00    2661.08
Global   15       382277       25485        3.6        0          188      277884     4580       6371.99    2604.20

[1;1H[2J
Get Statistics
Type     Time(s)  Ops          TPS(ops/s)   Net(M/s)   Get_miss   Min(us)  Max(us)    Avg(us)    Std_dev    Geo_dist  
Period   1        24954        24954        3.5        0          227      87087      4461       5448.98    2587.64
Global   16       403349       25209        3.4        0          188      277884     4568       6311.85    2600.61

Set Statistics
Type     Time(s)  Ops          TPS(ops/s)   Net(M/s)   Get_miss   Min(us)  Max(us)    Avg(us)    Std_dev    Geo_dist  
Period   1        253          253          0.0        0          425      41379      4676       5082.17    2813.85
Global   16       4135         258          0.0        0          272      198991     5026       6946.05    2881.42

Total Statistics
Type     Time(s)  Ops          TPS(ops/s)   Net(M/s)   Get_miss   Min(us)  Max(us)    Avg(us)    Std_dev    Geo_dist  
Period   1        25207        25207        3.5        0          227      87087      4464       5444.68    2589.82
Global   16       407484       25467        3.5        0          188      277884     4573       6318.50    2603.31

[1;1H[2J
Get Statistics
Type     Time(s)  Ops          TPS(ops/s)   Net(M/s)   Get_miss   Min(us)  Max(us)    Avg(us)    Std_dev    Geo_dist  
Period   1        25977        25977        3.5        0          265      122719     4552       6155.19    2586.64
Global   17       429326       25254        3.6        0          188      277884     4567       6302.49    2599.41

Set Statistics
Type     Time(s)  Ops          TPS(ops/s)   Net(M/s)   Get_miss   Min(us)  Max(us)    Avg(us)    Std_dev    Geo_dist  
Period   1        264          264          0.0        0          263      50565      4601       6075.44    2644.57
Global   17       4399         258          0.0        0          263      198991     5001       6896.66    2866.62

Total Statistics
Type     Time(s)  Ops          TPS(ops/s)   Net(M/s)   Get_miss   Min(us)  Max(us)    Avg(us)    Std_dev    Geo_dist  
Period   1        26249        26249        3.5        0          263      122719     4551       6153.93    2581.02
Global   17       433733       25513        3.6        0          188      277884     4572       6308.42    2601.96

[1;1H[2J
Get Statistics
Type     Time(s)  Ops          TPS(ops/s)   Net(M/s)   Get_miss   Min(us)  Max(us)    Avg(us)    Std_dev    Geo_dist  
Period   1        24771        24771        3.5        0          184      111402     4502       6966.33    2457.49
Global   18       454097       25227        3.4        0          184      277884     4564       6340.12    2591.79

Set Statistics
Type     Time(s)  Ops          TPS(ops/s)   Net(M/s)   Get_miss   Min(us)  Max(us)    Avg(us)    Std_dev    Geo_dist  
Period   1        246          246          0.0        0          239      38487      4517       4859.15    2721.70
Global   18       4645         258          0.0        0          239      198991     4975       6804.81    2858.76

Total Statistics
Type     Time(s)  Ops          TPS(ops/s)   Net(M/s)   Get_miss   Min(us)  Max(us)    Avg(us)    Std_dev    Geo_dist  
Period   1        25009        25009        3.5        0          184      111402     4504       6949.03    2466.11
Global   18       458742       25485        3.4        0          184      277884     4568       6345.23    2594.36

[1;1H[2J
Get Statistics
Type     Time(s)  Ops          TPS(ops/s)   Net(M/s)   Get_miss   Min(us)  Max(us)    Avg(us)    Std_dev    Geo_dist  
Period   1        25516        25516        3.5        0          212      123538     4549       6230.31    2575.21
Global   19       479613       25242        3.5        0          184      277884     4563       6334.46    2590.90

Set Statistics
Type     Time(s)  Ops          TPS(ops/s)   Net(M/s)   Get_miss   Min(us)  Max(us)    Avg(us)    Std_dev    Geo_dist  
Period   1        260          260          0.0        0          341      38694      4056       4803.86    2373.20
Global   19       4905         258          0.0        0          239      198991     4926       6716.73    2830.69

Total Statistics
Type     Time(s)  Ops          TPS(ops/s)   Net(M/s)   Get_miss   Min(us)  Max(us)    Avg(us)    Std_dev    Geo_dist  
Period   1        25780        25780        3.5        0          212      123538     4543       6217.69    2572.45
Global   19       484522       25501        3.5        0          184      277884     4567       6338.27    2593.19

[1;1H[2J
Get Statistics
Type     Time(s)  Ops          TPS(ops/s)   Net(M/s)   Get_miss   Min(us)  Max(us)    Avg(us)    Std_dev    Geo_dist  
Period   1        24373        24373        3.5        0          201      109825     4721       7909.85    2549.51
Global   20       503986       25199        3.3        0          184      277884     4571       6419.38    2588.92

Set Statistics
Type     Time(s)  Ops          TPS(ops/s)   Net(M/s)   Get_miss   Min(us)  Max(us)    Avg(us)    Std_dev    Geo_dist  
Period   1        244          244          0.0        0          357      66815      4877       6363.35    2820.31
Global   20       5149         257          0.0        0          239      198991     4924       6699.58    2830.19

Total Statistics
Type     Time(s)  Ops          TPS(ops/s)   Net(M/s)   Get_miss   Min(us)  Max(us)    Avg(us)    Std_dev    Geo_dist  
Period   1        24615        24615        3.5        0          201      109825     4723       7896.09    2552.51
Global   20       509137       25456        3.4        0          184      277884     4574       6422.75    2591.25

[1;1H[2J
Get Statistics
Type     Time(s)  Ops          TPS(ops/s)   Net(M/s)   Get_miss   Min(us)  Max(us)    Avg(us)    Std_dev    Geo_dist  
Period   1        25321        25321        3.5        0          237      109306     4617       5591.85    2649.40
Global   21       529307       25205        3.5        0          184      277884     4573       6382.38    2591.82

Set Statistics
Type     Time(s)  Ops          TPS(ops/s)   Net(M/s)   Get_miss   Min(us)  Max(us)    Avg(us)    Std_dev    Geo_dist  
Period   1        253          253          0.0        0          389      50550      5185       5336.49    3166.79
Global   21       5402         257          0.0        0          239      198991     4936       6641.98    2845.13

Total Statistics
Type     Time(s)  Ops          TPS(ops/s)   Net(M/s)   Get_miss   Min(us)  Max(us)    Avg(us)    Std_dev    Geo_dist  
Period   1        25574        25574        3.5        0          237      109306     4623       5589.57    2655.14
Global   21       534711       25462        3.5        0          184      277884     4576       6385.63    2594.27

[1;1H[2J
Get Statistics
Type     Time(s)  Ops          TPS(ops/s)   Net(M/s)   Get_miss   Min(us)  Max(us)    Avg(us)    Std_dev    Geo_dist  
Period   1        26463        26463        3.5        0          226      118461     4358       5614.74    2468.15
Global   22       555770       25262        3.6        0          184      277884     4563       6347.93    2585.83

Set Statistics
Type     Time(s)  Ops          TPS(ops/s)   Net(M/s)   Get_miss   Min(us)  Max(us)    Avg(us)    Std_dev    Geo_dist  
Period   1        266          266          0.0        0          373      65538      4331       6104.85    2444.38
Global   22       5668         257          0.0        0          239      198991     4908       6618.19    2824.93

Total Statistics
Type     Time(s)  Ops          TPS(ops/s)   Net(M/s)   Get_miss   Min(us)  Max(us)    Avg(us)    Std_dev    Geo_dist  
Period   1        26727        26727        3.5        0          226      118461     4357       5620.29    2467.72
Global   22       561438       25519        3.7        0          184      277884     4566       6351.15    2588.14

[1;1H[2J
Get Statistics
Type     Time(s)  Ops          TPS(ops/s)   Net(M/s)   Get_miss   Min(us)  Max(us)    Avg(us)    Std_dev    Geo_dist  
Period   1        26484        26484        3.5        0          217      146999     4378       5844.35    2477.48
Global   23       582254       25315        3.6        0          184      277884     4554       6326.43    2580.80

Set Statistics
Type     Time(s)  Ops          TPS(ops/s)   Net(M/s)   Get_miss   Min(us)  Max(us)    Avg(us)    Std_dev    Geo_dist  
Period   1        271          271          0.0        0          331      44742      4957       5933.06    2797.49
Global   23       5939         258          0.0        0          239      198991     4910       6588.21    2823.67

Total Statistics
Type     Time(s)  Ops          TPS(ops/s)   Net(M/s)   Get_miss   Min(us)  Max(us)    Avg(us)    Std_dev    Geo_dist  
Period   1        26759        26759        3.5        0          217      146999     4384       5845.29    2480.92
Global   23       588197       25573        3.7        0          184      277884     4558       6328.92    2583.16

[1;1H[2J
Get Statistics
Type     Time(s)  Ops          TPS(ops/s)   Net(M/s)   Get_miss   Min(us)  Max(us)    Avg(us)    Std_dev    Geo_dist  
Period   1        25836        25836        3.5        0          242      149455     4480       6622.53    2484.35
Global   24       608090       25337        3.5        0          184      277884     4551       6339.22    2576.74

Set Statistics
Type     Time(s)  Ops          TPS(ops/s)   Net(M/s)   Get_miss   Min(us)  Max(us)    Avg(us)    Std_dev    Geo_dist  
Period   1        266          266          0.0        0          378      107511     5076       8895.07    2514.95
Global   24       6205         258          0.0        0          239      198991     4917       6702.64    2809.69

Total Statistics
Type     Time(s)  Ops          TPS(ops/s)   Net(M/s)   Get_miss   Min(us)  Max(us)    Avg(us)    Std_dev    Geo_dist  
Period   1        26098        26098        3.5        0          242      149455     4486       6650.30    2486.80
Global   24       614295       25595        3.6        0          184      277884     4555       6342.88    2579.00

[1;1H[2J
Get Statistics
Type     Time(s)  Ops          TPS(ops/s)   Net(M/s)   Get_miss   Min(us)  Max(us)    Avg(us)    Std_dev    Geo_dist  
Period   1        26213        26213        3.5        0          210      239224     4368       6879.24    2386.24
Global   25       634303       25372        3.6        0          184      277884     4543       6362.86    2568.58

Set Statistics
Type     Time(s)  Ops          TPS(ops/s)   Net(M/s)   Get_miss   Min(us)  Max(us)    Avg(us)    Std_dev    Geo_dist  
Period   1        264          264          0.0        0          331      64307      5269       7360.74    2877.09
Global   25       6469         258          0.0        0          239      198991     4931       6730.77    2812.41

Total Statistics
Type     Time(s)  Ops          TPS(ops/s)   Net(M/s)   Get_miss   Min(us)  Max(us)    Avg(us)    Std_dev    Geo_dist  
Period   1        26479        26479        3.5        0          210      239224     4377       6884.48    2390.87
Global   25       640774       25630        3.6        0          184      277884     4547       6366.72    2570.94

[1;1H[2J
Get Statistics
Type     Time(s)  Ops          TPS(ops/s)   Net(M/s)   Get_miss   Min(us)  Max(us)    Avg(us)    Std_dev    Geo_dist  
Period   1        26293        26293        3.5        0          292      136424     4445       6401.40    2490.74
Global   26       660596       25407        3.6        0          184      277884     4540       6363.77    2565.43

Set Statistics
Type     Time(s)  Ops          TPS(ops/s)   Net(M/s)   Get_miss   Min(us)  Max(us)    Avg(us)    Std_dev    Geo_dist  
Period   1        265          265          0.0        0          382      58832      4470       6081.61    2524.42
Global   26       6734         259          0.0        0          239      198991     4913       6706.49    2800.48

Total Statistics
Type     Time(s)  Ops          TPS(ops/s)   Net(M/s)   Get_miss   Min(us)  Max(us)    Avg(us)    Std_dev    Geo_dist  
Period   1        26558        26558        3.5        0          292      136424     4445       6398.38    2491.09
Global   26       667332       25666        3.6        0          184      277884     4543       6367.97    2567.71

[1;1H[2J
Get Statistics
Type     Time(s)  Ops          TPS(ops/s)   Net(M/s)   Get_miss   Min(us)  Max(us)    Avg(us)    Std_dev    Geo_dist  
Period   1        25868        25868        3.5        0          232      161074     4462       6619.90    2490.06
Global   27       686464       25424        3.6        0          184      277884     4537       6373.67    2562.58

Set Statistics
Type     Time(s)  Ops          TPS(ops/s)   Net(M/s)   Get_miss   Min(us)  Max(us)    Avg(us)    Std_dev    Geo_dist  
Period   1        259          259          0.0        0          304      21412      4023       4034.97    2393.26
Global   27       6993         259          0.0        0          239      198991     4880       6628.75    2784.23

Total Statistics
Type     Time(s)  Ops          TPS(ops/s)   Net(M/s)   Get_miss   Min(us)  Max(us)    Avg(us)    Std_dev    Geo_dist  
Period   1        26126        26126        3.5        0          232      161074     4457       6599.63    2487.33
Global   27       693458       25683        3.6        0          184      277884     4540       6376.71    2564.73

[1;1H[2J
Get Statistics
Type     Time(s)  Ops          TPS(ops/s)   Net(M/s)   Get_miss   Min(us)  Max(us)    Avg(us)    Std_dev    Geo_dist  
Period   1        25581        25581        3.5        0          242      211869     4473       6503.52    2558.93
Global   28       712045       25430        3.5        0          184      277884     4534       6378.90    2562.48

Set Statistics
Type     Time(s)  Ops          TPS(ops/s)   Net(M/s)   Get_miss   Min(us)  Max(us)    Avg(us)    Std_dev    Geo_dist  
Period   1        259          259          0.0        0          343      53495      4999       5908.50    2939.55
Global   28       7252         259          0.0        0          239      198991     4885       6603.50    2789.63

Total Statistics
Type     Time(s)  Ops          TPS(ops/s)   Net(M/s)   Get_miss   Min(us)  Max(us)    Avg(us)    Std_dev    Geo_dist  
Period   1        25839        25839        3.5        0          242      211869     4478       6498.30    2563.27
Global   28       719297       25689        3.5        0          184      277884     4538       6380.96    2564.68

[1;1H[2J
Get Statistics
Type     Time(s)  Ops          TPS(ops/s)   Net(M/s)   Get_miss   Min(us)  Max(us)    Avg(us)    Std_dev    Geo_dist  
Period   1        24761        24761        3.5        0          229      127210     4692       5650.86    2758.23
Global   29       736806       25407        3.4        0          184      277884     4540       6355.35    2568.83

Set Statistics
Type     Time(s)  Ops          TPS(ops/s)   Net(M/s)   Get_miss   Min(us)  Max(us)    Avg(us)    Std_dev    Geo_dist  
Period   1        252          252          0.0        0          406      48542      4887       4884.86    3159.58
Global   29       7504         258          0.0        0          239      198991     4885       6552.90    2801.32

Total Statistics
Type     Time(s)  Ops          TPS(ops/s)   Net(M/s)   Get_miss   Min(us)  Max(us)    Avg(us)    Std_dev    Geo_dist  
Period   1        25013        25013        3.5        0          229      127210     4694       5643.58    2762.01
Global   29       744310       25665        3.4        0          184      277884     4543       6357.80    2571.08

[1;1H[2J
Get Statistics
Type     Time(s)  Ops          TPS(ops/s)   Net(M/s)   Get_miss   Min(us)  Max(us)    Avg(us)    Std_dev    Geo_dist  
Period   1        25036        25036        3.5        0          220      155118     4602       7110.66    2490.47
Global   30       761842       25394        3.4        0          184      277884     4542       6381.63    2566.22

Set Statistics
Type     Time(s)  Ops          TPS(ops/s)   Net(M/s)   Get_miss   Min(us)  Max(us)    Avg(us)    Std_dev    Geo_dist  
Period   1        254          254          0.0        0          296      39269      4399       5492.69    2489.46
Global   30       7758         258          0.0        0          239      198991     4869       6521.25    2790.52

Total Statistics
Type     Time(s)  Ops          TPS(ops/s)   Net(M/s)   Get_miss   Min(us)  Max(us)    Avg(us)    Std_dev    Geo_dist  
Period   1        25290        25290        3.5        0          220      155118     4600       7096.17    2490.46
Global   30       769600       25653        3.5        0          184      277884     4545       6383.34    2568.39

[1;1H[2J
Get Statistics
Type     Time(s)  Ops          TPS(ops/s)   Net(M/s)   Get_miss   Min(us)  Max(us)    Avg(us)    Std_dev    Geo_dist  
Period   1        24732        24732        3.5        0          241      130920     4793       6690.29    2619.67
Global   31       786574       25373        3.4        0          184      277884     4550       6391.63    2567.88

Set Statistics
Type     Time(s)  Ops          TPS(ops/s)   Net(M/s)   Get_miss   Min(us)  Max(us)    Avg(us)    Std_dev    Geo_dist  
Period   1        244          244          0.0        0          359      104186     5676       9480.78    2948.00
Global   31       8002         258          0.0        0          239      198991     4893       6632.12    2795.19

Total Statistics
Type     Time(s)  Ops          TPS(ops/s)   Net(M/s)   Get_miss   Min(us)  Max(us)    Avg(us)    Std_dev    Geo_dist  
Period   1        24976        24976        3.5        0          241      130920     4802       6723.19    2622.70
Global   31       794576       25631        3.4        0          184      277884     4553       6394.50    2570.08

[1;1H[2J
Get Statistics
Type     Time(s)  Ops          TPS(ops/s)   Net(M/s)   Get_miss   Min(us)  Max(us)    Avg(us)    Std_dev    Geo_dist  
Period   1        25443        25443        3.5        0          206      106313     4581       5049.02    2754.74
Global   32       812017       25375        3.5        0          184      277884     4551       6353.84    2573.54

Set Statistics
Type     Time(s)  Ops          TPS(ops/s)   Net(M/s)   Get_miss   Min(us)  Max(us)    Avg(us)    Std_dev    Geo_dist  
Period   1        262          262          0.0        0          398      37790      4631       4652.25    2857.14
Global   32       8264         258          0.0        0          239      198991     4885       6578.23    2797.14

Total Statistics
Type     Time(s)  Ops          TPS(ops/s)   Net(M/s)   Get_miss   Min(us)  Max(us)    Avg(us)    Std_dev    Geo_dist  
Period   1        25706        25706        3.5        0          206      106313     4582       5044.55    2755.85
Global   32       820282       25633        3.5        0          184      277884     4554       6356.49    2575.70

[1;1H[2J
Get Statistics
Type     Time(s)  Ops          TPS(ops/s)   Net(M/s)   Get_miss   Min(us)  Max(us)    Avg(us)    Std_dev    Geo_dist  
Period   1        26562        26562        3.5        0          268      124816     4383       5340.25    2520.96
Global   33       838579       25411        3.6        0          184      277884     4545       6324.79    2571.88

Set Statistics
Type     Time(s)  Ops          TPS(ops/s)   Net(M/s)   Get_miss   Min(us)  Max(us)    Avg(us)    Std_dev    Geo_dist  
Period   1        262          262          0.0        0          407      132098     5074       9443.80    2571.63
Global   33       8526         258          0.0        0          239      198991     4891       6683.77    2789.92

Total Statistics
Type     Time(s)  Ops          TPS(ops/s)   Net(M/s)   Get_miss   Min(us)  Max(us)    Avg(us)    Std_dev    Geo_dist  
Period   1        26823        26823        3.5        0          268      132098     4390       5395.53    2522.18
Global   33       847105       25669        3.7        0          184      277884     4549       6328.22    2573.99

[1;1H[2J
Get Statistics
Type     Time(s)  Ops          TPS(ops/s)   Net(M/s)   Get_miss   Min(us)  Max(us)    Avg(us)    Std_dev    Geo_dist  
Period   1        26212        26212        3.5        0          252      86832      4436       5203.73    2654.47
Global   34       864791       25435        3.6        0          184      277884     4542       6293.55    2574.35

Set Statistics
Type     Time(s)  Ops          TPS(ops/s)   Net(M/s)   Get_miss   Min(us)  Max(us)    Avg(us)    Std_dev    Geo_dist  
Period   1        263          263          0.0        0          433      18849      4415       3686.04    2855.75
Global   34       8789         258          0.0        0          239      198991     4877       6614.01    2791.87

Total Statistics
Type     Time(s)  Ops          TPS(ops/s)   Net(M/s)   Get_miss   Min(us)  Max(us)    Avg(us)    Std_dev    Geo_dist  
Period   1        26475        26475        3.5        0          252      86832      4436       5190.60    2656.40
Global   34       873580       25693        3.6        0          184      277884     4545       6297.21    2576.45

[1;1H[2J
Get Statistics
Type     Time(s)  Ops          TPS(ops/s)   Net(M/s)   Get_miss   Min(us)  Max(us)    Avg(us)    Std_dev    Geo_dist  
Period   1        26033        26033        3.5        0          216      129413     4497       5433.82    2594.68
Global   35       890824       25452        3.6        0          184      277884     4541       6269.87    2574.94

Set Statistics
Type     Time(s)  Ops          TPS(ops/s)   Net(M/s)   Get_miss   Min(us)  Max(us)    Avg(us)    Std_dev    Geo_dist  
Period   1        271          271          0.0        0          265      44905      4566       4942.19    2661.28
Global   35       9060         258          0.0        0          239      198991     4867       6570.70    2787.87

Total Statistics
Type     Time(s)  Ops          TPS(ops/s)   Net(M/s)   Get_miss   Min(us)  Max(us)    Avg(us)    Std_dev    Geo_dist  
Period   1        26305        26305        3.5        0          216      129413     4498       5428.74    2595.48
Global   35       899885       25711        3.6        0          184      277884     4544       6273.26    2577.01

[1;1H[2J
Get Statistics
Type     Time(s)  Ops          TPS(ops/s)   Net(M/s)   Get_miss   Min(us)  Max(us)    Avg(us)    Std_dev    Geo_dist  
Period   1        26267        26267        3.5        0          245      80500      4426       5232.06    2570.15
Global   36       917091       25474        3.6        0          184      277884     4537       6243.09    2574.83

Set Statistics
Type     Time(s)  Ops          TPS(ops/s)   Net(M/s)   Get_miss   Min(us)  Max(us)    Avg(us)    Std_dev    Geo_dist  
Period   1        264          264          0.0        0          365      33964      4488       4731.97    2626.33
Global   36       9324         259          0.0        0          239      198991     4857       6525.34    2783.16

Total Statistics
Type     Time(s)  Ops          TPS(ops/s)   Net(M/s)   Get_miss   Min(us)  Max(us)    Avg(us)    Std_dev    Geo_dist  
Period   1        26530        26530        3.5        0          245      80500      4427       5227.08    2571.46
Global   36       926415       25733        3.6        0          184      277884     4541       6245.51    2576.85

[1;1H[2J
Get Statistics
Type     Time(s)  Ops          TPS(ops/s)   Net(M/s)   Get_miss   Min(us)  Max(us)    Avg(us)    Std_dev    Geo_dist  
Period   1        25587        25587        3.5        0          230      181060     4480       6593.73    2495.42
Global   37       942678       25477        3.5        0          184      277884     4536       6252.48    2572.64

Set Statistics
Type     Time(s)  Ops          TPS(ops/s)   Net(M/s)   Get_miss   Min(us)  Max(us)    Avg(us)    Std_dev    Geo_dist  
Period   1        260          260          0.0        0          359      102400     4757       9015.71    2428.04
Global   37       9584         259          0.0        0          239      198991     4854       6604.90    2772.88

Total Statistics
Type     Time(s)  Ops          TPS(ops/s)   Net(M/s)   Get_miss   Min(us)  Max(us)    Avg(us)    Std_dev    Geo_dist  
Period   1        25849        25849        3.5        0          230      181060     4483       6621.95    2494.87
Global   37       952264       25736        3.5        0          184      277884     4539       6256.34    2574.59

[1;1H[2J
Get Statistics
Type     Time(s)  Ops          TPS(ops/s)   Net(M/s)   Get_miss   Min(us)  Max(us)    Avg(us)    Std_dev    Geo_dist  
Period   1        26458        26458        3.5        0          183      106029     4376       5115.96    2613.53
Global   38       969136       25503        3.6        0          183      277884     4531       6224.72    2573.77

Set Statistics
Type     Time(s)  Ops          TPS(ops/s)   Net(M/s)   Get_miss   Min(us)  Max(us)    Avg(us)    Std_dev    Geo_dist  
Period   1        263          263          0.0        0          277      43965      4570       5242.77    2655.78
Global   38       9847         259          0.0        0          239      198991     4846       6572.44    2769.68

Total Statistics
Type     Time(s)  Ops          TPS(ops/s)   Net(M/s)   Get_miss   Min(us)  Max(us)    Avg(us)    Std_dev    Geo_dist  
Period   1        26721        26721        3.5        0          183      106029     4375       5117.92    2599.84
Global   38       978985       25762        3.7        0          183      277884     4535       6227.78    2575.67

[1;1H[2J
Get Statistics
Type     Time(s)  Ops          TPS(ops/s)   Net(M/s)   Get_miss   Min(us)  Max(us)    Avg(us)    Std_dev    Geo_dist  
Period   1        25462        25462        3.5        0          278      89001      4542       5142.47    2740.36
Global   39       994598       25502        3.5        0          183      277884     4532       6198.84    2577.93

Set Statistics
Type     Time(s)  Ops          TPS(ops/s)   Net(M/s)   Get_miss   Min(us)  Max(us)    Avg(us)    Std_dev    Geo_dist  
Period   1        259          259          0.0        0          350      35201      4295       4634.07    2609.45
Global   39       10106        259          0.0        0          239      198991     4832       6530.27    2765.46

Total Statistics
Type     Time(s)  Ops          TPS(ops/s)   Net(M/s)   Get_miss   Min(us)  Max(us)    Avg(us)    Std_dev    Geo_dist  
Period   1        25719        25719        3.5        0          278      89001      4540       5137.42    2739.80
Global   39       1004704      25761        3.5        0          183      277884     4535       6202.35    2579.75

[1;1H[2J
Get Statistics
Type     Time(s)  Ops          TPS(ops/s)   Net(M/s)   Get_miss   Min(us)  Max(us)    Avg(us)    Std_dev    Geo_dist  
Period   1        24472        24472        3.5        0          185      117018     4752       6070.02    2698.61
Global   40       1019070      25476        3.4        0          183      277884     4537       6196.08    2580.76

Set Statistics
Type     Time(s)  Ops          TPS(ops/s)   Net(M/s)   Get_miss   Min(us)  Max(us)    Avg(us)    Std_dev    Geo_dist  
Period   1        241          241          0.0        0          325      100501     5377       8976.73    2854.28
Global   40       10347        258          0.0        0          239      198991     4845       6597.29    2767.49

Total Statistics
Type     Time(s)  Ops          TPS(ops/s)   Net(M/s)   Get_miss   Min(us)  Max(us)    Avg(us)    Std_dev    Geo_dist  
Period   1        24714        24714        3.5        0          185      117018     4758       6105.01    2700.12
Global   40       1029418      25735        3.4        0          183      277884     4540       6200.38    2582.58

[1;1H[2J
Get Statistics
Type     Time(s)  Ops          TPS(ops/s)   Net(M/s)   Get_miss   Min(us)  Max(us)    Avg(us)    Std_dev    Geo_dist  
Period   1        25244        25244        3.5        0          203      145028     4551       7193.42    2508.64
Global   41       1044314      25471        3.5        0          183      277884     4537       6222.32    2579.02

Set Statistics
Type     Time(s)  Ops          TPS(ops/s)   Net(M/s)   Get_miss   Min(us)  Max(us)    Avg(us)    Std_dev    Geo_dist  
Period   1        258          258          0.0        0          340      95502      5164       8883.24    2848.50
Global   41       10605        258          0.0        0          239      198991     4853       6661.67    2769.44

Total Statistics
Type     Time(s)  Ops          TPS(ops/s)   Net(M/s)   Get_miss   Min(us)  Max(us)    Avg(us)    Std_dev    Geo_dist  
Period   1        25501        25501        3.5        0          203      145028     4557       7212.84    2511.83
Global   41       1054919      25729        3.5        0          183      277884     4541       6226.36    2580.86

[1;1H[2J
Get Statistics
Type     Time(s)  Ops          TPS(ops/s)   Net(M/s)   Get_miss   Min(us)  Max(us)    Avg(us)    Std_dev    Geo_dist  
Period   1        24770        24770        3.5        0          193      229674     4533       8575.40    2289.65
Global   42       1069084      25454        3.4        0          183      277884     4537       6286.74    2571.91

Set Statistics
Type     Time(s)  Ops          TPS(ops/s)   Net(M/s)   Get_miss   Min(us)  Max(us)    Avg(us)    Std_dev    Geo_dist  
Period   1        254          254          0.0        0          303      58298      4384       5694.95    2407.97
Global   42       10859        258          0.0        0          239      198991     4842       6640.84    2760.39

Total Statistics
Type     Time(s)  Ops          TPS(ops/s)   Net(M/s)   Get_miss   Min(us)  Max(us)    Avg(us)    Std_dev    Geo_dist  
Period   1        25024        25024        3.5        0          193      229674     4530       8551.64    2265.71
Global   42       1079943      25712        3.4        0          183      277884     4540       6290.52    2573.74

[1;1H[2J
Get Statistics
Type     Time(s)  Ops          TPS(ops/s)   Net(M/s)   Get_miss   Min(us)  Max(us)    Avg(us)    Std_dev    Geo_dist  
Period   1        25649        25649        3.5        0          184      149520     4725       6810.82    2587.55
Global   43       1094733      25458        3.5        0          183      277884     4542       6299.15    2572.28

Set Statistics
Type     Time(s)  Ops          TPS(ops/s)   Net(M/s)   Get_miss   Min(us)  Max(us)    Avg(us)    Std_dev    Geo_dist  
Period   1        265          265          0.0        0          385      59066      5056       5874.48    2900.73
Global   43       11124        258          0.0        0          239      198991     4847       6623.53    2763.65

Total Statistics
Type     Time(s)  Ops          TPS(ops/s)   Net(M/s)   Get_miss   Min(us)  Max(us)    Avg(us)    Std_dev    Geo_dist  
Period   1        25916        25916        3.5        0          184      149520     4728       6802.04    2590.77
Global   43       1105859      25717        3.6        0          183      277884     4545       6302.61    2574.14

[1;1H[2J
Get Statistics
Type     Time(s)  Ops          TPS(ops/s)   Net(M/s)   Get_miss   Min(us)  Max(us)    Avg(us)    Std_dev    Geo_dist  
Period   1        26539        26539        3.5        0          226      207593     4363       7154.35    2273.47
Global   44       1121272      25483        3.6        0          183      277884     4537       6321.33    2564.79

Set Statistics
Type     Time(s)  Ops          TPS(ops/s)   Net(M/s)   Get_miss   Min(us)  Max(us)    Avg(us)    Std_dev    Geo_dist  
Period   1        258          258          0.0        0          329      119263     4608       9176.11    2216.88
Global   44       11382        258          0.0        0          239      198991     4841       6692.15    2749.88

Total Statistics
Type     Time(s)  Ops          TPS(ops/s)   Net(M/s)   Get_miss   Min(us)  Max(us)    Avg(us)    Std_dev    Geo_dist  
Period   1        26798        26798        3.5        0          226      207593     4366       7176.19    2273.81
Global   44       1132657      25742        3.7        0          183      277884     4540       6325.28    2566.60

[1;1H[2J
Get Statistics
Type     Time(s)  Ops          TPS(ops/s)   Net(M/s)   Get_miss   Min(us)  Max(us)    Avg(us)    Std_dev    Geo_dist  
Period   1        24877        24877        3.5        0          226      221282     4634       7062.44    2553.08
Global   45       1146149      25469        3.4        0          183      277884     4540       6337.72    2564.60

Set Statistics
Type     Time(s)  Ops          TPS(ops/s)   Net(M/s)   Get_miss   Min(us)  Max(us)    Avg(us)    Std_dev    Geo_dist  
Period   1        254          254          0.0        0          350      33980      4766       4715.80    2832.61
Global   45       11636        258          0.0        0          239      198991     4840       6654.68    2751.66

Total Statistics
Type     Time(s)  Ops          TPS(ops/s)   Net(M/s)   Get_miss   Min(us)  Max(us)    Avg(us)    Std_dev    Geo_dist  
Period   1        25132        25132        3.5        0          226      221282     4636       7042.29    2557.64
Global   45       1157789      25728        3.5        0          183      277884     4543       6341.06    2566.42

[1;1H[2J
Get Statistics
Type     Time(s)  Ops          TPS(ops/s)   Net(M/s)   Get_miss   Min(us)  Max(us)    Avg(us)    Std_dev    Geo_dist  
Period   1        25710        25710        3.5        0          194      123787     4554       6561.71    2440.88
Global   46       1171859      25475        3.5        0          183      277884     4540       6342.95    2561.88

Set Statistics
Type     Time(s)  Ops          TPS(ops/s)   Net(M/s)   Get_miss   Min(us)  Max(us)    Avg(us)    Std_dev    Geo_dist  
Period   1        257          257          0.0        0          324      33488      4437       4551.80    2551.06
Global   46       11893        258          0.0        0          239      198991     4831       6616.64    2747.16

Total Statistics
Type     Time(s)  Ops          TPS(ops/s)   Net(M/s)   Get_miss   Min(us)  Max(us)    Avg(us)    Std_dev    Geo_dist  
Period   1        25963        25963        3.5        0          194      123787     4553       6545.31    2444.06
Global   46       1183752      25733        3.6        0          183      277884     4543       6345.77    2563.67

[1;1H[2J
Get Statistics
Type     Time(s)  Ops          TPS(ops/s)   Net(M/s)   Get_miss   Min(us)  Max(us)    Avg(us)    Std_dev    Geo_dist  
Period   1        25481        25481        3.5        0          186      181769     4591       7016.49    2421.21
Global   47       1197340      25475        3.5        0          183      277884     4541       6358.03    2558.78

Set Statistics
Type     Time(s)  Ops          TPS(ops/s)   Net(M/s)   Get_miss   Min(us)  Max(us)    Avg(us)    Std_dev    Geo_dist  
Period   1        267          267          0.0        0          280      53758      4699       6609.33    2453.34
Global   47       12160        258          0.0        0          239      198991     4828       6616.31    2740.35

Total Statistics
Type     Time(s)  Ops          TPS(ops/s)   Net(M/s)   Get_miss   Min(us)  Max(us)    Avg(us)    Std_dev    Geo_dist  
Period   1        25750        25750        3.5        0          186      181769     4594       7013.00    2421.05
Global   47       1209502      25734        3.5        0          183      277884     4544       6360.76    2560.55

[1;1H[2J
Get Statistics
Type     Time(s)  Ops          TPS(ops/s)   Net(M/s)   Get_miss   Min(us)  Max(us)    Avg(us)    Std_dev    Geo_dist  
Period   1        26134        26134        3.5        0          201      227389     4483       6607.89    2440.88
Global   48       1223474      25489        3.6        0          183      277884     4540       6363.36    2556.22

Set Statistics
Type     Time(s)  Ops          TPS(ops/s)   Net(M/s)   Get_miss   Min(us)  Max(us)    Avg(us)    Std_dev    Geo_dist  
Period   1        258          258          0.0        0          255      35039      4699       4966.42    2695.42
Global   48       12418        258          0.0        0          239      198991     4825       6586.35    2739.40

Total Statistics
Type     Time(s)  Ops          TPS(ops/s)   Net(M/s)   Get_miss   Min(us)  Max(us)    Avg(us)    Std_dev    Geo_dist  
Period   1        26392        26392        3.5        0          201      227389     4484       6592.43    2443.95
Global   48       1235894      25747        3.6        0          183      277884     4543       6365.60    2558.00

[1;1H[2J
Get Statistics
Type     Time(s)  Ops          TPS(ops/s)   Net(M/s)   Get_miss   Min(us)  Max(us)    Avg(us)    Std_dev    Geo_dist  
Period   1        25681        25681        3.5        0          233      130762     4529       5388.32    2662.89
Global   49       1249155      25492        3.5        0          183      277884     4540       6344.66    2558.41

Set Statistics
Type     Time(s)  Ops          TPS(ops/s)   Net(M/s)   Get_miss   Min(us)  Max(us)    Avg(us)    Std_dev    Geo_dist  
Period   1        259          259          0.0        0          519      48094      4921       5053.30    3077.23
Global   49       12677        258          0.0        0          239      198991     4827       6558.44    2745.92

Total Statistics
Type     Time(s)  Ops          TPS(ops/s)   Net(M/s)   Get_miss   Min(us)  Max(us)    Avg(us)    Std_dev    Geo_dist  
Period   1        25938        25938        3.5        0          233      130762     4531       5385.66    2662.85
Global   49       1261832      25751        3.6        0          183      277884     4542       6347.54    2560.23

[1;1H[2J
Get Statistics
Type     Time(s)  Ops          TPS(ops/s)   Net(M/s)   Get_miss   Min(us)  Max(us)    Avg(us)    Std_dev    Geo_dist  
Period   1        25665        25665        3.5        0          223      124925     4503       6272.02    2489.21
Global   50       1274820      25496        3.5        0          183      277884     4539       6343.39    2557.00

Set Statistics
Type     Time(s)  Ops          TPS(ops/s)   Net(M/s)   Get_miss   Min(us)  Max(us)    Avg(us)    Std_dev    Geo_dist  
Period   1        259          259          0.0        0          361      51253      4544       5435.14    2582.94
Global   50       12936        258          0.0        0          239      198991     4822       6537.30    2742.56

Total Statistics
Type     Time(s)  Ops          TPS(ops/s)   Net(M/s)   Get_miss   Min(us)  Max(us)    Avg(us)    Std_dev    Geo_dist  
Period   1        25926        25926        3.5        0          223      124925     4504       6263.71    2490.35
Global   50       1287758      25755        3.6        0          183      277884     4542       6345.32    2558.80

[1;1H[2J
Get Statistics
Type     Time(s)  Ops          TPS(ops/s)   Net(M/s)   Get_miss   Min(us)  Max(us)    Avg(us)    Std_dev    Geo_dist  
Period   1        25114        25114        3.5        0          225      138644     4464       6332.72    2418.76
Global   51       1299934      25488        3.4        0          183      277884     4537       6343.59    2554.27

Set Statistics
Type     Time(s)  Ops          TPS(ops/s)   Net(M/s)   Get_miss   Min(us)  Max(us)    Avg(us)    Std_dev    Geo_dist  
Period   1        254          254          0.0        0          366      43902      4369       5330.85    2504.40
Global   51       13190        258          0.0        0          239      198991     4813       6516.51    2737.77

Total Statistics
Type     Time(s)  Ops          TPS(ops/s)   Net(M/s)   Get_miss   Min(us)  Max(us)    Avg(us)    Std_dev    Geo_dist  
Period   1        25368        25368        3.5        0          225      138644     4463       6323.61    2420.46
Global   51       1313126      25747        3.5        0          183      277884     4540       6345.24    2556.05

[1;1H[2J
Get Statistics
Type     Time(s)  Ops          TPS(ops/s)   Net(M/s)   Get_miss   Min(us)  Max(us)    Avg(us)    Std_dev    Geo_dist  
Period   1        25712        25712        3.5        0          192      127924     4517       6462.37    2465.60
Global   52       1325646      25493        3.5        0          183      277884     4537       6345.64    2552.54

Set Statistics
Type     Time(s)  Ops          TPS(ops/s)   Net(M/s)   Get_miss   Min(us)  Max(us)    Avg(us)    Std_dev    Geo_dist  
Period   1        260          260          0.0        0          304      89936      4921       8262.77    2549.08
Global   52       13450        258          0.0        0          239      198991     4815       6554.37    2733.99

Total Statistics
Type     Time(s)  Ops          TPS(ops/s)   Net(M/s)   Get_miss   Min(us)  Max(us)    Avg(us)    Std_dev    Geo_dist  
Period   1        25970        25970        3.5        0          192      127924     4521       6483.02    2467.06
Global   52       1339096      25751        3.6        0          183      277884     4540       6347.68    2554.30

[1;1H[2J
Get Statistics
Type     Time(s)  Ops          TPS(ops/s)   Net(M/s)   Get_miss   Min(us)  Max(us)    Avg(us)    Std_dev    Geo_dist  
Period   1        26079        26079        3.5        0          242      104811     4413       5908.78    2454.77
Global   53       1351725      25504        3.6        0          183      277884     4535       6337.24    2550.61

Set Statistics
Type     Time(s)  Ops          TPS(ops/s)   Net(M/s)   Get_miss   Min(us)  Max(us)    Avg(us)    Std_dev    Geo_dist  
Period   1        263          263          0.0        0          337      40012      4873       6281.36    2550.87
Global   53       13713        258          0.0        0          239      198991     4816       6549.11    2730.36

Total Statistics
Type     Time(s)  Ops          TPS(ops/s)   Net(M/s)   Get_miss   Min(us)  Max(us)    Avg(us)    Std_dev    Geo_dist  
Period   1        26344        26344        3.5        0          242      104811     4418       5912.33    2455.90
Global   53       1365440      25763        3.6        0          183      277884     4537       6340.05    2552.36

[1;1H[2J
Get Statistics
Type     Time(s)  Ops          TPS(ops/s)   Net(M/s)   Get_miss   Min(us)  Max(us)    Avg(us)    Std_dev    Geo_dist  
Period   1        24516        24516        3.5        0          286      189954     4745       7149.17    2598.39
Global   54       1376241      25485        3.4        0          183      277884     4538       6353.20    2551.47

Set Statistics
Type     Time(s)  Ops          TPS(ops/s)   Net(M/s)   Get_miss   Min(us)  Max(us)    Avg(us)    Std_dev    Geo_dist  
Period   1        242          242          0.0        0          397      50537      4908       5828.66    2850.84
Global   54       13955        258          0.0        0          239      198991     4818       6536.82    2732.40

Total Statistics
Type     Time(s)  Ops          TPS(ops/s)   Net(M/s)   Get_miss   Min(us)  Max(us)    Avg(us)    Std_dev    Geo_dist  
Period   1        24756        24756        3.5        0          286      189954     4746       7138.04    2601.47
Global   54       1390196      25744        3.4        0          183      277884     4541       6354.99    2553.23

[1;1H[2J
Get Statistics
Type     Time(s)  Ops          TPS(ops/s)   Net(M/s)   Get_miss   Min(us)  Max(us)    Avg(us)    Std_dev    Geo_dist  
Period   1        25997        25997        3.5        0          234      69797      4493       5196.84    2646.21
Global   55       1402238      25495        3.6        0          183      277884     4537       6333.80    2553.20

Set Statistics
Type     Time(s)  Ops          TPS(ops/s)   Net(M/s)   Get_miss   Min(us)  Max(us)    Avg(us)    Std_dev    Geo_dist  
Period   1        263          263          0.0        0          385      18961      4416       3897.73    2795.49
Global   55       14218        258          0.0        0          239      198991     4810       6498.30    2733.56

Total Statistics
Type     Time(s)  Ops          TPS(ops/s)   Net(M/s)   Get_miss   Min(us)  Max(us)    Avg(us)    Std_dev    Geo_dist  
Period   1        26260        26260        3.5        0          234      69797      4493       5184.73    2647.67
Global   55       1416456      25753        3.6        0          183      277884     4540       6335.34    2554.95

[1;1H[2J
Get Statistics
Type     Time(s)  Ops          TPS(ops/s)   Net(M/s)   Get_miss   Min(us)  Max(us)    Avg(us)    Std_dev    Geo_dist  
Period   1        25960        25960        3.5        0          251      138237     4500       5843.57    2612.55
Global   56       1428198      25503        3.6        0          183      277884     4537       6324.75    2554.27

Set Statistics
Type     Time(s)  Ops          TPS(ops/s)   Net(M/s)   Get_miss   Min(us)  Max(us)    Avg(us)    Std_dev    Geo_dist  
Period   1        265          265          0.0        0          415      40903      4454       4967.23    2698.34
Global   56       14483        258          0.0        0          239      198991     4804       6473.20    2732.91

Total Statistics
Type     Time(s)  Ops          TPS(ops/s)   Net(M/s)   Get_miss   Min(us)  Max(us)    Avg(us)    Std_dev    Geo_dist  
Period   1        26229        26229        3.5        0          251      138237     4499       5835.54    2613.58
Global   56       1442685      25762        3.6        0          183      277884     4539       6326.79    2556.00

[1;1H[2J
Get Statistics
Type     Time(s)  Ops          TPS(ops/s)   Net(M/s)   Get_miss   Min(us)  Max(us)    Avg(us)    Std_dev    Geo_dist  
Period   1        26915        26915        3.5        0          250      126843     4221       5469.03    2406.12
Global   57       1455113      25528        3.7        0          183      277884     4531       6310.23    2551.47

Set Statistics
Type     Time(s)  Ops          TPS(ops/s)   Net(M/s)   Get_miss   Min(us)  Max(us)    Avg(us)    Std_dev    Geo_dist  
Period   1        270          270          0.0        0          530      44115      4152       4579.33    2547.19
Global   57       14753        258          0.0        0          239      198991     4792       6444.07    2729.39

Total Statistics
Type     Time(s)  Ops          TPS(ops/s)   Net(M/s)   Get_miss   Min(us)  Max(us)    Avg(us)    Std_dev    Geo_dist  
Period   1        27183        27183        3.5        0          250      126843     4220       5461.38    2408.85
Global   57       1469868      25787        3.7        0          183      277884     4534       6311.36    2553.20

[1;1H[2J
Get Statistics
Type     Time(s)  Ops          TPS(ops/s)   Net(M/s)   Get_miss   Min(us)  Max(us)    Avg(us)    Std_dev    Geo_dist  
Period   1        26925        26925        3.5        0          236      193732     4348       6537.37    2384.79
Global   58       1482038      25552        3.7        0          183      277884     4528       6314.24    2548.36

Set Statistics
Type     Time(s)  Ops          TPS(ops/s)   Net(M/s)   Get_miss   Min(us)  Max(us)    Avg(us)    Std_dev    Geo_dist  
Period   1        276          276          0.0        0          387      56233      4182       5708.60    2402.00
Global   58       15029        259          0.0        0          239      198991     4781       6431.53    2722.99

Total Statistics
Type     Time(s)  Ops          TPS(ops/s)   Net(M/s)   Get_miss   Min(us)  Max(us)    Avg(us)    Std_dev    Geo_dist  
Period   1        27199        27199        3.5        0          236      193732     4347       6529.16    2385.55
Global   58       1497067      25811        3.7        0          183      277884     4530       6315.87    2550.05

[1;1H[2J
Get Statistics
Type     Time(s)  Ops          TPS(ops/s)   Net(M/s)   Get_miss   Min(us)  Max(us)    Avg(us)    Std_dev    Geo_dist  
Period   1        25955        25955        3.5        0          189      127672     4496       6181.17    2468.54
Global   59       1507993      25559        3.6        0          183      277884     4527       6312.30    2546.96

Set Statistics
Type     Time(s)  Ops          TPS(ops/s)   Net(M/s)   Get_miss   Min(us)  Max(us)    Avg(us)    Std_dev    Geo_dist  
Period   1        260          260          0.0        0          444      67588      4847       6921.77    2612.31
Global   59       15289        259          0.0        0          239      198991     4782       6440.03    2721.07

Total Statistics
Type     Time(s)  Ops          TPS(ops/s)   Net(M/s)   Get_miss   Min(us)  Max(us)    Avg(us)    Std_dev    Geo_dist  
Period   1        26220        26220        3.5        0          189      127672     4500       6187.96    2469.66
Global   59       1523287      25818        3.6        0          183      277884     4530       6313.31    2548.65

[1;1H[2J
Get Statistics
Type     Time(s)  Ops          TPS(ops/s)   Net(M/s)   Get_miss   Min(us)  Max(us)    Avg(us)    Std_dev    Geo_dist  
Period   1        25251        25251        3.5        0          209      72940      4506       5335.71    2570.71
Global   60       1533244      25554        3.5        0          183      277884     4527       6297.20    2547.40

Set Statistics
Type     Time(s)  Ops          TPS(ops/s)   Net(M/s)   Get_miss   Min(us)  Max(us)    Avg(us)    Std_dev    Geo_dist  
Period   1        255          255          0.0        0          340      37457      4574       4629.48    2749.17
Global   60       15544        259          0.0        0          239      198991     4778       6414.83    2721.53

Total Statistics
Type     Time(s)  Ops          TPS(ops/s)   Net(M/s)   Get_miss   Min(us)  Max(us)    Avg(us)    Std_dev    Geo_dist  
Period   1        25501        25501        3.5        0          209      72940      4508       5328.81    2573.89
Global   60       1548788      25813        3.5        0          183      277884     4529       6298.81    2549.09

Get Statistics (1533360 events)
   Min:       183
   Max:    277884
   Avg:      4527
   Geo:   2547.70
   Std:   6297.90
   Log2 Dist:
       8:      269    33709   366498   385665
      12:   155708   334777   221543    25305
      16:     7625     2027      233        1

Set Statistics (15546 events)
   Min:       239
   Max:    198991
   Avg:      4780
   Geo:   2722.13
   Std:   6415.43
   Log2 Dist:
       8:        2      296     3337     3904
      12:     1734     3334     2514      302
      16:      101       20        2

Total Statistics (1548906 events)
   Min:       183
   Max:    277884
   Avg:      4530
   Geo:   2549.40
   Std:   6298.80
   Log2 Dist:
       8:      271    34005   369835   389569
      12:   157442   338111   224057    25607
      16:     7726     2047      235        1

cmd_get: 1533477
cmd_set: 15547
get_misses: 0
written_bytes: 36221280
read_bytes: 253128768
object_bytes: 2238768

Run time: 60.6s Ops: 1549024 TPS: 25582 Net_rate: 4.6M/s
