servers : 10.0.0.13:9000
threads count: 105
concurrency: 105
run time: 60s
windows size: 10k
set proportion: set_prop=0.01
get proportion: get_prop=0.99
[1;1H[2J
Get Statistics
Type     Time(s)  Ops          TPS(ops/s)   Net(M/s)   Get_miss   Min(us)  Max(us)    Avg(us)    Std_dev    Geo_dist  
Period   1        24892        24892        3.4        0          224      78735      4123       4305.15    2503.08
Global   1        24892        24892        3.4        0          224      78735      4123       4304.88    2502.19

Set Statistics
Type     Time(s)  Ops          TPS(ops/s)   Net(M/s)   Get_miss   Min(us)  Max(us)    Avg(us)    Std_dev    Geo_dist  
Period   1        309          309          0.0        0          433      31768      5028       6257.68    2833.44
Global   1        309          309          0.0        0          433      31768      5028       6257.68    2833.44

Total Statistics
Type     Time(s)  Ops          TPS(ops/s)   Net(M/s)   Get_miss   Min(us)  Max(us)    Avg(us)    Std_dev    Geo_dist  
Period   1        25204        25204        3.5        0          224      78735      4135       4334.53    2506.33
Global   1        25204        25204        3.5        0          224      78735      4135       4334.53    2506.33

[1;1H[2J
Get Statistics
Type     Time(s)  Ops          TPS(ops/s)   Net(M/s)   Get_miss   Min(us)  Max(us)    Avg(us)    Std_dev    Geo_dist  
Period   1        24129        24129        3.4        0          284      69600      4343       4734.95    2600.04
Global   2        49021        24510        3.3        0          224      78735      4232       4522.56    2550.81

Set Statistics
Type     Time(s)  Ops          TPS(ops/s)   Net(M/s)   Get_miss   Min(us)  Max(us)    Avg(us)    Std_dev    Geo_dist  
Period   1        247          247          0.0        0          363      32039      4837       4713.14    2978.06
Global   2        556          278          0.0        0          363      32039      4943       5620.30    2896.80

Total Statistics
Type     Time(s)  Ops          TPS(ops/s)   Net(M/s)   Get_miss   Min(us)  Max(us)    Avg(us)    Std_dev    Geo_dist  
Period   1        24373        24373        3.4        0          284      69600      4348       4734.95    2604.24
Global   2        49577        24788        3.3        0          224      78735      4240       4536.87    2554.45

[1;1H[2J
Get Statistics
Type     Time(s)  Ops          TPS(ops/s)   Net(M/s)   Get_miss   Min(us)  Max(us)    Avg(us)    Std_dev    Geo_dist  
Period   1        24789        24789        3.4        0          313      59883      4163       4037.44    2568.43
Global   3        73810        24603        3.4        0          224      78735      4209       4365.58    2556.71

Set Statistics
Type     Time(s)  Ops          TPS(ops/s)   Net(M/s)   Get_miss   Min(us)  Max(us)    Avg(us)    Std_dev    Geo_dist  
Period   1        243          243          0.0        0          433      38655      4608       4641.33    2719.58
Global   3        799          266          0.0        0          363      38655      4841       5341.03    2841.71

Total Statistics
Type     Time(s)  Ops          TPS(ops/s)   Net(M/s)   Get_miss   Min(us)  Max(us)    Avg(us)    Std_dev    Geo_dist  
Period   1        25034        25034        3.4        0          313      59883      4167       4043.88    2569.69
Global   3        74611        24870        3.4        0          224      78735      4215       4378.24    2559.56

[1;1H[2J
Get Statistics
Type     Time(s)  Ops          TPS(ops/s)   Net(M/s)   Get_miss   Min(us)  Max(us)    Avg(us)    Std_dev    Geo_dist  
Period   1        25005        25005        3.4        0          230      109880     4079       4495.06    2469.18
Global   4        98815        24703        3.4        0          224      109880     4176       4399.14    2534.45

Set Statistics
Type     Time(s)  Ops          TPS(ops/s)   Net(M/s)   Get_miss   Min(us)  Max(us)    Avg(us)    Std_dev    Geo_dist  
Period   1        254          254          0.0        0          433      23798      4311       4145.28    2668.90
Global   4        1053         263          0.0        0          363      38655      4713       5081.78    2799.03

Total Statistics
Type     Time(s)  Ops          TPS(ops/s)   Net(M/s)   Get_miss   Min(us)  Max(us)    Avg(us)    Std_dev    Geo_dist  
Period   1        25259        25259        3.4        0          230      109880     4082       4491.61    2472.18
Global   4        99870        24967        3.5        0          224      109880     4182       4406.94    2537.17

[1;1H[2J
Get Statistics
Type     Time(s)  Ops          TPS(ops/s)   Net(M/s)   Get_miss   Min(us)  Max(us)    Avg(us)    Std_dev    Geo_dist  
Period   1        24299        24299        3.4        0          302      50799      4289       4539.63    2615.36
Global   5        123114       24622        3.3        0          224      109880     4198       4427.84    2550.59

Set Statistics
Type     Time(s)  Ops          TPS(ops/s)   Net(M/s)   Get_miss   Min(us)  Max(us)    Avg(us)    Std_dev    Geo_dist  
Period   1        241          241          0.0        0          468      49760      4507       5500.59    2606.28
Global   5        1294         258          0.0        0          363      49760      4675       5160.44    2762.08

Total Statistics
Type     Time(s)  Ops          TPS(ops/s)   Net(M/s)   Get_miss   Min(us)  Max(us)    Avg(us)    Std_dev    Geo_dist  
Period   1        24539        24539        3.4        0          302      50799      4290       4550.40    2613.97
Global   5        124409       24881        3.4        0          224      109880     4203       4436.25    2552.69

[1;1H[2J
Get Statistics
Type     Time(s)  Ops          TPS(ops/s)   Net(M/s)   Get_miss   Min(us)  Max(us)    Avg(us)    Std_dev    Geo_dist  
Period   1        25279        25279        3.4        0          231      61244      4061       4091.94    2511.10
Global   6        148393       24732        3.5        0          224      109880     4175       4372.41    2543.94

Set Statistics
Type     Time(s)  Ops          TPS(ops/s)   Net(M/s)   Get_miss   Min(us)  Max(us)    Avg(us)    Std_dev    Geo_dist  
Period   1        258          258          0.0        0          433      34458      4392       4413.69    2721.79
Global   6        1552         258          0.0        0          363      49760      4628       5043.71    2755.34

Total Statistics
Type     Time(s)  Ops          TPS(ops/s)   Net(M/s)   Get_miss   Min(us)  Max(us)    Avg(us)    Std_dev    Geo_dist  
Period   1        25538        25538        3.4        0          231      61244      4065       4094.95    2513.43
Global   6        149947       24991        3.5        0          224      109880     4180       4379.81    2546.07

[1;1H[2J
Get Statistics
Type     Time(s)  Ops          TPS(ops/s)   Net(M/s)   Get_miss   Min(us)  Max(us)    Avg(us)    Std_dev    Geo_dist  
Period   1        24841        24841        3.4        0          230      50717      4148       3972.44    2632.75
Global   7        173234       24747        3.4        0          224      109880     4171       4317.48    2556.62

Set Statistics
Type     Time(s)  Ops          TPS(ops/s)   Net(M/s)   Get_miss   Min(us)  Max(us)    Avg(us)    Std_dev    Geo_dist  
Period   1        252          252          0.0        0          405      21746      4270       3789.15    2769.11
Global   7        1804         257          0.0        0          363      49760      4578       4888.51    2757.26

Total Statistics
Type     Time(s)  Ops          TPS(ops/s)   Net(M/s)   Get_miss   Min(us)  Max(us)    Avg(us)    Std_dev    Geo_dist  
Period   1        25091        25091        3.4        0          230      50717      4150       3969.88    2634.81
Global   7        175038       25005        3.4        0          224      109880     4175       4324.12    2558.61

[1;1H[2J
Get Statistics
Type     Time(s)  Ops          TPS(ops/s)   Net(M/s)   Get_miss   Min(us)  Max(us)    Avg(us)    Std_dev    Geo_dist  
Period   1        25220        25220        3.4        0          277      39022      4085       3904.52    2524.33
Global   8        198454       24806        3.5        0          224      109880     4160       4267.37    2552.49

Set Statistics
Type     Time(s)  Ops          TPS(ops/s)   Net(M/s)   Get_miss   Min(us)  Max(us)    Avg(us)    Std_dev    Geo_dist  
Period   1        258          258          0.0        0          547      28323      4477       4155.91    2810.34
Global   8        2062         257          0.0        0          363      49760      4565       4802.52    2763.85

Total Statistics
Type     Time(s)  Ops          TPS(ops/s)   Net(M/s)   Get_miss   Min(us)  Max(us)    Avg(us)    Std_dev    Geo_dist  
Period   1        25482        25482        3.4        0          277      39022      4089       3907.21    2527.39
Global   8        200520       25065        3.5        0          224      109880     4164       4273.55    2554.62

[1;1H[2J
Get Statistics
Type     Time(s)  Ops          TPS(ops/s)   Net(M/s)   Get_miss   Min(us)  Max(us)    Avg(us)    Std_dev    Geo_dist  
Period   1        25645        25645        3.4        0          267      77261      4026       3912.38    2535.95
Global   9        224099       24899        3.5        0          224      109880     4145       4228.15    2550.69

Set Statistics
Type     Time(s)  Ops          TPS(ops/s)   Net(M/s)   Get_miss   Min(us)  Max(us)    Avg(us)    Std_dev    Geo_dist  
Period   1        247          247          0.0        0          464      15906      3814       3461.51    2450.09
Global   9        2309         256          0.0        0          363      49760      4485       4682.29    2728.45

Total Statistics
Type     Time(s)  Ops          TPS(ops/s)   Net(M/s)   Get_miss   Min(us)  Max(us)    Avg(us)    Std_dev    Geo_dist  
Period   1        25890        25890        3.5        0          267      77261      4023       3909.45    2534.99
Global   9        226410       25156        3.6        0          224      109880     4148       4233.63    2552.46

[1;1H[2J
Get Statistics
Type     Time(s)  Ops          TPS(ops/s)   Net(M/s)   Get_miss   Min(us)  Max(us)    Avg(us)    Std_dev    Geo_dist  
Period   1        24545        24545        3.4        0          278      148125     4235       4722.14    2586.29
Global   10       248644       24864        3.4        0          224      148125     4154       4279.46    2554.36

Set Statistics
Type     Time(s)  Ops          TPS(ops/s)   Net(M/s)   Get_miss   Min(us)  Max(us)    Avg(us)    Std_dev    Geo_dist  
Period   1        253          253          0.0        0          401      18618      3986       3671.95    2529.72
Global   10       2562         256          0.0        0          363      49760      4436       4593.96    2708.15

Total Statistics
Type     Time(s)  Ops          TPS(ops/s)   Net(M/s)   Get_miss   Min(us)  Max(us)    Avg(us)    Std_dev    Geo_dist  
Period   1        24796        24796        3.4        0          278      148125     4232       4713.19    2586.43
Global   10       251206       25120        3.4        0          224      148125     4157       4282.75    2555.89

[1;1H[2J
Get Statistics
Type     Time(s)  Ops          TPS(ops/s)   Net(M/s)   Get_miss   Min(us)  Max(us)    Avg(us)    Std_dev    Geo_dist  
Period   1        24756        24756        3.4        0          226      135995     4112       4435.80    2521.01
Global   11       273400       24854        3.4        0          224      148125     4150       4294.03    2551.24

Set Statistics
Type     Time(s)  Ops          TPS(ops/s)   Net(M/s)   Get_miss   Min(us)  Max(us)    Avg(us)    Std_dev    Geo_dist  
Period   1        251          251          0.0        0          364      30113      4502       4419.88    2786.29
Global   11       2813         255          0.0        0          363      49760      4442       4577.86    2715.03

Total Statistics
Type     Time(s)  Ops          TPS(ops/s)   Net(M/s)   Get_miss   Min(us)  Max(us)    Avg(us)    Std_dev    Geo_dist  
Period   1        25009        25009        3.4        0          226      135995     4116       4435.56    2522.86
Global   11       276215       25110        3.4        0          224      148125     4153       4297.09    2552.88

[1;1H[2J
Get Statistics
Type     Time(s)  Ops          TPS(ops/s)   Net(M/s)   Get_miss   Min(us)  Max(us)    Avg(us)    Std_dev    Geo_dist  
Period   1        25655        25655        3.4        0          222      71306      4051       4175.54    2414.47
Global   12       299055       24921        3.5        0          222      148125     4142       4283.64    2539.36

Set Statistics
Type     Time(s)  Ops          TPS(ops/s)   Net(M/s)   Get_miss   Min(us)  Max(us)    Avg(us)    Std_dev    Geo_dist  
Period   1        261          261          0.0        0          491      19674      3871       3783.29    2381.95
Global   12       3074         256          0.0        0          363      49760      4393       4518.61    2685.03

Total Statistics
Type     Time(s)  Ops          TPS(ops/s)   Net(M/s)   Get_miss   Min(us)  Max(us)    Avg(us)    Std_dev    Geo_dist  
Period   1        25917        25917        3.5        0          222      71306      4049       4172.32    2415.08
Global   12       302132       25177        3.6        0          222      148125     4144       4286.72    2540.83

[1;1H[2J
Get Statistics
Type     Time(s)  Ops          TPS(ops/s)   Net(M/s)   Get_miss   Min(us)  Max(us)    Avg(us)    Std_dev    Geo_dist  
Period   1        24759        24759        3.4        0          246      80932      4178       4525.73    2515.14
Global   13       323814       24908        3.4        0          222      148125     4144       4303.42    2537.71

Set Statistics
Type     Time(s)  Ops          TPS(ops/s)   Net(M/s)   Get_miss   Min(us)  Max(us)    Avg(us)    Std_dev    Geo_dist  
Period   1        250          250          0.0        0          391      15954      3809       3449.87    2415.89
Global   13       3324         255          0.0        0          363      49760      4349       4449.49    2663.78

Total Statistics
Type     Time(s)  Ops          TPS(ops/s)   Net(M/s)   Get_miss   Min(us)  Max(us)    Avg(us)    Std_dev    Geo_dist  
Period   1        25009        25009        3.5        0          246      80932      4175       4516.14    2515.91
Global   13       327141       25164        3.4        0          222      148125     4147       4304.11    2538.99

[1;1H[2J
Get Statistics
Type     Time(s)  Ops          TPS(ops/s)   Net(M/s)   Get_miss   Min(us)  Max(us)    Avg(us)    Std_dev    Geo_dist  
Period   1        25347        25347        3.4        0          222      73062      4045       4352.40    2417.59
Global   14       349161       24940        3.5        0          222      148125     4137       4306.90    2528.86

Set Statistics
Type     Time(s)  Ops          TPS(ops/s)   Net(M/s)   Get_miss   Min(us)  Max(us)    Avg(us)    Std_dev    Geo_dist  
Period   1        254          254          0.0        0          386      29045      3796       4334.45    2271.29
Global   14       3578         255          0.0        0          363      49760      4310       4442.85    2633.81

Total Statistics
Type     Time(s)  Ops          TPS(ops/s)   Net(M/s)   Get_miss   Min(us)  Max(us)    Avg(us)    Std_dev    Geo_dist  
Period   1        25600        25600        3.5        0          222      73062      4042       4352.60    2415.99
Global   14       352741       25195        3.5        0          222      148125     4139       4308.10    2529.92

[1;1H[2J
Get Statistics
Type     Time(s)  Ops          TPS(ops/s)   Net(M/s)   Get_miss   Min(us)  Max(us)    Avg(us)    Std_dev    Geo_dist  
Period   1        24577        24577        3.4        0          236      103751     4249       4534.31    2557.53
Global   15       373738       24915        3.4        0          222      148125     4145       4321.71    2530.79

Set Statistics
Type     Time(s)  Ops          TPS(ops/s)   Net(M/s)   Get_miss   Min(us)  Max(us)    Avg(us)    Std_dev    Geo_dist  
Period   1        248          248          0.0        0          477      34301      4920       5289.90    2867.40
Global   15       3826         255          0.0        0          363      49760      4349       4504.81    2648.36

Total Statistics
Type     Time(s)  Ops          TPS(ops/s)   Net(M/s)   Get_miss   Min(us)  Max(us)    Avg(us)    Std_dev    Geo_dist  
Period   1        24825        24825        3.5        0          236      103751     4256       4542.60    2561.31
Global   15       377566       25171        3.4        0          222      148125     4147       4323.71    2531.97

[1;1H[2J
Get Statistics
Type     Time(s)  Ops          TPS(ops/s)   Net(M/s)   Get_miss   Min(us)  Max(us)    Avg(us)    Std_dev    Geo_dist  
Period   1        24916        24916        3.4        0          171      91357      4160       4574.16    2511.05
Global   16       398654       24915        3.4        0          171      148125     4146       4337.86    2529.61

Set Statistics
Type     Time(s)  Ops          TPS(ops/s)   Net(M/s)   Get_miss   Min(us)  Max(us)    Avg(us)    Std_dev    Geo_dist  
Period   1        249          249          0.0        0          357      52171      4678       4973.06    2864.94
Global   16       4075         254          0.0        0          357      52171      4369       4534.94    2661.11

Total Statistics
Type     Time(s)  Ops          TPS(ops/s)   Net(M/s)   Get_miss   Min(us)  Max(us)    Avg(us)    Std_dev    Geo_dist  
Period   1        25165        25165        3.5        0          171      91357      4165       4578.67    2513.54
Global   16       402731       25170        3.5        0          171      148125     4148       4340.21    2530.92

[1;1H[2J
Get Statistics
Type     Time(s)  Ops          TPS(ops/s)   Net(M/s)   Get_miss   Min(us)  Max(us)    Avg(us)    Std_dev    Geo_dist  
Period   1        25238        25238        3.4        0          310      68448      4108       4258.99    2452.25
Global   17       423892       24934        3.5        0          171      148125     4143       4333.93    2524.99

Set Statistics
Type     Time(s)  Ops          TPS(ops/s)   Net(M/s)   Get_miss   Min(us)  Max(us)    Avg(us)    Std_dev    Geo_dist  
Period   1        261          261          0.0        0          539      28505      4453       4156.67    2787.48
Global   17       4336         255          0.0        0          357      52171      4375       4511.75    2668.55

Total Statistics
Type     Time(s)  Ops          TPS(ops/s)   Net(M/s)   Get_miss   Min(us)  Max(us)    Avg(us)    Std_dev    Geo_dist  
Period   1        25497        25497        3.5        0          310      68448      4111       4258.61    2456.11
Global   17       428228       25189        3.5        0          171      148125     4146       4335.20    2526.40

[1;1H[2J
Get Statistics
Type     Time(s)  Ops          TPS(ops/s)   Net(M/s)   Get_miss   Min(us)  Max(us)    Avg(us)    Std_dev    Geo_dist  
Period   1        25676        25676        3.4        0          277      69919      4059       4247.35    2470.62
Global   18       449568       24976        3.5        0          171      148125     4139       4328.31    2521.85

Set Statistics
Type     Time(s)  Ops          TPS(ops/s)   Net(M/s)   Get_miss   Min(us)  Max(us)    Avg(us)    Std_dev    Geo_dist  
Period   1        258          258          0.0        0          502      39487      4266       4674.77    2603.12
Global   18       4594         255          0.0        0          357      52171      4368       4521.45    2664.83

Total Statistics
Type     Time(s)  Ops          TPS(ops/s)   Net(M/s)   Get_miss   Min(us)  Max(us)    Avg(us)    Std_dev    Geo_dist  
Period   1        25935        25935        3.5        0          277      69919      4061       4251.67    2471.81
Global   18       454163       25231        3.6        0          171      148125     4141       4330.66    2523.25

[1;1H[2J
Get Statistics
Type     Time(s)  Ops          TPS(ops/s)   Net(M/s)   Get_miss   Min(us)  Max(us)    Avg(us)    Std_dev    Geo_dist  
Period   1        26649        26649        3.4        0          240      78970      3900       3913.63    2407.06
Global   19       476217       25064        3.7        0          171      148125     4125       4307.11    2515.32

Set Statistics
Type     Time(s)  Ops          TPS(ops/s)   Net(M/s)   Get_miss   Min(us)  Max(us)    Avg(us)    Std_dev    Geo_dist  
Period   1        269          269          0.0        0          436      42282      4149       4400.17    2594.60
Global   19       4863         255          0.0        0          357      52171      4356       4514.55    2660.90

Total Statistics
Type     Time(s)  Ops          TPS(ops/s)   Net(M/s)   Get_miss   Min(us)  Max(us)    Avg(us)    Std_dev    Geo_dist  
Period   1        26921        26921        3.5        0          240      78970      3903       3918.91    2407.55
Global   19       481084       25320        3.7        0          171      148125     4128       4308.69    2516.78

[1;1H[2J
Get Statistics
Type     Time(s)  Ops          TPS(ops/s)   Net(M/s)   Get_miss   Min(us)  Max(us)    Avg(us)    Std_dev    Geo_dist  
Period   1        25573        25573        3.4        0          225      51110      4051       4052.63    2488.43
Global   20       501790       25089        3.5        0          171      148125     4121       4294.76    2513.99

Set Statistics
Type     Time(s)  Ops          TPS(ops/s)   Net(M/s)   Get_miss   Min(us)  Max(us)    Avg(us)    Std_dev    Geo_dist  
Period   1        257          257          0.0        0          479      27673      4462       4201.29    2798.18
Global   20       5120         256          0.0        0          357      52171      4362       4498.36    2667.63

Total Statistics
Type     Time(s)  Ops          TPS(ops/s)   Net(M/s)   Get_miss   Min(us)  Max(us)    Avg(us)    Std_dev    Geo_dist  
Period   1        25826        25826        3.5        0          225      51110      4055       4054.13    2491.76
Global   20       506910       25345        3.5        0          171      148125     4124       4296.39    2515.50

[1;1H[2J
Get Statistics
Type     Time(s)  Ops          TPS(ops/s)   Net(M/s)   Get_miss   Min(us)  Max(us)    Avg(us)    Std_dev    Geo_dist  
Period   1        25411        25411        3.4        0          262      57562      4090       4074.07    2508.46
Global   21       527201       25104        3.5        0          171      148125     4120       4283.91    2513.72

Set Statistics
Type     Time(s)  Ops          TPS(ops/s)   Net(M/s)   Get_miss   Min(us)  Max(us)    Avg(us)    Std_dev    Geo_dist  
Period   1        254          254          0.0        0          561      48809      4288       4841.68    2571.28
Global   21       5374         255          0.0        0          357      52171      4358       4515.21    2662.99

Total Statistics
Type     Time(s)  Ops          TPS(ops/s)   Net(M/s)   Get_miss   Min(us)  Max(us)    Avg(us)    Std_dev    Geo_dist  
Period   1        25666        25666        3.5        0          262      57562      4092       4082.36    2509.18
Global   21       532576       25360        3.5        0          171      148125     4122       4286.76    2515.19

[1;1H[2J
Get Statistics
Type     Time(s)  Ops          TPS(ops/s)   Net(M/s)   Get_miss   Min(us)  Max(us)    Avg(us)    Std_dev    Geo_dist  
Period   1        24863        24863        3.4        0          276      72847      4147       4434.32    2498.29
Global   22       552064       25093        3.4        0          171      148125     4121       4291.02    2513.07

Set Statistics
Type     Time(s)  Ops          TPS(ops/s)   Net(M/s)   Get_miss   Min(us)  Max(us)    Avg(us)    Std_dev    Geo_dist  
Period   1        255          255          0.0        0          568      92344      4292       6705.70    2521.83
Global   22       5629         255          0.0        0          357      92344      4355       4636.06    2656.43

Total Statistics
Type     Time(s)  Ops          TPS(ops/s)   Net(M/s)   Get_miss   Min(us)  Max(us)    Avg(us)    Std_dev    Geo_dist  
Period   1        25118        25118        3.5        0          276      92344      4149       4462.50    2498.52
Global   22       557694       25349        3.4        0          171      148125     4123       4295.05    2514.48

[1;1H[2J
Get Statistics
Type     Time(s)  Ops          TPS(ops/s)   Net(M/s)   Get_miss   Min(us)  Max(us)    Avg(us)    Std_dev    Geo_dist  
Period   1        25325        25325        3.4        0          217      60752      4100       4040.23    2522.51
Global   23       577389       25103        3.5        0          171      148125     4120       4280.41    2513.52

Set Statistics
Type     Time(s)  Ops          TPS(ops/s)   Net(M/s)   Get_miss   Min(us)  Max(us)    Avg(us)    Std_dev    Geo_dist  
Period   1        256          256          0.0        0          436      19349      4648       3669.45    3070.47
Global   23       5885         255          0.0        0          357      92344      4368       4598.13    2673.22

Total Statistics
Type     Time(s)  Ops          TPS(ops/s)   Net(M/s)   Get_miss   Min(us)  Max(us)    Avg(us)    Std_dev    Geo_dist  
Period   1        25584        25584        3.5        0          217      60752      4105       4036.80    2527.12
Global   23       583278       25359        3.5        0          171      148125     4123       4283.29    2515.07

[1;1H[2J
Get Statistics
Type     Time(s)  Ops          TPS(ops/s)   Net(M/s)   Get_miss   Min(us)  Max(us)    Avg(us)    Std_dev    Geo_dist  
Period   1        25094        25094        3.4        0          202      90612      4050       4657.49    2383.48
Global   24       602483       25103        3.4        0          171      148125     4117       4296.88    2508.08

Set Statistics
Type     Time(s)  Ops          TPS(ops/s)   Net(M/s)   Get_miss   Min(us)  Max(us)    Avg(us)    Std_dev    Geo_dist  
Period   1        250          250          0.0        0          416      25946      4317       4509.79    2602.28
Global   24       6135         255          0.0        0          357      92344      4366       4594.14    2670.29

Total Statistics
Type     Time(s)  Ops          TPS(ops/s)   Net(M/s)   Get_miss   Min(us)  Max(us)    Avg(us)    Std_dev    Geo_dist  
Period   1        25340        25340        3.5        0          202      90612      4054       4655.49    2387.80
Global   24       608618       25359        3.5        0          171      148125     4120       4299.57    2509.67

[1;1H[2J
Get Statistics
Type     Time(s)  Ops          TPS(ops/s)   Net(M/s)   Get_miss   Min(us)  Max(us)    Avg(us)    Std_dev    Geo_dist  
Period   1        25439        25439        3.4        0          219      87532      4125       4746.83    2364.23
Global   25       627922       25116        3.5        0          171      148125     4118       4315.37    2502.09

Set Statistics
Type     Time(s)  Ops          TPS(ops/s)   Net(M/s)   Get_miss   Min(us)  Max(us)    Avg(us)    Std_dev    Geo_dist  
Period   1        261          261          0.0        0          299      38453      4105       4499.38    2422.05
Global   25       6396         255          0.0        0          299      92344      4355       4590.59    2659.68

Total Statistics
Type     Time(s)  Ops          TPS(ops/s)   Net(M/s)   Get_miss   Min(us)  Max(us)    Avg(us)    Std_dev    Geo_dist  
Period   1        25700        25700        3.5        0          219      87532      4125       4744.12    2364.81
Global   25       634318       25372        3.5        0          171      148125     4120       4318.66    2503.63

[1;1H[2J
Get Statistics
Type     Time(s)  Ops          TPS(ops/s)   Net(M/s)   Get_miss   Min(us)  Max(us)    Avg(us)    Std_dev    Geo_dist  
Period   1        24967        24967        3.4        0          216      67627      4168       4210.97    2538.69
Global   26       652889       25111        3.4        0          171      148125     4120       4311.35    2503.48

Set Statistics
Type     Time(s)  Ops          TPS(ops/s)   Net(M/s)   Get_miss   Min(us)  Max(us)    Avg(us)    Std_dev    Geo_dist  
Period   1        248          248          0.0        0          341      18351      4358       3760.79    2754.74
Global   26       6644         255          0.0        0          299      92344      4355       4562.20    2663.17

Total Statistics
Type     Time(s)  Ops          TPS(ops/s)   Net(M/s)   Get_miss   Min(us)  Max(us)    Avg(us)    Std_dev    Geo_dist  
Period   1        25217        25217        3.5        0          216      67627      4170       4206.76    2540.93
Global   26       659535       25366        3.5        0          171      148125     4122       4314.36    2505.04

[1;1H[2J
Get Statistics
Type     Time(s)  Ops          TPS(ops/s)   Net(M/s)   Get_miss   Min(us)  Max(us)    Avg(us)    Std_dev    Geo_dist  
Period   1        24917        24917        3.4        0          196      65969      4190       4507.03    2544.51
Global   27       677806       25103        3.4        0          171      148125     4122       4319.27    2505.01

Set Statistics
Type     Time(s)  Ops          TPS(ops/s)   Net(M/s)   Get_miss   Min(us)  Max(us)    Avg(us)    Std_dev    Geo_dist  
Period   1        256          256          0.0        0          480      25302      4113       3882.99    2589.96
Global   27       6900         255          0.0        0          299      92344      4346       4538.82    2660.42

Total Statistics
Type     Time(s)  Ops          TPS(ops/s)   Net(M/s)   Get_miss   Min(us)  Max(us)    Avg(us)    Std_dev    Geo_dist  
Period   1        25171        25171        3.5        0          196      65969      4188       4501.65    2542.97
Global   27       684706       25359        3.5        0          171      148125     4124       4321.84    2506.53

[1;1H[2J
Get Statistics
Type     Time(s)  Ops          TPS(ops/s)   Net(M/s)   Get_miss   Min(us)  Max(us)    Avg(us)    Std_dev    Geo_dist  
Period   1        24130        24130        3.4        0          263      93399      4315       5283.76    2522.81
Global   28       701936       25069        3.3        0          171      148125     4129       4355.76    2505.62

Set Statistics
Type     Time(s)  Ops          TPS(ops/s)   Net(M/s)   Get_miss   Min(us)  Max(us)    Avg(us)    Std_dev    Geo_dist  
Period   1        242          242          0.0        0          357      39228      4284       4345.41    2642.58
Global   28       7142         255          0.0        0          299      92344      4344       4532.03    2659.81

Total Statistics
Type     Time(s)  Ops          TPS(ops/s)   Net(M/s)   Get_miss   Min(us)  Max(us)    Avg(us)    Std_dev    Geo_dist  
Period   1        24374        24374        3.5        0          263      93399      4316       5275.21    2524.32
Global   28       709080       25324        3.3        0          171      148125     4131       4357.83    2507.14

[1;1H[2J
Get Statistics
Type     Time(s)  Ops          TPS(ops/s)   Net(M/s)   Get_miss   Min(us)  Max(us)    Avg(us)    Std_dev    Geo_dist  
Period   1        24612        24612        3.4        0          203      144462     4259       5254.30    2449.85
Global   29       726548       25053        3.4        0          171      148125     4133       4389.68    2503.74

Set Statistics
Type     Time(s)  Ops          TPS(ops/s)   Net(M/s)   Get_miss   Min(us)  Max(us)    Avg(us)    Std_dev    Geo_dist  
Period   1        246          246          0.0        0          324      55232      4500       5689.94    2552.64
Global   29       7388         254          0.0        0          299      92344      4349       4575.10    2656.17

Total Statistics
Type     Time(s)  Ops          TPS(ops/s)   Net(M/s)   Get_miss   Min(us)  Max(us)    Avg(us)    Std_dev    Geo_dist  
Period   1        24858        24858        3.5        0          203      144462     4261       5258.39    2451.50
Global   29       733938       25308        3.4        0          171      148125     4135       4391.79    2505.23

[1;1H[2J
Get Statistics
Type     Time(s)  Ops          TPS(ops/s)   Net(M/s)   Get_miss   Min(us)  Max(us)    Avg(us)    Std_dev    Geo_dist  
Period   1        24877        24877        3.4        0          229      76609      4142       4868.85    2428.52
Global   30       751425       25047        3.4        0          171      148125     4133       4406.65    2501.24

Set Statistics
Type     Time(s)  Ops          TPS(ops/s)   Net(M/s)   Get_miss   Min(us)  Max(us)    Avg(us)    Std_dev    Geo_dist  
Period   1        254          254          0.0        0          291      74349      4922       6817.84    2763.97
Global   30       7642         254          0.0        0          291      92344      4368       4667.52    2659.68

Total Statistics
Type     Time(s)  Ops          TPS(ops/s)   Net(M/s)   Get_miss   Min(us)  Max(us)    Avg(us)    Std_dev    Geo_dist  
Period   1        25129        25129        3.5        0          229      76609      4150       4893.06    2432.43
Global   30       759067       25302        3.5        0          171      148125     4136       4408.82    2502.79

[1;1H[2J
Get Statistics
Type     Time(s)  Ops          TPS(ops/s)   Net(M/s)   Get_miss   Min(us)  Max(us)    Avg(us)    Std_dev    Geo_dist  
Period   1        26505        26505        3.4        0          253      117016     4120       5369.69    2345.91
Global   31       777930       25094        3.6        0          171      148125     4133       4442.49    2495.78

Set Statistics
Type     Time(s)  Ops          TPS(ops/s)   Net(M/s)   Get_miss   Min(us)  Max(us)    Avg(us)    Std_dev    Geo_dist  
Period   1        272          272          0.0        0          374      60371      4255       5768.48    2417.30
Global   31       7914         255          0.0        0          291      92344      4364       4709.35    2650.96

Total Statistics
Type     Time(s)  Ops          TPS(ops/s)   Net(M/s)   Get_miss   Min(us)  Max(us)    Avg(us)    Std_dev    Geo_dist  
Period   1        26777        26777        3.5        0          253      117016     4122       5373.31    2346.63
Global   31       785844       25349        3.7        0          171      148125     4135       4445.61    2497.30

[1;1H[2J
Get Statistics
Type     Time(s)  Ops          TPS(ops/s)   Net(M/s)   Get_miss   Min(us)  Max(us)    Avg(us)    Std_dev    Geo_dist  
Period   1        25646        25646        3.4        0          310      65387      4031       4128.68    2469.68
Global   32       803576       25111        3.5        0          171      148125     4130       4432.61    2494.94

Set Statistics
Type     Time(s)  Ops          TPS(ops/s)   Net(M/s)   Get_miss   Min(us)  Max(us)    Avg(us)    Std_dev    Geo_dist  
Period   1        253          253          0.0        0          406      12854      3849       3590.58    2382.51
Global   32       8167         255          0.0        0          291      92344      4349       4678.50    2642.21

Total Statistics
Type     Time(s)  Ops          TPS(ops/s)   Net(M/s)   Get_miss   Min(us)  Max(us)    Avg(us)    Std_dev    Geo_dist  
Period   1        25899        25899        3.5        0          310      65387      4029       4123.96    2468.82
Global   32       811743       25366        3.6        0          171      148125     4132       4435.39    2496.38

[1;1H[2J
Get Statistics
Type     Time(s)  Ops          TPS(ops/s)   Net(M/s)   Get_miss   Min(us)  Max(us)    Avg(us)    Std_dev    Geo_dist  
Period   1        24227        24227        3.4        0          206      75324      4225       4718.15    2499.78
Global   33       827803       25084        3.3        0          171      148125     4133       4441.05    2495.09

Set Statistics
Type     Time(s)  Ops          TPS(ops/s)   Net(M/s)   Get_miss   Min(us)  Max(us)    Avg(us)    Std_dev    Geo_dist  
Period   1        248          248          0.0        0          422      43455      4397       5168.98    2636.18
Global   33       8415         255          0.0        0          291      92344      4350       4693.74    2642.03

Total Statistics
Type     Time(s)  Ops          TPS(ops/s)   Net(M/s)   Get_miss   Min(us)  Max(us)    Avg(us)    Std_dev    Geo_dist  
Period   1        24475        24475        3.5        0          206      75324      4227       4722.62    2501.13
Global   33       836218       25339        3.4        0          171      148125     4135       4443.89    2496.52

[1;1H[2J
Get Statistics
Type     Time(s)  Ops          TPS(ops/s)   Net(M/s)   Get_miss   Min(us)  Max(us)    Avg(us)    Std_dev    Geo_dist  
Period   1        25097        25097        3.4        0          240      81268      4123       4713.59    2407.29
Global   34       852900       25085        3.4        0          171      148125     4132       4449.96    2492.46

Set Statistics
Type     Time(s)  Ops          TPS(ops/s)   Net(M/s)   Get_miss   Min(us)  Max(us)    Avg(us)    Std_dev    Geo_dist  
Period   1        248          248          0.0        0          263      72202      4549       6217.20    2569.37
Global   34       8663         254          0.0        0          263      92344      4356       4743.53    2639.92

Total Statistics
Type     Time(s)  Ops          TPS(ops/s)   Net(M/s)   Get_miss   Min(us)  Max(us)    Avg(us)    Std_dev    Geo_dist  
Period   1        25349        25349        3.5        0          240      81268      4127       4730.89    2408.42
Global   34       861567       25340        3.5        0          171      148125     4135       4452.38    2493.91

[1;1H[2J
Get Statistics
Type     Time(s)  Ops          TPS(ops/s)   Net(M/s)   Get_miss   Min(us)  Max(us)    Avg(us)    Std_dev    Geo_dist  
Period   1        25168        25168        3.4        0          255      118529     4106       4920.10    2446.97
Global   35       878068       25087        3.5        0          171      148125     4132       4463.46    2491.22

Set Statistics
Type     Time(s)  Ops          TPS(ops/s)   Net(M/s)   Get_miss   Min(us)  Max(us)    Avg(us)    Std_dev    Geo_dist  
Period   1        261          261          0.0        0          426      45582      4850       5427.14    2857.11
Global   35       8924         254          0.0        0          263      92344      4370       4765.71    2646.04

Total Statistics
Type     Time(s)  Ops          TPS(ops/s)   Net(M/s)   Get_miss   Min(us)  Max(us)    Avg(us)    Std_dev    Geo_dist  
Period   1        25427        25427        3.5        0          255      118529     4114       4926.23    2453.22
Global   35       886994       25342        3.5        0          171      148125     4134       4467.03    2492.74

[1;1H[2J
Get Statistics
Type     Time(s)  Ops          TPS(ops/s)   Net(M/s)   Get_miss   Min(us)  Max(us)    Avg(us)    Std_dev    Geo_dist  
Period   1        25198        25198        3.4        0          285      87968      4084       4403.90    2439.07
Global   36       903266       25090        3.5        0          171      148125     4130       4462.43    2489.77

Set Statistics
Type     Time(s)  Ops          TPS(ops/s)   Net(M/s)   Get_miss   Min(us)  Max(us)    Avg(us)    Std_dev    Geo_dist  
Period   1        257          257          0.0        0          331      30302      4078       3794.43    2567.46
Global   36       9181         255          0.0        0          263      92344      4362       4741.15    2643.80

Total Statistics
Type     Time(s)  Ops          TPS(ops/s)   Net(M/s)   Get_miss   Min(us)  Max(us)    Avg(us)    Std_dev    Geo_dist  
Period   1        25454        25454        3.5        0          285      87968      4084       4398.18    2441.08
Global   36       912448       25345        3.5        0          171      148125     4133       4464.76    2491.28

[1;1H[2J
Get Statistics
Type     Time(s)  Ops          TPS(ops/s)   Net(M/s)   Get_miss   Min(us)  Max(us)    Avg(us)    Std_dev    Geo_dist  
Period   1        26154        26154        3.4        0          266      51908      3985       3963.57    2461.62
Global   37       929420       25119        3.6        0          171      148125     4126       4449.15    2489.00

Set Statistics
Type     Time(s)  Ops          TPS(ops/s)   Net(M/s)   Get_miss   Min(us)  Max(us)    Avg(us)    Std_dev    Geo_dist  
Period   1        258          258          0.0        0          397      38817      4111       4297.74    2504.39
Global   37       9439         255          0.0        0          263      92344      4355       4729.68    2639.89

Total Statistics
Type     Time(s)  Ops          TPS(ops/s)   Net(M/s)   Get_miss   Min(us)  Max(us)    Avg(us)    Std_dev    Geo_dist  
Period   1        26413        26413        3.5        0          266      51908      3986       3967.24    2462.13
Global   37       938861       25374        3.6        0          171      148125     4128       4452.40    2490.48

[1;1H[2J
Get Statistics
Type     Time(s)  Ops          TPS(ops/s)   Net(M/s)   Get_miss   Min(us)  Max(us)    Avg(us)    Std_dev    Geo_dist  
Period   1        25862        25862        3.5        0          293      45078      4028       3754.97    2506.45
Global   38       955282       25139        3.6        0          171      148125     4124       4431.21    2489.49

Set Statistics
Type     Time(s)  Ops          TPS(ops/s)   Net(M/s)   Get_miss   Min(us)  Max(us)    Avg(us)    Std_dev    Geo_dist  
Period   1        265          265          0.0        0          516      19327      4567       3699.07    2982.63
Global   38       9704         255          0.0        0          263      92344      4361       4704.31    2648.71

Total Statistics
Type     Time(s)  Ops          TPS(ops/s)   Net(M/s)   Get_miss   Min(us)  Max(us)    Avg(us)    Std_dev    Geo_dist  
Period   1        26126        26126        3.5        0          293      45078      4033       3754.60    2510.34
Global   38       964987       25394        3.6        0          171      148125     4126       4434.46    2491.04

[1;1H[2J
Get Statistics
Type     Time(s)  Ops          TPS(ops/s)   Net(M/s)   Get_miss   Min(us)  Max(us)    Avg(us)    Std_dev    Geo_dist  
Period   1        24864        24864        3.5        0          202      73602      4123       4560.83    2466.61
Global   39       980146       25131        3.4        0          171      148125     4123       4435.45    2488.93

Set Statistics
Type     Time(s)  Ops          TPS(ops/s)   Net(M/s)   Get_miss   Min(us)  Max(us)    Avg(us)    Std_dev    Geo_dist  
Period   1        244          244          0.0        0          442      23874      4001       4024.59    2394.38
Global   39       9948         255          0.0        0          263      92344      4352       4689.13    2642.16

Total Statistics
Type     Time(s)  Ops          TPS(ops/s)   Net(M/s)   Get_miss   Min(us)  Max(us)    Avg(us)    Std_dev    Geo_dist  
Period   1        25109        25109        3.5        0          202      73602      4122       4555.99    2466.23
Global   39       990096       25387        3.4        0          171      148125     4126       4437.48    2490.43

[1;1H[2J
Get Statistics
Type     Time(s)  Ops          TPS(ops/s)   Net(M/s)   Get_miss   Min(us)  Max(us)    Avg(us)    Std_dev    Geo_dist  
Period   1        25109        25109        3.5        0          245      77081      4134       5187.61    2397.31
Global   40       1005255      25131        3.4        0          171      148125     4124       4455.12    2486.64

Set Statistics
Type     Time(s)  Ops          TPS(ops/s)   Net(M/s)   Get_miss   Min(us)  Max(us)    Avg(us)    Std_dev    Geo_dist  
Period   1        259          259          0.0        0          517      25404      3926       3919.70    2457.13
Global   40       10207        255          0.0        0          263      92344      4341       4671.67    2637.29

Total Statistics
Type     Time(s)  Ops          TPS(ops/s)   Net(M/s)   Get_miss   Min(us)  Max(us)    Avg(us)    Std_dev    Geo_dist  
Period   1        25370        25370        3.5        0          245      77081      4132       5175.60    2398.31
Global   40       1015466      25386        3.5        0          171      148125     4126       4457.55    2488.11

[1;1H[2J
Get Statistics
Type     Time(s)  Ops          TPS(ops/s)   Net(M/s)   Get_miss   Min(us)  Max(us)    Avg(us)    Std_dev    Geo_dist  
Period   1        26039        26039        3.5        0          252      86091      3920       4292.91    2404.03
Global   41       1031294      25153        3.6        0          171      148125     4119       4451.07    2484.54

Set Statistics
Type     Time(s)  Ops          TPS(ops/s)   Net(M/s)   Get_miss   Min(us)  Max(us)    Avg(us)    Std_dev    Geo_dist  
Period   1        255          255          0.0        0          493      57418      4185       5750.74    2358.43
Global   41       10462        255          0.0        0          263      92344      4337       4700.83    2630.12

Total Statistics
Type     Time(s)  Ops          TPS(ops/s)   Net(M/s)   Get_miss   Min(us)  Max(us)    Avg(us)    Std_dev    Geo_dist  
Period   1        26311        26311        3.5        0          252      86091      3926       4309.98    2406.62
Global   41       1041777      25409        3.6        0          171      148125     4121       4453.95    2486.01

[1;1H[2J
Get Statistics
Type     Time(s)  Ops          TPS(ops/s)   Net(M/s)   Get_miss   Min(us)  Max(us)    Avg(us)    Std_dev    Geo_dist  
Period   1        25612        25612        3.5        0          272      90836      4006       4092.35    2496.27
Global   42       1056906      25164        3.5        0          171      148125     4116       4443.00    2484.82

Set Statistics
Type     Time(s)  Ops          TPS(ops/s)   Net(M/s)   Get_miss   Min(us)  Max(us)    Avg(us)    Std_dev    Geo_dist  
Period   1        267          267          0.0        0          423      35653      3665       4007.99    2305.63
Global   42       10729        255          0.0        0          263      92344      4321       4685.17    2621.51

Total Statistics
Type     Time(s)  Ops          TPS(ops/s)   Net(M/s)   Get_miss   Min(us)  Max(us)    Avg(us)    Std_dev    Geo_dist  
Period   1        25858        25858        3.5        0          272      90836      3999       4091.43    2491.40
Global   42       1067635      25419        3.6        0          171      148125     4118       4445.60    2486.16

[1;1H[2J
Get Statistics
Type     Time(s)  Ops          TPS(ops/s)   Net(M/s)   Get_miss   Min(us)  Max(us)    Avg(us)    Std_dev    Geo_dist  
Period   1        25772        25772        3.5        0          258      75759      4058       4394.16    2477.79
Global   43       1082678      25178        3.5        0          171      148125     4115       4441.50    2484.65

Set Statistics
Type     Time(s)  Ops          TPS(ops/s)   Net(M/s)   Get_miss   Min(us)  Max(us)    Avg(us)    Std_dev    Geo_dist  
Period   1        255          255          0.0        0          475      26824      4369       4103.84    2744.01
Global   43       10984        255          0.0        0          263      92344      4322       4672.44    2624.30

Total Statistics
Type     Time(s)  Ops          TPS(ops/s)   Net(M/s)   Get_miss   Min(us)  Max(us)    Avg(us)    Std_dev    Geo_dist  
Period   1        26029        26029        3.5        0          258      75759      4061       4391.64    2480.47
Global   43       1093664      25434        3.6        0          171      148125     4117       4444.00    2486.02

[1;1H[2J
Get Statistics
Type     Time(s)  Ops          TPS(ops/s)   Net(M/s)   Get_miss   Min(us)  Max(us)    Avg(us)    Std_dev    Geo_dist  
Period   1        25034        25034        3.5        0          208      73783      4151       4449.36    2572.67
Global   44       1107712      25175        3.4        0          171      148125     4115       4442.43    2486.63

Set Statistics
Type     Time(s)  Ops          TPS(ops/s)   Net(M/s)   Get_miss   Min(us)  Max(us)    Avg(us)    Std_dev    Geo_dist  
Period   1        253          253          0.0        0          349      47953      4528       5961.05    2620.05
Global   44       11237        255          0.0        0          263      92344      4326       4705.69    2624.20

Total Statistics
Type     Time(s)  Ops          TPS(ops/s)   Net(M/s)   Get_miss   Min(us)  Max(us)    Avg(us)    Std_dev    Geo_dist  
Period   1        25287        25287        3.5        0          208      73783      4155       4466.98    2574.03
Global   44       1118951      25430        3.5        0          171      148125     4117       4445.32    2487.98

[1;1H[2J
Get Statistics
Type     Time(s)  Ops          TPS(ops/s)   Net(M/s)   Get_miss   Min(us)  Max(us)    Avg(us)    Std_dev    Geo_dist  
Period   1        26378        26378        3.5        0          270      57298      3946       4233.45    2410.71
Global   45       1134090      25202        3.6        0          171      148125     4111       4437.83    2484.86

Set Statistics
Type     Time(s)  Ops          TPS(ops/s)   Net(M/s)   Get_miss   Min(us)  Max(us)    Avg(us)    Std_dev    Geo_dist  
Period   1        268          268          0.0        0          450      27610      4280       3889.91    2714.65
Global   45       11505        255          0.0        0          263      92344      4325       4688.10    2626.27

Total Statistics
Type     Time(s)  Ops          TPS(ops/s)   Net(M/s)   Get_miss   Min(us)  Max(us)    Avg(us)    Std_dev    Geo_dist  
Period   1        26648        26648        3.5        0          270      57298      3950       4229.94    2414.58
Global   45       1145599      25457        3.7        0          171      148125     4114       4439.67    2486.25

[1;1H[2J
Get Statistics
Type     Time(s)  Ops          TPS(ops/s)   Net(M/s)   Get_miss   Min(us)  Max(us)    Avg(us)    Std_dev    Geo_dist  
Period   1        26351        26351        3.5        0          195      76425      3986       4643.92    2370.17
Global   46       1160441      25226        3.6        0          171      148125     4109       4441.89    2482.27

Set Statistics
Type     Time(s)  Ops          TPS(ops/s)   Net(M/s)   Get_miss   Min(us)  Max(us)    Avg(us)    Std_dev    Geo_dist  
Period   1        267          267          0.0        0          494      38695      4373       5278.52    2464.89
Global   46       11772        255          0.0        0          263      92344      4326       4702.15    2622.50

Total Statistics
Type     Time(s)  Ops          TPS(ops/s)   Net(M/s)   Get_miss   Min(us)  Max(us)    Avg(us)    Std_dev    Geo_dist  
Period   1        26617        26617        3.5        0          195      76425      3990       4650.64    2372.82
Global   46       1172216      25482        3.7        0          171      148125     4111       4444.79    2483.63

[1;1H[2J
Get Statistics
Type     Time(s)  Ops          TPS(ops/s)   Net(M/s)   Get_miss   Min(us)  Max(us)    Avg(us)    Std_dev    Geo_dist  
Period   1        25448        25448        3.5        0          254      73442      4066       4530.67    2480.10
Global   47       1185889      25231        3.5        0          171      148125     4108       4443.89    2482.23

Set Statistics
Type     Time(s)  Ops          TPS(ops/s)   Net(M/s)   Get_miss   Min(us)  Max(us)    Avg(us)    Std_dev    Geo_dist  
Period   1        261          261          0.0        0          476      43670      4312       4531.60    2729.35
Global   47       12033        256          0.0        0          263      92344      4326       4698.06    2624.77

Total Statistics
Type     Time(s)  Ops          TPS(ops/s)   Net(M/s)   Get_miss   Min(us)  Max(us)    Avg(us)    Std_dev    Geo_dist  
Period   1        25708        25708        3.5        0          254      73442      4069       4530.48    2483.55
Global   47       1197924      25487        3.5        0          171      148125     4110       4446.74    2483.63

[1;1H[2J
Get Statistics
Type     Time(s)  Ops          TPS(ops/s)   Net(M/s)   Get_miss   Min(us)  Max(us)    Avg(us)    Std_dev    Geo_dist  
Period   1        25228        25228        3.5        0          196      49462      4073       4058.38    2579.68
Global   48       1211117      25231        3.5        0          171      148125     4107       4436.45    2484.26

Set Statistics
Type     Time(s)  Ops          TPS(ops/s)   Net(M/s)   Get_miss   Min(us)  Max(us)    Avg(us)    Std_dev    Geo_dist  
Period   1        253          253          0.0        0          428      27852      3972       3748.47    2584.51
Global   48       12286        255          0.0        0          263      92344      4319       4680.32    2623.93

Total Statistics
Type     Time(s)  Ops          TPS(ops/s)   Net(M/s)   Get_miss   Min(us)  Max(us)    Avg(us)    Std_dev    Geo_dist  
Period   1        25481        25481        3.5        0          196      49462      4073       4055.60    2580.80
Global   48       1223405      25487        3.5        0          171      148125     4109       4439.16    2485.63

[1;1H[2J
Get Statistics
Type     Time(s)  Ops          TPS(ops/s)   Net(M/s)   Get_miss   Min(us)  Max(us)    Avg(us)    Std_dev    Geo_dist  
Period   1        25980        25980        3.5        0          172      81349      4045       4329.70    2535.50
Global   49       1237097      25246        3.6        0          171      148125     4106       4433.98    2485.34

Set Statistics
Type     Time(s)  Ops          TPS(ops/s)   Net(M/s)   Get_miss   Min(us)  Max(us)    Avg(us)    Std_dev    Geo_dist  
Period   1        258          258          0.0        0          360      29608      4207       4222.07    2651.14
Global   49       12544        256          0.0        0          263      92344      4317       4670.95    2624.49

Total Statistics
Type     Time(s)  Ops          TPS(ops/s)   Net(M/s)   Get_miss   Min(us)  Max(us)    Avg(us)    Std_dev    Geo_dist  
Period   1        26236        26236        3.5        0          172      81349      4045       4328.64    2535.42
Global   49       1249641      25502        3.6        0          171      148125     4108       4436.58    2486.70

[1;1H[2J
Get Statistics
Type     Time(s)  Ops          TPS(ops/s)   Net(M/s)   Get_miss   Min(us)  Max(us)    Avg(us)    Std_dev    Geo_dist  
Period   1        24405        24405        3.5        0          215      134887     4218       5623.35    2494.95
Global   50       1261502      25230        3.4        0          171      148125     4108       4460.18    2485.53

Set Statistics
Type     Time(s)  Ops          TPS(ops/s)   Net(M/s)   Get_miss   Min(us)  Max(us)    Avg(us)    Std_dev    Geo_dist  
Period   1        251          251          0.0        0          472      37067      4272       4793.71    2592.24
Global   50       12795        255          0.0        0          263      92344      4316       4673.31    2623.85

Total Statistics
Type     Time(s)  Ops          TPS(ops/s)   Net(M/s)   Get_miss   Min(us)  Max(us)    Avg(us)    Std_dev    Geo_dist  
Period   1        24657        24657        3.5        0          215      134887     4218       5615.87    2496.03
Global   50       1274298      25485        3.4        0          171      148125     4110       4462.50    2486.88

[1;1H[2J
Get Statistics
Type     Time(s)  Ops          TPS(ops/s)   Net(M/s)   Get_miss   Min(us)  Max(us)    Avg(us)    Std_dev    Geo_dist  
Period   1        25388        25388        3.5        0          238      80183      4104       4739.45    2480.63
Global   51       1286890      25233        3.5        0          171      148125     4108       4465.78    2485.43

Set Statistics
Type     Time(s)  Ops          TPS(ops/s)   Net(M/s)   Get_miss   Min(us)  Max(us)    Avg(us)    Std_dev    Geo_dist  
Period   1        263          263          0.0        0          511      31196      4255       4770.69    2561.90
Global   51       13058        256          0.0        0          263      92344      4314       4675.82    2622.59

Total Statistics
Type     Time(s)  Ops          TPS(ops/s)   Net(M/s)   Get_miss   Min(us)  Max(us)    Avg(us)    Std_dev    Geo_dist  
Period   1        25652        25652        3.5        0          238      80183      4105       4739.87    2481.38
Global   51       1299950      25489        3.5        0          171      148125     4110       4468.04    2486.77

[1;1H[2J
Get Statistics
Type     Time(s)  Ops          TPS(ops/s)   Net(M/s)   Get_miss   Min(us)  Max(us)    Avg(us)    Std_dev    Geo_dist  
Period   1        24133        24133        3.5        0          275      86545      4271       5260.25    2538.50
Global   52       1311023      25211        3.3        0          171      148125     4111       4481.73    2486.41

Set Statistics
Type     Time(s)  Ops          TPS(ops/s)   Net(M/s)   Get_miss   Min(us)  Max(us)    Avg(us)    Std_dev    Geo_dist  
Period   1        241          241          0.0        0          509      70270      4811       6096.19    2884.99
Global   52       13299        255          0.0        0          263      92344      4323       4705.55    2627.13

Total Statistics
Type     Time(s)  Ops          TPS(ops/s)   Net(M/s)   Get_miss   Min(us)  Max(us)    Avg(us)    Std_dev    Geo_dist  
Period   1        24372        24372        3.5        0          275      86545      4276       5269.89    2542.52
Global   52       1324322      25467        3.3        0          171      148125     4113       4484.20    2487.79

[1;1H[2J
Get Statistics
Type     Time(s)  Ops          TPS(ops/s)   Net(M/s)   Get_miss   Min(us)  Max(us)    Avg(us)    Std_dev    Geo_dist  
Period   1        25909        25909        3.5        0          251      46852      4013       4011.25    2543.19
Global   53       1336932      25225        3.6        0          171      148125     4109       4473.19    2487.50

Set Statistics
Type     Time(s)  Ops          TPS(ops/s)   Net(M/s)   Get_miss   Min(us)  Max(us)    Avg(us)    Std_dev    Geo_dist  
Period   1        257          257          0.0        0          469      37773      4224       4836.58    2573.91
Global   53       13556        255          0.0        0          263      92344      4322       4707.10    2626.11

Total Statistics
Type     Time(s)  Ops          TPS(ops/s)   Net(M/s)   Get_miss   Min(us)  Max(us)    Avg(us)    Std_dev    Geo_dist  
Period   1        26166        26166        3.5        0          251      46852      4015       4020.20    2543.49
Global   53       1350488      25480        3.6        0          171      148125     4111       4475.78    2488.86

[1;1H[2J
Get Statistics
Type     Time(s)  Ops          TPS(ops/s)   Net(M/s)   Get_miss   Min(us)  Max(us)    Avg(us)    Std_dev    Geo_dist  
Period   1        22857        22857        3.5        0          279      110518     4475       6240.14    2514.73
Global   54       1359789      25181        3.1        0          171      148125     4115       4509.00    2487.96

Set Statistics
Type     Time(s)  Ops          TPS(ops/s)   Net(M/s)   Get_miss   Min(us)  Max(us)    Avg(us)    Std_dev    Geo_dist  
Period   1        227          227          0.0        0          448      84129      4410       6624.04    2549.04
Global   54       13783        255          0.0        0          263      92344      4323       4745.04    2624.82

Total Statistics
Type     Time(s)  Ops          TPS(ops/s)   Net(M/s)   Get_miss   Min(us)  Max(us)    Avg(us)    Std_dev    Geo_dist  
Period   1        23085        23085        3.5        0          279      110518     4475       6243.57    2516.15
Global   54       1373573      25436        3.2        0          171      148125     4117       4511.56    2489.30

[1;1H[2J
Get Statistics
Type     Time(s)  Ops          TPS(ops/s)   Net(M/s)   Get_miss   Min(us)  Max(us)    Avg(us)    Std_dev    Geo_dist  
Period   1        25519        25519        3.5        0          254      59154      4036       4160.91    2434.15
Global   55       1385308      25187        3.5        0          171      148125     4114       4502.43    2486.97

Set Statistics
Type     Time(s)  Ops          TPS(ops/s)   Net(M/s)   Get_miss   Min(us)  Max(us)    Avg(us)    Std_dev    Geo_dist  
Period   1        264          264          0.0        0          378      17821      4044       3662.82    2490.66
Global   55       14047        255          0.0        0          263      92344      4318       4726.81    2622.23

Total Statistics
Type     Time(s)  Ops          TPS(ops/s)   Net(M/s)   Get_miss   Min(us)  Max(us)    Avg(us)    Std_dev    Geo_dist  
Period   1        25784        25784        3.5        0          254      59154      4036       4156.26    2434.83
Global   55       1399357      25442        3.5        0          171      148125     4116       4504.83    2488.30

[1;1H[2J
Get Statistics
Type     Time(s)  Ops          TPS(ops/s)   Net(M/s)   Get_miss   Min(us)  Max(us)    Avg(us)    Std_dev    Geo_dist  
Period   1        25810        25810        3.5        0          289      83716      4022       4393.14    2410.69
Global   56       1411118      25198        3.5        0          171      148125     4112       4500.77    2485.59

Set Statistics
Type     Time(s)  Ops          TPS(ops/s)   Net(M/s)   Get_miss   Min(us)  Max(us)    Avg(us)    Std_dev    Geo_dist  
Period   1        259          259          0.0        0          491      41448      4350       4571.17    2638.23
Global   56       14306        255          0.0        0          263      92344      4318       4724.42    2622.52

Total Statistics
Type     Time(s)  Ops          TPS(ops/s)   Net(M/s)   Get_miss   Min(us)  Max(us)    Avg(us)    Std_dev    Geo_dist  
Period   1        26071        26071        3.5        0          289      83716      4025       4395.62    2413.88
Global   56       1425428      25454        3.6        0          171      148125     4114       4503.18    2486.93

[1;1H[2J
Get Statistics
Type     Time(s)  Ops          TPS(ops/s)   Net(M/s)   Get_miss   Min(us)  Max(us)    Avg(us)    Std_dev    Geo_dist  
Period   1        24459        24459        3.5        0          272      72941      4288       4544.77    2595.25
Global   57       1435577      25185        3.4        0          171      148125     4115       4501.60    2487.48

Set Statistics
Type     Time(s)  Ops          TPS(ops/s)   Net(M/s)   Get_miss   Min(us)  Max(us)    Avg(us)    Std_dev    Geo_dist  
Period   1        246          246          0.0        0          343      21724      4601       3917.36    2989.96
Global   57       14552        255          0.0        0          263      92344      4323       4711.75    2628.34

Total Statistics
Type     Time(s)  Ops          TPS(ops/s)   Net(M/s)   Get_miss   Min(us)  Max(us)    Avg(us)    Std_dev    Geo_dist  
Period   1        24703        24703        3.5        0          272      72941      4292       4538.96    2601.54
Global   57       1450131      25440        3.4        0          171      148125     4117       4503.89    2488.86

[1;1H[2J
Get Statistics
Type     Time(s)  Ops          TPS(ops/s)   Net(M/s)   Get_miss   Min(us)  Max(us)    Avg(us)    Std_dev    Geo_dist  
Period   1        24892        24892        3.5        0          283      64852      4164       4342.68    2538.58
Global   58       1460469      25180        3.4        0          171      148125     4116       4498.79    2488.36

Set Statistics
Type     Time(s)  Ops          TPS(ops/s)   Net(M/s)   Get_miss   Min(us)  Max(us)    Avg(us)    Std_dev    Geo_dist  
Period   1        253          253          0.0        0          346      23250      4252       3890.21    2654.67
Global   58       14805        255          0.0        0          263      92344      4322       4698.62    2628.79

Total Statistics
Type     Time(s)  Ops          TPS(ops/s)   Net(M/s)   Get_miss   Min(us)  Max(us)    Avg(us)    Std_dev    Geo_dist  
Period   1        25145        25145        3.5        0          283      64852      4165       4338.38    2540.61
Global   58       1475276      25435        3.5        0          171      148125     4118       4500.95    2489.73

[1;1H[2J
Get Statistics
Type     Time(s)  Ops          TPS(ops/s)   Net(M/s)   Get_miss   Min(us)  Max(us)    Avg(us)    Std_dev    Geo_dist  
Period   1        24776        24776        3.5        0          230      100957     4147       4808.46    2447.66
Global   59       1485245      25173        3.4        0          171      148125     4116       4504.61    2487.69

Set Statistics
Type     Time(s)  Ops          TPS(ops/s)   Net(M/s)   Get_miss   Min(us)  Max(us)    Avg(us)    Std_dev    Geo_dist  
Period   1        244          244          0.0        0          426      17754      4285       3667.63    2713.47
Global   59       15049        255          0.0        0          263      92344      4321       4683.99    2630.14

Total Statistics
Type     Time(s)  Ops          TPS(ops/s)   Net(M/s)   Get_miss   Min(us)  Max(us)    Avg(us)    Std_dev    Geo_dist  
Period   1        25019        25019        3.5        0          230      100957     4148       4799.06    2450.88
Global   59       1500295      25428        3.4        0          171      148125     4118       4506.54    2489.08

[1;1H[2J
Get Statistics
Type     Time(s)  Ops          TPS(ops/s)   Net(M/s)   Get_miss   Min(us)  Max(us)    Avg(us)    Std_dev    Geo_dist  
Period   1        25339        25339        3.5        0          255      49718      4073       4151.35    2454.39
Global   60       1510584      25176        3.5        0          171      148125     4116       4498.26    2487.14

Set Statistics
Type     Time(s)  Ops          TPS(ops/s)   Net(M/s)   Get_miss   Min(us)  Max(us)    Avg(us)    Std_dev    Geo_dist  
Period   1        260          260          0.0        0          493      25373      4408       4559.57    2690.55
Global   60       15309        255          0.0        0          263      92344      4323       4681.29    2631.16

Total Statistics
Type     Time(s)  Ops          TPS(ops/s)   Net(M/s)   Get_miss   Min(us)  Max(us)    Avg(us)    Std_dev    Geo_dist  
Period   1        25599        25599        3.5        0          255      49718      4076       4155.47    2454.94
Global   60       1525894      25431        3.5        0          171      148125     4118       4500.25    2488.54

Get Statistics (1510689 events)
   Min:       171
   Max:    148125
   Avg:      4116
   Geo:   2487.32
   Std:   4498.45
   Log2 Dist:
       8:      110    20593   336146   450579
      12:   143137   334579   204356    17553
      16:     3308      320        8

Set Statistics (15311 events)
   Min:       263
   Max:     92344
   Avg:      4323
   Geo:   2631.48
   Std:   4681.45
   Log2 Dist:
       8:        0      148     3061     4698
      12:     1518     3241     2395      214
      16:       31        5

Total Statistics (1526000 events)
   Min:       171
   Max:    148125
   Avg:      4118
   Geo:   2488.73
   Std:   4500.44
   Log2 Dist:
       8:      110    20741   339207   455277
      12:   144655   337820   206751    17767
      16:     3339      325        8

cmd_get: 1510792
cmd_set: 15313
get_misses: 0
written_bytes: 35684918
read_bytes: 249386173
object_bytes: 2205072

Run time: 60.6s Ops: 1526105 TPS: 25194 Net_rate: 4.5M/s
