servers : 10.0.0.13:9000
threads count: 5
concurrency: 5
run time: 60s
windows size: 10k
set proportion: set_prop=0.01
get proportion: get_prop=0.99
[1;1H[2J
Get Statistics
Type     Time(s)  Ops          TPS(ops/s)   Net(M/s)   Get_miss   Min(us)  Max(us)    Avg(us)    Std_dev    Geo_dist  
Period   1        6863         6863         0.9        0          174      5199       717        499.73     631.07
Global   1        6863         6863         0.9        0          174      5199       717        499.73     631.07

Set Statistics
Type     Time(s)  Ops          TPS(ops/s)   Net(M/s)   Get_miss   Min(us)  Max(us)    Avg(us)    Std_dev    Geo_dist  
Period   1        71           71           0.0        0          294      5911       1033       1250.92    769.29
Global   1        71           71           0.0        0          294      5911       1033       1250.92    769.29

Total Statistics
Type     Time(s)  Ops          TPS(ops/s)   Net(M/s)   Get_miss   Min(us)  Max(us)    Avg(us)    Std_dev    Geo_dist  
Period   1        6935         6935         1.0        0          174      5911       721        512.61     631.76
Global   1        6935         6935         1.0        0          174      5911       721        512.61     631.76

[1;1H[2J
Get Statistics
Type     Time(s)  Ops          TPS(ops/s)   Net(M/s)   Get_miss   Min(us)  Max(us)    Avg(us)    Std_dev    Geo_dist  
Period   1        6640         6640         0.9        0          174      6105       747        565.11     654.00
Global   2        13503        6751         0.9        0          174      6105       732        532.74     642.24

Set Statistics
Type     Time(s)  Ops          TPS(ops/s)   Net(M/s)   Get_miss   Min(us)  Max(us)    Avg(us)    Std_dev    Geo_dist  
Period   1        68           68           0.0        0          317      1677       653        241.52     618.33
Global   2        139          69           0.0        0          294      5911       847        926.59     691.32

Total Statistics
Type     Time(s)  Ops          TPS(ops/s)   Net(M/s)   Get_miss   Min(us)  Max(us)    Avg(us)    Std_dev    Geo_dist  
Period   1        6707         6707         0.9        0          174      6105       746        563.02     654.26
Global   2        13642        6821         0.9        0          174      6105       733        538.50     642.73

[1;1H[2J
Get Statistics
Type     Time(s)  Ops          TPS(ops/s)   Net(M/s)   Get_miss   Min(us)  Max(us)    Avg(us)    Std_dev    Geo_dist  
Period   1        6833         6833         0.9        0          210      5574       724        493.37     641.78
Global   3        20336        6778         0.9        0          174      6105       729        520.28     642.09

Set Statistics
Type     Time(s)  Ops          TPS(ops/s)   Net(M/s)   Get_miss   Min(us)  Max(us)    Avg(us)    Std_dev    Geo_dist  
Period   1        69           69           0.0        0          320      2666       814        416.82     731.19
Global   3        208          69           0.0        0          294      5911       836        793.59     704.30

Total Statistics
Type     Time(s)  Ops          TPS(ops/s)   Net(M/s)   Get_miss   Min(us)  Max(us)    Avg(us)    Std_dev    Geo_dist  
Period   1        6902         6902         0.9        0          210      5574       725        492.57     642.61
Global   3        20544        6848         0.9        0          174      6105       730        523.96     642.69

[1;1H[2J
Get Statistics
Type     Time(s)  Ops          TPS(ops/s)   Net(M/s)   Get_miss   Min(us)  Max(us)    Avg(us)    Std_dev    Geo_dist  
Period   1        6119         6119         0.9        0          199      7263       811        603.63     707.13
Global   4        26455        6613         0.8        0          174      7263       748        541.75     656.58

Set Statistics
Type     Time(s)  Ops          TPS(ops/s)   Net(M/s)   Get_miss   Min(us)  Max(us)    Avg(us)    Std_dev    Geo_dist  
Period   1        62           62           0.0        0          390      1890       739        294.39     691.66
Global   4        270          67           0.0        0          294      5911       813        712.14     701.37

Total Statistics
Type     Time(s)  Ops          TPS(ops/s)   Net(M/s)   Get_miss   Min(us)  Max(us)    Avg(us)    Std_dev    Geo_dist  
Period   1        6181         6181         0.9        0          199      7263       810        601.73     706.97
Global   4        26725        6681         0.8        0          174      7263       749        543.29     657.02

[1;1H[2J
Get Statistics
Type     Time(s)  Ops          TPS(ops/s)   Net(M/s)   Get_miss   Min(us)  Max(us)    Avg(us)    Std_dev    Geo_dist  
Period   1        6466         6466         0.9        0          174      9280       765        540.03     677.51
Global   5        32921        6584         0.9        0          174      9280       751        541.92     660.64

Set Statistics
Type     Time(s)  Ops          TPS(ops/s)   Net(M/s)   Get_miss   Min(us)  Max(us)    Avg(us)    Std_dev    Geo_dist  
Period   1        65           65           0.0        0          280      2587       775        373.28     710.01
Global   5        335          67           0.0        0          280      5911       806        659.37     703.04

Total Statistics
Type     Time(s)  Ops          TPS(ops/s)   Net(M/s)   Get_miss   Min(us)  Max(us)    Avg(us)    Std_dev    Geo_dist  
Period   1        6532         6532         0.9        0          174      9280       765        538.88     677.89
Global   5        33257        6651         0.9        0          174      9280       752        542.65     661.06

[1;1H[2J
Get Statistics
Type     Time(s)  Ops          TPS(ops/s)   Net(M/s)   Get_miss   Min(us)  Max(us)    Avg(us)    Std_dev    Geo_dist  
Period   1        6441         6441         0.9        0          175      10265      770        702.45     651.91
Global   6        39362        6560         0.9        0          174      10265      755        570.18     659.32

Set Statistics
Type     Time(s)  Ops          TPS(ops/s)   Net(M/s)   Get_miss   Min(us)  Max(us)    Avg(us)    Std_dev    Geo_dist  
Period   1        64           64           0.0        0          204      5209       768        651.97     663.42
Global   6        399          66           0.0        0          204      5911       800        657.41     696.53

Total Statistics
Type     Time(s)  Ops          TPS(ops/s)   Net(M/s)   Get_miss   Min(us)  Max(us)    Avg(us)    Std_dev    Geo_dist  
Period   1        6504         6504         0.9        0          175      10265      770        702.02     652.67
Global   6        39761        6626         0.9        0          174      10265      755        571.72     659.69

[1;1H[2J
Get Statistics
Type     Time(s)  Ops          TPS(ops/s)   Net(M/s)   Get_miss   Min(us)  Max(us)    Avg(us)    Std_dev    Geo_dist  
Period   1        6836         6836         0.9        0          184      5118       725        451.45     644.48
Global   7        46198        6599         0.9        0          174      10265      750        555.07     657.10

Set Statistics
Type     Time(s)  Ops          TPS(ops/s)   Net(M/s)   Get_miss   Min(us)  Max(us)    Avg(us)    Std_dev    Geo_dist  
Period   1        71           71           0.0        0          254      2580       678        341.91     617.05
Global   7        470          67           0.0        0          204      5911       781        622.10     683.90

Total Statistics
Type     Time(s)  Ops          TPS(ops/s)   Net(M/s)   Get_miss   Min(us)  Max(us)    Avg(us)    Std_dev    Geo_dist  
Period   1        6907         6907         0.9        0          184      5118       724        451.30     644.20
Global   7        46668        6666         0.9        0          174      10265      750        556.21     657.37

[1;1H[2J
Get Statistics
Type     Time(s)  Ops          TPS(ops/s)   Net(M/s)   Get_miss   Min(us)  Max(us)    Avg(us)    Std_dev    Geo_dist  
Period   1        7204         7204         0.9        0          201      6766       688        442.79     618.69
Global   8        53402        6675         1.0        0          174      10265      742        541.20     651.79

Set Statistics
Type     Time(s)  Ops          TPS(ops/s)   Net(M/s)   Get_miss   Min(us)  Max(us)    Avg(us)    Std_dev    Geo_dist  
Period   1        72           72           0.0        0          265      1316       654        270.39     604.24
Global   8        542          67           0.0        0          204      5911       764        589.20     672.74

Total Statistics
Type     Time(s)  Ops          TPS(ops/s)   Net(M/s)   Get_miss   Min(us)  Max(us)    Avg(us)    Std_dev    Geo_dist  
Period   1        7276         7276         0.9        0          201      6766       687        442.45     618.54
Global   8        53944        6743         1.0        0          174      10265      742        542.00     651.99

[1;1H[2J
Get Statistics
Type     Time(s)  Ops          TPS(ops/s)   Net(M/s)   Get_miss   Min(us)  Max(us)    Avg(us)    Std_dev    Geo_dist  
Period   1        7315         7315         0.9        0          197      5346       678        389.67     612.24
Global   9        60717        6746         1.0        0          174      10265      734        526.08     646.89

Set Statistics
Type     Time(s)  Ops          TPS(ops/s)   Net(M/s)   Get_miss   Min(us)  Max(us)    Avg(us)    Std_dev    Geo_dist  
Period   1        74           74           0.0        0          279      1317       630        247.69     587.81
Global   9        616          68           0.0        0          204      5911       748        560.74     661.92

Total Statistics
Type     Time(s)  Ops          TPS(ops/s)   Net(M/s)   Get_miss   Min(us)  Max(us)    Avg(us)    Std_dev    Geo_dist  
Period   1        7389         7389         0.9        0          197      5346       677        389.43     611.99
Global   9        61333        6814         1.0        0          174      10265      734        526.63     647.04

[1;1H[2J
Get Statistics
Type     Time(s)  Ops          TPS(ops/s)   Net(M/s)   Get_miss   Min(us)  Max(us)    Avg(us)    Std_dev    Geo_dist  
Period   1        6614         6614         0.9        0          185      11592      749        594.52     653.16
Global   10       67331        6733         0.9        0          174      11592      735        533.86     647.50

Set Statistics
Type     Time(s)  Ops          TPS(ops/s)   Net(M/s)   Get_miss   Min(us)  Max(us)    Avg(us)    Std_dev    Geo_dist  
Period   1        67           67           0.0        0          294      4288       760        529.57     672.26
Global   10       683          68           0.0        0          204      5911       749        557.63     662.93

Total Statistics
Type     Time(s)  Ops          TPS(ops/s)   Net(M/s)   Get_miss   Min(us)  Max(us)    Avg(us)    Std_dev    Geo_dist  
Period   1        6681         6681         0.9        0          185      11592      749        594.01     653.35
Global   10       68014        6801         0.9        0          174      11592      736        532.91     647.66

[1;1H[2J
Get Statistics
Type     Time(s)  Ops          TPS(ops/s)   Net(M/s)   Get_miss   Min(us)  Max(us)    Avg(us)    Std_dev    Geo_dist  
Period   1        6896         6896         0.9        0          191      10496      719        572.76     627.56
Global   11       74227        6747         0.9        0          174      11592      734        536.94     645.62

Set Statistics
Type     Time(s)  Ops          TPS(ops/s)   Net(M/s)   Get_miss   Min(us)  Max(us)    Avg(us)    Std_dev    Geo_dist  
Period   1        70           70           0.0        0          286      1338       674        306.25     610.39
Global   11       753          68           0.0        0          204      5911       742        539.57     657.86

Total Statistics
Type     Time(s)  Ops          TPS(ops/s)   Net(M/s)   Get_miss   Min(us)  Max(us)    Avg(us)    Std_dev    Geo_dist  
Period   1        6968         6968         0.9        0          191      10496      718        571.23     627.31
Global   11       74982        6816         1.0        0          174      11592      734        537.06     645.74

[1;1H[2J
Get Statistics
Type     Time(s)  Ops          TPS(ops/s)   Net(M/s)   Get_miss   Min(us)  Max(us)    Avg(us)    Std_dev    Geo_dist  
Period   1        6670         6670         0.9        0          210      7379       742        450.07     663.70
Global   12       80897        6741         0.9        0          174      11592      735        529.85     647.19

Set Statistics
Type     Time(s)  Ops          TPS(ops/s)   Net(M/s)   Get_miss   Min(us)  Max(us)    Avg(us)    Std_dev    Geo_dist  
Period   1        67           67           0.0        0          365      4792       831        620.24     722.30
Global   12       820          68           0.0        0          204      5911       750        545.73     662.90

Total Statistics
Type     Time(s)  Ops          TPS(ops/s)   Net(M/s)   Get_miss   Min(us)  Max(us)    Avg(us)    Std_dev    Geo_dist  
Period   1        6738         6738         0.9        0          210      7379       743        451.84     665.33
Global   12       81720        6810         0.9        0          174      11592      735        530.20     647.33

[1;1H[2J
Get Statistics
Type     Time(s)  Ops          TPS(ops/s)   Net(M/s)   Get_miss   Min(us)  Max(us)    Avg(us)    Std_dev    Geo_dist  
Period   1        6851         6851         0.9        0          208      10375      723        498.92     642.26
Global   13       87748        6749         0.9        0          174      11592      734        527.60     646.93

Set Statistics
Type     Time(s)  Ops          TPS(ops/s)   Net(M/s)   Get_miss   Min(us)  Max(us)    Avg(us)    Std_dev    Geo_dist  
Period   1        69           69           0.0        0          349      2047       689        363.72     626.19
Global   13       889          68           0.0        0          204      5911       745        534.29     659.98

Total Statistics
Type     Time(s)  Ops          TPS(ops/s)   Net(M/s)   Get_miss   Min(us)  Max(us)    Avg(us)    Std_dev    Geo_dist  
Period   1        6917         6917         0.9        0          208      10375      723        497.59     643.90
Global   13       88637        6818         0.9        0          174      11592      734        527.82     647.06

[1;1H[2J
Get Statistics
Type     Time(s)  Ops          TPS(ops/s)   Net(M/s)   Get_miss   Min(us)  Max(us)    Avg(us)    Std_dev    Geo_dist  
Period   1        6689         6689         0.9        0          181      8539       741        484.85     662.52
Global   14       94437        6745         0.9        0          174      11592      734        525.38     648.02

Set Statistics
Type     Time(s)  Ops          TPS(ops/s)   Net(M/s)   Get_miss   Min(us)  Max(us)    Avg(us)    Std_dev    Geo_dist  
Period   1        67           67           0.0        0          334      3085       734        459.70     657.47
Global   14       956          68           0.0        0          204      5911       744        529.52     659.80

Total Statistics
Type     Time(s)  Ops          TPS(ops/s)   Net(M/s)   Get_miss   Min(us)  Max(us)    Avg(us)    Std_dev    Geo_dist  
Period   1        6758         6758         0.9        0          181      8539       741        484.34     662.46
Global   14       95395        6813         0.9        0          174      11592      734        525.55     648.14

[1;1H[2J
Get Statistics
Type     Time(s)  Ops          TPS(ops/s)   Net(M/s)   Get_miss   Min(us)  Max(us)    Avg(us)    Std_dev    Geo_dist  
Period   1        6746         6746         0.9        0          191      7870       734        525.72     647.90
Global   15       101183       6745         0.9        0          174      11592      734        525.40     648.06

Set Statistics
Type     Time(s)  Ops          TPS(ops/s)   Net(M/s)   Get_miss   Min(us)  Max(us)    Avg(us)    Std_dev    Geo_dist  
Period   1        68           68           0.0        0          228      1917       687        340.87     624.83
Global   15       1024         68           0.0        0          204      5911       740        519.51     657.42

Total Statistics
Type     Time(s)  Ops          TPS(ops/s)   Net(M/s)   Get_miss   Min(us)  Max(us)    Avg(us)    Std_dev    Geo_dist  
Period   1        6812         6812         0.9        0          191      7870       734        523.72     648.28
Global   15       102207       6813         0.9        0          174      11592      734        525.43     648.15

[1;1H[2J
Get Statistics
Type     Time(s)  Ops          TPS(ops/s)   Net(M/s)   Get_miss   Min(us)  Max(us)    Avg(us)    Std_dev    Geo_dist  
Period   1        6722         6722         0.9        0          173      6410       739        521.20     652.31
Global   16       107905       6744         0.9        0          173      11592      735        524.18     648.32

Set Statistics
Type     Time(s)  Ops          TPS(ops/s)   Net(M/s)   Get_miss   Min(us)  Max(us)    Avg(us)    Std_dev    Geo_dist  
Period   1        69           69           0.0        0          285      1306       651        230.08     615.71
Global   16       1093         68           0.0        0          204      5911       735        505.66     654.70

Total Statistics
Type     Time(s)  Ops          TPS(ops/s)   Net(M/s)   Get_miss   Min(us)  Max(us)    Avg(us)    Std_dev    Geo_dist  
Period   1        6791         6791         0.9        0          173      6410       738        519.28     651.92
Global   16       108998       6812         0.9        0          173      11592      735        523.99     648.38

[1;1H[2J
Get Statistics
Type     Time(s)  Ops          TPS(ops/s)   Net(M/s)   Get_miss   Min(us)  Max(us)    Avg(us)    Std_dev    Geo_dist  
Period   1        6406         6406         0.9        0          204      7711       773        552.03     683.15
Global   17       114311       6724         0.9        0          173      11592      737        526.03     650.22

Set Statistics
Type     Time(s)  Ops          TPS(ops/s)   Net(M/s)   Get_miss   Min(us)  Max(us)    Avg(us)    Std_dev    Geo_dist  
Period   1        65           65           0.0        0          285      1763       722        302.64     667.00
Global   17       1158         68           0.0        0          204      5911       734        496.79     655.39

Total Statistics
Type     Time(s)  Ops          TPS(ops/s)   Net(M/s)   Get_miss   Min(us)  Max(us)    Avg(us)    Std_dev    Geo_dist  
Period   1        6471         6471         0.9        0          204      7711       773        549.38     682.98
Global   17       115469       6792         0.9        0          173      11592      737        525.70     650.28

[1;1H[2J
Get Statistics
Type     Time(s)  Ops          TPS(ops/s)   Net(M/s)   Get_miss   Min(us)  Max(us)    Avg(us)    Std_dev    Geo_dist  
Period   1        6949         6949         0.9        0          185      7284       712        467.08     635.89
Global   18       121260       6736         1.0        0          173      11592      735        523.66     649.39

Set Statistics
Type     Time(s)  Ops          TPS(ops/s)   Net(M/s)   Get_miss   Min(us)  Max(us)    Avg(us)    Std_dev    Geo_dist  
Period   1        70           70           0.0        0          348      3003       783        426.54     705.42
Global   18       1228         68           0.0        0          204      5911       737        492.72     658.14

Total Statistics
Type     Time(s)  Ops          TPS(ops/s)   Net(M/s)   Get_miss   Min(us)  Max(us)    Avg(us)    Std_dev    Geo_dist  
Period   1        7019         7019         0.9        0          185      7284       712        467.80     636.55
Global   18       122488       6804         1.0        0          173      11592      735        523.38     649.48

[1;1H[2J
Get Statistics
Type     Time(s)  Ops          TPS(ops/s)   Net(M/s)   Get_miss   Min(us)  Max(us)    Avg(us)    Std_dev    Geo_dist  
Period   1        6956         6956         0.9        0          188      5061       713        398.08     642.87
Global   19       128216       6748         1.0        0          173      11592      734        517.38     649.04

Set Statistics
Type     Time(s)  Ops          TPS(ops/s)   Net(M/s)   Get_miss   Min(us)  Max(us)    Avg(us)    Std_dev    Geo_dist  
Period   1        69           69           0.0        0          244      1583       680        279.02     628.86
Global   19       1297         68           0.0        0          204      5911       734        483.79     656.55

Total Statistics
Type     Time(s)  Ops          TPS(ops/s)   Net(M/s)   Get_miss   Min(us)  Max(us)    Avg(us)    Std_dev    Geo_dist  
Period   1        7025         7025         0.9        0          188      5061       712        398.29     642.73
Global   19       129513       6816         1.0        0          173      11592      734        517.05     649.11

[1;1H[2J
Get Statistics
Type     Time(s)  Ops          TPS(ops/s)   Net(M/s)   Get_miss   Min(us)  Max(us)    Avg(us)    Std_dev    Geo_dist  
Period   1        6846         6846         0.9        0          172      6918       722        442.60     648.11
Global   20       135062       6753         0.9        0          172      11592      733        514.41     648.99

Set Statistics
Type     Time(s)  Ops          TPS(ops/s)   Net(M/s)   Get_miss   Min(us)  Max(us)    Avg(us)    Std_dev    Geo_dist  
Period   1        69           69           0.0        0          293      6902       833        871.31     691.89
Global   20       1366         68           0.0        0          204      6902       739        510.40     658.29

Total Statistics
Type     Time(s)  Ops          TPS(ops/s)   Net(M/s)   Get_miss   Min(us)  Max(us)    Avg(us)    Std_dev    Geo_dist  
Period   1        6915         6915         0.9        0          172      6918       723        449.09     648.53
Global   20       136428       6821         0.9        0          172      11592      733        514.46     649.08

[1;1H[2J
Get Statistics
Type     Time(s)  Ops          TPS(ops/s)   Net(M/s)   Get_miss   Min(us)  Max(us)    Avg(us)    Std_dev    Geo_dist  
Period   1        6669         6669         0.9        0          171      7704       742        473.43     666.44
Global   21       141731       6749         0.9        0          171      11592      734        511.73     649.80

Set Statistics
Type     Time(s)  Ops          TPS(ops/s)   Net(M/s)   Get_miss   Min(us)  Max(us)    Avg(us)    Std_dev    Geo_dist  
Period   1        68           68           0.0        0          319      5255       754        628.52     655.04
Global   21       1434         68           0.0        0          204      6902       740        515.95     658.14

Total Statistics
Type     Time(s)  Ops          TPS(ops/s)   Net(M/s)   Get_miss   Min(us)  Max(us)    Avg(us)    Std_dev    Geo_dist  
Period   1        6737         6737         0.9        0          171      7704       742        475.38     666.32
Global   21       143165       6817         0.9        0          171      11592      734        511.86     649.89

[1;1H[2J
Get Statistics
Type     Time(s)  Ops          TPS(ops/s)   Net(M/s)   Get_miss   Min(us)  Max(us)    Avg(us)    Std_dev    Geo_dist  
Period   1        6756         6756         0.9        0          172      8248       733        565.38     636.13
Global   22       148487       6749         0.9        0          171      11592      734        514.23     649.17

Set Statistics
Type     Time(s)  Ops          TPS(ops/s)   Net(M/s)   Get_miss   Min(us)  Max(us)    Avg(us)    Std_dev    Geo_dist  
Period   1        68           68           0.0        0          288      6459       841        849.23     688.67
Global   22       1502         68           0.0        0          204      6902       744        536.31     659.49

Total Statistics
Type     Time(s)  Ops          TPS(ops/s)   Net(M/s)   Get_miss   Min(us)  Max(us)    Avg(us)    Std_dev    Geo_dist  
Period   1        6824         6824         0.9        0          172      8248       734        569.01     636.64
Global   22       149989       6817         0.9        0          171      11592      734        514.60     649.28

[1;1H[2J
Get Statistics
Type     Time(s)  Ops          TPS(ops/s)   Net(M/s)   Get_miss   Min(us)  Max(us)    Avg(us)    Std_dev    Geo_dist  
Period   1        7298         7298         0.9        0          144      7151       679        545.45     583.05
Global   23       155785       6773         1.0        0          144      11592      731        516.46     645.92

Set Statistics
Type     Time(s)  Ops          TPS(ops/s)   Net(M/s)   Get_miss   Min(us)  Max(us)    Avg(us)    Std_dev    Geo_dist  
Period   1        73           73           0.0        0          230      4435       681        559.75     582.33
Global   23       1575         68           0.0        0          204      6902       741        537.51     655.70

Total Statistics
Type     Time(s)  Ops          TPS(ops/s)   Net(M/s)   Get_miss   Min(us)  Max(us)    Avg(us)    Std_dev    Geo_dist  
Period   1        7371         7371         0.9        0          144      7151       679        545.58     583.04
Global   23       157360       6841         1.0        0          144      11592      731        516.82     646.01

[1;1H[2J
Get Statistics
Type     Time(s)  Ops          TPS(ops/s)   Net(M/s)   Get_miss   Min(us)  Max(us)    Avg(us)    Std_dev    Geo_dist  
Period   1        7547         7547         0.9        0          176      5535       656        403.95     587.93
Global   24       163332       6805         1.0        0          144      11592      728        511.39     643.11

Set Statistics
Type     Time(s)  Ops          TPS(ops/s)   Net(M/s)   Get_miss   Min(us)  Max(us)    Avg(us)    Std_dev    Geo_dist  
Period   1        77           77           0.0        0          228      1812       636        278.65     584.77
Global   24       1652         68           0.0        0          204      6902       736        528.83     652.21

Total Statistics
Type     Time(s)  Ops          TPS(ops/s)   Net(M/s)   Get_miss   Min(us)  Max(us)    Avg(us)    Std_dev    Geo_dist  
Period   1        7624         7624         0.9        0          176      5535       656        402.54     587.90
Global   24       164984       6874         1.0        0          144      11592      728        511.68     643.20

[1;1H[2J
Get Statistics
Type     Time(s)  Ops          TPS(ops/s)   Net(M/s)   Get_miss   Min(us)  Max(us)    Avg(us)    Std_dev    Geo_dist  
Period   1        7401         7401         0.9        0          150      5588       669        422.83     595.21
Global   25       170733       6829         1.0        0          144      11592      725        508.64     640.96

Set Statistics
Type     Time(s)  Ops          TPS(ops/s)   Net(M/s)   Get_miss   Min(us)  Max(us)    Avg(us)    Std_dev    Geo_dist  
Period   1        75           75           0.0        0          220      2168       617        340.92     558.02
Global   25       1727         69           0.0        0          204      6902       731        522.33     647.80

Total Statistics
Type     Time(s)  Ops          TPS(ops/s)   Net(M/s)   Get_miss   Min(us)  Max(us)    Avg(us)    Std_dev    Geo_dist  
Period   1        7476         7476         0.9        0          150      5588       669        421.27     594.82
Global   25       172460       6898         1.0        0          144      11592      725        508.86     641.03

[1;1H[2J
Get Statistics
Type     Time(s)  Ops          TPS(ops/s)   Net(M/s)   Get_miss   Min(us)  Max(us)    Avg(us)    Std_dev    Geo_dist  
Period   1        6246         6246         0.9        0          184      10083      794        619.76     692.22
Global   26       176979       6806         0.9        0          144      11592      728        512.33     642.70

Set Statistics
Type     Time(s)  Ops          TPS(ops/s)   Net(M/s)   Get_miss   Min(us)  Max(us)    Avg(us)    Std_dev    Geo_dist  
Period   1        63           63           0.0        0          366      2799       764        396.21     697.45
Global   26       1790         68           0.0        0          204      6902       732        518.59     649.49

Total Statistics
Type     Time(s)  Ops          TPS(ops/s)   Net(M/s)   Get_miss   Min(us)  Max(us)    Avg(us)    Std_dev    Geo_dist  
Period   1        6309         6309         0.9        0          184      10083      794        617.53     692.27
Global   26       178769       6875         0.9        0          144      11592      728        512.45     642.77

[1;1H[2J
Get Statistics
Type     Time(s)  Ops          TPS(ops/s)   Net(M/s)   Get_miss   Min(us)  Max(us)    Avg(us)    Std_dev    Geo_dist  
Period   1        6816         6816         0.9        0          196      5172       727        410.22     653.87
Global   27       183795       6807         0.9        0          144      11592      728        508.85     643.11

Set Statistics
Type     Time(s)  Ops          TPS(ops/s)   Net(M/s)   Get_miss   Min(us)  Max(us)    Avg(us)    Std_dev    Geo_dist  
Period   1        69           69           0.0        0          309      1606       682        266.48     637.83
Global   27       1859         68           0.0        0          204      6902       730        511.71     649.05

Total Statistics
Type     Time(s)  Ops          TPS(ops/s)   Net(M/s)   Get_miss   Min(us)  Max(us)    Avg(us)    Std_dev    Geo_dist  
Period   1        6887         6887         0.9        0          196      5172       726        409.88     653.68
Global   27       185656       6876         0.9        0          144      11592      728        508.90     643.17

[1;1H[2J
Get Statistics
Type     Time(s)  Ops          TPS(ops/s)   Net(M/s)   Get_miss   Min(us)  Max(us)    Avg(us)    Std_dev    Geo_dist  
Period   1        6835         6835         0.9        0          187      7847       725        531.66     638.19
Global   28       190630       6808         0.9        0          144      11592      728        509.53     642.94

Set Statistics
Type     Time(s)  Ops          TPS(ops/s)   Net(M/s)   Get_miss   Min(us)  Max(us)    Avg(us)    Std_dev    Geo_dist  
Period   1        70           70           0.0        0          304      1701       690        286.15     640.83
Global   28       1929         68           0.0        0          204      6902       729        504.65     648.75

Total Statistics
Type     Time(s)  Ops          TPS(ops/s)   Net(M/s)   Get_miss   Min(us)  Max(us)    Avg(us)    Std_dev    Geo_dist  
Period   1        6905         6905         0.9        0          187      7847       724        530.60     638.20
Global   28       192561       6877         0.9        0          144      11592      728        509.49     642.99

[1;1H[2J
Get Statistics
Type     Time(s)  Ops          TPS(ops/s)   Net(M/s)   Get_miss   Min(us)  Max(us)    Avg(us)    Std_dev    Geo_dist  
Period   1        6689         6689         0.9        0          180      6190       741        530.92     647.21
Global   29       197319       6804         0.9        0          144      11592      728        510.91     643.10

Set Statistics
Type     Time(s)  Ops          TPS(ops/s)   Net(M/s)   Get_miss   Min(us)  Max(us)    Avg(us)    Std_dev    Geo_dist  
Period   1        67           67           0.0        0          302      1387       676        247.09     634.61
Global   29       1996         68           0.0        0          204      6902       727        498.55     648.27

Total Statistics
Type     Time(s)  Ops          TPS(ops/s)   Net(M/s)   Get_miss   Min(us)  Max(us)    Avg(us)    Std_dev    Geo_dist  
Period   1        6754         6754         0.9        0          180      6190       740        529.59     647.74
Global   29       199315       6872         0.9        0          144      11592      728        510.77     643.15

[1;1H[2J
Get Statistics
Type     Time(s)  Ops          TPS(ops/s)   Net(M/s)   Get_miss   Min(us)  Max(us)    Avg(us)    Std_dev    Geo_dist  
Period   1        6612         6612         0.9        0          169      5123       749        522.35     660.63
Global   30       203931       6797         0.9        0          144      11592      729        510.84     643.66

Set Statistics
Type     Time(s)  Ops          TPS(ops/s)   Net(M/s)   Get_miss   Min(us)  Max(us)    Avg(us)    Std_dev    Geo_dist  
Period   1        65           65           0.0        0          386      4860       807        628.17     706.57
Global   30       2061         68           0.0        0          204      6902       730        502.46     650.04

Total Statistics
Type     Time(s)  Ops          TPS(ops/s)   Net(M/s)   Get_miss   Min(us)  Max(us)    Avg(us)    Std_dev    Geo_dist  
Period   1        6677         6677         0.9        0          169      5123       750        522.84     661.06
Global   30       205992       6866         0.9        0          144      11592      729        510.77     643.73

[1;1H[2J
Get Statistics
Type     Time(s)  Ops          TPS(ops/s)   Net(M/s)   Get_miss   Min(us)  Max(us)    Avg(us)    Std_dev    Geo_dist  
Period   1        7040         7040         0.9        0          180      5536       704        410.47     634.88
Global   31       210971       6805         1.0        0          144      11592      728        508.07     643.37

Set Statistics
Type     Time(s)  Ops          TPS(ops/s)   Net(M/s)   Get_miss   Min(us)  Max(us)    Avg(us)    Std_dev    Geo_dist  
Period   1        74           74           0.0        0          339      1513       671        266.03     629.36
Global   31       2135         68           0.0        0          204      6902       728        496.17     649.31

Total Statistics
Type     Time(s)  Ops          TPS(ops/s)   Net(M/s)   Get_miss   Min(us)  Max(us)    Avg(us)    Std_dev    Geo_dist  
Period   1        7114         7114         0.9        0          180      5536       703        410.36     634.82
Global   31       213106       6874         1.0        0          144      11592      728        507.95     643.43

[1;1H[2J
Get Statistics
Type     Time(s)  Ops          TPS(ops/s)   Net(M/s)   Get_miss   Min(us)  Max(us)    Avg(us)    Std_dev    Geo_dist  
Period   1        6789         6789         0.9        0          187      4936       730        436.37     656.61
Global   32       217760       6805         0.9        0          144      11592      728        506.07     643.78

Set Statistics
Type     Time(s)  Ops          TPS(ops/s)   Net(M/s)   Get_miss   Min(us)  Max(us)    Avg(us)    Std_dev    Geo_dist  
Period   1        67           67           0.0        0          274      2197       705        304.89     653.46
Global   32       2202         68           0.0        0          204      6902       727        491.86     649.43

Total Statistics
Type     Time(s)  Ops          TPS(ops/s)   Net(M/s)   Get_miss   Min(us)  Max(us)    Avg(us)    Std_dev    Geo_dist  
Period   1        6856         6856         0.9        0          187      4936       730        434.85     656.58
Global   32       219962       6873         0.9        0          144      11592      728        505.92     643.83

[1;1H[2J
Get Statistics
Type     Time(s)  Ops          TPS(ops/s)   Net(M/s)   Get_miss   Min(us)  Max(us)    Avg(us)    Std_dev    Geo_dist  
Period   1        6896         6896         0.9        0          217      4890       719        362.28     657.15
Global   33       224656       6807         0.9        0          144      11592      728        501.87     644.18

Set Statistics
Type     Time(s)  Ops          TPS(ops/s)   Net(M/s)   Get_miss   Min(us)  Max(us)    Avg(us)    Std_dev    Geo_dist  
Period   1        70           70           0.0        0          320      3572       699        423.69     635.66
Global   33       2272         68           0.0        0          204      6902       726        490.05     649.01

Total Statistics
Type     Time(s)  Ops          TPS(ops/s)   Net(M/s)   Get_miss   Min(us)  Max(us)    Avg(us)    Std_dev    Geo_dist  
Period   1        6966         6966         0.9        0          217      4890       718        364.50     656.93
Global   33       226928       6876         1.0        0          144      11592      728        501.73     644.23

[1;1H[2J
Get Statistics
Type     Time(s)  Ops          TPS(ops/s)   Net(M/s)   Get_miss   Min(us)  Max(us)    Avg(us)    Std_dev    Geo_dist  
Period   1        6904         6904         0.9        0          163      6684       717        453.84     642.03
Global   34       231560       6810         0.9        0          144      11592      727        501.49     644.12

Set Statistics
Type     Time(s)  Ops          TPS(ops/s)   Net(M/s)   Get_miss   Min(us)  Max(us)    Avg(us)    Std_dev    Geo_dist  
Period   1        70           70           0.0        0          250      2619       681        332.51     625.02
Global   34       2342         68           0.0        0          204      6902       725        485.58     648.28

Total Statistics
Type     Time(s)  Ops          TPS(ops/s)   Net(M/s)   Get_miss   Min(us)  Max(us)    Avg(us)    Std_dev    Geo_dist  
Period   1        6974         6974         0.9        0          163      6684       717        452.21     641.86
Global   34       233902       6879         1.0        0          144      11592      727        501.30     644.16

[1;1H[2J
Get Statistics
Type     Time(s)  Ops          TPS(ops/s)   Net(M/s)   Get_miss   Min(us)  Max(us)    Avg(us)    Std_dev    Geo_dist  
Period   1        6953         6953         0.9        0          160      6377       712        458.06     632.53
Global   35       238513       6814         1.0        0          144      11592      727        499.64     643.78

Set Statistics
Type     Time(s)  Ops          TPS(ops/s)   Net(M/s)   Get_miss   Min(us)  Max(us)    Avg(us)    Std_dev    Geo_dist  
Period   1        70           70           0.0        0          222      1988       700        304.99     644.25
Global   35       2412         68           0.0        0          204      6902       724        481.68     648.16

Total Statistics
Type     Time(s)  Ops          TPS(ops/s)   Net(M/s)   Get_miss   Min(us)  Max(us)    Avg(us)    Std_dev    Geo_dist  
Period   1        7023         7023         0.9        0          160      6377       712        456.59     632.65
Global   35       240925       6883         1.0        0          144      11592      727        499.42     643.82

[1;1H[2J
Get Statistics
Type     Time(s)  Ops          TPS(ops/s)   Net(M/s)   Get_miss   Min(us)  Max(us)    Avg(us)    Std_dev    Geo_dist  
Period   1        7058         7058         0.9        0          214      7538       699        391.65     634.77
Global   36       245571       6821         1.0        0          144      11592      726        497.17     643.52

Set Statistics
Type     Time(s)  Ops          TPS(ops/s)   Net(M/s)   Get_miss   Min(us)  Max(us)    Avg(us)    Std_dev    Geo_dist  
Period   1        71           71           0.0        0          353      1690       731        295.02     679.46
Global   36       2483         68           0.0        0          204      6902       724        477.63     649.03

Total Statistics
Type     Time(s)  Ops          TPS(ops/s)   Net(M/s)   Get_miss   Min(us)  Max(us)    Avg(us)    Std_dev    Geo_dist  
Period   1        7129         7129         0.9        0          214      7538       699        391.37     635.20
Global   36       248054       6890         1.0        0          144      11592      726        496.95     643.57

[1;1H[2J
Get Statistics
Type     Time(s)  Ops          TPS(ops/s)   Net(M/s)   Get_miss   Min(us)  Max(us)    Avg(us)    Std_dev    Geo_dist  
Period   1        7277         7277         0.9        0          196      10553      682        545.01     596.62
Global   37       252848       6833         1.0        0          144      11592      725        498.28     642.12

Set Statistics
Type     Time(s)  Ops          TPS(ops/s)   Net(M/s)   Get_miss   Min(us)  Max(us)    Avg(us)    Std_dev    Geo_dist  
Period   1        74           74           0.0        0          266      3659       771        550.78     659.61
Global   37       2557         69           0.0        0          204      6902       726        478.87     649.34

Total Statistics
Type     Time(s)  Ops          TPS(ops/s)   Net(M/s)   Get_miss   Min(us)  Max(us)    Avg(us)    Std_dev    Geo_dist  
Period   1        7351         7351         0.9        0          196      10553      683        544.97     597.23
Global   37       255405       6902         1.0        0          144      11592      725        498.10     642.19

[1;1H[2J
Get Statistics
Type     Time(s)  Ops          TPS(ops/s)   Net(M/s)   Get_miss   Min(us)  Max(us)    Avg(us)    Std_dev    Geo_dist  
Period   1        7725         7725         0.9        0          162      6350       640        385.66     570.18
Global   38       260573       6857         1.1        0          144      11592      722        496.22     639.86

Set Statistics
Type     Time(s)  Ops          TPS(ops/s)   Net(M/s)   Get_miss   Min(us)  Max(us)    Avg(us)    Std_dev    Geo_dist  
Period   1        76           76           0.0        0          221      3765       637        443.91     565.78
Global   38       2633         69           0.0        0          204      6902       723        478.71     646.76

Total Statistics
Type     Time(s)  Ops          TPS(ops/s)   Net(M/s)   Get_miss   Min(us)  Max(us)    Avg(us)    Std_dev    Geo_dist  
Period   1        7801         7801         1.0        0          162      6350       640        386.19     570.14
Global   38       263206       6926         1.1        0          144      11592      722        496.06     639.93

[1;1H[2J
Get Statistics
Type     Time(s)  Ops          TPS(ops/s)   Net(M/s)   Get_miss   Min(us)  Max(us)    Avg(us)    Std_dev    Geo_dist  
Period   1        7226         7226         0.9        0          146      6938       685        462.76     604.90
Global   39       267799       6866         1.0        0          144      11592      721        495.38     638.89

Set Statistics
Type     Time(s)  Ops          TPS(ops/s)   Net(M/s)   Get_miss   Min(us)  Max(us)    Avg(us)    Std_dev    Geo_dist  
Period   1        75           75           0.0        0          307      2571       751        512.00     642.44
Global   39       2708         69           0.0        0          204      6902       724        479.24     646.64

Total Statistics
Type     Time(s)  Ops          TPS(ops/s)   Net(M/s)   Get_miss   Min(us)  Max(us)    Avg(us)    Std_dev    Geo_dist  
Period   1        7301         7301         1.0        0          146      6938       686        462.82     605.27
Global   39       270507       6936         1.0        0          144      11592      721        495.27     638.97

[1;1H[2J
Get Statistics
Type     Time(s)  Ops          TPS(ops/s)   Net(M/s)   Get_miss   Min(us)  Max(us)    Avg(us)    Std_dev    Geo_dist  
Period   1        7292         7292         0.9        0          187      5818       679        454.57     599.16
Global   40       275091       6877         1.0        0          144      11592      720        494.23     637.80

Set Statistics
Type     Time(s)  Ops          TPS(ops/s)   Net(M/s)   Get_miss   Min(us)  Max(us)    Avg(us)    Std_dev    Geo_dist  
Period   1        74           74           0.0        0          266      4021       687        519.39     594.34
Global   40       2782         69           0.0        0          204      6902       723        480.31     645.19

Total Statistics
Type     Time(s)  Ops          TPS(ops/s)   Net(M/s)   Get_miss   Min(us)  Max(us)    Avg(us)    Std_dev    Geo_dist  
Period   1        7366         7366         1.0        0          187      5818       679        455.35     599.11
Global   40       277873       6946         1.0        0          144      11592      720        494.13     637.88

[1;1H[2J
Get Statistics
Type     Time(s)  Ops          TPS(ops/s)   Net(M/s)   Get_miss   Min(us)  Max(us)    Avg(us)    Std_dev    Geo_dist  
Period   1        7845         7845         0.9        0          124      8461       630        472.43     531.27
Global   41       282936       6900         1.1        0          124      11592      718        493.13     634.58

Set Statistics
Type     Time(s)  Ops          TPS(ops/s)   Net(M/s)   Get_miss   Min(us)  Max(us)    Avg(us)    Std_dev    Geo_dist  
Period   1        78           78           0.0        0          212      3953       634        470.04     551.47
Global   41       2860         69           0.0        0          204      6902       720        481.03     642.43

Total Statistics
Type     Time(s)  Ops          TPS(ops/s)   Net(M/s)   Get_miss   Min(us)  Max(us)    Avg(us)    Std_dev    Geo_dist  
Period   1        7923         7923         1.0        0          124      8461       630        472.43     531.47
Global   41       285796       6970         1.1        0          124      11592      718        493.04     634.66

[1;1H[2J
Get Statistics
Type     Time(s)  Ops          TPS(ops/s)   Net(M/s)   Get_miss   Min(us)  Max(us)    Avg(us)    Std_dev    Geo_dist  
Period   1        7045         7045         0.9        0          181      5877       703        413.25     634.12
Global   42       289981       6904         1.0        0          124      11592      717        492.28     634.57

Set Statistics
Type     Time(s)  Ops          TPS(ops/s)   Net(M/s)   Get_miss   Min(us)  Max(us)    Avg(us)    Std_dev    Geo_dist  
Period   1        72           72           0.0        0          294      3670       675        460.44     594.72
Global   42       2932         69           0.0        0          204      6902       719        480.36     641.22

Total Statistics
Type     Time(s)  Ops          TPS(ops/s)   Net(M/s)   Get_miss   Min(us)  Max(us)    Avg(us)    Std_dev    Geo_dist  
Period   1        7117         7117         1.0        0          181      5877       703        413.24     633.71
Global   42       292913       6974         1.0        0          124      11592      717        492.19     634.63

[1;1H[2J
Get Statistics
Type     Time(s)  Ops          TPS(ops/s)   Net(M/s)   Get_miss   Min(us)  Max(us)    Avg(us)    Std_dev    Geo_dist  
Period   1        6841         6841         0.9        0          202      8255       725        627.87     621.38
Global   43       296822       6902         0.9        0          124      11592      717        496.09     634.26

Set Statistics
Type     Time(s)  Ops          TPS(ops/s)   Net(M/s)   Get_miss   Min(us)  Max(us)    Avg(us)    Std_dev    Geo_dist  
Period   1        68           68           0.0        0          258      4896       722        609.88     624.03
Global   43       3000         69           0.0        0          204      6902       719        483.65     640.82

Total Statistics
Type     Time(s)  Ops          TPS(ops/s)   Net(M/s)   Get_miss   Min(us)  Max(us)    Avg(us)    Std_dev    Geo_dist  
Period   1        6909         6909         1.0        0          202      8255       725        627.62     621.41
Global   43       299822       6972         0.9        0          124      11592      717        495.99     634.33

[1;1H[2J
Get Statistics
Type     Time(s)  Ops          TPS(ops/s)   Net(M/s)   Get_miss   Min(us)  Max(us)    Avg(us)    Std_dev    Geo_dist  
Period   1        6978         6978         0.9        0          190      5229       710        455.40     630.34
Global   44       303800       6904         1.0        0          124      11592      717        494.96     634.17

Set Statistics
Type     Time(s)  Ops          TPS(ops/s)   Net(M/s)   Get_miss   Min(us)  Max(us)    Avg(us)    Std_dev    Geo_dist  
Period   1        71           71           0.0        0          292      1986       654        282.07     610.66
Global   44       3071         69           0.0        0          204      6902       718        479.26     640.11

Total Statistics
Type     Time(s)  Ops          TPS(ops/s)   Net(M/s)   Get_miss   Min(us)  Max(us)    Avg(us)    Std_dev    Geo_dist  
Period   1        7049         7049         1.0        0          190      5229       709        454.69     630.14
Global   44       306871       6974         1.0        0          124      11592      717        494.82     634.23

[1;1H[2J
Get Statistics
Type     Time(s)  Ops          TPS(ops/s)   Net(M/s)   Get_miss   Min(us)  Max(us)    Avg(us)    Std_dev    Geo_dist  
Period   1        6589         6589         0.9        0          171      5286       752        572.22     651.91
Global   45       310389       6897         0.9        0          124      11592      718        496.38     634.54

Set Statistics
Type     Time(s)  Ops          TPS(ops/s)   Net(M/s)   Get_miss   Min(us)  Max(us)    Avg(us)    Std_dev    Geo_dist  
Period   1        67           67           0.0        0          293      5284       748        652.22     644.68
Global   45       3138         69           0.0        0          204      6902       718        484.44     640.21

Total Statistics
Type     Time(s)  Ops          TPS(ops/s)   Net(M/s)   Get_miss   Min(us)  Max(us)    Avg(us)    Std_dev    Geo_dist  
Period   1        6656         6656         1.0        0          171      5286       752        572.97     651.84
Global   45       313527       6967         0.9        0          124      11592      718        496.26     634.60

[1;1H[2J
Get Statistics
Type     Time(s)  Ops          TPS(ops/s)   Net(M/s)   Get_miss   Min(us)  Max(us)    Avg(us)    Std_dev    Geo_dist  
Period   1        6714         6714         0.9        0          206      6237       738        436.87     665.70
Global   46       317103       6893         0.9        0          124      11592      718        495.81     635.19

Set Statistics
Type     Time(s)  Ops          TPS(ops/s)   Net(M/s)   Get_miss   Min(us)  Max(us)    Avg(us)    Std_dev    Geo_dist  
Period   1        67           67           0.0        0          312      1969       706        345.09     640.94
Global   46       3205         69           0.0        0          204      6902       718        481.53     640.22

Total Statistics
Type     Time(s)  Ops          TPS(ops/s)   Net(M/s)   Get_miss   Min(us)  Max(us)    Avg(us)    Std_dev    Geo_dist  
Period   1        6781         6781         1.0        0          206      6237       738        435.52     665.45
Global   46       320308       6963         0.9        0          124      11592      718        495.67     635.24

[1;1H[2J
Get Statistics
Type     Time(s)  Ops          TPS(ops/s)   Net(M/s)   Get_miss   Min(us)  Max(us)    Avg(us)    Std_dev    Geo_dist  
Period   1        6459         6459         0.9        0          162      9678       767        623.39     655.94
Global   47       323562       6884         0.9        0          124      11592      719        498.69     635.59

Set Statistics
Type     Time(s)  Ops          TPS(ops/s)   Net(M/s)   Get_miss   Min(us)  Max(us)    Avg(us)    Std_dev    Geo_dist  
Period   1        66           66           0.0        0          264      1949       696        355.54     626.29
Global   47       3271         69           0.0        0          204      6902       718        478.61     639.94

Total Statistics
Type     Time(s)  Ops          TPS(ops/s)   Net(M/s)   Get_miss   Min(us)  Max(us)    Avg(us)    Std_dev    Geo_dist  
Period   1        6525         6525         1.0        0          162      9678       766        621.63     655.64
Global   47       326833       6953         0.9        0          124      11592      719        498.48     635.64

[1;1H[2J
Get Statistics
Type     Time(s)  Ops          TPS(ops/s)   Net(M/s)   Get_miss   Min(us)  Max(us)    Avg(us)    Std_dev    Geo_dist  
Period   1        7061         7061         0.9        0          172      6500       702        417.19     631.88
Global   48       330623       6887         1.0        0          124      11592      719        496.57     635.51

Set Statistics
Type     Time(s)  Ops          TPS(ops/s)   Net(M/s)   Get_miss   Min(us)  Max(us)    Avg(us)    Std_dev    Geo_dist  
Period   1        71           71           0.0        0          271      4287       738        520.56     652.14
Global   48       3342         69           0.0        0          204      6902       718        480.10     640.20

Total Statistics
Type     Time(s)  Ops          TPS(ops/s)   Net(M/s)   Get_miss   Min(us)  Max(us)    Avg(us)    Std_dev    Geo_dist  
Period   1        7132         7132         1.0        0          172      6500       702        418.92     632.07
Global   48       333965       6957         1.0        0          124      11592      719        496.39     635.56

[1;1H[2J
Get Statistics
Type     Time(s)  Ops          TPS(ops/s)   Net(M/s)   Get_miss   Min(us)  Max(us)    Avg(us)    Std_dev    Geo_dist  
Period   1        6653         6653         0.9        0          197      7295       743        552.41     649.70
Global   49       337276       6883         0.9        0          124      11592      720        496.98     635.79

Set Statistics
Type     Time(s)  Ops          TPS(ops/s)   Net(M/s)   Get_miss   Min(us)  Max(us)    Avg(us)    Std_dev    Geo_dist  
Period   1        67           67           0.0        0          324      2133       661        318.76     608.67
Global   49       3409         69           0.0        0          204      6902       717        477.31     639.56

Total Statistics
Type     Time(s)  Ops          TPS(ops/s)   Net(M/s)   Get_miss   Min(us)  Max(us)    Avg(us)    Std_dev    Geo_dist  
Period   1        6720         6720         1.0        0          197      7295       743        549.51     649.28
Global   49       340685       6952         0.9        0          124      11592      720        496.75     635.83

[1;1H[2J
Get Statistics
Type     Time(s)  Ops          TPS(ops/s)   Net(M/s)   Get_miss   Min(us)  Max(us)    Avg(us)    Std_dev    Geo_dist  
Period   1        7210         7210         0.9        0          163      9561       688        420.79     619.59
Global   50       344486       6889         1.0        0          124      11592      719        496.01     635.45

Set Statistics
Type     Time(s)  Ops          TPS(ops/s)   Net(M/s)   Get_miss   Min(us)  Max(us)    Avg(us)    Std_dev    Geo_dist  
Period   1        74           74           0.0        0          239      2146       709        338.66     649.50
Global   50       3483         69           0.0        0          204      6902       717        474.50     639.77

Total Statistics
Type     Time(s)  Ops          TPS(ops/s)   Net(M/s)   Get_miss   Min(us)  Max(us)    Avg(us)    Std_dev    Geo_dist  
Period   1        7284         7284         1.0        0          163      9561       688        420.37     619.88
Global   50       347969       6959         1.0        0          124      11592      719        495.77     635.49

[1;1H[2J
Get Statistics
Type     Time(s)  Ops          TPS(ops/s)   Net(M/s)   Get_miss   Min(us)  Max(us)    Avg(us)    Std_dev    Geo_dist  
Period   1        6541         6541         0.9        0          189      5896       758        574.86     655.58
Global   51       351027       6882         0.9        0          124      11592      720        497.22     635.82

Set Statistics
Type     Time(s)  Ops          TPS(ops/s)   Net(M/s)   Get_miss   Min(us)  Max(us)    Avg(us)    Std_dev    Geo_dist  
Period   1        65           65           0.0        0          268      3198       693        389.10     632.61
Global   51       3548         69           0.0        0          204      6902       716        473.88     639.64

Total Statistics
Type     Time(s)  Ops          TPS(ops/s)   Net(M/s)   Get_miss   Min(us)  Max(us)    Avg(us)    Std_dev    Geo_dist  
Period   1        6606         6606         1.0        0          189      5896       757        573.82     655.35
Global   51       354575       6952         0.9        0          124      11592      720        496.94     635.86

[1;1H[2J
Get Statistics
Type     Time(s)  Ops          TPS(ops/s)   Net(M/s)   Get_miss   Min(us)  Max(us)    Avg(us)    Std_dev    Geo_dist  
Period   1        6827         6827         0.9        0          167      9649       725        520.20     645.12
Global   52       357854       6881         0.9        0          124      11592      720        497.81     635.99

Set Statistics
Type     Time(s)  Ops          TPS(ops/s)   Net(M/s)   Get_miss   Min(us)  Max(us)    Avg(us)    Std_dev    Geo_dist  
Period   1        69           69           0.0        0          299      2308       745        354.52     681.31
Global   52       3617         69           0.0        0          204      6902       717        471.19     640.41

Total Statistics
Type     Time(s)  Ops          TPS(ops/s)   Net(M/s)   Get_miss   Min(us)  Max(us)    Avg(us)    Std_dev    Geo_dist  
Period   1        6896         6896         1.0        0          167      9649       725        519.07     645.48
Global   52       361471       6951         0.9        0          124      11592      720        497.51     636.04

[1;1H[2J
Get Statistics
Type     Time(s)  Ops          TPS(ops/s)   Net(M/s)   Get_miss   Min(us)  Max(us)    Avg(us)    Std_dev    Geo_dist  
Period   1        6887         6887         0.9        0          187      8464       719        592.12     612.93
Global   53       364741       6881         0.9        0          124      11592      720        499.73     635.55

Set Statistics
Type     Time(s)  Ops          TPS(ops/s)   Net(M/s)   Get_miss   Min(us)  Max(us)    Avg(us)    Std_dev    Geo_dist  
Period   1        70           70           0.0        0          264      5906       767        752.33     631.54
Global   53       3687         69           0.0        0          204      6902       718        477.88     640.24

Total Statistics
Type     Time(s)  Ops          TPS(ops/s)   Net(M/s)   Get_miss   Min(us)  Max(us)    Avg(us)    Std_dev    Geo_dist  
Period   1        6957         6957         1.0        0          187      8464       719        594.49     613.12
Global   53       368428       6951         1.0        0          124      11592      720        499.48     635.60

[1;1H[2J
Get Statistics
Type     Time(s)  Ops          TPS(ops/s)   Net(M/s)   Get_miss   Min(us)  Max(us)    Avg(us)    Std_dev    Geo_dist  
Period   1        6710         6710         0.9        0          193      6464       741        530.50     644.54
Global   54       371451       6878         0.9        0          124      11592      720        500.85     635.71

Set Statistics
Type     Time(s)  Ops          TPS(ops/s)   Net(M/s)   Get_miss   Min(us)  Max(us)    Avg(us)    Std_dev    Geo_dist  
Period   1        67           67           0.0        0          271      3603       776        524.11     671.65
Global   54       3754         69           0.0        0          204      6902       719        478.78     640.79

Total Statistics
Type     Time(s)  Ops          TPS(ops/s)   Net(M/s)   Get_miss   Min(us)  Max(us)    Avg(us)    Std_dev    Geo_dist  
Period   1        6778         6778         1.0        0          193      6464       741        530.81     644.78
Global   54       375206       6948         0.9        0          124      11592      720        500.62     635.76

[1;1H[2J
Get Statistics
Type     Time(s)  Ops          TPS(ops/s)   Net(M/s)   Get_miss   Min(us)  Max(us)    Avg(us)    Std_dev    Geo_dist  
Period   1        6994         6994         0.9        0          185      5105       706        437.08     628.71
Global   55       378445       6880         1.0        0          124      11592      720        499.38     635.59

Set Statistics
Type     Time(s)  Ops          TPS(ops/s)   Net(M/s)   Get_miss   Min(us)  Max(us)    Avg(us)    Std_dev    Geo_dist  
Period   1        71           71           0.0        0          328      5125       787        747.46     651.36
Global   55       3825         69           0.0        0          204      6902       720        485.46     640.98

Total Statistics
Type     Time(s)  Ops          TPS(ops/s)   Net(M/s)   Get_miss   Min(us)  Max(us)    Avg(us)    Std_dev    Geo_dist  
Period   1        7064         7064         1.0        0          185      5125       707        441.09     629.51
Global   55       382270       6950         1.0        0          124      11592      720        499.24     635.65

[1;1H[2J
Get Statistics
Type     Time(s)  Ops          TPS(ops/s)   Net(M/s)   Get_miss   Min(us)  Max(us)    Avg(us)    Std_dev    Geo_dist  
Period   1        6632         6632         0.9        0          185      8379       747        668.22     629.49
Global   56       385077       6876         0.9        0          124      11592      720        503.44     635.49

Set Statistics
Type     Time(s)  Ops          TPS(ops/s)   Net(M/s)   Get_miss   Min(us)  Max(us)    Avg(us)    Std_dev    Geo_dist  
Period   1        67           67           0.0        0          233      4450       699        604.09     600.10
Global   56       3892         69           0.0        0          204      6902       720        487.12     640.25

Total Statistics
Type     Time(s)  Ops          TPS(ops/s)   Net(M/s)   Get_miss   Min(us)  Max(us)    Avg(us)    Std_dev    Geo_dist  
Period   1        6699         6699         1.0        0          185      8379       747        667.05     629.19
Global   56       388969       6945         0.9        0          124      11592      720        503.28     635.53

[1;1H[2J
Get Statistics
Type     Time(s)  Ops          TPS(ops/s)   Net(M/s)   Get_miss   Min(us)  Max(us)    Avg(us)    Std_dev    Geo_dist  
Period   1        6538         6538         0.9        0          204      8030       755        532.57     661.07
Global   57       391615       6870         0.9        0          124      11592      721        503.37     635.91

Set Statistics
Type     Time(s)  Ops          TPS(ops/s)   Net(M/s)   Get_miss   Min(us)  Max(us)    Avg(us)    Std_dev    Geo_dist  
Period   1        66           66           0.0        0          216      4839       876        751.50     718.72
Global   57       3958         69           0.0        0          204      6902       722        493.84     641.49

Total Statistics
Type     Time(s)  Ops          TPS(ops/s)   Net(M/s)   Get_miss   Min(us)  Max(us)    Avg(us)    Std_dev    Geo_dist  
Period   1        6605         6605         1.0        0          204      8030       756        535.57     661.67
Global   57       395574       6939         0.9        0          124      11592      721        503.29     635.96

[1;1H[2J
Get Statistics
Type     Time(s)  Ops          TPS(ops/s)   Net(M/s)   Get_miss   Min(us)  Max(us)    Avg(us)    Std_dev    Geo_dist  
Period   1        6670         6670         0.9        0          178      6646       743        491.36     659.88
Global   58       398285       6866         0.9        0          124      11592      721        503.71     636.31

Set Statistics
Type     Time(s)  Ops          TPS(ops/s)   Net(M/s)   Get_miss   Min(us)  Max(us)    Avg(us)    Std_dev    Geo_dist  
Period   1        67           67           0.0        0          301      2234       720        363.40     653.70
Global   58       4025         69           0.0        0          204      6902       722        491.87     641.69

Total Statistics
Type     Time(s)  Ops          TPS(ops/s)   Net(M/s)   Get_miss   Min(us)  Max(us)    Avg(us)    Std_dev    Geo_dist  
Period   1        6736         6736         1.0        0          178      6646       743        489.86     659.77
Global   58       402310       6936         0.9        0          124      11592      721        503.60     636.36

[1;1H[2J
Get Statistics
Type     Time(s)  Ops          TPS(ops/s)   Net(M/s)   Get_miss   Min(us)  Max(us)    Avg(us)    Std_dev    Geo_dist  
Period   1        6520         6520         0.9        0          201      6349       759        570.96     659.38
Global   59       404805       6861         0.9        0          124      11592      722        504.33     636.68

Set Statistics
Type     Time(s)  Ops          TPS(ops/s)   Net(M/s)   Get_miss   Min(us)  Max(us)    Avg(us)    Std_dev    Geo_dist  
Period   1        66           66           0.0        0          332      5385       830        705.89     707.34
Global   59       4091         69           0.0        0          204      6902       724        495.74     642.70

Total Statistics
Type     Time(s)  Ops          TPS(ops/s)   Net(M/s)   Get_miss   Min(us)  Max(us)    Avg(us)    Std_dev    Geo_dist  
Period   1        6586         6586         1.0        0          201      6349       759        573.39     659.84
Global   59       408896       6930         0.9        0          124      11592      722        504.27     636.74

[1;1H[2J
Get Statistics
Type     Time(s)  Ops          TPS(ops/s)   Net(M/s)   Get_miss   Min(us)  Max(us)    Avg(us)    Std_dev    Geo_dist  
Period   1        6969         6969         0.9        0          187      6118       710        463.63     629.77
Global   60       411774       6862         1.0        0          124      11592      722        503.38     636.56

Set Statistics
Type     Time(s)  Ops          TPS(ops/s)   Net(M/s)   Get_miss   Min(us)  Max(us)    Avg(us)    Std_dev    Geo_dist  
Period   1        72           72           0.0        0          268      3360       727        516.23     629.45
Global   60       4163         69           0.0        0          204      6902       724        496.11     642.47

Total Statistics
Type     Time(s)  Ops          TPS(ops/s)   Net(M/s)   Get_miss   Min(us)  Max(us)    Avg(us)    Std_dev    Geo_dist  
Period   1        7041         7041         1.0        0          187      6118       710        464.38     629.21
Global   60       415937       6932         1.0        0          124      11592      722        503.33     636.62

Get Statistics (411779 events)
   Min:       124
   Max:     11592
   Avg:       722
   Geo:    636.56
   Std:    503.38
   Log2 Dist:
       4:        0        0        0        4
       8:     3789   135532   220230    44489
      12:     5727     1936       72

Set Statistics (4163 events)
   Min:       204
   Max:      6902
   Avg:       724
   Geo:    642.47
   Std:    496.11
   Log2 Dist:
       8:       17     1346     2259      465
      12:       55       21

Total Statistics (415942 events)
   Min:       124
   Max:     11592
   Avg:       722
   Geo:    636.62
   Std:    503.34
   Log2 Dist:
       4:        0        0        0        4
       8:     3806   136878   222489    44954
      12:     5782     1957       72

cmd_get: 411784
cmd_set: 4163
get_misses: 0
written_bytes: 9725218
read_bytes: 67976839
object_bytes: 599472

Run time: 60.2s Ops: 415947 TPS: 6904 Net_rate: 1.2M/s
