servers : 10.0.0.13:9000
threads count: 25
concurrency: 25
run time: 60s
windows size: 10k
set proportion: set_prop=0.01
get proportion: get_prop=0.99
[1;1H[2J
Get Statistics
Type     Time(s)  Ops          TPS(ops/s)   Net(M/s)   Get_miss   Min(us)  Max(us)    Avg(us)    Std_dev    Geo_dist  
Period   1        17081        17081        2.3        0          207      11446      1443       1687.32    1028.57
Global   1        17081        17081        2.3        0          207      11446      1443       1687.32    1028.57

Set Statistics
Type     Time(s)  Ops          TPS(ops/s)   Net(M/s)   Get_miss   Min(us)  Max(us)    Avg(us)    Std_dev    Geo_dist  
Period   1        186          186          0.0        0          367      8836       1400       1601.20    1035.07
Global   1        186          186          0.0        0          367      8836       1400       1601.20    1035.07

Total Statistics
Type     Time(s)  Ops          TPS(ops/s)   Net(M/s)   Get_miss   Min(us)  Max(us)    Avg(us)    Std_dev    Geo_dist  
Period   1        17267        17267        2.4        0          207      11446      1442       1686.84    1028.64
Global   1        17267        17267        2.4        0          207      11446      1442       1686.84    1028.64

[1;1H[2J
Get Statistics
Type     Time(s)  Ops          TPS(ops/s)   Net(M/s)   Get_miss   Min(us)  Max(us)    Avg(us)    Std_dev    Geo_dist  
Period   1        17051        17051        2.3        0          145      12439      1446       1772.72    1012.16
Global   2        34132        17066        2.3        0          145      12439      1444       1730.90    1020.34

Set Statistics
Type     Time(s)  Ops          TPS(ops/s)   Net(M/s)   Get_miss   Min(us)  Max(us)    Avg(us)    Std_dev    Geo_dist  
Period   1        170          170          0.0        0          273      12128      1340       1731.65    934.53
Global   2        356          178          0.0        0          273      12128      1371       1662.97    985.78

Total Statistics
Type     Time(s)  Ops          TPS(ops/s)   Net(M/s)   Get_miss   Min(us)  Max(us)    Avg(us)    Std_dev    Geo_dist  
Period   1        17221        17221        2.4        0          145      12439      1445       1772.27    1011.36
Global   2        34488        17244        2.4        0          145      12439      1444       1729.58    1019.97

[1;1H[2J
Get Statistics
Type     Time(s)  Ops          TPS(ops/s)   Net(M/s)   Get_miss   Min(us)  Max(us)    Avg(us)    Std_dev    Geo_dist  
Period   1        17477        17477        2.4        0          151      13163      1412       1745.27    978.77
Global   3        51609        17203        2.4        0          145      13163      1433       1735.97    1006.06

Set Statistics
Type     Time(s)  Ops          TPS(ops/s)   Net(M/s)   Get_miss   Min(us)  Max(us)    Avg(us)    Std_dev    Geo_dist  
Period   1        178          178          0.0        0          287      7963       1541       1972.62    992.12
Global   3        534          178          0.0        0          273      12128      1428       1771.89    987.89

Total Statistics
Type     Time(s)  Ops          TPS(ops/s)   Net(M/s)   Get_miss   Min(us)  Max(us)    Avg(us)    Std_dev    Geo_dist  
Period   1        17655        17655        2.4        0          151      13163      1413       1747.94    978.90
Global   3        52143        17381        2.4        0          145      13163      1433       1736.28    1005.88

[1;1H[2J
Get Statistics
Type     Time(s)  Ops          TPS(ops/s)   Net(M/s)   Get_miss   Min(us)  Max(us)    Avg(us)    Std_dev    Geo_dist  
Period   1        17856        17856        2.4        0          148      22658      1381       1664.07    954.33
Global   4        69465        17366        2.5        0          145      22658      1420       1717.61    992.50

Set Statistics
Type     Time(s)  Ops          TPS(ops/s)   Net(M/s)   Get_miss   Min(us)  Max(us)    Avg(us)    Std_dev    Geo_dist  
Period   1        181          181          0.0        0          215      10142      1374       1660.28    950.27
Global   4        715          178          0.0        0          215      12128      1414       1743.59    978.23

Total Statistics
Type     Time(s)  Ops          TPS(ops/s)   Net(M/s)   Get_miss   Min(us)  Max(us)    Avg(us)    Std_dev    Geo_dist  
Period   1        18037        18037        2.4        0          148      22658      1381       1663.93    954.29
Global   4        70180        17545        2.5        0          145      22658      1420       1717.81    992.36

[1;1H[2J
Get Statistics
Type     Time(s)  Ops          TPS(ops/s)   Net(M/s)   Get_miss   Min(us)  Max(us)    Avg(us)    Std_dev    Geo_dist  
Period   1        18170        18170        2.4        0          206      10536      1363       1616.61    963.09
Global   5        87635        17527        2.5        0          145      22658      1408       1697.46    986.33

Set Statistics
Type     Time(s)  Ops          TPS(ops/s)   Net(M/s)   Get_miss   Min(us)  Max(us)    Avg(us)    Std_dev    Geo_dist  
Period   1        180          180          0.0        0          344      8815       1212       1541.80    886.18
Global   5        895          179          0.0        0          215      12128      1374       1705.52    958.98

Total Statistics
Type     Time(s)  Ops          TPS(ops/s)   Net(M/s)   Get_miss   Min(us)  Max(us)    Avg(us)    Std_dev    Geo_dist  
Period   1        18350        18350        2.4        0          206      10536      1361       1616.36    962.30
Global   5        88530        17706        2.5        0          145      22658      1408       1697.25    986.05

[1;1H[2J
Get Statistics
Type     Time(s)  Ops          TPS(ops/s)   Net(M/s)   Get_miss   Min(us)  Max(us)    Avg(us)    Std_dev    Geo_dist  
Period   1        18020        18020        2.4        0          182      12002      1371       1574.64    997.84
Global   6        105655       17609        2.5        0          145      22658      1402       1676.94    988.29

Set Statistics
Type     Time(s)  Ops          TPS(ops/s)   Net(M/s)   Get_miss   Min(us)  Max(us)    Avg(us)    Std_dev    Geo_dist  
Period   1        184          184          0.0        0          356      8044       1353       1467.79    1022.46
Global   6        1079         179          0.0        0          215      12128      1370       1667.11    969.52

Total Statistics
Type     Time(s)  Ops          TPS(ops/s)   Net(M/s)   Get_miss   Min(us)  Max(us)    Avg(us)    Std_dev    Geo_dist  
Period   1        18204        18204        2.4        0          182      12002      1370       1574.27    998.09
Global   6        106734       17789        2.5        0          145      22658      1401       1677.40    988.09

[1;1H[2J
Get Statistics
Type     Time(s)  Ops          TPS(ops/s)   Net(M/s)   Get_miss   Min(us)  Max(us)    Avg(us)    Std_dev    Geo_dist  
Period   1        16766        16766        2.4        0          191      13597      1478       1777.80    1029.64
Global   7        122421       17488        2.3        0          145      22658      1412       1691.64    993.85

Set Statistics
Type     Time(s)  Ops          TPS(ops/s)   Net(M/s)   Get_miss   Min(us)  Max(us)    Avg(us)    Std_dev    Geo_dist  
Period   1        170          170          0.0        0          277      7525       1530       1821.40    1047.15
Global   7        1249         178          0.0        0          215      12128      1392       1688.88    979.73

Total Statistics
Type     Time(s)  Ops          TPS(ops/s)   Net(M/s)   Get_miss   Min(us)  Max(us)    Avg(us)    Std_dev    Geo_dist  
Period   1        16936        16936        2.4        0          191      13597      1479       1777.80    1029.81
Global   7        123670       17667        2.3        0          145      22658      1412       1691.44    993.71

[1;1H[2J
Get Statistics
Type     Time(s)  Ops          TPS(ops/s)   Net(M/s)   Get_miss   Min(us)  Max(us)    Avg(us)    Std_dev    Geo_dist  
Period   1        18204        18204        2.4        0          209      13651      1358       1631.85    992.09
Global   8        140625       17578        2.5        0          145      22658      1405       1684.12    993.62

Set Statistics
Type     Time(s)  Ops          TPS(ops/s)   Net(M/s)   Get_miss   Min(us)  Max(us)    Avg(us)    Std_dev    Geo_dist  
Period   1        181          181          0.0        0          277      7600       1200       1122.09    989.94
Global   8        1430         178          0.0        0          215      12128      1368       1628.77    981.02

Total Statistics
Type     Time(s)  Ops          TPS(ops/s)   Net(M/s)   Get_miss   Min(us)  Max(us)    Avg(us)    Std_dev    Geo_dist  
Period   1        18389        18389        2.4        0          209      13651      1356       1627.77    992.01
Global   8        142059       17757        2.5        0          145      22658      1405       1683.23    993.49

[1;1H[2J
Get Statistics
Type     Time(s)  Ops          TPS(ops/s)   Net(M/s)   Get_miss   Min(us)  Max(us)    Avg(us)    Std_dev    Geo_dist  
Period   1        16108        16108        2.4        0          213      28376      1535       2056.29    1052.16
Global   9        156733       17414        2.2        0          145      28376      1418       1726.82    999.53

Set Statistics
Type     Time(s)  Ops          TPS(ops/s)   Net(M/s)   Get_miss   Min(us)  Max(us)    Avg(us)    Std_dev    Geo_dist  
Period   1        165          165          0.0        0          298      9358       1485       1850.66    1032.35
Global   9        1595         177          0.0        0          215      12128      1380       1652.94    986.21

Total Statistics
Type     Time(s)  Ops          TPS(ops/s)   Net(M/s)   Get_miss   Min(us)  Max(us)    Avg(us)    Std_dev    Geo_dist  
Period   1        16269        16269        2.4        0          213      28376      1535       2054.25    1052.49
Global   9        158328       17592        2.2        0          145      28376      1418       1725.77    999.39

[1;1H[2J
Get Statistics
Type     Time(s)  Ops          TPS(ops/s)   Net(M/s)   Get_miss   Min(us)  Max(us)    Avg(us)    Std_dev    Geo_dist  
Period   1        16854        16854        2.4        0          170      9018       1470       1773.95    1013.62
Global   10       173587       17358        2.3        0          145      28376      1424       1730.73    1000.89

Set Statistics
Type     Time(s)  Ops          TPS(ops/s)   Net(M/s)   Get_miss   Min(us)  Max(us)    Avg(us)    Std_dev    Geo_dist  
Period   1        172          172          0.0        0          341      7277       1437       1627.45    1049.77
Global   10       1767         176          0.0        0          215      12128      1385       1650.57    992.22

Total Statistics
Type     Time(s)  Ops          TPS(ops/s)   Net(M/s)   Get_miss   Min(us)  Max(us)    Avg(us)    Std_dev    Geo_dist  
Period   1        17026        17026        2.4        0          170      9018       1470       1772.21    1013.98
Global   10       175354       17535        2.3        0          145      28376      1423       1730.44    1000.80

[1;1H[2J
Get Statistics
Type     Time(s)  Ops          TPS(ops/s)   Net(M/s)   Get_miss   Min(us)  Max(us)    Avg(us)    Std_dev    Geo_dist  
Period   1        16990        16990        2.4        0          192      11030      1448       1703.20    1030.22
Global   11       190577       17325        2.3        0          145      28376      1426       1728.42    1003.47

Set Statistics
Type     Time(s)  Ops          TPS(ops/s)   Net(M/s)   Get_miss   Min(us)  Max(us)    Avg(us)    Std_dev    Geo_dist  
Period   1        172          172          0.0        0          290      8397       1481       1752.62    1058.25
Global   11       1939         176          0.0        0          215      12128      1394       1659.22    997.91

Total Statistics
Type     Time(s)  Ops          TPS(ops/s)   Net(M/s)   Get_miss   Min(us)  Max(us)    Avg(us)    Std_dev    Geo_dist  
Period   1        17162        17162        2.4        0          192      11030      1448       1703.93    1030.50
Global   11       192516       17501        2.4        0          145      28376      1425       1728.29    1003.41

[1;1H[2J
Get Statistics
Type     Time(s)  Ops          TPS(ops/s)   Net(M/s)   Get_miss   Min(us)  Max(us)    Avg(us)    Std_dev    Geo_dist  
Period   1        16139        16139        2.4        0          223      11800      1539       1742.81    1086.97
Global   12       206716       17226        2.2        0          145      28376      1435       1729.66    1009.75

Set Statistics
Type     Time(s)  Ops          TPS(ops/s)   Net(M/s)   Get_miss   Min(us)  Max(us)    Avg(us)    Std_dev    Geo_dist  
Period   1        160          160          0.0        0          287      8149       1584       1823.35    1113.21
Global   12       2099         174          0.0        0          215      12128      1408       1673.00    1006.26

Total Statistics
Type     Time(s)  Ops          TPS(ops/s)   Net(M/s)   Get_miss   Min(us)  Max(us)    Avg(us)    Std_dev    Geo_dist  
Period   1        16299        16299        2.4        0          223      11800      1539       1743.96    1087.22
Global   12       208815       17401        2.2        0          145      28376      1434       1729.70    1009.71

[1;1H[2J
Get Statistics
Type     Time(s)  Ops          TPS(ops/s)   Net(M/s)   Get_miss   Min(us)  Max(us)    Avg(us)    Std_dev    Geo_dist  
Period   1        17058        17058        2.4        0          189      14396      1454       1782.53    1006.92
Global   13       223774       17213        2.3        0          145      28376      1436       1734.12    1009.53

Set Statistics
Type     Time(s)  Ops          TPS(ops/s)   Net(M/s)   Get_miss   Min(us)  Max(us)    Avg(us)    Std_dev    Geo_dist  
Period   1        174          174          0.0        0          306      8699       1493       1855.94    1024.20
Global   13       2273         174          0.0        0          215      12128      1415       1687.00    1007.63

Total Statistics
Type     Time(s)  Ops          TPS(ops/s)   Net(M/s)   Get_miss   Min(us)  Max(us)    Avg(us)    Std_dev    Geo_dist  
Period   1        17232        17232        2.4        0          189      14396      1454       1783.55    1007.09
Global   13       226047       17388        2.4        0          145      28376      1436       1733.48    1009.51

[1;1H[2J
Get Statistics
Type     Time(s)  Ops          TPS(ops/s)   Net(M/s)   Get_miss   Min(us)  Max(us)    Avg(us)    Std_dev    Geo_dist  
Period   1        17530        17530        2.4        0          207      12090      1406       1686.73    997.24
Global   14       241304       17236        2.4        0          145      28376      1434       1730.59    1008.63

Set Statistics
Type     Time(s)  Ops          TPS(ops/s)   Net(M/s)   Get_miss   Min(us)  Max(us)    Avg(us)    Std_dev    Geo_dist  
Period   1        176          176          0.0        0          344      8927       1577       1858.20    1084.00
Global   14       2449         174          0.0        0          215      12128      1427       1699.68    1012.93

Total Statistics
Type     Time(s)  Ops          TPS(ops/s)   Net(M/s)   Get_miss   Min(us)  Max(us)    Avg(us)    Std_dev    Geo_dist  
Period   1        17706        17706        2.4        0          207      12090      1408       1688.30    998.07
Global   14       243753       17410        2.4        0          145      28376      1434       1730.22    1008.68

[1;1H[2J
Get Statistics
Type     Time(s)  Ops          TPS(ops/s)   Net(M/s)   Get_miss   Min(us)  Max(us)    Avg(us)    Std_dev    Geo_dist  
Period   1        16922        16922        2.4        0          194      13989      1466       1812.07    1011.57
Global   15       258226       17215        2.3        0          145      28376      1436       1736.14    1008.83

Set Statistics
Type     Time(s)  Ops          TPS(ops/s)   Net(M/s)   Get_miss   Min(us)  Max(us)    Avg(us)    Std_dev    Geo_dist  
Period   1        172          172          0.0        0          266      13960      1544       2002.29    1034.46
Global   15       2621         174          0.0        0          215      13960      1434       1721.54    1014.33

Total Statistics
Type     Time(s)  Ops          TPS(ops/s)   Net(M/s)   Get_miss   Min(us)  Max(us)    Avg(us)    Std_dev    Geo_dist  
Period   1        17094        17094        2.4        0          194      13989      1466       1814.67    1011.80
Global   15       260847       17389        2.3        0          145      28376      1436       1735.97    1008.88

[1;1H[2J
Get Statistics
Type     Time(s)  Ops          TPS(ops/s)   Net(M/s)   Get_miss   Min(us)  Max(us)    Avg(us)    Std_dev    Geo_dist  
Period   1        17756        17756        2.4        0          190      12713      1386       1690.96    980.97
Global   16       275982       17248        2.4        0          145      28376      1433       1733.13    1007.01

Set Statistics
Type     Time(s)  Ops          TPS(ops/s)   Net(M/s)   Get_miss   Min(us)  Max(us)    Avg(us)    Std_dev    Geo_dist  
Period   1        180          180          0.0        0          339      10931      1448       1927.71    980.59
Global   16       2801         175          0.0        0          215      13960      1435       1735.07    1012.13

Total Statistics
Type     Time(s)  Ops          TPS(ops/s)   Net(M/s)   Get_miss   Min(us)  Max(us)    Avg(us)    Std_dev    Geo_dist  
Period   1        17938        17938        2.4        0          190      12713      1386       1693.84    980.97
Global   16       278785       17424        2.5        0          145      28376      1433       1733.15    1007.06

[1;1H[2J
Get Statistics
Type     Time(s)  Ops          TPS(ops/s)   Net(M/s)   Get_miss   Min(us)  Max(us)    Avg(us)    Std_dev    Geo_dist  
Period   1        18608        18608        2.4        0          205      10072      1330       1521.19    977.91
Global   17       294590       17328        2.6        0          145      28376      1426       1721.11    1005.19

Set Statistics
Type     Time(s)  Ops          TPS(ops/s)   Net(M/s)   Get_miss   Min(us)  Max(us)    Avg(us)    Std_dev    Geo_dist  
Period   1        190          190          0.0        0          279      7601       1347       1469.86    1006.80
Global   17       2991         175          0.0        0          215      13960      1430       1718.87    1011.79

Total Statistics
Type     Time(s)  Ops          TPS(ops/s)   Net(M/s)   Get_miss   Min(us)  Max(us)    Avg(us)    Std_dev    Geo_dist  
Period   1        18796        18796        2.4        0          205      10072      1331       1520.04    978.55
Global   17       297581       17504        2.6        0          145      28376      1426       1721.11    1005.26

[1;1H[2J
Get Statistics
Type     Time(s)  Ops          TPS(ops/s)   Net(M/s)   Get_miss   Min(us)  Max(us)    Avg(us)    Std_dev    Geo_dist  
Period   1        18645        18645        2.4        0          187      10020      1328       1515.71    980.36
Global   18       313235       17401        2.6        0          145      28376      1420       1709.86    1003.70

Set Statistics
Type     Time(s)  Ops          TPS(ops/s)   Net(M/s)   Get_miss   Min(us)  Max(us)    Avg(us)    Std_dev    Geo_dist  
Period   1        187          187          0.0        0          206      8166       1370       1490.52    1030.42
Global   18       3178         176          0.0        0          206      13960      1426       1706.52    1012.87

Total Statistics
Type     Time(s)  Ops          TPS(ops/s)   Net(M/s)   Get_miss   Min(us)  Max(us)    Avg(us)    Std_dev    Geo_dist  
Period   1        18832        18832        2.4        0          187      10020      1329       1514.92    980.85
Global   18       316413       17578        2.6        0          145      28376      1420       1709.88    1003.79

[1;1H[2J
Get Statistics
Type     Time(s)  Ops          TPS(ops/s)   Net(M/s)   Get_miss   Min(us)  Max(us)    Avg(us)    Std_dev    Geo_dist  
Period   1        17125        17125        2.4        0          212      11642      1442       1709.38    1007.68
Global   19       330360       17387        2.4        0          145      28376      1421       1709.96    1003.91

Set Statistics
Type     Time(s)  Ops          TPS(ops/s)   Net(M/s)   Get_miss   Min(us)  Max(us)    Avg(us)    Std_dev    Geo_dist  
Period   1        170          170          0.0        0          296      7626       1281       1301.80    974.92
Global   19       3348         176          0.0        0          206      13960      1419       1688.15    1010.91

Total Statistics
Type     Time(s)  Ops          TPS(ops/s)   Net(M/s)   Get_miss   Min(us)  Max(us)    Avg(us)    Std_dev    Geo_dist  
Period   1        17299        17299        2.4        0          212      11642      1441       1705.64    1007.60
Global   19       333712       17563        2.4        0          145      28376      1421       1709.74    1003.99

[1;1H[2J
Get Statistics
Type     Time(s)  Ops          TPS(ops/s)   Net(M/s)   Get_miss   Min(us)  Max(us)    Avg(us)    Std_dev    Geo_dist  
Period   1        16616        16616        2.4        0          222      10663      1485       1809.46    1015.95
Global   20       346976       17348        2.3        0          145      28376      1425       1714.14    1004.50

Set Statistics
Type     Time(s)  Ops          TPS(ops/s)   Net(M/s)   Get_miss   Min(us)  Max(us)    Avg(us)    Std_dev    Geo_dist  
Period   1        168          168          0.0        0          319      8014       1644       1953.99    1111.78
Global   20       3516         175          0.0        0          206      13960      1429       1702.79    1015.52

Total Statistics
Type     Time(s)  Ops          TPS(ops/s)   Net(M/s)   Get_miss   Min(us)  Max(us)    Avg(us)    Std_dev    Geo_dist  
Period   1        16780        16780        2.4        0          222      10663      1487       1810.58    1017.09
Global   20       350492       17524        2.3        0          145      28376      1425       1714.06    1004.61

[1;1H[2J
Get Statistics
Type     Time(s)  Ops          TPS(ops/s)   Net(M/s)   Get_miss   Min(us)  Max(us)    Avg(us)    Std_dev    Geo_dist  
Period   1        17610        17610        2.4        0          175      9333       1411       1760.79    972.13
Global   21       364586       17361        2.4        0          145      28376      1424       1716.69    1002.91

Set Statistics
Type     Time(s)  Ops          TPS(ops/s)   Net(M/s)   Get_miss   Min(us)  Max(us)    Avg(us)    Std_dev    Geo_dist  
Period   1        179          179          0.0        0          339      8618       1197       1471.55    900.81
Global   21       3695         175          0.0        0          206      13960      1418       1692.67    1009.64

Total Statistics
Type     Time(s)  Ops          TPS(ops/s)   Net(M/s)   Get_miss   Min(us)  Max(us)    Avg(us)    Std_dev    Geo_dist  
Period   1        17789        17789        2.4        0          175      9333       1409       1758.09    971.39
Global   21       368281       17537        2.4        0          145      28376      1424       1716.40    1002.98

[1;1H[2J
Get Statistics
Type     Time(s)  Ops          TPS(ops/s)   Net(M/s)   Get_miss   Min(us)  Max(us)    Avg(us)    Std_dev    Geo_dist  
Period   1        17215        17215        2.4        0          191      10731      1438       1724.77    1011.19
Global   22       381801       17354        2.4        0          145      28376      1425       1716.75    1003.29

Set Statistics
Type     Time(s)  Ops          TPS(ops/s)   Net(M/s)   Get_miss   Min(us)  Max(us)    Avg(us)    Std_dev    Geo_dist  
Period   1        174          174          0.0        0          264      8194       1463       1833.63    985.96
Global   22       3869         175          0.0        0          206      13960      1420       1699.05    1008.56

Total Statistics
Type     Time(s)  Ops          TPS(ops/s)   Net(M/s)   Get_miss   Min(us)  Max(us)    Avg(us)    Std_dev    Geo_dist  
Period   1        17389        17389        2.4        0          191      10731      1438       1726.05    1010.94
Global   22       385670       17530        2.4        0          145      28376      1424       1717.36    1003.34

[1;1H[2J
Get Statistics
Type     Time(s)  Ops          TPS(ops/s)   Net(M/s)   Get_miss   Min(us)  Max(us)    Avg(us)    Std_dev    Geo_dist  
Period   1        17876        17876        2.4        0          182      10822      1388       1646.43    996.16
Global   23       399677       17377        2.5        0          145      28376      1423       1713.97    1002.97

Set Statistics
Type     Time(s)  Ops          TPS(ops/s)   Net(M/s)   Get_miss   Min(us)  Max(us)    Avg(us)    Std_dev    Geo_dist  
Period   1        180          180          0.0        0          320      7341       1187       1239.19    936.45
Global   23       4049         176          0.0        0          206      13960      1410       1681.55    1005.24

Total Statistics
Type     Time(s)  Ops          TPS(ops/s)   Net(M/s)   Get_miss   Min(us)  Max(us)    Avg(us)    Std_dev    Geo_dist  
Period   1        18059        18059        2.4        0          182      10822      1386       1642.78    995.54
Global   23       403729       17553        2.5        0          145      28376      1423       1713.53    1002.99

[1;1H[2J
Get Statistics
Type     Time(s)  Ops          TPS(ops/s)   Net(M/s)   Get_miss   Min(us)  Max(us)    Avg(us)    Std_dev    Geo_dist  
Period   1        17006        17006        2.4        0          174      15108      1456       1744.47    1028.43
Global   24       416683       17361        2.3        0          145      28376      1424       1715.52    1004.04

Set Statistics
Type     Time(s)  Ops          TPS(ops/s)   Net(M/s)   Get_miss   Min(us)  Max(us)    Avg(us)    Std_dev    Geo_dist  
Period   1        173          173          0.0        0          304      8373       1459       1760.03    1035.30
Global   24       4222         175          0.0        0          206      13960      1412       1684.66    1006.45

Total Statistics
Type     Time(s)  Ops          TPS(ops/s)   Net(M/s)   Get_miss   Min(us)  Max(us)    Avg(us)    Std_dev    Geo_dist  
Period   1        17178        17178        2.4        0          174      15108      1457       1743.87    1029.33
Global   24       420907       17537        2.4        0          145      28376      1424       1715.11    1004.07

[1;1H[2J
Get Statistics
Type     Time(s)  Ops          TPS(ops/s)   Net(M/s)   Get_miss   Min(us)  Max(us)    Avg(us)    Std_dev    Geo_dist  
Period   1        15470        15470        2.4        0          184      38006      1602       2442.96    1024.26
Global   25       432153       17286        2.1        0          145      38006      1431       1746.60    1004.79

Set Statistics
Type     Time(s)  Ops          TPS(ops/s)   Net(M/s)   Get_miss   Min(us)  Max(us)    Avg(us)    Std_dev    Geo_dist  
Period   1        155          155          0.0        0          339      7974       1514       1797.71    1058.12
Global   25       4377         175          0.0        0          206      13960      1416       1688.35    1008.24

Total Statistics
Type     Time(s)  Ops          TPS(ops/s)   Net(M/s)   Get_miss   Min(us)  Max(us)    Avg(us)    Std_dev    Geo_dist  
Period   1        15623        15623        2.4        0          184      38006      1601       2437.68    1025.50
Global   25       436530       17461        2.1        0          145      38006      1430       1746.72    1004.83

[1;1H[2J
Get Statistics
Type     Time(s)  Ops          TPS(ops/s)   Net(M/s)   Get_miss   Min(us)  Max(us)    Avg(us)    Std_dev    Geo_dist  
Period   1        16495        16495        2.4        0          174      11959      1497       1860.99    1024.63
Global   26       448648       17255        2.3        0          145      38006      1433       1751.33    1005.51

Set Statistics
Type     Time(s)  Ops          TPS(ops/s)   Net(M/s)   Get_miss   Min(us)  Max(us)    Avg(us)    Std_dev    Geo_dist  
Period   1        168          168          0.0        0          326      7253       1331       1576.94    976.91
Global   26       4545         174          0.0        0          206      13960      1412       1685.00    1007.06

Total Statistics
Type     Time(s)  Ops          TPS(ops/s)   Net(M/s)   Get_miss   Min(us)  Max(us)    Avg(us)    Std_dev    Geo_dist  
Period   1        16663        16663        2.4        0          174      11959      1495       1858.64    1024.13
Global   26       453193       17430        2.3        0          145      38006      1433       1750.50    1005.53

[1;1H[2J
Get Statistics
Type     Time(s)  Ops          TPS(ops/s)   Net(M/s)   Get_miss   Min(us)  Max(us)    Avg(us)    Std_dev    Geo_dist  
Period   1        16275        16275        2.4        0          193      13357      1519       1884.42    1031.90
Global   27       464923       17219        2.2        0          145      38006      1436       1756.23    1006.43

Set Statistics
Type     Time(s)  Ops          TPS(ops/s)   Net(M/s)   Get_miss   Min(us)  Max(us)    Avg(us)    Std_dev    Geo_dist  
Period   1        164          164          0.0        0          309      12420      1472       1893.21    1027.25
Global   27       4709         174          0.0        0          206      13960      1414       1692.57    1007.76

Total Statistics
Type     Time(s)  Ops          TPS(ops/s)   Net(M/s)   Get_miss   Min(us)  Max(us)    Avg(us)    Std_dev    Geo_dist  
Period   1        16439        16439        2.4        0          193      13357      1518       1884.88    1031.85
Global   27       469632       17393        2.3        0          145      38006      1436       1755.42    1006.44

[1;1H[2J
Get Statistics
Type     Time(s)  Ops          TPS(ops/s)   Net(M/s)   Get_miss   Min(us)  Max(us)    Avg(us)    Std_dev    Geo_dist  
Period   1        17414        17414        2.4        0          188      13162      1428       1701.85    1025.95
Global   28       482337       17226        2.4        0          145      38006      1436       1754.06    1007.12

Set Statistics
Type     Time(s)  Ops          TPS(ops/s)   Net(M/s)   Get_miss   Min(us)  Max(us)    Avg(us)    Std_dev    Geo_dist  
Period   1        177          177          0.0        0          287      8116       1266       1335.68    981.67
Global   28       4886         174          0.0        0          206      13960      1409       1680.78    1006.80

Total Statistics
Type     Time(s)  Ops          TPS(ops/s)   Net(M/s)   Get_miss   Min(us)  Max(us)    Avg(us)    Std_dev    Geo_dist  
Period   1        17591        17591        2.4        0          188      13162      1427       1698.07    1025.49
Global   28       487223       17400        2.4        0          145      38006      1436       1753.12    1007.12

[1;1H[2J
Get Statistics
Type     Time(s)  Ops          TPS(ops/s)   Net(M/s)   Get_miss   Min(us)  Max(us)    Avg(us)    Std_dev    Geo_dist  
Period   1        17148        17148        2.4        0          200      13833      1436       1718.73    1016.84
Global   29       499485       17223        2.4        0          145      38006      1436       1752.86    1007.46

Set Statistics
Type     Time(s)  Ops          TPS(ops/s)   Net(M/s)   Get_miss   Min(us)  Max(us)    Avg(us)    Std_dev    Geo_dist  
Period   1        176          176          0.0        0          227      13754      1419       1799.17    1000.55
Global   29       5062         174          0.0        0          206      13960      1409       1685.13    1006.59

Total Statistics
Type     Time(s)  Ops          TPS(ops/s)   Net(M/s)   Get_miss   Min(us)  Max(us)    Avg(us)    Std_dev    Geo_dist  
Period   1        17324        17324        2.4        0          200      13833      1435       1720.20    1016.67
Global   29       504547       17398        2.4        0          145      38006      1436       1751.97    1007.45

[1;1H[2J
Get Statistics
Type     Time(s)  Ops          TPS(ops/s)   Net(M/s)   Get_miss   Min(us)  Max(us)    Avg(us)    Std_dev    Geo_dist  
Period   1        17746        17746        2.4        0          154      11194      1391       1682.11    984.53
Global   30       517231       17241        2.4        0          145      38006      1434       1750.87    1006.66

Set Statistics
Type     Time(s)  Ops          TPS(ops/s)   Net(M/s)   Get_miss   Min(us)  Max(us)    Avg(us)    Std_dev    Geo_dist  
Period   1        176          176          0.0        0          242      8481       1668       2061.27    1069.65
Global   30       5238         174          0.0        0          206      13960      1418       1699.28    1008.64

Total Statistics
Type     Time(s)  Ops          TPS(ops/s)   Net(M/s)   Get_miss   Min(us)  Max(us)    Avg(us)    Std_dev    Geo_dist  
Period   1        17922        17922        2.4        0          154      11194      1394       1686.16    985.34
Global   30       522469       17415        2.5        0          145      38006      1434       1750.23    1006.68

[1;1H[2J
Get Statistics
Type     Time(s)  Ops          TPS(ops/s)   Net(M/s)   Get_miss   Min(us)  Max(us)    Avg(us)    Std_dev    Geo_dist  
Period   1        17350        17350        2.4        0          177      13507      1426       1729.66    997.86
Global   31       534581       17244        2.4        0          145      38006      1434       1749.97    1006.37

Set Statistics
Type     Time(s)  Ops          TPS(ops/s)   Net(M/s)   Get_miss   Min(us)  Max(us)    Avg(us)    Std_dev    Geo_dist  
Period   1        174          174          0.0        0          372      11919      1550       1830.42    1088.19
Global   31       5412         174          0.0        0          206      13960      1422       1703.84    1011.11

Total Statistics
Type     Time(s)  Ops          TPS(ops/s)   Net(M/s)   Get_miss   Min(us)  Max(us)    Avg(us)    Std_dev    Geo_dist  
Period   1        17526        17526        2.4        0          177      13507      1428       1730.90    998.91
Global   31       539995       17419        2.4        0          145      38006      1434       1749.44    1006.43

[1;1H[2J
Get Statistics
Type     Time(s)  Ops          TPS(ops/s)   Net(M/s)   Get_miss   Min(us)  Max(us)    Avg(us)    Std_dev    Geo_dist  
Period   1        18241        18241        2.4        0          196      9670       1357       1612.58    972.37
Global   32       552822       17275        2.5        0          145      38006      1431       1746.07    1005.26

Set Statistics
Type     Time(s)  Ops          TPS(ops/s)   Net(M/s)   Get_miss   Min(us)  Max(us)    Avg(us)    Std_dev    Geo_dist  
Period   1        185          185          0.0        0          322      7713       1486       1772.11    1027.48
Global   32       5597         174          0.0        0          206      13960      1424       1706.11    1011.64

Total Statistics
Type     Time(s)  Ops          TPS(ops/s)   Net(M/s)   Get_miss   Min(us)  Max(us)    Avg(us)    Std_dev    Geo_dist  
Period   1        18424        18424        2.4        0          196      9670       1359       1613.82    973.63
Global   32       558419       17450        2.5        0          145      38006      1431       1745.62    1005.33

[1;1H[2J
Get Statistics
Type     Time(s)  Ops          TPS(ops/s)   Net(M/s)   Get_miss   Min(us)  Max(us)    Avg(us)    Std_dev    Geo_dist  
Period   1        17811        17811        2.4        0          195      10542      1385       1703.41    971.34
Global   33       570633       17291        2.4        0          145      38006      1430       1744.42    1004.19

Set Statistics
Type     Time(s)  Ops          TPS(ops/s)   Net(M/s)   Get_miss   Min(us)  Max(us)    Avg(us)    Std_dev    Geo_dist  
Period   1        180          180          0.0        0          317      7991       1266       1619.25    906.01
Global   33       5777         175          0.0        0          206      13960      1420       1702.79    1008.17

Total Statistics
Type     Time(s)  Ops          TPS(ops/s)   Net(M/s)   Get_miss   Min(us)  Max(us)    Avg(us)    Std_dev    Geo_dist  
Period   1        17991        17991        2.4        0          195      10542      1384       1702.42    970.30
Global   33       576410       17466        2.5        0          145      38006      1430       1743.92    1004.23

[1;1H[2J
Get Statistics
Type     Time(s)  Ops          TPS(ops/s)   Net(M/s)   Get_miss   Min(us)  Max(us)    Avg(us)    Std_dev    Geo_dist  
Period   1        18591        18591        2.4        0          179      12346      1337       1536.88    968.55
Global   34       589224       17330        2.6        0          145      38006      1427       1738.37    1003.04

Set Statistics
Type     Time(s)  Ops          TPS(ops/s)   Net(M/s)   Get_miss   Min(us)  Max(us)    Avg(us)    Std_dev    Geo_dist  
Period   1        188          188          0.0        0          261      10306      1294       1445.96    974.54
Global   34       5965         175          0.0        0          206      13960      1416       1695.35    1007.10

Total Statistics
Type     Time(s)  Ops          TPS(ops/s)   Net(M/s)   Get_miss   Min(us)  Max(us)    Avg(us)    Std_dev    Geo_dist  
Period   1        18779        18779        2.4        0          179      12346      1336       1536.46    968.61
Global   34       595189       17505        2.6        0          145      38006      1427       1737.86    1003.08

[1;1H[2J
Get Statistics
Type     Time(s)  Ops          TPS(ops/s)   Net(M/s)   Get_miss   Min(us)  Max(us)    Avg(us)    Std_dev    Geo_dist  
Period   1        17099        17099        2.4        0          174      12315      1446       1768.77    990.76
Global   35       606323       17323        2.3        0          145      38006      1428       1738.86    1002.70

Set Statistics
Type     Time(s)  Ops          TPS(ops/s)   Net(M/s)   Get_miss   Min(us)  Max(us)    Avg(us)    Std_dev    Geo_dist  
Period   1        172          172          0.0        0          289      10298      1389       1701.32    960.21
Global   35       6137         175          0.0        0          206      13960      1415       1695.59    1005.75

Total Statistics
Type     Time(s)  Ops          TPS(ops/s)   Net(M/s)   Get_miss   Min(us)  Max(us)    Avg(us)    Std_dev    Geo_dist  
Period   1        17273        17273        2.4        0          174      12315      1446       1767.45    990.41
Global   35       612462       17498        2.4        0          145      38006      1428       1738.32    1002.72

[1;1H[2J
Get Statistics
Type     Time(s)  Ops          TPS(ops/s)   Net(M/s)   Get_miss   Min(us)  Max(us)    Avg(us)    Std_dev    Geo_dist  
Period   1        18323        18323        2.4        0          169      12918      1344       1569.87    983.13
Global   36       624646       17351        2.5        0          145      38006      1425       1734.63    1002.13

Set Statistics
Type     Time(s)  Ops          TPS(ops/s)   Net(M/s)   Get_miss   Min(us)  Max(us)    Avg(us)    Std_dev    Geo_dist  
Period   1        185          185          0.0        0          310      7784       1474       1643.13    1083.14
Global   36       6322         175          0.0        0          206      13960      1417       1693.75    1007.94

Total Statistics
Type     Time(s)  Ops          TPS(ops/s)   Net(M/s)   Get_miss   Min(us)  Max(us)    Avg(us)    Std_dev    Geo_dist  
Period   1        18506        18506        2.4        0          169      12918      1345       1571.02    984.12
Global   36       630968       17526        2.5        0          145      38006      1425       1734.16    1002.18

[1;1H[2J
Get Statistics
Type     Time(s)  Ops          TPS(ops/s)   Net(M/s)   Get_miss   Min(us)  Max(us)    Avg(us)    Std_dev    Geo_dist  
Period   1        17611        17611        2.4        0          200      14308      1414       1688.57    1018.36
Global   37       642257       17358        2.4        0          145      38006      1425       1733.14    1002.57

Set Statistics
Type     Time(s)  Ops          TPS(ops/s)   Net(M/s)   Get_miss   Min(us)  Max(us)    Avg(us)    Std_dev    Geo_dist  
Period   1        178          178          0.0        0          336      14190      1320       1773.35    935.13
Global   37       6500         175          0.0        0          206      14190      1414       1696.20    1005.87

Total Statistics
Type     Time(s)  Ops          TPS(ops/s)   Net(M/s)   Get_miss   Min(us)  Max(us)    Avg(us)    Std_dev    Geo_dist  
Period   1        17789        17789        2.4        0          200      14308      1413       1689.46    1017.49
Global   37       648757       17533        2.4        0          145      38006      1425       1732.68    1002.60

[1;1H[2J
Get Statistics
Type     Time(s)  Ops          TPS(ops/s)   Net(M/s)   Get_miss   Min(us)  Max(us)    Avg(us)    Std_dev    Geo_dist  
Period   1        16481        16481        2.4        0          210      13150      1503       1766.12    1053.58
Global   38       658738       17335        2.3        0          145      38006      1427       1733.97    1003.81

Set Statistics
Type     Time(s)  Ops          TPS(ops/s)   Net(M/s)   Get_miss   Min(us)  Max(us)    Avg(us)    Std_dev    Geo_dist  
Period   1        166          166          0.0        0          291      8518       1487       1804.38    1039.44
Global   38       6666         175          0.0        0          206      14190      1416       1698.72    1006.69

Total Statistics
Type     Time(s)  Ops          TPS(ops/s)   Net(M/s)   Get_miss   Min(us)  Max(us)    Avg(us)    Std_dev    Geo_dist  
Period   1        16647        16647        2.4        0          210      13150      1503       1766.31    1053.44
Global   38       665404       17510        2.3        0          145      38006      1427       1733.53    1003.84

[1;1H[2J
Get Statistics
Type     Time(s)  Ops          TPS(ops/s)   Net(M/s)   Get_miss   Min(us)  Max(us)    Avg(us)    Std_dev    Geo_dist  
Period   1        17745        17745        2.4        0          184      14837      1396       1606.87    1027.68
Global   39       676483       17345        2.4        0          145      38006      1426       1730.92    1004.43

Set Statistics
Type     Time(s)  Ops          TPS(ops/s)   Net(M/s)   Get_miss   Min(us)  Max(us)    Avg(us)    Std_dev    Geo_dist  
Period   1        183          183          0.0        0          321      8387       1435       1691.57    1025.62
Global   39       6849         175          0.0        0          206      14190      1416       1698.83    1007.19

Total Statistics
Type     Time(s)  Ops          TPS(ops/s)   Net(M/s)   Get_miss   Min(us)  Max(us)    Avg(us)    Std_dev    Geo_dist  
Period   1        17929        17929        2.4        0          184      14837      1397       1607.13    1027.66
Global   39       683333       17521        2.5        0          145      38006      1426       1730.51    1004.46

[1;1H[2J
Get Statistics
Type     Time(s)  Ops          TPS(ops/s)   Net(M/s)   Get_miss   Min(us)  Max(us)    Avg(us)    Std_dev    Geo_dist  
Period   1        16994        16994        2.4        0          163      10299      1451       1686.45    1029.40
Global   40       693477       17336        2.3        0          145      38006      1427       1729.53    1005.05

Set Statistics
Type     Time(s)  Ops          TPS(ops/s)   Net(M/s)   Get_miss   Min(us)  Max(us)    Avg(us)    Std_dev    Geo_dist  
Period   1        172          172          0.0        0          270      8624       1350       1533.54    1005.47
Global   40       7021         175          0.0        0          206      14190      1415       1694.39    1007.15

Total Statistics
Type     Time(s)  Ops          TPS(ops/s)   Net(M/s)   Get_miss   Min(us)  Max(us)    Avg(us)    Std_dev    Geo_dist  
Period   1        17165        17165        2.4        0          163      10299      1450       1685.05    1029.57
Global   40       700498       17512        2.4        0          145      38006      1427       1729.08    1005.07

[1;1H[2J
Get Statistics
Type     Time(s)  Ops          TPS(ops/s)   Net(M/s)   Get_miss   Min(us)  Max(us)    Avg(us)    Std_dev    Geo_dist  
Period   1        17775        17775        2.4        0          210      11396      1402       1617.12    1025.83
Global   41       711252       17347        2.4        0          145      38006      1426       1727.12    1005.56

Set Statistics
Type     Time(s)  Ops          TPS(ops/s)   Net(M/s)   Get_miss   Min(us)  Max(us)    Avg(us)    Std_dev    Geo_dist  
Period   1        177          177          0.0        0          271      7897       1426       1621.96    1040.94
Global   41       7198         175          0.0        0          206      14190      1415       1692.76    1007.97

Total Statistics
Type     Time(s)  Ops          TPS(ops/s)   Net(M/s)   Get_miss   Min(us)  Max(us)    Avg(us)    Std_dev    Geo_dist  
Period   1        17952        17952        2.4        0          210      11396      1402       1617.33    1025.98
Global   41       718450       17523        2.5        0          145      38006      1426       1726.69    1005.59

[1;1H[2J
Get Statistics
Type     Time(s)  Ops          TPS(ops/s)   Net(M/s)   Get_miss   Min(us)  Max(us)    Avg(us)    Std_dev    Geo_dist  
Period   1        18270        18270        2.4        0          219      8534       1352       1550.46    992.60
Global   42       729522       17369        2.5        0          145      38006      1424       1723.08    1005.23

Set Statistics
Type     Time(s)  Ops          TPS(ops/s)   Net(M/s)   Get_miss   Min(us)  Max(us)    Avg(us)    Std_dev    Geo_dist  
Period   1        183          183          0.0        0          209      6682       1188       1293.12    898.28
Global   42       7381         175          0.0        0          206      14190      1409       1684.62    1005.09

Total Statistics
Type     Time(s)  Ops          TPS(ops/s)   Net(M/s)   Get_miss   Min(us)  Max(us)    Avg(us)    Std_dev    Geo_dist  
Period   1        18453        18453        2.4        0          209      8534       1351       1547.62    991.62
Global   42       736903       17545        2.5        0          145      38006      1424       1722.57    1005.23

[1;1H[2J
Get Statistics
Type     Time(s)  Ops          TPS(ops/s)   Net(M/s)   Get_miss   Min(us)  Max(us)    Avg(us)    Std_dev    Geo_dist  
Period   1        19039        19039        2.4        0          171      9751       1295       1557.61    950.00
Global   43       748561       17408        2.6        0          145      38006      1421       1718.95    1003.79

Set Statistics
Type     Time(s)  Ops          TPS(ops/s)   Net(M/s)   Get_miss   Min(us)  Max(us)    Avg(us)    Std_dev    Geo_dist  
Period   1        192          192          0.0        0          299      7840       1309       1526.80    976.17
Global   43       7573         176          0.0        0          206      14190      1407       1680.33    1004.35

Total Statistics
Type     Time(s)  Ops          TPS(ops/s)   Net(M/s)   Get_miss   Min(us)  Max(us)    Avg(us)    Std_dev    Geo_dist  
Period   1        19231        19231        2.4        0          171      9751       1295       1557.39    950.25
Global   43       756134       17584        2.6        0          145      38006      1421       1718.45    1003.80

[1;1H[2J
Get Statistics
Type     Time(s)  Ops          TPS(ops/s)   Net(M/s)   Get_miss   Min(us)  Max(us)    Avg(us)    Std_dev    Geo_dist  
Period   1        16206        16206        2.4        0          204      9789       1523       1808.16    1036.60
Global   44       764767       17381        2.2        0          145      38006      1423       1721.08    1004.47

Set Statistics
Type     Time(s)  Ops          TPS(ops/s)   Net(M/s)   Get_miss   Min(us)  Max(us)    Avg(us)    Std_dev    Geo_dist  
Period   1        165          165          0.0        0          313      7763       1434       1702.00    1004.82
Global   44       7738         175          0.0        0          206      14190      1407       1681.17    1004.36

Total Statistics
Type     Time(s)  Ops          TPS(ops/s)   Net(M/s)   Get_miss   Min(us)  Max(us)    Avg(us)    Std_dev    Geo_dist  
Period   1        16371        16371        2.4        0          204      9789       1522       1807.18    1036.27
Global   44       772505       17556        2.2        0          145      38006      1423       1720.56    1004.47

[1;1H[2J
Get Statistics
Type     Time(s)  Ops          TPS(ops/s)   Net(M/s)   Get_miss   Min(us)  Max(us)    Avg(us)    Std_dev    Geo_dist  
Period   1        16426        16426        2.4        0          158      12376      1514       1888.52    998.72
Global   45       781193       17359        2.3        0          145      38006      1425       1724.75    1004.35

Set Statistics
Type     Time(s)  Ops          TPS(ops/s)   Net(M/s)   Get_miss   Min(us)  Max(us)    Avg(us)    Std_dev    Geo_dist  
Period   1        164          164          0.0        0          287      12324      1699       2143.72    1102.40
Global   45       7902         175          0.0        0          206      14190      1413       1692.45    1006.30

Total Statistics
Type     Time(s)  Ops          TPS(ops/s)   Net(M/s)   Get_miss   Min(us)  Max(us)    Avg(us)    Std_dev    Geo_dist  
Period   1        16590        16590        2.4        0          158      12376      1516       1891.09    999.70
Global   45       789095       17535        2.3        0          145      38006      1425       1724.33    1004.37

[1;1H[2J
Get Statistics
Type     Time(s)  Ops          TPS(ops/s)   Net(M/s)   Get_miss   Min(us)  Max(us)    Avg(us)    Std_dev    Geo_dist  
Period   1        16654        16654        2.4        0          179      9480       1478       1784.79    1014.11
Global   46       797847       17344        2.3        0          145      38006      1426       1726.13    1004.56

Set Statistics
Type     Time(s)  Ops          TPS(ops/s)   Net(M/s)   Get_miss   Min(us)  Max(us)    Avg(us)    Std_dev    Geo_dist  
Period   1        168          168          0.0        0          212      7227       1562       1755.28    1090.03
Global   46       8070         175          0.0        0          206      14190      1416       1693.89    1007.98

Total Statistics
Type     Time(s)  Ops          TPS(ops/s)   Net(M/s)   Get_miss   Min(us)  Max(us)    Avg(us)    Std_dev    Geo_dist  
Period   1        16822        16822        2.4        0          179      9480       1479       1784.33    1014.84
Global   46       805917       17519        2.3        0          145      38006      1426       1725.72    1004.59

[1;1H[2J
Get Statistics
Type     Time(s)  Ops          TPS(ops/s)   Net(M/s)   Get_miss   Min(us)  Max(us)    Avg(us)    Std_dev    Geo_dist  
Period   1        16368        16368        2.4        0          195      14278      1503       1826.77    1037.20
Global   47       814215       17323        2.2        0          145      38006      1428       1727.87    1005.20

Set Statistics
Type     Time(s)  Ops          TPS(ops/s)   Net(M/s)   Get_miss   Min(us)  Max(us)    Avg(us)    Std_dev    Geo_dist  
Period   1        166          166          0.0        0          338      7832       1866       2116.17    1243.30
Global   47       8236         175          0.0        0          206      14190      1425       1704.51    1012.25

Total Statistics
Type     Time(s)  Ops          TPS(ops/s)   Net(M/s)   Get_miss   Min(us)  Max(us)    Avg(us)    Std_dev    Geo_dist  
Period   1        16534        16534        2.4        0          195      14278      1507       1829.89    1039.09
Global   47       822451       17498        2.3        0          145      38006      1428       1727.61    1005.27

[1;1H[2J
Get Statistics
Type     Time(s)  Ops          TPS(ops/s)   Net(M/s)   Get_miss   Min(us)  Max(us)    Avg(us)    Std_dev    Geo_dist  
Period   1        18305        18305        2.4        0          170      10847      1355       1662.37    959.12
Global   48       832520       17344        2.5        0          145      38006      1426       1726.81    1004.17

Set Statistics
Type     Time(s)  Ops          TPS(ops/s)   Net(M/s)   Get_miss   Min(us)  Max(us)    Avg(us)    Std_dev    Geo_dist  
Period   1        187          187          0.0        0          220      7279       1348       1498.09    997.85
Global   48       8423         175          0.0        0          206      14190      1424       1699.56    1011.93

Total Statistics
Type     Time(s)  Ops          TPS(ops/s)   Net(M/s)   Get_miss   Min(us)  Max(us)    Avg(us)    Std_dev    Geo_dist  
Period   1        18492        18492        2.4        0          170      10847      1355       1660.70    959.51
Global   48       840943       17519        2.5        0          145      38006      1426       1726.52    1004.24

[1;1H[2J
Get Statistics
Type     Time(s)  Ops          TPS(ops/s)   Net(M/s)   Get_miss   Min(us)  Max(us)    Avg(us)    Std_dev    Geo_dist  
Period   1        17205        17205        2.4        0          171      20897      1434       1818.39    1017.38
Global   49       849725       17341        2.4        0          145      38006      1426       1728.85    1004.43

Set Statistics
Type     Time(s)  Ops          TPS(ops/s)   Net(M/s)   Get_miss   Min(us)  Max(us)    Avg(us)    Std_dev    Geo_dist  
Period   1        172          172          0.0        0          257      19801      1445       2172.76    995.76
Global   49       8595         175          0.0        0          206      19801      1424       1710.51    1011.60

Total Statistics
Type     Time(s)  Ops          TPS(ops/s)   Net(M/s)   Get_miss   Min(us)  Max(us)    Avg(us)    Std_dev    Geo_dist  
Period   1        17377        17377        2.4        0          171      20897      1435       1821.46    1017.16
Global   49       858320       17516        2.4        0          145      38006      1426       1728.65    1004.50

[1;1H[2J
Get Statistics
Type     Time(s)  Ops          TPS(ops/s)   Net(M/s)   Get_miss   Min(us)  Max(us)    Avg(us)    Std_dev    Geo_dist  
Period   1        18769        18769        2.4        0          198      9809       1322       1502.37    969.46
Global   50       868494       17369        2.6        0          145      38006      1424       1724.13    1003.66

Set Statistics
Type     Time(s)  Ops          TPS(ops/s)   Net(M/s)   Get_miss   Min(us)  Max(us)    Avg(us)    Std_dev    Geo_dist  
Period   1        191          191          0.0        0          266      8139       1485       1665.59    1053.12
Global   50       8786         175          0.0        0          206      19801      1426       1708.91    1012.49

Total Statistics
Type     Time(s)  Ops          TPS(ops/s)   Net(M/s)   Get_miss   Min(us)  Max(us)    Avg(us)    Std_dev    Geo_dist  
Period   1        18960        18960        2.4        0          198      9809       1324       1503.83    970.27
Global   50       877280       17545        2.6        0          145      38006      1424       1723.99    1003.75

[1;1H[2J
Get Statistics
Type     Time(s)  Ops          TPS(ops/s)   Net(M/s)   Get_miss   Min(us)  Max(us)    Avg(us)    Std_dev    Geo_dist  
Period   1        17625        17625        2.4        0          192      10516      1404       1683.47    999.07
Global   51       886119       17374        2.4        0          145      38006      1424       1723.00    1003.57

Set Statistics
Type     Time(s)  Ops          TPS(ops/s)   Net(M/s)   Get_miss   Min(us)  Max(us)    Avg(us)    Std_dev    Geo_dist  
Period   1        178          178          0.0        0          329      7930       1254       1460.00    941.33
Global   51       8964         175          0.0        0          206      19801      1422       1704.91    1011.02

Total Statistics
Type     Time(s)  Ops          TPS(ops/s)   Net(M/s)   Get_miss   Min(us)  Max(us)    Avg(us)    Std_dev    Geo_dist  
Period   1        17803        17803        2.4        0          192      10516      1403       1681.00    998.47
Global   51       895083       17550        2.4        0          145      38006      1424       1722.80    1003.65

[1;1H[2J
Get Statistics
Type     Time(s)  Ops          TPS(ops/s)   Net(M/s)   Get_miss   Min(us)  Max(us)    Avg(us)    Std_dev    Geo_dist  
Period   1        17813        17813        2.4        0          221      9619       1393       1582.68    1019.35
Global   52       903932       17383        2.4        0          145      38006      1423       1720.67    1003.88

Set Statistics
Type     Time(s)  Ops          TPS(ops/s)   Net(M/s)   Get_miss   Min(us)  Max(us)    Avg(us)    Std_dev    Geo_dist  
Period   1        178          178          0.0        0          172      7395       1504       1724.84    1065.79
Global   52       9142         175          0.0        0          172      19801      1424       1704.90    1012.06

Total Statistics
Type     Time(s)  Ops          TPS(ops/s)   Net(M/s)   Get_miss   Min(us)  Max(us)    Avg(us)    Std_dev    Geo_dist  
Period   1        17991        17991        2.4        0          172      9619       1394       1584.22    1019.80
Global   52       913074       17559        2.5        0          145      38006      1423       1720.52    1003.96

[1;1H[2J
Get Statistics
Type     Time(s)  Ops          TPS(ops/s)   Net(M/s)   Get_miss   Min(us)  Max(us)    Avg(us)    Std_dev    Geo_dist  
Period   1        17487        17487        2.4        0          165      10350      1411       1693.21    1003.94
Global   53       921419       17385        2.4        0          145      38006      1423       1719.97    1003.88

Set Statistics
Type     Time(s)  Ops          TPS(ops/s)   Net(M/s)   Get_miss   Min(us)  Max(us)    Avg(us)    Std_dev    Geo_dist  
Period   1        178          178          0.0        0          326      7481       1565       1814.87    1087.28
Global   53       9320         175          0.0        0          172      19801      1426       1707.66    1013.45

Total Statistics
Type     Time(s)  Ops          TPS(ops/s)   Net(M/s)   Get_miss   Min(us)  Max(us)    Avg(us)    Std_dev    Geo_dist  
Period   1        17665        17665        2.4        0          165      10350      1413       1694.12    1004.75
Global   53       930739       17561        2.4        0          145      38006      1423       1719.87    1003.98

[1;1H[2J
Get Statistics
Type     Time(s)  Ops          TPS(ops/s)   Net(M/s)   Get_miss   Min(us)  Max(us)    Avg(us)    Std_dev    Geo_dist  
Period   1        17303        17303        2.4        0          182      9337       1433       1683.58    1014.43
Global   54       938722       17383        2.4        0          145      38006      1423       1719.46    1004.07

Set Statistics
Type     Time(s)  Ops          TPS(ops/s)   Net(M/s)   Get_miss   Min(us)  Max(us)    Avg(us)    Std_dev    Geo_dist  
Period   1        176          176          0.0        0          265      8986       1645       1877.10    1132.84
Global   54       9496         175          0.0        0          172      19801      1430       1711.14    1015.54

Total Statistics
Type     Time(s)  Ops          TPS(ops/s)   Net(M/s)   Get_miss   Min(us)  Max(us)    Avg(us)    Std_dev    Geo_dist  
Period   1        17479        17479        2.4        0          182      9337       1435       1685.83    1015.55
Global   54       948218       17559        2.4        0          145      38006      1423       1719.43    1004.19

[1;1H[2J
Get Statistics
Type     Time(s)  Ops          TPS(ops/s)   Net(M/s)   Get_miss   Min(us)  Max(us)    Avg(us)    Std_dev    Geo_dist  
Period   1        18162        18162        2.4        0          189      10660      1359       1576.05    998.99
Global   55       956884       17397        2.5        0          145      38006      1422       1716.69    1003.98

Set Statistics
Type     Time(s)  Ops          TPS(ops/s)   Net(M/s)   Get_miss   Min(us)  Max(us)    Avg(us)    Std_dev    Geo_dist  
Period   1        181          181          0.0        0          315      9957       1508       1859.88    1031.32
Global   55       9677         175          0.0        0          172      19801      1432       1713.52    1015.84

Total Statistics
Type     Time(s)  Ops          TPS(ops/s)   Net(M/s)   Get_miss   Min(us)  Max(us)    Avg(us)    Std_dev    Geo_dist  
Period   1        18343        18343        2.4        0          189      10660      1360       1579.52    999.30
Global   55       966561       17573        2.5        0          145      38006      1422       1716.74    1004.10

[1;1H[2J
Get Statistics
Type     Time(s)  Ops          TPS(ops/s)   Net(M/s)   Get_miss   Min(us)  Max(us)    Avg(us)    Std_dev    Geo_dist  
Period   1        18038        18038        2.4        0          188      11898      1370       1541.01    1021.19
Global   56       974922       17409        2.5        0          145      38006      1421       1713.65    1004.29

Set Statistics
Type     Time(s)  Ops          TPS(ops/s)   Net(M/s)   Get_miss   Min(us)  Max(us)    Avg(us)    Std_dev    Geo_dist  
Period   1        182          182          0.0        0          299      7747       1478       1705.64    1042.58
Global   56       9859         176          0.0        0          172      19801      1433       1713.18    1016.32

Total Statistics
Type     Time(s)  Ops          TPS(ops/s)   Net(M/s)   Get_miss   Min(us)  Max(us)    Avg(us)    Std_dev    Geo_dist  
Period   1        18220        18220        2.4        0          188      11898      1371       1542.80    1021.40
Global   56       984781       17585        2.5        0          145      38006      1421       1713.74    1004.41

[1;1H[2J
Get Statistics
Type     Time(s)  Ops          TPS(ops/s)   Net(M/s)   Get_miss   Min(us)  Max(us)    Avg(us)    Std_dev    Geo_dist  
Period   1        18633        18633        2.4        0          201      11216      1329       1472.24    1004.26
Global   57       993555       17430        2.6        0          145      38006      1419       1709.71    1004.29

Set Statistics
Type     Time(s)  Ops          TPS(ops/s)   Net(M/s)   Get_miss   Min(us)  Max(us)    Avg(us)    Std_dev    Geo_dist  
Period   1        193          193          0.0        0          320      7748       1268       1265.50    995.62
Global   57       10052        176          0.0        0          172      19801      1430       1705.65    1015.92

Total Statistics
Type     Time(s)  Ops          TPS(ops/s)   Net(M/s)   Get_miss   Min(us)  Max(us)    Avg(us)    Std_dev    Geo_dist  
Period   1        18828        18828        2.4        0          201      11216      1328       1470.48    1004.17
Global   57       1003609      17607        2.6        0          145      38006      1419       1709.76    1004.41

[1;1H[2J
Get Statistics
Type     Time(s)  Ops          TPS(ops/s)   Net(M/s)   Get_miss   Min(us)  Max(us)    Avg(us)    Std_dev    Geo_dist  
Period   1        18140        18140        2.4        0          188      10674      1361       1495.37    1021.72
Global   58       1011695      17443        2.5        0          145      38006      1418       1706.09    1004.62

Set Statistics
Type     Time(s)  Ops          TPS(ops/s)   Net(M/s)   Get_miss   Min(us)  Max(us)    Avg(us)    Std_dev    Geo_dist  
Period   1        180          180          0.0        0          285      7803       1490       1620.26    1092.21
Global   58       10232        176          0.0        0          172      19801      1431       1704.17    1017.22

Total Statistics
Type     Time(s)  Ops          TPS(ops/s)   Net(M/s)   Get_miss   Min(us)  Max(us)    Avg(us)    Std_dev    Geo_dist  
Period   1        18318        18318        2.4        0          188      10674      1363       1496.12    1022.78
Global   58       1021927      17619        2.5        0          145      38006      1418       1706.17    1004.74

[1;1H[2J
Get Statistics
Type     Time(s)  Ops          TPS(ops/s)   Net(M/s)   Get_miss   Min(us)  Max(us)    Avg(us)    Std_dev    Geo_dist  
Period   1        18454        18454        2.4        0          213      11378      1345       1518.27    1011.19
Global   59       1030149      17460        2.5        0          145      38006      1417       1702.67    1004.73

Set Statistics
Type     Time(s)  Ops          TPS(ops/s)   Net(M/s)   Get_miss   Min(us)  Max(us)    Avg(us)    Std_dev    Geo_dist  
Period   1        185          185          0.0        0          346      10744      1156       1138.36    971.75
Global   59       10417        176          0.0        0          172      19801      1426       1696.22    1016.39

Total Statistics
Type     Time(s)  Ops          TPS(ops/s)   Net(M/s)   Get_miss   Min(us)  Max(us)    Avg(us)    Std_dev    Geo_dist  
Period   1        18639        18639        2.4        0          213      11378      1343       1515.17    1010.79
Global   59       1040566      17636        2.6        0          145      38006      1417       1702.68    1004.85

[1;1H[2J
Get Statistics
Type     Time(s)  Ops          TPS(ops/s)   Net(M/s)   Get_miss   Min(us)  Max(us)    Avg(us)    Std_dev    Geo_dist  
Period   1        17845        17845        2.4        0          214      12116      1382       1581.18    1021.32
Global   60       1047994      17466        2.5        0          145      38006      1416       1701.02    1005.01

Set Statistics
Type     Time(s)  Ops          TPS(ops/s)   Net(M/s)   Get_miss   Min(us)  Max(us)    Avg(us)    Std_dev    Geo_dist  
Period   1        179          179          0.0        0          282      7718       1332       1506.10    978.37
Global   60       10596        176          0.0        0          172      19801      1424       1693.51    1015.74

Total Statistics
Type     Time(s)  Ops          TPS(ops/s)   Net(M/s)   Get_miss   Min(us)  Max(us)    Avg(us)    Std_dev    Geo_dist  
Period   1        18024        18024        2.4        0          214      12116      1382       1579.99    1020.89
Global   60       1058590      17643        2.5        0          145      38006      1416       1701.01    1005.12

Get Statistics (1048019 events)
   Min:       145
   Max:     38006
   Avg:      1416
   Geo:   1005.06
   Std:   1701.39
   Log2 Dist:
       8:     1359   108008   563216   254366
      12:    36744    79993     4209      109
      16:       15

Set Statistics (10596 events)
   Min:       172
   Max:     19801
   Avg:      1424
   Geo:   1015.74
   Std:   1693.51
   Log2 Dist:
       8:        8     1031     5678     2650
      12:      370      816       42        1

Total Statistics (1058615 events)
   Min:       145
   Max:     38006
   Avg:      1416
   Geo:   1005.17
   Std:   1701.38
   Log2 Dist:
       8:     1367   109039   568894   257016
      12:    37114    80809     4251      110
      16:       15

cmd_get: 1048044
cmd_set: 10596
get_misses: 0
written_bytes: 24751778
read_bytes: 173007903
object_bytes: 1525824

Run time: 60.2s Ops: 1058640 TPS: 17574 Net_rate: 3.1M/s
