servers : 10.0.0.13:9000
threads count: 115
concurrency: 115
run time: 60s
windows size: 10k
set proportion: set_prop=0.01
get proportion: get_prop=0.99
[1;1H[2J
Get Statistics
Type     Time(s)  Ops          TPS(ops/s)   Net(M/s)   Get_miss   Min(us)  Max(us)    Avg(us)    Std_dev    Geo_dist  
Period   1        23760        23760        3.3        0          200      110763     4695       5900.64    2698.54
Global   1        23760        23760        3.3        0          200      110763     4695       5900.64    2698.54

Set Statistics
Type     Time(s)  Ops          TPS(ops/s)   Net(M/s)   Get_miss   Min(us)  Max(us)    Avg(us)    Std_dev    Geo_dist  
Period   1        304          304          0.0        0          540      22709      5080       3825.66    3378.58
Global   1        304          304          0.0        0          540      22709      5080       3825.66    3378.58

Total Statistics
Type     Time(s)  Ops          TPS(ops/s)   Net(M/s)   Get_miss   Min(us)  Max(us)    Avg(us)    Std_dev    Geo_dist  
Period   1        24064        24064        3.3        0          200      110763     4700       5878.99    2706.22
Global   1        24064        24064        3.3        0          200      110763     4700       5878.99    2706.22

[1;1H[2J
Get Statistics
Type     Time(s)  Ops          TPS(ops/s)   Net(M/s)   Get_miss   Min(us)  Max(us)    Avg(us)    Std_dev    Geo_dist  
Period   1        23665        23665        3.3        0          248      110505     4740       5534.87    2838.47
Global   2        47425        23712        3.2        0          200      110763     4718       5720.58    2767.48

Set Statistics
Type     Time(s)  Ops          TPS(ops/s)   Net(M/s)   Get_miss   Min(us)  Max(us)    Avg(us)    Std_dev    Geo_dist  
Period   1        231          231          0.0        0          381      83711      5396       6782.27    3230.91
Global   2        535          267          0.0        0          381      83711      5217       5304.30    3314.01

Total Statistics
Type     Time(s)  Ops          TPS(ops/s)   Net(M/s)   Get_miss   Min(us)  Max(us)    Avg(us)    Std_dev    Geo_dist  
Period   1        23898        23898        3.3        0          248      110505     4746       5548.66    2841.22
Global   2        47962        23981        3.3        0          200      110763     4723       5716.71    2772.66

[1;1H[2J
Get Statistics
Type     Time(s)  Ops          TPS(ops/s)   Net(M/s)   Get_miss   Min(us)  Max(us)    Avg(us)    Std_dev    Geo_dist  
Period   1        24570        24570        3.3        0          183      127156     4657       5362.32    2795.93
Global   3        71995        23998        3.4        0          183      127156     4697       5601.18    2777.51

Set Statistics
Type     Time(s)  Ops          TPS(ops/s)   Net(M/s)   Get_miss   Min(us)  Max(us)    Avg(us)    Std_dev    Geo_dist  
Period   1        248          248          0.0        0          425      24845      4462       3922.95    2855.74
Global   3        783          261          0.0        0          381      83711      4977       4919.95    3161.42

Total Statistics
Type     Time(s)  Ops          TPS(ops/s)   Net(M/s)   Get_miss   Min(us)  Max(us)    Avg(us)    Std_dev    Geo_dist  
Period   1        24816        24816        3.3        0          183      127156     4655       5350.25    2798.31
Global   3        72778        24259        3.4        0          183      127156     4700       5594.35    2781.38

[1;1H[2J
Get Statistics
Type     Time(s)  Ops          TPS(ops/s)   Net(M/s)   Get_miss   Min(us)  Max(us)    Avg(us)    Std_dev    Geo_dist  
Period   1        24473        24473        3.3        0          259      101018     4660       5430.51    2748.36
Global   4        96468        24117        3.4        0          183      127156     4688       5558.05    2770.09

Set Statistics
Type     Time(s)  Ops          TPS(ops/s)   Net(M/s)   Get_miss   Min(us)  Max(us)    Avg(us)    Std_dev    Geo_dist  
Period   1        244          244          0.0        0          447      28591      4402       4337.55    2687.71
Global   4        1027         256          0.0        0          381      83711      4841       4791.59    3041.81

Total Statistics
Type     Time(s)  Ops          TPS(ops/s)   Net(M/s)   Get_miss   Min(us)  Max(us)    Avg(us)    Std_dev    Geo_dist  
Period   1        24717        24717        3.3        0          259      101018     4658       5420.32    2747.75
Global   4        97495        24373        3.4        0          183      127156     4689       5551.05    2772.82

[1;1H[2J
Get Statistics
Type     Time(s)  Ops          TPS(ops/s)   Net(M/s)   Get_miss   Min(us)  Max(us)    Avg(us)    Std_dev    Geo_dist  
Period   1        23267        23267        3.3        0          214      103612     4765       5096.20    2927.14
Global   5        119735       23947        3.2        0          183      127156     4703       5471.39    2799.93

Set Statistics
Type     Time(s)  Ops          TPS(ops/s)   Net(M/s)   Get_miss   Min(us)  Max(us)    Avg(us)    Std_dev    Geo_dist  
Period   1        241          241          0.0        0          572      23884      4743       3990.27    3133.32
Global   5        1268         253          0.0        0          381      83711      4822       4649.01    3058.99

Total Statistics
Type     Time(s)  Ops          TPS(ops/s)   Net(M/s)   Get_miss   Min(us)  Max(us)    Avg(us)    Std_dev    Geo_dist  
Period   1        23508        23508        3.3        0          214      103612     4765       5085.80    2929.18
Global   5        121003       24200        3.2        0          183      127156     4704       5463.62    2802.53

[1;1H[2J
Get Statistics
Type     Time(s)  Ops          TPS(ops/s)   Net(M/s)   Get_miss   Min(us)  Max(us)    Avg(us)    Std_dev    Geo_dist  
Period   1        24666        24666        3.3        0          213      115848     4629       5309.56    2813.39
Global   6        144401       24066        3.4        0          183      127156     4690       5444.45    2802.22

Set Statistics
Type     Time(s)  Ops          TPS(ops/s)   Net(M/s)   Get_miss   Min(us)  Max(us)    Avg(us)    Std_dev    Geo_dist  
Period   1        239          239          0.0        0          351      61890      4805       5571.51    2955.93
Global   6        1507         251          0.0        0          351      83711      4820       4804.41    3042.41

Total Statistics
Type     Time(s)  Ops          TPS(ops/s)   Net(M/s)   Get_miss   Min(us)  Max(us)    Avg(us)    Std_dev    Geo_dist  
Period   1        24906        24906        3.3        0          213      115848     4632       5313.83    2814.99
Global   6        145909       24318        3.4        0          183      127156     4692       5438.14    2804.65

[1;1H[2J
Get Statistics
Type     Time(s)  Ops          TPS(ops/s)   Net(M/s)   Get_miss   Min(us)  Max(us)    Avg(us)    Std_dev    Geo_dist  
Period   1        23426        23426        3.3        0          281      116251     4833       5259.55    2974.65
Global   7        167827       23975        3.2        0          183      127156     4710       5419.65    2825.85

Set Statistics
Type     Time(s)  Ops          TPS(ops/s)   Net(M/s)   Get_miss   Min(us)  Max(us)    Avg(us)    Std_dev    Geo_dist  
Period   1        251          251          0.0        0          492      45575      4455       4739.05    2718.11
Global   7        1758         251          0.0        0          351      83711      4768       4795.38    2993.84

Total Statistics
Type     Time(s)  Ops          TPS(ops/s)   Net(M/s)   Get_miss   Min(us)  Max(us)    Avg(us)    Std_dev    Geo_dist  
Period   1        23676        23676        3.3        0          281      116251     4829       5254.55    2972.81
Global   7        169585       24226        3.3        0          183      127156     4711       5413.19    2827.54

[1;1H[2J
Get Statistics
Type     Time(s)  Ops          TPS(ops/s)   Net(M/s)   Get_miss   Min(us)  Max(us)    Avg(us)    Std_dev    Geo_dist  
Period   1        22696        22696        3.3        0          255      93979      4941       5613.47    2972.58
Global   8        190523       23815        3.1        0          183      127156     4738       5443.18    2842.94

Set Statistics
Type     Time(s)  Ops          TPS(ops/s)   Net(M/s)   Get_miss   Min(us)  Max(us)    Avg(us)    Std_dev    Geo_dist  
Period   1        224          224          0.0        0          370      45958      4969       5200.87    3082.66
Global   8        1982         247          0.0        0          351      83711      4790       4842.65    3003.75

Total Statistics
Type     Time(s)  Ops          TPS(ops/s)   Net(M/s)   Get_miss   Min(us)  Max(us)    Avg(us)    Std_dev    Geo_dist  
Period   1        22920        22920        3.3        0          255      93979      4941       5609.72    2973.63
Global   8        192505       24063        3.1        0          183      127156     4738       5437.79    2844.55

[1;1H[2J
Get Statistics
Type     Time(s)  Ops          TPS(ops/s)   Net(M/s)   Get_miss   Min(us)  Max(us)    Avg(us)    Std_dev    Geo_dist  
Period   1        23059        23059        3.3        0          222      114179     4837       5392.51    2888.43
Global   9        213582       23731        3.2        0          183      127156     4748       5438.41    2847.82

Set Statistics
Type     Time(s)  Ops          TPS(ops/s)   Net(M/s)   Get_miss   Min(us)  Max(us)    Avg(us)    Std_dev    Geo_dist  
Period   1        228          228          0.0        0          327      58606      5438       6835.96    3235.84
Global   9        2210         245          0.0        0          327      83711      4857       5086.28    3026.90

Total Statistics
Type     Time(s)  Ops          TPS(ops/s)   Net(M/s)   Get_miss   Min(us)  Max(us)    Avg(us)    Std_dev    Geo_dist  
Period   1        23287        23287        3.3        0          222      114179     4842       5409.44    2891.64
Global   9        215792       23976        3.2        0          183      127156     4750       5434.14    2849.60

[1;1H[2J
Get Statistics
Type     Time(s)  Ops          TPS(ops/s)   Net(M/s)   Get_miss   Min(us)  Max(us)    Avg(us)    Std_dev    Geo_dist  
Period   1        24180        24180        3.3        0          272      126214     4727       6626.72    2711.55
Global   10       237762       23776        3.3        0          183      127156     4746       5570.72    2833.65

Set Statistics
Type     Time(s)  Ops          TPS(ops/s)   Net(M/s)   Get_miss   Min(us)  Max(us)    Avg(us)    Std_dev    Geo_dist  
Period   1        250          250          0.0        0          398      24734      4171       4517.95    2474.65
Global   10       2460         246          0.0        0          327      83711      4787       5035.15    2965.57

Total Statistics
Type     Time(s)  Ops          TPS(ops/s)   Net(M/s)   Get_miss   Min(us)  Max(us)    Avg(us)    Std_dev    Geo_dist  
Period   1        24430        24430        3.3        0          272      126214     4721       6608.94    2709.01
Global   10       240222       24022        3.4        0          183      127156     4747       5564.99    2834.97

[1;1H[2J
Get Statistics
Type     Time(s)  Ops          TPS(ops/s)   Net(M/s)   Get_miss   Min(us)  Max(us)    Avg(us)    Std_dev    Geo_dist  
Period   1        25209        25209        3.3        0          313      78197      4428       5084.14    2696.15
Global   11       262971       23906        3.5        0          183      127156     4716       5526.30    2820.17

Set Statistics
Type     Time(s)  Ops          TPS(ops/s)   Net(M/s)   Get_miss   Min(us)  Max(us)    Avg(us)    Std_dev    Geo_dist  
Period   1        249          249          0.0        0          487      29256      4732       4307.67    3059.65
Global   11       2709         246          0.0        0          327      83711      4782       4971.99    2974.09

Total Statistics
Type     Time(s)  Ops          TPS(ops/s)   Net(M/s)   Get_miss   Min(us)  Max(us)    Avg(us)    Std_dev    Geo_dist  
Period   1        25459        25459        3.3        0          313      78197      4430       5077.82    2699.43
Global   11       265681       24152        3.5        0          183      127156     4716       5521.48    2821.70

[1;1H[2J
Get Statistics
Type     Time(s)  Ops          TPS(ops/s)   Net(M/s)   Get_miss   Min(us)  Max(us)    Avg(us)    Std_dev    Geo_dist  
Period   1        23280        23280        3.3        0          225      127490     4804       6466.06    2768.71
Global   12       286251       23854        3.2        0          183      127490     4723       5608.79    2816.02

Set Statistics
Type     Time(s)  Ops          TPS(ops/s)   Net(M/s)   Get_miss   Min(us)  Max(us)    Avg(us)    Std_dev    Geo_dist  
Period   1        234          234          0.0        0          421      29298      3986       4110.58    2435.72
Global   12       2943         245          0.0        0          327      83711      4719       4912.87    2927.24

Total Statistics
Type     Time(s)  Ops          TPS(ops/s)   Net(M/s)   Get_miss   Min(us)  Max(us)    Avg(us)    Std_dev    Geo_dist  
Period   1        23513        23513        3.3        0          225      127490     4796       6447.41    2765.24
Global   12       289194       24099        3.2        0          183      127490     4723       5602.10    2817.13

[1;1H[2J
Get Statistics
Type     Time(s)  Ops          TPS(ops/s)   Net(M/s)   Get_miss   Min(us)  Max(us)    Avg(us)    Std_dev    Geo_dist  
Period   1        24337        24337        3.3        0          230      101985     4660       5510.03    2773.11
Global   13       310588       23891        3.3        0          183      127490     4718       5601.18    2812.64

Set Statistics
Type     Time(s)  Ops          TPS(ops/s)   Net(M/s)   Get_miss   Min(us)  Max(us)    Avg(us)    Std_dev    Geo_dist  
Period   1        254          254          0.0        0          427      64252      4780       5896.66    2862.53
Global   13       3197         245          0.0        0          327      83711      4724       4996.94    2922.05

Total Statistics
Type     Time(s)  Ops          TPS(ops/s)   Net(M/s)   Get_miss   Min(us)  Max(us)    Avg(us)    Std_dev    Geo_dist  
Period   1        24591        24591        3.3        0          230      101985     4661       5514.25    2774.02
Global   13       313785       24137        3.4        0          183      127490     4718       5595.40    2813.73

[1;1H[2J
Get Statistics
Type     Time(s)  Ops          TPS(ops/s)   Net(M/s)   Get_miss   Min(us)  Max(us)    Avg(us)    Std_dev    Geo_dist  
Period   1        24124        24124        3.3        0          296      110047     4636       5108.67    2816.25
Global   14       334712       23908        3.3        0          183      127490     4712       5567.25    2812.90

Set Statistics
Type     Time(s)  Ops          TPS(ops/s)   Net(M/s)   Get_miss   Min(us)  Max(us)    Avg(us)    Std_dev    Geo_dist  
Period   1        245          245          0.0        0          478      46455      5014       5588.65    3053.59
Global   14       3442         245          0.0        0          327      83711      4744       5041.62    2931.22

Total Statistics
Type     Time(s)  Ops          TPS(ops/s)   Net(M/s)   Get_miss   Min(us)  Max(us)    Avg(us)    Std_dev    Geo_dist  
Period   1        24369        24369        3.3        0          296      110047     4639       5114.46    2818.54
Global   14       338154       24153        3.3        0          183      127490     4712       5562.42    2814.08

[1;1H[2J
Get Statistics
Type     Time(s)  Ops          TPS(ops/s)   Net(M/s)   Get_miss   Min(us)  Max(us)    Avg(us)    Std_dev    Geo_dist  
Period   1        25344        25344        3.3        0          267      83498      4389       4507.58    2762.01
Global   15       360056       24003        3.5        0          183      127490     4689       5500.19    2809.29

Set Statistics
Type     Time(s)  Ops          TPS(ops/s)   Net(M/s)   Get_miss   Min(us)  Max(us)    Avg(us)    Std_dev    Geo_dist  
Period   1        249          249          0.0        0          293      30160      4805       4587.90    2994.96
Global   15       3691         246          0.0        0          293      83711      4749       5010.91    2935.48

Total Statistics
Type     Time(s)  Ops          TPS(ops/s)   Net(M/s)   Get_miss   Min(us)  Max(us)    Avg(us)    Std_dev    Geo_dist  
Period   1        25593        25593        3.3        0          267      83498      4393       4508.51    2764.19
Global   15       363747       24249        3.5        0          183      127490     4690       5495.10    2810.54

[1;1H[2J
Get Statistics
Type     Time(s)  Ops          TPS(ops/s)   Net(M/s)   Get_miss   Min(us)  Max(us)    Avg(us)    Std_dev    Geo_dist  
Period   1        25372        25372        3.3        0          251      97126      4484       4843.58    2698.69
Global   16       385428       24089        3.5        0          183      127490     4676       5459.20    2801.87

Set Statistics
Type     Time(s)  Ops          TPS(ops/s)   Net(M/s)   Get_miss   Min(us)  Max(us)    Avg(us)    Std_dev    Geo_dist  
Period   1        253          253          0.0        0          488      31317      4170       4169.01    2654.60
Global   16       3944         246          0.0        0          293      83711      4711       4963.58    2916.60

Total Statistics
Type     Time(s)  Ops          TPS(ops/s)   Net(M/s)   Get_miss   Min(us)  Max(us)    Avg(us)    Std_dev    Geo_dist  
Period   1        25625        25625        3.3        0          251      97126      4481       4837.32    2698.26
Global   16       389372       24335        3.5        0          183      127490     4676       5454.70    2803.01

[1;1H[2J
Get Statistics
Type     Time(s)  Ops          TPS(ops/s)   Net(M/s)   Get_miss   Min(us)  Max(us)    Avg(us)    Std_dev    Geo_dist  
Period   1        25531        25531        3.3        0          254      57655      4325       4723.24    2604.13
Global   17       410959       24174        3.5        0          183      127490     4654       5417.22    2789.16

Set Statistics
Type     Time(s)  Ops          TPS(ops/s)   Net(M/s)   Get_miss   Min(us)  Max(us)    Avg(us)    Std_dev    Geo_dist  
Period   1        268          268          0.0        0          351      57052      4439       5118.12    2722.22
Global   17       4212         247          0.0        0          293      83711      4694       4973.09    2903.83

Total Statistics
Type     Time(s)  Ops          TPS(ops/s)   Net(M/s)   Get_miss   Min(us)  Max(us)    Avg(us)    Std_dev    Geo_dist  
Period   1        25799        25799        3.4        0          254      57655      4327       4726.68    2605.33
Global   17       415171       24421        3.5        0          183      127490     4654       5413.24    2790.30

[1;1H[2J
Get Statistics
Type     Time(s)  Ops          TPS(ops/s)   Net(M/s)   Get_miss   Min(us)  Max(us)    Avg(us)    Std_dev    Geo_dist  
Period   1        26038        26038        3.3        0          309      58648      4317       4669.11    2664.03
Global   18       436997       24277        3.6        0          183      127490     4634       5376.08    2781.54

Set Statistics
Type     Time(s)  Ops          TPS(ops/s)   Net(M/s)   Get_miss   Min(us)  Max(us)    Avg(us)    Std_dev    Geo_dist  
Period   1        260          260          0.0        0          377      25074      4579       3947.05    2947.71
Global   18       4472         248          0.0        0          293      83711      4687       4919.30    2906.36

Total Statistics
Type     Time(s)  Ops          TPS(ops/s)   Net(M/s)   Get_miss   Min(us)  Max(us)    Avg(us)    Std_dev    Geo_dist  
Period   1        26298        26298        3.4        0          309      58648      4320       4662.15    2666.70
Global   18       441469       24526        3.6        0          183      127490     4634       5372.11    2782.78

[1;1H[2J
Get Statistics
Type     Time(s)  Ops          TPS(ops/s)   Net(M/s)   Get_miss   Min(us)  Max(us)    Avg(us)    Std_dev    Geo_dist  
Period   1        26382        26382        3.3        0          263      70722      4299       4396.51    2663.21
Global   19       463379       24388        3.6        0          183      127490     4615       5325.64    2774.66

Set Statistics
Type     Time(s)  Ops          TPS(ops/s)   Net(M/s)   Get_miss   Min(us)  Max(us)    Avg(us)    Std_dev    Geo_dist  
Period   1        269          269          0.0        0          417      18920      4296       3509.70    2882.26
Global   19       4741         249          0.0        0          293      83711      4665       4850.68    2904.99

Total Statistics
Type     Time(s)  Ops          TPS(ops/s)   Net(M/s)   Get_miss   Min(us)  Max(us)    Avg(us)    Std_dev    Geo_dist  
Period   1        26651        26651        3.4        0          263      70722      4299       4388.37    2665.34
Global   19       468120       24637        3.7        0          183      127490     4615       5321.48    2775.95

[1;1H[2J
Get Statistics
Type     Time(s)  Ops          TPS(ops/s)   Net(M/s)   Get_miss   Min(us)  Max(us)    Avg(us)    Std_dev    Geo_dist  
Period   1        25361        25361        3.4        0          267      91615      4395       5070.57    2706.64
Global   20       488740       24437        3.5        0          183      127490     4603       5313.43    2771.09

Set Statistics
Type     Time(s)  Ops          TPS(ops/s)   Net(M/s)   Get_miss   Min(us)  Max(us)    Avg(us)    Std_dev    Geo_dist  
Period   1        253          253          0.0        0          449      74448      4620       6202.66    2809.58
Global   20       4994         249          0.0        0          293      83711      4663       4927.08    2900.08

Total Statistics
Type     Time(s)  Ops          TPS(ops/s)   Net(M/s)   Get_miss   Min(us)  Max(us)    Avg(us)    Std_dev    Geo_dist  
Period   1        25614        25614        3.4        0          267      91615      4397       5083.08    2707.64
Global   20       493734       24686        3.5        0          183      127490     4604       5309.33    2772.37

[1;1H[2J
Get Statistics
Type     Time(s)  Ops          TPS(ops/s)   Net(M/s)   Get_miss   Min(us)  Max(us)    Avg(us)    Std_dev    Geo_dist  
Period   1        25932        25932        3.4        0          268      65735      4375       4751.59    2665.89
Global   21       514672       24508        3.6        0          183      127490     4592       5286.36    2765.69

Set Statistics
Type     Time(s)  Ops          TPS(ops/s)   Net(M/s)   Get_miss   Min(us)  Max(us)    Avg(us)    Std_dev    Geo_dist  
Period   1        260          260          0.0        0          555      47197      4682       4870.24    2957.74
Global   21       5254         250          0.0        0          293      83711      4664       4923.77    2902.91

Total Statistics
Type     Time(s)  Ops          TPS(ops/s)   Net(M/s)   Get_miss   Min(us)  Max(us)    Avg(us)    Std_dev    Geo_dist  
Period   1        26192        26192        3.4        0          268      65735      4378       4752.82    2668.64
Global   21       519926       24758        3.6        0          183      127490     4593       5282.59    2767.05

[1;1H[2J
Get Statistics
Type     Time(s)  Ops          TPS(ops/s)   Net(M/s)   Get_miss   Min(us)  Max(us)    Avg(us)    Std_dev    Geo_dist  
Period   1        25679        25679        3.4        0          258      56963      4335       4643.10    2634.02
Global   22       540351       24561        3.5        0          183      127490     4580       5257.67    2759.29

Set Statistics
Type     Time(s)  Ops          TPS(ops/s)   Net(M/s)   Get_miss   Min(us)  Max(us)    Avg(us)    Std_dev    Geo_dist  
Period   1        261          261          0.0        0          455      28432      4397       4381.08    2768.04
Global   22       5515         250          0.0        0          293      83711      4651       4899.75    2896.38

Total Statistics
Type     Time(s)  Ops          TPS(ops/s)   Net(M/s)   Get_miss   Min(us)  Max(us)    Avg(us)    Std_dev    Geo_dist  
Period   1        25940        25940        3.4        0          258      56963      4336       4640.11    2635.34
Global   22       545866       24812        3.6        0          183      127490     4580       5254.80    2760.64

[1;1H[2J
Get Statistics
Type     Time(s)  Ops          TPS(ops/s)   Net(M/s)   Get_miss   Min(us)  Max(us)    Avg(us)    Std_dev    Geo_dist  
Period   1        21205        21205        3.4        0          272      187288     5315       9879.51    2777.23
Global   23       561556       24415        2.9        0          183      187288     4607       5505.57    2759.97

Set Statistics
Type     Time(s)  Ops          TPS(ops/s)   Net(M/s)   Get_miss   Min(us)  Max(us)    Avg(us)    Std_dev    Geo_dist  
Period   1        213          213          0.0        0          575      119144     5720       11441.88   2969.12
Global   23       5728         249          0.0        0          293      119144     4691       5291.46    2899.05

Total Statistics
Type     Time(s)  Ops          TPS(ops/s)   Net(M/s)   Get_miss   Min(us)  Max(us)    Avg(us)    Std_dev    Geo_dist  
Period   1        21418        21418        3.4        0          272      187288     5319       9896.05    2779.08
Global   23       567284       24664        2.9        0          183      187288     4608       5503.33    2761.34

[1;1H[2J
Get Statistics
Type     Time(s)  Ops          TPS(ops/s)   Net(M/s)   Get_miss   Min(us)  Max(us)    Avg(us)    Std_dev    Geo_dist  
Period   1        23959        23959        3.4        0          251      233541     4766       6914.36    2686.26
Global   24       585515       24396        3.3        0          183      233541     4614       5569.89    2756.91

Set Statistics
Type     Time(s)  Ops          TPS(ops/s)   Net(M/s)   Get_miss   Min(us)  Max(us)    Avg(us)    Std_dev    Geo_dist  
Period   1        241          241          0.0        0          419      50204      4688       5616.21    2773.83
Global   24       5969         248          0.0        0          293      119144     4691       5304.35    2893.89

Total Statistics
Type     Time(s)  Ops          TPS(ops/s)   Net(M/s)   Get_miss   Min(us)  Max(us)    Avg(us)    Std_dev    Geo_dist  
Period   1        24200        24200        3.4        0          251      233541     4765       6902.70    2687.11
Global   24       591484       24645        3.3        0          183      233541     4615       5567.09    2758.26

[1;1H[2J
Get Statistics
Type     Time(s)  Ops          TPS(ops/s)   Net(M/s)   Get_miss   Min(us)  Max(us)    Avg(us)    Std_dev    Geo_dist  
Period   1        24081        24081        3.3        0          176      67047      4627       5083.20    2752.82
Global   25       609596       24383        3.3        0          176      233541     4614       5551.90    2756.75

Set Statistics
Type     Time(s)  Ops          TPS(ops/s)   Net(M/s)   Get_miss   Min(us)  Max(us)    Avg(us)    Std_dev    Geo_dist  
Period   1        247          247          0.0        0          535      41470      4868       4622.50    3108.33
Global   25       6216         248          0.0        0          293      119144     4698       5278.75    2902.12

Total Statistics
Type     Time(s)  Ops          TPS(ops/s)   Net(M/s)   Get_miss   Min(us)  Max(us)    Avg(us)    Std_dev    Geo_dist  
Period   1        24328        24328        3.4        0          176      67047      4629       5079.11    2756.22
Global   25       615812       24632        3.3        0          176      233541     4615       5549.08    2758.18

[1;1H[2J
Get Statistics
Type     Time(s)  Ops          TPS(ops/s)   Net(M/s)   Get_miss   Min(us)  Max(us)    Avg(us)    Std_dev    Geo_dist  
Period   1        25049        25049        3.4        0          224      130118     4496       5646.76    2677.53
Global   26       634645       24409        3.4        0          176      233541     4610       5555.17    2753.58

Set Statistics
Type     Time(s)  Ops          TPS(ops/s)   Net(M/s)   Get_miss   Min(us)  Max(us)    Avg(us)    Std_dev    Geo_dist  
Period   1        258          258          0.0        0          451      29357      4499       4579.36    2747.41
Global   26       6474         249          0.0        0          293      119144     4690       5252.55    2895.79

Total Statistics
Type     Time(s)  Ops          TPS(ops/s)   Net(M/s)   Get_miss   Min(us)  Max(us)    Avg(us)    Std_dev    Geo_dist  
Period   1        25308        25308        3.4        0          224      130118     4496       5636.88    2678.34
Global   26       641120       24658        3.5        0          176      233541     4611       5552.04    2754.98

[1;1H[2J
Get Statistics
Type     Time(s)  Ops          TPS(ops/s)   Net(M/s)   Get_miss   Min(us)  Max(us)    Avg(us)    Std_dev    Geo_dist  
Period   1        23919        23919        3.3        0          290      107990     4663       5749.92    2718.39
Global   27       658564       24391        3.3        0          176      233541     4612       5562.31    2752.33

Set Statistics
Type     Time(s)  Ops          TPS(ops/s)   Net(M/s)   Get_miss   Min(us)  Max(us)    Avg(us)    Std_dev    Geo_dist  
Period   1        236          236          0.0        0          476      61097      4810       6826.25    2734.12
Global   27       6710         248          0.0        0          293      119144     4694       5315.41    2889.94

Total Statistics
Type     Time(s)  Ops          TPS(ops/s)   Net(M/s)   Get_miss   Min(us)  Max(us)    Avg(us)    Std_dev    Geo_dist  
Period   1        24154        24154        3.4        0          290      107990     4663       5761.98    2716.42
Global   27       665274       24639        3.3        0          176      233541     4613       5559.73    2753.68

[1;1H[2J
Get Statistics
Type     Time(s)  Ops          TPS(ops/s)   Net(M/s)   Get_miss   Min(us)  Max(us)    Avg(us)    Std_dev    Geo_dist  
Period   1        24285        24285        3.3        0          269      150859     4583       6531.58    2624.73
Global   28       682849       24387        3.3        0          176      233541     4611       5599.63    2747.69

Set Statistics
Type     Time(s)  Ops          TPS(ops/s)   Net(M/s)   Get_miss   Min(us)  Max(us)    Avg(us)    Std_dev    Geo_dist  
Period   1        250          250          0.0        0          423      58590      4519       5730.98    2624.30
Global   28       6960         248          0.0        0          293      119144     4688       5330.31    2879.95

Total Statistics
Type     Time(s)  Ops          TPS(ops/s)   Net(M/s)   Get_miss   Min(us)  Max(us)    Avg(us)    Std_dev    Geo_dist  
Period   1        24535        24535        3.4        0          269      150859     4582       6524.06    2624.73
Global   28       689809       24636        3.4        0          176      233541     4611       5597.62    2748.99

[1;1H[2J
Get Statistics
Type     Time(s)  Ops          TPS(ops/s)   Net(M/s)   Get_miss   Min(us)  Max(us)    Avg(us)    Std_dev    Geo_dist  
Period   1        24512        24512        3.3        0          302      115839     4539       5546.20    2728.65
Global   29       707361       24391        3.4        0          176      233541     4608       5598.22    2747.02

Set Statistics
Type     Time(s)  Ops          TPS(ops/s)   Net(M/s)   Get_miss   Min(us)  Max(us)    Avg(us)    Std_dev    Geo_dist  
Period   1        248          248          0.0        0          405      13958      4063       3521.79    2686.55
Global   29       7208         248          0.0        0          293      119144     4666       5279.88    2873.07

Total Statistics
Type     Time(s)  Ops          TPS(ops/s)   Net(M/s)   Get_miss   Min(us)  Max(us)    Avg(us)    Std_dev    Geo_dist  
Period   1        24760        24760        3.4        0          302      115839     4534       5529.94    2728.22
Global   29       714569       24640        3.4        0          176      233541     4609       5594.75    2748.27

[1;1H[2J
Get Statistics
Type     Time(s)  Ops          TPS(ops/s)   Net(M/s)   Get_miss   Min(us)  Max(us)    Avg(us)    Std_dev    Geo_dist  
Period   1        23979        23979        3.3        0          260      117593     4626       5365.42    2786.34
Global   30       731340       24378        3.3        0          176      233541     4609       5590.40    2748.31

Set Statistics
Type     Time(s)  Ops          TPS(ops/s)   Net(M/s)   Get_miss   Min(us)  Max(us)    Avg(us)    Std_dev    Geo_dist  
Period   1        239          239          0.0        0          555      31302      5128       4760.92    3230.66
Global   30       7447         248          0.0        0          293      119144     4681       5264.21    2883.91

Total Statistics
Type     Time(s)  Ops          TPS(ops/s)   Net(M/s)   Get_miss   Min(us)  Max(us)    Avg(us)    Std_dev    Geo_dist  
Period   1        24218        24218        3.4        0          260      117593     4631       5359.89    2790.42
Global   30       738787       24626        3.3        0          176      233541     4610       5586.98    2749.64

[1;1H[2J
Get Statistics
Type     Time(s)  Ops          TPS(ops/s)   Net(M/s)   Get_miss   Min(us)  Max(us)    Avg(us)    Std_dev    Geo_dist  
Period   1        23964        23964        3.3        0          288      89907      4746       5580.98    2830.96
Global   31       755304       24364        3.3        0          176      233541     4613       5590.43    2750.89

Set Statistics
Type     Time(s)  Ops          TPS(ops/s)   Net(M/s)   Get_miss   Min(us)  Max(us)    Avg(us)    Std_dev    Geo_dist  
Period   1        245          245          0.0        0          493      40530      4764       5201.24    3014.69
Global   31       7692         248          0.0        0          293      119144     4684       5261.58    2887.99

Total Statistics
Type     Time(s)  Ops          TPS(ops/s)   Net(M/s)   Get_miss   Min(us)  Max(us)    Avg(us)    Std_dev    Geo_dist  
Period   1        24209        24209        3.4        0          288      89907      4746       5577.32    2832.77
Global   31       762996       24612        3.3        0          176      233541     4614       5586.98    2752.24

[1;1H[2J
Get Statistics
Type     Time(s)  Ops          TPS(ops/s)   Net(M/s)   Get_miss   Min(us)  Max(us)    Avg(us)    Std_dev    Geo_dist  
Period   1        25879        25879        3.4        0          279      88773      4351       4843.54    2702.43
Global   32       781183       24411        3.6        0          176      233541     4604       5567.75    2749.27

Set Statistics
Type     Time(s)  Ops          TPS(ops/s)   Net(M/s)   Get_miss   Min(us)  Max(us)    Avg(us)    Std_dev    Geo_dist  
Period   1        258          258          0.0        0          394      29228      4580       4219.74    2969.51
Global   32       7950         248          0.0        0          293      119144     4680       5231.40    2890.60

Total Statistics
Type     Time(s)  Ops          TPS(ops/s)   Net(M/s)   Get_miss   Min(us)  Max(us)    Avg(us)    Std_dev    Geo_dist  
Period   1        26138        26138        3.4        0          279      88773      4353       4838.02    2705.04
Global   32       789134       24660        3.6        0          176      233541     4605       5564.27    2750.66

[1;1H[2J
Get Statistics
Type     Time(s)  Ops          TPS(ops/s)   Net(M/s)   Get_miss   Min(us)  Max(us)    Avg(us)    Std_dev    Geo_dist  
Period   1        25363        25363        3.4        0          294      117077     4497       5306.18    2734.96
Global   33       806546       24440        3.5        0          176      233541     4601       5559.45    2748.85

Set Statistics
Type     Time(s)  Ops          TPS(ops/s)   Net(M/s)   Get_miss   Min(us)  Max(us)    Avg(us)    Std_dev    Geo_dist  
Period   1        253          253          0.0        0          360      29487      4662       4423.08    2976.82
Global   33       8203         248          0.0        0          293      119144     4680       5207.62    2893.22

Total Statistics
Type     Time(s)  Ops          TPS(ops/s)   Net(M/s)   Get_miss   Min(us)  Max(us)    Avg(us)    Std_dev    Geo_dist  
Period   1        25615        25615        3.4        0          294      117077     4498       5298.55    2737.12
Global   33       814749       24689        3.5        0          176      233541     4602       5555.85    2750.27

[1;1H[2J
Get Statistics
Type     Time(s)  Ops          TPS(ops/s)   Net(M/s)   Get_miss   Min(us)  Max(us)    Avg(us)    Std_dev    Geo_dist  
Period   1        25279        25279        3.4        0          262      70307      4450       4923.92    2681.14
Global   34       831825       24465        3.5        0          176      233541     4596       5541.61    2746.77

Set Statistics
Type     Time(s)  Ops          TPS(ops/s)   Net(M/s)   Get_miss   Min(us)  Max(us)    Avg(us)    Std_dev    Geo_dist  
Period   1        255          255          0.0        0          533      28796      4420       4449.59    2701.70
Global   34       8458         248          0.0        0          293      119144     4672       5186.49    2887.25

Total Statistics
Type     Time(s)  Ops          TPS(ops/s)   Net(M/s)   Get_miss   Min(us)  Max(us)    Avg(us)    Std_dev    Geo_dist  
Period   1        25538        25538        3.4        0          262      70307      4449       4919.29    2681.03
Global   34       840287       24714        3.5        0          176      233541     4597       5537.93    2748.14

[1;1H[2J
Get Statistics
Type     Time(s)  Ops          TPS(ops/s)   Net(M/s)   Get_miss   Min(us)  Max(us)    Avg(us)    Std_dev    Geo_dist  
Period   1        24136        24136        3.4        0          290      132364     4722       7106.12    2690.26
Global   35       855961       24456        3.3        0          176      233541     4600       5591.39    2745.23

Set Statistics
Type     Time(s)  Ops          TPS(ops/s)   Net(M/s)   Get_miss   Min(us)  Max(us)    Avg(us)    Std_dev    Geo_dist  
Period   1        240          240          0.0        0          541      74251      5376       8164.02    2974.46
Global   35       8698         248          0.0        0          293      119144     4691       5292.10    2889.62

Total Statistics
Type     Time(s)  Ops          TPS(ops/s)   Net(M/s)   Get_miss   Min(us)  Max(us)    Avg(us)    Std_dev    Geo_dist  
Period   1        24372        24372        3.4        0          290      132364     4729       7117.87    2695.62
Global   35       864659       24704        3.3        0          176      233541     4601       5588.39    2746.64

[1;1H[2J
Get Statistics
Type     Time(s)  Ops          TPS(ops/s)   Net(M/s)   Get_miss   Min(us)  Max(us)    Avg(us)    Std_dev    Geo_dist  
Period   1        24066        24066        3.4        0          196      182680     4710       6598.28    2668.58
Global   36       880027       24445        3.3        0          176      233541     4603       5621.35    2743.10

Set Statistics
Type     Time(s)  Ops          TPS(ops/s)   Net(M/s)   Get_miss   Min(us)  Max(us)    Avg(us)    Std_dev    Geo_dist  
Period   1        247          247          0.0        0          364      29928      4917       4829.60    3029.04
Global   36       8945         248          0.0        0          293      119144     4698       5279.08    2893.38

Total Statistics
Type     Time(s)  Ops          TPS(ops/s)   Net(M/s)   Get_miss   Min(us)  Max(us)    Avg(us)    Std_dev    Geo_dist  
Period   1        24313        24313        3.4        0          196      182680     4712       6582.73    2672.02
Global   36       888972       24693        3.3        0          176      233541     4604       5617.98    2744.57

[1;1H[2J
Get Statistics
Type     Time(s)  Ops          TPS(ops/s)   Net(M/s)   Get_miss   Min(us)  Max(us)    Avg(us)    Std_dev    Geo_dist  
Period   1        23709        23709        3.4        0          280      126515     4758       7153.96    2648.03
Global   37       903736       24425        3.3        0          176      233541     4607       5666.96    2740.56

Set Statistics
Type     Time(s)  Ops          TPS(ops/s)   Net(M/s)   Get_miss   Min(us)  Max(us)    Avg(us)    Std_dev    Geo_dist  
Period   1        236          236          0.0        0          417      51260      5310       6747.64    3035.29
Global   37       9181         248          0.0        0          293      119144     4713       5322.97    2896.95

Total Statistics
Type     Time(s)  Ops          TPS(ops/s)   Net(M/s)   Get_miss   Min(us)  Max(us)    Avg(us)    Std_dev    Geo_dist  
Period   1        23945        23945        3.4        0          280      126515     4764       7149.77    2651.59
Global   37       912917       24673        3.3        0          176      233541     4608       5663.67    2742.09

[1;1H[2J
Get Statistics
Type     Time(s)  Ops          TPS(ops/s)   Net(M/s)   Get_miss   Min(us)  Max(us)    Avg(us)    Std_dev    Geo_dist  
Period   1        24186        24186        3.4        0          295      135105     4672       5017.60    2979.24
Global   38       927922       24419        3.3        0          176      233541     4609       5650.74    2746.54

Set Statistics
Type     Time(s)  Ops          TPS(ops/s)   Net(M/s)   Get_miss   Min(us)  Max(us)    Avg(us)    Std_dev    Geo_dist  
Period   1        254          254          0.0        0          404      33091      4989       4577.91    3274.14
Global   38       9435         248          0.0        0          293      119144     4721       5303.75    2906.51

Total Statistics
Type     Time(s)  Ops          TPS(ops/s)   Net(M/s)   Get_miss   Min(us)  Max(us)    Avg(us)    Std_dev    Geo_dist  
Period   1        24440        24440        3.4        0          295      135105     4675       5013.52    2982.17
Global   38       937357       24667        3.4        0          176      233541     4610       5647.47    2748.10

[1;1H[2J
Get Statistics
Type     Time(s)  Ops          TPS(ops/s)   Net(M/s)   Get_miss   Min(us)  Max(us)    Avg(us)    Std_dev    Geo_dist  
Period   1        25735        25735        3.4        0          280      131552     4432       5047.03    2722.83
Global   39       953657       24452        3.5        0          176      233541     4604       5635.55    2745.89

Set Statistics
Type     Time(s)  Ops          TPS(ops/s)   Net(M/s)   Get_miss   Min(us)  Max(us)    Avg(us)    Std_dev    Geo_dist  
Period   1        255          255          0.0        0          375      20427      4231       3698.13    2815.28
Global   39       9690         248          0.0        0          293      119144     4708       5268.31    2904.07

Total Statistics
Type     Time(s)  Ops          TPS(ops/s)   Net(M/s)   Get_miss   Min(us)  Max(us)    Avg(us)    Std_dev    Geo_dist  
Period   1        25991        25991        3.4        0          280      131552     4430       5035.40    2723.67
Global   39       963348       24701        3.6        0          176      233541     4605       5632.02    2747.44

[1;1H[2J
Get Statistics
Type     Time(s)  Ops          TPS(ops/s)   Net(M/s)   Get_miss   Min(us)  Max(us)    Avg(us)    Std_dev    Geo_dist  
Period   1        24649        24649        3.4        0          292      89202      4537       4968.60    2758.63
Global   40       978306       24457        3.4        0          176      233541     4602       5619.98    2746.23

Set Statistics
Type     Time(s)  Ops          TPS(ops/s)   Net(M/s)   Get_miss   Min(us)  Max(us)    Avg(us)    Std_dev    Geo_dist  
Period   1        251          251          0.0        0          567      37120      4346       4132.09    2796.63
Global   40       9941         248          0.0        0          293      119144     4699       5242.67    2901.31

Total Statistics
Type     Time(s)  Ops          TPS(ops/s)   Net(M/s)   Get_miss   Min(us)  Max(us)    Avg(us)    Std_dev    Geo_dist  
Period   1        24901        24901        3.4        0          292      89202      4535       4960.75    2758.99
Global   40       988249       24706        3.4        0          176      233541     4603       5616.29    2747.75

[1;1H[2J
Get Statistics
Type     Time(s)  Ops          TPS(ops/s)   Net(M/s)   Get_miss   Min(us)  Max(us)    Avg(us)    Std_dev    Geo_dist  
Period   1        23545        23545        3.4        0          256      108496     4836       5975.16    2796.23
Global   41       1001851      24435        3.2        0          176      233541     4608       5628.29    2747.42

Set Statistics
Type     Time(s)  Ops          TPS(ops/s)   Net(M/s)   Get_miss   Min(us)  Max(us)    Avg(us)    Std_dev    Geo_dist  
Period   1        238          238          0.0        0          523      27113      4461       4383.28    2759.68
Global   41       10179        248          0.0        0          293      119144     4693       5224.53    2897.91

Total Statistics
Type     Time(s)  Ops          TPS(ops/s)   Net(M/s)   Get_miss   Min(us)  Max(us)    Avg(us)    Std_dev    Geo_dist  
Period   1        23781        23781        3.4        0          256      108496     4833       5961.18    2796.83
Global   41       1012030      24683        3.3        0          176      233541     4609       5624.26    2748.89

[1;1H[2J
Get Statistics
Type     Time(s)  Ops          TPS(ops/s)   Net(M/s)   Get_miss   Min(us)  Max(us)    Avg(us)    Std_dev    Geo_dist  
Period   1        25183        25183        3.4        0          260      110837     4524       4894.20    2792.67
Global   42       1027034      24453        3.5        0          176      233541     4606       5611.40    2748.52

Set Statistics
Type     Time(s)  Ops          TPS(ops/s)   Net(M/s)   Get_miss   Min(us)  Max(us)    Avg(us)    Std_dev    Geo_dist  
Period   1        254          254          0.0        0          382      50133      4770       5069.61    2934.65
Global   42       10433        248          0.0        0          293      119144     4695       5220.47    2898.80

Total Statistics
Type     Time(s)  Ops          TPS(ops/s)   Net(M/s)   Get_miss   Min(us)  Max(us)    Avg(us)    Std_dev    Geo_dist  
Period   1        25437        25437        3.4        0          260      110837     4527       4895.44    2794.05
Global   42       1037467      24701        3.5        0          176      233541     4607       5607.52    2749.99

[1;1H[2J
Get Statistics
Type     Time(s)  Ops          TPS(ops/s)   Net(M/s)   Get_miss   Min(us)  Max(us)    Avg(us)    Std_dev    Geo_dist  
Period   1        24379        24379        3.4        0          267      67119      4663       4760.29    2880.97
Global   43       1051413      24451        3.3        0          176      233541     4607       5593.40    2751.52

Set Statistics
Type     Time(s)  Ops          TPS(ops/s)   Net(M/s)   Get_miss   Min(us)  Max(us)    Avg(us)    Std_dev    Geo_dist  
Period   1        243          243          0.0        0          533      51007      4867       5209.89    3011.74
Global   43       10676        248          0.0        0          293      119144     4699       5219.98    2901.33

Total Statistics
Type     Time(s)  Ops          TPS(ops/s)   Net(M/s)   Get_miss   Min(us)  Max(us)    Avg(us)    Std_dev    Geo_dist  
Period   1        24623        24623        3.4        0          267      67119      4666       4764.03    2882.37
Global   43       1062090      24699        3.4        0          176      233541     4608       5589.72    2752.99

[1;1H[2J
Get Statistics
Type     Time(s)  Ops          TPS(ops/s)   Net(M/s)   Get_miss   Min(us)  Max(us)    Avg(us)    Std_dev    Geo_dist  
Period   1        24747        24747        3.4        0          279      111079     4553       4957.44    2794.69
Global   44       1076160      24458        3.4        0          176      233541     4606       5579.40    2752.51

Set Statistics
Type     Time(s)  Ops          TPS(ops/s)   Net(M/s)   Get_miss   Min(us)  Max(us)    Avg(us)    Std_dev    Geo_dist  
Period   1        252          252          0.0        0          397      39809      5183       5448.31    3148.19
Global   44       10928        248          0.0        0          293      119144     4710       5225.74    2906.79

Total Statistics
Type     Time(s)  Ops          TPS(ops/s)   Net(M/s)   Get_miss   Min(us)  Max(us)    Avg(us)    Std_dev    Geo_dist  
Period   1        24998        24998        3.4        0          279      111079     4559       4963.10    2797.92
Global   44       1087088      24706        3.4        0          176      233541     4607       5576.00    2754.02

[1;1H[2J
Get Statistics
Type     Time(s)  Ops          TPS(ops/s)   Net(M/s)   Get_miss   Min(us)  Max(us)    Avg(us)    Std_dev    Geo_dist  
Period   1        24427        24427        3.4        0          283      64429      4648       4110.30    3041.82
Global   45       1100587      24457        3.4        0          176      233541     4607       5550.96    2758.62

Set Statistics
Type     Time(s)  Ops          TPS(ops/s)   Net(M/s)   Get_miss   Min(us)  Max(us)    Avg(us)    Std_dev    Geo_dist  
Period   1        249          249          0.0        0          452      51871      5219       4929.48    3422.50
Global   45       11177        248          0.0        0          293      119144     4722       5219.06    2917.39

Total Statistics
Type     Time(s)  Ops          TPS(ops/s)   Net(M/s)   Get_miss   Min(us)  Max(us)    Avg(us)    Std_dev    Geo_dist  
Period   1        24676        24676        3.4        0          283      64429      4654       4119.38    3045.44
Global   45       1111764      24705        3.4        0          176      233541     4608       5547.86    2760.17

[1;1H[2J
Get Statistics
Type     Time(s)  Ops          TPS(ops/s)   Net(M/s)   Get_miss   Min(us)  Max(us)    Avg(us)    Std_dev    Geo_dist  
Period   1        25430        25430        3.4        0          268      111712     4438       5041.44    2650.18
Global   46       1126017      24478        3.5        0          176      233541     4603       5540.17    2756.12

Set Statistics
Type     Time(s)  Ops          TPS(ops/s)   Net(M/s)   Get_miss   Min(us)  Max(us)    Avg(us)    Std_dev    Geo_dist  
Period   1        256          256          0.0        0          531      37722      4501       4727.51    2708.84
Global   46       11433        248          0.0        0          293      119144     4717       5208.52    2912.55

Total Statistics
Type     Time(s)  Ops          TPS(ops/s)   Net(M/s)   Get_miss   Min(us)  Max(us)    Avg(us)    Std_dev    Geo_dist  
Period   1        25686        25686        3.4        0          268      111712     4439       5038.00    2650.76
Global   46       1137450      24727        3.5        0          176      233541     4604       5537.07    2757.65

[1;1H[2J
Get Statistics
Type     Time(s)  Ops          TPS(ops/s)   Net(M/s)   Get_miss   Min(us)  Max(us)    Avg(us)    Std_dev    Geo_dist  
Period   1        25241        25241        3.4        0          211      64166      4441       4568.31    2742.27
Global   47       1151258      24494        3.5        0          176      233541     4599       5521.12    2755.82

Set Statistics
Type     Time(s)  Ops          TPS(ops/s)   Net(M/s)   Get_miss   Min(us)  Max(us)    Avg(us)    Std_dev    Geo_dist  
Period   1        255          255          0.0        0          490      29487      4485       4404.00    2863.49
Global   47       11688        248          0.0        0          293      119144     4712       5192.19    2911.47

Total Statistics
Type     Time(s)  Ops          TPS(ops/s)   Net(M/s)   Get_miss   Min(us)  Max(us)    Avg(us)    Std_dev    Geo_dist  
Period   1        25496        25496        3.4        0          211      64166      4442       4566.07    2743.45
Global   47       1162946      24743        3.5        0          176      233541     4601       5517.20    2757.34

[1;1H[2J
Get Statistics
Type     Time(s)  Ops          TPS(ops/s)   Net(M/s)   Get_miss   Min(us)  Max(us)    Avg(us)    Std_dev    Geo_dist  
Period   1        25050        25050        3.4        0          309      55107      4520       4486.12    2811.31
Global   48       1176308      24506        3.4        0          176      233541     4598       5500.55    2756.99

Set Statistics
Type     Time(s)  Ops          TPS(ops/s)   Net(M/s)   Get_miss   Min(us)  Max(us)    Avg(us)    Std_dev    Geo_dist  
Period   1        253          253          0.0        0          411      35473      4987       4787.80    3136.60
Global   48       11941        248          0.0        0          293      119144     4717       5184.67    2916.07

Total Statistics
Type     Time(s)  Ops          TPS(ops/s)   Net(M/s)   Get_miss   Min(us)  Max(us)    Avg(us)    Std_dev    Geo_dist  
Period   1        25303        25303        3.4        0          309      55107      4525       4489.05    2814.39
Global   48       1188249      24755        3.5        0          176      233541     4599       5497.64    2758.54

[1;1H[2J
Get Statistics
Type     Time(s)  Ops          TPS(ops/s)   Net(M/s)   Get_miss   Min(us)  Max(us)    Avg(us)    Std_dev    Geo_dist  
Period   1        24548        24548        3.4        0          228      107912     4572       4742.43    2862.68
Global   49       1200856      24507        3.4        0          176      233541     4597       5486.49    2759.11

Set Statistics
Type     Time(s)  Ops          TPS(ops/s)   Net(M/s)   Get_miss   Min(us)  Max(us)    Avg(us)    Std_dev    Geo_dist  
Period   1        249          249          0.0        0          513      43703      4636       4374.54    3039.81
Global   49       12190        248          0.0        0          293      119144     4716       5168.66    2918.54

Total Statistics
Type     Time(s)  Ops          TPS(ops/s)   Net(M/s)   Get_miss   Min(us)  Max(us)    Avg(us)    Std_dev    Geo_dist  
Period   1        24799        24799        3.4        0          228      107912     4574       4738.44    2864.73
Global   49       1213048      24756        3.4        0          176      233541     4598       5483.58    2760.67

[1;1H[2J
Get Statistics
Type     Time(s)  Ops          TPS(ops/s)   Net(M/s)   Get_miss   Min(us)  Max(us)    Avg(us)    Std_dev    Geo_dist  
Period   1        24958        24958        3.4        0          248      131505     4525       4319.78    2851.19
Global   50       1225814      24516        3.4        0          176      233541     4596       5464.85    2760.97

Set Statistics
Type     Time(s)  Ops          TPS(ops/s)   Net(M/s)   Get_miss   Min(us)  Max(us)    Avg(us)    Std_dev    Geo_dist  
Period   1        248          248          0.0        0          331      18792      4571       3940.51    2917.80
Global   50       12438        248          0.0        0          293      119144     4713       5147.05    2918.53

Total Statistics
Type     Time(s)  Ops          TPS(ops/s)   Net(M/s)   Get_miss   Min(us)  Max(us)    Avg(us)    Std_dev    Geo_dist  
Period   1        25204        25204        3.4        0          248      131505     4525       4315.93    2852.55
Global   50       1238252      24765        3.5        0          176      233541     4597       5461.90    2762.51

[1;1H[2J
Get Statistics
Type     Time(s)  Ops          TPS(ops/s)   Net(M/s)   Get_miss   Min(us)  Max(us)    Avg(us)    Std_dev    Geo_dist  
Period   1        24717        24717        3.4        0          320      111483     4577       5065.86    2740.81
Global   51       1250531      24520        3.4        0          176      233541     4595       5457.77    2760.57

Set Statistics
Type     Time(s)  Ops          TPS(ops/s)   Net(M/s)   Get_miss   Min(us)  Max(us)    Avg(us)    Std_dev    Geo_dist  
Period   1        249          249          0.0        0          581      28793      4369       4416.26    2691.26
Global   51       12687        248          0.0        0          293      119144     4706       5134.01    2913.89

Total Statistics
Type     Time(s)  Ops          TPS(ops/s)   Net(M/s)   Get_miss   Min(us)  Max(us)    Avg(us)    Std_dev    Geo_dist  
Period   1        24966        24966        3.4        0          320      111483     4575       5059.69    2740.31
Global   51       1263218      24768        3.4        0          176      233541     4596       5454.72    2762.07

[1;1H[2J
Get Statistics
Type     Time(s)  Ops          TPS(ops/s)   Net(M/s)   Get_miss   Min(us)  Max(us)    Avg(us)    Std_dev    Geo_dist  
Period   1        24623        24623        3.4        0          312      78253      4571       4943.60    2791.73
Global   52       1275154      24522        3.4        0          176      233541     4595       5447.91    2761.17

Set Statistics
Type     Time(s)  Ops          TPS(ops/s)   Net(M/s)   Get_miss   Min(us)  Max(us)    Avg(us)    Std_dev    Geo_dist  
Period   1        255          255          0.0        0          677      39359      5009       4662.81    3251.18
Global   52       12942        248          0.0        0          293      119144     4712       5125.12    2920.18

Total Statistics
Type     Time(s)  Ops          TPS(ops/s)   Net(M/s)   Get_miss   Min(us)  Max(us)    Avg(us)    Std_dev    Geo_dist  
Period   1        24880        24880        3.4        0          312      78253      4576       4941.33    2796.42
Global   52       1288098      24771        3.4        0          176      233541     4596       5444.93    2762.73

[1;1H[2J
Get Statistics
Type     Time(s)  Ops          TPS(ops/s)   Net(M/s)   Get_miss   Min(us)  Max(us)    Avg(us)    Std_dev    Geo_dist  
Period   1        25138        25138        3.4        0          264      66252      4498       4748.85    2781.55
Global   53       1300292      24533        3.5        0          176      233541     4593       5435.37    2761.58

Set Statistics
Type     Time(s)  Ops          TPS(ops/s)   Net(M/s)   Get_miss   Min(us)  Max(us)    Avg(us)    Std_dev    Geo_dist  
Period   1        252          252          0.0        0          491      57840      4664       5296.59    2891.53
Global   53       13194        248          0.0        0          293      119144     4711       5128.32    2919.63

Total Statistics
Type     Time(s)  Ops          TPS(ops/s)   Net(M/s)   Get_miss   Min(us)  Max(us)    Avg(us)    Std_dev    Geo_dist  
Period   1        25388        25388        3.4        0          264      66252      4500       4753.57    2782.58
Global   53       1313486      24782        3.5        0          176      233541     4594       5432.54    2763.13

[1;1H[2J
Get Statistics
Type     Time(s)  Ops          TPS(ops/s)   Net(M/s)   Get_miss   Min(us)  Max(us)    Avg(us)    Std_dev    Geo_dist  
Period   1        25002        25002        3.4        0          230      90463      4506       4682.97    2769.47
Global   54       1325294      24542        3.4        0          176      233541     4591       5422.46    2761.73

Set Statistics
Type     Time(s)  Ops          TPS(ops/s)   Net(M/s)   Get_miss   Min(us)  Max(us)    Avg(us)    Std_dev    Geo_dist  
Period   1        249          249          0.0        0          580      90573      5066       7529.95    2943.63
Global   54       13443        248          0.0        0          293      119144     4718       5182.36    2920.08

Total Statistics
Type     Time(s)  Ops          TPS(ops/s)   Net(M/s)   Get_miss   Min(us)  Max(us)    Avg(us)    Std_dev    Geo_dist  
Period   1        25252        25252        3.4        0          230      90573      4512       4719.22    2771.26
Global   54       1338738      24791        3.5        0          176      233541     4593       5419.50    2763.28

[1;1H[2J
Get Statistics
Type     Time(s)  Ops          TPS(ops/s)   Net(M/s)   Get_miss   Min(us)  Max(us)    Avg(us)    Std_dev    Geo_dist  
Period   1        24902        24902        3.4        0          268      82718      4532       4776.66    2796.42
Global   55       1350196      24549        3.4        0          176      233541     4590       5411.17    2762.37

Set Statistics
Type     Time(s)  Ops          TPS(ops/s)   Net(M/s)   Get_miss   Min(us)  Max(us)    Avg(us)    Std_dev    Geo_dist  
Period   1        254          254          0.0        0          403      55190      4764       5817.77    2778.13
Global   55       13697        249          0.0        0          293      119144     4719       5194.49    2917.38

Total Statistics
Type     Time(s)  Ops          TPS(ops/s)   Net(M/s)   Get_miss   Min(us)  Max(us)    Avg(us)    Std_dev    Geo_dist  
Period   1        25155        25155        3.4        0          268      82718      4534       4788.39    2796.11
Global   55       1363893      24798        3.5        0          176      233541     4592       5408.46    2763.88

[1;1H[2J
Get Statistics
Type     Time(s)  Ops          TPS(ops/s)   Net(M/s)   Get_miss   Min(us)  Max(us)    Avg(us)    Std_dev    Geo_dist  
Period   1        24126        24126        3.4        0          200      140693     4632       5234.13    2802.10
Global   56       1374322      24541        3.3        0          176      233541     4591       5407.89    2763.06

Set Statistics
Type     Time(s)  Ops          TPS(ops/s)   Net(M/s)   Get_miss   Min(us)  Max(us)    Avg(us)    Std_dev    Geo_dist  
Period   1        241          241          0.0        0          395      59145      4473       5158.42    2801.13
Global   56       13938        248          0.0        0          293      119144     4714       5194.46    2915.33

Total Statistics
Type     Time(s)  Ops          TPS(ops/s)   Net(M/s)   Get_miss   Min(us)  Max(us)    Avg(us)    Std_dev    Geo_dist  
Period   1        24367        24367        3.4        0          200      140693     4630       5233.69    2802.09
Global   56       1388260      24790        3.3        0          176      233541     4592       5406.01    2764.55

[1;1H[2J
Get Statistics
Type     Time(s)  Ops          TPS(ops/s)   Net(M/s)   Get_miss   Min(us)  Max(us)    Avg(us)    Std_dev    Geo_dist  
Period   1        25600        25600        3.4        0          256      48849      4417       4078.39    2825.84
Global   57       1399922      24560        3.5        0          176      233541     4588       5386.42    2764.20

Set Statistics
Type     Time(s)  Ops          TPS(ops/s)   Net(M/s)   Get_miss   Min(us)  Max(us)    Avg(us)    Std_dev    Geo_dist  
Period   1        261          261          0.0        0          311      29785      4156       4049.82    2646.77
Global   57       14199        249          0.0        0          293      119144     4704       5175.90    2910.15

Total Statistics
Type     Time(s)  Ops          TPS(ops/s)   Net(M/s)   Get_miss   Min(us)  Max(us)    Avg(us)    Std_dev    Geo_dist  
Period   1        25861        25861        3.4        0          256      48849      4415       4077.42    2823.98
Global   57       1414121      24809        3.6        0          176      233541     4589       5384.50    2765.63

[1;1H[2J
Get Statistics
Type     Time(s)  Ops          TPS(ops/s)   Net(M/s)   Get_miss   Min(us)  Max(us)    Avg(us)    Std_dev    Geo_dist  
Period   1        25029        25029        3.4        0          253      54640      4530       4296.73    2912.40
Global   58       1424951      24568        3.4        0          176      233541     4587       5369.18    2766.73

Set Statistics
Type     Time(s)  Ops          TPS(ops/s)   Net(M/s)   Get_miss   Min(us)  Max(us)    Avg(us)    Std_dev    Geo_dist  
Period   1        252          252          0.0        0          525      32771      4568       4953.05    2834.95
Global   58       14451        249          0.0        0          293      119144     4702       5171.62    2908.83

Total Statistics
Type     Time(s)  Ops          TPS(ops/s)   Net(M/s)   Get_miss   Min(us)  Max(us)    Avg(us)    Std_dev    Geo_dist  
Period   1        25281        25281        3.4        0          253      54640      4530       4304.06    2911.61
Global   58       1439402      24817        3.5        0          176      233541     4588       5367.38    2768.12

[1;1H[2J
Get Statistics
Type     Time(s)  Ops          TPS(ops/s)   Net(M/s)   Get_miss   Min(us)  Max(us)    Avg(us)    Std_dev    Geo_dist  
Period   1        25334        25334        3.4        0          306      66075      4430       4388.95    2779.16
Global   59       1450285      24581        3.5        0          176      233541     4584       5353.86    2766.95

Set Statistics
Type     Time(s)  Ops          TPS(ops/s)   Net(M/s)   Get_miss   Min(us)  Max(us)    Avg(us)    Std_dev    Geo_dist  
Period   1        254          254          0.0        0          479      49945      4677       5064.47    2866.20
Global   59       14705        249          0.0        0          293      119144     4701       5170.14    2908.08

Total Statistics
Type     Time(s)  Ops          TPS(ops/s)   Net(M/s)   Get_miss   Min(us)  Max(us)    Avg(us)    Std_dev    Geo_dist  
Period   1        25588        25588        3.4        0          306      66075      4432       4396.57    2780.01
Global   59       1464990      24830        3.5        0          176      233541     4585       5352.20    2768.33

[1;1H[2J
Get Statistics
Type     Time(s)  Ops          TPS(ops/s)   Net(M/s)   Get_miss   Min(us)  Max(us)    Avg(us)    Std_dev    Geo_dist  
Period   1        24279        24279        3.4        0          251      61293      4585       5163.22    2711.47
Global   60       1474564      24576        3.3        0          176      233541     4584       5350.78    2766.03

Set Statistics
Type     Time(s)  Ops          TPS(ops/s)   Net(M/s)   Get_miss   Min(us)  Max(us)    Avg(us)    Std_dev    Geo_dist  
Period   1        246          246          0.0        0          477      59552      5377       6804.22    2963.39
Global   60       14951        249          0.0        0          293      119144     4712       5201.71    2908.99

Total Statistics
Type     Time(s)  Ops          TPS(ops/s)   Net(M/s)   Get_miss   Min(us)  Max(us)    Avg(us)    Std_dev    Geo_dist  
Period   1        24525        24525        3.4        0          251      61293      4593       5182.63    2713.89
Global   60       1489515      24825        3.4        0          176      233541     4585       5349.57    2767.43

Get Statistics (1474678 events)
   Min:       176
   Max:    233541
   Avg:      4585
   Geo:   2766.37
   Std:   5352.75
   Log2 Dist:
       8:       46    15376   271920   432550
      12:   163999   315663   245095    23618
      16:     5284     1099       28

Set Statistics (14952 events)
   Min:       293
   Max:    119144
   Avg:      4713
   Geo:   2909.19
   Std:   5200.93
   Log2 Dist:
       8:        0       87     2447     4422
      12:     1820     3127     2755      235
      16:       53        6

Total Statistics (1489630 events)
   Min:       176
   Max:    233541
   Avg:      4586
   Geo:   2767.77
   Std:   5351.50
   Log2 Dist:
       8:       46    15463   274367   436972
      12:   165819   318790   247850    23853
      16:     5337     1105       28

cmd_get: 1474791
cmd_set: 14954
get_misses: 0
written_bytes: 34835236
read_bytes: 243441486
object_bytes: 2153376

Run time: 60.3s Ops: 1489745 TPS: 24717 Net_rate: 4.4M/s
