servers : 10.0.0.13:9000
threads count: 58
concurrency: 58
run time: 60s
windows size: 10k
set proportion: set_prop=0.01
get proportion: get_prop=0.99
[1;1H[2J
Get Statistics
Type     Time(s)  Ops          TPS(ops/s)   Net(M/s)   Get_miss   Min(us)  Max(us)    Avg(us)    Std_dev    Geo_dist  
Period   1        21908        21908        3.0        0          172      30481      2589       2805.18    1627.85
Global   1        21908        21908        3.0        0          172      30481      2589       2805.18    1627.85

Set Statistics
Type     Time(s)  Ops          TPS(ops/s)   Net(M/s)   Get_miss   Min(us)  Max(us)    Avg(us)    Std_dev    Geo_dist  
Period   1        245          245          0.0        0          387      9739       2319       2472.39    1532.86
Global   1        245          245          0.0        0          387      9739       2319       2472.39    1532.86

Total Statistics
Type     Time(s)  Ops          TPS(ops/s)   Net(M/s)   Get_miss   Min(us)  Max(us)    Avg(us)    Std_dev    Geo_dist  
Period   1        22153        22153        3.0        0          172      30481      2586       2801.82    1626.77
Global   1        22153        22153        3.0        0          172      30481      2586       2801.82    1626.77

[1;1H[2J
Get Statistics
Type     Time(s)  Ops          TPS(ops/s)   Net(M/s)   Get_miss   Min(us)  Max(us)    Avg(us)    Std_dev    Geo_dist  
Period   1        23302        23302        3.1        0          207      20293      2475       2606.11    1610.92
Global   2        45210        22605        3.2        0          172      30481      2530       2705.20    1619.10

Set Statistics
Type     Time(s)  Ops          TPS(ops/s)   Net(M/s)   Get_miss   Min(us)  Max(us)    Avg(us)    Std_dev    Geo_dist  
Period   1        242          242          0.0        0          367      9629       2550       2640.97    1645.47
Global   2        487          243          0.0        0          367      9739       2433       2558.28    1587.82

Total Statistics
Type     Time(s)  Ops          TPS(ops/s)   Net(M/s)   Get_miss   Min(us)  Max(us)    Avg(us)    Std_dev    Geo_dist  
Period   1        23544        23544        3.1        0          207      20293      2475       2607.15    1611.27
Global   2        45697        22848        3.2        0          172      30481      2529       2703.64    1618.77

[1;1H[2J
Get Statistics
Type     Time(s)  Ops          TPS(ops/s)   Net(M/s)   Get_miss   Min(us)  Max(us)    Avg(us)    Std_dev    Geo_dist  
Period   1        23204        23204        3.1        0          219      13613      2473       2648.91    1557.71
Global   3        68414        22804        3.2        0          172      30481      2511       2686.04    1598.01

Set Statistics
Type     Time(s)  Ops          TPS(ops/s)   Net(M/s)   Get_miss   Min(us)  Max(us)    Avg(us)    Std_dev    Geo_dist  
Period   1        228          228          0.0        0          383      11413      2157       2507.00    1376.65
Global   3        715          238          0.0        0          367      11413      2345       2543.54    1517.18

Total Statistics
Type     Time(s)  Ops          TPS(ops/s)   Net(M/s)   Get_miss   Min(us)  Max(us)    Avg(us)    Std_dev    Geo_dist  
Period   1        23432        23432        3.2        0          219      13613      2470       2647.62    1555.84
Global   3        69129        23043        3.2        0          172      30481      2509       2684.91    1597.15

[1;1H[2J
Get Statistics
Type     Time(s)  Ops          TPS(ops/s)   Net(M/s)   Get_miss   Min(us)  Max(us)    Avg(us)    Std_dev    Geo_dist  
Period   1        24275        24275        3.2        0          197      20513      2370       2603.01    1506.45
Global   4        92689        23172        3.3        0          172      30481      2474       2665.32    1573.51

Set Statistics
Type     Time(s)  Ops          TPS(ops/s)   Net(M/s)   Get_miss   Min(us)  Max(us)    Avg(us)    Std_dev    Geo_dist  
Period   1        252          252          0.0        0          334      9663       2291       2527.33    1472.48
Global   4        967          241          0.0        0          334      11413      2331       2538.06    1505.40

Total Statistics
Type     Time(s)  Ops          TPS(ops/s)   Net(M/s)   Get_miss   Min(us)  Max(us)    Avg(us)    Std_dev    Geo_dist  
Period   1        24527        24527        3.2        0          197      20513      2370       2601.46    1506.09
Global   4        93656        23414        3.4        0          172      30481      2472       2664.55    1572.79

[1;1H[2J
Get Statistics
Type     Time(s)  Ops          TPS(ops/s)   Net(M/s)   Get_miss   Min(us)  Max(us)    Avg(us)    Std_dev    Geo_dist  
Period   1        22509        22509        3.2        0          202      25749      2544       2740.15    1604.78
Global   5        115198       23039        3.1        0          172      30481      2488       2679.94    1579.57

Set Statistics
Type     Time(s)  Ops          TPS(ops/s)   Net(M/s)   Get_miss   Min(us)  Max(us)    Avg(us)    Std_dev    Geo_dist  
Period   1        227          227          0.0        0          389      10118      2777       2804.96    1747.60
Global   5        1194         238          0.0        0          334      11413      2416       2595.41    1548.71

Total Statistics
Type     Time(s)  Ops          TPS(ops/s)   Net(M/s)   Get_miss   Min(us)  Max(us)    Avg(us)    Std_dev    Geo_dist  
Period   1        22736        22736        3.2        0          202      25749      2547       2740.21    1606.15
Global   5        116392       23278        3.1        0          172      30481      2487       2679.33    1579.25

[1;1H[2J
Get Statistics
Type     Time(s)  Ops          TPS(ops/s)   Net(M/s)   Get_miss   Min(us)  Max(us)    Avg(us)    Std_dev    Geo_dist  
Period   1        23257        23257        3.2        0          170      21673      2446       2652.24    1549.47
Global   6        138455       23075        3.2        0          170      30481      2481       2675.29    1574.47

Set Statistics
Type     Time(s)  Ops          TPS(ops/s)   Net(M/s)   Get_miss   Min(us)  Max(us)    Avg(us)    Std_dev    Geo_dist  
Period   1        231          231          0.0        0          266      21173      2734       3033.99    1657.01
Global   6        1425         237          0.0        0          266      21173      2467       2673.32    1565.77

Total Statistics
Type     Time(s)  Ops          TPS(ops/s)   Net(M/s)   Get_miss   Min(us)  Max(us)    Avg(us)    Std_dev    Geo_dist  
Period   1        23490        23490        3.2        0          170      21673      2448       2656.90    1550.35
Global   6        139882       23313        3.2        0          170      30481      2480       2676.02    1574.36

[1;1H[2J
Get Statistics
Type     Time(s)  Ops          TPS(ops/s)   Net(M/s)   Get_miss   Min(us)  Max(us)    Avg(us)    Std_dev    Geo_dist  
Period   1        23422        23422        3.2        0          206      21750      2448       2646.38    1550.43
Global   7        161877       23125        3.2        0          170      30481      2476       2671.35    1571.03

Set Statistics
Type     Time(s)  Ops          TPS(ops/s)   Net(M/s)   Get_miss   Min(us)  Max(us)    Avg(us)    Std_dev    Geo_dist  
Period   1        237          237          0.0        0          378      11986      2176       2412.05    1429.59
Global   7        1662         237          0.0        0          266      21173      2426       2638.47    1545.59

Total Statistics
Type     Time(s)  Ops          TPS(ops/s)   Net(M/s)   Get_miss   Min(us)  Max(us)    Avg(us)    Std_dev    Geo_dist  
Period   1        23657        23657        3.2        0          206      21750      2445       2644.69    1549.72
Global   7        163539       23362        3.2        0          170      30481      2475       2671.47    1570.77

[1;1H[2J
Get Statistics
Type     Time(s)  Ops          TPS(ops/s)   Net(M/s)   Get_miss   Min(us)  Max(us)    Avg(us)    Std_dev    Geo_dist  
Period   1        22604        22604        3.2        0          193      18177      2531       2740.71    1577.77
Global   8        184481       23060        3.1        0          170      30481      2483       2679.76    1571.86

Set Statistics
Type     Time(s)  Ops          TPS(ops/s)   Net(M/s)   Get_miss   Min(us)  Max(us)    Avg(us)    Std_dev    Geo_dist  
Period   1        228          228          0.0        0          350      15500      2500       2734.58    1586.45
Global   8        1890         236          0.0        0          266      21173      2435       2649.55    1550.46

Total Statistics
Type     Time(s)  Ops          TPS(ops/s)   Net(M/s)   Get_miss   Min(us)  Max(us)    Avg(us)    Std_dev    Geo_dist  
Period   1        22832        22832        3.2        0          193      18177      2531       2740.30    1577.86
Global   8        186371       23296        3.1        0          170      30481      2482       2679.93    1571.64

[1;1H[2J
Get Statistics
Type     Time(s)  Ops          TPS(ops/s)   Net(M/s)   Get_miss   Min(us)  Max(us)    Avg(us)    Std_dev    Geo_dist  
Period   1        22091        22091        3.2        0          216      21799      2580       2773.95    1608.12
Global   9        206572       22952        3.0        0          170      30481      2493       2690.49    1575.64

Set Statistics
Type     Time(s)  Ops          TPS(ops/s)   Net(M/s)   Get_miss   Min(us)  Max(us)    Avg(us)    Std_dev    Geo_dist  
Period   1        228          228          0.0        0          320      10562      2712       2695.66    1740.41
Global   9        2118         235          0.0        0          266      21173      2465       2655.13    1569.87

Total Statistics
Type     Time(s)  Ops          TPS(ops/s)   Net(M/s)   Get_miss   Min(us)  Max(us)    Avg(us)    Std_dev    Geo_dist  
Period   1        22321        22321        3.2        0          216      21799      2581       2773.24    1608.87
Global   9        208692       23188        3.1        0          170      30481      2493       2689.85    1575.58

[1;1H[2J
Get Statistics
Type     Time(s)  Ops          TPS(ops/s)   Net(M/s)   Get_miss   Min(us)  Max(us)    Avg(us)    Std_dev    Geo_dist  
Period   1        22014        22014        3.1        0          243      38296      2590       2860.77    1586.52
Global   10       228586       22858        3.0        0          170      38296      2502       2707.82    1576.73

Set Statistics
Type     Time(s)  Ops          TPS(ops/s)   Net(M/s)   Get_miss   Min(us)  Max(us)    Avg(us)    Std_dev    Geo_dist  
Period   1        220          220          0.0        0          345      10948      2602       2732.59    1627.40
Global   10       2338         233          0.0        0          266      21173      2478       2662.12    1575.20

Total Statistics
Type     Time(s)  Ops          TPS(ops/s)   Net(M/s)   Get_miss   Min(us)  Max(us)    Avg(us)    Std_dev    Geo_dist  
Period   1        22232        22232        3.2        0          243      38296      2591       2858.89    1587.46
Global   10       230924       23092        3.1        0          170      38296      2502       2707.13    1576.72

[1;1H[2J
Get Statistics
Type     Time(s)  Ops          TPS(ops/s)   Net(M/s)   Get_miss   Min(us)  Max(us)    Avg(us)    Std_dev    Geo_dist  
Period   1        22859        22859        3.1        0          210      20637      2524       2788.33    1582.36
Global   11       251445       22858        3.1        0          170      38296      2504       2715.24    1577.24

Set Statistics
Type     Time(s)  Ops          TPS(ops/s)   Net(M/s)   Get_miss   Min(us)  Max(us)    Avg(us)    Std_dev    Geo_dist  
Period   1        233          233          0.0        0          305      12146      2564       2719.36    1651.89
Global   11       2571         233          0.0        0          266      21173      2485       2667.67    1582.00

Total Statistics
Type     Time(s)  Ops          TPS(ops/s)   Net(M/s)   Get_miss   Min(us)  Max(us)    Avg(us)    Std_dev    Geo_dist  
Period   1        23092        23092        3.2        0          210      20637      2524       2787.95    1583.04
Global   11       254016       23092        3.2        0          170      38296      2504       2714.58    1577.29

[1;1H[2J
Get Statistics
Type     Time(s)  Ops          TPS(ops/s)   Net(M/s)   Get_miss   Min(us)  Max(us)    Avg(us)    Std_dev    Geo_dist  
Period   1        23290        23290        3.1        0          226      23717      2459       2734.20    1550.56
Global   12       274735       22894        3.2        0          170      38296      2500       2717.05    1574.96

Set Statistics
Type     Time(s)  Ops          TPS(ops/s)   Net(M/s)   Get_miss   Min(us)  Max(us)    Avg(us)    Std_dev    Geo_dist  
Period   1        228          228          0.0        0          296      9018       2150       2306.97    1449.42
Global   12       2799         233          0.0        0          266      21173      2458       2641.09    1570.76

Total Statistics
Type     Time(s)  Ops          TPS(ops/s)   Net(M/s)   Get_miss   Min(us)  Max(us)    Avg(us)    Std_dev    Geo_dist  
Period   1        23522        23522        3.2        0          226      23717      2456       2730.12    1549.41
Global   12       277538       23128        3.2        0          170      38296      2500       2715.87    1574.91

[1;1H[2J
Get Statistics
Type     Time(s)  Ops          TPS(ops/s)   Net(M/s)   Get_miss   Min(us)  Max(us)    Avg(us)    Std_dev    Geo_dist  
Period   1        23251        23251        3.1        0          220      24617      2469       2719.90    1556.99
Global   13       297986       22922        3.2        0          170      38296      2498       2716.89    1573.66

Set Statistics
Type     Time(s)  Ops          TPS(ops/s)   Net(M/s)   Get_miss   Min(us)  Max(us)    Avg(us)    Std_dev    Geo_dist  
Period   1        240          240          0.0        0          395      14007      2762       2986.28    1707.45
Global   13       3039         233          0.0        0          266      21173      2482       2670.70    1581.14

Total Statistics
Type     Time(s)  Ops          TPS(ops/s)   Net(M/s)   Get_miss   Min(us)  Max(us)    Avg(us)    Std_dev    Geo_dist  
Period   1        23487        23487        3.2        0          220      24617      2472       2723.25    1559.95
Global   13       301025       23155        3.2        0          170      38296      2498       2716.28    1573.74

[1;1H[2J
Get Statistics
Type     Time(s)  Ops          TPS(ops/s)   Net(M/s)   Get_miss   Min(us)  Max(us)    Avg(us)    Std_dev    Geo_dist  
Period   1        23627        23627        3.2        0          212      15499      2419       2594.24    1562.18
Global   14       321613       22972        3.2        0          170      38296      2492       2708.33    1572.82

Set Statistics
Type     Time(s)  Ops          TPS(ops/s)   Net(M/s)   Get_miss   Min(us)  Max(us)    Avg(us)    Std_dev    Geo_dist  
Period   1        241          241          0.0        0          389      9797       2398       2422.52    1622.94
Global   14       3280         234          0.0        0          266      21173      2476       2652.84    1584.18

Total Statistics
Type     Time(s)  Ops          TPS(ops/s)   Net(M/s)   Get_miss   Min(us)  Max(us)    Avg(us)    Std_dev    Geo_dist  
Period   1        23868        23868        3.2        0          212      15499      2419       2592.31    1562.78
Global   14       324893       23206        3.3        0          170      38296      2492       2707.62    1572.93

[1;1H[2J
Get Statistics
Type     Time(s)  Ops          TPS(ops/s)   Net(M/s)   Get_miss   Min(us)  Max(us)    Avg(us)    Std_dev    Geo_dist  
Period   1        23416        23416        3.2        0          228      14919      2460       2694.51    1560.43
Global   15       345029       23001        3.2        0          170      38296      2490       2707.24    1571.97

Set Statistics
Type     Time(s)  Ops          TPS(ops/s)   Net(M/s)   Get_miss   Min(us)  Max(us)    Avg(us)    Std_dev    Geo_dist  
Period   1        234          234          0.0        0          315      13264      2283       2591.96    1482.38
Global   15       3514         234          0.0        0          266      21173      2463       2649.04    1577.19

Total Statistics
Type     Time(s)  Ops          TPS(ops/s)   Net(M/s)   Get_miss   Min(us)  Max(us)    Avg(us)    Std_dev    Geo_dist  
Period   1        23652        23652        3.2        0          228      14919      2459       2693.49    1559.85
Global   15       348545       23236        3.2        0          170      38296      2490       2706.45    1572.04

[1;1H[2J
Get Statistics
Type     Time(s)  Ops          TPS(ops/s)   Net(M/s)   Get_miss   Min(us)  Max(us)    Avg(us)    Std_dev    Geo_dist  
Period   1        23410        23410        3.2        0          217      11918      2435       2616.78    1545.55
Global   16       368439       23027        3.2        0          170      38296      2487       2701.21    1570.36

Set Statistics
Type     Time(s)  Ops          TPS(ops/s)   Net(M/s)   Get_miss   Min(us)  Max(us)    Avg(us)    Std_dev    Geo_dist  
Period   1        236          236          0.0        0          342      11429      2427       2630.07    1552.27
Global   16       3750         234          0.0        0          266      21173      2461       2647.27    1575.61

Total Statistics
Type     Time(s)  Ops          TPS(ops/s)   Net(M/s)   Get_miss   Min(us)  Max(us)    Avg(us)    Std_dev    Geo_dist  
Period   1        23645        23645        3.2        0          217      11918      2434       2616.56    1545.31
Global   16       372190       23261        3.2        0          170      38296      2486       2701.35    1570.41

[1;1H[2J
Get Statistics
Type     Time(s)  Ops          TPS(ops/s)   Net(M/s)   Get_miss   Min(us)  Max(us)    Avg(us)    Std_dev    Geo_dist  
Period   1        23020        23020        3.2        0          223      20583      2498       2751.48    1577.33
Global   17       391459       23027        3.2        0          170      38296      2487       2704.79    1570.80

Set Statistics
Type     Time(s)  Ops          TPS(ops/s)   Net(M/s)   Get_miss   Min(us)  Max(us)    Avg(us)    Std_dev    Geo_dist  
Period   1        234          234          0.0        0          340      12403      2699       2898.23    1675.61
Global   17       3984         234          0.0        0          266      21173      2475       2662.84    1581.31

Total Statistics
Type     Time(s)  Ops          TPS(ops/s)   Net(M/s)   Get_miss   Min(us)  Max(us)    Avg(us)    Std_dev    Geo_dist  
Period   1        23253        23253        3.2        0          223      20583      2500       2753.12    1578.31
Global   17       395443       23261        3.2        0          170      38296      2487       2704.26    1570.90

[1;1H[2J
Get Statistics
Type     Time(s)  Ops          TPS(ops/s)   Net(M/s)   Get_miss   Min(us)  Max(us)    Avg(us)    Std_dev    Geo_dist  
Period   1        23238        23238        3.2        0          214      33992      2461       2753.39    1547.54
Global   18       414697       23038        3.2        0          170      38296      2486       2707.12    1569.48

Set Statistics
Type     Time(s)  Ops          TPS(ops/s)   Net(M/s)   Get_miss   Min(us)  Max(us)    Avg(us)    Std_dev    Geo_dist  
Period   1        233          233          0.0        0          440      25687      2583       3166.51    1569.67
Global   18       4217         234          0.0        0          266      25687      2481       2692.78    1580.67

Total Statistics
Type     Time(s)  Ops          TPS(ops/s)   Net(M/s)   Get_miss   Min(us)  Max(us)    Avg(us)    Std_dev    Geo_dist  
Period   1        23471        23471        3.2        0          214      33992      2462       2757.94    1547.76
Global   18       418914       23273        3.2        0          170      38296      2486       2706.93    1569.60

[1;1H[2J
Get Statistics
Type     Time(s)  Ops          TPS(ops/s)   Net(M/s)   Get_miss   Min(us)  Max(us)    Avg(us)    Std_dev    Geo_dist  
Period   1        23168        23168        3.2        0          196      17663      2478       2692.10    1580.44
Global   19       437865       23045        3.2        0          170      38296      2485       2706.86    1570.06

Set Statistics
Type     Time(s)  Ops          TPS(ops/s)   Net(M/s)   Get_miss   Min(us)  Max(us)    Avg(us)    Std_dev    Geo_dist  
Period   1        233          233          0.0        0          463      10898      2470       2710.59    1573.49
Global   19       4450         234          0.0        0          266      25687      2480       2693.80    1580.29

Total Statistics
Type     Time(s)  Ops          TPS(ops/s)   Net(M/s)   Get_miss   Min(us)  Max(us)    Avg(us)    Std_dev    Geo_dist  
Period   1        23401        23401        3.2        0          196      17663      2478       2692.16    1580.37
Global   19       442315       23279        3.2        0          170      38296      2485       2706.68    1570.16

[1;1H[2J
Get Statistics
Type     Time(s)  Ops          TPS(ops/s)   Net(M/s)   Get_miss   Min(us)  Max(us)    Avg(us)    Std_dev    Geo_dist  
Period   1        23297        23297        3.2        0          205      24661      2474       2761.30    1527.10
Global   20       461162       23058        3.2        0          170      38296      2485       2709.12    1567.86

Set Statistics
Type     Time(s)  Ops          TPS(ops/s)   Net(M/s)   Get_miss   Min(us)  Max(us)    Avg(us)    Std_dev    Geo_dist  
Period   1        240          240          0.0        0          336      17433      2606       2924.39    1579.08
Global   20       4690         234          0.0        0          266      25687      2487       2705.38    1580.23

Total Statistics
Type     Time(s)  Ops          TPS(ops/s)   Net(M/s)   Get_miss   Min(us)  Max(us)    Avg(us)    Std_dev    Geo_dist  
Period   1        23539        23539        3.2        0          205      24661      2475       2763.09    1527.55
Global   20       465854       23292        3.2        0          170      38296      2485       2709.09    1567.98

[1;1H[2J
Get Statistics
Type     Time(s)  Ops          TPS(ops/s)   Net(M/s)   Get_miss   Min(us)  Max(us)    Avg(us)    Std_dev    Geo_dist  
Period   1        21973        21973        3.2        0          209      18995      2601       2978.80    1524.73
Global   21       483135       23006        3.0        0          170      38296      2490       2722.32    1565.90

Set Statistics
Type     Time(s)  Ops          TPS(ops/s)   Net(M/s)   Get_miss   Min(us)  Max(us)    Avg(us)    Std_dev    Geo_dist  
Period   1        216          216          0.0        0          370      17881      2686       3122.96    1598.96
Global   21       4906         233          0.0        0          266      25687      2495       2725.75    1581.05

Total Statistics
Type     Time(s)  Ops          TPS(ops/s)   Net(M/s)   Get_miss   Min(us)  Max(us)    Avg(us)    Std_dev    Geo_dist  
Period   1        22187        22187        3.2        0          209      18995      2602       2980.25    1525.52
Global   21       488041       23240        3.0        0          170      38296      2490       2722.40    1566.05

[1;1H[2J
Get Statistics
Type     Time(s)  Ops          TPS(ops/s)   Net(M/s)   Get_miss   Min(us)  Max(us)    Avg(us)    Std_dev    Geo_dist  
Period   1        23381        23381        3.2        0          243      16219      2455       2713.06    1509.70
Global   22       506516       23023        3.2        0          170      38296      2488       2722.25    1563.26

Set Statistics
Type     Time(s)  Ops          TPS(ops/s)   Net(M/s)   Get_miss   Min(us)  Max(us)    Avg(us)    Std_dev    Geo_dist  
Period   1        236          236          0.0        0          364      12218      2442       2716.58    1512.18
Global   22       5142         233          0.0        0          266      25687      2493       2724.69    1577.82

Total Statistics
Type     Time(s)  Ops          TPS(ops/s)   Net(M/s)   Get_miss   Min(us)  Max(us)    Avg(us)    Std_dev    Geo_dist  
Period   1        23617        23617        3.2        0          243      16219      2454       2713.82    1509.73
Global   22       511658       23257        3.2        0          170      38296      2489       2721.41    1563.40

[1;1H[2J
Get Statistics
Type     Time(s)  Ops          TPS(ops/s)   Net(M/s)   Get_miss   Min(us)  Max(us)    Avg(us)    Std_dev    Geo_dist  
Period   1        23290        23290        3.2        0          249      17305      2468       2766.03    1516.13
Global   23       529806       23035        3.2        0          170      38296      2488       2723.39    1561.15

Set Statistics
Type     Time(s)  Ops          TPS(ops/s)   Net(M/s)   Get_miss   Min(us)  Max(us)    Avg(us)    Std_dev    Geo_dist  
Period   1        240          240          0.0        0          395      10160      2392       2696.97    1486.43
Global   23       5382         234          0.0        0          266      25687      2488       2723.75    1573.63

Total Statistics
Type     Time(s)  Ops          TPS(ops/s)   Net(M/s)   Get_miss   Min(us)  Max(us)    Avg(us)    Std_dev    Geo_dist  
Period   1        23530        23530        3.2        0          249      17305      2467       2765.49    1515.82
Global   23       535188       23269        3.2        0          170      38296      2488       2723.39    1561.28

[1;1H[2J
Get Statistics
Type     Time(s)  Ops          TPS(ops/s)   Net(M/s)   Get_miss   Min(us)  Max(us)    Avg(us)    Std_dev    Geo_dist  
Period   1        22546        22546        3.2        0          233      18763      2548       2787.77    1551.18
Global   24       552352       23014        3.1        0          170      38296      2490       2726.48    1560.75

Set Statistics
Type     Time(s)  Ops          TPS(ops/s)   Net(M/s)   Get_miss   Min(us)  Max(us)    Avg(us)    Std_dev    Geo_dist  
Period   1        229          229          0.0        0          448      10941      2573       2834.66    1576.13
Global   24       5611         233          0.0        0          266      25687      2492       2727.67    1573.73

Total Statistics
Type     Time(s)  Ops          TPS(ops/s)   Net(M/s)   Get_miss   Min(us)  Max(us)    Avg(us)    Std_dev    Geo_dist  
Period   1        22776        22776        3.2        0          233      18763      2549       2788.18    1551.56
Global   24       557964       23248        3.1        0          170      38296      2490       2726.54    1560.88

[1;1H[2J
Get Statistics
Type     Time(s)  Ops          TPS(ops/s)   Net(M/s)   Get_miss   Min(us)  Max(us)    Avg(us)    Std_dev    Geo_dist  
Period   1        23728        23728        3.2        0          186      17780      2426       2704.95    1491.45
Global   25       576080       23043        3.3        0          170      38296      2487       2725.99    1557.85

Set Statistics
Type     Time(s)  Ops          TPS(ops/s)   Net(M/s)   Get_miss   Min(us)  Max(us)    Avg(us)    Std_dev    Geo_dist  
Period   1        235          235          0.0        0          295      9588       2643       2806.28    1610.89
Global   25       5846         233          0.0        0          266      25687      2498       2730.85    1575.21

Total Statistics
Type     Time(s)  Ops          TPS(ops/s)   Net(M/s)   Get_miss   Min(us)  Max(us)    Avg(us)    Std_dev    Geo_dist  
Period   1        23962        23962        3.2        0          186      17780      2428       2705.42    1492.46
Global   25       581926       23277        3.3        0          170      38296      2488       2725.22    1558.03

[1;1H[2J
Get Statistics
Type     Time(s)  Ops          TPS(ops/s)   Net(M/s)   Get_miss   Min(us)  Max(us)    Avg(us)    Std_dev    Geo_dist  
Period   1        22483        22483        3.2        0          182      13882      2538       2752.79    1552.79
Global   26       598563       23021        3.1        0          170      38296      2489       2726.94    1557.66

Set Statistics
Type     Time(s)  Ops          TPS(ops/s)   Net(M/s)   Get_miss   Min(us)  Max(us)    Avg(us)    Std_dev    Geo_dist  
Period   1        229          229          0.0        0          420      9854       2350       2545.34    1516.97
Global   26       6075         233          0.0        0          266      25687      2492       2724.42    1572.97

Total Statistics
Type     Time(s)  Ops          TPS(ops/s)   Net(M/s)   Get_miss   Min(us)  Max(us)    Avg(us)    Std_dev    Geo_dist  
Period   1        22712        22712        3.2        0          182      13882      2536       2750.88    1552.43
Global   26       604638       23255        3.1        0          170      38296      2489       2726.94    1557.82

[1;1H[2J
Get Statistics
Type     Time(s)  Ops          TPS(ops/s)   Net(M/s)   Get_miss   Min(us)  Max(us)    Avg(us)    Std_dev    Geo_dist  
Period   1        23172        23172        3.2        0          241      21677      2486       2745.78    1536.29
Global   27       621735       23027        3.2        0          170      38296      2489       2727.54    1556.86

Set Statistics
Type     Time(s)  Ops          TPS(ops/s)   Net(M/s)   Get_miss   Min(us)  Max(us)    Avg(us)    Std_dev    Geo_dist  
Period   1        237          237          0.0        0          421      9584       2291       2466.79    1490.40
Global   27       6312         233          0.0        0          266      25687      2485       2714.78    1569.79

Total Statistics
Type     Time(s)  Ops          TPS(ops/s)   Net(M/s)   Get_miss   Min(us)  Max(us)    Avg(us)    Std_dev    Geo_dist  
Period   1        23409        23409        3.2        0          241      21677      2484       2743.14    1535.82
Global   27       628047       23261        3.2        0          170      38296      2489       2727.37    1556.99

[1;1H[2J
Get Statistics
Type     Time(s)  Ops          TPS(ops/s)   Net(M/s)   Get_miss   Min(us)  Max(us)    Avg(us)    Std_dev    Geo_dist  
Period   1        22700        22700        3.2        0          224      13871      2539       2824.05    1533.78
Global   28       644435       23015        3.1        0          170      38296      2491       2730.79    1556.04

Set Statistics
Type     Time(s)  Ops          TPS(ops/s)   Net(M/s)   Get_miss   Min(us)  Max(us)    Avg(us)    Std_dev    Geo_dist  
Period   1        228          228          0.0        0          255      12599      2634       2876.54    1621.73
Global   28       6540         233          0.0        0          255      25687      2490       2720.66    1571.57

Total Statistics
Type     Time(s)  Ops          TPS(ops/s)   Net(M/s)   Get_miss   Min(us)  Max(us)    Avg(us)    Std_dev    Geo_dist  
Period   1        22928        22928        3.2        0          224      13871      2540       2824.48    1534.63
Global   28       650975       23249        3.1        0          170      38296      2491       2730.68    1556.20

[1;1H[2J
Get Statistics
Type     Time(s)  Ops          TPS(ops/s)   Net(M/s)   Get_miss   Min(us)  Max(us)    Avg(us)    Std_dev    Geo_dist  
Period   1        22842        22842        3.2        0          215      24963      2500       2815.44    1547.45
Global   29       667277       23009        3.1        0          170      38296      2491       2734.01    1555.75

Set Statistics
Type     Time(s)  Ops          TPS(ops/s)   Net(M/s)   Get_miss   Min(us)  Max(us)    Avg(us)    Std_dev    Geo_dist  
Period   1        228          228          0.0        0          319      12885      2342       2637.60    1494.52
Global   29       6768         233          0.0        0          255      25687      2485       2717.86    1568.91

Total Statistics
Type     Time(s)  Ops          TPS(ops/s)   Net(M/s)   Get_miss   Min(us)  Max(us)    Avg(us)    Std_dev    Geo_dist  
Period   1        23070        23070        3.2        0          215      24963      2498       2814.12    1546.91
Global   29       674045       23242        3.2        0          170      38296      2491       2733.79    1555.88

[1;1H[2J
Get Statistics
Type     Time(s)  Ops          TPS(ops/s)   Net(M/s)   Get_miss   Min(us)  Max(us)    Avg(us)    Std_dev    Geo_dist  
Period   1        22708        22708        3.2        0          182      20797      2533       2780.60    1549.13
Global   30       689985       22999        3.1        0          170      38296      2493       2735.00    1555.53

Set Statistics
Type     Time(s)  Ops          TPS(ops/s)   Net(M/s)   Get_miss   Min(us)  Max(us)    Avg(us)    Std_dev    Geo_dist  
Period   1        231          231          0.0        0          414      11481      2732       2824.25    1680.36
Global   30       6999         233          0.0        0          255      25687      2493       2721.73    1572.47

Total Statistics
Type     Time(s)  Ops          TPS(ops/s)   Net(M/s)   Get_miss   Min(us)  Max(us)    Avg(us)    Std_dev    Geo_dist  
Period   1        22941        22941        3.2        0          182      20797      2535       2780.87    1550.39
Global   30       696986       23232        3.2        0          170      38296      2493       2734.86    1555.70

[1;1H[2J
Get Statistics
Type     Time(s)  Ops          TPS(ops/s)   Net(M/s)   Get_miss   Min(us)  Max(us)    Avg(us)    Std_dev    Geo_dist  
Period   1        23361        23361        3.2        0          238      19756      2446       2707.69    1511.06
Global   31       713346       23011        3.2        0          170      38296      2491       2734.55    1554.08

Set Statistics
Type     Time(s)  Ops          TPS(ops/s)   Net(M/s)   Get_miss   Min(us)  Max(us)    Avg(us)    Std_dev    Geo_dist  
Period   1        236          236          0.0        0          385      11320      2330       2640.01    1441.13
Global   31       7235         233          0.0        0          255      25687      2488       2718.79    1568.00

Total Statistics
Type     Time(s)  Ops          TPS(ops/s)   Net(M/s)   Get_miss   Min(us)  Max(us)    Avg(us)    Std_dev    Geo_dist  
Period   1        23595        23595        3.2        0          238      19756      2445       2707.06    1511.28
Global   31       720581       23244        3.2        0          170      38296      2491       2734.36    1554.22

[1;1H[2J
Get Statistics
Type     Time(s)  Ops          TPS(ops/s)   Net(M/s)   Get_miss   Min(us)  Max(us)    Avg(us)    Std_dev    Geo_dist  
Period   1        22503        22503        3.2        0          248      19019      2534       2763.06    1554.33
Global   32       735849       22995        3.1        0          170      38296      2492       2735.72    1554.09

Set Statistics
Type     Time(s)  Ops          TPS(ops/s)   Net(M/s)   Get_miss   Min(us)  Max(us)    Avg(us)    Std_dev    Geo_dist  
Period   1        229          229          0.0        0          306      9636       2799       2898.21    1716.84
Global   32       7464         233          0.0        0          255      25687      2497       2725.29    1572.37

Total Statistics
Type     Time(s)  Ops          TPS(ops/s)   Net(M/s)   Get_miss   Min(us)  Max(us)    Avg(us)    Std_dev    Geo_dist  
Period   1        22732        22732        3.2        0          248      19019      2537       2764.21    1555.89
Global   32       743313       23228        3.1        0          170      38296      2492       2735.66    1554.27

[1;1H[2J
Get Statistics
Type     Time(s)  Ops          TPS(ops/s)   Net(M/s)   Get_miss   Min(us)  Max(us)    Avg(us)    Std_dev    Geo_dist  
Period   1        22694        22694        3.2        0          225      22056      2535       2786.30    1539.70
Global   33       758543       22986        3.1        0          170      38296      2494       2736.60    1553.66

Set Statistics
Type     Time(s)  Ops          TPS(ops/s)   Net(M/s)   Get_miss   Min(us)  Max(us)    Avg(us)    Std_dev    Geo_dist  
Period   1        226          226          0.0        0          260      12963      2762       2958.14    1632.91
Global   33       7690         233          0.0        0          255      25687      2505       2732.38    1574.12

Total Statistics
Type     Time(s)  Ops          TPS(ops/s)   Net(M/s)   Get_miss   Min(us)  Max(us)    Avg(us)    Std_dev    Geo_dist  
Period   1        22919        22919        3.2        0          225      22056      2537       2788.38    1541.08
Global   33       766232       23219        3.1        0          170      38296      2494       2736.66    1553.88

[1;1H[2J
Get Statistics
Type     Time(s)  Ops          TPS(ops/s)   Net(M/s)   Get_miss   Min(us)  Max(us)    Avg(us)    Std_dev    Geo_dist  
Period   1        21583        21583        3.2        0          221      23474      2637       2966.22    1607.43
Global   34       780126       22944        3.0        0          170      38296      2498       2743.27    1555.12

Set Statistics
Type     Time(s)  Ops          TPS(ops/s)   Net(M/s)   Get_miss   Min(us)  Max(us)    Avg(us)    Std_dev    Geo_dist  
Period   1        222          222          0.0        0          304      21742      2594       3127.37    1537.88
Global   34       7912         232          0.0        0          255      25687      2508       2743.59    1573.09

Total Statistics
Type     Time(s)  Ops          TPS(ops/s)   Net(M/s)   Get_miss   Min(us)  Max(us)    Avg(us)    Std_dev    Geo_dist  
Period   1        21806        21806        3.2        0          221      23474      2636       2968.22    1606.17
Global   34       788038       23177        3.0        0          170      38296      2498       2743.36    1555.30

[1;1H[2J
Get Statistics
Type     Time(s)  Ops          TPS(ops/s)   Net(M/s)   Get_miss   Min(us)  Max(us)    Avg(us)    Std_dev    Geo_dist  
Period   1        22701        22701        3.2        0          194      18417      2532       2823.47    1513.19
Global   35       802827       22937        3.1        0          170      38296      2499       2745.54    1553.92

Set Statistics
Type     Time(s)  Ops          TPS(ops/s)   Net(M/s)   Get_miss   Min(us)  Max(us)    Avg(us)    Std_dev    Geo_dist  
Period   1        224          224          0.0        0          413      13513      2473       2840.32    1507.26
Global   35       8136         232          0.0        0          255      25687      2507       2746.16    1571.24

Total Statistics
Type     Time(s)  Ops          TPS(ops/s)   Net(M/s)   Get_miss   Min(us)  Max(us)    Avg(us)    Std_dev    Geo_dist  
Period   1        22925        22925        3.2        0          194      18417      2532       2823.07    1513.14
Global   35       810963       23170        3.1        0          170      38296      2499       2745.62    1554.09

[1;1H[2J
Get Statistics
Type     Time(s)  Ops          TPS(ops/s)   Net(M/s)   Get_miss   Min(us)  Max(us)    Avg(us)    Std_dev    Geo_dist  
Period   1        23632        23632        3.2        0          210      13909      2437       2767.91    1456.19
Global   36       826459       22957        3.2        0          170      38296      2497       2746.41    1551.04

Set Statistics
Type     Time(s)  Ops          TPS(ops/s)   Net(M/s)   Get_miss   Min(us)  Max(us)    Avg(us)    Std_dev    Geo_dist  
Period   1        242          242          0.0        0          423      10028      2333       2633.24    1422.66
Global   36       8378         232          0.0        0          255      25687      2502       2742.94    1566.74

Total Statistics
Type     Time(s)  Ops          TPS(ops/s)   Net(M/s)   Get_miss   Min(us)  Max(us)    Avg(us)    Std_dev    Geo_dist  
Period   1        23874        23874        3.2        0          210      13909      2436       2766.50    1455.85
Global   36       834837       23189        3.3        0          170      38296      2497       2746.42    1551.19

[1;1H[2J
Get Statistics
Type     Time(s)  Ops          TPS(ops/s)   Net(M/s)   Get_miss   Min(us)  Max(us)    Avg(us)    Std_dev    Geo_dist  
Period   1        23185        23185        3.2        0          198      18406      2454       2728.70    1501.90
Global   37       849644       22963        3.2        0          170      38296      2496       2745.77    1549.68

Set Statistics
Type     Time(s)  Ops          TPS(ops/s)   Net(M/s)   Get_miss   Min(us)  Max(us)    Avg(us)    Std_dev    Geo_dist  
Period   1        235          235          0.0        0          380      11015      2780       2877.43    1688.49
Global   37       8613         232          0.0        0          255      25687      2509       2747.43    1569.94

Total Statistics
Type     Time(s)  Ops          TPS(ops/s)   Net(M/s)   Get_miss   Min(us)  Max(us)    Avg(us)    Std_dev    Geo_dist  
Period   1        23420        23420        3.2        0          198      18406      2458       2729.71    1503.67
Global   37       858257       23196        3.2        0          170      38296      2496       2745.91    1549.88

[1;1H[2J
Get Statistics
Type     Time(s)  Ops          TPS(ops/s)   Net(M/s)   Get_miss   Min(us)  Max(us)    Avg(us)    Std_dev    Geo_dist  
Period   1        23269        23269        3.2        0          200      20213      2448       2737.50    1518.20
Global   38       872913       22971        3.2        0          170      38296      2494       2746.22    1548.83

Set Statistics
Type     Time(s)  Ops          TPS(ops/s)   Net(M/s)   Get_miss   Min(us)  Max(us)    Avg(us)    Std_dev    Geo_dist  
Period   1        233          233          0.0        0          400      9827       2910       2885.15    1816.46
Global   38       8846         232          0.0        0          255      25687      2520       2751.33    1575.98

Total Statistics
Type     Time(s)  Ops          TPS(ops/s)   Net(M/s)   Get_miss   Min(us)  Max(us)    Avg(us)    Std_dev    Geo_dist  
Period   1        23502        23502        3.2        0          200      20213      2452       2739.84    1520.90
Global   38       881759       23204        3.2        0          170      38296      2495       2745.60    1549.10

[1;1H[2J
Get Statistics
Type     Time(s)  Ops          TPS(ops/s)   Net(M/s)   Get_miss   Min(us)  Max(us)    Avg(us)    Std_dev    Geo_dist  
Period   1        22374        22374        3.2        0          191      15292      2567       2799.01    1572.53
Global   39       895287       22956        3.1        0          170      38296      2496       2747.41    1549.42

Set Statistics
Type     Time(s)  Ops          TPS(ops/s)   Net(M/s)   Get_miss   Min(us)  Max(us)    Avg(us)    Std_dev    Geo_dist  
Period   1        227          227          0.0        0          361      12903      2644       2909.95    1597.11
Global   39       9073         232          0.0        0          255      25687      2523       2755.40    1576.51

Total Statistics
Type     Time(s)  Ops          TPS(ops/s)   Net(M/s)   Get_miss   Min(us)  Max(us)    Avg(us)    Std_dev    Geo_dist  
Period   1        22601        22601        3.2        0          191      15292      2568       2799.88    1572.77
Global   39       904360       23188        3.1        0          170      38296      2497       2746.83    1549.69

[1;1H[2J
Get Statistics
Type     Time(s)  Ops          TPS(ops/s)   Net(M/s)   Get_miss   Min(us)  Max(us)    Avg(us)    Std_dev    Geo_dist  
Period   1        23061        23061        3.2        0          207      13036      2475       2713.41    1531.57
Global   40       918348       22958        3.2        0          170      38296      2496       2746.08    1548.97

Set Statistics
Type     Time(s)  Ops          TPS(ops/s)   Net(M/s)   Get_miss   Min(us)  Max(us)    Avg(us)    Std_dev    Geo_dist  
Period   1        231          231          0.0        0          391      12812      2531       2760.39    1572.25
Global   40       9304         232          0.0        0          255      25687      2523       2755.56    1576.40

Total Statistics
Type     Time(s)  Ops          TPS(ops/s)   Net(M/s)   Get_miss   Min(us)  Max(us)    Avg(us)    Std_dev    Geo_dist  
Period   1        23293        23293        3.2        0          207      13036      2476       2713.73    1532.07
Global   40       927653       23191        3.2        0          170      38296      2496       2746.43    1549.24

[1;1H[2J
Get Statistics
Type     Time(s)  Ops          TPS(ops/s)   Net(M/s)   Get_miss   Min(us)  Max(us)    Avg(us)    Std_dev    Geo_dist  
Period   1        23479        23479        3.2        0          260      11697      2439       2752.86    1483.64
Global   41       941827       22971        3.2        0          170      38296      2494       2746.80    1547.32

Set Statistics
Type     Time(s)  Ops          TPS(ops/s)   Net(M/s)   Get_miss   Min(us)  Max(us)    Avg(us)    Std_dev    Geo_dist  
Period   1        238          238          0.0        0          424      10712      2405       2785.02    1476.58
Global   41       9542         232          0.0        0          255      25687      2520       2756.26    1573.83

Total Statistics
Type     Time(s)  Ops          TPS(ops/s)   Net(M/s)   Get_miss   Min(us)  Max(us)    Avg(us)    Std_dev    Geo_dist  
Period   1        23716        23716        3.2        0          260      11697      2438       2753.42    1483.46
Global   41       951369       23204        3.3        0          170      38296      2495       2746.23    1547.58

[1;1H[2J
Get Statistics
Type     Time(s)  Ops          TPS(ops/s)   Net(M/s)   Get_miss   Min(us)  Max(us)    Avg(us)    Std_dev    Geo_dist  
Period   1        22911        22911        3.2        0          231      18369      2499       2841.12    1538.76
Global   42       964738       22969        3.1        0          170      38296      2494       2749.19    1547.11

Set Statistics
Type     Time(s)  Ops          TPS(ops/s)   Net(M/s)   Get_miss   Min(us)  Max(us)    Avg(us)    Std_dev    Geo_dist  
Period   1        229          229          0.0        0          414      12241      2366       2728.14    1469.17
Global   42       9771         232          0.0        0          255      25687      2517       2755.01    1571.30

Total Statistics
Type     Time(s)  Ops          TPS(ops/s)   Net(M/s)   Get_miss   Min(us)  Max(us)    Avg(us)    Std_dev    Geo_dist  
Period   1        23140        23140        3.2        0          231      18369      2498       2839.72    1538.06
Global   42       974509       23202        3.2        0          170      38296      2495       2748.55    1547.35

[1;1H[2J
Get Statistics
Type     Time(s)  Ops          TPS(ops/s)   Net(M/s)   Get_miss   Min(us)  Max(us)    Avg(us)    Std_dev    Geo_dist  
Period   1        22762        22762        3.2        0          223      22464      2530       2735.28    1616.39
Global   43       987500       22965        3.1        0          170      38296      2495       2748.72    1548.68

Set Statistics
Type     Time(s)  Ops          TPS(ops/s)   Net(M/s)   Get_miss   Min(us)  Max(us)    Avg(us)    Std_dev    Geo_dist  
Period   1        234          234          0.0        0          408      17594      2808       2910.99    1773.66
Global   43       10005        232          0.0        0          255      25687      2523       2759.69    1575.75

Total Statistics
Type     Time(s)  Ops          TPS(ops/s)   Net(M/s)   Get_miss   Min(us)  Max(us)    Avg(us)    Std_dev    Geo_dist  
Period   1        22997        22997        3.2        0          223      22464      2533       2736.94    1617.88
Global   43       997506       23197        3.2        0          170      38296      2496       2748.17    1548.95

[1;1H[2J
Get Statistics
Type     Time(s)  Ops          TPS(ops/s)   Net(M/s)   Get_miss   Min(us)  Max(us)    Avg(us)    Std_dev    Geo_dist  
Period   1        22221        22221        3.2        0          229      26304      2566       2990.96    1577.95
Global   44       1009721      22948        3.1        0          170      38296      2497       2753.90    1549.31

Set Statistics
Type     Time(s)  Ops          TPS(ops/s)   Net(M/s)   Get_miss   Min(us)  Max(us)    Avg(us)    Std_dev    Geo_dist  
Period   1        227          227          0.0        0          344      20305      2739       3172.70    1653.82
Global   44       10232        232          0.0        0          255      25687      2528       2769.34    1577.45

Total Statistics
Type     Time(s)  Ops          TPS(ops/s)   Net(M/s)   Get_miss   Min(us)  Max(us)    Avg(us)    Std_dev    Geo_dist  
Period   1        22447        22447        3.2        0          229      26304      2567       2993.58    1578.74
Global   44       1019953      23180        3.1        0          170      38296      2497       2754.34    1549.59

[1;1H[2J
Get Statistics
Type     Time(s)  Ops          TPS(ops/s)   Net(M/s)   Get_miss   Min(us)  Max(us)    Avg(us)    Std_dev    Geo_dist  
Period   1        22430        22430        3.1        0          224      21393      2545       2827.69    1591.90
Global   45       1032151      22936        3.1        0          170      38296      2498       2755.57    1550.23

Set Statistics
Type     Time(s)  Ops          TPS(ops/s)   Net(M/s)   Get_miss   Min(us)  Max(us)    Avg(us)    Std_dev    Geo_dist  
Period   1        224          224          0.0        0          320      11925      2911       2936.34    1852.22
Global   45       10456        232          0.0        0          255      25687      2536       2773.62    1582.88

Total Statistics
Type     Time(s)  Ops          TPS(ops/s)   Net(M/s)   Get_miss   Min(us)  Max(us)    Avg(us)    Std_dev    Geo_dist  
Period   1        22654        22654        3.2        0          224      21393      2549       2828.60    1593.81
Global   45       1042607      23169        3.1        0          170      38296      2498       2756.10    1550.55

[1;1H[2J
Get Statistics
Type     Time(s)  Ops          TPS(ops/s)   Net(M/s)   Get_miss   Min(us)  Max(us)    Avg(us)    Std_dev    Geo_dist  
Period   1        22471        22471        3.1        0          244      20110      2534       2755.64    1581.34
Global   46       1054622      22926        3.1        0          170      38296      2499       2755.36    1550.88

Set Statistics
Type     Time(s)  Ops          TPS(ops/s)   Net(M/s)   Get_miss   Min(us)  Max(us)    Avg(us)    Std_dev    Geo_dist  
Period   1        227          227          0.0        0          381      13427      2683       2813.70    1674.10
Global   46       10683        232          0.0        0          255      25687      2540       2773.62    1584.77

Total Statistics
Type     Time(s)  Ops          TPS(ops/s)   Net(M/s)   Get_miss   Min(us)  Max(us)    Avg(us)    Std_dev    Geo_dist  
Period   1        22698        22698        3.2        0          244      20110      2535       2756.65    1582.24
Global   46       1065305      23158        3.1        0          170      38296      2499       2755.92    1551.22

[1;1H[2J
Get Statistics
Type     Time(s)  Ops          TPS(ops/s)   Net(M/s)   Get_miss   Min(us)  Max(us)    Avg(us)    Std_dev    Geo_dist  
Period   1        22898        22898        3.1        0          245      26532      2492       2762.19    1557.68
Global   47       1077520      22925        3.1        0          170      38296      2498       2756.28    1551.03

Set Statistics
Type     Time(s)  Ops          TPS(ops/s)   Net(M/s)   Get_miss   Min(us)  Max(us)    Avg(us)    Std_dev    Geo_dist  
Period   1        232          232          0.0        0          326      8985       2374       2551.87    1523.54
Global   47       10915        232          0.0        0          255      25687      2536       2769.52    1583.44

Total Statistics
Type     Time(s)  Ops          TPS(ops/s)   Net(M/s)   Get_miss   Min(us)  Max(us)    Avg(us)    Std_dev    Geo_dist  
Period   1        23130        23130        3.2        0          245      26532      2490       2760.87    1557.33
Global   47       1088435      23158        3.2        0          170      38296      2499       2755.85    1551.35

[1;1H[2J
Get Statistics
Type     Time(s)  Ops          TPS(ops/s)   Net(M/s)   Get_miss   Min(us)  Max(us)    Avg(us)    Std_dev    Geo_dist  
Period   1        22217        22217        3.1        0          208      23416      2586       2872.36    1576.94
Global   48       1099737      22911        3.1        0          170      38296      2500       2758.50    1551.55

Set Statistics
Type     Time(s)  Ops          TPS(ops/s)   Net(M/s)   Get_miss   Min(us)  Max(us)    Avg(us)    Std_dev    Geo_dist  
Period   1        221          221          0.0        0          341      15537      2217       2625.88    1407.79
Global   48       11136        232          0.0        0          255      25687      2530       2766.68    1579.75

Total Statistics
Type     Time(s)  Ops          TPS(ops/s)   Net(M/s)   Get_miss   Min(us)  Max(us)    Avg(us)    Std_dev    Geo_dist  
Period   1        22440        22440        3.2        0          208      23416      2582       2871.27    1575.40
Global   48       1110875      23143        3.1        0          170      38296      2501       2757.96    1551.83

[1;1H[2J
Get Statistics
Type     Time(s)  Ops          TPS(ops/s)   Net(M/s)   Get_miss   Min(us)  Max(us)    Avg(us)    Std_dev    Geo_dist  
Period   1        22825        22825        3.1        0          228      20198      2515       2774.85    1564.96
Global   49       1122562      22909        3.1        0          170      38296      2501       2758.22    1551.84

Set Statistics
Type     Time(s)  Ops          TPS(ops/s)   Net(M/s)   Get_miss   Min(us)  Max(us)    Avg(us)    Std_dev    Geo_dist  
Period   1        235          235          0.0        0          448      20193      2593       2941.83    1592.41
Global   49       11371        232          0.0        0          255      25687      2531       2770.57    1580.01

Total Statistics
Type     Time(s)  Ops          TPS(ops/s)   Net(M/s)   Get_miss   Min(us)  Max(us)    Avg(us)    Std_dev    Geo_dist  
Period   1        23058        23058        3.2        0          228      20198      2515       2776.07    1564.41
Global   49       1133933      23141        3.2        0          170      38296      2501       2758.62    1552.12

[1;1H[2J
Get Statistics
Type     Time(s)  Ops          TPS(ops/s)   Net(M/s)   Get_miss   Min(us)  Max(us)    Avg(us)    Std_dev    Geo_dist  
Period   1        23244        23244        3.1        0          201      21539      2458       2647.74    1552.49
Global   50       1145806      22916        3.2        0          170      38296      2500       2756.14    1551.86

Set Statistics
Type     Time(s)  Ops          TPS(ops/s)   Net(M/s)   Get_miss   Min(us)  Max(us)    Avg(us)    Std_dev    Geo_dist  
Period   1        233          233          0.0        0          273      14714      2323       2626.25    1445.68
Global   50       11604        232          0.0        0          255      25687      2527       2767.63    1577.19

Total Statistics
Type     Time(s)  Ops          TPS(ops/s)   Net(M/s)   Get_miss   Min(us)  Max(us)    Avg(us)    Std_dev    Geo_dist  
Period   1        23477        23477        3.2        0          201      21539      2457       2647.19    1551.39
Global   50       1157410      23148        3.2        0          170      38296      2500       2756.51    1552.11

[1;1H[2J
Get Statistics
Type     Time(s)  Ops          TPS(ops/s)   Net(M/s)   Get_miss   Min(us)  Max(us)    Avg(us)    Std_dev    Geo_dist  
Period   1        21930        21930        3.1        0          130      89557      2610       3769.01    1531.36
Global   51       1167736      22896        3.0        0          130      89557      2502       2778.67    1551.47

Set Statistics
Type     Time(s)  Ops          TPS(ops/s)   Net(M/s)   Get_miss   Min(us)  Max(us)    Avg(us)    Std_dev    Geo_dist  
Period   1        224          224          0.0        0          198      21782      2306       2714.16    1396.05
Global   51       11828        231          0.0        0          198      25687      2523       2766.51    1573.55

Total Statistics
Type     Time(s)  Ops          TPS(ops/s)   Net(M/s)   Get_miss   Min(us)  Max(us)    Avg(us)    Std_dev    Geo_dist  
Period   1        22154        22154        3.2        0          130      89557      2607       3759.85    1529.93
Global   51       1179564      23128        3.0        0          130      89557      2502       2778.73    1551.69

[1;1H[2J
Get Statistics
Type     Time(s)  Ops          TPS(ops/s)   Net(M/s)   Get_miss   Min(us)  Max(us)    Avg(us)    Std_dev    Geo_dist  
Period   1        22835        22835        3.1        0          182      22678      2498       2787.84    1532.56
Global   52       1190571      22895        3.1        0          130      89557      2502       2778.77    1551.10

Set Statistics
Type     Time(s)  Ops          TPS(ops/s)   Net(M/s)   Get_miss   Min(us)  Max(us)    Avg(us)    Std_dev    Geo_dist  
Period   1        229          229          0.0        0          276      13754      2837       2987.50    1731.35
Global   52       12057        231          0.0        0          198      25687      2529       2771.04    1576.41

Total Statistics
Type     Time(s)  Ops          TPS(ops/s)   Net(M/s)   Get_miss   Min(us)  Max(us)    Avg(us)    Std_dev    Geo_dist  
Period   1        23064        23064        3.2        0          182      22678      2502       2789.46    1534.42
Global   52       1202628      23127        3.2        0          130      89557      2502       2778.94    1551.36

[1;1H[2J
Get Statistics
Type     Time(s)  Ops          TPS(ops/s)   Net(M/s)   Get_miss   Min(us)  Max(us)    Avg(us)    Std_dev    Geo_dist  
Period   1        22298        22298        3.1        0          203      46516      2570       3177.92    1542.21
Global   53       1212869      22884        3.1        0          130      89557      2503       2786.87    1550.94

Set Statistics
Type     Time(s)  Ops          TPS(ops/s)   Net(M/s)   Get_miss   Min(us)  Max(us)    Avg(us)    Std_dev    Geo_dist  
Period   1        221          221          0.0        0          318      21684      2725       3037.21    1659.51
Global   53       12278        231          0.0        0          198      25687      2532       2776.52    1577.87

Total Statistics
Type     Time(s)  Ops          TPS(ops/s)   Net(M/s)   Get_miss   Min(us)  Max(us)    Avg(us)    Std_dev    Geo_dist  
Period   1        22519        22519        3.2        0          203      46516      2572       3176.15    1543.32
Global   53       1225147      23115        3.1        0          130      89557      2503       2787.02    1551.21

[1;1H[2J
Get Statistics
Type     Time(s)  Ops          TPS(ops/s)   Net(M/s)   Get_miss   Min(us)  Max(us)    Avg(us)    Std_dev    Geo_dist  
Period   1        23830        23830        3.1        0          203      19786      2410       2603.49    1525.98
Global   54       1236699      22901        3.3        0          130      89557      2501       2783.66    1550.46

Set Statistics
Type     Time(s)  Ops          TPS(ops/s)   Net(M/s)   Get_miss   Min(us)  Max(us)    Avg(us)    Std_dev    Geo_dist  
Period   1        243          243          0.0        0          320      10227      2499       2617.83    1594.05
Global   54       12521        231          0.0        0          198      25687      2531       2773.76    1578.18

Total Statistics
Type     Time(s)  Ops          TPS(ops/s)   Net(M/s)   Get_miss   Min(us)  Max(us)    Avg(us)    Std_dev    Geo_dist  
Period   1        24074        24074        3.2        0          203      19786      2411       2604.04    1526.76
Global   54       1249221      23133        3.3        0          130      89557      2501       2783.84    1550.73

[1;1H[2J
Get Statistics
Type     Time(s)  Ops          TPS(ops/s)   Net(M/s)   Get_miss   Min(us)  Max(us)    Avg(us)    Std_dev    Geo_dist  
Period   1        22308        22308        3.1        0          166      22057      2577       2822.37    1588.44
Global   55       1259007      22891        3.1        0          130      89557      2502       2784.69    1551.13

Set Statistics
Type     Time(s)  Ops          TPS(ops/s)   Net(M/s)   Get_miss   Min(us)  Max(us)    Avg(us)    Std_dev    Geo_dist  
Period   1        223          223          0.0        0          342      10624      2891       2991.41    1735.89
Global   55       12744        231          0.0        0          198      25687      2538       2777.35    1580.82

Total Statistics
Type     Time(s)  Ops          TPS(ops/s)   Net(M/s)   Get_miss   Min(us)  Max(us)    Avg(us)    Std_dev    Geo_dist  
Period   1        22530        22530        3.2        0          166      22057      2580       2823.78    1589.71
Global   55       1271751      23122        3.1        0          130      89557      2503       2784.04    1551.43

[1;1H[2J
Get Statistics
Type     Time(s)  Ops          TPS(ops/s)   Net(M/s)   Get_miss   Min(us)  Max(us)    Avg(us)    Std_dev    Geo_dist  
Period   1        21159        21159        3.1        0          213      29013      2701       2943.78    1666.41
Global   56       1280166      22860        2.9        0          130      89557      2506       2786.87    1552.97

Set Statistics
Type     Time(s)  Ops          TPS(ops/s)   Net(M/s)   Get_miss   Min(us)  Max(us)    Avg(us)    Std_dev    Geo_dist  
Period   1        214          214          0.0        0          415      15603      3106       3078.59    1960.33
Global   56       12958        231          0.0        0          198      25687      2547       2783.75    1586.44

Total Statistics
Type     Time(s)  Ops          TPS(ops/s)   Net(M/s)   Get_miss   Min(us)  Max(us)    Avg(us)    Std_dev    Geo_dist  
Period   1        21376        21376        3.2        0          213      29013      2705       2945.07    1669.07
Global   56       1293127      23091        2.9        0          130      89557      2506       2787.20    1553.30

[1;1H[2J
Get Statistics
Type     Time(s)  Ops          TPS(ops/s)   Net(M/s)   Get_miss   Min(us)  Max(us)    Avg(us)    Std_dev    Geo_dist  
Period   1        22497        22497        3.1        0          244      20521      2554       2816.73    1574.62
Global   57       1302663      22853        3.1        0          130      89557      2507       2787.24    1553.36

Set Statistics
Type     Time(s)  Ops          TPS(ops/s)   Net(M/s)   Get_miss   Min(us)  Max(us)    Avg(us)    Std_dev    Geo_dist  
Period   1        232          232          0.0        0          405      13938      2437       2817.97    1497.52
Global   57       13190        231          0.0        0          198      25687      2545       2784.34    1584.83

Total Statistics
Type     Time(s)  Ops          TPS(ops/s)   Net(M/s)   Get_miss   Min(us)  Max(us)    Avg(us)    Std_dev    Geo_dist  
Period   1        22726        22726        3.2        0          244      20521      2553       2816.84    1574.35
Global   57       1315853      23085        3.1        0          130      89557      2507       2787.56    1553.67

[1;1H[2J
Get Statistics
Type     Time(s)  Ops          TPS(ops/s)   Net(M/s)   Get_miss   Min(us)  Max(us)    Avg(us)    Std_dev    Geo_dist  
Period   1        23049        23049        3.1        0          198      22143      2462       2827.90    1516.46
Global   58       1325712      22857        3.2        0          130      89557      2506       2788.15    1552.71

Set Statistics
Type     Time(s)  Ops          TPS(ops/s)   Net(M/s)   Get_miss   Min(us)  Max(us)    Avg(us)    Std_dev    Geo_dist  
Period   1        230          230          0.0        0          296      18279      2272       2731.51    1437.59
Global   58       13420        231          0.0        0          198      25687      2541       2782.95    1582.19

Total Statistics
Type     Time(s)  Ops          TPS(ops/s)   Net(M/s)   Get_miss   Min(us)  Max(us)    Avg(us)    Std_dev    Geo_dist  
Period   1        23279        23279        3.2        0          198      22143      2460       2827.07    1515.66
Global   58       1339132      23088        3.2        0          130      89557      2506       2788.42    1553.00

[1;1H[2J
Get Statistics
Type     Time(s)  Ops          TPS(ops/s)   Net(M/s)   Get_miss   Min(us)  Max(us)    Avg(us)    Std_dev    Geo_dist  
Period   1        20839        20839        3.1        0          194      23900      2749       2975.69    1695.62
Global   59       1346551      22822        2.9        0          130      89557      2510       2791.10    1554.83

Set Statistics
Type     Time(s)  Ops          TPS(ops/s)   Net(M/s)   Get_miss   Min(us)  Max(us)    Avg(us)    Std_dev    Geo_dist  
Period   1        215          215          0.0        0          255      10775      2922       2933.06    1835.54
Global   59       13635        231          0.0        0          198      25687      2547       2785.68    1585.90

Total Statistics
Type     Time(s)  Ops          TPS(ops/s)   Net(M/s)   Get_miss   Min(us)  Max(us)    Avg(us)    Std_dev    Geo_dist  
Period   1        21054        21054        3.2        0          194      23900      2751       2975.03    1697.00
Global   59       1360186      23054        2.9        0          130      89557      2510       2791.38    1555.14

[1;1H[2J
Get Statistics
Type     Time(s)  Ops          TPS(ops/s)   Net(M/s)   Get_miss   Min(us)  Max(us)    Avg(us)    Std_dev    Geo_dist  
Period   1        22124        22124        3.1        0          249      30284      2570       2898.71    1596.16
Global   60       1368675      22811        3.0        0          130      89557      2511       2792.85    1555.49

Set Statistics
Type     Time(s)  Ops          TPS(ops/s)   Net(M/s)   Get_miss   Min(us)  Max(us)    Avg(us)    Std_dev    Geo_dist  
Period   1        217          217          0.0        0          355      18278      2683       3013.45    1670.18
Global   60       13852        230          0.0        0          198      25687      2549       2789.45    1587.19

Total Statistics
Type     Time(s)  Ops          TPS(ops/s)   Net(M/s)   Get_miss   Min(us)  Max(us)    Avg(us)    Std_dev    Geo_dist  
Period   1        22341        22341        3.2        0          249      30284      2571       2899.89    1596.87
Global   60       1382527      23042        3.1        0          130      89557      2511       2793.16    1555.80

Get Statistics (1368731 events)
   Min:       130
   Max:     89557
   Avg:      2511
   Geo:   1555.59
   Std:   2793.34
   Log2 Dist:
       8:      333    48657   548368   395323
      12:    79732   240400    54627     1222
      16:       63        6

Set Statistics (13854 events)
   Min:       198
   Max:     25687
   Avg:      2550
   Geo:   1587.56
   Std:   2790.39
   Log2 Dist:
       8:        3      463     5393     4091
      12:      853     2455      583       13

Total Statistics (1382585 events)
   Min:       130
   Max:     89557
   Avg:      2511
   Geo:   1555.91
   Std:   2793.66
   Log2 Dist:
       8:      336    49120   553761   399414
      12:    80585   242855    55210     1235
      16:       63        6

cmd_get: 1368787
cmd_set: 13856
get_misses: 0
written_bytes: 32328722
read_bytes: 225951447
object_bytes: 1995264

Run time: 60.3s Ops: 1382643 TPS: 22934 Net_rate: 4.1M/s
