servers : 10.0.0.13:9000
threads count: 43
concurrency: 43
run time: 60s
windows size: 10k
set proportion: set_prop=0.01
get proportion: get_prop=0.99
[1;1H[2J
Get Statistics
Type     Time(s)  Ops          TPS(ops/s)   Net(M/s)   Get_miss   Min(us)  Max(us)    Avg(us)    Std_dev    Geo_dist  
Period   1        20550        20550        2.8        0          236      19125      2052       2304.31    1350.68
Global   1        20550        20550        2.8        0          236      19125      2051       2304.77    1350.10

Set Statistics
Type     Time(s)  Ops          TPS(ops/s)   Net(M/s)   Get_miss   Min(us)  Max(us)    Avg(us)    Std_dev    Geo_dist  
Period   1        226          226          0.0        0          326      18791      2687       3308.57    1556.05
Global   1        226          226          0.0        0          326      18791      2687       3308.57    1556.05

Total Statistics
Type     Time(s)  Ops          TPS(ops/s)   Net(M/s)   Get_miss   Min(us)  Max(us)    Avg(us)    Std_dev    Geo_dist  
Period   1        20779        20779        2.9        0          236      19125      2059       2318.87    1352.49
Global   1        20779        20779        2.9        0          236      19125      2059       2318.87    1352.49

[1;1H[2J
Get Statistics
Type     Time(s)  Ops          TPS(ops/s)   Net(M/s)   Get_miss   Min(us)  Max(us)    Avg(us)    Std_dev    Geo_dist  
Period   1        21371        21371        2.9        0          193      15856      2001       2241.40    1298.64
Global   2        41921        20960        2.9        0          193      19125      2026       2272.79    1324.17

Set Statistics
Type     Time(s)  Ops          TPS(ops/s)   Net(M/s)   Get_miss   Min(us)  Max(us)    Avg(us)    Std_dev    Geo_dist  
Period   1        221          221          0.0        0          292      8637       2097       2167.23    1401.28
Global   2        447          223          0.0        0          292      18791      2395       2815.66    1477.50

Total Statistics
Type     Time(s)  Ops          TPS(ops/s)   Net(M/s)   Get_miss   Min(us)  Max(us)    Avg(us)    Std_dev    Geo_dist  
Period   1        21590        21590        2.9        0          193      15856      2002       2240.85    1300.52
Global   2        42369        21184        3.0        0          193      19125      2030       2279.56    1325.76

[1;1H[2J
Get Statistics
Type     Time(s)  Ops          TPS(ops/s)   Net(M/s)   Get_miss   Min(us)  Max(us)    Avg(us)    Std_dev    Geo_dist  
Period   1        21656        21656        2.9        0          202      18007      1982       2326.09    1269.20
Global   3        63577        21192        3.0        0          193      19125      2011       2291.33    1305.37

Set Statistics
Type     Time(s)  Ops          TPS(ops/s)   Net(M/s)   Get_miss   Min(us)  Max(us)    Avg(us)    Std_dev    Geo_dist  
Period   1        215          215          0.0        0          267      10034      2069       2363.46    1341.96
Global   3        662          220          0.0        0          267      18791      2289       2679.85    1432.05

Total Statistics
Type     Time(s)  Ops          TPS(ops/s)   Net(M/s)   Get_miss   Min(us)  Max(us)    Avg(us)    Std_dev    Geo_dist  
Period   1        21871        21871        2.9        0          202      18007      1983       2326.70    1270.40
Global   3        64240        21413        3.0        0          193      19125      2014       2295.81    1306.64

[1;1H[2J
Get Statistics
Type     Time(s)  Ops          TPS(ops/s)   Net(M/s)   Get_miss   Min(us)  Max(us)    Avg(us)    Std_dev    Geo_dist  
Period   1        21709        21709        2.9        0          207      13901      1966       2278.38    1275.92
Global   4        85286        21321        3.0        0          193      19125      2000       2287.82    1297.94

Set Statistics
Type     Time(s)  Ops          TPS(ops/s)   Net(M/s)   Get_miss   Min(us)  Max(us)    Avg(us)    Std_dev    Geo_dist  
Period   1        217          217          0.0        0          299      9652       2164       2464.54    1367.94
Global   4        879          219          0.0        0          267      18791      2258       2627.64    1415.95

Total Statistics
Type     Time(s)  Ops          TPS(ops/s)   Net(M/s)   Get_miss   Min(us)  Max(us)    Avg(us)    Std_dev    Geo_dist  
Period   1        21926        21926        3.0        0          207      13901      1968       2280.29    1276.80
Global   4        86166        21541        3.0        0          193      19125      2002       2292.30    1299.12

[1;1H[2J
Get Statistics
Type     Time(s)  Ops          TPS(ops/s)   Net(M/s)   Get_miss   Min(us)  Max(us)    Avg(us)    Std_dev    Geo_dist  
Period   1        21700        21700        2.9        0          201      13412      1976       2265.61    1262.37
Global   5        106986       21397        3.0        0          193      19125      1995       2283.54    1290.75

Set Statistics
Type     Time(s)  Ops          TPS(ops/s)   Net(M/s)   Get_miss   Min(us)  Max(us)    Avg(us)    Std_dev    Geo_dist  
Period   1        225          225          0.0        0          344      8381       2015       2333.91    1263.13
Global   5        1104         220          0.0        0          267      18791      2209       2570.90    1383.37

Total Statistics
Type     Time(s)  Ops          TPS(ops/s)   Net(M/s)   Get_miss   Min(us)  Max(us)    Avg(us)    Std_dev    Geo_dist  
Period   1        21924        21924        3.0        0          201      13412      1975       2266.32    1261.28
Global   5        108090       21618        3.0        0          193      19125      1997       2286.91    1291.66

[1;1H[2J
Get Statistics
Type     Time(s)  Ops          TPS(ops/s)   Net(M/s)   Get_miss   Min(us)  Max(us)    Avg(us)    Std_dev    Geo_dist  
Period   1        22044        22044        3.0        0          181      13320      1913       2237.37    1236.10
Global   6        129030       21505        3.0        0          181      19125      1981       2275.91    1281.25

Set Statistics
Type     Time(s)  Ops          TPS(ops/s)   Net(M/s)   Get_miss   Min(us)  Max(us)    Avg(us)    Std_dev    Geo_dist  
Period   1        221          221          0.0        0          410      10791      1811       2150.47    1198.11
Global   6        1325         220          0.0        0          267      18791      2142       2509.86    1350.59

Total Statistics
Type     Time(s)  Ops          TPS(ops/s)   Net(M/s)   Get_miss   Min(us)  Max(us)    Avg(us)    Std_dev    Geo_dist  
Period   1        22267        22267        3.0        0          181      13320      1913       2236.36    1235.90
Global   6        130357       21726        3.1        0          181      19125      1983       2278.26    1281.97

[1;1H[2J
Get Statistics
Type     Time(s)  Ops          TPS(ops/s)   Net(M/s)   Get_miss   Min(us)  Max(us)    Avg(us)    Std_dev    Geo_dist  
Period   1        20792        20792        2.9        0          186      21580      2053       2583.21    1254.59
Global   7        149822       21403        2.9        0          181      21580      1991       2321.17    1277.59

Set Statistics
Type     Time(s)  Ops          TPS(ops/s)   Net(M/s)   Get_miss   Min(us)  Max(us)    Avg(us)    Std_dev    Geo_dist  
Period   1        212          212          0.0        0          267      11290      2127       2444.72    1327.52
Global   7        1537         219          0.0        0          267      18791      2140       2500.14    1347.38

Total Statistics
Type     Time(s)  Ops          TPS(ops/s)   Net(M/s)   Get_miss   Min(us)  Max(us)    Avg(us)    Std_dev    Geo_dist  
Period   1        21004        21004        3.0        0          186      21580      2054       2582.02    1255.83
Global   7        151361       21623        2.9        0          181      21580      1993       2322.78    1278.31

[1;1H[2J
Get Statistics
Type     Time(s)  Ops          TPS(ops/s)   Net(M/s)   Get_miss   Min(us)  Max(us)    Avg(us)    Std_dev    Geo_dist  
Period   1        21317        21317        2.9        0          230      14020      2006       2338.30    1268.43
Global   8        171139       21392        2.9        0          181      21580      1993       2323.25    1276.51

Set Statistics
Type     Time(s)  Ops          TPS(ops/s)   Net(M/s)   Get_miss   Min(us)  Max(us)    Avg(us)    Std_dev    Geo_dist  
Period   1        213          213          0.0        0          354      8754       2034       2290.71    1324.36
Global   8        1750         218          0.0        0          267      18791      2127       2475.30    1344.56

Total Statistics
Type     Time(s)  Ops          TPS(ops/s)   Net(M/s)   Get_miss   Min(us)  Max(us)    Avg(us)    Std_dev    Geo_dist  
Period   1        21528        21528        3.0        0          230      14020      2006       2337.76    1269.30
Global   8        172889       21611        3.0        0          181      21580      1994       2325.18    1277.18

[1;1H[2J
Get Statistics
Type     Time(s)  Ops          TPS(ops/s)   Net(M/s)   Get_miss   Min(us)  Max(us)    Avg(us)    Std_dev    Geo_dist  
Period   1        20396        20396        2.9        0          199      13394      2093       2401.39    1324.60
Global   9        191535       21281        2.8        0          181      21580      2004       2331.60    1281.55

Set Statistics
Type     Time(s)  Ops          TPS(ops/s)   Net(M/s)   Get_miss   Min(us)  Max(us)    Avg(us)    Std_dev    Geo_dist  
Period   1        208          208          0.0        0          328      10737      2047       2406.17    1294.87
Global   9        1958         217          0.0        0          267      18791      2119       2467.14    1339.19

Total Statistics
Type     Time(s)  Ops          TPS(ops/s)   Net(M/s)   Get_miss   Min(us)  Max(us)    Avg(us)    Std_dev    Geo_dist  
Period   1        20606        20606        3.0        0          199      13394      2093       2401.74    1324.50
Global   9        193495       21499        2.8        0          181      21580      2005       2333.25    1282.14

[1;1H[2J
Get Statistics
Type     Time(s)  Ops          TPS(ops/s)   Net(M/s)   Get_miss   Min(us)  Max(us)    Avg(us)    Std_dev    Geo_dist  
Period   1        21407        21407        2.9        0          208      15366      2006       2369.09    1246.52
Global   10       212942       21294        2.9        0          181      21580      2004       2335.61    1278.03

Set Statistics
Type     Time(s)  Ops          TPS(ops/s)   Net(M/s)   Get_miss   Min(us)  Max(us)    Avg(us)    Std_dev    Geo_dist  
Period   1        215          215          0.0        0          311      9010       2059       2337.44    1282.98
Global   10       2173         217          0.0        0          267      18791      2113       2454.21    1333.52

Total Statistics
Type     Time(s)  Ops          TPS(ops/s)   Net(M/s)   Get_miss   Min(us)  Max(us)    Avg(us)    Std_dev    Geo_dist  
Period   1        21621        21621        3.0        0          208      15366      2006       2368.80    1247.12
Global   10       215116       21511        3.0        0          181      21580      2005       2336.93    1278.57

[1;1H[2J
Get Statistics
Type     Time(s)  Ops          TPS(ops/s)   Net(M/s)   Get_miss   Min(us)  Max(us)    Avg(us)    Std_dev    Geo_dist  
Period   1        22110        22110        2.9        0          185      15802      1913       2276.00    1215.14
Global   11       235052       21368        3.0        0          181      21580      1995       2330.59    1272.01

Set Statistics
Type     Time(s)  Ops          TPS(ops/s)   Net(M/s)   Get_miss   Min(us)  Max(us)    Avg(us)    Std_dev    Geo_dist  
Period   1        224          224          0.0        0          243      10512      1730       2133.60    1105.61
Global   11       2397         217          0.0        0          243      18791      2077       2428.39    1310.37

Total Statistics
Type     Time(s)  Ops          TPS(ops/s)   Net(M/s)   Get_miss   Min(us)  Max(us)    Avg(us)    Std_dev    Geo_dist  
Period   1        22335        22335        3.0        0          185      15802      1911       2275.62    1214.24
Global   11       237451       21586        3.1        0          181      21580      1996       2331.53    1272.41

[1;1H[2J
Get Statistics
Type     Time(s)  Ops          TPS(ops/s)   Net(M/s)   Get_miss   Min(us)  Max(us)    Avg(us)    Std_dev    Geo_dist  
Period   1        20896        20896        2.9        0          209      12250      2042       2316.52    1313.34
Global   12       255948       21329        2.9        0          181      21580      1999       2329.37    1275.38

Set Statistics
Type     Time(s)  Ops          TPS(ops/s)   Net(M/s)   Get_miss   Min(us)  Max(us)    Avg(us)    Std_dev    Geo_dist  
Period   1        211          211          0.0        0          298      9804       2101       2414.42    1317.66
Global   12       2608         217          0.0        0          243      18791      2079       2426.76    1310.96

Total Statistics
Type     Time(s)  Ops          TPS(ops/s)   Net(M/s)   Get_miss   Min(us)  Max(us)    Avg(us)    Std_dev    Geo_dist  
Period   1        21168        21168        3.0        0          209      12250      2052       2325.37    1317.87
Global   12       258619       21551        2.9        0          181      21580      2001       2330.71    1276.07

[1;1H[2J
Get Statistics
Type     Time(s)  Ops          TPS(ops/s)   Net(M/s)   Get_miss   Min(us)  Max(us)    Avg(us)    Std_dev    Geo_dist  
Period   1        21091        21091        2.9        0          229      14330      2022       2280.75    1279.31
Global   13       277039       21310        2.9        0          181      21580      2002       2326.36    1278.04

Set Statistics
Type     Time(s)  Ops          TPS(ops/s)   Net(M/s)   Get_miss   Min(us)  Max(us)    Avg(us)    Std_dev    Geo_dist  
Period   1        211          211          0.0        0          299      13996      2205       2610.34    1362.51
Global   13       2819         216          0.0        0          243      18791      2088       2441.08    1314.75

Total Statistics
Type     Time(s)  Ops          TPS(ops/s)   Net(M/s)   Get_miss   Min(us)  Max(us)    Avg(us)    Std_dev    Geo_dist  
Period   1        21239        21239        3.0        0          229      14330      2030       2284.79    1307.14
Global   13       279858       21527        2.9        0          181      21580      2003       2327.44    1278.40

[1;1H[2J
Get Statistics
Type     Time(s)  Ops          TPS(ops/s)   Net(M/s)   Get_miss   Min(us)  Max(us)    Avg(us)    Std_dev    Geo_dist  
Period   1        21807        21807        2.9        0          164      11911      1958       2224.75    1287.40
Global   14       298846       21346        3.0        0          164      21580      1999       2318.94    1278.72

Set Statistics
Type     Time(s)  Ops          TPS(ops/s)   Net(M/s)   Get_miss   Min(us)  Max(us)    Avg(us)    Std_dev    Geo_dist  
Period   1        223          223          0.0        0          297      11188      2168       2399.41    1420.18
Global   14       3042         217          0.0        0          243      18791      2094       2437.63    1322.20

Total Statistics
Type     Time(s)  Ops          TPS(ops/s)   Net(M/s)   Get_miss   Min(us)  Max(us)    Avg(us)    Std_dev    Geo_dist  
Period   1        22032        22032        3.0        0          164      11911      1960       2226.57    1288.56
Global   14       301890       21563        3.0        0          164      21580      2000       2320.13    1279.14

[1;1H[2J
Get Statistics
Type     Time(s)  Ops          TPS(ops/s)   Net(M/s)   Get_miss   Min(us)  Max(us)    Avg(us)    Std_dev    Geo_dist  
Period   1        21256        21256        2.9        0          198      12542      2007       2308.04    1289.81
Global   15       320102       21340        2.9        0          164      21580      1999       2318.67    1279.48

Set Statistics
Type     Time(s)  Ops          TPS(ops/s)   Net(M/s)   Get_miss   Min(us)  Max(us)    Avg(us)    Std_dev    Geo_dist  
Period   1        213          213          0.0        0          387      10714      1984       2284.35    1302.61
Global   15       3255         217          0.0        0          243      18791      2087       2427.55    1320.91

Total Statistics
Type     Time(s)  Ops          TPS(ops/s)   Net(M/s)   Get_miss   Min(us)  Max(us)    Avg(us)    Std_dev    Geo_dist  
Period   1        21468        21468        3.0        0          198      12542      2007       2307.65    1290.40
Global   15       323358       21557        2.9        0          164      21580      2000       2319.70    1279.89

[1;1H[2J
Get Statistics
Type     Time(s)  Ops          TPS(ops/s)   Net(M/s)   Get_miss   Min(us)  Max(us)    Avg(us)    Std_dev    Geo_dist  
Period   1        21446        21446        2.9        0          203      12730      1999       2336.32    1271.54
Global   16       341548       21346        2.9        0          164      21580      1999       2319.78    1279.00

Set Statistics
Type     Time(s)  Ops          TPS(ops/s)   Net(M/s)   Get_miss   Min(us)  Max(us)    Avg(us)    Std_dev    Geo_dist  
Period   1        219          219          0.0        0          378      11162      2055       2485.76    1299.71
Global   16       3474         217          0.0        0          243      18791      2085       2430.89    1319.57

Total Statistics
Type     Time(s)  Ops          TPS(ops/s)   Net(M/s)   Get_miss   Min(us)  Max(us)    Avg(us)    Std_dev    Geo_dist  
Period   1        21665        21665        3.0        0          203      12730      1999       2338.33    1271.51
Global   16       345023       21563        3.0        0          164      21580      2000       2320.82    1279.41

[1;1H[2J
Get Statistics
Type     Time(s)  Ops          TPS(ops/s)   Net(M/s)   Get_miss   Min(us)  Max(us)    Avg(us)    Std_dev    Geo_dist  
Period   1        21982        21982        2.9        0          200      14009      1953       2331.29    1238.25
Global   17       363530       21384        3.0        0          164      21580      1997       2319.83    1276.53

Set Statistics
Type     Time(s)  Ops          TPS(ops/s)   Net(M/s)   Get_miss   Min(us)  Max(us)    Avg(us)    Std_dev    Geo_dist  
Period   1        223          223          0.0        0          273      13233      1897       2289.44    1217.40
Global   17       3697         217          0.0        0          243      18791      2074       2422.42    1313.17

Total Statistics
Type     Time(s)  Ops          TPS(ops/s)   Net(M/s)   Get_miss   Min(us)  Max(us)    Avg(us)    Std_dev    Geo_dist  
Period   1        22204        22204        3.0        0          200      14009      1953       2330.43    1238.04
Global   17       367227       21601        3.0        0          164      21580      1997       2321.56    1276.89

[1;1H[2J
Get Statistics
Type     Time(s)  Ops          TPS(ops/s)   Net(M/s)   Get_miss   Min(us)  Max(us)    Avg(us)    Std_dev    Geo_dist  
Period   1        21008        21008        2.9        0          226      17641      1996       2350.87    1276.34
Global   18       384538       21363        2.9        0          164      21580      1997       2321.49    1276.52

Set Statistics
Type     Time(s)  Ops          TPS(ops/s)   Net(M/s)   Get_miss   Min(us)  Max(us)    Avg(us)    Std_dev    Geo_dist  
Period   1        210          210          0.0        0          302      10964      2131       2434.36    1357.53
Global   18       3907         217          0.0        0          243      18791      2077       2422.84    1315.51

Total Statistics
Type     Time(s)  Ops          TPS(ops/s)   Net(M/s)   Get_miss   Min(us)  Max(us)    Avg(us)    Std_dev    Geo_dist  
Period   1        21220        21220        3.0        0          226      17641      1997       2352.67    1277.32
Global   18       388447       21580        2.9        0          164      21580      1997       2323.27    1276.91

[1;1H[2J
Get Statistics
Type     Time(s)  Ops          TPS(ops/s)   Net(M/s)   Get_miss   Min(us)  Max(us)    Avg(us)    Std_dev    Geo_dist  
Period   1        21302        21302        2.9        0          217      11309      2003       2353.95    1255.36
Global   19       405840       21360        2.9        0          164      21580      1997       2323.49    1275.42

Set Statistics
Type     Time(s)  Ops          TPS(ops/s)   Net(M/s)   Get_miss   Min(us)  Max(us)    Avg(us)    Std_dev    Geo_dist  
Period   1        212          212          0.0        0          309      9660       1760       2130.83    1133.03
Global   19       4119         216          0.0        0          243      18791      2060       2410.05    1305.44

Total Statistics
Type     Time(s)  Ops          TPS(ops/s)   Net(M/s)   Get_miss   Min(us)  Max(us)    Avg(us)    Std_dev    Geo_dist  
Period   1        21537        21537        3.0        0          217      11309      2006       2357.04    1256.93
Global   19       409984       21578        3.0        0          164      21580      1998       2324.60    1275.86

[1;1H[2J
Get Statistics
Type     Time(s)  Ops          TPS(ops/s)   Net(M/s)   Get_miss   Min(us)  Max(us)    Avg(us)    Std_dev    Geo_dist  
Period   1        22062        22062        2.9        0          237      13545      1928       2284.28    1236.60
Global   20       427902       21395        3.0        0          164      21580      1993       2321.94    1273.42

Set Statistics
Type     Time(s)  Ops          TPS(ops/s)   Net(M/s)   Get_miss   Min(us)  Max(us)    Avg(us)    Std_dev    Geo_dist  
Period   1        224          224          0.0        0          357      9801       1754       2049.58    1154.31
Global   20       4343         217          0.0        0          243      18791      2046       2394.38    1299.83

Total Statistics
Type     Time(s)  Ops          TPS(ops/s)   Net(M/s)   Get_miss   Min(us)  Max(us)    Avg(us)    Std_dev    Geo_dist  
Period   1        22261        22261        3.0        0          237      13545      1922       2276.54    1234.31
Global   20       432245       21612        3.1        0          164      21580      1994       2322.28    1273.68

[1;1H[2J
Get Statistics
Type     Time(s)  Ops          TPS(ops/s)   Net(M/s)   Get_miss   Min(us)  Max(us)    Avg(us)    Std_dev    Geo_dist  
Period   1        21099        21099        2.9        0          203      24283      2014       2531.38    1236.64
Global   21       449001       21381        2.9        0          164      24283      1994       2332.19    1271.67

Set Statistics
Type     Time(s)  Ops          TPS(ops/s)   Net(M/s)   Get_miss   Min(us)  Max(us)    Avg(us)    Std_dev    Geo_dist  
Period   1        212          212          0.0        0          310      11269      1922       2395.80    1180.81
Global   21       4555         216          0.0        0          243      18791      2040       2394.52    1294.03

Total Statistics
Type     Time(s)  Ops          TPS(ops/s)   Net(M/s)   Get_miss   Min(us)  Max(us)    Avg(us)    Std_dev    Geo_dist  
Period   1        21313        21313        3.0        0          203      24283      2013       2530.26    1235.75
Global   21       453558       21598        2.9        0          164      24283      1995       2332.38    1271.87

[1;1H[2J
Get Statistics
Type     Time(s)  Ops          TPS(ops/s)   Net(M/s)   Get_miss   Min(us)  Max(us)    Avg(us)    Std_dev    Geo_dist  
Period   1        22012        22012        2.9        0          172      13587      1920       2296.26    1224.14
Global   22       471013       21409        3.0        0          164      24283      1991       2330.20    1269.43

Set Statistics
Type     Time(s)  Ops          TPS(ops/s)   Net(M/s)   Get_miss   Min(us)  Max(us)    Avg(us)    Std_dev    Geo_dist  
Period   1        226          226          0.0        0          307      8850       2102       2469.23    1301.17
Global   22       4781         217          0.0        0          243      18791      2043       2397.82    1294.37

Total Statistics
Type     Time(s)  Ops          TPS(ops/s)   Net(M/s)   Get_miss   Min(us)  Max(us)    Avg(us)    Std_dev    Geo_dist  
Period   1        22238        22238        3.0        0          172      13587      1922       2298.50    1225.39
Global   22       475796       21627        3.1        0          164      24283      1991       2331.37    1269.69

[1;1H[2J
Get Statistics
Type     Time(s)  Ops          TPS(ops/s)   Net(M/s)   Get_miss   Min(us)  Max(us)    Avg(us)    Std_dev    Geo_dist  
Period   1        21629        21629        2.9        0          180      14329      1976       2313.20    1250.76
Global   23       492642       21419        3.0        0          164      24283      1990       2329.77    1268.63

Set Statistics
Type     Time(s)  Ops          TPS(ops/s)   Net(M/s)   Get_miss   Min(us)  Max(us)    Avg(us)    Std_dev    Geo_dist  
Period   1        217          217          0.0        0          290      12678      1720       2093.18    1146.80
Global   23       4998         217          0.0        0          243      18791      2029       2386.10    1287.59

Total Statistics
Type     Time(s)  Ops          TPS(ops/s)   Net(M/s)   Get_miss   Min(us)  Max(us)    Avg(us)    Std_dev    Geo_dist  
Period   1        21848        21848        3.0        0          180      14329      1974       2311.93    1250.38
Global   23       497644       21636        3.0        0          164      24283      1991       2329.89    1268.83

[1;1H[2J
Get Statistics
Type     Time(s)  Ops          TPS(ops/s)   Net(M/s)   Get_miss   Min(us)  Max(us)    Avg(us)    Std_dev    Geo_dist  
Period   1        21677        21677        2.9        0          201      12420      1977       2259.89    1283.60
Global   24       514319       21429        3.0        0          164      24283      1990       2326.46    1269.32

Set Statistics
Type     Time(s)  Ops          TPS(ops/s)   Net(M/s)   Get_miss   Min(us)  Max(us)    Avg(us)    Std_dev    Geo_dist  
Period   1        219          219          0.0        0          369      9191       2053       2223.21    1360.17
Global   24       5217         217          0.0        0          243      18791      2030       2379.30    1290.55

Total Statistics
Type     Time(s)  Ops          TPS(ops/s)   Net(M/s)   Get_miss   Min(us)  Max(us)    Avg(us)    Std_dev    Geo_dist  
Period   1        21893        21893        3.0        0          201      12420      1978       2259.49    1285.60
Global   24       519537       21647        3.0        0          164      24283      1990       2327.35    1269.53

[1;1H[2J
Get Statistics
Type     Time(s)  Ops          TPS(ops/s)   Net(M/s)   Get_miss   Min(us)  Max(us)    Avg(us)    Std_dev    Geo_dist  
Period   1        21140        21140        2.9        0          177      22906      2022       2371.09    1290.41
Global   25       535459       21418        2.9        0          164      24283      1991       2328.48    1270.17

Set Statistics
Type     Time(s)  Ops          TPS(ops/s)   Net(M/s)   Get_miss   Min(us)  Max(us)    Avg(us)    Std_dev    Geo_dist  
Period   1        213          213          0.0        0          346      10414      2001       2210.68    1312.89
Global   25       5430         217          0.0        0          243      18791      2029       2372.61    1291.42

Total Statistics
Type     Time(s)  Ops          TPS(ops/s)   Net(M/s)   Get_miss   Min(us)  Max(us)    Avg(us)    Std_dev    Geo_dist  
Period   1        21352        21352        3.0        0          177      22906      2021       2369.88    1290.53
Global   25       540889       21635        2.9        0          164      24283      1991       2329.26    1270.38

[1;1H[2J
Get Statistics
Type     Time(s)  Ops          TPS(ops/s)   Net(M/s)   Get_miss   Min(us)  Max(us)    Avg(us)    Std_dev    Geo_dist  
Period   1        21355        21355        2.9        0          180      18446      1991       2327.30    1288.45
Global   26       556814       21415        2.9        0          164      24283      1991       2328.43    1270.86

Set Statistics
Type     Time(s)  Ops          TPS(ops/s)   Net(M/s)   Get_miss   Min(us)  Max(us)    Avg(us)    Std_dev    Geo_dist  
Period   1        218          218          0.0        0          314      17213      2213       2537.06    1401.41
Global   26       5648         217          0.0        0          243      18791      2036       2379.28    1295.50

Total Statistics
Type     Time(s)  Ops          TPS(ops/s)   Net(M/s)   Get_miss   Min(us)  Max(us)    Avg(us)    Std_dev    Geo_dist  
Period   1        21575        21575        3.0        0          180      18446      1994       2329.91    1289.76
Global   26       562464       21633        3.0        0          164      24283      1992       2328.52    1271.12

[1;1H[2J
Get Statistics
Type     Time(s)  Ops          TPS(ops/s)   Net(M/s)   Get_miss   Min(us)  Max(us)    Avg(us)    Std_dev    Geo_dist  
Period   1        22009        22009        2.9        0          173      11857      1952       2195.52    1277.17
Global   27       578823       21437        3.0        0          164      24283      1990       2323.16    1271.14

Set Statistics
Type     Time(s)  Ops          TPS(ops/s)   Net(M/s)   Get_miss   Min(us)  Max(us)    Avg(us)    Std_dev    Geo_dist  
Period   1        221          221          0.0        0          298      8925       1906       2200.69    1250.57
Global   27       5869         217          0.0        0          243      18791      2031       2372.84    1293.78

Total Statistics
Type     Time(s)  Ops          TPS(ops/s)   Net(M/s)   Get_miss   Min(us)  Max(us)    Avg(us)    Std_dev    Geo_dist  
Period   1        22228        22228        3.0        0          173      11857      1951       2194.38    1276.18
Global   27       584692       21655        3.1        0          164      24283      1990       2324.02    1271.37

[1;1H[2J
Get Statistics
Type     Time(s)  Ops          TPS(ops/s)   Net(M/s)   Get_miss   Min(us)  Max(us)    Avg(us)    Std_dev    Geo_dist  
Period   1        21289        21289        2.9        0          164      20493      1991       2438.85    1240.68
Global   28       600112       21432        2.9        0          164      24283      1990       2327.39    1270.05

Set Statistics
Type     Time(s)  Ops          TPS(ops/s)   Net(M/s)   Get_miss   Min(us)  Max(us)    Avg(us)    Std_dev    Geo_dist  
Period   1        213          213          0.0        0          345      15619      1978       2364.65    1272.55
Global   28       6082         217          0.0        0          243      18791      2029       2372.50    1293.03

Total Statistics
Type     Time(s)  Ops          TPS(ops/s)   Net(M/s)   Get_miss   Min(us)  Max(us)    Avg(us)    Std_dev    Geo_dist  
Period   1        21504        21504        3.0        0          164      20493      1991       2438.92    1241.20
Global   28       606196       21649        3.0        0          164      24283      1990       2328.22    1270.28

[1;1H[2J
Get Statistics
Type     Time(s)  Ops          TPS(ops/s)   Net(M/s)   Get_miss   Min(us)  Max(us)    Avg(us)    Std_dev    Geo_dist  
Period   1        21857        21857        2.9        0          169      12709      1955       2242.81    1271.68
Global   29       621969       21447        3.0        0          164      24283      1988       2325.16    1270.12

Set Statistics
Type     Time(s)  Ops          TPS(ops/s)   Net(M/s)   Get_miss   Min(us)  Max(us)    Avg(us)    Std_dev    Geo_dist  
Period   1        221          221          0.0        0          364      9699       1964       2249.78    1280.57
Global   29       6303         217          0.0        0          243      18791      2027       2367.93    1292.59

Total Statistics
Type     Time(s)  Ops          TPS(ops/s)   Net(M/s)   Get_miss   Min(us)  Max(us)    Avg(us)    Std_dev    Geo_dist  
Period   1        22076        22076        3.0        0          169      12709      1955       2242.49    1272.08
Global   29       628272       21664        3.0        0          164      24283      1989       2325.07    1270.35

[1;1H[2J
Get Statistics
Type     Time(s)  Ops          TPS(ops/s)   Net(M/s)   Get_miss   Min(us)  Max(us)    Avg(us)    Std_dev    Geo_dist  
Period   1        21139        21139        2.9        0          176      13092      2018       2387.29    1259.17
Global   30       643108       21436        2.9        0          164      24283      1989       2327.22    1269.76

Set Statistics
Type     Time(s)  Ops          TPS(ops/s)   Net(M/s)   Get_miss   Min(us)  Max(us)    Avg(us)    Std_dev    Geo_dist  
Period   1        214          214          0.0        0          308      8514       2178       2393.56    1354.59
Global   30       6517         217          0.0        0          243      18791      2032       2368.71    1294.58

Total Statistics
Type     Time(s)  Ops          TPS(ops/s)   Net(M/s)   Get_miss   Min(us)  Max(us)    Avg(us)    Std_dev    Geo_dist  
Period   1        21353        21353        3.0        0          176      13092      2020       2387.01    1260.09
Global   30       649625       21654        2.9        0          164      24283      1990       2327.15    1270.01

[1;1H[2J
Get Statistics
Type     Time(s)  Ops          TPS(ops/s)   Net(M/s)   Get_miss   Min(us)  Max(us)    Avg(us)    Std_dev    Geo_dist  
Period   1        21697        21697        2.9        0          182      13651      1968       2223.80    1295.74
Global   31       664805       21445        3.0        0          164      24283      1989       2323.33    1270.60

Set Statistics
Type     Time(s)  Ops          TPS(ops/s)   Net(M/s)   Get_miss   Min(us)  Max(us)    Avg(us)    Std_dev    Geo_dist  
Period   1        220          220          0.0        0          352      8245       1922       2201.87    1269.74
Global   31       6737         217          0.0        0          243      18791      2029       2362.86    1293.77

Total Statistics
Type     Time(s)  Ops          TPS(ops/s)   Net(M/s)   Get_miss   Min(us)  Max(us)    Avg(us)    Std_dev    Geo_dist  
Period   1        21918        21918        3.0        0          182      13651      1967       2224.43    1295.58
Global   31       671543       21662        3.0        0          164      24283      1989       2324.09    1270.83

[1;1H[2J
Get Statistics
Type     Time(s)  Ops          TPS(ops/s)   Net(M/s)   Get_miss   Min(us)  Max(us)    Avg(us)    Std_dev    Geo_dist  
Period   1        21687        21687        2.9        0          208      13673      1962       2219.43    1294.00
Global   32       686492       21452        3.0        0          164      24283      1988       2320.26    1271.35

Set Statistics
Type     Time(s)  Ops          TPS(ops/s)   Net(M/s)   Get_miss   Min(us)  Max(us)    Avg(us)    Std_dev    Geo_dist  
Period   1        219          219          0.0        0          283      9832       2153       2336.80    1405.90
Global   32       6956         217          0.0        0          243      18791      2032       2362.76    1297.16

Total Statistics
Type     Time(s)  Ops          TPS(ops/s)   Net(M/s)   Get_miss   Min(us)  Max(us)    Avg(us)    Std_dev    Geo_dist  
Period   1        21905        21905        3.0        0          208      13673      1963       2221.04    1294.97
Global   32       693448       21670        3.0        0          164      24283      1988       2321.08    1271.61

[1;1H[2J
Get Statistics
Type     Time(s)  Ops          TPS(ops/s)   Net(M/s)   Get_miss   Min(us)  Max(us)    Avg(us)    Std_dev    Geo_dist  
Period   1        21639        21639        2.9        0          224      18016      1960       2317.59    1268.71
Global   33       708131       21458        3.0        0          164      24283      1987       2320.31    1271.27

Set Statistics
Type     Time(s)  Ops          TPS(ops/s)   Net(M/s)   Get_miss   Min(us)  Max(us)    Avg(us)    Std_dev    Geo_dist  
Period   1        221          221          0.0        0          373      8271       2171       2472.20    1353.44
Global   33       7177         217          0.0        0          243      18791      2037       2365.53    1298.85

Total Statistics
Type     Time(s)  Ops          TPS(ops/s)   Net(M/s)   Get_miss   Min(us)  Max(us)    Avg(us)    Std_dev    Geo_dist  
Period   1        21861        21861        3.0        0          224      18016      1962       2319.67    1269.64
Global   33       715309       21676        3.0        0          164      24283      1987       2321.21    1271.55

[1;1H[2J
Get Statistics
Type     Time(s)  Ops          TPS(ops/s)   Net(M/s)   Get_miss   Min(us)  Max(us)    Avg(us)    Std_dev    Geo_dist  
Period   1        21940        21940        2.9        0          208      11335      1952       2279.56    1273.65
Global   34       730071       21472        3.0        0          164      24283      1986       2319.07    1271.36

Set Statistics
Type     Time(s)  Ops          TPS(ops/s)   Net(M/s)   Get_miss   Min(us)  Max(us)    Avg(us)    Std_dev    Geo_dist  
Period   1        220          220          0.0        0          292      9823       2103       2408.46    1354.71
Global   34       7397         217          0.0        0          243      18791      2039       2366.64    1300.48

Total Statistics
Type     Time(s)  Ops          TPS(ops/s)   Net(M/s)   Get_miss   Min(us)  Max(us)    Avg(us)    Std_dev    Geo_dist  
Period   1        22159        22159        3.0        0          208      11335      1953       2280.97    1274.34
Global   34       737468       21690        3.0        0          164      24283      1986       2320.01    1271.65

[1;1H[2J
Get Statistics
Type     Time(s)  Ops          TPS(ops/s)   Net(M/s)   Get_miss   Min(us)  Max(us)    Avg(us)    Std_dev    Geo_dist  
Period   1        20692        20692        2.9        0          180      14388      2044       2323.57    1315.87
Global   35       750763       21450        2.8        0          164      24283      1988       2318.87    1272.56

Set Statistics
Type     Time(s)  Ops          TPS(ops/s)   Net(M/s)   Get_miss   Min(us)  Max(us)    Avg(us)    Std_dev    Geo_dist  
Period   1        211          211          0.0        0          361      10509      2124       2400.27    1353.85
Global   35       7608         217          0.0        0          243      18791      2041       2367.77    1301.93

Total Statistics
Type     Time(s)  Ops          TPS(ops/s)   Net(M/s)   Get_miss   Min(us)  Max(us)    Avg(us)    Std_dev    Geo_dist  
Period   1        20905        20905        3.0        0          180      14388      2045       2324.71    1316.44
Global   35       758373       21667        2.9        0          164      24283      1988       2319.84    1272.86

[1;1H[2J
Get Statistics
Type     Time(s)  Ops          TPS(ops/s)   Net(M/s)   Get_miss   Min(us)  Max(us)    Avg(us)    Std_dev    Geo_dist  
Period   1        20658        20658        2.9        0          221      25646      2065       2475.33    1316.61
Global   36       771421       21428        2.8        0          164      25646      1990       2323.29    1273.74

Set Statistics
Type     Time(s)  Ops          TPS(ops/s)   Net(M/s)   Get_miss   Min(us)  Max(us)    Avg(us)    Std_dev    Geo_dist  
Period   1        205          205          0.0        0          437      8925       2095       2403.39    1338.80
Global   36       7813         217          0.0        0          243      18791      2043       2368.07    1302.89

Total Statistics
Type     Time(s)  Ops          TPS(ops/s)   Net(M/s)   Get_miss   Min(us)  Max(us)    Avg(us)    Std_dev    Geo_dist  
Period   1        20861        20861        3.0        0          221      25646      2065       2474.66    1317.19
Global   36       779234       21645        2.9        0          164      25646      1990       2324.20    1274.03

[1;1H[2J
Get Statistics
Type     Time(s)  Ops          TPS(ops/s)   Net(M/s)   Get_miss   Min(us)  Max(us)    Avg(us)    Std_dev    Geo_dist  
Period   1        20998        20998        2.9        0          219      12548      2034       2365.14    1321.53
Global   37       792419       21416        2.9        0          164      25646      1991       2324.56    1274.98

Set Statistics
Type     Time(s)  Ops          TPS(ops/s)   Net(M/s)   Get_miss   Min(us)  Max(us)    Avg(us)    Std_dev    Geo_dist  
Period   1        214          214          0.0        0          381      10701      2160       2571.15    1353.22
Global   37       8027         216          0.0        0          243      18791      2046       2373.71    1304.20

Total Statistics
Type     Time(s)  Ops          TPS(ops/s)   Net(M/s)   Get_miss   Min(us)  Max(us)    Avg(us)    Std_dev    Geo_dist  
Period   1        21212        21212        3.0        0          219      12548      2036       2366.65    1321.85
Global   37       800446       21633        2.9        0          164      25646      1991       2325.54    1275.27

[1;1H[2J
Get Statistics
Type     Time(s)  Ops          TPS(ops/s)   Net(M/s)   Get_miss   Min(us)  Max(us)    Avg(us)    Std_dev    Geo_dist  
Period   1        21320        21320        2.9        0          202      17744      1995       2327.79    1280.37
Global   38       813739       21414        2.9        0          164      25646      1991       2324.73    1275.12

Set Statistics
Type     Time(s)  Ops          TPS(ops/s)   Net(M/s)   Get_miss   Min(us)  Max(us)    Avg(us)    Std_dev    Geo_dist  
Period   1        212          212          0.0        0          347      8311       2129       2409.38    1340.21
Global   38       8239         216          0.0        0          243      18791      2048       2374.64    1305.12

Total Statistics
Type     Time(s)  Ops          TPS(ops/s)   Net(M/s)   Get_miss   Min(us)  Max(us)    Avg(us)    Std_dev    Geo_dist  
Period   1        21534        21534        3.0        0          202      17744      1997       2328.31    1281.11
Global   38       821980       21631        3.0        0          164      25646      1991       2325.74    1275.42

[1;1H[2J
Get Statistics
Type     Time(s)  Ops          TPS(ops/s)   Net(M/s)   Get_miss   Min(us)  Max(us)    Avg(us)    Std_dev    Geo_dist  
Period   1        20970        20970        2.9        0          224      13601      2037       2386.13    1298.00
Global   39       834709       21402        2.9        0          164      25646      1992       2326.45    1275.70

Set Statistics
Type     Time(s)  Ops          TPS(ops/s)   Net(M/s)   Get_miss   Min(us)  Max(us)    Avg(us)    Std_dev    Geo_dist  
Period   1        215          215          0.0        0          368      8853       2108       2400.31    1336.01
Global   39       8454         216          0.0        0          243      18791      2049       2375.63    1305.89

Total Statistics
Type     Time(s)  Ops          TPS(ops/s)   Net(M/s)   Get_miss   Min(us)  Max(us)    Avg(us)    Std_dev    Geo_dist  
Period   1        21183        21183        3.0        0          224      13601      2038       2385.93    1298.74
Global   39       843163       21619        2.9        0          164      25646      1993       2326.58    1276.00

[1;1H[2J
Get Statistics
Type     Time(s)  Ops          TPS(ops/s)   Net(M/s)   Get_miss   Min(us)  Max(us)    Avg(us)    Std_dev    Geo_dist  
Period   1        21041        21041        2.9        0          219      14107      2038       2340.96    1307.67
Global   40       855750       21393        2.9        0          164      25646      1993       2326.92    1276.48

Set Statistics
Type     Time(s)  Ops          TPS(ops/s)   Net(M/s)   Get_miss   Min(us)  Max(us)    Avg(us)    Std_dev    Geo_dist  
Period   1        214          214          0.0        0          332      9116       2147       2383.66    1382.98
Global   40       8668         216          0.0        0          243      18791      2052       2375.24    1307.74

Total Statistics
Type     Time(s)  Ops          TPS(ops/s)   Net(M/s)   Get_miss   Min(us)  Max(us)    Avg(us)    Std_dev    Geo_dist  
Period   1        21255        21255        3.0        0          219      14107      2039       2341.45    1308.41
Global   40       864418       21610        2.9        0          164      25646      1994       2327.07    1276.79

[1;1H[2J
Get Statistics
Type     Time(s)  Ops          TPS(ops/s)   Net(M/s)   Get_miss   Min(us)  Max(us)    Avg(us)    Std_dev    Geo_dist  
Period   1        20727        20727        2.9        0          199      14484      2067       2350.35    1335.71
Global   41       876477       21377        2.8        0          164      25646      1995       2327.29    1277.85

Set Statistics
Type     Time(s)  Ops          TPS(ops/s)   Net(M/s)   Get_miss   Min(us)  Max(us)    Avg(us)    Std_dev    Geo_dist  
Period   1        209          209          0.0        0          334      8575       2161       2385.53    1385.20
Global   41       8877         216          0.0        0          243      18791      2054       2375.89    1309.52

Total Statistics
Type     Time(s)  Ops          TPS(ops/s)   Net(M/s)   Get_miss   Min(us)  Max(us)    Avg(us)    Std_dev    Geo_dist  
Period   1        20947        20947        3.0        0          199      14484      2071       2355.65    1337.53
Global   41       885365       21594        2.9        0          164      25646      1996       2327.63    1278.20

[1;1H[2J
Get Statistics
Type     Time(s)  Ops          TPS(ops/s)   Net(M/s)   Get_miss   Min(us)  Max(us)    Avg(us)    Std_dev    Geo_dist  
Period   1        21237        21237        2.9        0          173      13062      2028       2402.99    1281.16
Global   42       897714       21374        2.9        0          164      25646      1996       2329.13    1278.07

Set Statistics
Type     Time(s)  Ops          TPS(ops/s)   Net(M/s)   Get_miss   Min(us)  Max(us)    Avg(us)    Std_dev    Geo_dist  
Period   1        210          210          0.0        0          357      11558      1807       2241.82    1193.70
Global   42       9087         216          0.0        0          243      18791      2049       2372.44    1306.72

Total Statistics
Type     Time(s)  Ops          TPS(ops/s)   Net(M/s)   Get_miss   Min(us)  Max(us)    Avg(us)    Std_dev    Geo_dist  
Period   1        21438        21438        3.0        0          173      13062      2027       2401.41    1284.95
Global   42       906803       21590        2.9        0          164      25646      1996       2330.03    1278.36

[1;1H[2J
Get Statistics
Type     Time(s)  Ops          TPS(ops/s)   Net(M/s)   Get_miss   Min(us)  Max(us)    Avg(us)    Std_dev    Geo_dist  
Period   1        20947        20947        2.9        0          232      16332      2023       2353.24    1289.39
Global   43       918661       21364        2.9        0          164      25646      1996       2330.22    1278.34

Set Statistics
Type     Time(s)  Ops          TPS(ops/s)   Net(M/s)   Get_miss   Min(us)  Max(us)    Avg(us)    Std_dev    Geo_dist  
Period   1        215          215          0.0        0          267      9265       1753       2147.76    1155.00
Global   43       9302         216          0.0        0          243      18791      2042       2367.94    1303.00

Total Statistics
Type     Time(s)  Ops          TPS(ops/s)   Net(M/s)   Get_miss   Min(us)  Max(us)    Avg(us)    Std_dev    Geo_dist  
Period   1        21161        21161        3.0        0          232      16332      2020       2352.32    1288.09
Global   43       927964       21580        2.9        0          164      25646      1997       2330.15    1278.59

[1;1H[2J
Get Statistics
Type     Time(s)  Ops          TPS(ops/s)   Net(M/s)   Get_miss   Min(us)  Max(us)    Avg(us)    Std_dev    Geo_dist  
Period   1        19853        19853        2.9        0          212      26654      2160       2695.46    1358.28
Global   44       938514       21329        2.7        0          164      26654      2000       2338.21    1279.99

Set Statistics
Type     Time(s)  Ops          TPS(ops/s)   Net(M/s)   Get_miss   Min(us)  Max(us)    Avg(us)    Std_dev    Geo_dist  
Period   1        199          199          0.0        0          431      11585      2175       2462.32    1417.11
Global   44       9501         215          0.0        0          243      18791      2045       2369.71    1305.29

Total Statistics
Type     Time(s)  Ops          TPS(ops/s)   Net(M/s)   Get_miss   Min(us)  Max(us)    Avg(us)    Std_dev    Geo_dist  
Period   1        20066        20066        3.0        0          212      26654      2160       2693.35    1359.21
Global   44       948030       21546        2.8        0          164      26654      2000       2338.94    1280.25

[1;1H[2J
Get Statistics
Type     Time(s)  Ops          TPS(ops/s)   Net(M/s)   Get_miss   Min(us)  Max(us)    Avg(us)    Std_dev    Geo_dist  
Period   1        21342        21342        2.9        0          197      13966      2003       2282.40    1282.77
Global   45       959856       21330        2.9        0          164      26654      2000       2337.10    1280.21

Set Statistics
Type     Time(s)  Ops          TPS(ops/s)   Net(M/s)   Get_miss   Min(us)  Max(us)    Avg(us)    Std_dev    Geo_dist  
Period   1        219          219          0.0        0          233      9459       2390       2511.58    1515.02
Global   45       9720         216          0.0        0          233      18791      2052       2374.08    1309.68

Total Statistics
Type     Time(s)  Ops          TPS(ops/s)   Net(M/s)   Get_miss   Min(us)  Max(us)    Avg(us)    Std_dev    Geo_dist  
Period   1        21548        21548        3.0        0          197      13966      2008       2285.52    1291.44
Global   45       969578       21546        3.0        0          164      26654      2001       2337.06    1280.50

[1;1H[2J
Get Statistics
Type     Time(s)  Ops          TPS(ops/s)   Net(M/s)   Get_miss   Min(us)  Max(us)    Avg(us)    Std_dev    Geo_dist  
Period   1        20383        20383        2.9        0          209      17703      2080       2401.21    1325.21
Global   46       980239       21309        2.8        0          164      26654      2002       2338.19    1281.15

Set Statistics
Type     Time(s)  Ops          TPS(ops/s)   Net(M/s)   Get_miss   Min(us)  Max(us)    Avg(us)    Std_dev    Geo_dist  
Period   1        203          203          0.0        0          333      10869      2033       2380.92    1307.78
Global   46       9923         215          0.0        0          233      18791      2052       2373.77    1309.64

Total Statistics
Type     Time(s)  Ops          TPS(ops/s)   Net(M/s)   Get_miss   Min(us)  Max(us)    Avg(us)    Std_dev    Geo_dist  
Period   1        20585        20585        3.0        0          209      17703      2080       2401.10    1326.06
Global   46       990163       21525        2.8        0          164      26654      2002       2338.99    1281.43

[1;1H[2J
Get Statistics
Type     Time(s)  Ops          TPS(ops/s)   Net(M/s)   Get_miss   Min(us)  Max(us)    Avg(us)    Std_dev    Geo_dist  
Period   1        20654        20654        2.9        0          189      17421      2072       2389.96    1338.28
Global   47       1000893      21295        2.8        0          164      26654      2003       2339.68    1282.31

Set Statistics
Type     Time(s)  Ops          TPS(ops/s)   Net(M/s)   Get_miss   Min(us)  Max(us)    Avg(us)    Std_dev    Geo_dist  
Period   1        208          208          0.0        0          321      13685      2062       2420.62    1320.04
Global   47       10131        215          0.0        0          233      18791      2052       2374.80    1309.85

Total Statistics
Type     Time(s)  Ops          TPS(ops/s)   Net(M/s)   Get_miss   Min(us)  Max(us)    Avg(us)    Std_dev    Geo_dist  
Period   1        20862        20862        3.0        0          189      17421      2072       2390.57    1338.66
Global   47       1011025      21511        2.9        0          164      26654      2004       2339.61    1282.59

[1;1H[2J
Get Statistics
Type     Time(s)  Ops          TPS(ops/s)   Net(M/s)   Get_miss   Min(us)  Max(us)    Avg(us)    Std_dev    Geo_dist  
Period   1        20232        20232        2.9        0          196      14859      2117       2426.24    1342.00
Global   48       1021125      21273        2.8        0          164      26654      2005       2341.71    1283.48

Set Statistics
Type     Time(s)  Ops          TPS(ops/s)   Net(M/s)   Get_miss   Min(us)  Max(us)    Avg(us)    Std_dev    Geo_dist  
Period   1        201          201          0.0        0          370      13287      2500       2809.94    1510.60
Global   48       10332        215          0.0        0          233      18791      2061       2384.42    1313.49

Total Statistics
Type     Time(s)  Ops          TPS(ops/s)   Net(M/s)   Get_miss   Min(us)  Max(us)    Avg(us)    Std_dev    Geo_dist  
Period   1        20432        20432        3.0        0          196      14859      2121       2429.97    1343.46
Global   48       1031457      21488        2.8        0          164      26654      2006       2341.77    1283.78

[1;1H[2J
Get Statistics
Type     Time(s)  Ops          TPS(ops/s)   Net(M/s)   Get_miss   Min(us)  Max(us)    Avg(us)    Std_dev    Geo_dist  
Period   1        21354        21354        2.9        0          227      15803      2008       2404.90    1265.87
Global   49       1042479      21275        2.9        0          164      26654      2005       2343.07    1283.12

Set Statistics
Type     Time(s)  Ops          TPS(ops/s)   Net(M/s)   Get_miss   Min(us)  Max(us)    Avg(us)    Std_dev    Geo_dist  
Period   1        222          222          0.0        0          375      11711      1986       2391.87    1282.84
Global   49       10554        215          0.0        0          233      18791      2059       2384.85    1312.84

Total Statistics
Type     Time(s)  Ops          TPS(ops/s)   Net(M/s)   Get_miss   Min(us)  Max(us)    Avg(us)    Std_dev    Geo_dist  
Period   1        21578        21578        3.0        0          227      15803      2008       2405.00    1266.23
Global   49       1053035      21490        3.0        0          164      26654      2006       2343.12    1283.42

[1;1H[2J
Get Statistics
Type     Time(s)  Ops          TPS(ops/s)   Net(M/s)   Get_miss   Min(us)  Max(us)    Avg(us)    Std_dev    Geo_dist  
Period   1        21076        21076        2.9        0          228      12057      2040       2373.78    1303.05
Global   50       1063555      21271        2.9        0          164      26654      2006       2343.43    1283.52

Set Statistics
Type     Time(s)  Ops          TPS(ops/s)   Net(M/s)   Get_miss   Min(us)  Max(us)    Avg(us)    Std_dev    Geo_dist  
Period   1        209          209          0.0        0          382      9187       2104       2579.67    1270.52
Global   50       10763        215          0.0        0          233      18791      2060       2388.55    1312.00

Total Statistics
Type     Time(s)  Ops          TPS(ops/s)   Net(M/s)   Get_miss   Min(us)  Max(us)    Avg(us)    Std_dev    Geo_dist  
Period   1        21285        21285        3.0        0          228      12057      2041       2375.18    1302.99
Global   50       1074320      21486        2.9        0          164      26654      2007       2343.50    1283.80

[1;1H[2J
Get Statistics
Type     Time(s)  Ops          TPS(ops/s)   Net(M/s)   Get_miss   Min(us)  Max(us)    Avg(us)    Std_dev    Geo_dist  
Period   1        20338        20338        2.9        0          202      13263      2086       2322.50    1358.03
Global   51       1083893      21252        2.8        0          164      26654      2008       2342.64    1284.89

Set Statistics
Type     Time(s)  Ops          TPS(ops/s)   Net(M/s)   Get_miss   Min(us)  Max(us)    Avg(us)    Std_dev    Geo_dist  
Period   1        206          206          0.0        0          388      11375      2198       2380.38    1454.14
Global   51       10969        215          0.0        0          233      18791      2063       2388.01    1314.54

Total Statistics
Type     Time(s)  Ops          TPS(ops/s)   Net(M/s)   Get_miss   Min(us)  Max(us)    Avg(us)    Std_dev    Geo_dist  
Period   1        20542        20542        2.9        0          202      13263      2088       2322.46    1359.48
Global   51       1094862      21467        2.8        0          164      26654      2008       2343.57    1285.18

[1;1H[2J
Get Statistics
Type     Time(s)  Ops          TPS(ops/s)   Net(M/s)   Get_miss   Min(us)  Max(us)    Avg(us)    Std_dev    Geo_dist  
Period   1        20110        20110        2.9        0          209      19674      2107       2491.25    1316.96
Global   52       1104003      21230        2.8        0          164      26654      2009       2346.15    1285.46

Set Statistics
Type     Time(s)  Ops          TPS(ops/s)   Net(M/s)   Get_miss   Min(us)  Max(us)    Avg(us)    Std_dev    Geo_dist  
Period   1        206          206          0.0        0          413      9779       2014       2415.49    1272.11
Global   52       11175        214          0.0        0          233      18791      2062       2388.51    1313.75

Total Statistics
Type     Time(s)  Ops          TPS(ops/s)   Net(M/s)   Get_miss   Min(us)  Max(us)    Avg(us)    Std_dev    Geo_dist  
Period   1        20316        20316        2.9        0          209      19674      2106       2490.50    1316.50
Global   52       1115178      21445        2.8        0          164      26654      2010       2346.18    1285.75

[1;1H[2J
Get Statistics
Type     Time(s)  Ops          TPS(ops/s)   Net(M/s)   Get_miss   Min(us)  Max(us)    Avg(us)    Std_dev    Geo_dist  
Period   1        20632        20632        2.9        0          167      19155      2063       2402.97    1320.00
Global   53       1124635      21219        2.8        0          164      26654      2010       2347.21    1286.09

Set Statistics
Type     Time(s)  Ops          TPS(ops/s)   Net(M/s)   Get_miss   Min(us)  Max(us)    Avg(us)    Std_dev    Geo_dist  
Period   1        205          205          0.0        0          318      13639      2209       2611.09    1367.94
Global   53       11380        214          0.0        0          233      18791      2064       2393.21    1314.70

Total Statistics
Type     Time(s)  Ops          TPS(ops/s)   Net(M/s)   Get_miss   Min(us)  Max(us)    Avg(us)    Std_dev    Geo_dist  
Period   1        20837        20837        2.9        0          167      19155      2064       2405.46    1320.47
Global   53       1136015      21434        2.9        0          164      26654      2011       2347.29    1286.37

[1;1H[2J
Get Statistics
Type     Time(s)  Ops          TPS(ops/s)   Net(M/s)   Get_miss   Min(us)  Max(us)    Avg(us)    Std_dev    Geo_dist  
Period   1        20813        20813        2.9        0          212      22210      2043       2348.05    1329.29
Global   54       1145448      21212        2.9        0          164      26654      2011       2346.88    1286.86

Set Statistics
Type     Time(s)  Ops          TPS(ops/s)   Net(M/s)   Get_miss   Min(us)  Max(us)    Avg(us)    Std_dev    Geo_dist  
Period   1        213          213          0.0        0          385      10192      2344       2559.94    1491.88
Global   54       11593        214          0.0        0          233      18791      2070       2395.82    1317.76

Total Statistics
Type     Time(s)  Ops          TPS(ops/s)   Net(M/s)   Get_miss   Min(us)  Max(us)    Avg(us)    Std_dev    Geo_dist  
Period   1        21026        21026        2.9        0          212      22210      2046       2350.47    1330.84
Global   54       1157041      21426        2.9        0          164      26654      2012       2347.04    1287.17

[1;1H[2J
Get Statistics
Type     Time(s)  Ops          TPS(ops/s)   Net(M/s)   Get_miss   Min(us)  Max(us)    Avg(us)    Std_dev    Geo_dist  
Period   1        19630        19630        2.9        0          190      23619      2173       2559.62    1374.01
Global   55       1165078      21183        2.7        0          164      26654      2014       2350.49    1288.28

Set Statistics
Type     Time(s)  Ops          TPS(ops/s)   Net(M/s)   Get_miss   Min(us)  Max(us)    Avg(us)    Std_dev    Geo_dist  
Period   1        196          196          0.0        0          289      11043      2223       2372.34    1452.04
Global   55       11789        214          0.0        0          233      18791      2072       2395.88    1319.89

Total Statistics
Type     Time(s)  Ops          TPS(ops/s)   Net(M/s)   Get_miss   Min(us)  Max(us)    Avg(us)    Std_dev    Geo_dist  
Period   1        19826        19826        2.9        0          190      23619      2174       2557.36    1374.76
Global   55       1176867      21397        2.7        0          164      26654      2014       2351.45    1288.60

[1;1H[2J
Get Statistics
Type     Time(s)  Ops          TPS(ops/s)   Net(M/s)   Get_miss   Min(us)  Max(us)    Avg(us)    Std_dev    Geo_dist  
Period   1        21096        21096        2.9        0          194      20119      2025       2437.78    1282.78
Global   56       1186174      21181        2.9        0          164      26654      2014       2352.24    1288.19

Set Statistics
Type     Time(s)  Ops          TPS(ops/s)   Net(M/s)   Get_miss   Min(us)  Max(us)    Avg(us)    Std_dev    Geo_dist  
Period   1        213          213          0.0        0          400      13268      1798       2189.78    1195.28
Global   56       12002        214          0.0        0          233      18791      2067       2392.69    1317.57

Total Statistics
Type     Time(s)  Ops          TPS(ops/s)   Net(M/s)   Get_miss   Min(us)  Max(us)    Avg(us)    Std_dev    Geo_dist  
Period   1        21313        21313        2.9        0          194      20119      2022       2435.77    1281.89
Global   56       1198180      21396        2.9        0          164      26654      2015       2352.24    1288.48

[1;1H[2J
Get Statistics
Type     Time(s)  Ops          TPS(ops/s)   Net(M/s)   Get_miss   Min(us)  Max(us)    Avg(us)    Std_dev    Geo_dist  
Period   1        20913        20913        2.9        0          176      11613      2027       2321.95    1297.18
Global   57       1207087      21176        2.9        0          164      26654      2014       2351.91    1288.36

Set Statistics
Type     Time(s)  Ops          TPS(ops/s)   Net(M/s)   Get_miss   Min(us)  Max(us)    Avg(us)    Std_dev    Geo_dist  
Period   1        214          214          0.0        0          336      9311       1965       2187.79    1310.09
Global   57       12216        214          0.0        0          233      18791      2066       2388.52    1317.44

Total Statistics
Type     Time(s)  Ops          TPS(ops/s)   Net(M/s)   Get_miss   Min(us)  Max(us)    Avg(us)    Std_dev    Geo_dist  
Period   1        21123        21123        2.9        0          176      11613      2026       2321.28    1298.63
Global   57       1219303      21391        2.9        0          164      26654      2015       2351.87    1288.65

[1;1H[2J
Get Statistics
Type     Time(s)  Ops          TPS(ops/s)   Net(M/s)   Get_miss   Min(us)  Max(us)    Avg(us)    Std_dev    Geo_dist  
Period   1        21409        21409        2.9        0          198      16260      2001       2298.79    1286.05
Global   58       1228496      21180        2.9        0          164      26654      2014       2350.80    1288.32

Set Statistics
Type     Time(s)  Ops          TPS(ops/s)   Net(M/s)   Get_miss   Min(us)  Max(us)    Avg(us)    Std_dev    Geo_dist  
Period   1        217          217          0.0        0          291      9364       1879       2240.74    1213.64
Global   58       12433        214          0.0        0          233      18791      2062       2386.70    1315.55

Total Statistics
Type     Time(s)  Ops          TPS(ops/s)   Net(M/s)   Get_miss   Min(us)  Max(us)    Avg(us)    Std_dev    Geo_dist  
Period   1        21628        21628        2.9        0          198      16260      2000       2298.01    1285.41
Global   58       1240931      21395        3.0        0          164      26654      2014       2351.58    1288.60

[1;1H[2J
Get Statistics
Type     Time(s)  Ops          TPS(ops/s)   Net(M/s)   Get_miss   Min(us)  Max(us)    Avg(us)    Std_dev    Geo_dist  
Period   1        20334        20334        2.9        0          163      19670      2086       2493.57    1309.66
Global   59       1248830      21166        2.8        0          163      26654      2015       2353.36    1288.69

Set Statistics
Type     Time(s)  Ops          TPS(ops/s)   Net(M/s)   Get_miss   Min(us)  Max(us)    Avg(us)    Std_dev    Geo_dist  
Period   1        203          203          0.0        0          347      16783      2085       2517.72    1339.82
Global   59       12636        214          0.0        0          233      18791      2063       2388.21    1315.94

Total Statistics
Type     Time(s)  Ops          TPS(ops/s)   Net(M/s)   Get_miss   Min(us)  Max(us)    Avg(us)    Std_dev    Geo_dist  
Period   1        20535        20535        2.9        0          163      19670      2086       2493.85    1310.36
Global   59       1261466      21380        2.8        0          163      26654      2016       2353.27    1288.96

[1;1H[2J
Get Statistics
Type     Time(s)  Ops          TPS(ops/s)   Net(M/s)   Get_miss   Min(us)  Max(us)    Avg(us)    Std_dev    Geo_dist  
Period   1        20161        20161        2.9        0          183      21012      2128       2469.53    1337.39
Global   60       1268991      21149        2.8        0          163      26654      2017       2355.12    1289.44

Set Statistics
Type     Time(s)  Ops          TPS(ops/s)   Net(M/s)   Get_miss   Min(us)  Max(us)    Avg(us)    Std_dev    Geo_dist  
Period   1        198          198          0.0        0          330      12928      2037       2443.03    1313.85
Global   60       12834        213          0.0        0          233      18791      2062       2389.49    1315.90

Total Statistics
Type     Time(s)  Ops          TPS(ops/s)   Net(M/s)   Get_miss   Min(us)  Max(us)    Avg(us)    Std_dev    Geo_dist  
Period   1        20359        20359        2.9        0          183      21012      2118       2464.17    1321.64
Global   60       1281825      21363        2.8        0          163      26654      2017       2355.85    1289.71

Get Statistics (1269034 events)
   Min:       163
   Max:     26654
   Avg:      2017
   Geo:   1289.47
   Std:   2355.15
   Log2 Dist:
       8:      663    77481   586996   338252
      12:    63491   179809    21856      486

Set Statistics (12834 events)
   Min:       233
   Max:     18791
   Avg:      2062
   Geo:   1315.90
   Std:   2389.49
   Log2 Dist:
       8:        2      751     5798     3499
      12:      676     1846      258        4

Total Statistics (1281868 events)
   Min:       163
   Max:     26654
   Avg:      2017
   Geo:   1289.73
   Std:   2355.88
   Log2 Dist:
       8:      665    78232   592794   341751
      12:    64167   181655    22114      490

cmd_get: 1269076
cmd_set: 12835
get_misses: 0
written_bytes: 29972188
read_bytes: 209493282
object_bytes: 1848240

Run time: 60.5s Ops: 1281911 TPS: 21193 Net_rate: 3.8M/s
