servers : 10.0.0.5:9000
threads count: 1
concurrency: 1
run time: 60s
windows size: 10k
set proportion: set_prop=0.01
get proportion: get_prop=0.99
[1;1H[2J
Get Statistics
Type     Time(s)  Ops          TPS(ops/s)   Net(M/s)   Get_miss   Min(us)  Max(us)    Avg(us)    Std_dev    Geo_dist  
Period   1        1635         1635         0.2        0          147      7695       604        409.05     520.09
Global   1        1635         1635         0.2        0          147      7695       604        409.05     520.09

Set Statistics
Type     Time(s)  Ops          TPS(ops/s)   Net(M/s)   Get_miss   Min(us)  Max(us)    Avg(us)    Std_dev    Geo_dist  
Period   1        17           17           0.0        0          213      1464       614        360.91     528.00
Global   1        17           17           0.0        0          213      1464       614        360.91     528.00

Total Statistics
Type     Time(s)  Ops          TPS(ops/s)   Net(M/s)   Get_miss   Min(us)  Max(us)    Avg(us)    Std_dev    Geo_dist  
Period   1        1652         1652         0.2        0          147      7695       604        408.64     520.17
Global   1        1652         1652         0.2        0          147      7695       604        408.64     520.17

[1;1H[2J
Get Statistics
Type     Time(s)  Ops          TPS(ops/s)   Net(M/s)   Get_miss   Min(us)  Max(us)    Avg(us)    Std_dev    Geo_dist  
Period   1        1538         1538         0.2        0          163      5120       644        444.91     547.17
Global   2        3173         1586         0.2        0          147      7695       623        427.77     533.04

Set Statistics
Type     Time(s)  Ops          TPS(ops/s)   Net(M/s)   Get_miss   Min(us)  Max(us)    Avg(us)    Std_dev    Geo_dist  
Period   1        16           16           0.0        0          246      988        566        214.32     528.31
Global   2        33           16           0.0        0          213      1464       591        294.82     528.15

Total Statistics
Type     Time(s)  Ops          TPS(ops/s)   Net(M/s)   Get_miss   Min(us)  Max(us)    Avg(us)    Std_dev    Geo_dist  
Period   1        1554         1554         0.2        0          163      5120       643        443.47     546.97
Global   2        3206         1603         0.2        0          147      7695       623        426.12     532.99

[1;1H[2J
Get Statistics
Type     Time(s)  Ops          TPS(ops/s)   Net(M/s)   Get_miss   Min(us)  Max(us)    Avg(us)    Std_dev    Geo_dist  
Period   1        1706         1706         0.2        0          151      4108       579        368.86     498.07
Global   3        4879         1626         0.2        0          147      7695       608        408.07     520.54

Set Statistics
Type     Time(s)  Ops          TPS(ops/s)   Net(M/s)   Get_miss   Min(us)  Max(us)    Avg(us)    Std_dev    Geo_dist  
Period   1        17           17           0.0        0          235      1327       647        349.08     559.30
Global   3        50           16           0.0        0          213      1464       610        311.96     538.54

Total Statistics
Type     Time(s)  Ops          TPS(ops/s)   Net(M/s)   Get_miss   Min(us)  Max(us)    Avg(us)    Std_dev    Geo_dist  
Period   1        1723         1723         0.2        0          151      4108       579        369.68     498.64
Global   3        4929         1643         0.2        0          147      7695       608        407.21     520.72

[1;1H[2J
Get Statistics
Type     Time(s)  Ops          TPS(ops/s)   Net(M/s)   Get_miss   Min(us)  Max(us)    Avg(us)    Std_dev    Geo_dist  
Period   1        1564         1564         0.2        0          172      2741       631        385.33     546.50
Global   4        6443         1610         0.2        0          147      7695       613        403.64     526.73

Set Statistics
Type     Time(s)  Ops          TPS(ops/s)   Net(M/s)   Get_miss   Min(us)  Max(us)    Avg(us)    Std_dev    Geo_dist  
Period   1        16           16           0.0        0          347      1545       698        369.26     620.35
Global   4        66           16           0.0        0          213      1545       631        326.65     557.32

Total Statistics
Type     Time(s)  Ops          TPS(ops/s)   Net(M/s)   Get_miss   Min(us)  Max(us)    Avg(us)    Std_dev    Geo_dist  
Period   1        1580         1580         0.2        0          172      2741       632        384.59     547.20
Global   4        6509         1627         0.2        0          147      7695       614        401.67     527.03

[1;1H[2J
Get Statistics
Type     Time(s)  Ops          TPS(ops/s)   Net(M/s)   Get_miss   Min(us)  Max(us)    Avg(us)    Std_dev    Geo_dist  
Period   1        1589         1589         0.2        0          156      6889       621        441.35     528.33
Global   5        8032         1606         0.2        0          147      7695       615        410.74     527.04

Set Statistics
Type     Time(s)  Ops          TPS(ops/s)   Net(M/s)   Get_miss   Min(us)  Max(us)    Avg(us)    Std_dev    Geo_dist  
Period   1        16           16           0.0        0          230      3155       722        717.90     549.18
Global   5        82           16           0.0        0          213      3155       649        426.69     555.73

Total Statistics
Type     Time(s)  Ops          TPS(ops/s)   Net(M/s)   Get_miss   Min(us)  Max(us)    Avg(us)    Std_dev    Geo_dist  
Period   1        1605         1605         0.2        0          156      6889       622        444.72     528.53
Global   5        8114         1622         0.2        0          147      7695       615        411.40     527.33

[1;1H[2J
Get Statistics
Type     Time(s)  Ops          TPS(ops/s)   Net(M/s)   Get_miss   Min(us)  Max(us)    Avg(us)    Std_dev    Geo_dist  
Period   1        1663         1663         0.2        0          177      7553       595        383.03     518.27
Global   6        9695         1615         0.2        0          147      7695       612        405.52     525.53

Set Statistics
Type     Time(s)  Ops          TPS(ops/s)   Net(M/s)   Get_miss   Min(us)  Max(us)    Avg(us)    Std_dev    Geo_dist  
Period   1        16           16           0.0        0          222      941        458        203.30     420.63
Global   6        98           16           0.0        0          213      3155       618        404.02     531.02

Total Statistics
Type     Time(s)  Ops          TPS(ops/s)   Net(M/s)   Get_miss   Min(us)  Max(us)    Avg(us)    Std_dev    Geo_dist  
Period   1        1679         1679         0.2        0          177      7553       594        381.44     517.24
Global   6        9793         1632         0.2        0          147      7695       612        405.58     525.58

[1;1H[2J
Get Statistics
Type     Time(s)  Ops          TPS(ops/s)   Net(M/s)   Get_miss   Min(us)  Max(us)    Avg(us)    Std_dev    Geo_dist  
Period   1        1605         1605         0.2        0          149      4932       618        429.60     522.71
Global   7        11300        1614         0.2        0          147      7695       612        410.29     525.13

Set Statistics
Type     Time(s)  Ops          TPS(ops/s)   Net(M/s)   Get_miss   Min(us)  Max(us)    Avg(us)    Std_dev    Geo_dist  
Period   1        17           17           0.0        0          194      811        443        182.01     409.23
Global   7        115          16           0.0        0          194      3155       592        384.17     510.96

Total Statistics
Type     Time(s)  Ops          TPS(ops/s)   Net(M/s)   Get_miss   Min(us)  Max(us)    Avg(us)    Std_dev    Geo_dist  
Period   1        1622         1622         0.2        0          149      4932       616        428.33     521.37
Global   7        11415        1630         0.2        0          147      7695       612        409.72     524.98

[1;1H[2J
Get Statistics
Type     Time(s)  Ops          TPS(ops/s)   Net(M/s)   Get_miss   Min(us)  Max(us)    Avg(us)    Std_dev    Geo_dist  
Period   1        1649         1649         0.2        0          160      4704       598        440.21     496.01
Global   8        12949        1618         0.2        0          147      7695       611        413.07     521.32

Set Statistics
Type     Time(s)  Ops          TPS(ops/s)   Net(M/s)   Get_miss   Min(us)  Max(us)    Avg(us)    Std_dev    Geo_dist  
Period   1        16           16           0.0        0          346      2217       709        494.65     607.46
Global   8        131          16           0.0        0          194      3155       606        399.36     521.87

Total Statistics
Type     Time(s)  Ops          TPS(ops/s)   Net(M/s)   Get_miss   Min(us)  Max(us)    Avg(us)    Std_dev    Geo_dist  
Period   1        1665         1665         0.2        0          160      4704       599        440.82     496.97
Global   8        13080        1635         0.2        0          147      7695       611        412.85     521.33

[1;1H[2J
Get Statistics
Type     Time(s)  Ops          TPS(ops/s)   Net(M/s)   Get_miss   Min(us)  Max(us)    Avg(us)    Std_dev    Geo_dist  
Period   1        1631         1631         0.2        0          164      4815       604        394.31     521.10
Global   9        14580        1620         0.2        0          147      7695       610        411.33     521.30

Set Statistics
Type     Time(s)  Ops          TPS(ops/s)   Net(M/s)   Get_miss   Min(us)  Max(us)    Avg(us)    Std_dev    Geo_dist  
Period   1        17           17           0.0        0          275      2050       764        471.13     665.26
Global   9        148          16           0.0        0          194      3155       624        409.81     536.63

Total Statistics
Type     Time(s)  Ops          TPS(ops/s)   Net(M/s)   Get_miss   Min(us)  Max(us)    Avg(us)    Std_dev    Geo_dist  
Period   1        1648         1648         0.2        0          164      4815       606        394.80     522.41
Global   9        14728        1636         0.2        0          147      7695       610        411.51     521.45

[1;1H[2J
Get Statistics
Type     Time(s)  Ops          TPS(ops/s)   Net(M/s)   Get_miss   Min(us)  Max(us)    Avg(us)    Std_dev    Geo_dist  
Period   1        1688         1688         0.2        0          166      4402       585        351.30     512.62
Global   10       16268        1626         0.2        0          147      7695       607        406.18     520.39

Set Statistics
Type     Time(s)  Ops          TPS(ops/s)   Net(M/s)   Get_miss   Min(us)  Max(us)    Avg(us)    Std_dev    Geo_dist  
Period   1        17           17           0.0        0          249      1251       612        309.90     547.78
Global   10       165          16           0.0        0          194      3155       623        399.53     537.76

Total Statistics
Type     Time(s)  Ops          TPS(ops/s)   Net(M/s)   Get_miss   Min(us)  Max(us)    Avg(us)    Std_dev    Geo_dist  
Period   1        1705         1705         0.2        0          166      4402       586        349.62     512.96
Global   10       16433        1643         0.2        0          147      7695       607        406.35     520.56

[1;1H[2J
Get Statistics
Type     Time(s)  Ops          TPS(ops/s)   Net(M/s)   Get_miss   Min(us)  Max(us)    Avg(us)    Std_dev    Geo_dist  
Period   1        1661         1661         0.2        0          160      4934       595        379.99     517.44
Global   11       17929        1629         0.2        0          147      7695       606        403.66     520.12

Set Statistics
Type     Time(s)  Ops          TPS(ops/s)   Net(M/s)   Get_miss   Min(us)  Max(us)    Avg(us)    Std_dev    Geo_dist  
Period   1        17           17           0.0        0          188      1330       589        318.33     521.11
Global   11       182          16           0.0        0          188      3155       620        391.75     536.19

Total Statistics
Type     Time(s)  Ops          TPS(ops/s)   Net(M/s)   Get_miss   Min(us)  Max(us)    Avg(us)    Std_dev    Geo_dist  
Period   1        1678         1678         0.2        0          160      4934       595        379.24     517.48
Global   11       18111        1646         0.2        0          147      7695       606        403.75     520.28

[1;1H[2J
Get Statistics
Type     Time(s)  Ops          TPS(ops/s)   Net(M/s)   Get_miss   Min(us)  Max(us)    Avg(us)    Std_dev    Geo_dist  
Period   1        1590         1590         0.2        0          168      4729       622        414.83     534.48
Global   12       19519        1626         0.2        0          147      7695       607        405.05     521.27

Set Statistics
Type     Time(s)  Ops          TPS(ops/s)   Net(M/s)   Get_miss   Min(us)  Max(us)    Avg(us)    Std_dev    Geo_dist  
Period   1        16           16           0.0        0          202      1366       576        276.89     522.65
Global   12       198          16           0.0        0          188      3155       616        384.10     535.08

Total Statistics
Type     Time(s)  Ops          TPS(ops/s)   Net(M/s)   Get_miss   Min(us)  Max(us)    Avg(us)    Std_dev    Geo_dist  
Period   1        1606         1606         0.2        0          168      4729       622        412.96     534.36
Global   12       19717        1643         0.2        0          147      7695       608        403.47     521.41

[1;1H[2J
Get Statistics
Type     Time(s)  Ops          TPS(ops/s)   Net(M/s)   Get_miss   Min(us)  Max(us)    Avg(us)    Std_dev    Geo_dist  
Period   1        1704         1704         0.2        0          151      3127       581        370.06     501.09
Global   13       21223        1632         0.2        0          147      7695       605        402.28     519.62

Set Statistics
Type     Time(s)  Ops          TPS(ops/s)   Net(M/s)   Get_miss   Min(us)  Max(us)    Avg(us)    Std_dev    Geo_dist  
Period   1        17           17           0.0        0          189      1151       505        280.79     445.24
Global   13       215          16           0.0        0          188      3155       607        378.00     527.36

Total Statistics
Type     Time(s)  Ops          TPS(ops/s)   Net(M/s)   Get_miss   Min(us)  Max(us)    Avg(us)    Std_dev    Geo_dist  
Period   1        1721         1721         0.2        0          151      3127       580        369.69     500.51
Global   13       21438        1649         0.2        0          147      7695       605        402.06     519.70

[1;1H[2J
Get Statistics
Type     Time(s)  Ops          TPS(ops/s)   Net(M/s)   Get_miss   Min(us)  Max(us)    Avg(us)    Std_dev    Geo_dist  
Period   1        1695         1695         0.2        0          157      7646       580        423.04     501.50
Global   14       22918        1637         0.2        0          147      7695       603        404.12     518.26

Set Statistics
Type     Time(s)  Ops          TPS(ops/s)   Net(M/s)   Get_miss   Min(us)  Max(us)    Avg(us)    Std_dev    Geo_dist  
Period   1        17           17           0.0        0          266      2545       779        681.55     597.29
Global   14       232          16           0.0        0          188      3155       620        407.51     532.19

Total Statistics
Type     Time(s)  Ops          TPS(ops/s)   Net(M/s)   Get_miss   Min(us)  Max(us)    Avg(us)    Std_dev    Geo_dist  
Period   1        1712         1712         0.2        0          157      7646       582        426.49     502.37
Global   14       23150        1653         0.2        0          147      7695       604        402.91     518.40

[1;1H[2J
Get Statistics
Type     Time(s)  Ops          TPS(ops/s)   Net(M/s)   Get_miss   Min(us)  Max(us)    Avg(us)    Std_dev    Geo_dist  
Period   1        1816         1816         0.2        0          133      3299       545        359.95     460.26
Global   15       24734        1648         0.2        0          133      7695       599        400.94     513.76

Set Statistics
Type     Time(s)  Ops          TPS(ops/s)   Net(M/s)   Get_miss   Min(us)  Max(us)    Avg(us)    Std_dev    Geo_dist  
Period   1        18           18           0.0        0          167      1550       465        332.56     390.56
Global   15       250          16           0.0        0          167      3155       609        403.77     520.47

Total Statistics
Type     Time(s)  Ops          TPS(ops/s)   Net(M/s)   Get_miss   Min(us)  Max(us)    Avg(us)    Std_dev    Geo_dist  
Period   1        1834         1834         0.2        0          133      3299       544        360.02     459.52
Global   15       24984        1665         0.3        0          133      7695       599        401.11     513.83

[1;1H[2J
Get Statistics
Type     Time(s)  Ops          TPS(ops/s)   Net(M/s)   Get_miss   Min(us)  Max(us)    Avg(us)    Std_dev    Geo_dist  
Period   1        1640         1640         0.2        0          157      6049       601        394.69     522.80
Global   16       26374        1648         0.2        0          133      7695       599        400.73     514.32

Set Statistics
Type     Time(s)  Ops          TPS(ops/s)   Net(M/s)   Get_miss   Min(us)  Max(us)    Avg(us)    Std_dev    Geo_dist  
Period   1        17           17           0.0        0          232      1820       704        408.09     614.03
Global   16       267          16           0.0        0          167      3155       615        404.01     525.98

Total Statistics
Type     Time(s)  Ops          TPS(ops/s)   Net(M/s)   Get_miss   Min(us)  Max(us)    Avg(us)    Std_dev    Geo_dist  
Period   1        1657         1657         0.2        0          157      6049       602        394.93     523.67
Global   16       26641        1665         0.2        0          133      7695       599        401.00     514.44

[1;1H[2J
Get Statistics
Type     Time(s)  Ops          TPS(ops/s)   Net(M/s)   Get_miss   Min(us)  Max(us)    Avg(us)    Std_dev    Geo_dist  
Period   1        1539         1539         0.2        0          153      4598       643        433.93     545.21
Global   17       27913        1641         0.2        0          133      7695       602        401.89     515.98

Set Statistics
Type     Time(s)  Ops          TPS(ops/s)   Net(M/s)   Get_miss   Min(us)  Max(us)    Avg(us)    Std_dev    Geo_dist  
Period   1        15           15           0.0        0          247      1692       627        371.02     549.29
Global   17       282          16           0.0        0          167      3155       616        401.16     527.19

Total Statistics
Type     Time(s)  Ops          TPS(ops/s)   Net(M/s)   Get_miss   Min(us)  Max(us)    Avg(us)    Std_dev    Geo_dist  
Period   1        1554         1554         0.2        0          153      4598       643        433.04     545.25
Global   17       28195        1658         0.2        0          133      7695       602        402.09     516.09

[1;1H[2J
Get Statistics
Type     Time(s)  Ops          TPS(ops/s)   Net(M/s)   Get_miss   Min(us)  Max(us)    Avg(us)    Std_dev    Geo_dist  
Period   1        1616         1616         0.2        0          148      4827       611        444.18     515.13
Global   18       29529        1640         0.2        0          133      7695       602        405.05     515.93

Set Statistics
Type     Time(s)  Ops          TPS(ops/s)   Net(M/s)   Get_miss   Min(us)  Max(us)    Avg(us)    Std_dev    Geo_dist  
Period   1        17           17           0.0        0          199      1310       593        318.15     517.92
Global   18       299          16           0.0        0          167      3155       614        397.58     526.66

Total Statistics
Type     Time(s)  Ops          TPS(ops/s)   Net(M/s)   Get_miss   Min(us)  Max(us)    Avg(us)    Std_dev    Geo_dist  
Period   1        1633         1633         0.2        0          148      4827       611        442.72     515.16
Global   18       29828        1657         0.2        0          133      7695       602        405.15     516.04

[1;1H[2J
Get Statistics
Type     Time(s)  Ops          TPS(ops/s)   Net(M/s)   Get_miss   Min(us)  Max(us)    Avg(us)    Std_dev    Geo_dist  
Period   1        1622         1622         0.2        0          158      4414       608        395.17     523.98
Global   19       31151        1639         0.2        0          133      7695       602        405.00     516.35

Set Statistics
Type     Time(s)  Ops          TPS(ops/s)   Net(M/s)   Get_miss   Min(us)  Max(us)    Avg(us)    Std_dev    Geo_dist  
Period   1        16           16           0.0        0          379      4380       858        1013.83    633.15
Global   19       315          16           0.0        0          167      4380       627        448.59     531.61

Total Statistics
Type     Time(s)  Ops          TPS(ops/s)   Net(M/s)   Get_miss   Min(us)  Max(us)    Avg(us)    Std_dev    Geo_dist  
Period   1        1638         1638         0.2        0          158      4414       610        406.45     524.95
Global   19       31466        1656         0.2        0          133      7695       603        404.34     516.50

[1;1H[2J
Get Statistics
Type     Time(s)  Ops          TPS(ops/s)   Net(M/s)   Get_miss   Min(us)  Max(us)    Avg(us)    Std_dev    Geo_dist  
Period   1        1561         1561         0.2        0          151      3464       636        394.23     546.32
Global   20       32712        1635         0.2        0          133      7695       604        403.99     517.74

Set Statistics
Type     Time(s)  Ops          TPS(ops/s)   Net(M/s)   Get_miss   Min(us)  Max(us)    Avg(us)    Std_dev    Geo_dist  
Period   1        16           16           0.0        0          282      1079       604        231.78     562.06
Global   20       331          16           0.0        0          167      4380       626        440.23     533.04

Total Statistics
Type     Time(s)  Ops          TPS(ops/s)   Net(M/s)   Get_miss   Min(us)  Max(us)    Avg(us)    Std_dev    Geo_dist  
Period   1        1577         1577         0.2        0          151      3464       636        392.36     546.48
Global   20       33043        1652         0.2        0          133      7695       604        404.70     517.89

[1;1H[2J
Get Statistics
Type     Time(s)  Ops          TPS(ops/s)   Net(M/s)   Get_miss   Min(us)  Max(us)    Avg(us)    Std_dev    Geo_dist  
Period   1        1598         1598         0.2        0          169      4898       620        405.73     532.66
Global   21       34310        1633         0.2        0          133      7695       605        403.70     518.43

Set Statistics
Type     Time(s)  Ops          TPS(ops/s)   Net(M/s)   Get_miss   Min(us)  Max(us)    Avg(us)    Std_dev    Geo_dist  
Period   1        16           16           0.0        0          252      1056       470        196.96     440.62
Global   21       347          16           0.0        0          167      4380       618        434.28     528.38

Total Statistics
Type     Time(s)  Ops          TPS(ops/s)   Net(M/s)   Get_miss   Min(us)  Max(us)    Avg(us)    Std_dev    Geo_dist  
Period   1        1614         1614         0.2        0          169      4898       618        405.21     531.66
Global   21       34657        1650         0.2        0          133      7695       605        404.20     518.52

[1;1H[2J
Get Statistics
Type     Time(s)  Ops          TPS(ops/s)   Net(M/s)   Get_miss   Min(us)  Max(us)    Avg(us)    Std_dev    Geo_dist  
Period   1        1671         1671         0.2        0          153      4513       593        415.55     503.52
Global   22       35981        1635         0.2        0          133      7695       604        404.92     517.72

Set Statistics
Type     Time(s)  Ops          TPS(ops/s)   Net(M/s)   Get_miss   Min(us)  Max(us)    Avg(us)    Std_dev    Geo_dist  
Period   1        17           17           0.0        0          244      1070       511        317.49     431.69
Global   22       364          16           0.0        0          167      4380       613        429.79     523.42

Total Statistics
Type     Time(s)  Ops          TPS(ops/s)   Net(M/s)   Get_miss   Min(us)  Max(us)    Avg(us)    Std_dev    Geo_dist  
Period   1        1688         1688         0.2        0          153      4513       592        414.94     502.74
Global   22       36345        1652         0.2        0          133      7695       604        405.30     517.78

[1;1H[2J
Get Statistics
Type     Time(s)  Ops          TPS(ops/s)   Net(M/s)   Get_miss   Min(us)  Max(us)    Avg(us)    Std_dev    Geo_dist  
Period   1        1646         1646         0.2        0          172      7680       602        487.32     500.27
Global   23       37627        1635         0.2        0          133      7695       604        408.73     516.95

Set Statistics
Type     Time(s)  Ops          TPS(ops/s)   Net(M/s)   Get_miss   Min(us)  Max(us)    Avg(us)    Std_dev    Geo_dist  
Period   1        17           17           0.0        0          240      861        413        143.54     395.12
Global   23       381          16           0.0        0          167      4380       604        423.23     516.89

Total Statistics
Type     Time(s)  Ops          TPS(ops/s)   Net(M/s)   Get_miss   Min(us)  Max(us)    Avg(us)    Std_dev    Geo_dist  
Period   1        1663         1663         0.2        0          172      7680       600        485.48     499.07
Global   23       38008        1652         0.2        0          133      7695       604        408.88     516.95

[1;1H[2J
Get Statistics
Type     Time(s)  Ops          TPS(ops/s)   Net(M/s)   Get_miss   Min(us)  Max(us)    Avg(us)    Std_dev    Geo_dist  
Period   1        1572         1572         0.2        0          148      4113       629        424.37     535.81
Global   24       39199        1633         0.2        0          133      7695       605        409.40     517.69

Set Statistics
Type     Time(s)  Ops          TPS(ops/s)   Net(M/s)   Get_miss   Min(us)  Max(us)    Avg(us)    Std_dev    Geo_dist  
Period   1        15           15           0.0        0          229      1720       639        454.28     525.68
Global   24       396          16           0.0        0          167      4380       606        422.92     517.22

Total Statistics
Type     Time(s)  Ops          TPS(ops/s)   Net(M/s)   Get_miss   Min(us)  Max(us)    Avg(us)    Std_dev    Geo_dist  
Period   1        1587         1587         0.2        0          148      4113       629        424.66     535.71
Global   24       39595        1649         0.2        0          133      7695       605        409.55     517.69

[1;1H[2J
Get Statistics
Type     Time(s)  Ops          TPS(ops/s)   Net(M/s)   Get_miss   Min(us)  Max(us)    Avg(us)    Std_dev    Geo_dist  
Period   1        1572         1572         0.2        0          154      5681       629        424.67     539.88
Global   25       40771        1630         0.2        0          133      7695       606        409.91     518.53

Set Statistics
Type     Time(s)  Ops          TPS(ops/s)   Net(M/s)   Get_miss   Min(us)  Max(us)    Avg(us)    Std_dev    Geo_dist  
Period   1        16           16           0.0        0          233      2031       540        430.48     455.18
Global   25       412          16           0.0        0          167      4380       603        423.50     514.66

Total Statistics
Type     Time(s)  Ops          TPS(ops/s)   Net(M/s)   Get_miss   Min(us)  Max(us)    Avg(us)    Std_dev    Geo_dist  
Period   1        1588         1588         0.2        0          154      5681       629        423.35     538.95
Global   25       41183        1647         0.2        0          133      7695       606        410.00     518.49

[1;1H[2J
Get Statistics
Type     Time(s)  Ops          TPS(ops/s)   Net(M/s)   Get_miss   Min(us)  Max(us)    Avg(us)    Std_dev    Geo_dist  
Period   1        1574         1574         0.2        0          177      3171       628        396.10     540.00
Global   26       42345        1628         0.2        0          133      7695       607        409.15     519.31

Set Statistics
Type     Time(s)  Ops          TPS(ops/s)   Net(M/s)   Get_miss   Min(us)  Max(us)    Avg(us)    Std_dev    Geo_dist  
Period   1        16           16           0.0        0          280      1769       634        387.85     552.87
Global   26       428          16           0.0        0          167      4380       604        422.07     516.04

Total Statistics
Type     Time(s)  Ops          TPS(ops/s)   Net(M/s)   Get_miss   Min(us)  Max(us)    Avg(us)    Std_dev    Geo_dist  
Period   1        1590         1590         0.2        0          177      3171       628        395.72     537.97
Global   26       42773        1645         0.2        0          133      7695       607        409.23     519.28

[1;1H[2J
Get Statistics
Type     Time(s)  Ops          TPS(ops/s)   Net(M/s)   Get_miss   Min(us)  Max(us)    Avg(us)    Std_dev    Geo_dist  
Period   1        1608         1608         0.2        0          157      4147       615        406.94     525.37
Global   27       43953        1627         0.2        0          133      7695       607        409.50     519.53

Set Statistics
Type     Time(s)  Ops          TPS(ops/s)   Net(M/s)   Get_miss   Min(us)  Max(us)    Avg(us)    Std_dev    Geo_dist  
Period   1        16           16           0.0        0          260      3165       809        724.63     638.37
Global   27       444          16           0.0        0          167      4380       612        436.12     520.01

Total Statistics
Type     Time(s)  Ops          TPS(ops/s)   Net(M/s)   Get_miss   Min(us)  Max(us)    Avg(us)    Std_dev    Geo_dist  
Period   1        1624         1624         0.2        0          157      4147       617        411.19     526.38
Global   27       44397        1644         0.2        0          133      7695       607        409.85     519.54

[1;1H[2J
Get Statistics
Type     Time(s)  Ops          TPS(ops/s)   Net(M/s)   Get_miss   Min(us)  Max(us)    Avg(us)    Std_dev    Geo_dist  
Period   1        1703         1703         0.2        0          162      3559       576        363.00     495.93
Global   28       45656        1630         0.2        0          133      7695       606        407.67     518.63

Set Statistics
Type     Time(s)  Ops          TPS(ops/s)   Net(M/s)   Get_miss   Min(us)  Max(us)    Avg(us)    Std_dev    Geo_dist  
Period   1        18           18           0.0        0          206      4454       945        1125.64    645.31
Global   28       462          16           0.0        0          167      4454       625        483.35     524.40

Total Statistics
Type     Time(s)  Ops          TPS(ops/s)   Net(M/s)   Get_miss   Min(us)  Max(us)    Avg(us)    Std_dev    Geo_dist  
Period   1        1721         1721         0.2        0          162      4454       579        381.20     497.30
Global   28       46118        1647         0.2        0          133      7695       606        408.78     518.69

[1;1H[2J
Get Statistics
Type     Time(s)  Ops          TPS(ops/s)   Net(M/s)   Get_miss   Min(us)  Max(us)    Avg(us)    Std_dev    Geo_dist  
Period   1        1698         1698         0.2        0          160      7705       582        425.49     494.62
Global   29       47354        1632         0.2        0          133      7705       605        408.55     517.75

Set Statistics
Type     Time(s)  Ops          TPS(ops/s)   Net(M/s)   Get_miss   Min(us)  Max(us)    Avg(us)    Std_dev    Geo_dist  
Period   1        17           17           0.0        0          195      1206       606        321.40     531.36
Global   29       479          16           0.0        0          167      4454       624        478.75     524.65

Total Statistics
Type     Time(s)  Ops          TPS(ops/s)   Net(M/s)   Get_miss   Min(us)  Max(us)    Avg(us)    Std_dev    Geo_dist  
Period   1        1715         1715         0.2        0          160      7705       582        424.84     494.98
Global   29       47833        1649         0.2        0          133      7705       605        409.59     517.82

[1;1H[2J
Get Statistics
Type     Time(s)  Ops          TPS(ops/s)   Net(M/s)   Get_miss   Min(us)  Max(us)    Avg(us)    Std_dev    Geo_dist  
Period   1        1677         1677         0.2        0          154      4939       588        403.26     507.77
Global   30       49031        1634         0.2        0          133      7705       605        407.51     517.41

Set Statistics
Type     Time(s)  Ops          TPS(ops/s)   Net(M/s)   Get_miss   Min(us)  Max(us)    Avg(us)    Std_dev    Geo_dist  
Period   1        17           17           0.0        0          229      1918       687        466.34     582.55
Global   30       496          16           0.0        0          167      4454       626        478.21     526.54

Total Statistics
Type     Time(s)  Ops          TPS(ops/s)   Net(M/s)   Get_miss   Min(us)  Max(us)    Avg(us)    Std_dev    Geo_dist  
Period   1        1694         1694         0.2        0          154      4939       589        403.89     508.47
Global   30       49527        1650         0.2        0          133      7705       605        408.59     517.50

[1;1H[2J
Get Statistics
Type     Time(s)  Ops          TPS(ops/s)   Net(M/s)   Get_miss   Min(us)  Max(us)    Avg(us)    Std_dev    Geo_dist  
Period   1        1583         1583         0.2        0          148      6102       626        434.74     532.96
Global   31       50614        1632         0.2        0          133      7705       605        409.38     517.89

Set Statistics
Type     Time(s)  Ops          TPS(ops/s)   Net(M/s)   Get_miss   Min(us)  Max(us)    Avg(us)    Std_dev    Geo_dist  
Period   1        16           16           0.0        0          345      1524       711        332.85     646.17
Global   31       512          16           0.0        0          167      4454       629        473.88     529.92

Total Statistics
Type     Time(s)  Ops          TPS(ops/s)   Net(M/s)   Get_miss   Min(us)  Max(us)    Avg(us)    Std_dev    Geo_dist  
Period   1        1599         1599         0.2        0          148      6102       627        433.62     533.99
Global   31       51126        1649         0.2        0          133      7705       605        410.43     518.01

[1;1H[2J
Get Statistics
Type     Time(s)  Ops          TPS(ops/s)   Net(M/s)   Get_miss   Min(us)  Max(us)    Avg(us)    Std_dev    Geo_dist  
Period   1        1635         1635         0.2        0          147      4873       607        442.49     514.29
Global   32       52249        1632         0.2        0          133      7705       605        410.54     517.77

Set Statistics
Type     Time(s)  Ops          TPS(ops/s)   Net(M/s)   Get_miss   Min(us)  Max(us)    Avg(us)    Std_dev    Geo_dist  
Period   1        16           16           0.0        0          296      1400       587        310.83     529.02
Global   32       528          16           0.0        0          167      4454       628        469.26     529.89

Total Statistics
Type     Time(s)  Ops          TPS(ops/s)   Net(M/s)   Get_miss   Min(us)  Max(us)    Avg(us)    Std_dev    Geo_dist  
Period   1        1651         1651         0.2        0          147      4873       606        442.45     514.43
Global   32       52777        1649         0.2        0          133      7705       606        410.04     517.89

[1;1H[2J
Get Statistics
Type     Time(s)  Ops          TPS(ops/s)   Net(M/s)   Get_miss   Min(us)  Max(us)    Avg(us)    Std_dev    Geo_dist  
Period   1        1526         1526         0.2        0          169      7195       652        494.98     545.92
Global   33       53775        1629         0.2        0          133      7705       607        412.26     518.55

Set Statistics
Type     Time(s)  Ops          TPS(ops/s)   Net(M/s)   Get_miss   Min(us)  Max(us)    Avg(us)    Std_dev    Geo_dist  
Period   1        16           16           0.0        0          248      1081       562        282.69     503.35
Global   33       544          16           0.0        0          167      4454       626        464.89     529.09

Total Statistics
Type     Time(s)  Ops          TPS(ops/s)   Net(M/s)   Get_miss   Min(us)  Max(us)    Avg(us)    Std_dev    Geo_dist  
Period   1        1542         1542         0.2        0          169      7195       651        493.37     545.46
Global   33       54319        1646         0.2        0          133      7705       607        413.10     518.66

[1;1H[2J
Get Statistics
Type     Time(s)  Ops          TPS(ops/s)   Net(M/s)   Get_miss   Min(us)  Max(us)    Avg(us)    Std_dev    Geo_dist  
Period   1        1555         1555         0.2        0          160      3978       638        419.46     544.23
Global   34       55330        1627         0.2        0          133      7705       607        413.78     519.26

Set Statistics
Type     Time(s)  Ops          TPS(ops/s)   Net(M/s)   Get_miss   Min(us)  Max(us)    Avg(us)    Std_dev    Geo_dist  
Period   1        15           15           0.0        0          337      1415       700        333.49     633.83
Global   34       559          16           0.0        0          167      4454       628        461.77     531.66

Total Statistics
Type     Time(s)  Ops          TPS(ops/s)   Net(M/s)   Get_miss   Min(us)  Max(us)    Avg(us)    Std_dev    Geo_dist  
Period   1        1570         1570         0.2        0          160      3978       638        419.58     545.02
Global   34       55889        1643         0.2        0          133      7705       608        413.13     519.38

[1;1H[2J
Get Statistics
Type     Time(s)  Ops          TPS(ops/s)   Net(M/s)   Get_miss   Min(us)  Max(us)    Avg(us)    Std_dev    Geo_dist  
Period   1        1582         1582         0.2        0          155      5037       628        407.21     538.81
Global   35       56912        1626         0.2        0          133      7705       608        412.99     519.79

Set Statistics
Type     Time(s)  Ops          TPS(ops/s)   Net(M/s)   Get_miss   Min(us)  Max(us)    Avg(us)    Std_dev    Geo_dist  
Period   1        16           16           0.0        0          310      982        519        188.85     491.71
Global   35       575          16           0.0        0          167      4454       625        456.62     530.50

Total Statistics
Type     Time(s)  Ops          TPS(ops/s)   Net(M/s)   Get_miss   Min(us)  Max(us)    Avg(us)    Std_dev    Geo_dist  
Period   1        1598         1598         0.2        0          155      5037       627        405.58     538.32
Global   35       57487        1642         0.2        0          133      7705       608        413.70     519.90

[1;1H[2J
Get Statistics
Type     Time(s)  Ops          TPS(ops/s)   Net(M/s)   Get_miss   Min(us)  Max(us)    Avg(us)    Std_dev    Geo_dist  
Period   1        1716         1716         0.2        0          149      3980       578        355.01     504.19
Global   36       58628        1628         0.2        0          133      7705       607        411.62     519.33

Set Statistics
Type     Time(s)  Ops          TPS(ops/s)   Net(M/s)   Get_miss   Min(us)  Max(us)    Avg(us)    Std_dev    Geo_dist  
Period   1        18           18           0.0        0          242      1099       559        237.79     514.23
Global   36       593          16           0.0        0          167      4454       623        451.56     530.00

Total Statistics
Type     Time(s)  Ops          TPS(ops/s)   Net(M/s)   Get_miss   Min(us)  Max(us)    Avg(us)    Std_dev    Geo_dist  
Period   1        1734         1734         0.2        0          149      3980       578        353.63     504.29
Global   36       59221        1645         0.2        0          133      7705       607        412.28     519.43

[1;1H[2J
Get Statistics
Type     Time(s)  Ops          TPS(ops/s)   Net(M/s)   Get_miss   Min(us)  Max(us)    Avg(us)    Std_dev    Geo_dist  
Period   1        1657         1657         0.2        0          134      2854       597        371.50     514.57
Global   37       60285        1629         0.2        0          133      7705       607        410.17     519.20

Set Statistics
Type     Time(s)  Ops          TPS(ops/s)   Net(M/s)   Get_miss   Min(us)  Max(us)    Avg(us)    Std_dev    Geo_dist  
Period   1        16           16           0.0        0          269      2246       717        511.91     598.15
Global   37       609          16           0.0        0          167      4454       625        453.67     531.69

Total Statistics
Type     Time(s)  Ops          TPS(ops/s)   Net(M/s)   Get_miss   Min(us)  Max(us)    Avg(us)    Std_dev    Geo_dist  
Period   1        1673         1673         0.2        0          134      2854       599        371.70     515.31
Global   37       60894        1645         0.2        0          133      7705       607        410.89     519.32

[1;1H[2J
Get Statistics
Type     Time(s)  Ops          TPS(ops/s)   Net(M/s)   Get_miss   Min(us)  Max(us)    Avg(us)    Std_dev    Geo_dist  
Period   1        1726         1726         0.2        0          157      5713       575        434.71     484.99
Global   38       62011        1631         0.2        0          133      7705       606        411.06     518.21

Set Statistics
Type     Time(s)  Ops          TPS(ops/s)   Net(M/s)   Get_miss   Min(us)  Max(us)    Avg(us)    Std_dev    Geo_dist  
Period   1        18           18           0.0        0          215      1654       619        459.62     501.89
Global   38       627          16           0.0        0          167      4454       625        453.24     530.81

Total Statistics
Type     Time(s)  Ops          TPS(ops/s)   Net(M/s)   Get_miss   Min(us)  Max(us)    Avg(us)    Std_dev    Geo_dist  
Period   1        1744         1744         0.2        0          157      5713       575        435.46     485.16
Global   38       62638        1648         0.2        0          133      7705       606        411.78     518.34

[1;1H[2J
Get Statistics
Type     Time(s)  Ops          TPS(ops/s)   Net(M/s)   Get_miss   Min(us)  Max(us)    Avg(us)    Std_dev    Geo_dist  
Period   1        1574         1574         0.2        0          168      6482       630        424.76     543.66
Global   39       63585        1630         0.2        0          133      7705       607        410.82     518.83

Set Statistics
Type     Time(s)  Ops          TPS(ops/s)   Net(M/s)   Get_miss   Min(us)  Max(us)    Avg(us)    Std_dev    Geo_dist  
Period   1        16           16           0.0        0          267      879        608        183.50     578.61
Global   39       643          16           0.0        0          167      4454       625        447.85     531.95

Total Statistics
Type     Time(s)  Ops          TPS(ops/s)   Net(M/s)   Get_miss   Min(us)  Max(us)    Avg(us)    Std_dev    Geo_dist  
Period   1        1590         1590         0.2        0          168      6482       630        422.67     544.00
Global   39       64228        1646         0.2        0          133      7705       607        411.47     518.96

[1;1H[2J
Get Statistics
Type     Time(s)  Ops          TPS(ops/s)   Net(M/s)   Get_miss   Min(us)  Max(us)    Avg(us)    Std_dev    Geo_dist  
Period   1        1681         1681         0.2        0          144      5406       588        417.66     498.95
Global   40       65266        1631         0.2        0          133      7705       606        411.76     518.31

Set Statistics
Type     Time(s)  Ops          TPS(ops/s)   Net(M/s)   Get_miss   Min(us)  Max(us)    Avg(us)    Std_dev    Geo_dist  
Period   1        17           17           0.0        0          322      1298       594        254.37     553.61
Global   40       660          16           0.0        0          167      4454       624        444.12     532.50

Total Statistics
Type     Time(s)  Ops          TPS(ops/s)   Net(M/s)   Get_miss   Min(us)  Max(us)    Avg(us)    Std_dev    Geo_dist  
Period   1        1698         1698         0.2        0          144      5406       588        416.38     499.47
Global   40       65926        1648         0.2        0          133      7705       606        412.36     518.45

[1;1H[2J
Get Statistics
Type     Time(s)  Ops          TPS(ops/s)   Net(M/s)   Get_miss   Min(us)  Max(us)    Avg(us)    Std_dev    Geo_dist  
Period   1        1671         1671         0.2        0          172      3553       592        360.08     517.93
Global   41       66937        1632         0.2        0          133      7705       606        410.03     518.30

Set Statistics
Type     Time(s)  Ops          TPS(ops/s)   Net(M/s)   Get_miss   Min(us)  Max(us)    Avg(us)    Std_dev    Geo_dist  
Period   1        17           17           0.0        0          254      1882       739        493.19     617.88
Global   41       677          16           0.0        0          167      4454       627        445.22     534.49

Total Statistics
Type     Time(s)  Ops          TPS(ops/s)   Net(M/s)   Get_miss   Min(us)  Max(us)    Avg(us)    Std_dev    Geo_dist  
Period   1        1688         1688         0.2        0          172      3553       594        360.91     518.85
Global   41       67614        1649         0.2        0          133      7705       606        410.71     518.46

[1;1H[2J
Get Statistics
Type     Time(s)  Ops          TPS(ops/s)   Net(M/s)   Get_miss   Min(us)  Max(us)    Avg(us)    Std_dev    Geo_dist  
Period   1        1750         1750         0.2        0          158      5361       567        365.00     494.34
Global   42       68687        1635         0.2        0          133      7705       605        409.00     517.67

Set Statistics
Type     Time(s)  Ops          TPS(ops/s)   Net(M/s)   Get_miss   Min(us)  Max(us)    Avg(us)    Std_dev    Geo_dist  
Period   1        17           17           0.0        0          276      1088       510        263.44     462.39
Global   42       694          16           0.0        0          167      4454       624        442.11     532.60

Total Statistics
Type     Time(s)  Ops          TPS(ops/s)   Net(M/s)   Get_miss   Min(us)  Max(us)    Avg(us)    Std_dev    Geo_dist  
Period   1        1768         1768         0.2        0          158      5361       567        363.28     494.11
Global   42       69382        1651         0.2        0          133      7705       605        409.62     517.82

[1;1H[2J
Get Statistics
Type     Time(s)  Ops          TPS(ops/s)   Net(M/s)   Get_miss   Min(us)  Max(us)    Avg(us)    Std_dev    Geo_dist  
Period   1        1747         1747         0.2        0          160      4392       565        356.35     492.24
Global   43       70434        1638         0.2        0          133      7705       604        407.84     517.07

Set Statistics
Type     Time(s)  Ops          TPS(ops/s)   Net(M/s)   Get_miss   Min(us)  Max(us)    Avg(us)    Std_dev    Geo_dist  
Period   1        18           18           0.0        0          232      1225       568        242.39     522.35
Global   43       712          16           0.0        0          167      4454       622        439.00     532.33

Total Statistics
Type     Time(s)  Ops          TPS(ops/s)   Net(M/s)   Get_miss   Min(us)  Max(us)    Avg(us)    Std_dev    Geo_dist  
Period   1        1764         1764         0.2        0          160      4392       566        354.13     494.27
Global   43       71146        1654         0.2        0          133      7705       604        408.43     517.22

[1;1H[2J
Get Statistics
Type     Time(s)  Ops          TPS(ops/s)   Net(M/s)   Get_miss   Min(us)  Max(us)    Avg(us)    Std_dev    Geo_dist  
Period   1        1662         1662         0.2        0          162      8820       595        447.17     506.71
Global   44       72096        1638         0.2        0          133      8820       604        408.48     516.83

Set Statistics
Type     Time(s)  Ops          TPS(ops/s)   Net(M/s)   Get_miss   Min(us)  Max(us)    Avg(us)    Std_dev    Geo_dist  
Period   1        17           17           0.0        0          192      1383       685        312.78     615.93
Global   44       729          16           0.0        0          167      4454       624        435.66     534.15

Total Statistics
Type     Time(s)  Ops          TPS(ops/s)   Net(M/s)   Get_miss   Min(us)  Max(us)    Avg(us)    Std_dev    Geo_dist  
Period   1        1679         1679         0.2        0          162      8820       596        445.92     507.71
Global   44       72825        1655         0.2        0          133      8820       604        409.06     517.00

[1;1H[2J
Get Statistics
Type     Time(s)  Ops          TPS(ops/s)   Net(M/s)   Get_miss   Min(us)  Max(us)    Avg(us)    Std_dev    Geo_dist  
Period   1        1633         1633         0.2        0          168      5053       605        402.12     521.57
Global   45       73729        1638         0.2        0          133      8820       604        408.37     516.94

Set Statistics
Type     Time(s)  Ops          TPS(ops/s)   Net(M/s)   Get_miss   Min(us)  Max(us)    Avg(us)    Std_dev    Geo_dist  
Period   1        16           16           0.0        0          200      1909       613        402.47     531.14
Global   45       745          16           0.0        0          167      4454       624        434.38     534.08

Total Statistics
Type     Time(s)  Ops          TPS(ops/s)   Net(M/s)   Get_miss   Min(us)  Max(us)    Avg(us)    Std_dev    Geo_dist  
Period   1        1649         1649         0.2        0          168      5053       606        400.61     521.66
Global   45       74474        1654         0.2        0          133      8820       604        408.94     517.10

[1;1H[2J
Get Statistics
Type     Time(s)  Ops          TPS(ops/s)   Net(M/s)   Get_miss   Min(us)  Max(us)    Avg(us)    Std_dev    Geo_dist  
Period   1        1561         1561         0.2        0          174      4877       633        432.50     539.51
Global   46       75290        1636         0.2        0          133      8820       604        409.79     517.39

Set Statistics
Type     Time(s)  Ops          TPS(ops/s)   Net(M/s)   Get_miss   Min(us)  Max(us)    Avg(us)    Std_dev    Geo_dist  
Period   1        16           16           0.0        0          219      1556       648        310.61     591.85
Global   46       761          16           0.0        0          167      4454       624        432.74     535.24

Total Statistics
Type     Time(s)  Ops          TPS(ops/s)   Net(M/s)   Get_miss   Min(us)  Max(us)    Avg(us)    Std_dev    Geo_dist  
Period   1        1577         1577         0.2        0          174      4877       633        431.60     540.02
Global   46       76051        1653         0.2        0          133      8820       604        410.33     517.57

[1;1H[2J
Get Statistics
Type     Time(s)  Ops          TPS(ops/s)   Net(M/s)   Get_miss   Min(us)  Max(us)    Avg(us)    Std_dev    Geo_dist  
Period   1        1647         1647         0.2        0          159      5410       600        423.60     512.19
Global   47       76937        1636         0.2        0          133      8820       604        409.97     517.28

Set Statistics
Type     Time(s)  Ops          TPS(ops/s)   Net(M/s)   Get_miss   Min(us)  Max(us)    Avg(us)    Std_dev    Geo_dist  
Period   1        17           17           0.0        0          225      1496       589        319.31     521.12
Global   47       778          16           0.0        0          167      4454       623        430.80     534.93

Total Statistics
Type     Time(s)  Ops          TPS(ops/s)   Net(M/s)   Get_miss   Min(us)  Max(us)    Avg(us)    Std_dev    Geo_dist  
Period   1        1664         1664         0.2        0          159      5410       600        422.43     512.28
Global   47       77715        1653         0.2        0          133      8820       604        410.46     517.46

[1;1H[2J
Get Statistics
Type     Time(s)  Ops          TPS(ops/s)   Net(M/s)   Get_miss   Min(us)  Max(us)    Avg(us)    Std_dev    Geo_dist  
Period   1        1660         1660         0.2        0          158      4132       595        422.42     502.17
Global   48       78597        1637         0.2        0          133      8820       604        409.95     516.96

Set Statistics
Type     Time(s)  Ops          TPS(ops/s)   Net(M/s)   Get_miss   Min(us)  Max(us)    Avg(us)    Std_dev    Geo_dist  
Period   1        16           16           0.0        0          184      2134       645        462.44     542.17
Global   48       794          16           0.0        0          167      4454       624        430.35     535.07

Total Statistics
Type     Time(s)  Ops          TPS(ops/s)   Net(M/s)   Get_miss   Min(us)  Max(us)    Avg(us)    Std_dev    Geo_dist  
Period   1        1676         1676         0.2        0          158      4132       596        421.96     502.54
Global   48       79391        1653         0.2        0          133      8820       604        410.46     517.14

[1;1H[2J
Get Statistics
Type     Time(s)  Ops          TPS(ops/s)   Net(M/s)   Get_miss   Min(us)  Max(us)    Avg(us)    Std_dev    Geo_dist  
Period   1        1532         1532         0.2        0          155      5856       645        426.22     553.28
Global   49       80129        1635         0.2        0          133      8820       605        409.99     517.63

Set Statistics
Type     Time(s)  Ops          TPS(ops/s)   Net(M/s)   Get_miss   Min(us)  Max(us)    Avg(us)    Std_dev    Geo_dist  
Period   1        16           16           0.0        0          308      979        617        252.02     566.81
Global   49       810          16           0.0        0          167      4454       624        427.25     535.68

Total Statistics
Type     Time(s)  Ops          TPS(ops/s)   Net(M/s)   Get_miss   Min(us)  Max(us)    Avg(us)    Std_dev    Geo_dist  
Period   1        1549         1549         0.2        0          155      5856       645        424.10     553.43
Global   49       80940        1651         0.2        0          133      8820       605        410.44     517.81

[1;1H[2J
Get Statistics
Type     Time(s)  Ops          TPS(ops/s)   Net(M/s)   Get_miss   Min(us)  Max(us)    Avg(us)    Std_dev    Geo_dist  
Period   1        1670         1670         0.2        0          167      3279       591        362.58     515.29
Global   50       81799        1635         0.2        0          133      8820       605        408.66     517.58

Set Statistics
Type     Time(s)  Ops          TPS(ops/s)   Net(M/s)   Get_miss   Min(us)  Max(us)    Avg(us)    Std_dev    Geo_dist  
Period   1        17           17           0.0        0          202      1334       609        293.58     545.70
Global   50       827          16           0.0        0          167      4454       623        425.82     535.88

Total Statistics
Type     Time(s)  Ops          TPS(ops/s)   Net(M/s)   Get_miss   Min(us)  Max(us)    Avg(us)    Std_dev    Geo_dist  
Period   1        1686         1686         0.2        0          167      3279       592        360.94     515.55
Global   50       82626        1652         0.2        0          133      8820       605        409.10     517.76

[1;1H[2J
Get Statistics
Type     Time(s)  Ops          TPS(ops/s)   Net(M/s)   Get_miss   Min(us)  Max(us)    Avg(us)    Std_dev    Geo_dist  
Period   1        1700         1700         0.2        0          149      2928       582        357.27     505.77
Global   51       83499        1637         0.2        0          133      8820       604        408.47     517.34

Set Statistics
Type     Time(s)  Ops          TPS(ops/s)   Net(M/s)   Get_miss   Min(us)  Max(us)    Avg(us)    Std_dev    Geo_dist  
Period   1        17           17           0.0        0          203      989        527        227.02     481.01
Global   51       844          16           0.0        0          167      4454       621        422.98     534.72

Total Statistics
Type     Time(s)  Ops          TPS(ops/s)   Net(M/s)   Get_miss   Min(us)  Max(us)    Avg(us)    Std_dev    Geo_dist  
Period   1        1717         1717         0.2        0          149      2928       581        356.96     505.52
Global   51       84343        1653         0.2        0          133      8820       604        408.87     517.51

[1;1H[2J
Get Statistics
Type     Time(s)  Ops          TPS(ops/s)   Net(M/s)   Get_miss   Min(us)  Max(us)    Avg(us)    Std_dev    Geo_dist  
Period   1        1677         1677         0.2        0          168      3877       589        401.72     501.68
Global   52       85176        1638         0.2        0          133      8820       604        407.91     517.03

Set Statistics
Type     Time(s)  Ops          TPS(ops/s)   Net(M/s)   Get_miss   Min(us)  Max(us)    Avg(us)    Std_dev    Geo_dist  
Period   1        17           17           0.0        0          226      2237       570        468.48     482.17
Global   52       861          16           0.0        0          167      4454       620        423.67     533.63

Total Statistics
Type     Time(s)  Ops          TPS(ops/s)   Net(M/s)   Get_miss   Min(us)  Max(us)    Avg(us)    Std_dev    Geo_dist  
Period   1        1694         1694         0.2        0          168      3877       589        402.01     501.48
Global   52       86037        1654         0.2        0          133      8820       604        408.31     517.19

[1;1H[2J
Get Statistics
Type     Time(s)  Ops          TPS(ops/s)   Net(M/s)   Get_miss   Min(us)  Max(us)    Avg(us)    Std_dev    Geo_dist  
Period   1        1712         1712         0.2        0          150      6782       575        436.64     488.22
Global   53       86888        1639         0.2        0          133      8820       603        409.14     516.44

Set Statistics
Type     Time(s)  Ops          TPS(ops/s)   Net(M/s)   Get_miss   Min(us)  Max(us)    Avg(us)    Std_dev    Geo_dist  
Period   1        17           17           0.0        0          255      2975       740        631.94     598.93
Global   53       878          16           0.0        0          167      4454       623        427.47     534.82

Total Statistics
Type     Time(s)  Ops          TPS(ops/s)   Net(M/s)   Get_miss   Min(us)  Max(us)    Avg(us)    Std_dev    Geo_dist  
Period   1        1729         1729         0.2        0          150      6782       577        438.52     489.20
Global   53       87766        1655         0.2        0          133      8820       603        409.63     516.62

[1;1H[2J
Get Statistics
Type     Time(s)  Ops          TPS(ops/s)   Net(M/s)   Get_miss   Min(us)  Max(us)    Avg(us)    Std_dev    Geo_dist  
Period   1        1586         1586         0.2        0          170      4667       622        429.79     531.46
Global   54       88474        1638         0.2        0          133      8820       604        408.56     516.71

Set Statistics
Type     Time(s)  Ops          TPS(ops/s)   Net(M/s)   Get_miss   Min(us)  Max(us)    Avg(us)    Std_dev    Geo_dist  
Period   1        16           16           0.0        0          339      1828       706        426.33     610.51
Global   54       894          16           0.0        0          167      4454       624        428.07     536.09

Total Statistics
Type     Time(s)  Ops          TPS(ops/s)   Net(M/s)   Get_miss   Min(us)  Max(us)    Avg(us)    Std_dev    Geo_dist  
Period   1        1603         1603         0.2        0          170      4667       623        429.47     532.31
Global   54       89369        1654         0.2        0          133      8820       604        409.05     516.90

[1;1H[2J
Get Statistics
Type     Time(s)  Ops          TPS(ops/s)   Net(M/s)   Get_miss   Min(us)  Max(us)    Avg(us)    Std_dev    Geo_dist  
Period   1        1714         1714         0.2        0          161      3229       576        375.02     496.75
Global   55       90188        1639         0.2        0          133      8820       603        408.66     516.32

Set Statistics
Type     Time(s)  Ops          TPS(ops/s)   Net(M/s)   Get_miss   Min(us)  Max(us)    Avg(us)    Std_dev    Geo_dist  
Period   1        17           17           0.0        0          264      1829       671        363.58     605.43
Global   55       911          16           0.0        0          167      4454       625        426.65     537.31

Total Statistics
Type     Time(s)  Ops          TPS(ops/s)   Net(M/s)   Get_miss   Min(us)  Max(us)    Avg(us)    Std_dev    Geo_dist  
Period   1        1730         1730         0.2        0          161      3229       577        375.18     497.59
Global   55       91099        1656         0.2        0          133      8820       603        409.17     516.53

[1;1H[2J
Get Statistics
Type     Time(s)  Ops          TPS(ops/s)   Net(M/s)   Get_miss   Min(us)  Max(us)    Avg(us)    Std_dev    Geo_dist  
Period   1        1598         1598         0.2        0          161      5015       618        394.98     536.23
Global   56       91786        1639         0.2        0          133      8820       603        408.81     516.66

Set Statistics
Type     Time(s)  Ops          TPS(ops/s)   Net(M/s)   Get_miss   Min(us)  Max(us)    Avg(us)    Std_dev    Geo_dist  
Period   1        17           17           0.0        0          275      1492       600        306.13     544.18
Global   56       928          16           0.0        0          167      4454       625        423.97     537.43

Total Statistics
Type     Time(s)  Ops          TPS(ops/s)   Net(M/s)   Get_miss   Min(us)  Max(us)    Avg(us)    Std_dev    Geo_dist  
Period   1        1615         1615         0.2        0          161      5015       618        393.78     536.31
Global   56       92714        1655         0.2        0          133      8820       604        407.82     516.86

[1;1H[2J
Get Statistics
Type     Time(s)  Ops          TPS(ops/s)   Net(M/s)   Get_miss   Min(us)  Max(us)    Avg(us)    Std_dev    Geo_dist  
Period   1        1538         1538         0.2        0          146      4305       644        415.47     552.13
Global   57       93324        1637         0.2        0          133      8820       604        408.47     517.23

Set Statistics
Type     Time(s)  Ops          TPS(ops/s)   Net(M/s)   Get_miss   Min(us)  Max(us)    Avg(us)    Std_dev    Geo_dist  
Period   1        15           15           0.0        0          234      1351       545        289.23     492.41
Global   57       943          16           0.0        0          167      4454       623        423.24     536.69

Total Statistics
Type     Time(s)  Ops          TPS(ops/s)   Net(M/s)   Get_miss   Min(us)  Max(us)    Avg(us)    Std_dev    Geo_dist  
Period   1        1553         1553         0.2        0          146      4305       643        414.55     551.52
Global   57       94267        1653         0.2        0          133      8820       604        408.91     517.42

[1;1H[2J
Get Statistics
Type     Time(s)  Ops          TPS(ops/s)   Net(M/s)   Get_miss   Min(us)  Max(us)    Avg(us)    Std_dev    Geo_dist  
Period   1        1664         1664         0.2        0          166      2594       594        346.96     521.45
Global   58       94988        1637         0.2        0          133      8820       604        407.22     517.30

Set Statistics
Type     Time(s)  Ops          TPS(ops/s)   Net(M/s)   Get_miss   Min(us)  Max(us)    Avg(us)    Std_dev    Geo_dist  
Period   1        17           17           0.0        0          226      1369       596        328.11     524.18
Global   58       960          16           0.0        0          167      4454       623        420.92     536.46

Total Statistics
Type     Time(s)  Ops          TPS(ops/s)   Net(M/s)   Get_miss   Min(us)  Max(us)    Avg(us)    Std_dev    Geo_dist  
Period   1        1681         1681         0.2        0          166      2594       594        346.72     521.48
Global   58       95948        1654         0.2        0          133      8820       604        407.64     517.49

[1;1H[2J
Get Statistics
Type     Time(s)  Ops          TPS(ops/s)   Net(M/s)   Get_miss   Min(us)  Max(us)    Avg(us)    Std_dev    Geo_dist  
Period   1        1593         1593         0.2        0          174      4732       619        396.21     534.28
Global   59       96581        1636         0.2        0          133      8820       604        407.41     517.58

Set Statistics
Type     Time(s)  Ops          TPS(ops/s)   Net(M/s)   Get_miss   Min(us)  Max(us)    Avg(us)    Std_dev    Geo_dist  
Period   1        16           16           0.0        0          245      1483       620        334.98     550.03
Global   59       976          16           0.0        0          167      4454       623        419.44     536.68

Total Statistics
Type     Time(s)  Ops          TPS(ops/s)   Net(M/s)   Get_miss   Min(us)  Max(us)    Avg(us)    Std_dev    Geo_dist  
Period   1        1609         1609         0.2        0          174      4732       619        395.57     534.43
Global   59       97557        1653         0.2        0          133      8820       604        407.81     517.76

[1;1H[2J
Get Statistics
Type     Time(s)  Ops          TPS(ops/s)   Net(M/s)   Get_miss   Min(us)  Max(us)    Avg(us)    Std_dev    Geo_dist  
Period   1        1586         1586         0.2        0          178      2990       625        381.07     542.42
Global   60       98167        1636         0.2        0          133      8820       604        407.51     517.97

Set Statistics
Type     Time(s)  Ops          TPS(ops/s)   Net(M/s)   Get_miss   Min(us)  Max(us)    Avg(us)    Std_dev    Geo_dist  
Period   1        16           16           0.0        0          291      1439       572        321.20     512.50
Global   60       992          16           0.0        0          167      4454       622        418.23     536.28

Total Statistics
Type     Time(s)  Ops          TPS(ops/s)   Net(M/s)   Get_miss   Min(us)  Max(us)    Avg(us)    Std_dev    Geo_dist  
Period   1        1602         1602         0.2        0          178      2990       625        379.59     542.12
Global   60       99159        1652         0.2        0          133      8820       605        406.40     518.15

Get Statistics (98168 events)
   Min:       133
   Max:      8820
   Avg:       604
   Geo:    517.97
   Std:    407.50
   Log2 Dist:
       8:     7915    45664    33655     9801
      12:     1054       78        1

Set Statistics (992 events)
   Min:       167
   Max:      4454
   Avg:       622
   Geo:    536.28
   Std:    418.23
   Log2 Dist:
       8:       56      466      352      106
      12:       10        2

Total Statistics (99160 events)
   Min:       133
   Max:      8820
   Avg:       605
   Geo:    518.15
   Std:    406.39
   Log2 Dist:
       8:     7971    46130    34007     9907
      12:     1064       80        1

cmd_get: 98169
cmd_set: 992
get_misses: 0
written_bytes: 2318416
read_bytes: 16205656
object_bytes: 142848

Run time: 60.3s Ops: 99161 TPS: 1645 Net_rate: 0.3M/s
