servers : 10.0.0.5:9000
threads count: 102
concurrency: 102
run time: 60s
windows size: 10k
set proportion: set_prop=0.01
get proportion: get_prop=0.99
[1;1H[2J
Get Statistics
Type     Time(s)  Ops          TPS(ops/s)   Net(M/s)   Get_miss   Min(us)  Max(us)    Avg(us)    Std_dev    Geo_dist  
Period   1        23988        23988        3.3        0          223      95970      4127       3864.07    2575.98
Global   1        23988        23988        3.3        0          223      95970      4126       3864.86    2575.03

Set Statistics
Type     Time(s)  Ops          TPS(ops/s)   Net(M/s)   Get_miss   Min(us)  Max(us)    Avg(us)    Std_dev    Geo_dist  
Period   1        297          297          0.0        0          281      25510      4403       4274.64    2676.41
Global   1        297          297          0.0        0          281      25510      4403       4274.64    2676.41

Total Statistics
Type     Time(s)  Ops          TPS(ops/s)   Net(M/s)   Get_miss   Min(us)  Max(us)    Avg(us)    Std_dev    Geo_dist  
Period   1        24288        24288        3.3        0          223      95970      4130       3869.82    2576.57
Global   1        24288        24288        3.3        0          223      95970      4130       3869.82    2576.57

[1;1H[2J
Get Statistics
Type     Time(s)  Ops          TPS(ops/s)   Net(M/s)   Get_miss   Min(us)  Max(us)    Avg(us)    Std_dev    Geo_dist  
Period   1        24677        24677        3.3        0          268      55417      4084       3603.39    2583.70
Global   2        48665        24332        3.4        0          223      95970      4105       3734.54    2580.36

Set Statistics
Type     Time(s)  Ops          TPS(ops/s)   Net(M/s)   Get_miss   Min(us)  Max(us)    Avg(us)    Std_dev    Geo_dist  
Period   1        245          245          0.0        0          354      20087      4277       3749.68    2639.40
Global   2        542          271          0.0        0          281      25510      4346       4042.67    2659.62

Total Statistics
Type     Time(s)  Ops          TPS(ops/s)   Net(M/s)   Get_miss   Min(us)  Max(us)    Avg(us)    Std_dev    Geo_dist  
Period   1        24921        24921        3.4        0          268      55417      4087       3604.03    2585.97
Global   2        49209        24604        3.4        0          223      95970      4108       3737.85    2581.33

[1;1H[2J
Get Statistics
Type     Time(s)  Ops          TPS(ops/s)   Net(M/s)   Get_miss   Min(us)  Max(us)    Avg(us)    Std_dev    Geo_dist  
Period   1        24657        24657        3.4        0          275      36546      4074       3390.60    2652.70
Global   3        73322        24440        3.4        0          223      95970      4095       3622.24    2605.10

Set Statistics
Type     Time(s)  Ops          TPS(ops/s)   Net(M/s)   Get_miss   Min(us)  Max(us)    Avg(us)    Std_dev    Geo_dist  
Period   1        250          250          0.0        0          444      26539      4183       3581.98    2722.43
Global   3        792          264          0.0        0          281      26539      4295       3901.11    2679.29

Total Statistics
Type     Time(s)  Ops          TPS(ops/s)   Net(M/s)   Get_miss   Min(us)  Max(us)    Avg(us)    Std_dev    Geo_dist  
Period   1        24907        24907        3.4        0          275      36546      4075       3393.00    2655.24
Global   3        74116        24705        3.4        0          223      95970      4097       3625.53    2605.93

[1;1H[2J
Get Statistics
Type     Time(s)  Ops          TPS(ops/s)   Net(M/s)   Get_miss   Min(us)  Max(us)    Avg(us)    Std_dev    Geo_dist  
Period   1        23893        23893        3.3        0          270      35305      4213       3474.04    2720.85
Global   4        97215        24303        3.3        0          223      95970      4124       3586.77    2633.32

Set Statistics
Type     Time(s)  Ops          TPS(ops/s)   Net(M/s)   Get_miss   Min(us)  Max(us)    Avg(us)    Std_dev    Geo_dist  
Period   1        241          241          0.0        0          484      18122      4207       3554.12    2677.05
Global   4        1033         258          0.0        0          281      26539      4274       3822.01    2678.76

Total Statistics
Type     Time(s)  Ops          TPS(ops/s)   Net(M/s)   Get_miss   Min(us)  Max(us)    Avg(us)    Std_dev    Geo_dist  
Period   1        24133        24133        3.4        0          270      35305      4213       3474.85    2721.30
Global   4        98249        24562        3.3        0          223      95970      4126       3588.85    2633.81

[1;1H[2J
Get Statistics
Type     Time(s)  Ops          TPS(ops/s)   Net(M/s)   Get_miss   Min(us)  Max(us)    Avg(us)    Std_dev    Geo_dist  
Period   1        24007        24007        3.3        0          281      42846      4210       3966.81    2544.06
Global   5        121222       24244        3.3        0          223      95970      4141       3665.38    2615.58

Set Statistics
Type     Time(s)  Ops          TPS(ops/s)   Net(M/s)   Get_miss   Min(us)  Max(us)    Avg(us)    Std_dev    Geo_dist  
Period   1        248          248          0.0        0          429      27172      4282       4104.65    2516.68
Global   5        1281         256          0.0        0          281      27172      4276       3876.18    2646.59

Total Statistics
Type     Time(s)  Ops          TPS(ops/s)   Net(M/s)   Get_miss   Min(us)  Max(us)    Avg(us)    Std_dev    Geo_dist  
Period   1        24256        24256        3.4        0          281      42846      4211       3968.10    2542.42
Global   5        122505       24501        3.3        0          223      95970      4143       3667.04    2615.95

[1;1H[2J
Get Statistics
Type     Time(s)  Ops          TPS(ops/s)   Net(M/s)   Get_miss   Min(us)  Max(us)    Avg(us)    Std_dev    Geo_dist  
Period   1        24801        24801        3.3        0          268      55847      4115       3888.61    2503.07
Global   6        146023       24337        3.4        0          223      95970      4137       3703.83    2596.28

Set Statistics
Type     Time(s)  Ops          TPS(ops/s)   Net(M/s)   Get_miss   Min(us)  Max(us)    Avg(us)    Std_dev    Geo_dist  
Period   1        245          245          0.0        0          454      17482      3758       3550.83    2271.43
Global   6        1526         254          0.0        0          281      27172      4192       3830.34    2582.43

Total Statistics
Type     Time(s)  Ops          TPS(ops/s)   Net(M/s)   Get_miss   Min(us)  Max(us)    Avg(us)    Std_dev    Geo_dist  
Period   1        25046        25046        3.4        0          268      55847      4111       3886.04    2501.28
Global   6        147551       24591        3.4        0          223      95970      4137       3705.77    2596.12

[1;1H[2J
Get Statistics
Type     Time(s)  Ops          TPS(ops/s)   Net(M/s)   Get_miss   Min(us)  Max(us)    Avg(us)    Std_dev    Geo_dist  
Period   1        24515        24515        3.3        0          254      40377      4101       3696.33    2507.83
Global   7        170538       24362        3.4        0          223      95970      4132       3702.60    2583.51

Set Statistics
Type     Time(s)  Ops          TPS(ops/s)   Net(M/s)   Get_miss   Min(us)  Max(us)    Avg(us)    Std_dev    Geo_dist  
Period   1        246          246          0.0        0          344      24338      4517       4020.25    2779.12
Global   7        1772         253          0.0        0          281      27172      4238       3856.76    2608.88

Total Statistics
Type     Time(s)  Ops          TPS(ops/s)   Net(M/s)   Get_miss   Min(us)  Max(us)    Avg(us)    Std_dev    Geo_dist  
Period   1        24761        24761        3.4        0          254      40377      4106       3699.46    2510.98
Global   7        172312       24616        3.4        0          223      95970      4133       3704.36    2583.80

[1;1H[2J
Get Statistics
Type     Time(s)  Ops          TPS(ops/s)   Net(M/s)   Get_miss   Min(us)  Max(us)    Avg(us)    Std_dev    Geo_dist  
Period   1        24714        24714        3.4        0          238      38290      4070       3817.12    2440.76
Global   8        195252       24406        3.4        0          223      95970      4124       3717.54    2565.10

Set Statistics
Type     Time(s)  Ops          TPS(ops/s)   Net(M/s)   Get_miss   Min(us)  Max(us)    Avg(us)    Std_dev    Geo_dist  
Period   1        248          248          0.0        0          444      18845      4167       3705.27    2540.81
Global   8        2020         252          0.0        0          281      27172      4229       3837.98    2600.42

Total Statistics
Type     Time(s)  Ops          TPS(ops/s)   Net(M/s)   Get_miss   Min(us)  Max(us)    Avg(us)    Std_dev    Geo_dist  
Period   1        24964        24964        3.4        0          238      38290      4072       3815.29    2442.81
Global   8        197276       24659        3.4        0          223      95970      4125       3718.94    2565.52

[1;1H[2J
Get Statistics
Type     Time(s)  Ops          TPS(ops/s)   Net(M/s)   Get_miss   Min(us)  Max(us)    Avg(us)    Std_dev    Geo_dist  
Period   1        24481        24481        3.4        0          244      56118      4164       3939.08    2509.79
Global   9        219733       24414        3.4        0          223      95970      4128       3743.42    2558.98

Set Statistics
Type     Time(s)  Ops          TPS(ops/s)   Net(M/s)   Get_miss   Min(us)  Max(us)    Avg(us)    Std_dev    Geo_dist  
Period   1        245          245          0.0        0          429      16872      3940       3499.49    2422.71
Global   9        2265         251          0.0        0          281      27172      4198       3802.86    2580.59

Total Statistics
Type     Time(s)  Ops          TPS(ops/s)   Net(M/s)   Get_miss   Min(us)  Max(us)    Avg(us)    Std_dev    Geo_dist  
Period   1        24724        24724        3.4        0          244      56118      4161       3935.40    2509.35
Global   9        222000       24666        3.4        0          223      95970      4129       3743.68    2559.20

[1;1H[2J
Get Statistics
Type     Time(s)  Ops          TPS(ops/s)   Net(M/s)   Get_miss   Min(us)  Max(us)    Avg(us)    Std_dev    Geo_dist  
Period   1        23339        23339        3.3        0          255      46415      4333       4550.15    2546.46
Global   10       243072       24307        3.2        0          223      95970      4148       3828.39    2557.86

Set Statistics
Type     Time(s)  Ops          TPS(ops/s)   Net(M/s)   Get_miss   Min(us)  Max(us)    Avg(us)    Std_dev    Geo_dist  
Period   1        245          245          0.0        0          418      35721      4524       5240.78    2556.60
Global   10       2510         251          0.0        0          281      35721      4230       3965.91    2578.24

Total Statistics
Type     Time(s)  Ops          TPS(ops/s)   Net(M/s)   Get_miss   Min(us)  Max(us)    Avg(us)    Std_dev    Geo_dist  
Period   1        23583        23583        3.4        0          255      46415      4335       4558.17    2547.55
Global   10       245583       24558        3.2        0          223      95970      4149       3829.66    2558.08

[1;1H[2J
Get Statistics
Type     Time(s)  Ops          TPS(ops/s)   Net(M/s)   Get_miss   Min(us)  Max(us)    Avg(us)    Std_dev    Geo_dist  
Period   1        25058        25058        3.3        0          242      64029      4011       3721.27    2429.98
Global   11       268130       24375        3.4        0          223      95970      4135       3818.95    2545.71

Set Statistics
Type     Time(s)  Ops          TPS(ops/s)   Net(M/s)   Get_miss   Min(us)  Max(us)    Avg(us)    Std_dev    Geo_dist  
Period   1        253          253          0.0        0          419      45685      4089       4422.80    2497.49
Global   11       2763         251          0.0        0          281      45685      4217       4009.35    2570.74

Total Statistics
Type     Time(s)  Ops          TPS(ops/s)   Net(M/s)   Get_miss   Min(us)  Max(us)    Avg(us)    Std_dev    Geo_dist  
Period   1        25311        25311        3.4        0          242      64029      4012       3728.60    2430.64
Global   11       270894       24626        3.5        0          223      95970      4136       3820.77    2545.98

[1;1H[2J
Get Statistics
Type     Time(s)  Ops          TPS(ops/s)   Net(M/s)   Get_miss   Min(us)  Max(us)    Avg(us)    Std_dev    Geo_dist  
Period   1        25115        25115        3.4        0          271      55033      4056       3761.95    2502.04
Global   12       293245       24437        3.4        0          223      95970      4128       3814.43    2542.02

Set Statistics
Type     Time(s)  Ops          TPS(ops/s)   Net(M/s)   Get_miss   Min(us)  Max(us)    Avg(us)    Std_dev    Geo_dist  
Period   1        250          250          0.0        0          513      19022      4082       3486.15    2608.28
Global   12       3013         251          0.0        0          281      45685      4205       3969.06    2573.83

Total Statistics
Type     Time(s)  Ops          TPS(ops/s)   Net(M/s)   Get_miss   Min(us)  Max(us)    Avg(us)    Std_dev    Geo_dist  
Period   1        25367        25367        3.4        0          271      55033      4056       3759.68    2503.25
Global   12       296261       24688        3.5        0          223      95970      4129       3815.82    2542.37

[1;1H[2J
Get Statistics
Type     Time(s)  Ops          TPS(ops/s)   Net(M/s)   Get_miss   Min(us)  Max(us)    Avg(us)    Std_dev    Geo_dist  
Period   1        24419        24419        3.4        0          263      50558      4142       3748.06    2571.73
Global   13       317664       24435        3.4        0          223      95970      4130       3808.42    2544.50

Set Statistics
Type     Time(s)  Ops          TPS(ops/s)   Net(M/s)   Get_miss   Min(us)  Max(us)    Avg(us)    Std_dev    Geo_dist  
Period   1        248          248          0.0        0          561      61618      4876       5142.81    3085.81
Global   13       3261         250          0.0        0          281      61618      4256       4073.19    2609.59

Total Statistics
Type     Time(s)  Ops          TPS(ops/s)   Net(M/s)   Get_miss   Min(us)  Max(us)    Avg(us)    Std_dev    Geo_dist  
Period   1        24665        24665        3.4        0          263      61618      4150       3764.98    2578.11
Global   13       320926       24686        3.4        0          223      95970      4131       3811.54    2545.17

[1;1H[2J
Get Statistics
Type     Time(s)  Ops          TPS(ops/s)   Net(M/s)   Get_miss   Min(us)  Max(us)    Avg(us)    Std_dev    Geo_dist  
Period   1        23383        23383        3.3        0          282      76021      4346       4376.11    2599.96
Global   14       341047       24360        3.2        0          223      95970      4144       3851.29    2548.33

Set Statistics
Type     Time(s)  Ops          TPS(ops/s)   Net(M/s)   Get_miss   Min(us)  Max(us)    Avg(us)    Std_dev    Geo_dist  
Period   1        237          237          0.0        0          356      29491      4837       4761.62    2950.33
Global   14       3498         249          0.0        0          281      61618      4296       4124.61    2631.38

Total Statistics
Type     Time(s)  Ops          TPS(ops/s)   Net(M/s)   Get_miss   Min(us)  Max(us)    Avg(us)    Std_dev    Geo_dist  
Period   1        23619        23619        3.4        0          282      76021      4351       4380.12    2603.13
Global   14       344545       24610        3.2        0          223      95970      4146       3853.70    2549.16

[1;1H[2J
Get Statistics
Type     Time(s)  Ops          TPS(ops/s)   Net(M/s)   Get_miss   Min(us)  Max(us)    Avg(us)    Std_dev    Geo_dist  
Period   1        24461        24461        3.3        0          198      44397      4108       3940.82    2468.70
Global   15       365508       24367        3.4        0          198      95970      4142       3856.92    2542.93

Set Statistics
Type     Time(s)  Ops          TPS(ops/s)   Net(M/s)   Get_miss   Min(us)  Max(us)    Avg(us)    Std_dev    Geo_dist  
Period   1        247          247          0.0        0          407      34785      4424       4455.43    2673.60
Global   15       3745         249          0.0        0          281      61618      4304       4147.19    2634.14

Total Statistics
Type     Time(s)  Ops          TPS(ops/s)   Net(M/s)   Get_miss   Min(us)  Max(us)    Avg(us)    Std_dev    Geo_dist  
Period   1        24710        24710        3.4        0          198      44397      4111       3946.68    2470.88
Global   15       369255       24617        3.4        0          198      95970      4144       3859.63    2543.85

[1;1H[2J
Get Statistics
Type     Time(s)  Ops          TPS(ops/s)   Net(M/s)   Get_miss   Min(us)  Max(us)    Avg(us)    Std_dev    Geo_dist  
Period   1        24831        24831        3.4        0          292      42304      4085       3607.44    2605.18
Global   16       390339       24396        3.4        0          198      95970      4138       3841.99    2546.96

Set Statistics
Type     Time(s)  Ops          TPS(ops/s)   Net(M/s)   Get_miss   Min(us)  Max(us)    Avg(us)    Std_dev    Geo_dist  
Period   1        249          249          0.0        0          571      18718      4114       3285.20    2766.95
Global   16       3994         249          0.0        0          281      61618      4292       4098.83    2642.23

Total Statistics
Type     Time(s)  Ops          TPS(ops/s)   Net(M/s)   Get_miss   Min(us)  Max(us)    Avg(us)    Std_dev    Geo_dist  
Period   1        25080        25080        3.4        0          292      42304      4085       3604.91    2607.03
Global   16       394335       24645        3.4        0          198      95970      4140       3844.24    2547.92

[1;1H[2J
Get Statistics
Type     Time(s)  Ops          TPS(ops/s)   Net(M/s)   Get_miss   Min(us)  Max(us)    Avg(us)    Std_dev    Geo_dist  
Period   1        23914        23914        3.3        0          286      44724      4219       3872.61    2645.71
Global   17       414253       24367        3.3        0          198      95970      4143       3843.47    2552.61

Set Statistics
Type     Time(s)  Ops          TPS(ops/s)   Net(M/s)   Get_miss   Min(us)  Max(us)    Avg(us)    Std_dev    Geo_dist  
Period   1        241          241          0.0        0          519      22977      4397       3823.69    2816.57
Global   17       4235         249          0.0        0          281      61618      4298       4083.29    2651.86

Total Statistics
Type     Time(s)  Ops          TPS(ops/s)   Net(M/s)   Get_miss   Min(us)  Max(us)    Avg(us)    Std_dev    Geo_dist  
Period   1        24154        24154        3.4        0          286      44724      4221       3871.99    2648.22
Global   17       418489       24617        3.3        0          198      95970      4145       3845.54    2553.60

[1;1H[2J
Get Statistics
Type     Time(s)  Ops          TPS(ops/s)   Net(M/s)   Get_miss   Min(us)  Max(us)    Avg(us)    Std_dev    Geo_dist  
Period   1        24503        24503        3.3        0          254      35978      4129       3630.56    2609.84
Global   18       438756       24375        3.4        0          198      95970      4142       3832.14    2555.83

Set Statistics
Type     Time(s)  Ops          TPS(ops/s)   Net(M/s)   Get_miss   Min(us)  Max(us)    Avg(us)    Std_dev    Geo_dist  
Period   1        249          249          0.0        0          351      30897      4105       3761.01    2609.58
Global   18       4484         249          0.0        0          281      61618      4288       4065.16    2649.49

Total Statistics
Type     Time(s)  Ops          TPS(ops/s)   Net(M/s)   Get_miss   Min(us)  Max(us)    Avg(us)    Std_dev    Geo_dist  
Period   1        24752        24752        3.4        0          254      35978      4129       3631.83    2610.78
Global   18       443241       24624        3.4        0          198      95970      4144       3834.03    2556.76

[1;1H[2J
Get Statistics
Type     Time(s)  Ops          TPS(ops/s)   Net(M/s)   Get_miss   Min(us)  Max(us)    Avg(us)    Std_dev    Geo_dist  
Period   1        24261        24261        3.3        0          227      41126      4149       3706.72    2634.99
Global   19       463017       24369        3.3        0          198      95970      4143       3824.99    2559.96

Set Statistics
Type     Time(s)  Ops          TPS(ops/s)   Net(M/s)   Get_miss   Min(us)  Max(us)    Avg(us)    Std_dev    Geo_dist  
Period   1        243          243          0.0        0          498      40749      4661       4400.53    2954.10
Global   19       4727         248          0.0        0          281      61618      4307       4083.59    2664.35

Total Statistics
Type     Time(s)  Ops          TPS(ops/s)   Net(M/s)   Get_miss   Min(us)  Max(us)    Avg(us)    Std_dev    Geo_dist  
Period   1        24506        24506        3.4        0          227      41126      4155       3713.71    2638.20
Global   19       467747       24618        3.4        0          198      95970      4144       3828.45    2561.01

[1;1H[2J
Get Statistics
Type     Time(s)  Ops          TPS(ops/s)   Net(M/s)   Get_miss   Min(us)  Max(us)    Avg(us)    Std_dev    Geo_dist  
Period   1        24867        24867        3.4        0          247      31383      4058       3697.87    2496.81
Global   20       487884       24394        3.4        0          198      95970      4138       3819.40    2556.75

Set Statistics
Type     Time(s)  Ops          TPS(ops/s)   Net(M/s)   Get_miss   Min(us)  Max(us)    Avg(us)    Std_dev    Geo_dist  
Period   1        253          253          0.0        0          415      26919      4313       3965.26    2681.30
Global   20       4980         249          0.0        0          281      61618      4307       4077.59    2665.21

Total Statistics
Type     Time(s)  Ops          TPS(ops/s)   Net(M/s)   Get_miss   Min(us)  Max(us)    Avg(us)    Std_dev    Geo_dist  
Period   1        25119        25119        3.4        0          247      31383      4061       3699.97    2498.48
Global   20       492866       24643        3.4        0          198      95970      4140       3821.81    2557.84

[1;1H[2J
Get Statistics
Type     Time(s)  Ops          TPS(ops/s)   Net(M/s)   Get_miss   Min(us)  Max(us)    Avg(us)    Std_dev    Geo_dist  
Period   1        23711        23711        3.3        0          268      46376      4268       4353.78    2588.86
Global   21       511595       24361        3.3        0          198      95970      4144       3845.93    2558.28

Set Statistics
Type     Time(s)  Ops          TPS(ops/s)   Net(M/s)   Get_miss   Min(us)  Max(us)    Avg(us)    Std_dev    Geo_dist  
Period   1        238          238          0.0        0          329      26771      4389       3999.01    2748.74
Global   21       5218         248          0.0        0          281      61618      4311       4073.43    2668.97

Total Statistics
Type     Time(s)  Ops          TPS(ops/s)   Net(M/s)   Get_miss   Min(us)  Max(us)    Avg(us)    Std_dev    Geo_dist  
Period   1        23949        23949        3.4        0          268      46376      4269       4350.39    2591.17
Global   21       516815       24610        3.3        0          198      95970      4146       3847.98    2559.37

[1;1H[2J
Get Statistics
Type     Time(s)  Ops          TPS(ops/s)   Net(M/s)   Get_miss   Min(us)  Max(us)    Avg(us)    Std_dev    Geo_dist  
Period   1        24929        24929        3.3        0          277      46389      4093       3679.12    2565.69
Global   22       536524       24387        3.4        0          198      95970      4142       3837.96    2558.66

Set Statistics
Type     Time(s)  Ops          TPS(ops/s)   Net(M/s)   Get_miss   Min(us)  Max(us)    Avg(us)    Std_dev    Geo_dist  
Period   1        249          249          0.0        0          456      11141      4113       3386.82    2668.94
Global   22       5467         248          0.0        0          281      61618      4302       4044.61    2668.97

Total Statistics
Type     Time(s)  Ops          TPS(ops/s)   Net(M/s)   Get_miss   Min(us)  Max(us)    Avg(us)    Std_dev    Geo_dist  
Period   1        25176        25176        3.4        0          277      46389      4093       3676.79    2567.49
Global   22       541991       24635        3.5        0          198      95970      4144       3839.71    2559.75

[1;1H[2J
Get Statistics
Type     Time(s)  Ops          TPS(ops/s)   Net(M/s)   Get_miss   Min(us)  Max(us)    Avg(us)    Std_dev    Geo_dist  
Period   1        24340        24340        3.3        0          273      49682      4149       3860.16    2515.28
Global   23       560864       24385        3.3        0          198      95970      4142       3839.25    2556.76

Set Statistics
Type     Time(s)  Ops          TPS(ops/s)   Net(M/s)   Get_miss   Min(us)  Max(us)    Avg(us)    Std_dev    Geo_dist  
Period   1        247          247          0.0        0          330      17017      4109       3496.40    2579.93
Global   23       5714         248          0.0        0          281      61618      4294       4022.02    2665.05

Total Statistics
Type     Time(s)  Ops          TPS(ops/s)   Net(M/s)   Get_miss   Min(us)  Max(us)    Avg(us)    Std_dev    Geo_dist  
Period   1        24591        24591        3.4        0          273      49682      4148       3856.69    2515.87
Global   23       566582       24634        3.4        0          198      95970      4144       3840.63    2557.83

[1;1H[2J
Get Statistics
Type     Time(s)  Ops          TPS(ops/s)   Net(M/s)   Get_miss   Min(us)  Max(us)    Avg(us)    Std_dev    Geo_dist  
Period   1        24512        24512        3.3        0          199      29120      4145       3659.76    2609.01
Global   24       585376       24390        3.4        0          198      95970      4142       3832.03    2558.99

Set Statistics
Type     Time(s)  Ops          TPS(ops/s)   Net(M/s)   Get_miss   Min(us)  Max(us)    Avg(us)    Std_dev    Geo_dist  
Period   1        250          250          0.0        0          406      19734      4383       3648.70    2742.58
Global   24       5964         248          0.0        0          281      61618      4297       4007.61    2668.26

Total Statistics
Type     Time(s)  Ops          TPS(ops/s)   Net(M/s)   Get_miss   Min(us)  Max(us)    Avg(us)    Std_dev    Geo_dist  
Period   1        24760        24760        3.4        0          199      29120      4147       3660.69    2610.49
Global   24       591342       24639        3.4        0          198      95970      4144       3833.40    2560.08

[1;1H[2J
Get Statistics
Type     Time(s)  Ops          TPS(ops/s)   Net(M/s)   Get_miss   Min(us)  Max(us)    Avg(us)    Std_dev    Geo_dist  
Period   1        25202        25202        3.4        0          245      47562      4035       3782.30    2465.95
Global   25       610578       24423        3.5        0          198      95970      4138       3829.62    2555.15

Set Statistics
Type     Time(s)  Ops          TPS(ops/s)   Net(M/s)   Get_miss   Min(us)  Max(us)    Avg(us)    Std_dev    Geo_dist  
Period   1        253          253          0.0        0          426      20453      3961       3733.94    2412.27
Global   25       6217         248          0.0        0          281      61618      4284       3996.39    2657.33

Total Statistics
Type     Time(s)  Ops          TPS(ops/s)   Net(M/s)   Get_miss   Min(us)  Max(us)    Avg(us)    Std_dev    Geo_dist  
Period   1        25455        25455        3.4        0          245      47562      4034       3782.20    2466.25
Global   25       616797       24671        3.5        0          198      95970      4139       3831.87    2556.17

[1;1H[2J
Get Statistics
Type     Time(s)  Ops          TPS(ops/s)   Net(M/s)   Get_miss   Min(us)  Max(us)    Avg(us)    Std_dev    Geo_dist  
Period   1        24500        24500        3.4        0          212      29525      4117       3645.24    2533.70
Global   26       635078       24426        3.4        0          198      95970      4137       3822.89    2554.39

Set Statistics
Type     Time(s)  Ops          TPS(ops/s)   Net(M/s)   Get_miss   Min(us)  Max(us)    Avg(us)    Std_dev    Geo_dist  
Period   1        251          251          0.0        0          321      13018      4028       3384.76    2557.71
Global   26       6468         248          0.0        0          281      61618      4274       3974.56    2653.39

Total Statistics
Type     Time(s)  Ops          TPS(ops/s)   Net(M/s)   Get_miss   Min(us)  Max(us)    Avg(us)    Std_dev    Geo_dist  
Period   1        24751        24751        3.4        0          212      29525      4116       3643.07    2534.86
Global   26       641548       24674        3.4        0          198      95970      4139       3823.81    2555.38

[1;1H[2J
Get Statistics
Type     Time(s)  Ops          TPS(ops/s)   Net(M/s)   Get_miss   Min(us)  Max(us)    Avg(us)    Std_dev    Geo_dist  
Period   1        23953        23953        3.4        0          229      49245      4254       3651.82    2785.26
Global   27       659031       24408        3.3        0          198      95970      4141       3817.15    2562.48

Set Statistics
Type     Time(s)  Ops          TPS(ops/s)   Net(M/s)   Get_miss   Min(us)  Max(us)    Avg(us)    Std_dev    Geo_dist  
Period   1        243          243          0.0        0          381      19897      4613       3549.41    3114.52
Global   27       6711         248          0.0        0          281      61618      4286       3960.53    2668.83

Total Statistics
Type     Time(s)  Ops          TPS(ops/s)   Net(M/s)   Get_miss   Min(us)  Max(us)    Avg(us)    Std_dev    Geo_dist  
Period   1        24196        24196        3.4        0          229      49245      4257       3651.35    2787.37
Global   27       665744       24657        3.3        0          198      95970      4143       3818.08    2563.53

[1;1H[2J
Get Statistics
Type     Time(s)  Ops          TPS(ops/s)   Net(M/s)   Get_miss   Min(us)  Max(us)    Avg(us)    Std_dev    Geo_dist  
Period   1        24523        24523        3.4        0          215      53249      4136       3759.43    2595.37
Global   28       683554       24412        3.4        0          198      95970      4141       3814.91    2563.68

Set Statistics
Type     Time(s)  Ops          TPS(ops/s)   Net(M/s)   Get_miss   Min(us)  Max(us)    Avg(us)    Std_dev    Geo_dist  
Period   1        240          240          0.0        0          506      25196      3924       3543.64    2513.94
Global   28       6951         248          0.0        0          281      61618      4273       3947.73    2663.33

Total Statistics
Type     Time(s)  Ops          TPS(ops/s)   Net(M/s)   Get_miss   Min(us)  Max(us)    Avg(us)    Std_dev    Geo_dist  
Period   1        24763        24763        3.4        0          215      53249      4134       3757.57    2595.49
Global   28       690507       24660        3.4        0          198      95970      4143       3815.57    2564.67

[1;1H[2J
Get Statistics
Type     Time(s)  Ops          TPS(ops/s)   Net(M/s)   Get_miss   Min(us)  Max(us)    Avg(us)    Std_dev    Geo_dist  
Period   1        25040        25040        3.4        0          255      61973      4010       4277.86    2429.95
Global   29       708594       24434        3.4        0          198      95970      4137       3831.63    2558.86

Set Statistics
Type     Time(s)  Ops          TPS(ops/s)   Net(M/s)   Get_miss   Min(us)  Max(us)    Avg(us)    Std_dev    Geo_dist  
Period   1        264          264          0.0        0          424      17069      3929       3616.59    2454.41
Global   29       7215         248          0.0        0          281      61618      4261       3935.77    2655.38

Total Statistics
Type     Time(s)  Ops          TPS(ops/s)   Net(M/s)   Get_miss   Min(us)  Max(us)    Avg(us)    Std_dev    Geo_dist  
Period   1        25304        25304        3.4        0          255      61973      4009       4271.89    2431.07
Global   29       715811       24683        3.5        0          198      95970      4138       3832.99    2559.83

[1;1H[2J
Get Statistics
Type     Time(s)  Ops          TPS(ops/s)   Net(M/s)   Get_miss   Min(us)  Max(us)    Avg(us)    Std_dev    Geo_dist  
Period   1        24551        24551        3.4        0          281      34623      4006       3713.74    2426.13
Global   30       733145       24438        3.4        0          198      95970      4132       3828.48    2554.34

Set Statistics
Type     Time(s)  Ops          TPS(ops/s)   Net(M/s)   Get_miss   Min(us)  Max(us)    Avg(us)    Std_dev    Geo_dist  
Period   1        246          246          0.0        0          438      18679      4028       3538.32    2529.69
Global   30       7461         248          0.0        0          281      61618      4253       3923.65    2651.14

Total Statistics
Type     Time(s)  Ops          TPS(ops/s)   Net(M/s)   Get_miss   Min(us)  Max(us)    Avg(us)    Std_dev    Geo_dist  
Period   1        24795        24795        3.4        0          281      34623      4006       3712.19    2427.78
Global   30       740606       24686        3.4        0          198      95970      4133       3829.70    2555.29

[1;1H[2J
Get Statistics
Type     Time(s)  Ops          TPS(ops/s)   Net(M/s)   Get_miss   Min(us)  Max(us)    Avg(us)    Std_dev    Geo_dist  
Period   1        25107        25107        3.4        0          274      40502      4158       4129.63    2561.67
Global   31       758252       24459        3.4        0          198      95970      4133       3838.68    2554.58

Set Statistics
Type     Time(s)  Ops          TPS(ops/s)   Net(M/s)   Get_miss   Min(us)  Max(us)    Avg(us)    Std_dev    Geo_dist  
Period   1        250          250          0.0        0          331      25130      4449       4019.13    2744.87
Global   31       7711         248          0.0        0          281      61618      4260       3925.97    2654.13

Total Statistics
Type     Time(s)  Ops          TPS(ops/s)   Net(M/s)   Get_miss   Min(us)  Max(us)    Avg(us)    Std_dev    Geo_dist  
Period   1        25358        25358        3.4        0          274      40502      4161       4128.83    2564.42
Global   31       765964       24708        3.5        0          198      95970      4134       3839.90    2555.59

[1;1H[2J
Get Statistics
Type     Time(s)  Ops          TPS(ops/s)   Net(M/s)   Get_miss   Min(us)  Max(us)    Avg(us)    Std_dev    Geo_dist  
Period   1        24100        24100        3.4        0          246      58927      4211       4032.10    2642.82
Global   32       782352       24448        3.3        0          198      95970      4135       3845.25    2557.28

Set Statistics
Type     Time(s)  Ops          TPS(ops/s)   Net(M/s)   Get_miss   Min(us)  Max(us)    Avg(us)    Std_dev    Geo_dist  
Period   1        238          238          0.0        0          422      25022      4433       4075.56    2783.43
Global   32       7949         248          0.0        0          281      61618      4265       3930.57    2657.91

Total Statistics
Type     Time(s)  Ops          TPS(ops/s)   Net(M/s)   Get_miss   Min(us)  Max(us)    Avg(us)    Std_dev    Geo_dist  
Period   1        24339        24339        3.4        0          246      58927      4213       4032.72    2644.26
Global   32       790303       24696        3.3        0          198      95970      4137       3845.40    2558.28

[1;1H[2J
Get Statistics
Type     Time(s)  Ops          TPS(ops/s)   Net(M/s)   Get_miss   Min(us)  Max(us)    Avg(us)    Std_dev    Geo_dist  
Period   1        24537        24537        3.4        0          237      37617      4067       3454.71    2626.20
Global   33       806889       24451        3.4        0          198      95970      4133       3833.91    2559.38

Set Statistics
Type     Time(s)  Ops          TPS(ops/s)   Net(M/s)   Get_miss   Min(us)  Max(us)    Avg(us)    Std_dev    Geo_dist  
Period   1        256          256          0.0        0          378      27425      4042       3548.10    2616.13
Global   33       8205         248          0.0        0          281      61618      4258       3919.25    2656.60

Total Statistics
Type     Time(s)  Ops          TPS(ops/s)   Net(M/s)   Get_miss   Min(us)  Max(us)    Avg(us)    Std_dev    Geo_dist  
Period   1        24793        24793        3.4        0          237      37617      4067       3455.53    2627.02
Global   33       815096       24699        3.4        0          198      95970      4135       3834.00    2560.34

[1;1H[2J
Get Statistics
Type     Time(s)  Ops          TPS(ops/s)   Net(M/s)   Get_miss   Min(us)  Max(us)    Avg(us)    Std_dev    Geo_dist  
Period   1        24990        24990        3.4        0          271      70337      4075       3710.90    2496.62
Global   34       831879       24467        3.4        0          198      95970      4132       3829.49    2557.50

Set Statistics
Type     Time(s)  Ops          TPS(ops/s)   Net(M/s)   Get_miss   Min(us)  Max(us)    Avg(us)    Std_dev    Geo_dist  
Period   1        247          247          0.0        0          510      17953      3816       3395.72    2421.21
Global   34       8452         248          0.0        0          281      61618      4245       3905.57    2649.40

Total Statistics
Type     Time(s)  Ops          TPS(ops/s)   Net(M/s)   Get_miss   Min(us)  Max(us)    Avg(us)    Std_dev    Geo_dist  
Period   1        25235        25235        3.4        0          271      70337      4073       3707.46    2496.54
Global   34       840331       24715        3.5        0          198      95970      4133       3830.42    2558.40

[1;1H[2J
Get Statistics
Type     Time(s)  Ops          TPS(ops/s)   Net(M/s)   Get_miss   Min(us)  Max(us)    Avg(us)    Std_dev    Geo_dist  
Period   1        25225        25225        3.4        0          206      34317      4012       3648.03    2445.34
Global   35       857104       24488        3.5        0          198      95970      4128       3824.83    2554.12

Set Statistics
Type     Time(s)  Ops          TPS(ops/s)   Net(M/s)   Get_miss   Min(us)  Max(us)    Avg(us)    Std_dev    Geo_dist  
Period   1        258          258          0.0        0          550      10354      4176       3506.54    2577.42
Global   35       8710         248          0.0        0          281      61618      4243       3894.12    2647.24

Total Statistics
Type     Time(s)  Ops          TPS(ops/s)   Net(M/s)   Get_miss   Min(us)  Max(us)    Avg(us)    Std_dev    Geo_dist  
Period   1        25485        25485        3.4        0          206      34317      4013       3647.65    2446.86
Global   35       865816       24737        3.5        0          198      95970      4129       3825.72    2555.05

[1;1H[2J
Get Statistics
Type     Time(s)  Ops          TPS(ops/s)   Net(M/s)   Get_miss   Min(us)  Max(us)    Avg(us)    Std_dev    Geo_dist  
Period   1        24488        24488        3.4        0          208      58620      4127       3954.23    2488.69
Global   36       881592       24488        3.4        0          198      95970      4128       3828.46    2552.31

Set Statistics
Type     Time(s)  Ops          TPS(ops/s)   Net(M/s)   Get_miss   Min(us)  Max(us)    Avg(us)    Std_dev    Geo_dist  
Period   1        246          246          0.0        0          436      21264      4154       3673.78    2614.11
Global   36       8956         248          0.0        0          281      61618      4240       3888.67    2646.33

Total Statistics
Type     Time(s)  Ops          TPS(ops/s)   Net(M/s)   Get_miss   Min(us)  Max(us)    Avg(us)    Std_dev    Geo_dist  
Period   1        24735        24735        3.4        0          208      58620      4128       3951.15    2490.92
Global   36       890551       24737        3.4        0          198      95970      4129       3829.23    2553.25

[1;1H[2J
Get Statistics
Type     Time(s)  Ops          TPS(ops/s)   Net(M/s)   Get_miss   Min(us)  Max(us)    Avg(us)    Std_dev    Geo_dist  
Period   1        23313        23313        3.4        0          241      59208      4357       5005.99    2624.97
Global   37       904905       24456        3.2        0          198      95970      4134       3863.38    2554.21

Set Statistics
Type     Time(s)  Ops          TPS(ops/s)   Net(M/s)   Get_miss   Min(us)  Max(us)    Avg(us)    Std_dev    Geo_dist  
Period   1        239          239          0.0        0          655      40107      5067       4616.93    3271.12
Global   37       9195         248          0.0        0          281      61618      4262       3910.69    2660.95

Total Statistics
Type     Time(s)  Ops          TPS(ops/s)   Net(M/s)   Get_miss   Min(us)  Max(us)    Avg(us)    Std_dev    Geo_dist  
Period   1        23551        23551        3.4        0          241      59208      4365       5001.97    2632.56
Global   37       914102       24705        3.2        0          198      95970      4135       3864.18    2555.26

[1;1H[2J
Get Statistics
Type     Time(s)  Ops          TPS(ops/s)   Net(M/s)   Get_miss   Min(us)  Max(us)    Avg(us)    Std_dev    Geo_dist  
Period   1        24492        24492        3.4        0          247      42860      4116       3887.59    2464.87
Global   38       929397       24457        3.4        0          198      95970      4134       3863.51    2551.83

Set Statistics
Type     Time(s)  Ops          TPS(ops/s)   Net(M/s)   Get_miss   Min(us)  Max(us)    Avg(us)    Std_dev    Geo_dist  
Period   1        244          244          0.0        0          413      19079      4088       3487.06    2575.08
Global   38       9439         248          0.0        0          281      61618      4257       3900.80    2658.69

Total Statistics
Type     Time(s)  Ops          TPS(ops/s)   Net(M/s)   Get_miss   Min(us)  Max(us)    Avg(us)    Std_dev    Geo_dist  
Period   1        24734        24734        3.4        0          247      42860      4115       3884.58    2464.20
Global   38       938836       24706        3.4        0          198      95970      4135       3864.16    2552.89

[1;1H[2J
Get Statistics
Type     Time(s)  Ops          TPS(ops/s)   Net(M/s)   Get_miss   Min(us)  Max(us)    Avg(us)    Std_dev    Geo_dist  
Period   1        24837        24837        3.4        0          284      78380      4030       4045.49    2493.24
Global   39       954234       24467        3.4        0          198      95970      4131       3868.70    2550.29

Set Statistics
Type     Time(s)  Ops          TPS(ops/s)   Net(M/s)   Get_miss   Min(us)  Max(us)    Avg(us)    Std_dev    Geo_dist  
Period   1        251          251          0.0        0          406      15112      4204       3438.72    2751.45
Global   39       9690         248          0.0        0          281      61618      4256       3888.97    2661.05

Total Statistics
Type     Time(s)  Ops          TPS(ops/s)   Net(M/s)   Get_miss   Min(us)  Max(us)    Avg(us)    Std_dev    Geo_dist  
Period   1        25089        25089        3.4        0          284      78380      4031       4040.43    2495.56
Global   39       963925       24716        3.4        0          198      95970      4132       3869.19    2551.38

[1;1H[2J
Get Statistics
Type     Time(s)  Ops          TPS(ops/s)   Net(M/s)   Get_miss   Min(us)  Max(us)    Avg(us)    Std_dev    Geo_dist  
Period   1        24603        24603        3.4        0          273      79019      4101       3853.79    2554.31
Global   40       978837       24470        3.4        0          198      95970      4130       3868.59    2550.39

Set Statistics
Type     Time(s)  Ops          TPS(ops/s)   Net(M/s)   Get_miss   Min(us)  Max(us)    Avg(us)    Std_dev    Geo_dist  
Period   1        252          252          0.0        0          488      61821      4407       4963.27    2774.87
Global   40       9942         248          0.0        0          281      61821      4260       3919.41    2663.88

Total Statistics
Type     Time(s)  Ops          TPS(ops/s)   Net(M/s)   Get_miss   Min(us)  Max(us)    Avg(us)    Std_dev    Geo_dist  
Period   1        24856        24856        3.4        0          273      79019      4104       3867.02    2556.80
Global   40       988781       24719        3.4        0          198      95970      4131       3869.46    2551.51

[1;1H[2J
Get Statistics
Type     Time(s)  Ops          TPS(ops/s)   Net(M/s)   Get_miss   Min(us)  Max(us)    Avg(us)    Std_dev    Geo_dist  
Period   1        24938        24938        3.4        0          247      44994      4059       3591.68    2548.14
Global   41       1003775      24482        3.4        0          198      95970      4128       3862.22    2550.36

Set Statistics
Type     Time(s)  Ops          TPS(ops/s)   Net(M/s)   Get_miss   Min(us)  Max(us)    Avg(us)    Std_dev    Geo_dist  
Period   1        243          243          0.0        0          573      27440      4230       3875.24    2698.56
Global   41       10185        248          0.0        0          281      61821      4259       3918.48    2664.70

Total Statistics
Type     Time(s)  Ops          TPS(ops/s)   Net(M/s)   Get_miss   Min(us)  Max(us)    Avg(us)    Std_dev    Geo_dist  
Period   1        25179        25179        3.4        0          247      44994      4061       3594.16    2550.25
Global   41       1013960      24730        3.5        0          198      95970      4130       3862.08    2551.48

[1;1H[2J
Get Statistics
Type     Time(s)  Ops          TPS(ops/s)   Net(M/s)   Get_miss   Min(us)  Max(us)    Avg(us)    Std_dev    Geo_dist  
Period   1        23850        23850        3.4        0          287      68281      4206       3771.77    2665.23
Global   42       1027625      24467        3.3        0          198      95970      4130       3859.96    2552.97

Set Statistics
Type     Time(s)  Ops          TPS(ops/s)   Net(M/s)   Get_miss   Min(us)  Max(us)    Avg(us)    Std_dev    Geo_dist  
Period   1        244          244          0.0        0          465      17055      4435       3434.40    2920.87
Global   42       10429        248          0.0        0          281      61821      4263       3907.91    2670.43

Total Statistics
Type     Time(s)  Ops          TPS(ops/s)   Net(M/s)   Get_miss   Min(us)  Max(us)    Avg(us)    Std_dev    Geo_dist  
Period   1        24094        24094        3.4        0          287      68281      4208       3768.86    2667.70
Global   42       1038054      24715        3.3        0          198      95970      4131       3860.83    2554.12

[1;1H[2J
Get Statistics
Type     Time(s)  Ops          TPS(ops/s)   Net(M/s)   Get_miss   Min(us)  Max(us)    Avg(us)    Std_dev    Geo_dist  
Period   1        24268        24268        3.4        0          242      59014      4188       3859.63    2609.40
Global   43       1051893      24462        3.3        0          198      95970      4131       3860.32    2554.23

Set Statistics
Type     Time(s)  Ops          TPS(ops/s)   Net(M/s)   Get_miss   Min(us)  Max(us)    Avg(us)    Std_dev    Geo_dist  
Period   1        247          247          0.0        0          383      15707      4298       3500.85    2762.55
Global   43       10676        248          0.0        0          281      61821      4264       3898.62    2672.53

Total Statistics
Type     Time(s)  Ops          TPS(ops/s)   Net(M/s)   Get_miss   Min(us)  Max(us)    Avg(us)    Std_dev    Geo_dist  
Period   1        24517        24517        3.4        0          242      59014      4189       3856.12    2610.16
Global   43       1062571      24710        3.4        0          198      95970      4133       3860.02    2555.40

[1;1H[2J
Get Statistics
Type     Time(s)  Ops          TPS(ops/s)   Net(M/s)   Get_miss   Min(us)  Max(us)    Avg(us)    Std_dev    Geo_dist  
Period   1        24185        24185        3.4        0          289      51780      4227       3785.12    2630.27
Global   44       1076078      24456        3.3        0          198      95970      4134       3857.78    2555.96

Set Statistics
Type     Time(s)  Ops          TPS(ops/s)   Net(M/s)   Get_miss   Min(us)  Max(us)    Avg(us)    Std_dev    Geo_dist  
Period   1        244          244          0.0        0          562      11236      4147       3396.89    2715.49
Global   44       10920        248          0.0        0          281      61821      4261       3888.44    2673.48

Total Statistics
Type     Time(s)  Ops          TPS(ops/s)   Net(M/s)   Get_miss   Min(us)  Max(us)    Avg(us)    Std_dev    Geo_dist  
Period   1        24429        24429        3.4        0          289      51780      4226       3781.39    2631.62
Global   44       1087000      24704        3.4        0          198      95970      4135       3858.39    2557.11

[1;1H[2J
Get Statistics
Type     Time(s)  Ops          TPS(ops/s)   Net(M/s)   Get_miss   Min(us)  Max(us)    Avg(us)    Std_dev    Geo_dist  
Period   1        23262        23262        3.4        0          280      44548      4335       4280.58    2634.79
Global   45       1099340      24429        3.2        0          198      95970      4138       3867.58    2557.62

Set Statistics
Type     Time(s)  Ops          TPS(ops/s)   Net(M/s)   Get_miss   Min(us)  Max(us)    Avg(us)    Std_dev    Geo_dist  
Period   1        237          237          0.0        0          377      28404      4361       4001.94    2746.15
Global   45       11157        247          0.0        0          281      61821      4264       3889.77    2675.00

Total Statistics
Type     Time(s)  Ops          TPS(ops/s)   Net(M/s)   Get_miss   Min(us)  Max(us)    Avg(us)    Std_dev    Geo_dist  
Period   1        23499        23499        3.4        0          280      44548      4335       4278.06    2636.74
Global   45       1110499      24677        3.2        0          198      95970      4139       3868.10    2558.77

[1;1H[2J
Get Statistics
Type     Time(s)  Ops          TPS(ops/s)   Net(M/s)   Get_miss   Min(us)  Max(us)    Avg(us)    Std_dev    Geo_dist  
Period   1        23710        23710        3.4        0          193      62800      4153       4237.07    2462.26
Global   46       1123050      24414        3.3        0          193      95970      4138       3876.08    2555.60

Set Statistics
Type     Time(s)  Ops          TPS(ops/s)   Net(M/s)   Get_miss   Min(us)  Max(us)    Avg(us)    Std_dev    Geo_dist  
Period   1        238          238          0.0        0          342      34000      4679       4964.70    2645.96
Global   46       11395        247          0.0        0          281      61821      4272       3916.15    2674.39

Total Statistics
Type     Time(s)  Ops          TPS(ops/s)   Net(M/s)   Get_miss   Min(us)  Max(us)    Avg(us)    Std_dev    Geo_dist  
Period   1        23948        23948        3.4        0          193      62800      4159       4244.86    2465.11
Global   46       1134447      24661        3.3        0          193      95970      4140       3875.81    2556.77

[1;1H[2J
Get Statistics
Type     Time(s)  Ops          TPS(ops/s)   Net(M/s)   Get_miss   Min(us)  Max(us)    Avg(us)    Std_dev    Geo_dist  
Period   1        24095        24095        3.4        0          225      59445      4205       3854.71    2625.24
Global   47       1147145      24407        3.3        0          193      95970      4140       3875.02    2557.06

Set Statistics
Type     Time(s)  Ops          TPS(ops/s)   Net(M/s)   Get_miss   Min(us)  Max(us)    Avg(us)    Std_dev    Geo_dist  
Period   1        244          244          0.0        0          357      17405      4181       3559.98    2666.03
Global   47       11639        247          0.0        0          281      61821      4270       3909.00    2674.22

Total Statistics
Type     Time(s)  Ops          TPS(ops/s)   Net(M/s)   Get_miss   Min(us)  Max(us)    Avg(us)    Std_dev    Geo_dist  
Period   1        24339        24339        3.4        0          225      59445      4205       3851.61    2626.55
Global   47       1158786      24655        3.3        0          193      95970      4141       3875.71    2558.22

[1;1H[2J
Get Statistics
Type     Time(s)  Ops          TPS(ops/s)   Net(M/s)   Get_miss   Min(us)  Max(us)    Avg(us)    Std_dev    Geo_dist  
Period   1        23981        23981        3.4        0          247      28743      4208       3591.66    2692.11
Global   48       1171126      24398        3.3        0          193      95970      4141       3869.86    2559.78

Set Statistics
Type     Time(s)  Ops          TPS(ops/s)   Net(M/s)   Get_miss   Min(us)  Max(us)    Avg(us)    Std_dev    Geo_dist  
Period   1        242          242          0.0        0          315      12615      4279       3472.05    2781.30
Global   48       11881        247          0.0        0          281      61821      4270       3900.65    2676.36

Total Statistics
Type     Time(s)  Ops          TPS(ops/s)   Net(M/s)   Get_miss   Min(us)  Max(us)    Avg(us)    Std_dev    Geo_dist  
Period   1        24223        24223        3.4        0          247      28743      4209       3590.56    2694.01
Global   48       1183009      24646        3.3        0          193      95970      4142       3870.51    2560.93

[1;1H[2J
Get Statistics
Type     Time(s)  Ops          TPS(ops/s)   Net(M/s)   Get_miss   Min(us)  Max(us)    Avg(us)    Std_dev    Geo_dist  
Period   1        24551        24551        3.4        0          302      45361      4139       3700.07    2563.60
Global   49       1195677      24401        3.4        0          193      95970      4141       3866.41    2559.88

Set Statistics
Type     Time(s)  Ops          TPS(ops/s)   Net(M/s)   Get_miss   Min(us)  Max(us)    Avg(us)    Std_dev    Geo_dist  
Period   1        248          248          0.0        0          460      26030      4558       3857.05    2936.63
Global   49       12129        247          0.0        0          281      61821      4276       3899.70    2681.44

Total Statistics
Type     Time(s)  Ops          TPS(ops/s)   Net(M/s)   Get_miss   Min(us)  Max(us)    Avg(us)    Std_dev    Geo_dist  
Period   1        24799        24799        3.4        0          302      45361      4143       3701.72    2566.17
Global   49       1207808      24649        3.4        0          193      95970      4142       3867.15    2561.07

[1;1H[2J
Get Statistics
Type     Time(s)  Ops          TPS(ops/s)   Net(M/s)   Get_miss   Min(us)  Max(us)    Avg(us)    Std_dev    Geo_dist  
Period   1        24146        24146        3.4        0          223      67198      4184       3872.13    2593.08
Global   50       1219823      24396        3.3        0          193      95970      4142       3866.37    2560.55

Set Statistics
Type     Time(s)  Ops          TPS(ops/s)   Net(M/s)   Get_miss   Min(us)  Max(us)    Avg(us)    Std_dev    Geo_dist  
Period   1        245          245          0.0        0          346      20458      4390       3903.66    2687.14
Global   50       12374        247          0.0        0          281      61821      4279       3898.84    2681.55

Total Statistics
Type     Time(s)  Ops          TPS(ops/s)   Net(M/s)   Get_miss   Min(us)  Max(us)    Avg(us)    Std_dev    Geo_dist  
Period   1        24391        24391        3.4        0          223      67198      4186       3872.68    2594.94
Global   50       1232199      24643        3.3        0          193      95970      4143       3867.12    2561.74

[1;1H[2J
Get Statistics
Type     Time(s)  Ops          TPS(ops/s)   Net(M/s)   Get_miss   Min(us)  Max(us)    Avg(us)    Std_dev    Geo_dist  
Period   1        24227        24227        3.3        0          235      85018      4179       4355.70    2515.43
Global   51       1244050      24393        3.3        0          193      95970      4143       3876.20    2559.68

Set Statistics
Type     Time(s)  Ops          TPS(ops/s)   Net(M/s)   Get_miss   Min(us)  Max(us)    Avg(us)    Std_dev    Geo_dist  
Period   1        243          243          0.0        0          433      23094      4087       3892.13    2542.34
Global   51       12617        247          0.0        0          281      61821      4275       3898.98    2678.80

Total Statistics
Type     Time(s)  Ops          TPS(ops/s)   Net(M/s)   Get_miss   Min(us)  Max(us)    Avg(us)    Std_dev    Geo_dist  
Period   1        24470        24470        3.4        0          235      85018      4178       4351.74    2516.64
Global   51       1256669      24640        3.4        0          193      95970      4144       3876.80    2560.85

[1;1H[2J
Get Statistics
Type     Time(s)  Ops          TPS(ops/s)   Net(M/s)   Get_miss   Min(us)  Max(us)    Avg(us)    Std_dev    Geo_dist  
Period   1        24571        24571        3.4        0          229      54943      4144       3890.12    2512.71
Global   52       1268621      24396        3.4        0          193      95970      4143       3876.49    2558.78

Set Statistics
Type     Time(s)  Ops          TPS(ops/s)   Net(M/s)   Get_miss   Min(us)  Max(us)    Avg(us)    Std_dev    Geo_dist  
Period   1        253          253          0.0        0          398      17891      3866       3558.94    2374.26
Global   52       12870        247          0.0        0          281      61821      4267       3892.82    2672.45

Total Statistics
Type     Time(s)  Ops          TPS(ops/s)   Net(M/s)   Get_miss   Min(us)  Max(us)    Avg(us)    Std_dev    Geo_dist  
Period   1        24822        24822        3.4        0          229      54943      4141       3886.79    2511.03
Global   52       1281491      24644        3.4        0          193      95970      4144       3876.94    2559.90

[1;1H[2J
Get Statistics
Type     Time(s)  Ops          TPS(ops/s)   Net(M/s)   Get_miss   Min(us)  Max(us)    Avg(us)    Std_dev    Geo_dist  
Period   1        23507        23507        3.3        0          288      65634      4274       5139.54    2470.50
Global   53       1292128      24379        3.2        0          193      95970      4145       3903.56    2557.15

Set Statistics
Type     Time(s)  Ops          TPS(ops/s)   Net(M/s)   Get_miss   Min(us)  Max(us)    Avg(us)    Std_dev    Geo_dist  
Period   1        233          233          0.0        0          230      18476      3985       3686.50    2385.85
Global   53       13103        247          0.0        0          230      61821      4262       3889.28    2667.07

Total Statistics
Type     Time(s)  Ops          TPS(ops/s)   Net(M/s)   Get_miss   Min(us)  Max(us)    Avg(us)    Std_dev    Geo_dist  
Period   1        23741        23741        3.4        0          230      65634      4271       5127.43    2469.76
Global   53       1305232      24627        3.3        0          193      95970      4146       3903.62    2558.23

[1;1H[2J
Get Statistics
Type     Time(s)  Ops          TPS(ops/s)   Net(M/s)   Get_miss   Min(us)  Max(us)    Avg(us)    Std_dev    Geo_dist  
Period   1        24528        24528        3.3        0          239      61811      4130       3760.70    2602.90
Global   54       1316656      24382        3.4        0          193      95970      4145       3900.66    2558.01

Set Statistics
Type     Time(s)  Ops          TPS(ops/s)   Net(M/s)   Get_miss   Min(us)  Max(us)    Avg(us)    Std_dev    Geo_dist  
Period   1        252          252          0.0        0          493      18486      4124       3490.34    2723.10
Global   54       13355        247          0.0        0          230      61821      4259       3882.49    2668.11

Total Statistics
Type     Time(s)  Ops          TPS(ops/s)   Net(M/s)   Get_miss   Min(us)  Max(us)    Avg(us)    Std_dev    Geo_dist  
Period   1        24779        24779        3.4        0          239      61811      4129       3758.95    2604.00
Global   54       1330011      24629        3.4        0          193      95970      4146       3900.64    2559.09

[1;1H[2J
Get Statistics
Type     Time(s)  Ops          TPS(ops/s)   Net(M/s)   Get_miss   Min(us)  Max(us)    Avg(us)    Std_dev    Geo_dist  
Period   1        24470        24470        3.3        0          240      62649      4162       3970.80    2518.67
Global   55       1341126      24384        3.4        0          193      95970      4145       3902.28    2557.29

Set Statistics
Type     Time(s)  Ops          TPS(ops/s)   Net(M/s)   Get_miss   Min(us)  Max(us)    Avg(us)    Std_dev    Geo_dist  
Period   1        244          244          0.0        0          451      17877      4273       3698.57    2622.62
Global   55       13599        247          0.0        0          230      61821      4260       3878.32    2667.29

Total Statistics
Type     Time(s)  Ops          TPS(ops/s)   Net(M/s)   Get_miss   Min(us)  Max(us)    Avg(us)    Std_dev    Geo_dist  
Period   1        24715        24715        3.4        0          240      62649      4163       3968.30    2519.77
Global   55       1354726      24631        3.4        0          193      95970      4146       3902.22    2558.37

[1;1H[2J
Get Statistics
Type     Time(s)  Ops          TPS(ops/s)   Net(M/s)   Get_miss   Min(us)  Max(us)    Avg(us)    Std_dev    Geo_dist  
Period   1        24621        24621        3.3        0          202      64486      4106       3749.34    2554.59
Global   56       1365747      24388        3.4        0          193      95970      4144       3899.89    2557.25

Set Statistics
Type     Time(s)  Ops          TPS(ops/s)   Net(M/s)   Get_miss   Min(us)  Max(us)    Avg(us)    Std_dev    Geo_dist  
Period   1        252          252          0.0        0          452      21310      4022       3508.35    2546.41
Global   56       13851        247          0.0        0          230      61821      4255       3872.65    2665.04

Total Statistics
Type     Time(s)  Ops          TPS(ops/s)   Net(M/s)   Get_miss   Min(us)  Max(us)    Avg(us)    Std_dev    Geo_dist  
Period   1        24875        24875        3.4        0          202      64486      4105       3747.13    2554.68
Global   56       1379601      24635        3.4        0          193      95970      4145       3899.76    2558.32

[1;1H[2J
Get Statistics
Type     Time(s)  Ops          TPS(ops/s)   Net(M/s)   Get_miss   Min(us)  Max(us)    Avg(us)    Std_dev    Geo_dist  
Period   1        23919        23919        3.3        0          299      56229      4218       3937.46    2557.40
Global   57       1389666      24380        3.3        0          193      95970      4146       3899.79    2557.30

Set Statistics
Type     Time(s)  Ops          TPS(ops/s)   Net(M/s)   Get_miss   Min(us)  Max(us)    Avg(us)    Std_dev    Geo_dist  
Period   1        236          236          0.0        0          433      19712      4728       3711.25    2996.96
Global   57       14087        247          0.0        0          230      61821      4263       3870.27    2670.29

Total Statistics
Type     Time(s)  Ops          TPS(ops/s)   Net(M/s)   Get_miss   Min(us)  Max(us)    Avg(us)    Std_dev    Geo_dist  
Period   1        24154        24154        3.4        0          299      56229      4223       3935.59    2562.95
Global   57       1403755      24627        3.3        0          193      95970      4147       3899.69    2558.41

[1;1H[2J
Get Statistics
Type     Time(s)  Ops          TPS(ops/s)   Net(M/s)   Get_miss   Min(us)  Max(us)    Avg(us)    Std_dev    Geo_dist  
Period   1        24117        24117        3.3        0          270      39643      4160       3621.55    2614.00
Global   58       1413783      24375        3.3        0          193      95970      4146       3895.47    2558.28

Set Statistics
Type     Time(s)  Ops          TPS(ops/s)   Net(M/s)   Get_miss   Min(us)  Max(us)    Avg(us)    Std_dev    Geo_dist  
Period   1        245          245          0.0        0          365      19190      4345       3545.02    2829.61
Global   58       14332        247          0.0        0          230      61821      4265       3864.18    2672.93

Total Statistics
Type     Time(s)  Ops          TPS(ops/s)   Net(M/s)   Get_miss   Min(us)  Max(us)    Avg(us)    Std_dev    Geo_dist  
Period   1        24362        24362        3.4        0          270      39643      4162       3620.97    2617.09
Global   58       1428117      24622        3.3        0          193      95970      4147       3895.38    2559.40

[1;1H[2J
Get Statistics
Type     Time(s)  Ops          TPS(ops/s)   Net(M/s)   Get_miss   Min(us)  Max(us)    Avg(us)    Std_dev    Geo_dist  
Period   1        24998        24998        3.3        0          235      69871      4067       3923.18    2521.80
Global   59       1438781      24386        3.4        0          193      95970      4144       3896.64    2557.65

Set Statistics
Type     Time(s)  Ops          TPS(ops/s)   Net(M/s)   Get_miss   Min(us)  Max(us)    Avg(us)    Std_dev    Geo_dist  
Period   1        260          260          0.0        0          433      18864      4024       3565.87    2534.79
Global   59       14592        247          0.0        0          230      61821      4260       3859.87    2670.41

Total Statistics
Type     Time(s)  Ops          TPS(ops/s)   Net(M/s)   Get_miss   Min(us)  Max(us)    Avg(us)    Std_dev    Geo_dist  
Period   1        25257        25257        3.4        0          235      69871      4067       3919.26    2522.68
Global   59       1453374      24633        3.5        0          193      95970      4146       3895.39    2558.76

[1;1H[2J
Get Statistics
Type     Time(s)  Ops          TPS(ops/s)   Net(M/s)   Get_miss   Min(us)  Max(us)    Avg(us)    Std_dev    Geo_dist  
Period   1        24981        24981        3.4        0          266      50211      4064       3893.80    2443.24
Global   60       1463762      24396        3.4        0          193      95970      4143       3896.21    2555.67

Set Statistics
Type     Time(s)  Ops          TPS(ops/s)   Net(M/s)   Get_miss   Min(us)  Max(us)    Avg(us)    Std_dev    Geo_dist  
Period   1        243          243          0.0        0          393      19687      4270       3681.24    2626.50
Global   60       14835        247          0.0        0          230      61821      4260       3857.07    2669.68

Total Statistics
Type     Time(s)  Ops          TPS(ops/s)   Net(M/s)   Get_miss   Min(us)  Max(us)    Avg(us)    Std_dev    Geo_dist  
Period   1        25226        25226        3.4        0          266      50211      4066       3892.17    2443.65
Global   60       1478600      24643        3.5        0          193      95970      4144       3896.03    2556.80

Get Statistics (1463865 events)
   Min:       193
   Max:     95970
   Avg:      4143
   Geo:   2555.80
   Std:   3896.75
   Log2 Dist:
       8:       74    21025   361359   370609
      12:   101762   410130   186076    11504
      16:     1292       34

Set Statistics (14836 events)
   Min:       230
   Max:     61821
   Avg:      4260
   Geo:   2669.78
   Std:   3856.97
   Log2 Dist:
       8:        1      153     3309     3984
      12:     1012     4060     2188      120
      16:        9

Total Statistics (1478701 events)
   Min:       193
   Max:     95970
   Avg:      4145
   Geo:   2556.92
   Std:   3895.49
   Log2 Dist:
       8:       75    21178   364668   374593
      12:   102774   414190   188264    11624
      16:     1301       34

cmd_get: 1463964
cmd_set: 14839
get_misses: 0
written_bytes: 34578790
read_bytes: 241656413
object_bytes: 2136816

Run time: 60.6s Ops: 1478803 TPS: 24390 Net_rate: 4.3M/s
