servers : 10.0.0.5:9000
threads count: 8
concurrency: 8
run time: 60s
windows size: 10k
set proportion: set_prop=0.01
get proportion: get_prop=0.99
[1;1H[2J
Get Statistics
Type     Time(s)  Ops          TPS(ops/s)   Net(M/s)   Get_miss   Min(us)  Max(us)    Avg(us)    Std_dev    Geo_dist  
Period   1        11217        11217        1.5        0          152      7102       710        416.63     635.51
Global   1        11217        11217        1.5        0          152      7102       710        416.63     635.51

Set Statistics
Type     Time(s)  Ops          TPS(ops/s)   Net(M/s)   Get_miss   Min(us)  Max(us)    Avg(us)    Std_dev    Geo_dist  
Period   1        119          119          0.0        0          204      3269       658        366.71     595.17
Global   1        119          119          0.0        0          204      3269       658        366.71     595.17

Total Statistics
Type     Time(s)  Ops          TPS(ops/s)   Net(M/s)   Get_miss   Min(us)  Max(us)    Avg(us)    Std_dev    Geo_dist  
Period   1        11336        11336        1.6        0          152      7102       709        416.93     635.07
Global   1        11336        11336        1.6        0          152      7102       709        416.93     635.07

[1;1H[2J
Get Statistics
Type     Time(s)  Ops          TPS(ops/s)   Net(M/s)   Get_miss   Min(us)  Max(us)    Avg(us)    Std_dev    Geo_dist  
Period   1        10733        10733        1.5        0          158      3652       742        407.27     665.15
Global   2        21950        10975        1.5        0          152      7102       725        413.52     649.84

Set Statistics
Type     Time(s)  Ops          TPS(ops/s)   Net(M/s)   Get_miss   Min(us)  Max(us)    Avg(us)    Std_dev    Geo_dist  
Period   1        105          105          0.0        0          272      3544       771        458.49     692.16
Global   2        224          112          0.0        0          204      3544       711        415.14     638.82

Total Statistics
Type     Time(s)  Ops          TPS(ops/s)   Net(M/s)   Get_miss   Min(us)  Max(us)    Avg(us)    Std_dev    Geo_dist  
Period   1        10838        10838        1.5        0          158      3652       742        408.29     665.41
Global   2        22174        11087        1.5        0          152      7102       725        413.28     649.72

[1;1H[2J
Get Statistics
Type     Time(s)  Ops          TPS(ops/s)   Net(M/s)   Get_miss   Min(us)  Max(us)    Avg(us)    Std_dev    Geo_dist  
Period   1        10895        10895        1.5        0          157      9070       729        398.65     660.09
Global   3        32845        10948        1.5        0          152      9070       727        407.45     653.22

Set Statistics
Type     Time(s)  Ops          TPS(ops/s)   Net(M/s)   Get_miss   Min(us)  Max(us)    Avg(us)    Std_dev    Geo_dist  
Period   1        112          112          0.0        0          210      2816       785        389.53     713.52
Global   3        336          112          0.0        0          204      3544       736        407.10     662.81

Total Statistics
Type     Time(s)  Ops          TPS(ops/s)   Net(M/s)   Get_miss   Min(us)  Max(us)    Avg(us)    Std_dev    Geo_dist  
Period   1        11007        11007        1.5        0          157      9070       730        397.79     660.61
Global   3        33181        11060        1.5        0          152      9070       727        407.60     653.32

[1;1H[2J
Get Statistics
Type     Time(s)  Ops          TPS(ops/s)   Net(M/s)   Get_miss   Min(us)  Max(us)    Avg(us)    Std_dev    Geo_dist  
Period   1        11123        11123        1.5        0          158      3925       716        358.27     647.43
Global   4        43968        10992        1.5        0          152      9070       724        396.01     651.75

Set Statistics
Type     Time(s)  Ops          TPS(ops/s)   Net(M/s)   Get_miss   Min(us)  Max(us)    Avg(us)    Std_dev    Geo_dist  
Period   1        111          111          0.0        0          276      2153       677        295.01     627.52
Global   4        447          111          0.0        0          204      3544       721        383.54     653.86

Total Statistics
Type     Time(s)  Ops          TPS(ops/s)   Net(M/s)   Get_miss   Min(us)  Max(us)    Avg(us)    Std_dev    Geo_dist  
Period   1        11234        11234        1.5        0          158      3925       715        358.94     647.23
Global   4        44415        11103        1.5        0          152      9070       724        395.82     651.77

[1;1H[2J
Get Statistics
Type     Time(s)  Ops          TPS(ops/s)   Net(M/s)   Get_miss   Min(us)  Max(us)    Avg(us)    Std_dev    Geo_dist  
Period   1        10995        10995        1.5        0          162      4285       724        384.96     651.91
Global   5        54963        10992        1.5        0          152      9070       724        393.82     651.78

Set Statistics
Type     Time(s)  Ops          TPS(ops/s)   Net(M/s)   Get_miss   Min(us)  Max(us)    Avg(us)    Std_dev    Geo_dist  
Period   1        112          112          0.0        0          214      2359       701        362.23     627.84
Global   5        559          111          0.0        0          204      3544       717        379.12     648.57

Total Statistics
Type     Time(s)  Ops          TPS(ops/s)   Net(M/s)   Get_miss   Min(us)  Max(us)    Avg(us)    Std_dev    Geo_dist  
Period   1        11107        11107        1.5        0          162      4285       724        384.29     651.66
Global   5        55522        11104        1.5        0          152      9070       724        393.54     651.75

[1;1H[2J
Get Statistics
Type     Time(s)  Ops          TPS(ops/s)   Net(M/s)   Get_miss   Min(us)  Max(us)    Avg(us)    Std_dev    Geo_dist  
Period   1        10017        10017        1.5        0          175      7375       794        457.85     709.96
Global   6        64980        10830        1.4        0          152      9070       735        404.76     660.43

Set Statistics
Type     Time(s)  Ops          TPS(ops/s)   Net(M/s)   Get_miss   Min(us)  Max(us)    Avg(us)    Std_dev    Geo_dist  
Period   1        103          103          0.0        0          265      4536       822        538.60     719.89
Global   6        662          110          0.0        0          204      4536       733        409.93     659.18

Total Statistics
Type     Time(s)  Ops          TPS(ops/s)   Net(M/s)   Get_miss   Min(us)  Max(us)    Avg(us)    Std_dev    Geo_dist  
Period   1        10120        10120        1.5        0          175      7375       794        459.21     710.06
Global   6        65642        10940        1.4        0          152      9070       735        404.77     660.42

[1;1H[2J
Get Statistics
Type     Time(s)  Ops          TPS(ops/s)   Net(M/s)   Get_miss   Min(us)  Max(us)    Avg(us)    Std_dev    Geo_dist  
Period   1        10391        10391        1.5        0          163      5135       766        411.97     691.00
Global   7        75371        10767        1.4        0          152      9070       739        406.39     664.56

Set Statistics
Type     Time(s)  Ops          TPS(ops/s)   Net(M/s)   Get_miss   Min(us)  Max(us)    Avg(us)    Std_dev    Geo_dist  
Period   1        105          105          0.0        0          234      2669       735        417.42     649.97
Global   7        767          109          0.0        0          204      4536       734        409.39     657.91

Total Statistics
Type     Time(s)  Ops          TPS(ops/s)   Net(M/s)   Get_miss   Min(us)  Max(us)    Avg(us)    Std_dev    Geo_dist  
Period   1        10496        10496        1.5        0          163      5135       766        411.44     690.57
Global   7        76138        10876        1.4        0          152      9070       739        406.33     664.49

[1;1H[2J
Get Statistics
Type     Time(s)  Ops          TPS(ops/s)   Net(M/s)   Get_miss   Min(us)  Max(us)    Avg(us)    Std_dev    Geo_dist  
Period   1        10686        10686        1.5        0          167      5999       745        414.54     667.90
Global   8        86057        10757        1.5        0          152      9070       740        406.95     664.97

Set Statistics
Type     Time(s)  Ops          TPS(ops/s)   Net(M/s)   Get_miss   Min(us)  Max(us)    Avg(us)    Std_dev    Geo_dist  
Period   1        105          105          0.0        0          199      2548       760        440.25     664.36
Global   8        872          109          0.0        0          199      4536       737        413.28     658.68

Total Statistics
Type     Time(s)  Ops          TPS(ops/s)   Net(M/s)   Get_miss   Min(us)  Max(us)    Avg(us)    Std_dev    Geo_dist  
Period   1        10791        10791        1.5        0          167      5999       745        415.04     667.86
Global   8        86929        10866        1.5        0          152      9070       740        406.96     664.91

[1;1H[2J
Get Statistics
Type     Time(s)  Ops          TPS(ops/s)   Net(M/s)   Get_miss   Min(us)  Max(us)    Avg(us)    Std_dev    Geo_dist  
Period   1        10520        10520        1.5        0          168      7723       755        450.29     673.21
Global   9        96577        10730        1.4        0          152      9070       741        413.06     665.87

Set Statistics
Type     Time(s)  Ops          TPS(ops/s)   Net(M/s)   Get_miss   Min(us)  Max(us)    Avg(us)    Std_dev    Geo_dist  
Period   1        110          110          0.0        0          270      2344       805        436.23     717.03
Global   9        982          109          0.0        0          199      4536       744        417.34     664.98

Total Statistics
Type     Time(s)  Ops          TPS(ops/s)   Net(M/s)   Get_miss   Min(us)  Max(us)    Avg(us)    Std_dev    Geo_dist  
Period   1        10631        10631        1.5        0          168      7723       755        451.02     673.67
Global   9        97560        10840        1.5        0          152      9070       741        413.15     665.86

[1;1H[2J
Get Statistics
Type     Time(s)  Ops          TPS(ops/s)   Net(M/s)   Get_miss   Min(us)  Max(us)    Avg(us)    Std_dev    Geo_dist  
Period   1        11398        11398        1.5        0          152      5343       699        349.05     639.65
Global   10       107975       10797        1.6        0          152      9070       737        406.20     663.05

Set Statistics
Type     Time(s)  Ops          TPS(ops/s)   Net(M/s)   Get_miss   Min(us)  Max(us)    Avg(us)    Std_dev    Geo_dist  
Period   1        113          113          0.0        0          288      1863       680        264.85     640.92
Global   10       1095         109          0.0        0          199      4536       738        403.55     662.45

Total Statistics
Type     Time(s)  Ops          TPS(ops/s)   Net(M/s)   Get_miss   Min(us)  Max(us)    Avg(us)    Std_dev    Geo_dist  
Period   1        11511        11511        1.5        0          152      5343       698        349.92     639.65
Global   10       109071       10907        1.6        0          152      9070       737        406.18     663.04

[1;1H[2J
Get Statistics
Type     Time(s)  Ops          TPS(ops/s)   Net(M/s)   Get_miss   Min(us)  Max(us)    Avg(us)    Std_dev    Geo_dist  
Period   1        10687        10687        1.5        0          170      3763       744        388.86     670.99
Global   11       118662       10787        1.5        0          152      9070       738        404.00     663.80

Set Statistics
Type     Time(s)  Ops          TPS(ops/s)   Net(M/s)   Get_miss   Min(us)  Max(us)    Avg(us)    Std_dev    Geo_dist  
Period   1        107          107          0.0        0          172      2785       770        414.45     693.28
Global   11       1202         109          0.0        0          172      4536       741        404.18     665.14

Total Statistics
Type     Time(s)  Ops          TPS(ops/s)   Net(M/s)   Get_miss   Min(us)  Max(us)    Avg(us)    Std_dev    Geo_dist  
Period   1        10794        10794        1.5        0          170      3763       745        387.73     671.60
Global   11       119865       10896        1.5        0          152      9070       738        404.05     663.81

[1;1H[2J
Get Statistics
Type     Time(s)  Ops          TPS(ops/s)   Net(M/s)   Get_miss   Min(us)  Max(us)    Avg(us)    Std_dev    Geo_dist  
Period   1        10672        10672        1.5        0          151      7492       746        477.85     659.09
Global   12       129334       10777        1.5        0          151      9070       738        411.79     663.44

Set Statistics
Type     Time(s)  Ops          TPS(ops/s)   Net(M/s)   Get_miss   Min(us)  Max(us)    Avg(us)    Std_dev    Geo_dist  
Period   1        109          109          0.0        0          234      1592       719        313.45     659.02
Global   12       1311         109          0.0        0          172      4536       739        397.69     664.63

Total Statistics
Type     Time(s)  Ops          TPS(ops/s)   Net(M/s)   Get_miss   Min(us)  Max(us)    Avg(us)    Std_dev    Geo_dist  
Period   1        10780        10780        1.5        0          151      7492       745        477.68     659.49
Global   12       130645       10887        1.5        0          151      9070       738        411.67     663.45

[1;1H[2J
Get Statistics
Type     Time(s)  Ops          TPS(ops/s)   Net(M/s)   Get_miss   Min(us)  Max(us)    Avg(us)    Std_dev    Geo_dist  
Period   1        10690        10690        1.5        0          144      4619       744        460.18     651.51
Global   13       140024       10771        1.5        0          144      9070       739        414.72     662.52

Set Statistics
Type     Time(s)  Ops          TPS(ops/s)   Net(M/s)   Get_miss   Min(us)  Max(us)    Avg(us)    Std_dev    Geo_dist  
Period   1        107          107          0.0        0          198      2637       725        433.83     625.74
Global   13       1418         109          0.0        0          172      4536       738        400.28     661.61

Total Statistics
Type     Time(s)  Ops          TPS(ops/s)   Net(M/s)   Get_miss   Min(us)  Max(us)    Avg(us)    Std_dev    Geo_dist  
Period   1        10797        10797        1.5        0          144      4619       744        459.60     651.25
Global   13       141442       10880        1.5        0          144      9070       739        414.56     662.51

[1;1H[2J
Get Statistics
Type     Time(s)  Ops          TPS(ops/s)   Net(M/s)   Get_miss   Min(us)  Max(us)    Avg(us)    Std_dev    Geo_dist  
Period   1        10499        10499        1.5        0          156      5113       757        431.62     675.31
Global   14       150523       10751        1.4        0          144      9070       740        416.40     663.41

Set Statistics
Type     Time(s)  Ops          TPS(ops/s)   Net(M/s)   Get_miss   Min(us)  Max(us)    Avg(us)    Std_dev    Geo_dist  
Period   1        107          107          0.0        0          266      2925       803        463.91     711.32
Global   14       1525         108          0.0        0          172      4536       742        406.27     664.98

Total Statistics
Type     Time(s)  Ops          TPS(ops/s)   Net(M/s)   Get_miss   Min(us)  Max(us)    Avg(us)    Std_dev    Geo_dist  
Period   1        10606        10606        1.5        0          156      5113       758        431.02     675.66
Global   14       152048       10860        1.5        0          144      9070       740        416.33     663.42

[1;1H[2J
Get Statistics
Type     Time(s)  Ops          TPS(ops/s)   Net(M/s)   Get_miss   Min(us)  Max(us)    Avg(us)    Std_dev    Geo_dist  
Period   1        10737        10737        1.5        0          153      5099       742        419.78     664.35
Global   15       161260       10750        1.5        0          144      9070       740        416.86     663.47

Set Statistics
Type     Time(s)  Ops          TPS(ops/s)   Net(M/s)   Get_miss   Min(us)  Max(us)    Avg(us)    Std_dev    Geo_dist  
Period   1        107          107          0.0        0          339      1963       690        296.87     639.37
Global   15       1632         108          0.0        0          172      4536       739        399.39     663.27

Total Statistics
Type     Time(s)  Ops          TPS(ops/s)   Net(M/s)   Get_miss   Min(us)  Max(us)    Avg(us)    Std_dev    Geo_dist  
Period   1        10844        10844        1.5        0          153      5099       741        419.63     664.10
Global   15       162892       10859        1.5        0          144      9070       740        416.67     663.47

[1;1H[2J
Get Statistics
Type     Time(s)  Ops          TPS(ops/s)   Net(M/s)   Get_miss   Min(us)  Max(us)    Avg(us)    Std_dev    Geo_dist  
Period   1        10918        10918        1.5        0          146      7229       728        434.80     641.59
Global   16       172178       10761        1.5        0          144      9070       739        418.45     662.06

Set Statistics
Type     Time(s)  Ops          TPS(ops/s)   Net(M/s)   Get_miss   Min(us)  Max(us)    Avg(us)    Std_dev    Geo_dist  
Period   1        111          111          0.0        0          226      2208       755        418.33     665.99
Global   16       1743         108          0.0        0          172      4536       740        400.55     663.45

Total Statistics
Type     Time(s)  Ops          TPS(ops/s)   Net(M/s)   Get_miss   Min(us)  Max(us)    Avg(us)    Std_dev    Geo_dist  
Period   1        11029        11029        1.5        0          146      7229       729        433.34     641.10
Global   16       173921       10870        1.5        0          144      9070       739        418.29     662.07

[1;1H[2J
Get Statistics
Type     Time(s)  Ops          TPS(ops/s)   Net(M/s)   Get_miss   Min(us)  Max(us)    Avg(us)    Std_dev    Geo_dist  
Period   1        10544        10544        1.5        0          127      5043       754        407.45     678.29
Global   17       182722       10748        1.4        0          127      9070       740        417.60     662.99

Set Statistics
Type     Time(s)  Ops          TPS(ops/s)   Net(M/s)   Get_miss   Min(us)  Max(us)    Avg(us)    Std_dev    Geo_dist  
Period   1        107          107          0.0        0          260      3138       781        447.13     695.95
Global   17       1850         108          0.0        0          172      4536       742        404.06     665.28

Total Statistics
Type     Time(s)  Ops          TPS(ops/s)   Net(M/s)   Get_miss   Min(us)  Max(us)    Avg(us)    Std_dev    Geo_dist  
Period   1        10652        10652        1.5        0          127      5043       754        408.35     678.47
Global   17       184573       10857        1.5        0          127      9070       740        417.50     663.01

[1;1H[2J
Get Statistics
Type     Time(s)  Ops          TPS(ops/s)   Net(M/s)   Get_miss   Min(us)  Max(us)    Avg(us)    Std_dev    Geo_dist  
Period   1        10477        10477        1.5        0          161      3906       760        388.11     687.24
Global   18       193199       10733        1.4        0          127      9070       741        416.23     664.30

Set Statistics
Type     Time(s)  Ops          TPS(ops/s)   Net(M/s)   Get_miss   Min(us)  Max(us)    Avg(us)    Std_dev    Geo_dist  
Period   1        106          106          0.0        0          225      2195       767        374.99     694.89
Global   18       1956         108          0.0        0          172      4536       744        401.29     666.86

Total Statistics
Type     Time(s)  Ops          TPS(ops/s)   Net(M/s)   Get_miss   Min(us)  Max(us)    Avg(us)    Std_dev    Geo_dist  
Period   1        10582        10582        1.5        0          161      3906       760        388.19     687.74
Global   18       195155       10841        1.5        0          127      9070       741        416.14     664.33

[1;1H[2J
Get Statistics
Type     Time(s)  Ops          TPS(ops/s)   Net(M/s)   Get_miss   Min(us)  Max(us)    Avg(us)    Std_dev    Geo_dist  
Period   1        10687        10687        1.5        0          156      5785       745        443.60     664.68
Global   19       203886       10730        1.5        0          127      9070       741        418.08     664.32

Set Statistics
Type     Time(s)  Ops          TPS(ops/s)   Net(M/s)   Get_miss   Min(us)  Max(us)    Avg(us)    Std_dev    Geo_dist  
Period   1        108          108          0.0        0          201      5692       713        571.99     624.54
Global   19       2064         108          0.0        0          172      5692       742        412.53     664.57

Total Statistics
Type     Time(s)  Ops          TPS(ops/s)   Net(M/s)   Get_miss   Min(us)  Max(us)    Avg(us)    Std_dev    Geo_dist  
Period   1        10796        10796        1.5        0          156      5785       744        446.10     664.19
Global   19       205951       10839        1.5        0          127      9070       741        418.04     664.32

[1;1H[2J
Get Statistics
Type     Time(s)  Ops          TPS(ops/s)   Net(M/s)   Get_miss   Min(us)  Max(us)    Avg(us)    Std_dev    Geo_dist  
Period   1        10523        10523        1.5        0          156      8384       753        474.06     670.28
Global   20       214409       10720        1.4        0          127      9070       742        420.29     664.63

Set Statistics
Type     Time(s)  Ops          TPS(ops/s)   Net(M/s)   Get_miss   Min(us)  Max(us)    Avg(us)    Std_dev    Geo_dist  
Period   1        105          105          0.0        0          218      3650       787        501.02     686.28
Global   20       2169         108          0.0        0          172      5692       744        417.54     665.61

Total Statistics
Type     Time(s)  Ops          TPS(ops/s)   Net(M/s)   Get_miss   Min(us)  Max(us)    Avg(us)    Std_dev    Geo_dist  
Period   1        10627        10627        1.5        0          156      8384       754        473.34     670.85
Global   20       216578       10828        1.5        0          127      9070       742        420.29     664.64

[1;1H[2J
Get Statistics
Type     Time(s)  Ops          TPS(ops/s)   Net(M/s)   Get_miss   Min(us)  Max(us)    Avg(us)    Std_dev    Geo_dist  
Period   1        10524        10524        1.5        0          150      5688       756        439.25     674.96
Global   21       224933       10711        1.4        0          127      9070       743        420.59     665.11

Set Statistics
Type     Time(s)  Ops          TPS(ops/s)   Net(M/s)   Get_miss   Min(us)  Max(us)    Avg(us)    Std_dev    Geo_dist  
Period   1        108          108          0.0        0          256      4571       804        529.95     707.65
Global   21       2277         108          0.0        0          172      5692       747        423.32     667.54

Total Statistics
Type     Time(s)  Ops          TPS(ops/s)   Net(M/s)   Get_miss   Min(us)  Max(us)    Avg(us)    Std_dev    Geo_dist  
Period   1        10632        10632        1.5        0          150      5688       756        441.09     675.29
Global   21       227210       10819        1.5        0          127      9070       743        420.69     665.13

[1;1H[2J
Get Statistics
Type     Time(s)  Ops          TPS(ops/s)   Net(M/s)   Get_miss   Min(us)  Max(us)    Avg(us)    Std_dev    Geo_dist  
Period   1        10974        10974        1.5        0          143      3987       724        373.29     655.33
Global   22       235907       10723        1.5        0          127      9070       742        418.73     664.65

Set Statistics
Type     Time(s)  Ops          TPS(ops/s)   Net(M/s)   Get_miss   Min(us)  Max(us)    Avg(us)    Std_dev    Geo_dist  
Period   1        109          109          0.0        0          278      2867       739        363.45     676.73
Global   22       2386         108          0.0        0          172      5692       747        420.06     667.96

Total Statistics
Type     Time(s)  Ops          TPS(ops/s)   Net(M/s)   Get_miss   Min(us)  Max(us)    Avg(us)    Std_dev    Geo_dist  
Period   1        11084        11084        1.5        0          143      3987       724        373.62     655.58
Global   22       238294       10831        1.5        0          127      9070       742        418.84     664.69

[1;1H[2J
Get Statistics
Type     Time(s)  Ops          TPS(ops/s)   Net(M/s)   Get_miss   Min(us)  Max(us)    Avg(us)    Std_dev    Geo_dist  
Period   1        10830        10830        1.5        0          161      5250       736        379.28     667.68
Global   23       246737       10727        1.5        0          127      9070       742        416.62     664.80

Set Statistics
Type     Time(s)  Ops          TPS(ops/s)   Net(M/s)   Get_miss   Min(us)  Max(us)    Avg(us)    Std_dev    Geo_dist  
Period   1        110          110          0.0        0          245      2232       702        334.74     642.03
Global   23       2496         108          0.0        0          172      5692       745        416.75     666.80

Total Statistics
Type     Time(s)  Ops          TPS(ops/s)   Net(M/s)   Get_miss   Min(us)  Max(us)    Avg(us)    Std_dev    Geo_dist  
Period   1        10939        10939        1.5        0          161      5250       735        379.98     667.37
Global   23       249233       10836        1.5        0          127      9070       742        416.68     664.82

[1;1H[2J
Get Statistics
Type     Time(s)  Ops          TPS(ops/s)   Net(M/s)   Get_miss   Min(us)  Max(us)    Avg(us)    Std_dev    Geo_dist  
Period   1        10987        10987        1.5        0          155      6233       725        439.75     646.15
Global   24       257724       10738        1.5        0          127      9070       741        418.14     664.00

Set Statistics
Type     Time(s)  Ops          TPS(ops/s)   Net(M/s)   Get_miss   Min(us)  Max(us)    Avg(us)    Std_dev    Geo_dist  
Period   1        112          112          0.0        0          265      1950       684        316.64     625.24
Global   24       2608         108          0.0        0          172      5692       742        413.77     664.96

Total Statistics
Type     Time(s)  Ops          TPS(ops/s)   Net(M/s)   Get_miss   Min(us)  Max(us)    Avg(us)    Std_dev    Geo_dist  
Period   1        11099        11099        1.5        0          155      6233       724        439.65     645.94
Global   24       260332       10847        1.5        0          127      9070       741        418.11     664.01

[1;1H[2J
Get Statistics
Type     Time(s)  Ops          TPS(ops/s)   Net(M/s)   Get_miss   Min(us)  Max(us)    Avg(us)    Std_dev    Geo_dist  
Period   1        11021        11021        1.5        0          155      3370       722        365.98     657.12
Global   25       268745       10749        1.5        0          127      9070       740        416.54     663.71

Set Statistics
Type     Time(s)  Ops          TPS(ops/s)   Net(M/s)   Get_miss   Min(us)  Max(us)    Avg(us)    Std_dev    Geo_dist  
Period   1        111          111          0.0        0          195      1952       709        314.29     655.96
Global   25       2719         108          0.0        0          172      5692       741        409.56     664.59

Total Statistics
Type     Time(s)  Ops          TPS(ops/s)   Net(M/s)   Get_miss   Min(us)  Max(us)    Avg(us)    Std_dev    Geo_dist  
Period   1        11132        11132        1.5        0          155      3370       722        365.23     657.11
Global   25       271464       10858        1.5        0          127      9070       740        416.48     663.72

[1;1H[2J
Get Statistics
Type     Time(s)  Ops          TPS(ops/s)   Net(M/s)   Get_miss   Min(us)  Max(us)    Avg(us)    Std_dev    Geo_dist  
Period   1        10475        10475        1.5        0          135      5752       759        448.49     676.51
Global   26       279220       10739        1.4        0          127      9070       741        417.28     664.19

Set Statistics
Type     Time(s)  Ops          TPS(ops/s)   Net(M/s)   Get_miss   Min(us)  Max(us)    Avg(us)    Std_dev    Geo_dist  
Period   1        106          106          0.0        0          240      4270       771        537.44     667.58
Global   26       2825         108          0.0        0          172      5692       742        415.21     664.70

Total Statistics
Type     Time(s)  Ops          TPS(ops/s)   Net(M/s)   Get_miss   Min(us)  Max(us)    Avg(us)    Std_dev    Geo_dist  
Period   1        10581        10581        1.5        0          135      5752       759        449.65     676.42
Global   26       282045       10847        1.5        0          127      9070       741        417.28     664.19

[1;1H[2J
Get Statistics
Type     Time(s)  Ops          TPS(ops/s)   Net(M/s)   Get_miss   Min(us)  Max(us)    Avg(us)    Std_dev    Geo_dist  
Period   1        11429        11429        1.5        0          135      5439       695        360.98     633.81
Global   27       290649       10764        1.6        0          127      9070       739        415.65     662.97

Set Statistics
Type     Time(s)  Ops          TPS(ops/s)   Net(M/s)   Get_miss   Min(us)  Max(us)    Avg(us)    Std_dev    Geo_dist  
Period   1        113          113          0.0        0          177      2519       757        394.79     679.25
Global   27       2938         108          0.0        0          172      5692       742        415.42     665.25

Total Statistics
Type     Time(s)  Ops          TPS(ops/s)   Net(M/s)   Get_miss   Min(us)  Max(us)    Avg(us)    Std_dev    Geo_dist  
Period   1        11543        11543        1.5        0          135      5439       696        360.62     634.26
Global   27       293588       10873        1.6        0          127      9070       739        415.70     662.99

[1;1H[2J
Get Statistics
Type     Time(s)  Ops          TPS(ops/s)   Net(M/s)   Get_miss   Min(us)  Max(us)    Avg(us)    Std_dev    Geo_dist  
Period   1        10902        10902        1.5        0          144      4554       730        398.32     653.69
Global   28       301551       10769        1.5        0          127      9070       739        414.46     662.65

Set Statistics
Type     Time(s)  Ops          TPS(ops/s)   Net(M/s)   Get_miss   Min(us)  Max(us)    Avg(us)    Std_dev    Geo_dist  
Period   1        112          112          0.0        0          164      1911       736        380.54     657.75
Global   28       3050         108          0.0        0          164      5692       742        413.74     664.98

Total Statistics
Type     Time(s)  Ops          TPS(ops/s)   Net(M/s)   Get_miss   Min(us)  Max(us)    Avg(us)    Std_dev    Geo_dist  
Period   1        11013        11013        1.5        0          144      4554       730        398.31     654.11
Global   28       304601       10878        1.5        0          127      9070       739        414.51     662.67

[1;1H[2J
Get Statistics
Type     Time(s)  Ops          TPS(ops/s)   Net(M/s)   Get_miss   Min(us)  Max(us)    Avg(us)    Std_dev    Geo_dist  
Period   1        9987         9987         1.5        0          163      5493       796        473.65     707.85
Global   29       311538       10742        1.4        0          127      9070       740        418.08     664.05

Set Statistics
Type     Time(s)  Ops          TPS(ops/s)   Net(M/s)   Get_miss   Min(us)  Max(us)    Avg(us)    Std_dev    Geo_dist  
Period   1        100          100          0.0        0          285      5542       858        622.57     741.28
Global   29       3150         108          0.0        0          164      5692       746        421.75     667.27

Total Statistics
Type     Time(s)  Ops          TPS(ops/s)   Net(M/s)   Get_miss   Min(us)  Max(us)    Avg(us)    Std_dev    Geo_dist  
Period   1        10087        10087        1.5        0          163      5542       797        474.71     708.17
Global   29       314688       10851        1.4        0          127      9070       741        416.45     664.08

[1;1H[2J
Get Statistics
Type     Time(s)  Ops          TPS(ops/s)   Net(M/s)   Get_miss   Min(us)  Max(us)    Avg(us)    Std_dev    Geo_dist  
Period   1        10851        10851        1.5        0          152      5377       733        418.44     657.21
Global   30       322389       10746        1.5        0          127      9070       740        417.67     663.82

Set Statistics
Type     Time(s)  Ops          TPS(ops/s)   Net(M/s)   Get_miss   Min(us)  Max(us)    Avg(us)    Std_dev    Geo_dist  
Period   1        111          111          0.0        0          271      1753       724        309.34     665.03
Global   30       3261         108          0.0        0          164      5692       745        418.85     667.20

Total Statistics
Type     Time(s)  Ops          TPS(ops/s)   Net(M/s)   Get_miss   Min(us)  Max(us)    Avg(us)    Std_dev    Geo_dist  
Period   1        10962        10962        1.5        0          152      5377       733        417.30     657.29
Global   30       325650       10855        1.5        0          127      9070       740        417.77     663.85

[1;1H[2J
Get Statistics
Type     Time(s)  Ops          TPS(ops/s)   Net(M/s)   Get_miss   Min(us)  Max(us)    Avg(us)    Std_dev    Geo_dist  
Period   1        10975        10975        1.5        0          153      6072       725        425.45     648.31
Global   31       333364       10753        1.5        0          127      9070       740        417.06     663.30

Set Statistics
Type     Time(s)  Ops          TPS(ops/s)   Net(M/s)   Get_miss   Min(us)  Max(us)    Avg(us)    Std_dev    Geo_dist  
Period   1        111          111          0.0        0          211      1830       691        315.07     630.15
Global   31       3372         108          0.0        0          164      5692       743        416.32     665.94

Total Statistics
Type     Time(s)  Ops          TPS(ops/s)   Net(M/s)   Get_miss   Min(us)  Max(us)    Avg(us)    Std_dev    Geo_dist  
Period   1        11087        11087        1.5        0          153      6072       725        423.92     648.14
Global   31       336737       10862        1.5        0          127      9070       740        417.11     663.33

[1;1H[2J
Get Statistics
Type     Time(s)  Ops          TPS(ops/s)   Net(M/s)   Get_miss   Min(us)  Max(us)    Avg(us)    Std_dev    Geo_dist  
Period   1        10761        10761        1.5        0          150      4193       740        386.92     667.39
Global   32       344125       10753        1.5        0          127      9070       740        416.15     663.43

Set Statistics
Type     Time(s)  Ops          TPS(ops/s)   Net(M/s)   Get_miss   Min(us)  Max(us)    Avg(us)    Std_dev    Geo_dist  
Period   1        108          108          0.0        0          202      2017       692        341.67     627.48
Global   32       3480         108          0.0        0          164      5692       742        413.21     664.71

Total Statistics
Type     Time(s)  Ops          TPS(ops/s)   Net(M/s)   Get_miss   Min(us)  Max(us)    Avg(us)    Std_dev    Geo_dist  
Period   1        10868        10868        1.5        0          150      4193       739        387.49     666.97
Global   32       347605       10862        1.5        0          127      9070       740        416.16     663.44

[1;1H[2J
Get Statistics
Type     Time(s)  Ops          TPS(ops/s)   Net(M/s)   Get_miss   Min(us)  Max(us)    Avg(us)    Std_dev    Geo_dist  
Period   1        10458        10458        1.5        0          162      4570       761        406.40     684.12
Global   33       354583       10744        1.4        0          127      9070       740        416.99     664.03

Set Statistics
Type     Time(s)  Ops          TPS(ops/s)   Net(M/s)   Get_miss   Min(us)  Max(us)    Avg(us)    Std_dev    Geo_dist  
Period   1        106          106          0.0        0          253      2432       822        462.76     722.54
Global   33       3586         108          0.0        0          164      5692       744        415.57     666.36

Total Statistics
Type     Time(s)  Ops          TPS(ops/s)   Net(M/s)   Get_miss   Min(us)  Max(us)    Avg(us)    Std_dev    Geo_dist  
Period   1        10564        10564        1.5        0          162      4570       761        408.17     684.49
Global   33       358169       10853        1.5        0          127      9070       740        417.04     664.05

[1;1H[2J
Get Statistics
Type     Time(s)  Ops          TPS(ops/s)   Net(M/s)   Get_miss   Min(us)  Max(us)    Avg(us)    Std_dev    Geo_dist  
Period   1        10591        10591        1.5        0          156      10916      751        497.68     666.52
Global   34       365174       10740        1.5        0          127      10916      741        418.34     664.10

Set Statistics
Type     Time(s)  Ops          TPS(ops/s)   Net(M/s)   Get_miss   Min(us)  Max(us)    Avg(us)    Std_dev    Geo_dist  
Period   1        107          107          0.0        0          269      3098       782        408.46     709.09
Global   34       3693         108          0.0        0          164      5692       745        415.54     667.56

Total Statistics
Type     Time(s)  Ops          TPS(ops/s)   Net(M/s)   Get_miss   Min(us)  Max(us)    Avg(us)    Std_dev    Geo_dist  
Period   1        10699        10699        1.5        0          156      10916      751        497.27     666.91
Global   34       368868       10849        1.5        0          127      10916      741        418.39     664.14

[1;1H[2J
Get Statistics
Type     Time(s)  Ops          TPS(ops/s)   Net(M/s)   Get_miss   Min(us)  Max(us)    Avg(us)    Std_dev    Geo_dist  
Period   1        10504        10504        1.5        0          173      5229       758        402.49     683.27
Global   35       375678       10733        1.4        0          127      10916      741        418.76     664.63

Set Statistics
Type     Time(s)  Ops          TPS(ops/s)   Net(M/s)   Get_miss   Min(us)  Max(us)    Avg(us)    Std_dev    Geo_dist  
Period   1        105          105          0.0        0          251      2185       773        362.84     703.39
Global   35       3798         108          0.0        0          164      5692       746        413.75     668.52

Total Statistics
Type     Time(s)  Ops          TPS(ops/s)   Net(M/s)   Get_miss   Min(us)  Max(us)    Avg(us)    Std_dev    Geo_dist  
Period   1        10608        10608        1.5        0          173      5229       758        402.45     683.50
Global   35       379476       10842        1.5        0          127      10916      741        418.80     664.67

[1;1H[2J
Get Statistics
Type     Time(s)  Ops          TPS(ops/s)   Net(M/s)   Get_miss   Min(us)  Max(us)    Avg(us)    Std_dev    Geo_dist  
Period   1        10389        10389        1.5        0          158      7333       765        439.41     684.24
Global   36       386067       10724        1.4        0          127      10916      742        418.72     665.15

Set Statistics
Type     Time(s)  Ops          TPS(ops/s)   Net(M/s)   Get_miss   Min(us)  Max(us)    Avg(us)    Std_dev    Geo_dist  
Period   1        105          105          0.0        0          302      3111       775        382.10     708.19
Global   36       3903         108          0.0        0          164      5692       747        412.51     669.56

Total Statistics
Type     Time(s)  Ops          TPS(ops/s)   Net(M/s)   Get_miss   Min(us)  Max(us)    Avg(us)    Std_dev    Geo_dist  
Period   1        10494        10494        1.5        0          158      7333       765        439.04     684.48
Global   36       389970       10832        1.4        0          127      10916      742        418.75     665.19

[1;1H[2J
Get Statistics
Type     Time(s)  Ops          TPS(ops/s)   Net(M/s)   Get_miss   Min(us)  Max(us)    Avg(us)    Std_dev    Geo_dist  
Period   1        9786         9786         1.5        0          162      9963       814        508.33     719.14
Global   37       395853       10698        1.3        0          127      10916      744        420.92     666.44

Set Statistics
Type     Time(s)  Ops          TPS(ops/s)   Net(M/s)   Get_miss   Min(us)  Max(us)    Avg(us)    Std_dev    Geo_dist  
Period   1        101          101          0.0        0          329      3137       825        444.03     742.72
Global   37       4004         108          0.0        0          164      5692       749        413.40     671.31

Total Statistics
Type     Time(s)  Ops          TPS(ops/s)   Net(M/s)   Get_miss   Min(us)  Max(us)    Avg(us)    Std_dev    Geo_dist  
Period   1        9887         9887         1.5        0          162      9963       814        507.87     719.38
Global   37       399857       10806        1.4        0          127      10916      744        420.94     666.48

[1;1H[2J
Get Statistics
Type     Time(s)  Ops          TPS(ops/s)   Net(M/s)   Get_miss   Min(us)  Max(us)    Avg(us)    Std_dev    Geo_dist  
Period   1        11033        11033        1.5        0          136      4246       721        412.79     640.67
Global   38       406886       10707        1.5        0          127      10916      743        421.39     665.72

Set Statistics
Type     Time(s)  Ops          TPS(ops/s)   Net(M/s)   Get_miss   Min(us)  Max(us)    Avg(us)    Std_dev    Geo_dist  
Period   1        110          110          0.0        0          177      2337       703        334.74     640.81
Global   38       4114         108          0.0        0          164      5692       748        411.10     670.48

Total Statistics
Type     Time(s)  Ops          TPS(ops/s)   Net(M/s)   Get_miss   Min(us)  Max(us)    Avg(us)    Std_dev    Geo_dist  
Period   1        11143        11143        1.5        0          136      4246       721        411.78     640.68
Global   38       411000       10815        1.5        0          127      10916      743        421.37     665.77

[1;1H[2J
Get Statistics
Type     Time(s)  Ops          TPS(ops/s)   Net(M/s)   Get_miss   Min(us)  Max(us)    Avg(us)    Std_dev    Geo_dist  
Period   1        9840         9840         1.5        0          169      7339       809        520.03     708.81
Global   39       416726       10685        1.4        0          127      10916      745        423.32     666.71

Set Statistics
Type     Time(s)  Ops          TPS(ops/s)   Net(M/s)   Get_miss   Min(us)  Max(us)    Avg(us)    Std_dev    Geo_dist  
Period   1        99           99           0.0        0          177      2372       799        392.00     718.78
Global   39       4213         108          0.0        0          164      5692       749        411.06     671.58

Total Statistics
Type     Time(s)  Ops          TPS(ops/s)   Net(M/s)   Get_miss   Min(us)  Max(us)    Avg(us)    Std_dev    Geo_dist  
Period   1        9939         9939         1.5        0          169      7339       809        518.74     708.91
Global   39       420939       10793        1.4        0          127      10916      745        423.27     666.76

[1;1H[2J
Get Statistics
Type     Time(s)  Ops          TPS(ops/s)   Net(M/s)   Get_miss   Min(us)  Max(us)    Avg(us)    Std_dev    Geo_dist  
Period   1        11231        11231        1.5        0          145      4794       708        379.80     641.51
Global   40       427957       10698        1.5        0          127      10916      744        422.33     666.04

Set Statistics
Type     Time(s)  Ops          TPS(ops/s)   Net(M/s)   Get_miss   Min(us)  Max(us)    Avg(us)    Std_dev    Geo_dist  
Period   1        113          113          0.0        0          215      1980       736        371.18     661.75
Global   40       4326         108          0.0        0          164      5692       748        411.23     671.32

Total Statistics
Type     Time(s)  Ops          TPS(ops/s)   Net(M/s)   Get_miss   Min(us)  Max(us)    Avg(us)    Std_dev    Geo_dist  
Period   1        11344        11344        1.5        0          145      4794       708        380.23     641.71
Global   40       432283       10807        1.6        0          127      10916      744        422.29     666.09

[1;1H[2J
Get Statistics
Type     Time(s)  Ops          TPS(ops/s)   Net(M/s)   Get_miss   Min(us)  Max(us)    Avg(us)    Std_dev    Geo_dist  
Period   1        10933        10933        1.5        0          142      4312       727        402.04     656.08
Global   41       438890       10704        1.5        0          127      10916      743        422.86     665.79

Set Statistics
Type     Time(s)  Ops          TPS(ops/s)   Net(M/s)   Get_miss   Min(us)  Max(us)    Avg(us)    Std_dev    Geo_dist  
Period   1        111          111          0.0        0          320      1819       734        313.12     679.33
Global   41       4437         108          0.0        0          164      5692       748        408.40     671.52

Total Statistics
Type     Time(s)  Ops          TPS(ops/s)   Net(M/s)   Get_miss   Min(us)  Max(us)    Avg(us)    Std_dev    Geo_dist  
Period   1        11044        11044        1.5        0          142      4312       727        401.36     656.31
Global   41       443327       10812        1.5        0          127      10916      743        422.80     665.84

[1;1H[2J
Get Statistics
Type     Time(s)  Ops          TPS(ops/s)   Net(M/s)   Get_miss   Min(us)  Max(us)    Avg(us)    Std_dev    Geo_dist  
Period   1        11107        11107        1.5        0          141      5380       716        409.82     645.00
Global   42       449997       10714        1.5        0          127      10916      742        423.15     665.27

Set Statistics
Type     Time(s)  Ops          TPS(ops/s)   Net(M/s)   Get_miss   Min(us)  Max(us)    Avg(us)    Std_dev    Geo_dist  
Period   1        112          112          0.0        0          192      1957       704        309.11     650.49
Global   42       4549         108          0.0        0          164      5692       747        406.13     670.99

Total Statistics
Type     Time(s)  Ops          TPS(ops/s)   Net(M/s)   Get_miss   Min(us)  Max(us)    Avg(us)    Std_dev    Geo_dist  
Period   1        11219        11219        1.5        0          141      5380       716        408.72     645.05
Global   42       454546       10822        1.5        0          127      10916      743        421.31     665.32

[1;1H[2J
Get Statistics
Type     Time(s)  Ops          TPS(ops/s)   Net(M/s)   Get_miss   Min(us)  Max(us)    Avg(us)    Std_dev    Geo_dist  
Period   1        10896        10896        1.5        0          148      4835       730        397.14     656.70
Global   43       460893       10718        1.5        0          127      10916      742        422.06     665.06

Set Statistics
Type     Time(s)  Ops          TPS(ops/s)   Net(M/s)   Get_miss   Min(us)  Max(us)    Avg(us)    Std_dev    Geo_dist  
Period   1        111          111          0.0        0          253      1912       713        297.20     662.66
Global   43       4660         108          0.0        0          164      5692       746        404.24     670.79

Total Statistics
Type     Time(s)  Ops          TPS(ops/s)   Net(M/s)   Get_miss   Min(us)  Max(us)    Avg(us)    Std_dev    Geo_dist  
Period   1        11008        11008        1.5        0          148      4835       730        395.94     656.78
Global   43       465554       10826        1.5        0          127      10916      742        421.95     665.12

[1;1H[2J
Get Statistics
Type     Time(s)  Ops          TPS(ops/s)   Net(M/s)   Get_miss   Min(us)  Max(us)    Avg(us)    Std_dev    Geo_dist  
Period   1        10535        10535        1.5        0          161      4767       754        398.21     680.79
Global   44       471428       10714        1.4        0          127      10916      742        422.01     665.41

Set Statistics
Type     Time(s)  Ops          TPS(ops/s)   Net(M/s)   Get_miss   Min(us)  Max(us)    Avg(us)    Std_dev    Geo_dist  
Period   1        104          104          0.0        0          308      2307       845        422.88     764.06
Global   44       4764         108          0.0        0          164      5692       748        405.16     672.70

Total Statistics
Type     Time(s)  Ops          TPS(ops/s)   Net(M/s)   Get_miss   Min(us)  Max(us)    Avg(us)    Std_dev    Geo_dist  
Period   1        10639        10639        1.5        0          161      4767       755        398.31     681.55
Global   44       476193       10822        1.5        0          127      10916      743        420.19     665.48

[1;1H[2J
Get Statistics
Type     Time(s)  Ops          TPS(ops/s)   Net(M/s)   Get_miss   Min(us)  Max(us)    Avg(us)    Std_dev    Geo_dist  
Period   1        11117        11117        1.5        0          154      4982       716        361.87     650.60
Global   45       482545       10723        1.5        0          127      10916      742        419.69     665.07

Set Statistics
Type     Time(s)  Ops          TPS(ops/s)   Net(M/s)   Get_miss   Min(us)  Max(us)    Avg(us)    Std_dev    Geo_dist  
Period   1        113          113          0.0        0          254      1750       714        325.89     651.90
Global   45       4877         108          0.0        0          164      5692       748        402.04     672.21

Total Statistics
Type     Time(s)  Ops          TPS(ops/s)   Net(M/s)   Get_miss   Min(us)  Max(us)    Avg(us)    Std_dev    Geo_dist  
Period   1        11232        11232        1.5        0          154      4982       716        361.45     650.98
Global   45       487425       10831        1.5        0          127      10916      742        419.62     665.14

[1;1H[2J
Get Statistics
Type     Time(s)  Ops          TPS(ops/s)   Net(M/s)   Get_miss   Min(us)  Max(us)    Avg(us)    Std_dev    Geo_dist  
Period   1        11080        11080        1.5        0          160      3740       717        382.03     642.69
Global   46       493625       10730        1.5        0          127      10916      741        419.67     664.57

Set Statistics
Type     Time(s)  Ops          TPS(ops/s)   Net(M/s)   Get_miss   Min(us)  Max(us)    Avg(us)    Std_dev    Geo_dist  
Period   1        112          112          0.0        0          262      2046       715        337.33     657.44
Global   46       4989         108          0.0        0          164      5692       747        401.19     671.88

Total Statistics
Type     Time(s)  Ops          TPS(ops/s)   Net(M/s)   Get_miss   Min(us)  Max(us)    Avg(us)    Std_dev    Geo_dist  
Period   1        11189        11189        1.5        0          160      3740       717        381.70     643.21
Global   46       498614       10839        1.5        0          127      10916      741        419.60     664.64

[1;1H[2J
Get Statistics
Type     Time(s)  Ops          TPS(ops/s)   Net(M/s)   Get_miss   Min(us)  Max(us)    Avg(us)    Std_dev    Geo_dist  
Period   1        10603        10603        1.5        0          130      7442       751        505.61     662.69
Global   47       504228       10728        1.5        0          127      10916      741        422.03     664.53

Set Statistics
Type     Time(s)  Ops          TPS(ops/s)   Net(M/s)   Get_miss   Min(us)  Max(us)    Avg(us)    Std_dev    Geo_dist  
Period   1        109          109          0.0        0          272      2114       741        361.20     674.76
Global   47       5098         108          0.0        0          164      5692       747        400.11     671.94

Total Statistics
Type     Time(s)  Ops          TPS(ops/s)   Net(M/s)   Get_miss   Min(us)  Max(us)    Avg(us)    Std_dev    Geo_dist  
Period   1        10712        10712        1.5        0          130      7442       751        504.18     662.81
Global   47       509326       10836        1.5        0          127      10916      742        420.16     664.61

[1;1H[2J
Get Statistics
Type     Time(s)  Ops          TPS(ops/s)   Net(M/s)   Get_miss   Min(us)  Max(us)    Avg(us)    Std_dev    Geo_dist  
Period   1        10986        10986        1.5        0          164      5165       724        385.29     652.31
Global   48       515214       10733        1.5        0          127      10916      741        420.65     664.27

Set Statistics
Type     Time(s)  Ops          TPS(ops/s)   Net(M/s)   Get_miss   Min(us)  Max(us)    Avg(us)    Std_dev    Geo_dist  
Period   1        110          110          0.0        0          305      1946       731        356.11     666.50
Global   48       5208         108          0.0        0          164      5692       746        400.44     671.82

Total Statistics
Type     Time(s)  Ops          TPS(ops/s)   Net(M/s)   Get_miss   Min(us)  Max(us)    Avg(us)    Std_dev    Geo_dist  
Period   1        11096        11096        1.5        0          164      5165       725        383.24     652.45
Global   48       520422       10842        1.5        0          127      10916      741        420.54     664.34

[1;1H[2J
Get Statistics
Type     Time(s)  Ops          TPS(ops/s)   Net(M/s)   Get_miss   Min(us)  Max(us)    Avg(us)    Std_dev    Geo_dist  
Period   1        10380        10380        1.5        0          172      9380       766        481.06     681.80
Global   49       525594       10726        1.4        0          127      10916      742        421.05     664.61

Set Statistics
Type     Time(s)  Ops          TPS(ops/s)   Net(M/s)   Get_miss   Min(us)  Max(us)    Avg(us)    Std_dev    Geo_dist  
Period   1        105          105          0.0        0          224      1861       783        346.53     714.35
Global   49       5313         108          0.0        0          164      5692       747        398.95     672.64

Total Statistics
Type     Time(s)  Ops          TPS(ops/s)   Net(M/s)   Get_miss   Min(us)  Max(us)    Avg(us)    Std_dev    Geo_dist  
Period   1        10485        10485        1.5        0          172      9380       767        478.57     682.12
Global   49       530907       10834        1.4        0          127      10916      742        420.92     664.69

[1;1H[2J
Get Statistics
Type     Time(s)  Ops          TPS(ops/s)   Net(M/s)   Get_miss   Min(us)  Max(us)    Avg(us)    Std_dev    Geo_dist  
Period   1        11084        11084        1.5        0          169      3875       718        362.51     650.37
Global   50       536678       10733        1.5        0          127      10916      741        420.82     664.31

Set Statistics
Type     Time(s)  Ops          TPS(ops/s)   Net(M/s)   Get_miss   Min(us)  Max(us)    Avg(us)    Std_dev    Geo_dist  
Period   1        112          112          0.0        0          265      3813       730        456.25     649.57
Global   50       5425         108          0.0        0          164      5692       747        399.52     672.15

Total Statistics
Type     Time(s)  Ops          TPS(ops/s)   Net(M/s)   Get_miss   Min(us)  Max(us)    Avg(us)    Std_dev    Geo_dist  
Period   1        11196        11196        1.5        0          169      3875       718        363.78     650.36
Global   50       542103       10842        1.5        0          127      10916      741        420.72     664.39

[1;1H[2J
Get Statistics
Type     Time(s)  Ops          TPS(ops/s)   Net(M/s)   Get_miss   Min(us)  Max(us)    Avg(us)    Std_dev    Geo_dist  
Period   1        10548        10548        1.5        0          184      3958       755        388.82     680.39
Global   51       547226       10729        1.4        0          127      10916      741        420.71     664.62

Set Statistics
Type     Time(s)  Ops          TPS(ops/s)   Net(M/s)   Get_miss   Min(us)  Max(us)    Avg(us)    Std_dev    Geo_dist  
Period   1        107          107          0.0        0          289      2589       769        410.98     693.39
Global   51       5532         108          0.0        0          164      5692       747        400.51     672.56

Total Statistics
Type     Time(s)  Ops          TPS(ops/s)   Net(M/s)   Get_miss   Min(us)  Max(us)    Avg(us)    Std_dev    Geo_dist  
Period   1        10655        10655        1.5        0          184      3958       755        389.30     680.52
Global   51       552758       10838        1.5        0          127      10916      741        420.62     664.70

[1;1H[2J
Get Statistics
Type     Time(s)  Ops          TPS(ops/s)   Net(M/s)   Get_miss   Min(us)  Max(us)    Avg(us)    Std_dev    Geo_dist  
Period   1        10792        10792        1.5        0          146      7355       738        452.38     653.00
Global   52       558018       10731        1.5        0          127      10916      741        421.24     664.39

Set Statistics
Type     Time(s)  Ops          TPS(ops/s)   Net(M/s)   Get_miss   Min(us)  Max(us)    Avg(us)    Std_dev    Geo_dist  
Period   1        108          108          0.0        0          276      1959       692        328.01     633.65
Global   52       5640         108          0.0        0          164      5692       746        399.19     671.79

Total Statistics
Type     Time(s)  Ops          TPS(ops/s)   Net(M/s)   Get_miss   Min(us)  Max(us)    Avg(us)    Std_dev    Geo_dist  
Period   1        10900        10900        1.5        0          146      7355       737        452.22     652.81
Global   52       563658       10839        1.5        0          127      10916      741        421.12     664.47

[1;1H[2J
Get Statistics
Type     Time(s)  Ops          TPS(ops/s)   Net(M/s)   Get_miss   Min(us)  Max(us)    Avg(us)    Std_dev    Geo_dist  
Period   1        11058        11058        1.5        0          157      3269       720        347.83     655.03
Global   53       569076       10737        1.5        0          127      10916      741        419.23     664.21

Set Statistics
Type     Time(s)  Ops          TPS(ops/s)   Net(M/s)   Get_miss   Min(us)  Max(us)    Avg(us)    Std_dev    Geo_dist  
Period   1        112          112          0.0        0          151      2398       698        394.88     625.28
Global   53       5752         108          0.0        0          151      5692       745        399.25     670.85

Total Statistics
Type     Time(s)  Ops          TPS(ops/s)   Net(M/s)   Get_miss   Min(us)  Max(us)    Avg(us)    Std_dev    Geo_dist  
Period   1        11170        11170        1.5        0          151      3269       720        347.86     654.72
Global   53       574828       10845        1.5        0          127      10916      741        419.10     664.28

[1;1H[2J
Get Statistics
Type     Time(s)  Ops          TPS(ops/s)   Net(M/s)   Get_miss   Min(us)  Max(us)    Avg(us)    Std_dev    Geo_dist  
Period   1        10783        10783        1.5        0          166      5769       737        422.36     659.07
Global   54       579859       10738        1.5        0          127      10916      741        419.15     664.11

Set Statistics
Type     Time(s)  Ops          TPS(ops/s)   Net(M/s)   Get_miss   Min(us)  Max(us)    Avg(us)    Std_dev    Geo_dist  
Period   1        109          109          0.0        0          220      2191       738        331.89     677.76
Global   54       5861         108          0.0        0          151      5692       745        397.84     670.98

Total Statistics
Type     Time(s)  Ops          TPS(ops/s)   Net(M/s)   Get_miss   Min(us)  Max(us)    Avg(us)    Std_dev    Geo_dist  
Period   1        10892        10892        1.5        0          166      5769       737        421.56     659.25
Global   54       585720       10846        1.5        0          127      10916      741        419.02     664.18

[1;1H[2J
Get Statistics
Type     Time(s)  Ops          TPS(ops/s)   Net(M/s)   Get_miss   Min(us)  Max(us)    Avg(us)    Std_dev    Geo_dist  
Period   1        10762        10762        1.5        0          152      7436       741        548.24     640.21
Global   55       590621       10738        1.5        0          127      10916      741        421.86     663.67

Set Statistics
Type     Time(s)  Ops          TPS(ops/s)   Net(M/s)   Get_miss   Min(us)  Max(us)    Avg(us)    Std_dev    Geo_dist  
Period   1        110          110          0.0        0          233      6247       704        627.59     608.30
Global   55       5971         108          0.0        0          151      6247       744        403.66     669.77

Total Statistics
Type     Time(s)  Ops          TPS(ops/s)   Net(M/s)   Get_miss   Min(us)  Max(us)    Avg(us)    Std_dev    Geo_dist  
Period   1        10872        10872        1.5        0          152      7436       740        549.92     639.88
Global   55       596592       10847        1.5        0          127      10916      741        421.73     663.73

[1;1H[2J
Get Statistics
Type     Time(s)  Ops          TPS(ops/s)   Net(M/s)   Get_miss   Min(us)  Max(us)    Avg(us)    Std_dev    Geo_dist  
Period   1        10549        10549        1.5        0          144      7374       755        492.14     669.23
Global   56       601170       10735        1.4        0          127      10916      741        423.63     663.77

Set Statistics
Type     Time(s)  Ops          TPS(ops/s)   Net(M/s)   Get_miss   Min(us)  Max(us)    Avg(us)    Std_dev    Geo_dist  
Period   1        106          106          0.0        0          162      1895       751        355.90     678.79
Global   56       6077         108          0.0        0          151      6247       744        403.08     669.93

Total Statistics
Type     Time(s)  Ops          TPS(ops/s)   Net(M/s)   Get_miss   Min(us)  Max(us)    Avg(us)    Std_dev    Geo_dist  
Period   1        10655        10655        1.5        0          144      7374       755        490.90     669.33
Global   56       607247       10843        1.5        0          127      10916      741        423.48     663.83

[1;1H[2J
Get Statistics
Type     Time(s)  Ops          TPS(ops/s)   Net(M/s)   Get_miss   Min(us)  Max(us)    Avg(us)    Std_dev    Geo_dist  
Period   1        10614        10614        1.5        0          152      7846       749        524.42     658.30
Global   57       611784       10733        1.5        0          127      10916      741        425.82     663.67

Set Statistics
Type     Time(s)  Ops          TPS(ops/s)   Net(M/s)   Get_miss   Min(us)  Max(us)    Avg(us)    Std_dev    Geo_dist  
Period   1        105          105          0.0        0          271      7378       844        772.64     717.76
Global   57       6182         108          0.0        0          151      7378       746        411.67     670.71

Total Statistics
Type     Time(s)  Ops          TPS(ops/s)   Net(M/s)   Get_miss   Min(us)  Max(us)    Avg(us)    Std_dev    Geo_dist  
Period   1        10719        10719        1.5        0          152      7846       750        527.35     658.86
Global   57       617966       10841        1.5        0          127      10916      741        425.77     663.74

[1;1H[2J
Get Statistics
Type     Time(s)  Ops          TPS(ops/s)   Net(M/s)   Get_miss   Min(us)  Max(us)    Avg(us)    Std_dev    Geo_dist  
Period   1        10953        10953        1.5        0          162      16808      725        624.55     641.18
Global   58       622737       10736        1.5        0          127      16808      741        429.63     663.27

Set Statistics
Type     Time(s)  Ops          TPS(ops/s)   Net(M/s)   Get_miss   Min(us)  Max(us)    Avg(us)    Std_dev    Geo_dist  
Period   1        111          111          0.0        0          243      16776      859        1571.21    666.91
Global   58       6293         108          0.0        0          151      16776      748        458.10     670.64

Total Statistics
Type     Time(s)  Ops          TPS(ops/s)   Net(M/s)   Get_miss   Min(us)  Max(us)    Avg(us)    Std_dev    Geo_dist  
Period   1        11064        11064        1.5        0          162      16808      726        641.38     641.43
Global   58       629030       10845        1.5        0          127      16808      741        430.05     663.34

[1;1H[2J
Get Statistics
Type     Time(s)  Ops          TPS(ops/s)   Net(M/s)   Get_miss   Min(us)  Max(us)    Avg(us)    Std_dev    Geo_dist  
Period   1        9867         9867         1.5        0          141      8822       806        615.33     699.04
Global   59       632604       10722        1.4        0          127      16808      742        433.24     663.81

Set Statistics
Type     Time(s)  Ops          TPS(ops/s)   Net(M/s)   Get_miss   Min(us)  Max(us)    Avg(us)    Std_dev    Geo_dist  
Period   1        101          101          0.0        0          249      2518       844        492.38     728.74
Global   59       6394         108          0.0        0          151      16776      750        457.98     671.52

Total Statistics
Type     Time(s)  Ops          TPS(ops/s)   Net(M/s)   Get_miss   Min(us)  Max(us)    Avg(us)    Std_dev    Geo_dist  
Period   1        9968         9968         1.5        0          141      8822       806        614.71     699.34
Global   59       638998       10830        1.4        0          127      16808      742        433.63     663.89

[1;1H[2J
Get Statistics
Type     Time(s)  Ops          TPS(ops/s)   Net(M/s)   Get_miss   Min(us)  Max(us)    Avg(us)    Std_dev    Geo_dist  
Period   1        10137        10137        1.5        0          156      11725      786        786.95     668.12
Global   60       642741       10712        1.4        0          127      16808      743        440.54     663.88

Set Statistics
Type     Time(s)  Ops          TPS(ops/s)   Net(M/s)   Get_miss   Min(us)  Max(us)    Avg(us)    Std_dev    Geo_dist  
Period   1        102          102          0.0        0          229      2699       650        347.86     588.38
Global   60       6496         108          0.0        0          151      16776      748        457.31     670.13

Total Statistics
Type     Time(s)  Ops          TPS(ops/s)   Net(M/s)   Get_miss   Min(us)  Max(us)    Avg(us)    Std_dev    Geo_dist  
Period   1        10239        10239        1.5        0          156      11725      785        783.54     667.27
Global   60       649237       10820        1.4        0          127      16808      743        440.79     663.94

Get Statistics (642749 events)
   Min:       127
   Max:     16808
   Avg:       743
   Geo:    663.88
   Std:    440.54
   Log2 Dist:
       4:        0        0        0        1
       8:     7625   174137   358532    92550
      12:     8914      913       70        7

Set Statistics (6496 events)
   Min:       151
   Max:     16776
   Avg:       748
   Geo:    670.13
   Std:    457.31
   Log2 Dist:
       8:       62     1740     3625      989
      12:       72        7        0        1

Total Statistics (649245 events)
   Min:       127
   Max:     16808
   Avg:       743
   Geo:    663.94
   Std:    440.79
   Log2 Dist:
       4:        0        0        0        1
       8:     7687   175877   362157    93539
      12:     8986      920       70        8

cmd_get: 642757
cmd_set: 6496
get_misses: 0
written_bytes: 15179838
read_bytes: 106105553
object_bytes: 935424

Run time: 60.5s Ops: 649253 TPS: 10735 Net_rate: 1.9M/s
