servers : 10.0.0.5:9000
threads count: 82
concurrency: 82
run time: 60s
windows size: 10k
set proportion: set_prop=0.01
get proportion: get_prop=0.99
[1;1H[2J
Get Statistics
Type     Time(s)  Ops          TPS(ops/s)   Net(M/s)   Get_miss   Min(us)  Max(us)    Avg(us)    Std_dev    Geo_dist  
Period   1        23452        23452        3.2        0          224      19584      3450       3290.85    2112.22
Global   1        23452        23452        3.2        0          224      19584      3450       3290.85    2112.22

Set Statistics
Type     Time(s)  Ops          TPS(ops/s)   Net(M/s)   Get_miss   Min(us)  Max(us)    Avg(us)    Std_dev    Geo_dist  
Period   1        277          277          0.0        0          358      10944      2831       2749.53    1919.60
Global   1        277          277          0.0        0          358      10944      2831       2749.53    1919.60

Total Statistics
Type     Time(s)  Ops          TPS(ops/s)   Net(M/s)   Get_miss   Min(us)  Max(us)    Avg(us)    Std_dev    Geo_dist  
Period   1        23729        23729        3.3        0          224      19584      3443       3285.44    2109.86
Global   1        23729        23729        3.3        0          224      19584      3443       3285.44    2109.86

[1;1H[2J
Get Statistics
Type     Time(s)  Ops          TPS(ops/s)   Net(M/s)   Get_miss   Min(us)  Max(us)    Avg(us)    Std_dev    Geo_dist  
Period   1        23478        23478        3.2        0          260      58371      3456       3491.18    2085.37
Global   2        46930        23465        3.2        0          224      58371      3453       3392.52    2098.74

Set Statistics
Type     Time(s)  Ops          TPS(ops/s)   Net(M/s)   Get_miss   Min(us)  Max(us)    Avg(us)    Std_dev    Geo_dist  
Period   1        239          239          0.0        0          311      29139      3451       3678.30    2138.94
Global   2        516          258          0.0        0          311      29139      3118       3225.06    2018.25

Total Statistics
Type     Time(s)  Ops          TPS(ops/s)   Net(M/s)   Get_miss   Min(us)  Max(us)    Avg(us)    Std_dev    Geo_dist  
Period   1        23719        23719        3.3        0          260      58371      3456       3493.44    2086.14
Global   2        47448        23724        3.3        0          224      58371      3449       3391.49    2097.97

[1;1H[2J
Get Statistics
Type     Time(s)  Ops          TPS(ops/s)   Net(M/s)   Get_miss   Min(us)  Max(us)    Avg(us)    Std_dev    Geo_dist  
Period   1        24112        24112        3.3        0          247      29086      3344       3287.74    2002.14
Global   3        71042        23680        3.3        0          224      58371      3416       3357.83    2065.71

Set Statistics
Type     Time(s)  Ops          TPS(ops/s)   Net(M/s)   Get_miss   Min(us)  Max(us)    Avg(us)    Std_dev    Geo_dist  
Period   1        238          238          0.0        0          468      11022      3618       3306.21    2251.62
Global   3        754          251          0.0        0          311      29139      3276       3256.83    2089.17

Total Statistics
Type     Time(s)  Ops          TPS(ops/s)   Net(M/s)   Get_miss   Min(us)  Max(us)    Avg(us)    Std_dev    Geo_dist  
Period   1        24348        24348        3.3        0          247      29086      3347       3287.53    2004.96
Global   3        71796        23932        3.3        0          224      58371      3415       3356.32    2065.95

[1;1H[2J
Get Statistics
Type     Time(s)  Ops          TPS(ops/s)   Net(M/s)   Get_miss   Min(us)  Max(us)    Avg(us)    Std_dev    Geo_dist  
Period   1        23361        23361        3.2        0          241      29962      3489       3442.09    2076.12
Global   4        94403        23600        3.2        0          224      58371      3434       3379.07    2068.28

Set Statistics
Type     Time(s)  Ops          TPS(ops/s)   Net(M/s)   Get_miss   Min(us)  Max(us)    Avg(us)    Std_dev    Geo_dist  
Period   1        235          235          0.0        0          455      12414      3566       3428.14    2138.91
Global   4        989          247          0.0        0          311      29139      3345       3298.80    2100.89

Total Statistics
Type     Time(s)  Ops          TPS(ops/s)   Net(M/s)   Get_miss   Min(us)  Max(us)    Avg(us)    Std_dev    Geo_dist  
Period   1        23596        23596        3.3        0          241      29962      3490       3441.65    2076.74
Global   4        95392        23848        3.2        0          224      58371      3433       3378.32    2068.62

[1;1H[2J
Get Statistics
Type     Time(s)  Ops          TPS(ops/s)   Net(M/s)   Get_miss   Min(us)  Max(us)    Avg(us)    Std_dev    Geo_dist  
Period   1        22353        22353        3.2        0          252      29662      3601       3649.19    2095.29
Global   5        116756       23351        3.1        0          224      58371      3466       3433.02    2073.42

Set Statistics
Type     Time(s)  Ops          TPS(ops/s)   Net(M/s)   Get_miss   Min(us)  Max(us)    Avg(us)    Std_dev    Geo_dist  
Period   1        231          231          0.0        0          428      27826      3548       3927.05    2051.60
Global   5        1220         244          0.0        0          311      29139      3383       3426.22    2091.46

Total Statistics
Type     Time(s)  Ops          TPS(ops/s)   Net(M/s)   Get_miss   Min(us)  Max(us)    Avg(us)    Std_dev    Geo_dist  
Period   1        22584        22584        3.2        0          252      29662      3600       3652.50    2094.83
Global   5        117976       23595        3.1        0          224      58371      3465       3433.09    2073.61

[1;1H[2J
Get Statistics
Type     Time(s)  Ops          TPS(ops/s)   Net(M/s)   Get_miss   Min(us)  Max(us)    Avg(us)    Std_dev    Geo_dist  
Period   1        23173        23173        3.2        0          284      24217      3521       3394.79    2130.52
Global   6        139929       23321        3.2        0          224      58371      3475       3426.88    2082.77

Set Statistics
Type     Time(s)  Ops          TPS(ops/s)   Net(M/s)   Get_miss   Min(us)  Max(us)    Avg(us)    Std_dev    Geo_dist  
Period   1        229          229          0.0        0          380      18740      3806       3510.63    2355.53
Global   6        1449         241          0.0        0          311      29139      3450       3441.78    2131.14

Total Statistics
Type     Time(s)  Ops          TPS(ops/s)   Net(M/s)   Get_miss   Min(us)  Max(us)    Avg(us)    Std_dev    Geo_dist  
Period   1        23402        23402        3.2        0          284      24217      3524       3395.76    2132.61
Global   6        141378       23563        3.2        0          224      58371      3475       3426.76    2083.26

[1;1H[2J
Get Statistics
Type     Time(s)  Ops          TPS(ops/s)   Net(M/s)   Get_miss   Min(us)  Max(us)    Avg(us)    Std_dev    Geo_dist  
Period   1        23390        23390        3.2        0          253      21146      3438       3388.37    2059.42
Global   7        163319       23331        3.2        0          224      58371      3470       3421.10    2079.41

Set Statistics
Type     Time(s)  Ops          TPS(ops/s)   Net(M/s)   Get_miss   Min(us)  Max(us)    Avg(us)    Std_dev    Geo_dist  
Period   1        245          245          0.0        0          293      18567      3524       3535.16    2093.50
Global   7        1694         242          0.0        0          293      29139      3461       3454.18    2125.65

Total Statistics
Type     Time(s)  Ops          TPS(ops/s)   Net(M/s)   Get_miss   Min(us)  Max(us)    Avg(us)    Std_dev    Geo_dist  
Period   1        23635        23635        3.2        0          253      21146      3439       3389.75    2059.77
Global   7        165013       23573        3.2        0          224      58371      3470       3421.34    2079.88

[1;1H[2J
Get Statistics
Type     Time(s)  Ops          TPS(ops/s)   Net(M/s)   Get_miss   Min(us)  Max(us)    Avg(us)    Std_dev    Geo_dist  
Period   1        23643        23643        3.2        0          217      19760      3427       3405.65    2023.15
Global   8        186962       23370        3.2        0          217      58371      3465       3418.73    2072.21

Set Statistics
Type     Time(s)  Ops          TPS(ops/s)   Net(M/s)   Get_miss   Min(us)  Max(us)    Avg(us)    Std_dev    Geo_dist  
Period   1        236          236          0.0        0          387      14045      3201       3307.13    1911.36
Global   8        1930         241          0.0        0          293      29139      3429       3436.97    2098.21

Total Statistics
Type     Time(s)  Ops          TPS(ops/s)   Net(M/s)   Get_miss   Min(us)  Max(us)    Avg(us)    Std_dev    Geo_dist  
Period   1        23879        23879        3.2        0          217      19760      3425       3404.46    2022.01
Global   8        188892       23611        3.3        0          217      58371      3464       3419.55    2072.47

[1;1H[2J
Get Statistics
Type     Time(s)  Ops          TPS(ops/s)   Net(M/s)   Get_miss   Min(us)  Max(us)    Avg(us)    Std_dev    Geo_dist  
Period   1        23715        23715        3.2        0          227      32828      3434       3288.27    2103.96
Global   9        210677       23408        3.3        0          217      58371      3461       3404.82    2075.76

Set Statistics
Type     Time(s)  Ops          TPS(ops/s)   Net(M/s)   Get_miss   Min(us)  Max(us)    Avg(us)    Std_dev    Geo_dist  
Period   1        239          239          0.0        0          493      13389      3236       3117.50    2041.60
Global   9        2169         241          0.0        0          293      29139      3408       3402.83    2091.90

Total Statistics
Type     Time(s)  Ops          TPS(ops/s)   Net(M/s)   Get_miss   Min(us)  Max(us)    Avg(us)    Std_dev    Geo_dist  
Period   1        23954        23954        3.2        0          227      32828      3432       3286.63    2103.32
Global   9        212846       23649        3.3        0          217      58371      3461       3404.24    2075.92

[1;1H[2J
Get Statistics
Type     Time(s)  Ops          TPS(ops/s)   Net(M/s)   Get_miss   Min(us)  Max(us)    Avg(us)    Std_dev    Geo_dist  
Period   1        23189        23189        3.2        0          286      20894      3503       3322.01    2135.33
Global   10       233866       23386        3.2        0          217      58371      3465       3396.88    2081.59

Set Statistics
Type     Time(s)  Ops          TPS(ops/s)   Net(M/s)   Get_miss   Min(us)  Max(us)    Avg(us)    Std_dev    Geo_dist  
Period   1        238          238          0.0        0          394      11315      3560       3373.85    2167.98
Global   10       2407         240          0.0        0          293      29139      3423       3399.61    2099.30

Total Statistics
Type     Time(s)  Ops          TPS(ops/s)   Net(M/s)   Get_miss   Min(us)  Max(us)    Avg(us)    Std_dev    Geo_dist  
Period   1        23427        23427        3.2        0          286      20894      3504       3322.03    2135.66
Global   10       236273       23627        3.2        0          217      58371      3465       3396.47    2081.77

[1;1H[2J
Get Statistics
Type     Time(s)  Ops          TPS(ops/s)   Net(M/s)   Get_miss   Min(us)  Max(us)    Avg(us)    Std_dev    Geo_dist  
Period   1        24264        24264        3.2        0          255      23505      3353       3264.43    2023.08
Global   11       258130       23466        3.3        0          217      58371      3455       3384.26    2076.02

Set Statistics
Type     Time(s)  Ops          TPS(ops/s)   Net(M/s)   Get_miss   Min(us)  Max(us)    Avg(us)    Std_dev    Geo_dist  
Period   1        246          246          0.0        0          495      10230      3664       3251.52    2286.33
Global   11       2653         241          0.0        0          293      29139      3445       3386.63    2115.98

Total Statistics
Type     Time(s)  Ops          TPS(ops/s)   Net(M/s)   Get_miss   Min(us)  Max(us)    Avg(us)    Std_dev    Geo_dist  
Period   1        24510        24510        3.3        0          255      23505      3356       3264.51    2025.56
Global   11       260783       23707        3.4        0          217      58371      3455       3384.18    2076.42

[1;1H[2J
Get Statistics
Type     Time(s)  Ops          TPS(ops/s)   Net(M/s)   Get_miss   Min(us)  Max(us)    Avg(us)    Std_dev    Geo_dist  
Period   1        23582        23582        3.2        0          270      24373      3438       3397.34    2062.86
Global   12       281712       23476        3.2        0          217      58371      3453       3385.95    2074.92

Set Statistics
Type     Time(s)  Ops          TPS(ops/s)   Net(M/s)   Get_miss   Min(us)  Max(us)    Avg(us)    Std_dev    Geo_dist  
Period   1        230          230          0.0        0          386      25637      3503       3793.60    2046.45
Global   12       2883         240          0.0        0          293      29139      3450       3419.82    2110.34

Total Statistics
Type     Time(s)  Ops          TPS(ops/s)   Net(M/s)   Get_miss   Min(us)  Max(us)    Avg(us)    Std_dev    Geo_dist  
Period   1        23816        23816        3.3        0          270      25637      3439       3401.54    2063.12
Global   12       284599       23716        3.3        0          217      58371      3453       3386.30    2075.31

[1;1H[2J
Get Statistics
Type     Time(s)  Ops          TPS(ops/s)   Net(M/s)   Get_miss   Min(us)  Max(us)    Avg(us)    Std_dev    Geo_dist  
Period   1        22984        22984        3.2        0          232      30049      3526       3462.39    2156.81
Global   13       304696       23438        3.2        0          217      58371      3459       3391.41    2081.22

Set Statistics
Type     Time(s)  Ops          TPS(ops/s)   Net(M/s)   Get_miss   Min(us)  Max(us)    Avg(us)    Std_dev    Geo_dist  
Period   1        233          233          0.0        0          440      27773      4117       3920.84    2581.39
Global   13       3116         239          0.0        0          293      29139      3500       3463.42    2142.38

Total Statistics
Type     Time(s)  Ops          TPS(ops/s)   Net(M/s)   Get_miss   Min(us)  Max(us)    Avg(us)    Std_dev    Geo_dist  
Period   1        23215        23215        3.3        0          232      30049      3532       3467.63    2162.49
Global   13       307814       23678        3.2        0          217      58371      3459       3392.55    2081.82

[1;1H[2J
Get Statistics
Type     Time(s)  Ops          TPS(ops/s)   Net(M/s)   Get_miss   Min(us)  Max(us)    Avg(us)    Std_dev    Geo_dist  
Period   1        23270        23270        3.2        0          254      124496     3475       3856.36    2121.86
Global   14       327966       23426        3.2        0          217      124496     3460       3426.61    2084.12

Set Statistics
Type     Time(s)  Ops          TPS(ops/s)   Net(M/s)   Get_miss   Min(us)  Max(us)    Avg(us)    Std_dev    Geo_dist  
Period   1        233          233          0.0        0          471      24393      3169       3235.98    1957.60
Global   14       3349         239          0.0        0          293      29139      3477       3448.62    2128.98

Total Statistics
Type     Time(s)  Ops          TPS(ops/s)   Net(M/s)   Get_miss   Min(us)  Max(us)    Avg(us)    Std_dev    Geo_dist  
Period   1        23501        23501        3.2        0          254      124496     3473       3850.12    2120.97
Global   14       331315       23665        3.2        0          217      124496     3460       3427.00    2084.57

[1;1H[2J
Get Statistics
Type     Time(s)  Ops          TPS(ops/s)   Net(M/s)   Get_miss   Min(us)  Max(us)    Avg(us)    Std_dev    Geo_dist  
Period   1        23315        23315        3.2        0          296      29732      3472       3239.79    2133.98
Global   15       351281       23418        3.2        0          217      124496     3461       3414.32    2087.39

Set Statistics
Type     Time(s)  Ops          TPS(ops/s)   Net(M/s)   Get_miss   Min(us)  Max(us)    Avg(us)    Std_dev    Geo_dist  
Period   1        241          241          0.0        0          434      12070      3758       3347.53    2339.29
Global   15       3590         239          0.0        0          293      29139      3496       3442.05    2142.48

Total Statistics
Type     Time(s)  Ops          TPS(ops/s)   Net(M/s)   Get_miss   Min(us)  Max(us)    Avg(us)    Std_dev    Geo_dist  
Period   1        23556        23556        3.2        0          296      29732      3475       3240.88    2135.99
Global   15       354871       23658        3.2        0          217      124496     3461       3414.96    2087.94

[1;1H[2J
Get Statistics
Type     Time(s)  Ops          TPS(ops/s)   Net(M/s)   Get_miss   Min(us)  Max(us)    Avg(us)    Std_dev    Geo_dist  
Period   1        23128        23128        3.2        0          224      34181      3515       3128.36    2239.43
Global   16       374409       23400        3.2        0          217      124496     3464       3397.72    2096.48

Set Statistics
Type     Time(s)  Ops          TPS(ops/s)   Net(M/s)   Get_miss   Min(us)  Max(us)    Avg(us)    Std_dev    Geo_dist  
Period   1        238          238          0.0        0          267      17502      3755       3398.04    2359.33
Global   16       3828         239          0.0        0          267      29139      3512       3439.57    2155.37

Total Statistics
Type     Time(s)  Ops          TPS(ops/s)   Net(M/s)   Get_miss   Min(us)  Max(us)    Avg(us)    Std_dev    Geo_dist  
Period   1        23366        23366        3.2        0          224      34181      3517       3131.74    2240.62
Global   16       378237       23639        3.2        0          217      124496     3465       3397.62    2097.07

[1;1H[2J
Get Statistics
Type     Time(s)  Ops          TPS(ops/s)   Net(M/s)   Get_miss   Min(us)  Max(us)    Avg(us)    Std_dev    Geo_dist  
Period   1        22667        22667        3.2        0          268      20534      3565       3330.35    2172.67
Global   17       397076       23357        3.1        0          217      124496     3470       3393.74    2100.76

Set Statistics
Type     Time(s)  Ops          TPS(ops/s)   Net(M/s)   Get_miss   Min(us)  Max(us)    Avg(us)    Std_dev    Geo_dist  
Period   1        225          225          0.0        0          289      11770      4210       3436.17    2643.48
Global   17       4053         238          0.0        0          267      29139      3550       3443.44    2179.93

Total Statistics
Type     Time(s)  Ops          TPS(ops/s)   Net(M/s)   Get_miss   Min(us)  Max(us)    Avg(us)    Std_dev    Geo_dist  
Period   1        22892        22892        3.2        0          268      20534      3572       3331.22    2176.86
Global   17       401129       23595        3.1        0          217      124496     3471       3394.06    2101.54

[1;1H[2J
Get Statistics
Type     Time(s)  Ops          TPS(ops/s)   Net(M/s)   Get_miss   Min(us)  Max(us)    Avg(us)    Std_dev    Geo_dist  
Period   1        22896        22896        3.2        0          244      49202      3523       3781.66    2078.62
Global   18       419972       23331        3.1        0          217      124496     3473       3415.93    2099.54

Set Statistics
Type     Time(s)  Ops          TPS(ops/s)   Net(M/s)   Get_miss   Min(us)  Max(us)    Avg(us)    Std_dev    Geo_dist  
Period   1        234          234          0.0        0          427      30073      4120       4424.42    2350.51
Global   18       4287         238          0.0        0          267      30073      3582       3504.93    2188.91

Total Statistics
Type     Time(s)  Ops          TPS(ops/s)   Net(M/s)   Get_miss   Min(us)  Max(us)    Avg(us)    Std_dev    Geo_dist  
Period   1        23130        23130        3.2        0          244      49202      3529       3789.10    2081.21
Global   18       424259       23569        3.2        0          217      124496     3474       3416.96    2100.43

[1;1H[2J
Get Statistics
Type     Time(s)  Ops          TPS(ops/s)   Net(M/s)   Get_miss   Min(us)  Max(us)    Avg(us)    Std_dev    Geo_dist  
Period   1        23882        23882        3.2        0          210      27791      3390       3260.35    2052.56
Global   19       443854       23360        3.3        0          210      124496     3468       3408.33    2096.99

Set Statistics
Type     Time(s)  Ops          TPS(ops/s)   Net(M/s)   Get_miss   Min(us)  Max(us)    Avg(us)    Std_dev    Geo_dist  
Period   1        235          235          0.0        0          344      11414      3933       3387.63    2437.88
Global   19       4522         238          0.0        0          267      30073      3600       3499.68    2201.20

Total Statistics
Type     Time(s)  Ops          TPS(ops/s)   Net(M/s)   Get_miss   Min(us)  Max(us)    Avg(us)    Std_dev    Geo_dist  
Period   1        24117        24117        3.2        0          210      27791      3395       3262.28    2056.01
Global   19       448376       23598        3.3        0          210      124496     3470       3408.61    2098.01

[1;1H[2J
Get Statistics
Type     Time(s)  Ops          TPS(ops/s)   Net(M/s)   Get_miss   Min(us)  Max(us)    Avg(us)    Std_dev    Geo_dist  
Period   1        20204        20204        3.2        0          259      130416     4010       8063.02    2303.10
Global   20       464058       23202        2.8        0          210      130416     3492       3735.07    2105.57

Set Statistics
Type     Time(s)  Ops          TPS(ops/s)   Net(M/s)   Get_miss   Min(us)  Max(us)    Avg(us)    Std_dev    Geo_dist  
Period   1        208          208          0.0        0          436      130247     5148       13766.91   2535.98
Global   20       4730         236          0.0        0          267      130247     3668       4484.02    2214.95

Total Statistics
Type     Time(s)  Ops          TPS(ops/s)   Net(M/s)   Get_miss   Min(us)  Max(us)    Avg(us)    Std_dev    Geo_dist  
Period   1        20412        20412        3.2        0          259      130416     4022       8141.36    2305.36
Global   20       468788       23439        2.8        0          210      130416     3494       3743.20    2106.64

[1;1H[2J
Get Statistics
Type     Time(s)  Ops          TPS(ops/s)   Net(M/s)   Get_miss   Min(us)  Max(us)    Avg(us)    Std_dev    Geo_dist  
Period   1        23609        23609        3.2        0          226      37732      3440       3208.02    2130.33
Global   21       487667       23222        3.2        0          210      130416     3489       3711.75    2106.76

Set Statistics
Type     Time(s)  Ops          TPS(ops/s)   Net(M/s)   Get_miss   Min(us)  Max(us)    Avg(us)    Std_dev    Geo_dist  
Period   1        236          236          0.0        0          328      15413      3483       3230.74    2154.17
Global   21       4966         236          0.0        0          267      130247     3659       4432.59    2212.02

Total Statistics
Type     Time(s)  Ops          TPS(ops/s)   Net(M/s)   Get_miss   Min(us)  Max(us)    Avg(us)    Std_dev    Geo_dist  
Period   1        23845        23845        3.2        0          226      37732      3440       3208.64    2130.57
Global   21       492633       23458        3.3        0          210      130416     3491       3719.47    2107.79

[1;1H[2J
Get Statistics
Type     Time(s)  Ops          TPS(ops/s)   Net(M/s)   Get_miss   Min(us)  Max(us)    Avg(us)    Std_dev    Geo_dist  
Period   1        23446        23446        3.2        0          270      20595      3448       3229.72    2125.17
Global   22       511113       23232        3.2        0          210      130416     3488       3690.19    2107.60

Set Statistics
Type     Time(s)  Ops          TPS(ops/s)   Net(M/s)   Get_miss   Min(us)  Max(us)    Avg(us)    Std_dev    Geo_dist  
Period   1        243          243          0.0        0          335      10611      3637       3289.30    2214.09
Global   22       5209         236          0.0        0          267      130247     3658       4385.62    2212.12

Total Statistics
Type     Time(s)  Ops          TPS(ops/s)   Net(M/s)   Get_miss   Min(us)  Max(us)    Avg(us)    Std_dev    Geo_dist  
Period   1        23689        23689        3.2        0          270      20595      3450       3230.26    2126.06
Global   22       516322       23469        3.3        0          210      130416     3489       3698.56    2108.63

[1;1H[2J
Get Statistics
Type     Time(s)  Ops          TPS(ops/s)   Net(M/s)   Get_miss   Min(us)  Max(us)    Avg(us)    Std_dev    Geo_dist  
Period   1        23057        23057        3.2        0          235      42959      3489       3291.41    2155.14
Global   23       534170       23224        3.2        0          210      130416     3488       3673.91    2109.63

Set Statistics
Type     Time(s)  Ops          TPS(ops/s)   Net(M/s)   Get_miss   Min(us)  Max(us)    Avg(us)    Std_dev    Geo_dist  
Period   1        225          225          0.0        0          281      15611      3796       3410.44    2400.21
Global   23       5434         236          0.0        0          267      130247     3664       4349.18    2219.61

Total Statistics
Type     Time(s)  Ops          TPS(ops/s)   Net(M/s)   Get_miss   Min(us)  Max(us)    Avg(us)    Std_dev    Geo_dist  
Period   1        23282        23282        3.2        0          235      42959      3492       3292.60    2157.38
Global   23       539604       23461        3.2        0          210      130416     3489       3682.09    2110.71

[1;1H[2J
Get Statistics
Type     Time(s)  Ops          TPS(ops/s)   Net(M/s)   Get_miss   Min(us)  Max(us)    Avg(us)    Std_dev    Geo_dist  
Period   1        24062        24062        3.2        0          184      29459      3392       3385.96    2070.12
Global   24       558232       23259        3.3        0          184      130416     3483       3662.83    2107.91

Set Statistics
Type     Time(s)  Ops          TPS(ops/s)   Net(M/s)   Get_miss   Min(us)  Max(us)    Avg(us)    Std_dev    Geo_dist  
Period   1        248          248          0.0        0          376      27261      3624       3628.24    2272.62
Global   24       5682         236          0.0        0          267      130247     3662       4320.17    2221.89

Total Statistics
Type     Time(s)  Ops          TPS(ops/s)   Net(M/s)   Get_miss   Min(us)  Max(us)    Avg(us)    Std_dev    Geo_dist  
Period   1        24310        24310        3.2        0          184      29459      3394       3388.89    2072.10
Global   24       563914       23496        3.3        0          184      130416     3485       3669.89    2109.03

[1;1H[2J
Get Statistics
Type     Time(s)  Ops          TPS(ops/s)   Net(M/s)   Get_miss   Min(us)  Max(us)    Avg(us)    Std_dev    Geo_dist  
Period   1        23332        23332        3.2        0          267      45666      3481       3341.47    2134.86
Global   25       581564       23262        3.2        0          184      130416     3483       3650.40    2108.99

Set Statistics
Type     Time(s)  Ops          TPS(ops/s)   Net(M/s)   Get_miss   Min(us)  Max(us)    Avg(us)    Std_dev    Geo_dist  
Period   1        233          233          0.0        0          396      11482      3338       3116.82    2028.34
Global   25       5915         236          0.0        0          267      130247     3649       4279.64    2213.93

Total Statistics
Type     Time(s)  Ops          TPS(ops/s)   Net(M/s)   Get_miss   Min(us)  Max(us)    Avg(us)    Std_dev    Geo_dist  
Period   1        23566        23566        3.2        0          267      45666      3479       3339.77    2133.75
Global   25       587480       23499        3.2        0          184      130416     3485       3656.99    2110.02

[1;1H[2J
Get Statistics
Type     Time(s)  Ops          TPS(ops/s)   Net(M/s)   Get_miss   Min(us)  Max(us)    Avg(us)    Std_dev    Geo_dist  
Period   1        22721        22721        3.2        0          207      35267      3529       3543.35    2177.80
Global   26       604285       23241        3.1        0          184      130416     3485       3646.18    2111.56

Set Statistics
Type     Time(s)  Ops          TPS(ops/s)   Net(M/s)   Get_miss   Min(us)  Max(us)    Avg(us)    Std_dev    Geo_dist  
Period   1        227          227          0.0        0          400      34727      3918       4043.40    2419.98
Global   26       6142         236          0.0        0          267      130247     3659       4271.08    2221.22

Total Statistics
Type     Time(s)  Ops          TPS(ops/s)   Net(M/s)   Get_miss   Min(us)  Max(us)    Avg(us)    Std_dev    Geo_dist  
Period   1        22947        22947        3.2        0          207      35267      3533       3548.76    2180.80
Global   26       610427       23477        3.2        0          184      130416     3487       3652.80    2112.63

[1;1H[2J
Get Statistics
Type     Time(s)  Ops          TPS(ops/s)   Net(M/s)   Get_miss   Min(us)  Max(us)    Avg(us)    Std_dev    Geo_dist  
Period   1        23096        23096        3.2        0          232      41275      3540       3323.08    2173.27
Global   27       627381       23236        3.2        0          184      130416     3487       3634.83    2113.80

Set Statistics
Type     Time(s)  Ops          TPS(ops/s)   Net(M/s)   Get_miss   Min(us)  Max(us)    Avg(us)    Std_dev    Geo_dist  
Period   1        234          234          0.0        0          526      12237      3364       3285.68    2061.13
Global   27       6376         236          0.0        0          267      130247     3648       4239.28    2215.13

Total Statistics
Type     Time(s)  Ops          TPS(ops/s)   Net(M/s)   Get_miss   Min(us)  Max(us)    Avg(us)    Std_dev    Geo_dist  
Period   1        23330        23330        3.2        0          232      41275      3538       3322.93    2172.11
Global   27       633757       23472        3.2        0          184      130416     3489       3641.08    2114.79

[1;1H[2J
Get Statistics
Type     Time(s)  Ops          TPS(ops/s)   Net(M/s)   Get_miss   Min(us)  Max(us)    Avg(us)    Std_dev    Geo_dist  
Period   1        23516        23516        3.2        0          231      41356      3429       3310.60    2136.05
Global   28       650897       23246        3.2        0          184      130416     3485       3623.55    2114.60

Set Statistics
Type     Time(s)  Ops          TPS(ops/s)   Net(M/s)   Get_miss   Min(us)  Max(us)    Avg(us)    Std_dev    Geo_dist  
Period   1        239          239          0.0        0          389      35180      3806       3814.31    2327.77
Global   28       6615         236          0.0        0          267      130247     3654       4224.26    2219.11

Total Statistics
Type     Time(s)  Ops          TPS(ops/s)   Net(M/s)   Get_miss   Min(us)  Max(us)    Avg(us)    Std_dev    Geo_dist  
Period   1        23755        23755        3.2        0          231      41356      3433       3315.96    2137.90
Global   28       657512       23482        3.3        0          184      130416     3487       3629.83    2115.63

[1;1H[2J
Get Statistics
Type     Time(s)  Ops          TPS(ops/s)   Net(M/s)   Get_miss   Min(us)  Max(us)    Avg(us)    Std_dev    Geo_dist  
Period   1        23461        23461        3.2        0          224      19947      3422       3237.26    2103.27
Global   29       674358       23253        3.2        0          184      130416     3483       3610.63    2114.20

Set Statistics
Type     Time(s)  Ops          TPS(ops/s)   Net(M/s)   Get_miss   Min(us)  Max(us)    Avg(us)    Std_dev    Geo_dist  
Period   1        242          242          0.0        0          369      19047      3377       3416.79    2036.00
Global   29       6857         236          0.0        0          267      130247     3644       4198.70    2212.37

Total Statistics
Type     Time(s)  Ops          TPS(ops/s)   Net(M/s)   Get_miss   Min(us)  Max(us)    Avg(us)    Std_dev    Geo_dist  
Period   1        23703        23703        3.2        0          224      19947      3422       3238.58    2102.57
Global   29       681215       23490        3.3        0          184      130416     3484       3617.66    2115.17

[1;1H[2J
Get Statistics
Type     Time(s)  Ops          TPS(ops/s)   Net(M/s)   Get_miss   Min(us)  Max(us)    Avg(us)    Std_dev    Geo_dist  
Period   1        23401        23401        3.2        0          236      18608      3473       3240.06    2142.58
Global   30       697759       23258        3.2        0          184      130416     3482       3599.47    2115.15

Set Statistics
Type     Time(s)  Ops          TPS(ops/s)   Net(M/s)   Get_miss   Min(us)  Max(us)    Avg(us)    Std_dev    Geo_dist  
Period   1        231          231          0.0        0          462      16050      3846       3392.29    2447.08
Global   30       7088         236          0.0        0          267      130247     3651       4174.47    2219.65

Total Statistics
Type     Time(s)  Ops          TPS(ops/s)   Net(M/s)   Get_miss   Min(us)  Max(us)    Avg(us)    Std_dev    Geo_dist  
Period   1        23635        23635        3.2        0          236      18608      3477       3241.01    2145.39
Global   30       704850       23495        3.2        0          184      130416     3484       3605.44    2116.18

[1;1H[2J
Get Statistics
Type     Time(s)  Ops          TPS(ops/s)   Net(M/s)   Get_miss   Min(us)  Max(us)    Avg(us)    Std_dev    Geo_dist  
Period   1        23399        23399        3.2        0          272      80118      3433       3707.95    2060.69
Global   31       721158       23263        3.2        0          184      130416     3481       3602.48    2113.38

Set Statistics
Type     Time(s)  Ops          TPS(ops/s)   Net(M/s)   Get_miss   Min(us)  Max(us)    Avg(us)    Std_dev    Geo_dist  
Period   1        236          236          0.0        0          403      37207      3700       4069.18    2218.19
Global   31       7324         236          0.0        0          267      130247     3652       4171.36    2219.61

Total Statistics
Type     Time(s)  Ops          TPS(ops/s)   Net(M/s)   Get_miss   Min(us)  Max(us)    Avg(us)    Std_dev    Geo_dist  
Period   1        23632        23632        3.2        0          272      80118      3436       3711.77    2062.17
Global   31       728482       23499        3.2        0          184      130416     3483       3608.41    2114.42

[1;1H[2J
Get Statistics
Type     Time(s)  Ops          TPS(ops/s)   Net(M/s)   Get_miss   Min(us)  Max(us)    Avg(us)    Std_dev    Geo_dist  
Period   1        23049        23049        3.2        0          233      22118      3542       3385.06    2156.40
Global   32       744207       23256        3.2        0          184      130416     3483       3595.85    2114.70

Set Statistics
Type     Time(s)  Ops          TPS(ops/s)   Net(M/s)   Get_miss   Min(us)  Max(us)    Avg(us)    Std_dev    Geo_dist  
Period   1        232          232          0.0        0          313      16341      3724       3462.93    2244.66
Global   32       7556         236          0.0        0          267      130247     3655       4150.54    2220.37

Total Statistics
Type     Time(s)  Ops          TPS(ops/s)   Net(M/s)   Get_miss   Min(us)  Max(us)    Avg(us)    Std_dev    Geo_dist  
Period   1        23281        23281        3.2        0          233      22118      3544       3385.62    2157.26
Global   32       751763       23492        3.2        0          184      130416     3485       3601.62    2115.74

[1;1H[2J
Get Statistics
Type     Time(s)  Ops          TPS(ops/s)   Net(M/s)   Get_miss   Min(us)  Max(us)    Avg(us)    Std_dev    Geo_dist  
Period   1        22469        22469        3.2        0          247      34349      3602       3584.83    2201.28
Global   33       766676       23232        3.1        0          184      130416     3486       3596.05    2117.19

Set Statistics
Type     Time(s)  Ops          TPS(ops/s)   Net(M/s)   Get_miss   Min(us)  Max(us)    Avg(us)    Std_dev    Geo_dist  
Period   1        232          232          0.0        0          405      19269      3959       3826.06    2428.99
Global   33       7788         236          0.0        0          267      130247     3664       4141.39    2226.32

Total Statistics
Type     Time(s)  Ops          TPS(ops/s)   Net(M/s)   Get_miss   Min(us)  Max(us)    Avg(us)    Std_dev    Geo_dist  
Period   1        22701        22701        3.2        0          247      34349      3605       3588.12    2203.49
Global   33       774464       23468        3.1        0          184      130416     3488       3601.78    2118.26

[1;1H[2J
Get Statistics
Type     Time(s)  Ops          TPS(ops/s)   Net(M/s)   Get_miss   Min(us)  Max(us)    Avg(us)    Std_dev    Geo_dist  
Period   1        15970        15970        3.2        0          254      316034     5127       20892.04   2133.25
Global   34       782646       23019        2.2        0          184      316034     3520       4650.13    2117.52

Set Statistics
Type     Time(s)  Ops          TPS(ops/s)   Net(M/s)   Get_miss   Min(us)  Max(us)    Avg(us)    Std_dev    Geo_dist  
Period   1        155          155          0.0        0          470      20061      3657       3993.46    2063.60
Global   34       7943         233          0.0        0          267      130247     3664       4138.19    2223.03

Total Statistics
Type     Time(s)  Ops          TPS(ops/s)   Net(M/s)   Get_miss   Min(us)  Max(us)    Avg(us)    Std_dev    Geo_dist  
Period   1        16125        16125        3.2        0          254      316034     5113       20795.50   2132.57
Global   34       790589       23252        2.2        0          184      316034     3521       4645.63    2118.55

[1;1H[2J
Get Statistics
Type     Time(s)  Ops          TPS(ops/s)   Net(M/s)   Get_miss   Min(us)  Max(us)    Avg(us)    Std_dev    Geo_dist  
Period   1        23180        23180        3.2        0          261      81578      3474       3436.16    2165.71
Global   35       805826       23023        3.2        0          184      316034     3518       4620.19    2118.89

Set Statistics
Type     Time(s)  Ops          TPS(ops/s)   Net(M/s)   Get_miss   Min(us)  Max(us)    Avg(us)    Std_dev    Geo_dist  
Period   1        237          237          0.0        0          415      11376      3801       3274.45    2442.33
Global   35       8180         233          0.0        0          267      130247     3668       4115.59    2229.09

Total Statistics
Type     Time(s)  Ops          TPS(ops/s)   Net(M/s)   Get_miss   Min(us)  Max(us)    Avg(us)    Std_dev    Geo_dist  
Period   1        23417        23417        3.2        0          261      81578      3478       3433.95    2168.35
Global   35       814006       23257        3.2        0          184      316034     3520       4615.04    2119.97

[1;1H[2J
Get Statistics
Type     Time(s)  Ops          TPS(ops/s)   Net(M/s)   Get_miss   Min(us)  Max(us)    Avg(us)    Std_dev    Geo_dist  
Period   1        22826        22826        3.2        0          222      40446      3575       3763.37    2198.47
Global   36       828652       23018        3.1        0          184      316034     3520       4598.41    2121.04

Set Statistics
Type     Time(s)  Ops          TPS(ops/s)   Net(M/s)   Get_miss   Min(us)  Max(us)    Avg(us)    Std_dev    Geo_dist  
Period   1        231          231          0.0        0          311      11468      3299       3069.84    2091.88
Global   36       8411         233          0.0        0          267      130247     3658       4090.62    2225.21

Total Statistics
Type     Time(s)  Ops          TPS(ops/s)   Net(M/s)   Get_miss   Min(us)  Max(us)    Avg(us)    Std_dev    Geo_dist  
Period   1        23057        23057        3.2        0          222      40446      3572       3757.32    2197.37
Global   36       837063       23251        3.2        0          184      316034     3521       4593.90    2122.06

[1;1H[2J
Get Statistics
Type     Time(s)  Ops          TPS(ops/s)   Net(M/s)   Get_miss   Min(us)  Max(us)    Avg(us)    Std_dev    Geo_dist  
Period   1        23753        23753        3.2        0          237      38533      3421       3333.02    2060.45
Global   37       852405       23037        3.3        0          184      316034     3517       4568.11    2119.33

Set Statistics
Type     Time(s)  Ops          TPS(ops/s)   Net(M/s)   Get_miss   Min(us)  Max(us)    Avg(us)    Std_dev    Geo_dist  
Period   1        240          240          0.0        0          456      10244      2982       3046.56    1829.92
Global   37       8651         233          0.0        0          267      130247     3639       4066.88    2213.17

Total Statistics
Type     Time(s)  Ops          TPS(ops/s)   Net(M/s)   Get_miss   Min(us)  Max(us)    Avg(us)    Std_dev    Geo_dist  
Period   1        23993        23993        3.2        0          237      38533      3417       3330.10    2058.01
Global   37       861056       23271        3.3        0          184      316034     3518       4563.53    2120.25

[1;1H[2J
Get Statistics
Type     Time(s)  Ops          TPS(ops/s)   Net(M/s)   Get_miss   Min(us)  Max(us)    Avg(us)    Std_dev    Geo_dist  
Period   1        23444        23444        3.2        0          280      30954      3445       3351.22    2061.24
Global   38       875849       23048        3.2        0          184      316034     3515       4539.86    2117.75

Set Statistics
Type     Time(s)  Ops          TPS(ops/s)   Net(M/s)   Get_miss   Min(us)  Max(us)    Avg(us)    Std_dev    Geo_dist  
Period   1        235          235          0.0        0          364      10365      3621       3437.37    2145.58
Global   38       8886         233          0.0        0          267      130247     3638       4051.79    2211.35

Total Statistics
Type     Time(s)  Ops          TPS(ops/s)   Net(M/s)   Get_miss   Min(us)  Max(us)    Avg(us)    Std_dev    Geo_dist  
Period   1        23679        23679        3.2        0          280      30954      3446       3352.83    2062.06
Global   38       884735       23282        3.3        0          184      316034     3517       4534.64    2118.67

[1;1H[2J
Get Statistics
Type     Time(s)  Ops          TPS(ops/s)   Net(M/s)   Get_miss   Min(us)  Max(us)    Avg(us)    Std_dev    Geo_dist  
Period   1        23601        23601        3.2        0          234      29952      3437       3301.04    2118.75
Global   39       899450       23062        3.2        0          184      316034     3513       4511.68    2117.78

Set Statistics
Type     Time(s)  Ops          TPS(ops/s)   Net(M/s)   Get_miss   Min(us)  Max(us)    Avg(us)    Std_dev    Geo_dist  
Period   1        246          246          0.0        0          373      14158      3733       3398.12    2311.67
Global   39       9132         234          0.0        0          267      130247     3641       4035.05    2214.00

Total Statistics
Type     Time(s)  Ops          TPS(ops/s)   Net(M/s)   Get_miss   Min(us)  Max(us)    Avg(us)    Std_dev    Geo_dist  
Period   1        23847        23847        3.2        0          234      29952      3440       3302.18    2120.66
Global   39       908582       23296        3.3        0          184      316034     3515       4506.60    2118.72

[1;1H[2J
Get Statistics
Type     Time(s)  Ops          TPS(ops/s)   Net(M/s)   Get_miss   Min(us)  Max(us)    Avg(us)    Std_dev    Geo_dist  
Period   1        22728        22728        3.2        0          243      46118      3538       3328.34    2164.58
Global   40       922178       23054        3.1        0          184      316034     3514       4485.97    2118.92

Set Statistics
Type     Time(s)  Ops          TPS(ops/s)   Net(M/s)   Get_miss   Min(us)  Max(us)    Avg(us)    Std_dev    Geo_dist  
Period   1        224          224          0.0        0          419      29091      3704       3660.98    2301.63
Global   40       9356         233          0.0        0          267      130247     3642       4026.79    2216.05

Total Statistics
Type     Time(s)  Ops          TPS(ops/s)   Net(M/s)   Get_miss   Min(us)  Max(us)    Avg(us)    Std_dev    Geo_dist  
Period   1        22952        22952        3.2        0          243      46118      3539       3332.36    2165.88
Global   40       931534       23288        3.2        0          184      316034     3515       4481.83    2119.87

[1;1H[2J
Get Statistics
Type     Time(s)  Ops          TPS(ops/s)   Net(M/s)   Get_miss   Min(us)  Max(us)    Avg(us)    Std_dev    Geo_dist  
Period   1        23051        23051        3.2        0          274      29221      3531       3422.19    2123.30
Global   41       945229       23054        3.2        0          184      316034     3514       4463.37    2119.03

Set Statistics
Type     Time(s)  Ops          TPS(ops/s)   Net(M/s)   Get_miss   Min(us)  Max(us)    Avg(us)    Std_dev    Geo_dist  
Period   1        230          230          0.0        0          371      11036      3825       3374.04    2380.87
Global   41       9586         233          0.0        0          267      130247     3647       4011.77    2219.87

Total Statistics
Type     Time(s)  Ops          TPS(ops/s)   Net(M/s)   Get_miss   Min(us)  Max(us)    Avg(us)    Std_dev    Geo_dist  
Period   1        23281        23281        3.2        0          274      29221      3533       3422.70    2125.70
Global   41       954815       23288        3.2        0          184      316034     3516       4458.55    2120.02

[1;1H[2J
Get Statistics
Type     Time(s)  Ops          TPS(ops/s)   Net(M/s)   Get_miss   Min(us)  Max(us)    Avg(us)    Std_dev    Geo_dist  
Period   1        23651        23651        3.2        0          270      26774      3416       3284.50    2059.19
Global   42       968880       23068        3.2        0          184      316034     3512       4438.03    2117.55

Set Statistics
Type     Time(s)  Ops          TPS(ops/s)   Net(M/s)   Get_miss   Min(us)  Max(us)    Avg(us)    Std_dev    Geo_dist  
Period   1        241          241          0.0        0          443      14397      3287       3261.52    1985.03
Global   42       9827         233          0.0        0          267      130247     3638       3995.46    2213.79

Total Statistics
Type     Time(s)  Ops          TPS(ops/s)   Net(M/s)   Get_miss   Min(us)  Max(us)    Avg(us)    Std_dev    Geo_dist  
Period   1        23892        23892        3.2        0          270      26774      3415       3283.91    2058.43
Global   42       978707       23302        3.3        0          184      316034     3513       4434.04    2118.49

[1;1H[2J
Get Statistics
Type     Time(s)  Ops          TPS(ops/s)   Net(M/s)   Get_miss   Min(us)  Max(us)    Avg(us)    Std_dev    Geo_dist  
Period   1        23021        23021        3.2        0          214      42549      3549       3383.51    2191.28
Global   43       991901       23067        3.2        0          184      316034     3513       4416.31    2119.23

Set Statistics
Type     Time(s)  Ops          TPS(ops/s)   Net(M/s)   Get_miss   Min(us)  Max(us)    Avg(us)    Std_dev    Geo_dist  
Period   1        232          232          0.0        0          410      26104      3885       3547.37    2407.79
Global   43       10059        233          0.0        0          267      130247     3644       3985.43    2218.09

Total Statistics
Type     Time(s)  Ops          TPS(ops/s)   Net(M/s)   Get_miss   Min(us)  Max(us)    Avg(us)    Std_dev    Geo_dist  
Period   1        23255        23255        3.2        0          214      42549      3552       3385.34    2193.20
Global   43       1001962      23301        3.2        0          184      316034     3514       4412.45    2120.20

[1;1H[2J
Get Statistics
Type     Time(s)  Ops          TPS(ops/s)   Net(M/s)   Get_miss   Min(us)  Max(us)    Avg(us)    Std_dev    Geo_dist  
Period   1        23283        23283        3.2        0          220      29166      3464       3257.73    2138.21
Global   44       1015184      23072        3.2        0          184      316034     3512       4393.06    2119.68

Set Statistics
Type     Time(s)  Ops          TPS(ops/s)   Net(M/s)   Get_miss   Min(us)  Max(us)    Avg(us)    Std_dev    Geo_dist  
Period   1        237          237          0.0        0          476      14551      3669       3291.16    2301.78
Global   44       10296        234          0.0        0          267      130247     3644       3971.21    2219.98

Total Statistics
Type     Time(s)  Ops          TPS(ops/s)   Net(M/s)   Get_miss   Min(us)  Max(us)    Avg(us)    Std_dev    Geo_dist  
Period   1        23518        23518        3.2        0          220      29166      3467       3257.35    2139.93
Global   44       1025480      23306        3.2        0          184      316034     3513       4389.31    2120.66

[1;1H[2J
Get Statistics
Type     Time(s)  Ops          TPS(ops/s)   Net(M/s)   Get_miss   Min(us)  Max(us)    Avg(us)    Std_dev    Geo_dist  
Period   1        23598        23598        3.2        0          254      50343      3446       3361.46    2085.12
Global   45       1038782      23084        3.2        0          184      316034     3510       4372.74    2118.89

Set Statistics
Type     Time(s)  Ops          TPS(ops/s)   Net(M/s)   Get_miss   Min(us)  Max(us)    Avg(us)    Std_dev    Geo_dist  
Period   1        239          239          0.0        0          385      11594      3741       3373.57    2296.86
Global   45       10535        234          0.0        0          267      130247     3646       3958.72    2221.69

Total Statistics
Type     Time(s)  Ops          TPS(ops/s)   Net(M/s)   Get_miss   Min(us)  Max(us)    Avg(us)    Std_dev    Geo_dist  
Period   1        23838        23838        3.2        0          254      50343      3449       3361.47    2087.14
Global   45       1049318      23318        3.3        0          184      316034     3511       4369.09    2119.89

[1;1H[2J
Get Statistics
Type     Time(s)  Ops          TPS(ops/s)   Net(M/s)   Get_miss   Min(us)  Max(us)    Avg(us)    Std_dev    Geo_dist  
Period   1        22991        22991        3.2        0          221      20005      3501       3278.26    2149.28
Global   46       1061773      23082        3.2        0          184      316034     3510       4351.80    2119.54

Set Statistics
Type     Time(s)  Ops          TPS(ops/s)   Net(M/s)   Get_miss   Min(us)  Max(us)    Avg(us)    Std_dev    Geo_dist  
Period   1        232          232          0.0        0          381      11189      3685       3291.68    2310.96
Global   46       10767        234          0.0        0          267      130247     3647       3945.27    2223.58

Total Statistics
Type     Time(s)  Ops          TPS(ops/s)   Net(M/s)   Get_miss   Min(us)  Max(us)    Avg(us)    Std_dev    Geo_dist  
Period   1        23222        23222        3.2        0          221      20005      3503       3278.33    2150.85
Global   46       1072540      23316        3.2        0          184      316034     3511       4348.23    2120.56

[1;1H[2J
Get Statistics
Type     Time(s)  Ops          TPS(ops/s)   Net(M/s)   Get_miss   Min(us)  Max(us)    Avg(us)    Std_dev    Geo_dist  
Period   1        23025        23025        3.2        0          190      33976      3510       3358.34    2144.01
Global   47       1084798      23080        3.2        0          184      316034     3510       4333.08    2120.06

Set Statistics
Type     Time(s)  Ops          TPS(ops/s)   Net(M/s)   Get_miss   Min(us)  Max(us)    Avg(us)    Std_dev    Geo_dist  
Period   1        235          235          0.0        0          464      17080      3684       3420.95    2297.87
Global   47       11002        234          0.0        0          267      130247     3648       3934.47    2225.14

Total Statistics
Type     Time(s)  Ops          TPS(ops/s)   Net(M/s)   Get_miss   Min(us)  Max(us)    Avg(us)    Std_dev    Geo_dist  
Period   1        23261        23261        3.2        0          190      33976      3512       3359.01    2145.64
Global   47       1095801      23314        3.2        0          184      316034     3511       4329.60    2121.09

[1;1H[2J
Get Statistics
Type     Time(s)  Ops          TPS(ops/s)   Net(M/s)   Get_miss   Min(us)  Max(us)    Avg(us)    Std_dev    Geo_dist  
Period   1        23982        23982        3.2        0          229      21570      3367       3251.84    2050.61
Global   48       1108780      23099        3.3        0          184      316034     3507       4312.55    2118.55

Set Statistics
Type     Time(s)  Ops          TPS(ops/s)   Net(M/s)   Get_miss   Min(us)  Max(us)    Avg(us)    Std_dev    Geo_dist  
Period   1        241          241          0.0        0          404      11845      3426       3107.68    2152.61
Global   48       11243        234          0.0        0          267      130247     3643       3918.83    2223.56

Total Statistics
Type     Time(s)  Ops          TPS(ops/s)   Net(M/s)   Get_miss   Min(us)  Max(us)    Avg(us)    Std_dev    Geo_dist  
Period   1        24222        24222        3.2        0          229      21570      3368       3249.81    2051.50
Global   48       1120023      23333        3.3        0          184      316034     3508       4309.09    2119.57

[1;1H[2J
Get Statistics
Type     Time(s)  Ops          TPS(ops/s)   Net(M/s)   Get_miss   Min(us)  Max(us)    Avg(us)    Std_dev    Geo_dist  
Period   1        24201        24201        3.2        0          290      20071      3371       3193.02    2057.73
Global   49       1132981      23122        3.3        0          184      316034     3504       4291.81    2117.23

Set Statistics
Type     Time(s)  Ops          TPS(ops/s)   Net(M/s)   Get_miss   Min(us)  Max(us)    Avg(us)    Std_dev    Geo_dist  
Period   1        239          239          0.0        0          400      9535       3314       3014.46    2101.54
Global   49       11482        234          0.0        0          267      130247     3636       3902.46    2220.95

Total Statistics
Type     Time(s)  Ops          TPS(ops/s)   Net(M/s)   Get_miss   Min(us)  Max(us)    Avg(us)    Std_dev    Geo_dist  
Period   1        24440        24440        3.2        0          290      20071      3371       3190.68    2058.16
Global   49       1144463      23356        3.4        0          184      316034     3505       4288.36    2118.24

[1;1H[2J
Get Statistics
Type     Time(s)  Ops          TPS(ops/s)   Net(M/s)   Get_miss   Min(us)  Max(us)    Avg(us)    Std_dev    Geo_dist  
Period   1        23788        23788        3.2        0          260      28493      3415       3167.61    2131.40
Global   50       1156769      23135        3.3        0          184      316034     3502       4271.83    2117.52

Set Statistics
Type     Time(s)  Ops          TPS(ops/s)   Net(M/s)   Get_miss   Min(us)  Max(us)    Avg(us)    Std_dev    Geo_dist  
Period   1        247          247          0.0        0          376      12375      3586       3241.79    2269.51
Global   50       11729        234          0.0        0          267      130247     3635       3889.54    2221.96

Total Statistics
Type     Time(s)  Ops          TPS(ops/s)   Net(M/s)   Get_miss   Min(us)  Max(us)    Avg(us)    Std_dev    Geo_dist  
Period   1        24035        24035        3.2        0          260      28493      3417       3168.10    2132.78
Global   50       1168498      23369        3.3        0          184      316034     3503       4268.45    2118.54

[1;1H[2J
Get Statistics
Type     Time(s)  Ops          TPS(ops/s)   Net(M/s)   Get_miss   Min(us)  Max(us)    Avg(us)    Std_dev    Geo_dist  
Period   1        22985        22985        3.2        0          229      41196      3549       3629.37    2099.28
Global   51       1179754      23132        3.2        0          184      316034     3503       4260.17    2117.16

Set Statistics
Type     Time(s)  Ops          TPS(ops/s)   Net(M/s)   Get_miss   Min(us)  Max(us)    Avg(us)    Std_dev    Geo_dist  
Period   1        228          228          0.0        0          425      41192      4017       4497.39    2310.84
Global   51       11957        234          0.0        0          267      130247     3643       3901.49    2223.63

Total Statistics
Type     Time(s)  Ops          TPS(ops/s)   Net(M/s)   Get_miss   Min(us)  Max(us)    Avg(us)    Std_dev    Geo_dist  
Period   1        23213        23213        3.2        0          229      41196      3554       3638.68    2101.26
Global   51       1191711      23366        3.2        0          184      316034     3504       4257.07    2118.20

[1;1H[2J
Get Statistics
Type     Time(s)  Ops          TPS(ops/s)   Net(M/s)   Get_miss   Min(us)  Max(us)    Avg(us)    Std_dev    Geo_dist  
Period   1        23794        23794        3.2        0          241      42642      3420       3255.03    2114.45
Global   52       1203548      23145        3.3        0          184      316034     3501       4242.92    2117.11

Set Statistics
Type     Time(s)  Ops          TPS(ops/s)   Net(M/s)   Get_miss   Min(us)  Max(us)    Avg(us)    Std_dev    Geo_dist  
Period   1        242          242          0.0        0          327      13938      3604       3184.36    2266.74
Global   52       12199        234          0.0        0          267      130247     3642       3888.65    2224.47

Total Statistics
Type     Time(s)  Ops          TPS(ops/s)   Net(M/s)   Get_miss   Min(us)  Max(us)    Avg(us)    Std_dev    Geo_dist  
Period   1        24036        24036        3.2        0          241      42642      3422       3254.16    2115.93
Global   52       1215747      23379        3.3        0          184      316034     3503       4239.05    2118.16

[1;1H[2J
Get Statistics
Type     Time(s)  Ops          TPS(ops/s)   Net(M/s)   Get_miss   Min(us)  Max(us)    Avg(us)    Std_dev    Geo_dist  
Period   1        22977        22977        3.2        0          268      44408      3535       3889.04    2104.88
Global   53       1226525      23141        3.2        0          184      316034     3502       4236.26    2116.88

Set Statistics
Type     Time(s)  Ops          TPS(ops/s)   Net(M/s)   Get_miss   Min(us)  Max(us)    Avg(us)    Std_dev    Geo_dist  
Period   1        233          233          0.0        0          457      36060      3298       3703.71    2003.04
Global   53       12432        234          0.0        0          267      130247     3635       3885.92    2220.11

Total Statistics
Type     Time(s)  Ops          TPS(ops/s)   Net(M/s)   Get_miss   Min(us)  Max(us)    Avg(us)    Std_dev    Geo_dist  
Period   1        23210        23210        3.2        0          268      44408      3533       3886.87    2103.83
Global   53       1238957      23376        3.2        0          184      316034     3503       4233.18    2117.89

[1;1H[2J
Get Statistics
Type     Time(s)  Ops          TPS(ops/s)   Net(M/s)   Get_miss   Min(us)  Max(us)    Avg(us)    Std_dev    Geo_dist  
Period   1        23102        23102        3.2        0          260      37609      3513       3227.11    2203.07
Global   54       1249627      23141        3.2        0          184      316034     3502       4219.96    2118.44

Set Statistics
Type     Time(s)  Ops          TPS(ops/s)   Net(M/s)   Get_miss   Min(us)  Max(us)    Avg(us)    Std_dev    Geo_dist  
Period   1        226          226          0.0        0          455      12192      3488       3217.06    2175.77
Global   54       12658        234          0.0        0          267      130247     3633       3874.35    2219.31

Total Statistics
Type     Time(s)  Ops          TPS(ops/s)   Net(M/s)   Get_miss   Min(us)  Max(us)    Avg(us)    Std_dev    Geo_dist  
Period   1        23328        23328        3.2        0          260      37609      3513       3226.68    2202.81
Global   54       1262285      23375        3.2        0          184      316034     3504       4216.09    2119.43

[1;1H[2J
Get Statistics
Type     Time(s)  Ops          TPS(ops/s)   Net(M/s)   Get_miss   Min(us)  Max(us)    Avg(us)    Std_dev    Geo_dist  
Period   1        24044        24044        3.2        0          261      21338      3355       3152.65    2103.50
Global   55       1273671      23157        3.3        0          184      316034     3499       4202.56    2118.16

Set Statistics
Type     Time(s)  Ops          TPS(ops/s)   Net(M/s)   Get_miss   Min(us)  Max(us)    Avg(us)    Std_dev    Geo_dist  
Period   1        242          242          0.0        0          364      10130      3207       3006.84    2020.34
Global   55       12900        234          0.0        0          267      130247     3625       3860.22    2215.40

Total Statistics
Type     Time(s)  Ops          TPS(ops/s)   Net(M/s)   Get_miss   Min(us)  Max(us)    Avg(us)    Std_dev    Geo_dist  
Period   1        24286        24286        3.2        0          261      21338      3354       3150.70    2102.66
Global   55       1286571      23392        3.3        0          184      316034     3501       4198.67    2119.11

[1;1H[2J
Get Statistics
Type     Time(s)  Ops          TPS(ops/s)   Net(M/s)   Get_miss   Min(us)  Max(us)    Avg(us)    Std_dev    Geo_dist  
Period   1        24408        24408        3.2        0          260      24592      3329       3125.79    2055.92
Global   56       1298079      23179        3.4        0          184      316034     3496       4184.77    2116.97

Set Statistics
Type     Time(s)  Ops          TPS(ops/s)   Net(M/s)   Get_miss   Min(us)  Max(us)    Avg(us)    Std_dev    Geo_dist  
Period   1        255          255          0.0        0          461      23729      3614       3486.84    2224.23
Global   56       13155        234          0.0        0          267      130247     3625       3853.00    2215.57

Total Statistics
Type     Time(s)  Ops          TPS(ops/s)   Net(M/s)   Get_miss   Min(us)  Max(us)    Avg(us)    Std_dev    Geo_dist  
Period   1        24663        24663        3.2        0          260      24592      3332       3129.74    2057.59
Global   56       1311234      23414        3.4        0          184      316034     3498       4181.00    2117.94

[1;1H[2J
Get Statistics
Type     Time(s)  Ops          TPS(ops/s)   Net(M/s)   Get_miss   Min(us)  Max(us)    Avg(us)    Std_dev    Geo_dist  
Period   1        23722        23722        3.2        0          224      30014      3413       3501.53    2043.32
Global   57       1321801      23189        3.3        0          184      316034     3495       4173.09    2115.63

Set Statistics
Type     Time(s)  Ops          TPS(ops/s)   Net(M/s)   Get_miss   Min(us)  Max(us)    Avg(us)    Std_dev    Geo_dist  
Period   1        236          236          0.0        0          408      27555      3660       3649.75    2219.04
Global   57       13391        234          0.0        0          267      130247     3625       3849.97    2215.63

Total Statistics
Type     Time(s)  Ops          TPS(ops/s)   Net(M/s)   Get_miss   Min(us)  Max(us)    Avg(us)    Std_dev    Geo_dist  
Period   1        23958        23958        3.2        0          224      30014      3416       3502.47    2044.98
Global   57       1335192      23424        3.3        0          184      316034     3496       4170.25    2116.61

[1;1H[2J
Get Statistics
Type     Time(s)  Ops          TPS(ops/s)   Net(M/s)   Get_miss   Min(us)  Max(us)    Avg(us)    Std_dev    Geo_dist  
Period   1        23805        23805        3.2        0          269      99901      3406       3567.72    2077.67
Global   58       1345606      23200        3.3        0          184      316034     3493       4163.52    2114.95

Set Statistics
Type     Time(s)  Ops          TPS(ops/s)   Net(M/s)   Get_miss   Min(us)  Max(us)    Avg(us)    Std_dev    Geo_dist  
Period   1        241          241          0.0        0          338      11077      3619       3245.40    2207.24
Global   58       13632        235          0.0        0          267      130247     3625       3839.91    2215.48

Total Statistics
Type     Time(s)  Ops          TPS(ops/s)   Net(M/s)   Get_miss   Min(us)  Max(us)    Avg(us)    Std_dev    Geo_dist  
Period   1        24046        24046        3.2        0          269      99901      3409       3563.81    2078.93
Global   58       1359238      23435        3.3        0          184      316034     3495       4159.85    2115.93

[1;1H[2J
Get Statistics
Type     Time(s)  Ops          TPS(ops/s)   Net(M/s)   Get_miss   Min(us)  Max(us)    Avg(us)    Std_dev    Geo_dist  
Period   1        23505        23505        3.2        0          220      45907      3449       3412.40    2114.39
Global   59       1369111      23205        3.2        0          184      316034     3492       4151.98    2114.94

Set Statistics
Type     Time(s)  Ops          TPS(ops/s)   Net(M/s)   Get_miss   Min(us)  Max(us)    Avg(us)    Std_dev    Geo_dist  
Period   1        241          241          0.0        0          377      26500      3670       3429.74    2272.56
Global   59       13873        235          0.0        0          267      130247     3626       3832.84    2216.46

Total Statistics
Type     Time(s)  Ops          TPS(ops/s)   Net(M/s)   Get_miss   Min(us)  Max(us)    Avg(us)    Std_dev    Geo_dist  
Period   1        23746        23746        3.2        0          220      45907      3451       3412.82    2115.94
Global   59       1382984      23440        3.3        0          184      316034     3494       4148.37    2115.93

[1;1H[2J
Get Statistics
Type     Time(s)  Ops          TPS(ops/s)   Net(M/s)   Get_miss   Min(us)  Max(us)    Avg(us)    Std_dev    Geo_dist  
Period   1        23856        23856        3.2        0          238      27308      3359       3222.67    2068.14
Global   60       1392967      23216        3.3        0          184      316034     3490       4137.62    2114.13

Set Statistics
Type     Time(s)  Ops          TPS(ops/s)   Net(M/s)   Get_miss   Min(us)  Max(us)    Avg(us)    Std_dev    Geo_dist  
Period   1        238          238          0.0        0          406      12358      3521       3215.58    2236.22
Global   60       14111        235          0.0        0          267      130247     3624       3823.40    2216.79

Total Statistics
Type     Time(s)  Ops          TPS(ops/s)   Net(M/s)   Get_miss   Min(us)  Max(us)    Avg(us)    Std_dev    Geo_dist  
Period   1        24094        24094        3.2        0          238      27308      3360       3223.20    2069.73
Global   60       1407078      23451        3.3        0          184      316034     3492       4134.06    2115.13

Get Statistics (1393049 events)
   Min:       184
   Max:    316034
   Avg:      3491
   Geo:   2114.29
   Std:   4138.33
   Log2 Dist:
       8:       81    25988   427902   380881
      12:    80491   350964   122766     3379
      16:      395      120       24       58

Set Statistics (14111 events)
   Min:       267
   Max:    130247
   Avg:      3624
   Geo:   2216.79
   Std:   3823.40
   Log2 Dist:
       8:        0      200     4008     4046
      12:      828     3539     1439       43
      16:        5        3

Total Statistics (1407160 events)
   Min:       184
   Max:    316034
   Avg:      3492
   Geo:   2115.29
   Std:   4135.60
   Log2 Dist:
       8:       81    26188   431910   384927
      12:    81319   354503   124205     3422
      16:      400      123       24       58

cmd_get: 1393131
cmd_set: 14111
get_misses: 0
written_bytes: 32904838
read_bytes: 229965973
object_bytes: 2031984

Run time: 60.3s Ops: 1407242 TPS: 23354 Net_rate: 4.2M/s
