servers : 10.0.0.5:9000
threads count: 98
concurrency: 98
run time: 60s
windows size: 10k
set proportion: set_prop=0.01
get proportion: get_prop=0.99
[1;1H[2J
Get Statistics
Type     Time(s)  Ops          TPS(ops/s)   Net(M/s)   Get_miss   Min(us)  Max(us)    Avg(us)    Std_dev    Geo_dist  
Period   1        24733        24733        3.4        0          224      32749      3846       3485.22    2389.86
Global   1        24733        24733        3.4        0          224      32749      3846       3485.22    2389.86

Set Statistics
Type     Time(s)  Ops          TPS(ops/s)   Net(M/s)   Get_miss   Min(us)  Max(us)    Avg(us)    Std_dev    Geo_dist  
Period   1        300          300          0.0        0          371      19751      4374       4365.32    2807.07
Global   1        300          300          0.0        0          371      19751      4374       4365.32    2807.07

Total Statistics
Type     Time(s)  Ops          TPS(ops/s)   Net(M/s)   Get_miss   Min(us)  Max(us)    Avg(us)    Std_dev    Geo_dist  
Period   1        25033        25033        3.4        0          224      32749      3852       3497.80    2394.47
Global   1        25033        25033        3.4        0          224      32749      3852       3497.80    2394.47

[1;1H[2J
Get Statistics
Type     Time(s)  Ops          TPS(ops/s)   Net(M/s)   Get_miss   Min(us)  Max(us)    Avg(us)    Std_dev    Geo_dist  
Period   1        23940        23940        3.3        0          236      38460      4017       3775.99    2426.12
Global   2        48673        24336        3.3        0          224      38460      3930       3632.23    2407.63

Set Statistics
Type     Time(s)  Ops          TPS(ops/s)   Net(M/s)   Get_miss   Min(us)  Max(us)    Avg(us)    Std_dev    Geo_dist  
Period   1        239          239          0.0        0          249      20042      4091       3770.21    2446.75
Global   2        539          269          0.0        0          249      20042      4249       4110.28    2641.18

Total Statistics
Type     Time(s)  Ops          TPS(ops/s)   Net(M/s)   Get_miss   Min(us)  Max(us)    Avg(us)    Std_dev    Geo_dist  
Period   1        24179        24179        3.4        0          236      38460      4018       3775.58    2426.33
Global   2        49212        24606        3.3        0          224      38460      3934       3637.37    2410.07

[1;1H[2J
Get Statistics
Type     Time(s)  Ops          TPS(ops/s)   Net(M/s)   Get_miss   Min(us)  Max(us)    Avg(us)    Std_dev    Geo_dist  
Period   1        24922        24922        3.4        0          238      47536      3921       3620.75    2405.23
Global   3        73595        24531        3.4        0          224      47536      3927       3628.27    2406.82

Set Statistics
Type     Time(s)  Ops          TPS(ops/s)   Net(M/s)   Get_miss   Min(us)  Max(us)    Avg(us)    Std_dev    Geo_dist  
Period   1        251          251          0.0        0          479      21417      3849       3526.62    2390.85
Global   3        790          263          0.0        0          249      21417      4122       3936.33    2558.92

Total Statistics
Type     Time(s)  Ops          TPS(ops/s)   Net(M/s)   Get_miss   Min(us)  Max(us)    Avg(us)    Std_dev    Geo_dist  
Period   1        25173        25173        3.4        0          238      47536      3920       3620.07    2405.09
Global   3        74385        24795        3.5        0          224      47536      3929       3631.79    2408.38

[1;1H[2J
Get Statistics
Type     Time(s)  Ops          TPS(ops/s)   Net(M/s)   Get_miss   Min(us)  Max(us)    Avg(us)    Std_dev    Geo_dist  
Period   1        24410        24410        3.4        0          305      50189      3981       3693.09    2414.69
Global   4        98005        24501        3.4        0          224      50189      3941       3643.98    2408.77

Set Statistics
Type     Time(s)  Ops          TPS(ops/s)   Net(M/s)   Get_miss   Min(us)  Max(us)    Avg(us)    Std_dev    Geo_dist  
Period   1        246          246          0.0        0          369      18713      4109       3600.28    2553.42
Global   4        1036         259          0.0        0          249      21417      4119       3857.40    2557.62

Total Statistics
Type     Time(s)  Ops          TPS(ops/s)   Net(M/s)   Get_miss   Min(us)  Max(us)    Avg(us)    Std_dev    Geo_dist  
Period   1        24656        24656        3.4        0          305      50189      3982       3692.42    2416.03
Global   4        99041        24760        3.4        0          224      50189      3942       3647.24    2410.29

[1;1H[2J
Get Statistics
Type     Time(s)  Ops          TPS(ops/s)   Net(M/s)   Get_miss   Min(us)  Max(us)    Avg(us)    Std_dev    Geo_dist  
Period   1        24237        24237        3.4        0          245      64218      3975       3730.81    2417.09
Global   5        122242       24448        3.3        0          224      64218      3947       3662.17    2410.42

Set Statistics
Type     Time(s)  Ops          TPS(ops/s)   Net(M/s)   Get_miss   Min(us)  Max(us)    Avg(us)    Std_dev    Geo_dist  
Period   1        248          248          0.0        0          355      35803      4560       4489.37    2789.68
Global   5        1284         256          0.0        0          249      35803      4204       3989.39    2600.88

Total Statistics
Type     Time(s)  Ops          TPS(ops/s)   Net(M/s)   Get_miss   Min(us)  Max(us)    Avg(us)    Std_dev    Geo_dist  
Period   1        24485        24485        3.4        0          245      64218      3981       3739.53    2420.60
Global   5        123526       24705        3.4        0          224      64218      3950       3665.44    2412.33

[1;1H[2J
Get Statistics
Type     Time(s)  Ops          TPS(ops/s)   Net(M/s)   Get_miss   Min(us)  Max(us)    Avg(us)    Std_dev    Geo_dist  
Period   1        24611        24611        3.4        0          222      39162      3913       3608.85    2381.48
Global   6        146853       24475        3.4        0          222      64218      3942       3652.55    2405.55

Set Statistics
Type     Time(s)  Ops          TPS(ops/s)   Net(M/s)   Get_miss   Min(us)  Max(us)    Avg(us)    Std_dev    Geo_dist  
Period   1        248          248          0.0        0          517      18604      3779       3487.98    2329.93
Global   6        1532         255          0.0        0          249      35803      4135       3914.86    2554.97

Total Statistics
Type     Time(s)  Ops          TPS(ops/s)   Net(M/s)   Get_miss   Min(us)  Max(us)    Avg(us)    Std_dev    Geo_dist  
Period   1        24859        24859        3.4        0          222      39162      3911       3608.34    2380.96
Global   6        148385       24730        3.4        0          222      64218      3944       3655.38    2407.04

[1;1H[2J
Get Statistics
Type     Time(s)  Ops          TPS(ops/s)   Net(M/s)   Get_miss   Min(us)  Max(us)    Avg(us)    Std_dev    Geo_dist  
Period   1        24732        24732        3.4        0          262      37758      3910       3692.77    2357.02
Global   7        171585       24512        3.4        0          222      64218      3937       3658.79    2398.49

Set Statistics
Type     Time(s)  Ops          TPS(ops/s)   Net(M/s)   Get_miss   Min(us)  Max(us)    Avg(us)    Std_dev    Geo_dist  
Period   1        252          252          0.0        0          399      27461      4008       4016.59    2403.78
Global   7        1784         254          0.0        0          249      35803      4117       3928.56    2533.05

Total Statistics
Type     Time(s)  Ops          TPS(ops/s)   Net(M/s)   Get_miss   Min(us)  Max(us)    Avg(us)    Std_dev    Geo_dist  
Period   1        24986        24986        3.4        0          262      37758      3911       3695.78    2357.27
Global   7        173371       24767        3.4        0          222      64218      3939       3661.50    2399.81

[1;1H[2J
Get Statistics
Type     Time(s)  Ops          TPS(ops/s)   Net(M/s)   Get_miss   Min(us)  Max(us)    Avg(us)    Std_dev    Geo_dist  
Period   1        24620        24620        3.4        0          265      39572      3910       3793.23    2321.89
Global   8        196205       24525        3.4        0          222      64218      3934       3675.52    2388.82

Set Statistics
Type     Time(s)  Ops          TPS(ops/s)   Net(M/s)   Get_miss   Min(us)  Max(us)    Avg(us)    Std_dev    Geo_dist  
Period   1        246          246          0.0        0          415      39182      3973       4088.42    2412.69
Global   8        2030         253          0.0        0          249      39182      4100       3947.06    2518.15

Total Statistics
Type     Time(s)  Ops          TPS(ops/s)   Net(M/s)   Get_miss   Min(us)  Max(us)    Avg(us)    Std_dev    Geo_dist  
Period   1        24864        24864        3.4        0          265      39572      3911       3796.11    2323.61
Global   8        198235       24779        3.4        0          222      64218      3935       3679.18    2390.11

[1;1H[2J
Get Statistics
Type     Time(s)  Ops          TPS(ops/s)   Net(M/s)   Get_miss   Min(us)  Max(us)    Avg(us)    Std_dev    Geo_dist  
Period   1        24895        24895        3.4        0          234      30281      3900       3501.53    2391.59
Global   9        221100       24566        3.4        0          222      64218      3930       3656.54    2389.14

Set Statistics
Type     Time(s)  Ops          TPS(ops/s)   Net(M/s)   Get_miss   Min(us)  Max(us)    Avg(us)    Std_dev    Geo_dist  
Period   1        251          251          0.0        0          448      10906      4155       3468.25    2586.63
Global   9        2281         253          0.0        0          249      39182      4106       3896.64    2525.60

Total Statistics
Type     Time(s)  Ops          TPS(ops/s)   Net(M/s)   Get_miss   Min(us)  Max(us)    Avg(us)    Std_dev    Geo_dist  
Period   1        25146        25146        3.4        0          234      30281      3902       3501.83    2393.47
Global   9        223381       24820        3.5        0          222      64218      3932       3658.88    2390.49

[1;1H[2J
Get Statistics
Type     Time(s)  Ops          TPS(ops/s)   Net(M/s)   Get_miss   Min(us)  Max(us)    Avg(us)    Std_dev    Geo_dist  
Period   1        23688        23688        3.4        0          248      66308      4075       3989.74    2414.31
Global   10       244788       24478        3.3        0          222      66308      3944       3690.37    2391.56

Set Statistics
Type     Time(s)  Ops          TPS(ops/s)   Net(M/s)   Get_miss   Min(us)  Max(us)    Avg(us)    Std_dev    Geo_dist  
Period   1        238          238          0.0        0          441      29043      4497       4153.15    2670.44
Global   10       2519         251          0.0        0          249      39182      4143       3922.34    2538.94

Total Statistics
Type     Time(s)  Ops          TPS(ops/s)   Net(M/s)   Get_miss   Min(us)  Max(us)    Avg(us)    Std_dev    Geo_dist  
Period   1        23926        23926        3.4        0          248      66308      4080       3990.71    2416.74
Global   10       247307       24730        3.3        0          222      66308      3946       3692.88    2393.02

[1;1H[2J
Get Statistics
Type     Time(s)  Ops          TPS(ops/s)   Net(M/s)   Get_miss   Min(us)  Max(us)    Avg(us)    Std_dev    Geo_dist  
Period   1        24619        24619        3.4        0          271      27091      3939       3580.82    2420.01
Global   11       269407       24491        3.4        0          222      66308      3943       3681.07    2394.15

Set Statistics
Type     Time(s)  Ops          TPS(ops/s)   Net(M/s)   Get_miss   Min(us)  Max(us)    Avg(us)    Std_dev    Geo_dist  
Period   1        249          249          0.0        0          352      21360      4279       3630.24    2700.94
Global   11       2768         251          0.0        0          249      39182      4155       3896.78    2553.11

Total Statistics
Type     Time(s)  Ops          TPS(ops/s)   Net(M/s)   Get_miss   Min(us)  Max(us)    Avg(us)    Std_dev    Geo_dist  
Period   1        24870        24870        3.4        0          271      27091      3942       3581.58    2422.64
Global   11       272177       24743        3.4        0          222      66308      3946       3682.45    2395.71

[1;1H[2J
Get Statistics
Type     Time(s)  Ops          TPS(ops/s)   Net(M/s)   Get_miss   Min(us)  Max(us)    Avg(us)    Std_dev    Geo_dist  
Period   1        23254        23254        3.3        0          255      71735      4148       4645.11    2348.79
Global   12       292661       24388        3.2        0          222      71735      3960       3766.36    2390.57

Set Statistics
Type     Time(s)  Ops          TPS(ops/s)   Net(M/s)   Get_miss   Min(us)  Max(us)    Avg(us)    Std_dev    Geo_dist  
Period   1        234          234          0.0        0          422      39132      4167       4901.14    2311.01
Global   12       3002         250          0.0        0          249      39182      4156       3983.14    2533.36

Total Statistics
Type     Time(s)  Ops          TPS(ops/s)   Net(M/s)   Get_miss   Min(us)  Max(us)    Avg(us)    Std_dev    Geo_dist  
Period   1        23490        23490        3.4        0          255      71735      4148       4647.45    2349.01
Global   12       295667       24638        3.2        0          222      71735      3962       3768.60    2391.97

[1;1H[2J
Get Statistics
Type     Time(s)  Ops          TPS(ops/s)   Net(M/s)   Get_miss   Min(us)  Max(us)    Avg(us)    Std_dev    Geo_dist  
Period   1        24465        24465        3.4        0          259      39017      3968       3513.14    2460.30
Global   13       317126       24394        3.4        0          222      71735      3960       3748.08    2396.05

Set Statistics
Type     Time(s)  Ops          TPS(ops/s)   Net(M/s)   Get_miss   Min(us)  Max(us)    Avg(us)    Std_dev    Geo_dist  
Period   1        249          249          0.0        0          356      27382      4171       4036.57    2525.63
Global   13       3251         250          0.0        0          249      39182      4157       3986.79    2532.76

Total Statistics
Type     Time(s)  Ops          TPS(ops/s)   Net(M/s)   Get_miss   Min(us)  Max(us)    Avg(us)    Std_dev    Geo_dist  
Period   1        24710        24710        3.4        0          259      39017      3971       3518.34    2464.03
Global   13       320377       24644        3.4        0          222      71735      3962       3750.62    2397.40

[1;1H[2J
Get Statistics
Type     Time(s)  Ops          TPS(ops/s)   Net(M/s)   Get_miss   Min(us)  Max(us)    Avg(us)    Std_dev    Geo_dist  
Period   1        24933        24933        3.4        0          253      39899      3843       3588.29    2317.71
Global   14       342059       24432        3.4        0          222      71735      3952       3736.22    2390.25

Set Statistics
Type     Time(s)  Ops          TPS(ops/s)   Net(M/s)   Get_miss   Min(us)  Max(us)    Avg(us)    Std_dev    Geo_dist  
Period   1        257          257          0.0        0          499      11484      3894       3453.36    2388.27
Global   14       3508         250          0.0        0          249      39182      4138       3950.03    2521.89

Total Statistics
Type     Time(s)  Ops          TPS(ops/s)   Net(M/s)   Get_miss   Min(us)  Max(us)    Avg(us)    Std_dev    Geo_dist  
Period   1        25190        25190        3.4        0          253      39899      3843       3587.42    2317.78
Global   14       345567       24683        3.5        0          222      71735      3954       3738.38    2391.55

[1;1H[2J
Get Statistics
Type     Time(s)  Ops          TPS(ops/s)   Net(M/s)   Get_miss   Min(us)  Max(us)    Avg(us)    Std_dev    Geo_dist  
Period   1        24079        24079        3.4        0          291      40614      4047       3806.97    2464.09
Global   15       366138       24409        3.3        0          222      71735      3958       3741.25    2395.03

Set Statistics
Type     Time(s)  Ops          TPS(ops/s)   Net(M/s)   Get_miss   Min(us)  Max(us)    Avg(us)    Std_dev    Geo_dist  
Period   1        239          239          0.0        0          311      20600      4240       3645.34    2657.20
Global   15       3747         249          0.0        0          249      39182      4144       3931.45    2530.31

Total Statistics
Type     Time(s)  Ops          TPS(ops/s)   Net(M/s)   Get_miss   Min(us)  Max(us)    Avg(us)    Std_dev    Geo_dist  
Period   1        24318        24318        3.4        0          291      40614      4049       3805.28    2465.92
Global   15       369885       24659        3.3        0          222      71735      3960       3743.14    2396.37

[1;1H[2J
Get Statistics
Type     Time(s)  Ops          TPS(ops/s)   Net(M/s)   Get_miss   Min(us)  Max(us)    Avg(us)    Std_dev    Geo_dist  
Period   1        24158        24158        3.3        0          240      37445      4016       3749.53    2421.94
Global   16       390296       24393        3.3        0          222      71735      3962       3741.35    2396.69

Set Statistics
Type     Time(s)  Ops          TPS(ops/s)   Net(M/s)   Get_miss   Min(us)  Max(us)    Avg(us)    Std_dev    Geo_dist  
Period   1        247          247          0.0        0          388      13352      3981       3492.51    2460.68
Global   16       3994         249          0.0        0          249      39182      4134       3905.45    2525.95

Total Statistics
Type     Time(s)  Ops          TPS(ops/s)   Net(M/s)   Get_miss   Min(us)  Max(us)    Avg(us)    Std_dev    Geo_dist  
Period   1        24407        24407        3.4        0          240      37445      4015       3747.32    2422.12
Global   16       394292       24643        3.4        0          222      71735      3963       3743.85    2397.95

[1;1H[2J
Get Statistics
Type     Time(s)  Ops          TPS(ops/s)   Net(M/s)   Get_miss   Min(us)  Max(us)    Avg(us)    Std_dev    Geo_dist  
Period   1        23701        23701        3.3        0          241      49069      4073       4034.25    2413.63
Global   17       413997       24352        3.3        0          222      71735      3968       3759.19    2397.70

Set Statistics
Type     Time(s)  Ops          TPS(ops/s)   Net(M/s)   Get_miss   Min(us)  Max(us)    Avg(us)    Std_dev    Geo_dist  
Period   1        240          240          0.0        0          460      58781      4799       5303.65    2833.65
Global   17       4234         249          0.0        0          249      58781      4172       3999.63    2542.46

Total Statistics
Type     Time(s)  Ops          TPS(ops/s)   Net(M/s)   Get_miss   Min(us)  Max(us)    Avg(us)    Std_dev    Geo_dist  
Period   1        23939        23939        3.4        0          241      58781      4080       4050.07    2418.41
Global   17       418231       24601        3.3        0          222      71735      3970       3761.82    2399.12

[1;1H[2J
Get Statistics
Type     Time(s)  Ops          TPS(ops/s)   Net(M/s)   Get_miss   Min(us)  Max(us)    Avg(us)    Std_dev    Geo_dist  
Period   1        23756        23756        3.3        0          240      62735      4091       4394.72    2397.91
Global   18       437753       24319        3.3        0          222      71735      3975       3796.17    2397.71

Set Statistics
Type     Time(s)  Ops          TPS(ops/s)   Net(M/s)   Get_miss   Min(us)  Max(us)    Avg(us)    Std_dev    Geo_dist  
Period   1        238          238          0.0        0          405      38860      4260       4719.71    2512.04
Global   18       4472         248          0.0        0          249      58781      4177       4040.30    2540.83

Total Statistics
Type     Time(s)  Ops          TPS(ops/s)   Net(M/s)   Get_miss   Min(us)  Max(us)    Avg(us)    Std_dev    Geo_dist  
Period   1        23996        23996        3.4        0          240      62735      4092       4398.28    2398.79
Global   18       442227       24568        3.3        0          222      71735      3977       3798.79    2399.10

[1;1H[2J
Get Statistics
Type     Time(s)  Ops          TPS(ops/s)   Net(M/s)   Get_miss   Min(us)  Max(us)    Avg(us)    Std_dev    Geo_dist  
Period   1        23221        23221        3.3        0          254      41343      4152       3615.73    2634.99
Global   19       460974       24261        3.2        0          222      71735      3984       3787.39    2409.20

Set Statistics
Type     Time(s)  Ops          TPS(ops/s)   Net(M/s)   Get_miss   Min(us)  Max(us)    Avg(us)    Std_dev    Geo_dist  
Period   1        237          237          0.0        0          452      21566      4064       3681.02    2553.49
Global   19       4709         247          0.0        0          249      58781      4171       4023.03    2541.47

Total Statistics
Type     Time(s)  Ops          TPS(ops/s)   Net(M/s)   Get_miss   Min(us)  Max(us)    Avg(us)    Std_dev    Geo_dist  
Period   1        23456        23456        3.4        0          254      41343      4152       3615.67    2635.92
Global   19       465683       24509        3.2        0          222      71735      3986       3789.77    2410.51

[1;1H[2J
Get Statistics
Type     Time(s)  Ops          TPS(ops/s)   Net(M/s)   Get_miss   Min(us)  Max(us)    Avg(us)    Std_dev    Geo_dist  
Period   1        22685        22685        3.3        0          191      44767      4262       3576.52    2748.66
Global   20       483659       24182        3.1        0          191      71735      3997       3778.26    2424.14

Set Statistics
Type     Time(s)  Ops          TPS(ops/s)   Net(M/s)   Get_miss   Min(us)  Max(us)    Avg(us)    Std_dev    Geo_dist  
Period   1        227          227          0.0        0          280      22787      4253       3770.98    2638.97
Global   20       4936         246          0.0        0          249      58781      4175       4011.22    2545.87

Total Statistics
Type     Time(s)  Ops          TPS(ops/s)   Net(M/s)   Get_miss   Min(us)  Max(us)    Avg(us)    Std_dev    Geo_dist  
Period   1        22912        22912        3.4        0          191      44767      4262       3578.30    2747.55
Global   20       488595       24429        3.1        0          191      71735      3999       3780.51    2425.34

[1;1H[2J
Get Statistics
Type     Time(s)  Ops          TPS(ops/s)   Net(M/s)   Get_miss   Min(us)  Max(us)    Avg(us)    Std_dev    Geo_dist  
Period   1        20834        20834        3.3        0          296      58135      4655       4673.34    2796.13
Global   21       504493       24023        2.9        0          191      71735      4024       3821.80    2438.48

Set Statistics
Type     Time(s)  Ops          TPS(ops/s)   Net(M/s)   Get_miss   Min(us)  Max(us)    Avg(us)    Std_dev    Geo_dist  
Period   1        212          212          0.0        0          414      32550      5080       5220.21    3022.62
Global   21       5148         245          0.0        0          249      58781      4212       4071.72    2563.93

Total Statistics
Type     Time(s)  Ops          TPS(ops/s)   Net(M/s)   Get_miss   Min(us)  Max(us)    Avg(us)    Std_dev    Geo_dist  
Period   1        21046        21046        3.3        0          296      58135      4659       4679.50    2798.32
Global   21       509641       24268        2.9        0          191      71735      4026       3824.34    2439.71

[1;1H[2J
Get Statistics
Type     Time(s)  Ops          TPS(ops/s)   Net(M/s)   Get_miss   Min(us)  Max(us)    Avg(us)    Std_dev    Geo_dist  
Period   1        22712        22712        3.3        0          284      56879      4269       4916.01    2537.76
Global   22       527205       23963        3.1        0          191      71735      4034       3876.20    2442.67

Set Statistics
Type     Time(s)  Ops          TPS(ops/s)   Net(M/s)   Get_miss   Min(us)  Max(us)    Avg(us)    Std_dev    Geo_dist  
Period   1        227          227          0.0        0          367      54716      4063       4910.61    2353.77
Global   22       5375         244          0.0        0          249      58781      4206       4109.88    2554.69

Total Statistics
Type     Time(s)  Ops          TPS(ops/s)   Net(M/s)   Get_miss   Min(us)  Max(us)    Avg(us)    Std_dev    Geo_dist  
Period   1        22939        22939        3.3        0          284      56879      4267       4915.86    2535.87
Global   22       532580       24208        3.2        0          191      71735      4036       3878.39    2443.78

[1;1H[2J
Get Statistics
Type     Time(s)  Ops          TPS(ops/s)   Net(M/s)   Get_miss   Min(us)  Max(us)    Avg(us)    Std_dev    Geo_dist  
Period   1        24341        24341        3.3        0          259      30498      3975       3665.75    2414.97
Global   23       551546       23980        3.3        0          191      71735      4032       3866.54    2441.44

Set Statistics
Type     Time(s)  Ops          TPS(ops/s)   Net(M/s)   Get_miss   Min(us)  Max(us)    Avg(us)    Std_dev    Geo_dist  
Period   1        240          240          0.0        0          423      30496      4230       4031.15    2540.24
Global   23       5615         244          0.0        0          249      58781      4207       4106.23    2554.07

Total Statistics
Type     Time(s)  Ops          TPS(ops/s)   Net(M/s)   Get_miss   Min(us)  Max(us)    Avg(us)    Std_dev    Geo_dist  
Period   1        24583        24583        3.3        0          259      30498      3978       3668.63    2416.05
Global   23       557163       24224        3.4        0          191      71735      4034       3868.80    2442.55

[1;1H[2J
Get Statistics
Type     Time(s)  Ops          TPS(ops/s)   Net(M/s)   Get_miss   Min(us)  Max(us)    Avg(us)    Std_dev    Geo_dist  
Period   1        23636        23636        3.3        0          248      46977      4117       3538.13    2620.23
Global   24       575182       23965        3.2        0          191      71735      4035       3854.15    2448.61

Set Statistics
Type     Time(s)  Ops          TPS(ops/s)   Net(M/s)   Get_miss   Min(us)  Max(us)    Avg(us)    Std_dev    Geo_dist  
Period   1        243          243          0.0        0          519      19699      4150       3317.52    2714.43
Global   24       5858         244          0.0        0          249      58781      4204       4076.98    2560.53

Total Statistics
Type     Time(s)  Ops          TPS(ops/s)   Net(M/s)   Get_miss   Min(us)  Max(us)    Avg(us)    Std_dev    Geo_dist  
Period   1        23877        23877        3.3        0          248      46977      4118       3535.45    2622.10
Global   24       581040       24210        3.3        0          191      71735      4037       3856.18    2449.71

[1;1H[2J
Get Statistics
Type     Time(s)  Ops          TPS(ops/s)   Net(M/s)   Get_miss   Min(us)  Max(us)    Avg(us)    Std_dev    Geo_dist  
Period   1        24040        24040        3.3        0          280      40723      4042       3686.74    2480.28
Global   25       599222       23968        3.3        0          191      71735      4036       3846.81    2449.87

Set Statistics
Type     Time(s)  Ops          TPS(ops/s)   Net(M/s)   Get_miss   Min(us)  Max(us)    Avg(us)    Std_dev    Geo_dist  
Period   1        247          247          0.0        0          333      18767      4245       3772.56    2610.79
Global   25       6105         244          0.0        0          249      58781      4206       4064.47    2562.54

Total Statistics
Type     Time(s)  Ops          TPS(ops/s)   Net(M/s)   Get_miss   Min(us)  Max(us)    Avg(us)    Std_dev    Geo_dist  
Period   1        24289        24289        3.3        0          280      40723      4045       3687.12    2481.84
Global   25       605329       24213        3.3        0          191      71735      4037       3849.87    2450.99

[1;1H[2J
Get Statistics
Type     Time(s)  Ops          TPS(ops/s)   Net(M/s)   Get_miss   Min(us)  Max(us)    Avg(us)    Std_dev    Geo_dist  
Period   1        23785        23785        3.3        0          299      38017      4050       3688.01    2504.37
Global   26       623007       23961        3.3        0          191      71735      4036       3841.45    2451.96

Set Statistics
Type     Time(s)  Ops          TPS(ops/s)   Net(M/s)   Get_miss   Min(us)  Max(us)    Avg(us)    Std_dev    Geo_dist  
Period   1        235          235          0.0        0          464      22952      4565       4165.31    2877.35
Global   26       6340         243          0.0        0          249      58781      4219       4068.80    2573.57

Total Statistics
Type     Time(s)  Ops          TPS(ops/s)   Net(M/s)   Get_miss   Min(us)  Max(us)    Avg(us)    Std_dev    Geo_dist  
Period   1        24018        24018        3.3        0          299      38017      4055       3693.16    2508.46
Global   26       629347       24205        3.3        0          191      71735      4038       3843.68    2453.16

[1;1H[2J
Get Statistics
Type     Time(s)  Ops          TPS(ops/s)   Net(M/s)   Get_miss   Min(us)  Max(us)    Avg(us)    Std_dev    Geo_dist  
Period   1        24435        24435        3.3        0          252      57638      3950       3636.26    2447.89
Global   27       647442       23979        3.4        0          191      71735      4033       3833.68    2451.81

Set Statistics
Type     Time(s)  Ops          TPS(ops/s)   Net(M/s)   Get_miss   Min(us)  Max(us)    Avg(us)    Std_dev    Geo_dist  
Period   1        248          248          0.0        0          469      20652      4035       3546.48    2518.98
Global   27       6588         244          0.0        0          249      58781      4212       4050.35    2571.50

Total Statistics
Type     Time(s)  Ops          TPS(ops/s)   Net(M/s)   Get_miss   Min(us)  Max(us)    Avg(us)    Std_dev    Geo_dist  
Period   1        24684        24684        3.3        0          252      57638      3951       3634.99    2448.52
Global   27       654031       24223        3.4        0          191      71735      4035       3835.75    2452.99

[1;1H[2J
Get Statistics
Type     Time(s)  Ops          TPS(ops/s)   Net(M/s)   Get_miss   Min(us)  Max(us)    Avg(us)    Std_dev    Geo_dist  
Period   1        23637        23637        3.3        0          282      38279      4093       3682.50    2559.67
Global   28       671079       23967        3.2        0          191      71735      4035       3828.59    2455.56

Set Statistics
Type     Time(s)  Ops          TPS(ops/s)   Net(M/s)   Get_miss   Min(us)  Max(us)    Avg(us)    Std_dev    Geo_dist  
Period   1        244          244          0.0        0          388      17828      4351       3525.28    2795.83
Global   28       6832         244          0.0        0          249      58781      4217       4032.59    2579.19

Total Statistics
Type     Time(s)  Ops          TPS(ops/s)   Net(M/s)   Get_miss   Min(us)  Max(us)    Avg(us)    Std_dev    Geo_dist  
Period   1        23880        23880        3.3        0          282      38279      4096       3680.71    2562.06
Global   28       677911       24211        3.3        0          191      71735      4037       3830.56    2456.77

[1;1H[2J
Get Statistics
Type     Time(s)  Ops          TPS(ops/s)   Net(M/s)   Get_miss   Min(us)  Max(us)    Avg(us)    Std_dev    Geo_dist  
Period   1        24179        24179        3.3        0          242      42095      3993       3715.74    2435.94
Global   29       695258       23974        3.3        0          191      71735      4034       3824.24    2454.87

Set Statistics
Type     Time(s)  Ops          TPS(ops/s)   Net(M/s)   Get_miss   Min(us)  Max(us)    Avg(us)    Std_dev    Geo_dist  
Period   1        237          237          0.0        0          452      10866      4107       3537.95    2541.75
Global   29       7069         243          0.0        0          249      58781      4214       4016.10    2577.92

Total Statistics
Type     Time(s)  Ops          TPS(ops/s)   Net(M/s)   Get_miss   Min(us)  Max(us)    Avg(us)    Std_dev    Geo_dist  
Period   1        24416        24416        3.3        0          242      42095      3994       3714.12    2436.94
Global   29       702327       24218        3.4        0          191      71735      4035       3827.11    2456.08

[1;1H[2J
Get Statistics
Type     Time(s)  Ops          TPS(ops/s)   Net(M/s)   Get_miss   Min(us)  Max(us)    Avg(us)    Std_dev    Geo_dist  
Period   1        23502        23502        3.3        0          236      66598      4045       3725.12    2528.84
Global   30       718760       23958        3.2        0          191      71735      4034       3821.41    2457.26

Set Statistics
Type     Time(s)  Ops          TPS(ops/s)   Net(M/s)   Get_miss   Min(us)  Max(us)    Avg(us)    Std_dev    Geo_dist  
Period   1        247          247          0.0        0          391      22085      4232       3858.16    2634.23
Global   30       7316         243          0.0        0          249      58781      4214       4011.25    2579.81

Total Statistics
Type     Time(s)  Ops          TPS(ops/s)   Net(M/s)   Get_miss   Min(us)  Max(us)    Avg(us)    Std_dev    Geo_dist  
Period   1        23753        23753        3.3        0          236      66598      4047       3727.27    2530.42
Global   30       726080       24202        3.3        0          191      71735      4036       3823.24    2458.48

[1;1H[2J
Get Statistics
Type     Time(s)  Ops          TPS(ops/s)   Net(M/s)   Get_miss   Min(us)  Max(us)    Avg(us)    Std_dev    Geo_dist  
Period   1        23728        23728        3.3        0          279      37409      4092       3471.87    2625.25
Global   31       742488       23951        3.3        0          191      71735      4036       3810.61    2462.48

Set Statistics
Type     Time(s)  Ops          TPS(ops/s)   Net(M/s)   Get_miss   Min(us)  Max(us)    Avg(us)    Std_dev    Geo_dist  
Period   1        237          237          0.0        0          413      16384      4555       3474.46    3025.20
Global   31       7553         243          0.0        0          249      58781      4225       3995.43    2592.73

Total Statistics
Type     Time(s)  Ops          TPS(ops/s)   Net(M/s)   Get_miss   Min(us)  Max(us)    Avg(us)    Std_dev    Geo_dist  
Period   1        23962        23962        3.3        0          279      37409      4096       3472.52    2629.55
Global   31       750042       24194        3.3        0          191      71735      4038       3812.46    2463.77

[1;1H[2J
Get Statistics
Type     Time(s)  Ops          TPS(ops/s)   Net(M/s)   Get_miss   Min(us)  Max(us)    Avg(us)    Std_dev    Geo_dist  
Period   1        24215        24215        3.3        0          235      42894      4003       3555.15    2509.57
Global   32       766703       23959        3.3        0          191      71735      4035       3802.77    2463.99

Set Statistics
Type     Time(s)  Ops          TPS(ops/s)   Net(M/s)   Get_miss   Min(us)  Max(us)    Avg(us)    Std_dev    Geo_dist  
Period   1        240          240          0.0        0          377      17228      4266       3690.11    2617.52
Global   32       7793         243          0.0        0          249      58781      4226       3986.44    2593.49

Total Statistics
Type     Time(s)  Ops          TPS(ops/s)   Net(M/s)   Get_miss   Min(us)  Max(us)    Avg(us)    Std_dev    Geo_dist  
Period   1        24454        24454        3.3        0          235      42894      4005       3556.99    2510.50
Global   32       774496       24203        3.4        0          191      71735      4037       3804.63    2465.26

[1;1H[2J
Get Statistics
Type     Time(s)  Ops          TPS(ops/s)   Net(M/s)   Get_miss   Min(us)  Max(us)    Avg(us)    Std_dev    Geo_dist  
Period   1        24530        24530        3.3        0          252      50197      3958       4011.51    2292.47
Global   33       791233       23976        3.4        0          191      71735      4032       3810.08    2458.48

Set Statistics
Type     Time(s)  Ops          TPS(ops/s)   Net(M/s)   Get_miss   Min(us)  Max(us)    Avg(us)    Std_dev    Geo_dist  
Period   1        248          248          0.0        0          425      23581      3921       3808.01    2294.60
Global   33       8041         243          0.0        0          249      58781      4217       3980.75    2583.71

Total Statistics
Type     Time(s)  Ops          TPS(ops/s)   Net(M/s)   Get_miss   Min(us)  Max(us)    Avg(us)    Std_dev    Geo_dist  
Period   1        24778        24778        3.3        0          252      50197      3957       4010.07    2292.49
Global   33       799274       24220        3.4        0          191      71735      4034       3811.73    2459.71

[1;1H[2J
Get Statistics
Type     Time(s)  Ops          TPS(ops/s)   Net(M/s)   Get_miss   Min(us)  Max(us)    Avg(us)    Std_dev    Geo_dist  
Period   1        24221        24221        3.3        0          205      28769      3982       3583.62    2481.17
Global   34       815454       23983        3.3        0          191      71735      4031       3803.04    2459.15

Set Statistics
Type     Time(s)  Ops          TPS(ops/s)   Net(M/s)   Get_miss   Min(us)  Max(us)    Avg(us)    Std_dev    Geo_dist  
Period   1        242          242          0.0        0          533      21864      4178       3610.51    2669.91
Global   34       8283         243          0.0        0          249      58781      4216       3970.08    2586.19

Total Statistics
Type     Time(s)  Ops          TPS(ops/s)   Net(M/s)   Get_miss   Min(us)  Max(us)    Avg(us)    Std_dev    Geo_dist  
Period   1        24463        24463        3.3        0          205      28769      3984       3583.79    2482.30
Global   34       823737       24227        3.4        0          191      71735      4033       3804.65    2460.40

[1;1H[2J
Get Statistics
Type     Time(s)  Ops          TPS(ops/s)   Net(M/s)   Get_miss   Min(us)  Max(us)    Avg(us)    Std_dev    Geo_dist  
Period   1        20869        20869        3.3        0          208      194256     4660       11145.92   2500.08
Global   35       836323       23894        2.9        0          191      194256     4047       4148.40    2460.17

Set Statistics
Type     Time(s)  Ops          TPS(ops/s)   Net(M/s)   Get_miss   Min(us)  Max(us)    Avg(us)    Std_dev    Geo_dist  
Period   1        214          214          0.0        0          489      28416      3832       3720.30    2396.99
Global   35       8497         242          0.0        0          249      58781      4206       3964.58    2581.25

Total Statistics
Type     Time(s)  Ops          TPS(ops/s)   Net(M/s)   Get_miss   Min(us)  Max(us)    Avg(us)    Std_dev    Geo_dist  
Period   1        21082        21082        3.3        0          208      194256     4651       11096.12   2499.94
Global   35       844819       24137        2.9        0          191      194256     4048       4147.20    2461.38

[1;1H[2J
Get Statistics
Type     Time(s)  Ops          TPS(ops/s)   Net(M/s)   Get_miss   Min(us)  Max(us)    Avg(us)    Std_dev    Geo_dist  
Period   1        24699        24699        3.3        0          179      37127      3937       3533.99    2402.59
Global   36       861022       23917        3.4        0          179      194256     4043       4132.92    2458.50

Set Statistics
Type     Time(s)  Ops          TPS(ops/s)   Net(M/s)   Get_miss   Min(us)  Max(us)    Avg(us)    Std_dev    Geo_dist  
Period   1        252          252          0.0        0          413      20018      4240       3748.11    2583.15
Global   36       8749         243          0.0        0          249      58781      4207       3958.29    2581.30

Total Statistics
Type     Time(s)  Ops          TPS(ops/s)   Net(M/s)   Get_miss   Min(us)  Max(us)    Avg(us)    Std_dev    Geo_dist  
Period   1        24952        24952        3.3        0          179      37127      3940       3536.85    2403.60
Global   36       869771       24160        3.4        0          179      194256     4045       4130.88    2459.70

[1;1H[2J
Get Statistics
Type     Time(s)  Ops          TPS(ops/s)   Net(M/s)   Get_miss   Min(us)  Max(us)    Avg(us)    Std_dev    Geo_dist  
Period   1        24464        24464        3.3        0          267      30681      3950       3626.19    2372.62
Global   37       885486       23932        3.4        0          179      194256     4041       4119.22    2456.08

Set Statistics
Type     Time(s)  Ops          TPS(ops/s)   Net(M/s)   Get_miss   Min(us)  Max(us)    Avg(us)    Std_dev    Geo_dist  
Period   1        244          244          0.0        0          403      19293      3892       3580.01    2372.94
Global   37       8993         243          0.0        0          249      58781      4199       3948.07    2575.42

Total Statistics
Type     Time(s)  Ops          TPS(ops/s)   Net(M/s)   Get_miss   Min(us)  Max(us)    Avg(us)    Std_dev    Geo_dist  
Period   1        24708        24708        3.3        0          267      30681      3950       3625.04    2372.62
Global   37       894479       24175        3.4        0          179      194256     4042       4118.14    2457.25

[1;1H[2J
Get Statistics
Type     Time(s)  Ops          TPS(ops/s)   Net(M/s)   Get_miss   Min(us)  Max(us)    Avg(us)    Std_dev    Geo_dist  
Period   1        24520        24520        3.3        0          207      40500      3954       3505.61    2500.21
Global   38       910006       23947        3.4        0          179      194256     4039       4103.57    2457.26

Set Statistics
Type     Time(s)  Ops          TPS(ops/s)   Net(M/s)   Get_miss   Min(us)  Max(us)    Avg(us)    Std_dev    Geo_dist  
Period   1        248          248          0.0        0          375      10439      3852       3292.75    2429.49
Global   38       9241         243          0.0        0          249      58781      4189       3932.89    2571.39

Total Statistics
Type     Time(s)  Ops          TPS(ops/s)   Net(M/s)   Get_miss   Min(us)  Max(us)    Avg(us)    Std_dev    Geo_dist  
Period   1        24768        24768        3.3        0          207      40500      3953       3503.47    2499.49
Global   38       919247       24190        3.4        0          179      194256     4040       4102.42    2458.38

[1;1H[2J
Get Statistics
Type     Time(s)  Ops          TPS(ops/s)   Net(M/s)   Get_miss   Min(us)  Max(us)    Avg(us)    Std_dev    Geo_dist  
Period   1        23887        23887        3.3        0          230      37410      4075       3855.54    2413.02
Global   39       933893       23945        3.3        0          179      194256     4039       4098.33    2456.12

Set Statistics
Type     Time(s)  Ops          TPS(ops/s)   Net(M/s)   Get_miss   Min(us)  Max(us)    Avg(us)    Std_dev    Geo_dist  
Period   1        239          239          0.0        0          358      21245      4236       4013.73    2500.79
Global   39       9480         243          0.0        0          249      58781      4190       3934.94    2569.58

Total Statistics
Type     Time(s)  Ops          TPS(ops/s)   Net(M/s)   Get_miss   Min(us)  Max(us)    Avg(us)    Std_dev    Geo_dist  
Period   1        24126        24126        3.3        0          230      37410      4076       3857.71    2413.87
Global   39       943373       24189        3.3        0          179      194256     4041       4096.27    2457.23

[1;1H[2J
Get Statistics
Type     Time(s)  Ops          TPS(ops/s)   Net(M/s)   Get_miss   Min(us)  Max(us)    Avg(us)    Std_dev    Geo_dist  
Period   1        24001        24001        3.3        0          245      39319      4060       3831.75    2427.83
Global   40       957894       23947        3.3        0          179      194256     4040       4091.39    2455.41

Set Statistics
Type     Time(s)  Ops          TPS(ops/s)   Net(M/s)   Get_miss   Min(us)  Max(us)    Avg(us)    Std_dev    Geo_dist  
Period   1        244          244          0.0        0          385      12916      3948       3566.91    2406.83
Global   40       9724         243          0.0        0          249      58781      4184       3926.06    2565.37

Total Statistics
Type     Time(s)  Ops          TPS(ops/s)   Net(M/s)   Get_miss   Min(us)  Max(us)    Avg(us)    Std_dev    Geo_dist  
Period   1        24247        24247        3.3        0          245      39319      4059       3828.65    2427.25
Global   40       967620       24190        3.3        0          179      194256     4041       4090.22    2456.48

[1;1H[2J
Get Statistics
Type     Time(s)  Ops          TPS(ops/s)   Net(M/s)   Get_miss   Min(us)  Max(us)    Avg(us)    Std_dev    Geo_dist  
Period   1        24717        24717        3.3        0          267      62402      3934       3761.88    2335.85
Global   41       982611       23966        3.4        0          179      194256     4037       4083.79    2452.35

Set Statistics
Type     Time(s)  Ops          TPS(ops/s)   Net(M/s)   Get_miss   Min(us)  Max(us)    Avg(us)    Std_dev    Geo_dist  
Period   1        252          252          0.0        0          341      12050      3866       3468.68    2334.85
Global   41       9976         243          0.0        0          249      58781      4176       3915.30    2559.27

Total Statistics
Type     Time(s)  Ops          TPS(ops/s)   Net(M/s)   Get_miss   Min(us)  Max(us)    Avg(us)    Std_dev    Geo_dist  
Period   1        24967        24967        3.3        0          267      62402      3933       3759.62    2336.75
Global   41       992587       24209        3.4        0          179      194256     4039       4081.56    2453.41

[1;1H[2J
Get Statistics
Type     Time(s)  Ops          TPS(ops/s)   Net(M/s)   Get_miss   Min(us)  Max(us)    Avg(us)    Std_dev    Geo_dist  
Period   1        24254        24254        3.3        0          267      54786      3986       3542.37    2576.04
Global   42       1006865      23972        3.3        0          179      194256     4036       4071.37    2455.26

Set Statistics
Type     Time(s)  Ops          TPS(ops/s)   Net(M/s)   Get_miss   Min(us)  Max(us)    Avg(us)    Std_dev    Geo_dist  
Period   1        244          244          0.0        0          441      19892      4161       3471.11    2747.26
Global   42       10220        243          0.0        0          249      58781      4176       3904.75    2563.61

Total Statistics
Type     Time(s)  Ops          TPS(ops/s)   Net(M/s)   Get_miss   Min(us)  Max(us)    Avg(us)    Std_dev    Geo_dist  
Period   1        24498        24498        3.3        0          267      54786      3988       3541.35    2577.69
Global   42       1017085      24216        3.4        0          179      194256     4037       4070.16    2456.33

[1;1H[2J
Get Statistics
Type     Time(s)  Ops          TPS(ops/s)   Net(M/s)   Get_miss   Min(us)  Max(us)    Avg(us)    Std_dev    Geo_dist  
Period   1        24662        24662        3.3        0          249      33835      3927       3520.22    2463.07
Global   43       1031527      23989        3.4        0          179      194256     4033       4059.49    2455.45

Set Statistics
Type     Time(s)  Ops          TPS(ops/s)   Net(M/s)   Get_miss   Min(us)  Max(us)    Avg(us)    Std_dev    Geo_dist  
Period   1        249          249          0.0        0          466      18178      3930       3481.55    2454.36
Global   43       10469        243          0.0        0          249      58781      4170       3895.40    2560.95

Total Statistics
Type     Time(s)  Ops          TPS(ops/s)   Net(M/s)   Get_miss   Min(us)  Max(us)    Avg(us)    Std_dev    Geo_dist  
Period   1        24911        24911        3.3        0          249      33835      3927       3519.80    2462.98
Global   43       1041996      24232        3.4        0          179      194256     4035       4057.28    2456.49

[1;1H[2J
Get Statistics
Type     Time(s)  Ops          TPS(ops/s)   Net(M/s)   Get_miss   Min(us)  Max(us)    Avg(us)    Std_dev    Geo_dist  
Period   1        24664        24664        3.3        0          251      58002      3916       3648.83    2440.95
Global   44       1056191      24004        3.4        0          179      194256     4031       4049.69    2455.11

Set Statistics
Type     Time(s)  Ops          TPS(ops/s)   Net(M/s)   Get_miss   Min(us)  Max(us)    Avg(us)    Std_dev    Geo_dist  
Period   1        249          249          0.0        0          448      43620      3981       4127.39    2498.49
Global   44       10718        243          0.0        0          249      58781      4166       3900.43    2559.49

Total Statistics
Type     Time(s)  Ops          TPS(ops/s)   Net(M/s)   Get_miss   Min(us)  Max(us)    Avg(us)    Std_dev    Geo_dist  
Period   1        24913        24913        3.3        0          251      58002      3916       3654.53    2441.52
Global   44       1066909      24247        3.4        0          179      194256     4032       4048.59    2456.14

[1;1H[2J
Get Statistics
Type     Time(s)  Ops          TPS(ops/s)   Net(M/s)   Get_miss   Min(us)  Max(us)    Avg(us)    Std_dev    Geo_dist  
Period   1        24464        24464        3.3        0          260      39470      3924       3552.84    2419.70
Global   45       1080655      24014        3.4        0          179      194256     4028       4039.72    2454.30

Set Statistics
Type     Time(s)  Ops          TPS(ops/s)   Net(M/s)   Get_miss   Min(us)  Max(us)    Avg(us)    Std_dev    Geo_dist  
Period   1        248          248          0.0        0          465      19693      3899       3565.93    2403.90
Global   45       10966        243          0.0        0          249      58781      4160       3893.20    2555.86

Total Statistics
Type     Time(s)  Ops          TPS(ops/s)   Net(M/s)   Get_miss   Min(us)  Max(us)    Avg(us)    Std_dev    Geo_dist  
Period   1        24715        24715        3.3        0          260      39470      3925       3552.64    2419.95
Global   45       1091624      24258        3.4        0          179      194256     4030       4037.65    2455.31

[1;1H[2J
Get Statistics
Type     Time(s)  Ops          TPS(ops/s)   Net(M/s)   Get_miss   Min(us)  Max(us)    Avg(us)    Std_dev    Geo_dist  
Period   1        23971        23971        3.3        0          267      58648      4003       3652.04    2485.77
Global   46       1104626      24013        3.3        0          179      194256     4028       4031.20    2455.04

Set Statistics
Type     Time(s)  Ops          TPS(ops/s)   Net(M/s)   Get_miss   Min(us)  Max(us)    Avg(us)    Std_dev    Geo_dist  
Period   1        245          245          0.0        0          444      18405      3932       3433.66    2531.87
Global   46       11211        243          0.0        0          249      58781      4155       3883.76    2555.33

Total Statistics
Type     Time(s)  Ops          TPS(ops/s)   Net(M/s)   Get_miss   Min(us)  Max(us)    Avg(us)    Std_dev    Geo_dist  
Period   1        24213        24213        3.3        0          267      58648      4002       3650.64    2488.64
Global   46       1115837      24257        3.3        0          179      194256     4029       4030.03    2456.03

[1;1H[2J
Get Statistics
Type     Time(s)  Ops          TPS(ops/s)   Net(M/s)   Get_miss   Min(us)  Max(us)    Avg(us)    Std_dev    Geo_dist  
Period   1        24290        24290        3.3        0          231      38858      3993       3643.72    2469.58
Global   47       1128916      24019        3.3        0          179      194256     4027       4023.50    2455.35

Set Statistics
Type     Time(s)  Ops          TPS(ops/s)   Net(M/s)   Get_miss   Min(us)  Max(us)    Avg(us)    Std_dev    Geo_dist  
Period   1        236          236          0.0        0          353      37538      4039       4082.25    2469.74
Global   47       11447        243          0.0        0          249      58781      4152       3888.45    2553.54

Total Statistics
Type     Time(s)  Ops          TPS(ops/s)   Net(M/s)   Get_miss   Min(us)  Max(us)    Avg(us)    Std_dev    Geo_dist  
Period   1        24526        24526        3.3        0          231      38858      3994       3647.49    2469.58
Global   47       1140363      24263        3.4        0          179      194256     4028       4022.44    2456.32

[1;1H[2J
Get Statistics
Type     Time(s)  Ops          TPS(ops/s)   Net(M/s)   Get_miss   Min(us)  Max(us)    Avg(us)    Std_dev    Geo_dist  
Period   1        24763        24763        3.3        0          182      38819      3871       3626.69    2348.82
Global   48       1153679      24034        3.4        0          179      194256     4024       4015.11    2453.02

Set Statistics
Type     Time(s)  Ops          TPS(ops/s)   Net(M/s)   Get_miss   Min(us)  Max(us)    Avg(us)    Std_dev    Geo_dist  
Period   1        252          252          0.0        0          319      28034      4085       3920.53    2464.96
Global   48       11699        243          0.0        0          249      58781      4151       3888.52    2551.60

Total Statistics
Type     Time(s)  Ops          TPS(ops/s)   Net(M/s)   Get_miss   Min(us)  Max(us)    Avg(us)    Std_dev    Geo_dist  
Period   1        25015        25015        3.3        0          182      38819      3873       3629.91    2349.96
Global   48       1165378      24278        3.4        0          179      194256     4025       4014.15    2453.99

[1;1H[2J
Get Statistics
Type     Time(s)  Ops          TPS(ops/s)   Net(M/s)   Get_miss   Min(us)  Max(us)    Avg(us)    Std_dev    Geo_dist  
Period   1        24512        24512        3.3        0          200      51619      3940       3681.91    2388.67
Global   49       1178191      24044        3.4        0          179      194256     4022       4008.73    2451.66

Set Statistics
Type     Time(s)  Ops          TPS(ops/s)   Net(M/s)   Get_miss   Min(us)  Max(us)    Avg(us)    Std_dev    Geo_dist  
Period   1        255          255          0.0        0          362      18367      3511       3505.40    2112.68
Global   49       11954        243          0.0        0          249      58781      4137       3882.08    2541.34

Total Statistics
Type     Time(s)  Ops          TPS(ops/s)   Net(M/s)   Get_miss   Min(us)  Max(us)    Avg(us)    Std_dev    Geo_dist  
Period   1        24767        24767        3.3        0          200      51619      3936       3679.88    2385.65
Global   49       1190145      24288        3.4        0          179      194256     4023       4007.65    2452.55

[1;1H[2J
Get Statistics
Type     Time(s)  Ops          TPS(ops/s)   Net(M/s)   Get_miss   Min(us)  Max(us)    Avg(us)    Std_dev    Geo_dist  
Period   1        23691        23691        3.3        0          259      46702      4097       3996.40    2407.28
Global   50       1201882      24037        3.3        0          179      194256     4023       4008.98    2450.78

Set Statistics
Type     Time(s)  Ops          TPS(ops/s)   Net(M/s)   Get_miss   Min(us)  Max(us)    Avg(us)    Std_dev    Geo_dist  
Period   1        234          234          0.0        0          346      23357      4392       3895.79    2682.50
Global   50       12188        243          0.0        0          249      58781      4142       3882.23    2543.98

Total Statistics
Type     Time(s)  Ops          TPS(ops/s)   Net(M/s)   Get_miss   Min(us)  Max(us)    Avg(us)    Std_dev    Geo_dist  
Period   1        23925        23925        3.3        0          259      46702      4100       3995.34    2409.83
Global   50       1214070      24281        3.3        0          179      194256     4025       4006.93    2451.70

[1;1H[2J
Get Statistics
Type     Time(s)  Ops          TPS(ops/s)   Net(M/s)   Get_miss   Min(us)  Max(us)    Avg(us)    Std_dev    Geo_dist  
Period   1        25201        25201        3.3        0          252      35540      3818       3423.80    2385.07
Global   51       1227083      24060        3.5        0          179      194256     4019       3997.71    2449.41

Set Statistics
Type     Time(s)  Ops          TPS(ops/s)   Net(M/s)   Get_miss   Min(us)  Max(us)    Avg(us)    Std_dev    Geo_dist  
Period   1        258          258          0.0        0          316      18053      3660       3346.52    2280.96
Global   51       12446        244          0.0        0          249      58781      4132       3872.38    2538.23

Total Statistics
Type     Time(s)  Ops          TPS(ops/s)   Net(M/s)   Get_miss   Min(us)  Max(us)    Avg(us)    Std_dev    Geo_dist  
Period   1        25459        25459        3.3        0          252      35540      3816       3423.44    2383.99
Global   51       1239529      24304        3.5        0          179      194256     4020       3996.62    2450.29

[1;1H[2J
Get Statistics
Type     Time(s)  Ops          TPS(ops/s)   Net(M/s)   Get_miss   Min(us)  Max(us)    Avg(us)    Std_dev    Geo_dist  
Period   1        24173        24173        3.3        0          259      40591      4004       3919.17    2344.53
Global   52       1251256      24062        3.3        0          179      194256     4019       3995.92    2447.34

Set Statistics
Type     Time(s)  Ops          TPS(ops/s)   Net(M/s)   Get_miss   Min(us)  Max(us)    Avg(us)    Std_dev    Geo_dist  
Period   1        246          246          0.0        0          449      29304      4232       4318.57    2479.03
Global   52       12692        244          0.0        0          249      58781      4134       3881.28    2537.07

Total Statistics
Type     Time(s)  Ops          TPS(ops/s)   Net(M/s)   Get_miss   Min(us)  Max(us)    Avg(us)    Std_dev    Geo_dist  
Period   1        24419        24419        3.3        0          259      40591      4006       3923.67    2345.85
Global   52       1263948      24306        3.4        0          179      194256     4020       3994.95    2448.23

[1;1H[2J
Get Statistics
Type     Time(s)  Ops          TPS(ops/s)   Net(M/s)   Get_miss   Min(us)  Max(us)    Avg(us)    Std_dev    Geo_dist  
Period   1        23451        23451        3.3        0          285      32516      4101       3756.81    2551.56
Global   53       1274707      24051        3.2        0          179      194256     4020       3992.17    2449.22

Set Statistics
Type     Time(s)  Ops          TPS(ops/s)   Net(M/s)   Get_miss   Min(us)  Max(us)    Avg(us)    Std_dev    Geo_dist  
Period   1        229          229          0.0        0          475      30440      4375       4170.67    2628.19
Global   53       12921        243          0.0        0          249      58781      4138       3886.85    2538.66

Total Statistics
Type     Time(s)  Ops          TPS(ops/s)   Net(M/s)   Get_miss   Min(us)  Max(us)    Avg(us)    Std_dev    Geo_dist  
Period   1        23680        23680        3.3        0          285      32516      4104       3760.65    2552.29
Global   53       1287628      24294        3.3        0          179      194256     4022       3990.33    2450.10

[1;1H[2J
Get Statistics
Type     Time(s)  Ops          TPS(ops/s)   Net(M/s)   Get_miss   Min(us)  Max(us)    Avg(us)    Std_dev    Geo_dist  
Period   1        24724        24724        3.3        0          247      29917      3923       3432.94    2472.79
Global   54       1299431      24063        3.4        0          179      194256     4019       3981.43    2449.67

Set Statistics
Type     Time(s)  Ops          TPS(ops/s)   Net(M/s)   Get_miss   Min(us)  Max(us)    Avg(us)    Std_dev    Geo_dist  
Period   1        256          256          0.0        0          461      21074      4017       3626.20    2546.04
Global   54       13177        244          0.0        0          249      58781      4136       3881.48    2538.80

Total Statistics
Type     Time(s)  Ops          TPS(ops/s)   Net(M/s)   Get_miss   Min(us)  Max(us)    Avg(us)    Std_dev    Geo_dist  
Period   1        24980        24980        3.3        0          247      29917      3924       3434.88    2473.53
Global   54       1312608      24307        3.4        0          179      194256     4020       3980.64    2450.54

[1;1H[2J
Get Statistics
Type     Time(s)  Ops          TPS(ops/s)   Net(M/s)   Get_miss   Min(us)  Max(us)    Avg(us)    Std_dev    Geo_dist  
Period   1        24975        24975        3.3        0          267      30833      3911       3528.01    2417.41
Global   55       1324406      24080        3.4        0          179      194256     4017       3973.35    2449.05

Set Statistics
Type     Time(s)  Ops          TPS(ops/s)   Net(M/s)   Get_miss   Min(us)  Max(us)    Avg(us)    Std_dev    Geo_dist  
Period   1        245          245          0.0        0          503      14413      3888       3497.32    2417.89
Global   55       13422        244          0.0        0          249      58781      4131       3875.34    2536.54

Total Statistics
Type     Time(s)  Ops          TPS(ops/s)   Net(M/s)   Get_miss   Min(us)  Max(us)    Avg(us)    Std_dev    Geo_dist  
Period   1        25220        25220        3.3        0          267      30833      3910       3528.50    2417.42
Global   55       1337828      24324        3.5        0          179      194256     4018       3972.54    2449.92

[1;1H[2J
Get Statistics
Type     Time(s)  Ops          TPS(ops/s)   Net(M/s)   Get_miss   Min(us)  Max(us)    Avg(us)    Std_dev    Geo_dist  
Period   1        24026        24026        3.3        0          251      51793      3969       3716.21    2478.97
Global   56       1348432      24079        3.3        0          179      194256     4016       3969.07    2449.58

Set Statistics
Type     Time(s)  Ops          TPS(ops/s)   Net(M/s)   Get_miss   Min(us)  Max(us)    Avg(us)    Std_dev    Geo_dist  
Period   1        249          249          0.0        0          427      17198      3908       3586.39    2450.04
Global   56       13671        244          0.0        0          249      58781      4127       3870.20    2534.94

Total Statistics
Type     Time(s)  Ops          TPS(ops/s)   Net(M/s)   Get_miss   Min(us)  Max(us)    Avg(us)    Std_dev    Geo_dist  
Period   1        24279        24279        3.3        0          251      51793      3969       3715.37    2479.20
Global   56       1362107      24323        3.3        0          179      194256     4017       3968.24    2450.44

[1;1H[2J
Get Statistics
Type     Time(s)  Ops          TPS(ops/s)   Net(M/s)   Get_miss   Min(us)  Max(us)    Avg(us)    Std_dev    Geo_dist  
Period   1        24308        24308        3.3        0          247      30064      4004       3373.38    2602.06
Global   57       1372740      24083        3.3        0          179      194256     4016       3959.10    2452.25

Set Statistics
Type     Time(s)  Ops          TPS(ops/s)   Net(M/s)   Get_miss   Min(us)  Max(us)    Avg(us)    Std_dev    Geo_dist  
Period   1        246          246          0.0        0          438      26904      3953       3670.50    2505.57
Global   57       13917        244          0.0        0          249      58781      4124       3866.62    2534.42

Total Statistics
Type     Time(s)  Ops          TPS(ops/s)   Net(M/s)   Get_miss   Min(us)  Max(us)    Avg(us)    Std_dev    Geo_dist  
Period   1        24550        24550        3.3        0          247      30064      4004       3375.96    2603.44
Global   57       1386657      24327        3.4        0          179      194256     4017       3958.29    2453.06

[1;1H[2J
Get Statistics
Type     Time(s)  Ops          TPS(ops/s)   Net(M/s)   Get_miss   Min(us)  Max(us)    Avg(us)    Std_dev    Geo_dist  
Period   1        24493        24493        3.3        0          295      39751      3943       3656.58    2416.06
Global   58       1397233      24090        3.4        0          179      194256     4014       3954.74    2451.61

Set Statistics
Type     Time(s)  Ops          TPS(ops/s)   Net(M/s)   Get_miss   Min(us)  Max(us)    Avg(us)    Std_dev    Geo_dist  
Period   1        244          244          0.0        0          451      18237      3753       3557.06    2316.63
Global   58       14161        244          0.0        0          249      58781      4118       3861.26    2530.50

Total Statistics
Type     Time(s)  Ops          TPS(ops/s)   Net(M/s)   Get_miss   Min(us)  Max(us)    Avg(us)    Std_dev    Geo_dist  
Period   1        24737        24737        3.3        0          295      39751      3941       3655.73    2415.06
Global   58       1411394      24334        3.4        0          179      194256     4015       3953.87    2452.39

[1;1H[2J
Get Statistics
Type     Time(s)  Ops          TPS(ops/s)   Net(M/s)   Get_miss   Min(us)  Max(us)    Avg(us)    Std_dev    Geo_dist  
Period   1        24700        24700        3.3        0          268      52907      3920       3539.46    2498.56
Global   59       1421933      24100        3.4        0          179      194256     4013       3947.28    2452.42

Set Statistics
Type     Time(s)  Ops          TPS(ops/s)   Net(M/s)   Get_miss   Min(us)  Max(us)    Avg(us)    Std_dev    Geo_dist  
Period   1        249          249          0.0        0          402      21253      4281       3683.27    2743.32
Global   59       14410        244          0.0        0          249      58781      4121       3858.00    2534.03

Total Statistics
Type     Time(s)  Ops          TPS(ops/s)   Net(M/s)   Get_miss   Min(us)  Max(us)    Avg(us)    Std_dev    Geo_dist  
Period   1        24949        24949        3.3        0          268      52907      3924       3540.59    2500.89
Global   59       1436343      24344        3.4        0          179      194256     4014       3946.49    2453.23

[1;1H[2J
Get Statistics
Type     Time(s)  Ops          TPS(ops/s)   Net(M/s)   Get_miss   Min(us)  Max(us)    Avg(us)    Std_dev    Geo_dist  
Period   1        24066        24066        3.3        0          296      29305      4025       3447.59    2580.25
Global   60       1445999      24099        3.3        0          179      194256     4013       3939.68    2454.50

Set Statistics
Type     Time(s)  Ops          TPS(ops/s)   Net(M/s)   Get_miss   Min(us)  Max(us)    Avg(us)    Std_dev    Geo_dist  
Period   1        249          249          0.0        0          478      12940      3834       3285.56    2479.61
Global   60       14659        244          0.0        0          249      58781      4116       3849.20    2533.10

Total Statistics
Type     Time(s)  Ops          TPS(ops/s)   Net(M/s)   Get_miss   Min(us)  Max(us)    Avg(us)    Std_dev    Geo_dist  
Period   1        24316        24316        3.3        0          296      29305      4023       3445.86    2579.17
Global   60       1460659      24344        3.3        0          179      194256     4014       3938.83    2455.27

Get Statistics (1446098 events)
   Min:       179
   Max:    194256
   Avg:      4013
   Geo:   2454.64
   Std:   3940.51
   Log2 Dist:
       8:       66    21836   383224   364621
      12:    86336   386008   194040     9226
      16:      636       17       88

Set Statistics (14659 events)
   Min:       249
   Max:     58781
   Avg:      4116
   Geo:   2533.10
   Std:   3849.20
   Log2 Dist:
       8:        1      189     3642     3872
      12:      886     3624     2326      109
      16:       10

Total Statistics (1460757 events)
   Min:       179
   Max:    194256
   Avg:      4014
   Geo:   2455.41
   Std:   3939.65
   Log2 Dist:
       8:       67    22025   386866   368493
      12:    87222   389632   196366     9335
      16:      646       17       88

cmd_get: 1446196
cmd_set: 14659
get_misses: 0
written_bytes: 34159596
read_bytes: 238723442
object_bytes: 2110896

Run time: 60.3s Ops: 1460855 TPS: 24236 Net_rate: 4.3M/s
