servers : 10.0.0.5:9000
threads count: 112
concurrency: 112
run time: 60s
windows size: 10k
set proportion: set_prop=0.01
get proportion: get_prop=0.99
[1;1H[2J
Get Statistics
Type     Time(s)  Ops          TPS(ops/s)   Net(M/s)   Get_miss   Min(us)  Max(us)    Avg(us)    Std_dev    Geo_dist  
Period   1        25074        25074        3.4        0          249      42770      4399       3987.75    2678.22
Global   1        25074        25074        3.4        0          249      42770      4399       3987.75    2678.22

Set Statistics
Type     Time(s)  Ops          TPS(ops/s)   Net(M/s)   Get_miss   Min(us)  Max(us)    Avg(us)    Std_dev    Geo_dist  
Period   1        301          301          0.0        0          521      19026      4899       3615.38    3369.16
Global   1        301          301          0.0        0          521      19026      4899       3615.38    3369.16

Total Statistics
Type     Time(s)  Ops          TPS(ops/s)   Net(M/s)   Get_miss   Min(us)  Max(us)    Avg(us)    Std_dev    Geo_dist  
Period   1        25375        25375        3.5        0          249      42770      4405       3983.76    2685.52
Global   1        25375        25375        3.5        0          249      42770      4405       3983.76    2685.52

[1;1H[2J
Get Statistics
Type     Time(s)  Ops          TPS(ops/s)   Net(M/s)   Get_miss   Min(us)  Max(us)    Avg(us)    Std_dev    Geo_dist  
Period   1        24135        24135        3.4        0          272      69076      4516       4346.05    2680.51
Global   2        49209        24604        3.3        0          249      69076      4457       4167.04    2679.34

Set Statistics
Type     Time(s)  Ops          TPS(ops/s)   Net(M/s)   Get_miss   Min(us)  Max(us)    Avg(us)    Std_dev    Geo_dist  
Period   1        251          251          0.0        0          492      39309      4620       4555.89    2776.10
Global   2        552          276          0.0        0          492      39309      4772       4068.76    3085.22

Total Statistics
Type     Time(s)  Ops          TPS(ops/s)   Net(M/s)   Get_miss   Min(us)  Max(us)    Avg(us)    Std_dev    Geo_dist  
Period   1        24386        24386        3.4        0          272      69076      4517       4348.25    2681.48
Global   2        49761        24880        3.3        0          249      69076      4460       4166.58    2683.54

[1;1H[2J
Get Statistics
Type     Time(s)  Ops          TPS(ops/s)   Net(M/s)   Get_miss   Min(us)  Max(us)    Avg(us)    Std_dev    Geo_dist  
Period   1        24896        24896        3.4        0          210      130631     4495       4779.35    2620.88
Global   3        74105        24701        3.4        0          210      130631     4469       4383.09    2659.56

Set Statistics
Type     Time(s)  Ops          TPS(ops/s)   Net(M/s)   Get_miss   Min(us)  Max(us)    Avg(us)    Std_dev    Geo_dist  
Period   1        253          253          0.0        0          378      26666      4462       4203.07    2646.87
Global   3        805          268          0.0        0          378      39309      4674       4112.00    2940.15

Total Statistics
Type     Time(s)  Ops          TPS(ops/s)   Net(M/s)   Get_miss   Min(us)  Max(us)    Avg(us)    Std_dev    Geo_dist  
Period   1        25149        25149        3.4        0          210      130631     4494       4774.46    2621.14
Global   3        74910        24970        3.5        0          210      130631     4472       4379.48    2662.43

[1;1H[2J
Get Statistics
Type     Time(s)  Ops          TPS(ops/s)   Net(M/s)   Get_miss   Min(us)  Max(us)    Avg(us)    Std_dev    Geo_dist  
Period   1        24801        24801        3.4        0          301      51053      4503       4130.08    2748.73
Global   4        98906        24726        3.4        0          210      130631     4478       4320.55    2681.64

Set Statistics
Type     Time(s)  Ops          TPS(ops/s)   Net(M/s)   Get_miss   Min(us)  Max(us)    Avg(us)    Std_dev    Geo_dist  
Period   1        253          253          0.0        0          490      38885      4760       5029.11    2843.52
Global   4        1058         264          0.0        0          378      39309      4695       4346.09    2916.75

Total Statistics
Type     Time(s)  Ops          TPS(ops/s)   Net(M/s)   Get_miss   Min(us)  Max(us)    Avg(us)    Std_dev    Geo_dist  
Period   1        25054        25054        3.4        0          301      51053      4506       4139.65    2749.67
Global   4        99964        24991        3.4        0          210      130631     4480       4321.16    2684.03

[1;1H[2J
Get Statistics
Type     Time(s)  Ops          TPS(ops/s)   Net(M/s)   Get_miss   Min(us)  Max(us)    Avg(us)    Std_dev    Geo_dist  
Period   1        24820        24820        3.4        0          301      49798      4449       3948.01    2751.89
Global   5        123726       24745        3.4        0          210      130631     4472       4248.63    2695.59

Set Statistics
Type     Time(s)  Ops          TPS(ops/s)   Net(M/s)   Get_miss   Min(us)  Max(us)    Avg(us)    Std_dev    Geo_dist  
Period   1        247          247          0.0        0          392      21990      4486       3936.22    2772.28
Global   5        1305         261          0.0        0          378      39309      4655       4271.35    2888.84

Total Statistics
Type     Time(s)  Ops          TPS(ops/s)   Net(M/s)   Get_miss   Min(us)  Max(us)    Avg(us)    Std_dev    Geo_dist  
Period   1        25067        25067        3.4        0          301      49798      4449       3948.23    2752.09
Global   5        125031       25006        3.4        0          210      130631     4474       4248.80    2697.54

[1;1H[2J
Get Statistics
Type     Time(s)  Ops          TPS(ops/s)   Net(M/s)   Get_miss   Min(us)  Max(us)    Avg(us)    Std_dev    Geo_dist  
Period   1        25005        25005        3.4        0          297      50072      4422       3892.97    2763.28
Global   6        148731       24788        3.4        0          210      130631     4464       4190.54    2706.85

Set Statistics
Type     Time(s)  Ops          TPS(ops/s)   Net(M/s)   Get_miss   Min(us)  Max(us)    Avg(us)    Std_dev    Geo_dist  
Period   1        252          252          0.0        0          414      19964      4303       3963.37    2601.05
Global   6        1557         259          0.0        0          378      39309      4598       4223.82    2840.19

Total Statistics
Type     Time(s)  Ops          TPS(ops/s)   Net(M/s)   Get_miss   Min(us)  Max(us)    Avg(us)    Std_dev    Geo_dist  
Period   1        25259        25259        3.4        0          297      50072      4420       3894.20    2761.34
Global   6        150290       25048        3.5        0          210      130631     4465       4191.25    2708.16

[1;1H[2J
Get Statistics
Type     Time(s)  Ops          TPS(ops/s)   Net(M/s)   Get_miss   Min(us)  Max(us)    Avg(us)    Std_dev    Geo_dist  
Period   1        24393        24393        3.4        0          263      39392      4504       4029.17    2809.58
Global   7        173124       24732        3.3        0          210      130631     4469       4168.88    2721.20

Set Statistics
Type     Time(s)  Ops          TPS(ops/s)   Net(M/s)   Get_miss   Min(us)  Max(us)    Avg(us)    Std_dev    Geo_dist  
Period   1        251          251          0.0        0          404      28218      4969       4253.75    3149.06
Global   7        1808         258          0.0        0          378      39309      4650       4228.21    2881.19

Total Statistics
Type     Time(s)  Ops          TPS(ops/s)   Net(M/s)   Get_miss   Min(us)  Max(us)    Avg(us)    Std_dev    Geo_dist  
Period   1        24643        24643        3.4        0          263      39392      4509       4031.59    2813.02
Global   7        174933       24990        3.4        0          210      130631     4471       4169.36    2722.79

[1;1H[2J
Get Statistics
Type     Time(s)  Ops          TPS(ops/s)   Net(M/s)   Get_miss   Min(us)  Max(us)    Avg(us)    Std_dev    Geo_dist  
Period   1        25263        25263        3.4        0          268      40303      4386       3981.52    2671.86
Global   8        198387       24798        3.5        0          210      130631     4459       4144.96    2714.96

Set Statistics
Type     Time(s)  Ops          TPS(ops/s)   Net(M/s)   Get_miss   Min(us)  Max(us)    Avg(us)    Std_dev    Geo_dist  
Period   1        253          253          0.0        0          515      11475      4299       3652.21    2679.08
Global   8        2061         257          0.0        0          378      39309      4607       4162.48    2855.58

Total Statistics
Type     Time(s)  Ops          TPS(ops/s)   Net(M/s)   Get_miss   Min(us)  Max(us)    Avg(us)    Std_dev    Geo_dist  
Period   1        25519        25519        3.4        0          268      40303      4385       3979.24    2672.17
Global   8        200452       25056        3.5        0          210      130631     4460       4145.79    2716.39

[1;1H[2J
Get Statistics
Type     Time(s)  Ops          TPS(ops/s)   Net(M/s)   Get_miss   Min(us)  Max(us)    Avg(us)    Std_dev    Geo_dist  
Period   1        24663        24663        3.4        0          255      67571      4485       4508.03    2663.69
Global   9        223050       24783        3.4        0          210      130631     4462       4186.52    2709.34

Set Statistics
Type     Time(s)  Ops          TPS(ops/s)   Net(M/s)   Get_miss   Min(us)  Max(us)    Avg(us)    Std_dev    Geo_dist  
Period   1        252          252          0.0        0          306      50570      5323       5954.01    3122.53
Global   9        2313         257          0.0        0          306      50570      4685       4397.30    2883.52

Total Statistics
Type     Time(s)  Ops          TPS(ops/s)   Net(M/s)   Get_miss   Min(us)  Max(us)    Avg(us)    Std_dev    Geo_dist  
Period   1        24911        24911        3.4        0          255      67571      4494       4524.64    2667.81
Global   9        225363       25040        3.4        0          210      130631     4464       4189.10    2711.07

[1;1H[2J
Get Statistics
Type     Time(s)  Ops          TPS(ops/s)   Net(M/s)   Get_miss   Min(us)  Max(us)    Avg(us)    Std_dev    Geo_dist  
Period   1        22016        22016        3.4        0          296      106014     5063       7925.34    2799.47
Global   10       245066       24506        3.0        0          210      130631     4516       4650.20    2717.31

Set Statistics
Type     Time(s)  Ops          TPS(ops/s)   Net(M/s)   Get_miss   Min(us)  Max(us)    Avg(us)    Std_dev    Geo_dist  
Period   1        222          222          0.0        0          515      96039      5190       7401.36    2968.87
Global   10       2535         253          0.0        0          306      96039      4729       4737.33    2890.90

Total Statistics
Type     Time(s)  Ops          TPS(ops/s)   Net(M/s)   Get_miss   Min(us)  Max(us)    Avg(us)    Std_dev    Geo_dist  
Period   1        22240        22240        3.4        0          296      106014     5065       7919.53    2801.38
Global   10       247603       24760        3.1        0          210      130631     4518       4651.34    2719.06

[1;1H[2J
Get Statistics
Type     Time(s)  Ops          TPS(ops/s)   Net(M/s)   Get_miss   Min(us)  Max(us)    Avg(us)    Std_dev    Geo_dist  
Period   1        24189        24189        3.4        0          300      49698      4550       4104.80    2794.48
Global   11       269255       24477        3.3        0          210      130631     4519       4603.93    2724.25

Set Statistics
Type     Time(s)  Ops          TPS(ops/s)   Net(M/s)   Get_miss   Min(us)  Max(us)    Avg(us)    Std_dev    Geo_dist  
Period   1        240          240          0.0        0          448      30488      4868       4410.16    3012.74
Global   11       2775         252          0.0        0          306      96039      4741       4709.37    2901.24

Total Statistics
Type     Time(s)  Ops          TPS(ops/s)   Net(M/s)   Get_miss   Min(us)  Max(us)    Avg(us)    Std_dev    Geo_dist  
Period   1        24427        24427        3.4        0          300      49698      4553       4108.15    2797.34
Global   11       272030       24730        3.4        0          210      130631     4521       4605.32    2726.00

[1;1H[2J
Get Statistics
Type     Time(s)  Ops          TPS(ops/s)   Net(M/s)   Get_miss   Min(us)  Max(us)    Avg(us)    Std_dev    Geo_dist  
Period   1        24905        24905        3.4        0          260      40250      4442       3924.25    2781.67
Global   12       294160       24513        3.4        0          210      130631     4512       4550.84    2729.06

Set Statistics
Type     Time(s)  Ops          TPS(ops/s)   Net(M/s)   Get_miss   Min(us)  Max(us)    Avg(us)    Std_dev    Geo_dist  
Period   1        252          252          0.0        0          535      58582      4843       5537.52    2904.92
Global   12       3027         252          0.0        0          306      96039      4749       4783.32    2901.54

Total Statistics
Type     Time(s)  Ops          TPS(ops/s)   Net(M/s)   Get_miss   Min(us)  Max(us)    Avg(us)    Std_dev    Geo_dist  
Period   1        25157        25157        3.4        0          260      58582      4446       3943.75    2782.88
Global   12       297187       24765        3.5        0          210      130631     4515       4552.74    2730.77

[1;1H[2J
Get Statistics
Type     Time(s)  Ops          TPS(ops/s)   Net(M/s)   Get_miss   Min(us)  Max(us)    Avg(us)    Std_dev    Geo_dist  
Period   1        24238        24238        3.4        0          221      41896      4578       4394.62    2740.20
Global   13       318398       24492        3.3        0          210      130631     4517       4539.19    2729.91

Set Statistics
Type     Time(s)  Ops          TPS(ops/s)   Net(M/s)   Get_miss   Min(us)  Max(us)    Avg(us)    Std_dev    Geo_dist  
Period   1        238          238          0.0        0          261      20223      4712       4010.69    2940.39
Global   13       3265         251          0.0        0          261      96039      4747       4730.04    2904.36

Total Statistics
Type     Time(s)  Ops          TPS(ops/s)   Net(M/s)   Get_miss   Min(us)  Max(us)    Avg(us)    Std_dev    Geo_dist  
Period   1        24476        24476        3.4        0          221      41896      4579       4391.31    2742.08
Global   13       321663       24743        3.4        0          210      130631     4520       4540.56    2731.63

[1;1H[2J
Get Statistics
Type     Time(s)  Ops          TPS(ops/s)   Net(M/s)   Get_miss   Min(us)  Max(us)    Avg(us)    Std_dev    Geo_dist  
Period   1        24482        24482        3.4        0          312      49702      4471       3906.16    2785.37
Global   14       342880       24491        3.4        0          210      130631     4514       4496.67    2733.83

Set Statistics
Type     Time(s)  Ops          TPS(ops/s)   Net(M/s)   Get_miss   Min(us)  Max(us)    Avg(us)    Std_dev    Geo_dist  
Period   1        250          250          0.0        0          502      19616      4261       3703.47    2694.35
Global   14       3515         251          0.0        0          261      96039      4712       4666.17    2888.89

Total Statistics
Type     Time(s)  Ops          TPS(ops/s)   Net(M/s)   Get_miss   Min(us)  Max(us)    Avg(us)    Std_dev    Geo_dist  
Period   1        24732        24732        3.4        0          312      49702      4469       3904.01    2784.43
Global   14       346395       24742        3.4        0          210      130631     4516       4498.47    2735.36

[1;1H[2J
Get Statistics
Type     Time(s)  Ops          TPS(ops/s)   Net(M/s)   Get_miss   Min(us)  Max(us)    Avg(us)    Std_dev    Geo_dist  
Period   1        25128        25128        3.4        0          289      48046      4476       4173.47    2709.91
Global   15       368008       24533        3.5        0          210      130631     4511       4475.76    2732.19

Set Statistics
Type     Time(s)  Ops          TPS(ops/s)   Net(M/s)   Get_miss   Min(us)  Max(us)    Avg(us)    Std_dev    Geo_dist  
Period   1        263          263          0.0        0          321      27957      4738       4202.10    2938.45
Global   15       3778         251          0.0        0          261      96039      4714       4634.67    2892.32

Total Statistics
Type     Time(s)  Ops          TPS(ops/s)   Net(M/s)   Get_miss   Min(us)  Max(us)    Avg(us)    Std_dev    Geo_dist  
Period   1        25392        25392        3.4        0          289      48046      4478       4174.69    2712.31
Global   15       371787       24785        3.5        0          210      130631     4514       4476.51    2733.78

[1;1H[2J
Get Statistics
Type     Time(s)  Ops          TPS(ops/s)   Net(M/s)   Get_miss   Min(us)  Max(us)    Avg(us)    Std_dev    Geo_dist  
Period   1        25185        25185        3.4        0          263      40612      4397       4035.59    2666.07
Global   16       393193       24574        3.5        0          210      130631     4504       4448.67    2727.97

Set Statistics
Type     Time(s)  Ops          TPS(ops/s)   Net(M/s)   Get_miss   Min(us)  Max(us)    Avg(us)    Std_dev    Geo_dist  
Period   1        249          249          0.0        0          449      20737      4010       3900.81    2432.23
Global   16       4027         251          0.0        0          261      96039      4670       4595.88    2861.50

Total Statistics
Type     Time(s)  Ops          TPS(ops/s)   Net(M/s)   Get_miss   Min(us)  Max(us)    Avg(us)    Std_dev    Geo_dist  
Period   1        25433        25433        3.4        0          263      40612      4392       4034.84    2661.66
Global   16       397220       24826        3.5        0          210      130631     4506       4449.89    2729.29

[1;1H[2J
Get Statistics
Type     Time(s)  Ops          TPS(ops/s)   Net(M/s)   Get_miss   Min(us)  Max(us)    Avg(us)    Std_dev    Geo_dist  
Period   1        25359        25359        3.4        0          267      68845      4347       4115.87    2631.67
Global   17       418552       24620        3.5        0          210      130631     4495       4428.85    2722.04

Set Statistics
Type     Time(s)  Ops          TPS(ops/s)   Net(M/s)   Get_miss   Min(us)  Max(us)    Avg(us)    Std_dev    Geo_dist  
Period   1        257          257          0.0        0          277      18776      4183       3681.06    2569.69
Global   17       4284         252          0.0        0          261      96039      4641       4547.08    2843.09

Total Statistics
Type     Time(s)  Ops          TPS(ops/s)   Net(M/s)   Get_miss   Min(us)  Max(us)    Avg(us)    Std_dev    Geo_dist  
Period   1        25616        25616        3.4        0          267      68845      4345       4112.08    2631.05
Global   17       422836       24872        3.5        0          210      130631     4496       4430.57    2723.24

[1;1H[2J
Get Statistics
Type     Time(s)  Ops          TPS(ops/s)   Net(M/s)   Get_miss   Min(us)  Max(us)    Avg(us)    Std_dev    Geo_dist  
Period   1        25270        25270        3.4        0          257      71415      4342       3917.92    2655.06
Global   18       443822       24656        3.5        0          210      130631     4486       4401.78    2718.18

Set Statistics
Type     Time(s)  Ops          TPS(ops/s)   Net(M/s)   Get_miss   Min(us)  Max(us)    Avg(us)    Std_dev    Geo_dist  
Period   1        257          257          0.0        0          432      31001      4475       4162.59    2703.80
Global   18       4541         252          0.0        0          261      96039      4632       4525.53    2835.02

Total Statistics
Type     Time(s)  Ops          TPS(ops/s)   Net(M/s)   Get_miss   Min(us)  Max(us)    Avg(us)    Std_dev    Geo_dist  
Period   1        25527        25527        3.4        0          257      71415      4343       3920.77    2655.55
Global   18       448363       24909        3.5        0          210      130631     4487       4403.56    2719.34

[1;1H[2J
Get Statistics
Type     Time(s)  Ops          TPS(ops/s)   Net(M/s)   Get_miss   Min(us)  Max(us)    Avg(us)    Std_dev    Geo_dist  
Period   1        25010        25010        3.4        0          208      40198      4390       3887.27    2726.33
Global   19       468832       24675        3.4        0          208      130631     4481       4375.79    2718.61

Set Statistics
Type     Time(s)  Ops          TPS(ops/s)   Net(M/s)   Get_miss   Min(us)  Max(us)    Avg(us)    Std_dev    Geo_dist  
Period   1        246          246          0.0        0          620      19708      4717       3891.90    3030.52
Global   19       4787         251          0.0        0          261      96039      4636       4495.20    2844.75

Total Statistics
Type     Time(s)  Ops          TPS(ops/s)   Net(M/s)   Get_miss   Min(us)  Max(us)    Avg(us)    Std_dev    Geo_dist  
Period   1        25256        25256        3.4        0          208      40198      4393       3887.58    2729.14
Global   19       473619       24927        3.5        0          208      130631     4482       4377.62    2719.86

[1;1H[2J
Get Statistics
Type     Time(s)  Ops          TPS(ops/s)   Net(M/s)   Get_miss   Min(us)  Max(us)    Avg(us)    Std_dev    Geo_dist  
Period   1        26069        26069        3.4        0          225      71643      4269       4142.50    2517.70
Global   20       494901       24745        3.6        0          208      130631     4470       4363.90    2707.64

Set Statistics
Type     Time(s)  Ops          TPS(ops/s)   Net(M/s)   Get_miss   Min(us)  Max(us)    Avg(us)    Std_dev    Geo_dist  
Period   1        268          268          0.0        0          392      21983      4363       4043.79    2592.32
Global   20       5055         252          0.0        0          261      96039      4622       4471.98    2830.77

Total Statistics
Type     Time(s)  Ops          TPS(ops/s)   Net(M/s)   Get_miss   Min(us)  Max(us)    Avg(us)    Std_dev    Geo_dist  
Period   1        26337        26337        3.4        0          225      71643      4270       4141.39    2518.45
Global   20       499956       24997        3.6        0          208      130631     4471       4365.57    2708.86

[1;1H[2J
Get Statistics
Type     Time(s)  Ops          TPS(ops/s)   Net(M/s)   Get_miss   Min(us)  Max(us)    Avg(us)    Std_dev    Geo_dist  
Period   1        25049        25049        3.4        0          257      39585      4429       3924.20    2719.58
Global   21       519950       24759        3.4        0          208      130631     4468       4343.76    2708.22

Set Statistics
Type     Time(s)  Ops          TPS(ops/s)   Net(M/s)   Get_miss   Min(us)  Max(us)    Avg(us)    Std_dev    Geo_dist  
Period   1        258          258          0.0        0          431      18867      4801       3975.51    2995.94
Global   21       5313         253          0.0        0          261      96039      4630       4449.70    2838.58

Total Statistics
Type     Time(s)  Ops          TPS(ops/s)   Net(M/s)   Get_miss   Min(us)  Max(us)    Avg(us)    Std_dev    Geo_dist  
Period   1        25307        25307        3.4        0          257      39585      4433       3924.59    2722.27
Global   21       525263       25012        3.5        0          208      130631     4469       4345.53    2709.50

[1;1H[2J
Get Statistics
Type     Time(s)  Ops          TPS(ops/s)   Net(M/s)   Get_miss   Min(us)  Max(us)    Avg(us)    Std_dev    Geo_dist  
Period   1        24765        24765        3.4        0          250      40596      4442       3782.77    2830.03
Global   22       544715       24759        3.4        0          208      130631     4466       4320.69    2713.64

Set Statistics
Type     Time(s)  Ops          TPS(ops/s)   Net(M/s)   Get_miss   Min(us)  Max(us)    Avg(us)    Std_dev    Geo_dist  
Period   1        248          248          0.0        0          418      20336      4784       3754.19    3196.61
Global   22       5561         252          0.0        0          261      96039      4637       4420.70    2853.66

Total Statistics
Type     Time(s)  Ops          TPS(ops/s)   Net(M/s)   Get_miss   Min(us)  Max(us)    Avg(us)    Std_dev    Geo_dist  
Period   1        25013        25013        3.4        0          250      40596      4445       3783.02    2833.45
Global   22       550276       25012        3.4        0          208      130631     4468       4321.46    2715.02

[1;1H[2J
Get Statistics
Type     Time(s)  Ops          TPS(ops/s)   Net(M/s)   Get_miss   Min(us)  Max(us)    Avg(us)    Std_dev    Geo_dist  
Period   1        24913        24913        3.4        0          248      41943      4471       3991.37    2764.38
Global   23       569628       24766        3.4        0          208      130631     4467       4306.00    2715.84

Set Statistics
Type     Time(s)  Ops          TPS(ops/s)   Net(M/s)   Get_miss   Min(us)  Max(us)    Avg(us)    Std_dev    Geo_dist  
Period   1        249          249          0.0        0          478      28386      4611       4204.64    2821.78
Global   23       5810         252          0.0        0          261      96039      4636       4411.19    2852.28

Total Statistics
Type     Time(s)  Ops          TPS(ops/s)   Net(M/s)   Get_miss   Min(us)  Max(us)    Avg(us)    Std_dev    Geo_dist  
Period   1        25162        25162        3.4        0          248      41943      4472       3993.91    2764.94
Global   23       575438       25019        3.5        0          208      130631     4468       4307.83    2717.18

[1;1H[2J
Get Statistics
Type     Time(s)  Ops          TPS(ops/s)   Net(M/s)   Get_miss   Min(us)  Max(us)    Avg(us)    Std_dev    Geo_dist  
Period   1        24806        24806        3.4        0          262      40114      4431       3960.19    2730.75
Global   24       594434       24768        3.4        0          208      130631     4465       4292.64    2716.46

Set Statistics
Type     Time(s)  Ops          TPS(ops/s)   Net(M/s)   Get_miss   Min(us)  Max(us)    Avg(us)    Std_dev    Geo_dist  
Period   1        256          256          0.0        0          343      19194      4615       3906.75    2873.97
Global   24       6066         252          0.0        0          261      96039      4635       4390.90    2853.20

Total Statistics
Type     Time(s)  Ops          TPS(ops/s)   Net(M/s)   Get_miss   Min(us)  Max(us)    Avg(us)    Std_dev    Geo_dist  
Period   1        25062        25062        3.4        0          262      40114      4433       3959.48    2732.17
Global   24       600500       25020        3.4        0          208      130631     4467       4293.38    2717.81

[1;1H[2J
Get Statistics
Type     Time(s)  Ops          TPS(ops/s)   Net(M/s)   Get_miss   Min(us)  Max(us)    Avg(us)    Std_dev    Geo_dist  
Period   1        25362        25362        3.4        0          294      40266      4343       4015.36    2636.73
Global   25       619796       24791        3.5        0          208      130631     4460       4281.72    2713.15

Set Statistics
Type     Time(s)  Ops          TPS(ops/s)   Net(M/s)   Get_miss   Min(us)  Max(us)    Avg(us)    Std_dev    Geo_dist  
Period   1        249          249          0.0        0          386      20054      4554       4115.95    2774.07
Global   25       6315         252          0.0        0          261      96039      4632       4379.91    2850.03

Total Statistics
Type     Time(s)  Ops          TPS(ops/s)   Net(M/s)   Get_miss   Min(us)  Max(us)    Avg(us)    Std_dev    Geo_dist  
Period   1        25611        25611        3.4        0          294      40266      4345       4016.38    2638.03
Global   25       626111       25044        3.5        0          208      130631     4462       4282.48    2714.50

[1;1H[2J
Get Statistics
Type     Time(s)  Ops          TPS(ops/s)   Net(M/s)   Get_miss   Min(us)  Max(us)    Avg(us)    Std_dev    Geo_dist  
Period   1        24556        24556        3.4        0          278      49707      4486       3847.43    2806.80
Global   26       644352       24782        3.4        0          208      130631     4461       4265.97    2716.66

Set Statistics
Type     Time(s)  Ops          TPS(ops/s)   Net(M/s)   Get_miss   Min(us)  Max(us)    Avg(us)    Std_dev    Geo_dist  
Period   1        250          250          0.0        0          406      16704      4933       3772.18    3218.21
Global   26       6565         252          0.0        0          261      96039      4644       4357.87    2863.25

Total Statistics
Type     Time(s)  Ops          TPS(ops/s)   Net(M/s)   Get_miss   Min(us)  Max(us)    Avg(us)    Std_dev    Geo_dist  
Period   1        24806        24806        3.4        0          278      49707      4490       3847.45    2810.67
Global   26       650917       25035        3.4        0          208      130631     4463       4266.78    2718.10

[1;1H[2J
Get Statistics
Type     Time(s)  Ops          TPS(ops/s)   Net(M/s)   Get_miss   Min(us)  Max(us)    Avg(us)    Std_dev    Geo_dist  
Period   1        24252        24252        3.4        0          259      42189      4562       4463.04    2716.38
Global   27       668604       24763        3.3        0          208      130631     4465       4272.97    2716.65

Set Statistics
Type     Time(s)  Ops          TPS(ops/s)   Net(M/s)   Get_miss   Min(us)  Max(us)    Avg(us)    Std_dev    Geo_dist  
Period   1        247          247          0.0        0          419      21032      4720       4506.49    2825.69
Global   27       6812         252          0.0        0          261      96039      4646       4363.84    2861.88

Total Statistics
Type     Time(s)  Ops          TPS(ops/s)   Net(M/s)   Get_miss   Min(us)  Max(us)    Avg(us)    Std_dev    Geo_dist  
Period   1        24499        24499        3.4        0          259      42189      4564       4462.99    2717.46
Global   27       675416       25015        3.4        0          208      130631     4467       4273.74    2718.08

[1;1H[2J
Get Statistics
Type     Time(s)  Ops          TPS(ops/s)   Net(M/s)   Get_miss   Min(us)  Max(us)    Avg(us)    Std_dev    Geo_dist  
Period   1        25110        25110        3.4        0          279      40939      4430       3807.97    2798.83
Global   28       693714       24775        3.4        0          208      130631     4464       4256.74    2719.58

Set Statistics
Type     Time(s)  Ops          TPS(ops/s)   Net(M/s)   Get_miss   Min(us)  Max(us)    Avg(us)    Std_dev    Geo_dist  
Period   1        250          250          0.0        0          518      21320      4576       3773.26    2977.81
Global   28       7062         252          0.0        0          261      96039      4644       4343.57    2865.91

Total Statistics
Type     Time(s)  Ops          TPS(ops/s)   Net(M/s)   Get_miss   Min(us)  Max(us)    Avg(us)    Std_dev    Geo_dist  
Period   1        25361        25361        3.4        0          279      40939      4432       3807.07    2800.66
Global   28       700777       25027        3.5        0          208      130631     4465       4258.52    2721.02

[1;1H[2J
Get Statistics
Type     Time(s)  Ops          TPS(ops/s)   Net(M/s)   Get_miss   Min(us)  Max(us)    Avg(us)    Std_dev    Geo_dist  
Period   1        25346        25346        3.4        0          240      50981      4354       4109.21    2624.37
Global   29       719060       24795        3.5        0          208      130631     4460       4251.80    2716.17

Set Statistics
Type     Time(s)  Ops          TPS(ops/s)   Net(M/s)   Get_miss   Min(us)  Max(us)    Avg(us)    Std_dev    Geo_dist  
Period   1        258          258          0.0        0          542      20882      4496       3908.51    2785.69
Global   29       7320         252          0.0        0          261      96039      4639       4328.59    2863.04

Total Statistics
Type     Time(s)  Ops          TPS(ops/s)   Net(M/s)   Get_miss   Min(us)  Max(us)    Avg(us)    Std_dev    Geo_dist  
Period   1        25603        25603        3.4        0          240      50981      4355       4107.52    2625.83
Global   29       726380       25047        3.5        0          208      130631     4462       4252.41    2717.61

[1;1H[2J
Get Statistics
Type     Time(s)  Ops          TPS(ops/s)   Net(M/s)   Get_miss   Min(us)  Max(us)    Avg(us)    Std_dev    Geo_dist  
Period   1        25495        25495        3.4        0          296      50840      4354       3861.96    2707.41
Global   30       744555       24818        3.5        0          208      130631     4456       4239.48    2715.87

Set Statistics
Type     Time(s)  Ops          TPS(ops/s)   Net(M/s)   Get_miss   Min(us)  Max(us)    Avg(us)    Std_dev    Geo_dist  
Period   1        254          254          0.0        0          336      11538      4196       3560.92    2679.51
Global   30       7574         252          0.0        0          261      96039      4624       4305.76    2856.68

Total Statistics
Type     Time(s)  Ops          TPS(ops/s)   Net(M/s)   Get_miss   Min(us)  Max(us)    Avg(us)    Std_dev    Geo_dist  
Period   1        25753        25753        3.4        0          296      50840      4353       3859.30    2707.47
Global   30       752133       25071        3.5        0          208      130631     4458       4239.88    2717.26

[1;1H[2J
Get Statistics
Type     Time(s)  Ops          TPS(ops/s)   Net(M/s)   Get_miss   Min(us)  Max(us)    Avg(us)    Std_dev    Geo_dist  
Period   1        24601        24601        3.4        0          322      51073      4495       3899.89    2819.18
Global   31       769156       24811        3.4        0          208      130631     4457       4229.31    2719.14

Set Statistics
Type     Time(s)  Ops          TPS(ops/s)   Net(M/s)   Get_miss   Min(us)  Max(us)    Avg(us)    Std_dev    Geo_dist  
Period   1        253          253          0.0        0          477      34739      4531       4089.14    2897.15
Global   31       7827         252          0.0        0          261      96039      4621       4298.71    2857.98

Total Statistics
Type     Time(s)  Ops          TPS(ops/s)   Net(M/s)   Get_miss   Min(us)  Max(us)    Avg(us)    Std_dev    Geo_dist  
Period   1        24849        24849        3.4        0          322      51073      4495       3901.56    2821.43
Global   31       776982       25063        3.4        0          208      130631     4459       4229.68    2720.53

[1;1H[2J
Get Statistics
Type     Time(s)  Ops          TPS(ops/s)   Net(M/s)   Get_miss   Min(us)  Max(us)    Avg(us)    Std_dev    Geo_dist  
Period   1        25484        25484        3.4        0          259      49777      4346       3905.62    2665.31
Global   32       794640       24832        3.5        0          208      130631     4454       4218.76    2717.40

Set Statistics
Type     Time(s)  Ops          TPS(ops/s)   Net(M/s)   Get_miss   Min(us)  Max(us)    Avg(us)    Std_dev    Geo_dist  
Period   1        262          262          0.0        0          307      18722      4631       3914.02    2869.63
Global   32       8089         252          0.0        0          261      96039      4621       4286.92    2858.36

Total Statistics
Type     Time(s)  Ops          TPS(ops/s)   Net(M/s)   Get_miss   Min(us)  Max(us)    Avg(us)    Std_dev    Geo_dist  
Period   1        25747        25747        3.4        0          259      49777      4349       3905.47    2666.50
Global   32       802729       25085        3.5        0          208      130631     4455       4220.21    2718.78

[1;1H[2J
Get Statistics
Type     Time(s)  Ops          TPS(ops/s)   Net(M/s)   Get_miss   Min(us)  Max(us)    Avg(us)    Std_dev    Geo_dist  
Period   1        25220        25220        3.4        0          262      48176      4411       3946.19    2748.69
Global   33       819860       24844        3.5        0          208      130631     4452       4211.36    2718.35

Set Statistics
Type     Time(s)  Ops          TPS(ops/s)   Net(M/s)   Get_miss   Min(us)  Max(us)    Avg(us)    Std_dev    Geo_dist  
Period   1        250          250          0.0        0          464      20236      4701       3896.08    2972.59
Global   33       8339         252          0.0        0          261      96039      4623       4275.96    2861.72

Total Statistics
Type     Time(s)  Ops          TPS(ops/s)   Net(M/s)   Get_miss   Min(us)  Max(us)    Avg(us)    Std_dev    Geo_dist  
Period   1        25470        25470        3.4        0          262      48176      4414       3945.56    2750.80
Global   33       828199       25096        3.5        0          208      130631     4454       4211.75    2719.76

[1;1H[2J
Get Statistics
Type     Time(s)  Ops          TPS(ops/s)   Net(M/s)   Get_miss   Min(us)  Max(us)    Avg(us)    Std_dev    Geo_dist  
Period   1        24947        24947        3.4        0          253      38824      4421       3964.49    2712.77
Global   34       844807       24847        3.4        0          208      130631     4452       4203.31    2718.19

Set Statistics
Type     Time(s)  Ops          TPS(ops/s)   Net(M/s)   Get_miss   Min(us)  Max(us)    Avg(us)    Std_dev    Geo_dist  
Period   1        250          250          0.0        0          400      21079      4069       3701.01    2484.05
Global   34       8589         252          0.0        0          261      96039      4607       4261.01    2849.96

Total Statistics
Type     Time(s)  Ops          TPS(ops/s)   Net(M/s)   Get_miss   Min(us)  Max(us)    Avg(us)    Std_dev    Geo_dist  
Period   1        25199        25199        3.4        0          253      38824      4418       3961.16    2710.22
Global   34       853398       25099        3.5        0          208      130631     4453       4204.50    2719.48

[1;1H[2J
Get Statistics
Type     Time(s)  Ops          TPS(ops/s)   Net(M/s)   Get_miss   Min(us)  Max(us)    Avg(us)    Std_dev    Geo_dist  
Period   1        24948        24948        3.4        0          272      43319      4446       3989.60    2725.77
Global   35       869755       24850        3.4        0          208      130631     4451       4198.21    2718.45

Set Statistics
Type     Time(s)  Ops          TPS(ops/s)   Net(M/s)   Get_miss   Min(us)  Max(us)    Avg(us)    Std_dev    Geo_dist  
Period   1        247          247          0.0        0          363      16941      4607       3719.99    2959.02
Global   35       8836         252          0.0        0          261      96039      4607       4246.64    2852.95

Total Statistics
Type     Time(s)  Ops          TPS(ops/s)   Net(M/s)   Get_miss   Min(us)  Max(us)    Avg(us)    Std_dev    Geo_dist  
Period   1        25193        25193        3.4        0          272      43319      4448       3986.89    2728.91
Global   35       878591       25102        3.5        0          208      130631     4453       4198.27    2719.77

[1;1H[2J
Get Statistics
Type     Time(s)  Ops          TPS(ops/s)   Net(M/s)   Get_miss   Min(us)  Max(us)    Avg(us)    Std_dev    Geo_dist  
Period   1        25135        25135        3.4        0          237      49268      4434       4036.53    2694.68
Global   36       894890       24858        3.5        0          208      130631     4451       4193.24    2717.78

Set Statistics
Type     Time(s)  Ops          TPS(ops/s)   Net(M/s)   Get_miss   Min(us)  Max(us)    Avg(us)    Std_dev    Geo_dist  
Period   1        256          256          0.0        0          498      20017      4218       3763.75    2620.66
Global   36       9092         252          0.0        0          261      96039      4596       4234.15    2846.14

Total Statistics
Type     Time(s)  Ops          TPS(ops/s)   Net(M/s)   Get_miss   Min(us)  Max(us)    Avg(us)    Std_dev    Geo_dist  
Period   1        25391        25391        3.4        0          237      49268      4432       4033.66    2693.92
Global   36       903982       25110        3.5        0          208      130631     4452       4194.17    2719.04

[1;1H[2J
Get Statistics
Type     Time(s)  Ops          TPS(ops/s)   Net(M/s)   Get_miss   Min(us)  Max(us)    Avg(us)    Std_dev    Geo_dist  
Period   1        24349        24349        3.4        0          319      48986      4508       3920.63    2837.13
Global   37       919239       24844        3.3        0          208      130631     4452       4186.80    2720.88

Set Statistics
Type     Time(s)  Ops          TPS(ops/s)   Net(M/s)   Get_miss   Min(us)  Max(us)    Avg(us)    Std_dev    Geo_dist  
Period   1        249          249          0.0        0          353      34969      4588       4080.04    2912.67
Global   37       9341         252          0.0        0          261      96039      4596       4229.67    2847.89

Total Statistics
Type     Time(s)  Ops          TPS(ops/s)   Net(M/s)   Get_miss   Min(us)  Max(us)    Avg(us)    Std_dev    Geo_dist  
Period   1        24598        24598        3.4        0          319      48986      4508       3923.13    2837.88
Global   37       928580       25096        3.4        0          208      130631     4454       4186.67    2722.13

[1;1H[2J
Get Statistics
Type     Time(s)  Ops          TPS(ops/s)   Net(M/s)   Get_miss   Min(us)  Max(us)    Avg(us)    Std_dev    Geo_dist  
Period   1        24867        24867        3.4        0          288      49647      4482       4037.96    2826.58
Global   38       944106       24844        3.4        0          208      130631     4453       4182.73    2723.61

Set Statistics
Type     Time(s)  Ops          TPS(ops/s)   Net(M/s)   Get_miss   Min(us)  Max(us)    Avg(us)    Std_dev    Geo_dist  
Period   1        254          254          0.0        0          433      40197      5219       4938.25    3371.55
Global   38       9595         252          0.0        0          261      96039      4613       4250.28    2860.64

Total Statistics
Type     Time(s)  Ops          TPS(ops/s)   Net(M/s)   Get_miss   Min(us)  Max(us)    Avg(us)    Std_dev    Geo_dist  
Period   1        25121        25121        3.4        0          288      49647      4489       4049.11    2831.63
Global   38       953701       25097        3.4        0          208      130631     4455       4183.02    2724.95

[1;1H[2J
Get Statistics
Type     Time(s)  Ops          TPS(ops/s)   Net(M/s)   Get_miss   Min(us)  Max(us)    Avg(us)    Std_dev    Geo_dist  
Period   1        25728        25728        3.4        0          232      40096      4314       3823.99    2672.69
Global   39       969834       24867        3.5        0          208      130631     4449       4174.00    2722.25

Set Statistics
Type     Time(s)  Ops          TPS(ops/s)   Net(M/s)   Get_miss   Min(us)  Max(us)    Avg(us)    Std_dev    Geo_dist  
Period   1        255          255          0.0        0          423      11546      4102       3608.91    2553.80
Global   39       9850         252          0.0        0          261      96039      4599       4236.36    2852.25

Total Statistics
Type     Time(s)  Ops          TPS(ops/s)   Net(M/s)   Get_miss   Min(us)  Max(us)    Avg(us)    Std_dev    Geo_dist  
Period   1        25983        25983        3.4        0          232      40096      4311       3822.97    2671.49
Global   39       979684       25120        3.6        0          208      130631     4451       4174.13    2723.52

[1;1H[2J
Get Statistics
Type     Time(s)  Ops          TPS(ops/s)   Net(M/s)   Get_miss   Min(us)  Max(us)    Avg(us)    Std_dev    Geo_dist  
Period   1        25083        25083        3.4        0          256      39353      4425       3870.07    2743.64
Global   40       994917       24872        3.4        0          208      130631     4449       4165.96    2722.78

Set Statistics
Type     Time(s)  Ops          TPS(ops/s)   Net(M/s)   Get_miss   Min(us)  Max(us)    Avg(us)    Std_dev    Geo_dist  
Period   1        257          257          0.0        0          481      11745      4632       3634.06    2978.86
Global   40       10107        252          0.0        0          261      96039      4600       4221.78    2855.40

Total Statistics
Type     Time(s)  Ops          TPS(ops/s)   Net(M/s)   Get_miss   Min(us)  Max(us)    Avg(us)    Std_dev    Geo_dist  
Period   1        25340        25340        3.5        0          256      39353      4427       3867.85    2745.93
Global   40       1005024      25125        3.5        0          208      130631     4450       4167.11    2724.09

[1;1H[2J
Get Statistics
Type     Time(s)  Ops          TPS(ops/s)   Net(M/s)   Get_miss   Min(us)  Max(us)    Avg(us)    Std_dev    Geo_dist  
Period   1        24901        24901        3.4        0          264      49468      4451       3995.37    2757.49
Global   41       1019818      24873        3.4        0          208      130631     4449       4161.93    2723.63

Set Statistics
Type     Time(s)  Ops          TPS(ops/s)   Net(M/s)   Get_miss   Min(us)  Max(us)    Avg(us)    Std_dev    Geo_dist  
Period   1        249          249          0.0        0          501      17570      5059       3928.13    3242.10
Global   41       10356        252          0.0        0          261      96039      4611       4215.41    2864.14

Total Statistics
Type     Time(s)  Ops          TPS(ops/s)   Net(M/s)   Get_miss   Min(us)  Max(us)    Avg(us)    Std_dev    Geo_dist  
Period   1        25150        25150        3.5        0          264      49468      4457       3995.11    2761.91
Global   41       1030174      25126        3.5        0          208      130631     4451       4162.10    2725.00

[1;1H[2J
Get Statistics
Type     Time(s)  Ops          TPS(ops/s)   Net(M/s)   Get_miss   Min(us)  Max(us)    Avg(us)    Std_dev    Geo_dist  
Period   1        24554        24554        3.4        0          246      40247      4554       4005.94    2855.78
Global   42       1044372      24866        3.4        0          208      130631     4451       4158.86    2726.66

Set Statistics
Type     Time(s)  Ops          TPS(ops/s)   Net(M/s)   Get_miss   Min(us)  Max(us)    Avg(us)    Std_dev    Geo_dist  
Period   1        249          249          0.0        0          346      21306      4701       3868.73    3026.71
Global   42       10605        252          0.0        0          261      96039      4613       4207.57    2867.85

Total Statistics
Type     Time(s)  Ops          TPS(ops/s)   Net(M/s)   Get_miss   Min(us)  Max(us)    Avg(us)    Std_dev    Geo_dist  
Period   1        24805        24805        3.4        0          246      40247      4555       4004.72    2857.25
Global   42       1054979      25118        3.4        0          208      130631     4453       4158.98    2728.04

[1;1H[2J
Get Statistics
Type     Time(s)  Ops          TPS(ops/s)   Net(M/s)   Get_miss   Min(us)  Max(us)    Avg(us)    Std_dev    Geo_dist  
Period   1        22424        22424        3.4        0          288      135659     4968       8579.14    2758.09
Global   43       1066796      24809        3.1        0          208      135659     4462       4299.29    2727.35

Set Statistics
Type     Time(s)  Ops          TPS(ops/s)   Net(M/s)   Get_miss   Min(us)  Max(us)    Avg(us)    Std_dev    Geo_dist  
Period   1        228          228          0.0        0          364      19844      5241       4121.29    3341.76
Global   43       10833        251          0.0        0          261      96039      4627       4205.69    2877.10

Total Statistics
Type     Time(s)  Ops          TPS(ops/s)   Net(M/s)   Get_miss   Min(us)  Max(us)    Avg(us)    Std_dev    Geo_dist  
Period   1        22650        22650        3.4        0          288      135659     4971       8546.22    2764.50
Global   43       1077629      25061        3.1        0          208      135659     4464       4298.04    2728.82

[1;1H[2J
Get Statistics
Type     Time(s)  Ops          TPS(ops/s)   Net(M/s)   Get_miss   Min(us)  Max(us)    Avg(us)    Std_dev    Geo_dist  
Period   1        24965        24965        3.4        0          319      38970      4414       3975.20    2673.32
Global   44       1091761      24812        3.4        0          208      135659     4461       4292.06    2726.09

Set Statistics
Type     Time(s)  Ops          TPS(ops/s)   Net(M/s)   Get_miss   Min(us)  Max(us)    Avg(us)    Std_dev    Geo_dist  
Period   1        252          252          0.0        0          376      18997      4798       4075.64    2961.31
Global   44       11085        251          0.0        0          261      96039      4630       4203.66    2878.99

Total Statistics
Type     Time(s)  Ops          TPS(ops/s)   Net(M/s)   Get_miss   Min(us)  Max(us)    Avg(us)    Std_dev    Geo_dist  
Period   1        25219        25219        3.4        0          319      38970      4417       3976.89    2675.09
Global   44       1102848      25064        3.5        0          208      135659     4463       4290.89    2727.58

[1;1H[2J
Get Statistics
Type     Time(s)  Ops          TPS(ops/s)   Net(M/s)   Get_miss   Min(us)  Max(us)    Avg(us)    Std_dev    Geo_dist  
Period   1        25281        25281        3.4        0          300      59066      4382       3945.54    2680.00
Global   45       1117042      24823        3.5        0          208      135659     4459       4284.76    2725.07

Set Statistics
Type     Time(s)  Ops          TPS(ops/s)   Net(M/s)   Get_miss   Min(us)  Max(us)    Avg(us)    Std_dev    Geo_dist  
Period   1        248          248          0.0        0          415      27362      4098       4042.35    2459.47
Global   45       11333        251          0.0        0          261      96039      4619       4200.04    2869.08

Total Statistics
Type     Time(s)  Ops          TPS(ops/s)   Net(M/s)   Get_miss   Min(us)  Max(us)    Avg(us)    Std_dev    Geo_dist  
Period   1        25531        25531        3.4        0          300      59066      4379       3946.44    2678.20
Global   45       1128379      25075        3.5        0          208      135659     4461       4283.52    2726.47

[1;1H[2J
Get Statistics
Type     Time(s)  Ops          TPS(ops/s)   Net(M/s)   Get_miss   Min(us)  Max(us)    Avg(us)    Std_dev    Geo_dist  
Period   1        25096        25096        3.4        0          257      39595      4408       4013.80    2708.42
Global   46       1142138      24829        3.4        0          208      135659     4458       4278.87    2724.75

Set Statistics
Type     Time(s)  Ops          TPS(ops/s)   Net(M/s)   Get_miss   Min(us)  Max(us)    Avg(us)    Std_dev    Geo_dist  
Period   1        259          259          0.0        0          433      21088      4641       4054.70    2915.13
Global   46       11592        252          0.0        0          261      96039      4619       4197.22    2870.10

Total Statistics
Type     Time(s)  Ops          TPS(ops/s)   Net(M/s)   Get_miss   Min(us)  Max(us)    Avg(us)    Std_dev    Geo_dist  
Period   1        25354        25354        3.4        0          257      39595      4411       4014.64    2713.49
Global   46       1153733      25081        3.5        0          208      135659     4460       4277.70    2726.18

[1;1H[2J
Get Statistics
Type     Time(s)  Ops          TPS(ops/s)   Net(M/s)   Get_miss   Min(us)  Max(us)    Avg(us)    Std_dev    Geo_dist  
Period   1        25552        25552        3.4        0          258      59536      4346       3986.89    2640.37
Global   47       1167690      24844        3.5        0          208      135659     4456       4272.27    2722.92

Set Statistics
Type     Time(s)  Ops          TPS(ops/s)   Net(M/s)   Get_miss   Min(us)  Max(us)    Avg(us)    Std_dev    Geo_dist  
Period   1        262          262          0.0        0          424      18690      4617       3812.85    2882.29
Global   47       11854        252          0.0        0          261      96039      4619       4188.91    2870.37

Total Statistics
Type     Time(s)  Ops          TPS(ops/s)   Net(M/s)   Get_miss   Min(us)  Max(us)    Avg(us)    Std_dev    Geo_dist  
Period   1        25811        25811        3.4        0          258      59536      4349       3985.14    2644.23
Global   47       1179544      25096        3.5        0          208      135659     4457       4272.13    2724.36

[1;1H[2J
Get Statistics
Type     Time(s)  Ops          TPS(ops/s)   Net(M/s)   Get_miss   Min(us)  Max(us)    Avg(us)    Std_dev    Geo_dist  
Period   1        25602        25602        3.4        0          355      40135      4312       3784.66    2694.23
Global   48       1193292      24860        3.5        0          208      135659     4453       4262.35    2722.30

Set Statistics
Type     Time(s)  Ops          TPS(ops/s)   Net(M/s)   Get_miss   Min(us)  Max(us)    Avg(us)    Std_dev    Geo_dist  
Period   1        255          255          0.0        0          494      11734      4706       3669.30    3023.30
Global   48       12109        252          0.0        0          261      96039      4621       4178.33    2873.51

Total Statistics
Type     Time(s)  Ops          TPS(ops/s)   Net(M/s)   Get_miss   Min(us)  Max(us)    Avg(us)    Std_dev    Geo_dist  
Period   1        25857        25857        3.4        0          355      40135      4316       3783.54    2697.29
Global   48       1205401      25112        3.6        0          208      135659     4454       4262.26    2723.78

[1;1H[2J
Get Statistics
Type     Time(s)  Ops          TPS(ops/s)   Net(M/s)   Get_miss   Min(us)  Max(us)    Avg(us)    Std_dev    Geo_dist  
Period   1        25226        25226        3.4        0          277      43626      4402       3948.96    2714.08
Global   49       1218518      24867        3.5        0          208      135659     4452       4256.04    2722.13

Set Statistics
Type     Time(s)  Ops          TPS(ops/s)   Net(M/s)   Get_miss   Min(us)  Max(us)    Avg(us)    Std_dev    Geo_dist  
Period   1        259          259          0.0        0          489      15036      4415       3750.98    2732.00
Global   49       12368        252          0.0        0          261      96039      4617       4169.45    2870.47

Total Statistics
Type     Time(s)  Ops          TPS(ops/s)   Net(M/s)   Get_miss   Min(us)  Max(us)    Avg(us)    Std_dev    Geo_dist  
Period   1        25485        25485        3.4        0          277      43626      4402       3947.08    2714.26
Global   49       1230886      25120        3.5        0          208      135659     4453       4255.90    2723.58

[1;1H[2J
Get Statistics
Type     Time(s)  Ops          TPS(ops/s)   Net(M/s)   Get_miss   Min(us)  Max(us)    Avg(us)    Std_dev    Geo_dist  
Period   1        25046        25046        3.4        0          213      60459      4404       3909.99    2722.52
Global   50       1243564      24871        3.4        0          208      135659     4451       4249.39    2722.14

Set Statistics
Type     Time(s)  Ops          TPS(ops/s)   Net(M/s)   Get_miss   Min(us)  Max(us)    Avg(us)    Std_dev    Geo_dist  
Period   1        246          246          0.0        0          492      31902      4975       4133.92    3180.95
Global   50       12614        252          0.0        0          261      96039      4624       4168.87    2876.23

Total Statistics
Type     Time(s)  Ops          TPS(ops/s)   Net(M/s)   Get_miss   Min(us)  Max(us)    Avg(us)    Std_dev    Geo_dist  
Period   1        25292        25292        3.5        0          213      60459      4409       3913.17    2726.64
Global   50       1256178      25123        3.5        0          208      135659     4452       4249.39    2723.64

[1;1H[2J
Get Statistics
Type     Time(s)  Ops          TPS(ops/s)   Net(M/s)   Get_miss   Min(us)  Max(us)    Avg(us)    Std_dev    Geo_dist  
Period   1        23309        23309        3.4        0          192      71290      4700       5553.78    2683.00
Global   51       1266873      24840        3.2        0          192      135659     4455       4277.71    2721.41

Set Statistics
Type     Time(s)  Ops          TPS(ops/s)   Net(M/s)   Get_miss   Min(us)  Max(us)    Avg(us)    Std_dev    Geo_dist  
Period   1        242          242          0.0        0          409      70798      4802       6032.25    2701.46
Global   51       12856        252          0.0        0          261      96039      4627       4211.69    2872.84

Total Statistics
Type     Time(s)  Ops          TPS(ops/s)   Net(M/s)   Get_miss   Min(us)  Max(us)    Avg(us)    Std_dev    Geo_dist  
Period   1        23551        23551        3.4        0          192      71290      4701       5558.82    2683.19
Global   51       1279729      25092        3.2        0          192      135659     4457       4276.81    2722.89

[1;1H[2J
Get Statistics
Type     Time(s)  Ops          TPS(ops/s)   Net(M/s)   Get_miss   Min(us)  Max(us)    Avg(us)    Std_dev    Geo_dist  
Period   1        24155        24155        3.4        0          205      38241      4522       4088.28    2754.81
Global   52       1291028      24827        3.3        0          192      135659     4456       4274.52    2722.03

Set Statistics
Type     Time(s)  Ops          TPS(ops/s)   Net(M/s)   Get_miss   Min(us)  Max(us)    Avg(us)    Std_dev    Geo_dist  
Period   1        243          243          0.0        0          358      28312      5027       4151.69    3155.24
Global   52       13099        251          0.0        0          261      96039      4635       4210.14    2877.84

Total Statistics
Type     Time(s)  Ops          TPS(ops/s)   Net(M/s)   Get_miss   Min(us)  Max(us)    Avg(us)    Std_dev    Geo_dist  
Period   1        24398        24398        3.4        0          205      38241      4527       4089.17    2758.54
Global   52       1304127      25079        3.4        0          192      135659     4458       4273.70    2723.56

[1;1H[2J
Get Statistics
Type     Time(s)  Ops          TPS(ops/s)   Net(M/s)   Get_miss   Min(us)  Max(us)    Avg(us)    Std_dev    Geo_dist  
Period   1        24942        24942        3.4        0          358      33689      4472       3894.53    2815.25
Global   53       1315970      24829        3.4        0          192      135659     4457       4266.90    2723.77

Set Statistics
Type     Time(s)  Ops          TPS(ops/s)   Net(M/s)   Get_miss   Min(us)  Max(us)    Avg(us)    Std_dev    Geo_dist  
Period   1        248          248          0.0        0          452      18995      4750       3751.00    3116.74
Global   53       13347        251          0.0        0          261      96039      4637       4202.12    2882.11

Total Statistics
Type     Time(s)  Ops          TPS(ops/s)   Net(M/s)   Get_miss   Min(us)  Max(us)    Avg(us)    Std_dev    Geo_dist  
Period   1        25192        25192        3.4        0          358      33689      4475       3892.55    2818.00
Global   53       1329319      25081        3.5        0          192      135659     4459       4266.09    2725.32

[1;1H[2J
Get Statistics
Type     Time(s)  Ops          TPS(ops/s)   Net(M/s)   Get_miss   Min(us)  Max(us)    Avg(us)    Std_dev    Geo_dist  
Period   1        24715        24715        3.4        0          335      39360      4464       3894.91    2802.23
Global   54       1340685      24827        3.4        0          192      135659     4457       4260.47    2725.21

Set Statistics
Type     Time(s)  Ops          TPS(ops/s)   Net(M/s)   Get_miss   Min(us)  Max(us)    Avg(us)    Std_dev    Geo_dist  
Period   1        252          252          0.0        0          475      29853      4758       4131.83    3047.77
Global   54       13599        251          0.0        0          261      96039      4639       4200.98    2885.09

Total Statistics
Type     Time(s)  Ops          TPS(ops/s)   Net(M/s)   Get_miss   Min(us)  Max(us)    Avg(us)    Std_dev    Geo_dist  
Period   1        24965        24965        3.4        0          335      39360      4468       3896.55    2805.53
Global   54       1354284      25079        3.4        0          192      135659     4459       4259.74    2726.77

[1;1H[2J
Get Statistics
Type     Time(s)  Ops          TPS(ops/s)   Net(M/s)   Get_miss   Min(us)  Max(us)    Avg(us)    Std_dev    Geo_dist  
Period   1        24446        24446        3.4        0          331      43344      4546       4329.52    2817.38
Global   55       1365131      24820        3.4        0          192      135659     4459       4261.31    2726.84

Set Statistics
Type     Time(s)  Ops          TPS(ops/s)   Net(M/s)   Get_miss   Min(us)  Max(us)    Avg(us)    Std_dev    Geo_dist  
Period   1        246          246          0.0        0          463      30653      4212       3987.56    2590.27
Global   55       13845        251          0.0        0          261      96039      4631       4197.98    2879.57

Total Statistics
Type     Time(s)  Ops          TPS(ops/s)   Net(M/s)   Get_miss   Min(us)  Max(us)    Avg(us)    Std_dev    Geo_dist  
Period   1        24692        24692        3.4        0          331      43344      4542       4327.00    2815.02
Global   55       1378976      25072        3.4        0          192      135659     4460       4261.47    2728.33

[1;1H[2J
Get Statistics
Type     Time(s)  Ops          TPS(ops/s)   Net(M/s)   Get_miss   Min(us)  Max(us)    Avg(us)    Std_dev    Geo_dist  
Period   1        25220        25220        3.4        0          272      54018      4404       4140.10    2693.30
Global   56       1390351      24827        3.5        0          192      135659     4458       4259.15    2726.22

Set Statistics
Type     Time(s)  Ops          TPS(ops/s)   Net(M/s)   Get_miss   Min(us)  Max(us)    Avg(us)    Std_dev    Geo_dist  
Period   1        253          253          0.0        0          407      54678      4371       5292.01    2594.05
Global   56       14098        251          0.0        0          261      96039      4627       4219.29    2874.18

Total Statistics
Type     Time(s)  Ops          TPS(ops/s)   Net(M/s)   Get_miss   Min(us)  Max(us)    Avg(us)    Std_dev    Geo_dist  
Period   1        25478        25478        3.4        0          272      54678      4403       4152.86    2691.84
Global   56       1404454      25079        3.5        0          192      135659     4459       4259.50    2727.66

[1;1H[2J
Get Statistics
Type     Time(s)  Ops          TPS(ops/s)   Net(M/s)   Get_miss   Min(us)  Max(us)    Avg(us)    Std_dev    Geo_dist  
Period   1        25035        25035        3.4        0          307      29449      4356       3668.24    2798.87
Global   57       1415386      24831        3.4        0          192      135659     4456       4249.64    2727.55

Set Statistics
Type     Time(s)  Ops          TPS(ops/s)   Net(M/s)   Get_miss   Min(us)  Max(us)    Avg(us)    Std_dev    Geo_dist  
Period   1        251          251          0.0        0          432      12505      4563       3517.14    3048.74
Global   57       14349        251          0.0        0          261      96039      4626       4207.78    2877.15

Total Statistics
Type     Time(s)  Ops          TPS(ops/s)   Net(M/s)   Get_miss   Min(us)  Max(us)    Avg(us)    Std_dev    Geo_dist  
Period   1        25281        25281        3.4        0          307      29449      4359       3666.50    2804.86
Global   57       1429735      25083        3.5        0          192      135659     4457       4249.99    2729.01

[1;1H[2J
Get Statistics
Type     Time(s)  Ops          TPS(ops/s)   Net(M/s)   Get_miss   Min(us)  Max(us)    Avg(us)    Std_dev    Geo_dist  
Period   1        25231        25231        3.4        0          337      29607      4392       3720.11    2782.83
Global   58       1440617      24838        3.5        0          192      135659     4455       4240.81    2728.51

Set Statistics
Type     Time(s)  Ops          TPS(ops/s)   Net(M/s)   Get_miss   Min(us)  Max(us)    Avg(us)    Std_dev    Geo_dist  
Period   1        258          258          0.0        0          452      18299      4186       3689.85    2651.64
Global   58       14607        251          0.0        0          261      96039      4618       4199.73    2873.00

Total Statistics
Type     Time(s)  Ops          TPS(ops/s)   Net(M/s)   Get_miss   Min(us)  Max(us)    Avg(us)    Std_dev    Geo_dist  
Period   1        25491        25491        3.4        0          337      29607      4390       3719.36    2781.35
Global   58       1455226      25090        3.5        0          192      135659     4456       4241.09    2729.92

[1;1H[2J
Get Statistics
Type     Time(s)  Ops          TPS(ops/s)   Net(M/s)   Get_miss   Min(us)  Max(us)    Avg(us)    Std_dev    Geo_dist  
Period   1        25119        25119        3.4        0          234      33808      4376       3903.12    2651.77
Global   59       1465736      24842        3.4        0          192      135659     4453       4235.94    2727.20

Set Statistics
Type     Time(s)  Ops          TPS(ops/s)   Net(M/s)   Get_miss   Min(us)  Max(us)    Avg(us)    Std_dev    Geo_dist  
Period   1        261          261          0.0        0          392      29968      4596       4081.42    2855.69
Global   59       14868        252          0.0        0          261      96039      4617       4198.22    2872.70

Total Statistics
Type     Time(s)  Ops          TPS(ops/s)   Net(M/s)   Get_miss   Min(us)  Max(us)    Avg(us)    Std_dev    Geo_dist  
Period   1        25378        25378        3.4        0          234      33808      4379       3904.48    2654.68
Global   59       1480604      25094        3.5        0          192      135659     4455       4235.22    2728.62

[1;1H[2J
Get Statistics
Type     Time(s)  Ops          TPS(ops/s)   Net(M/s)   Get_miss   Min(us)  Max(us)    Avg(us)    Std_dev    Geo_dist  
Period   1        24721        24721        3.4        0          268      60783      4451       4036.30    2759.17
Global   60       1490457      24840        3.4        0          192      135659     4453       4232.67    2727.73

Set Statistics
Type     Time(s)  Ops          TPS(ops/s)   Net(M/s)   Get_miss   Min(us)  Max(us)    Avg(us)    Std_dev    Geo_dist  
Period   1        246          246          0.0        0          432      18564      4821       3866.06    3080.92
Global   60       15114        251          0.0        0          261      96039      4621       4192.24    2875.97

Total Statistics
Type     Time(s)  Ops          TPS(ops/s)   Net(M/s)   Get_miss   Min(us)  Max(us)    Avg(us)    Std_dev    Geo_dist  
Period   1        24967        24967        3.4        0          268      60783      4455       4034.36    2762.17
Global   60       1505571      25092        3.4        0          192      135659     4455       4231.97    2729.18

Get Statistics (1490569 events)
   Min:       192
   Max:    135659
   Avg:      4454
   Geo:   2727.95
   Std:   4231.94
   Log2 Dist:
       8:       29    12497   333737   415397
      12:    93427   309663   311476    13207
      16:      904      217       15

Set Statistics (15114 events)
   Min:       261
   Max:     96039
   Avg:      4621
   Geo:   2875.97
   Std:   4192.24
   Log2 Dist:
       8:        0      130     2964     4323
      12:     1046     2817     3685      135
      16:       12        2

Total Statistics (1505683 events)
   Min:       192
   Max:    135659
   Avg:      4455
   Geo:   2729.40
   Std:   4232.29
   Log2 Dist:
       8:       29    12627   336701   419720
      12:    94473   312480   315161    13342
      16:      916      219       15

cmd_get: 1490679
cmd_set: 15116
get_misses: 0
written_bytes: 35210758
read_bytes: 246064797
object_bytes: 2176704

Run time: 60.3s Ops: 1505795 TPS: 24959 Net_rate: 4.4M/s
